[M::bwa_idx_load_from_disk] read 0 ALT contigs
[M::process] read 266668 sequences (40000200 bp)...
[M::process] read 266668 sequences (40000200 bp)...
[M::mem_pestat] # candidate unique pairs for (FF, FR, RF, RR): (36, 16630, 15, 34)
[M::mem_pestat] analyzing insert size distribution for orientation FF...
[M::mem_pestat] (25, 50, 75) percentile: (182, 601, 1047)
[M::mem_pestat] low and high boundaries for computing mean and std.dev: (1, 2777)
[M::mem_pestat] mean and std.dev: (651.52, 610.39)
[M::mem_pestat] low and high boundaries for proper pairs: (1, 3642)
[M::mem_pestat] analyzing insert size distribution for orientation FR...
[M::mem_pestat] (25, 50, 75) percentile: (503, 518, 545)
[M::mem_pestat] low and high boundaries for computing mean and std.dev: (419, 629)
[M::mem_pestat] mean and std.dev: (532.03, 30.06)
[M::mem_pestat] low and high boundaries for proper pairs: (377, 671)
[M::mem_pestat] analyzing insert size distribution for orientation RF...
[M::mem_pestat] (25, 50, 75) percentile: (534, 1591, 2197)
[M::mem_pestat] low and high boundaries for computing mean and std.dev: (1, 5523)
[M::mem_pestat] mean and std.dev: (1393.07, 879.80)
[M::mem_pestat] low and high boundaries for proper pairs: (1, 7186)
[M::mem_pestat] analyzing insert size distribution for orientation RR...
[M::mem_pestat] (25, 50, 75) percentile: (226, 852, 1397)
[M::mem_pestat] low and high boundaries for computing mean and std.dev: (1, 3739)
[M::mem_pestat] mean and std.dev: (980.41, 912.19)
[M::mem_pestat] low and high boundaries for proper pairs: (1, 4910)
[M::mem_pestat] skip orientation FF
[M::mem_pestat] skip orientation RF
[M::mem_pestat] skip orientation RR
[M::mem_process_seqs] Processed 266668 reads in 315.037 CPU sec, 83.948 real sec
[M::process] read 266668 sequences (40000200 bp)...
[M::mem_pestat] # candidate unique pairs for (FF, FR, RF, RR): (34, 16920, 21, 35)
[M::mem_pestat] analyzing insert size distribution for orientation FF...
[M::mem_pestat] (25, 50, 75) percentile: (199, 303, 704)
[M::mem_pestat] low and high boundaries for computing mean and std.dev: (1, 1714)
[M::mem_pestat] mean and std.dev: (451.47, 363.04)
[M::mem_pestat] low and high boundaries for proper pairs: (1, 2219)
[M::mem_pestat] analyzing insert size distribution for orientation FR...
[M::mem_pestat] (25, 50, 75) percentile: (505, 520, 547)
[M::mem_pestat] low and high boundaries for computing mean and std.dev: (421, 631)
[M::mem_pestat] mean and std.dev: (532.68, 29.48)
[M::mem_pestat] low and high boundaries for proper pairs: (379, 673)
[M::mem_pestat] analyzing insert size distribution for orientation RF...
[M::mem_pestat] (25, 50, 75) percentile: (857, 2097, 4488)
[M::mem_pestat] low and high boundaries for computing mean and std.dev: (1, 11750)
[M::mem_pestat] mean and std.dev: (2547.62, 2025.07)
[M::mem_pestat] low and high boundaries for proper pairs: (1, 15381)
[M::mem_pestat] analyzing insert size distribution for orientation RR...
[M::mem_pestat] (25, 50, 75) percentile: (335, 824, 1343)
[M::mem_pestat] low and high boundaries for computing mean and std.dev: (1, 3359)
[M::mem_pestat] mean and std.dev: (843.12, 552.15)
[M::mem_pestat] low and high boundaries for proper pairs: (1, 4367)
[M::mem_pestat] skip orientation FF
[M::mem_pestat] skip orientation RF
[M::mem_pestat] skip orientation RR
[M::mem_process_seqs] Processed 266668 reads in 295.390 CPU sec, 77.679 real sec
[M::process] read 266668 sequences (40000200 bp)...
[M::mem_pestat] # candidate unique pairs for (FF, FR, RF, RR): (48, 16337, 13, 35)
[M::mem_pestat] analyzing insert size distribution for orientation FF...
[M::mem_pestat] (25, 50, 75) percentile: (152, 280, 1252)
[M::mem_pestat] low and high boundaries for computing mean and std.dev: (1, 3452)
[M::mem_pestat] mean and std.dev: (599.93, 738.95)
[M::mem_pestat] low and high boundaries for proper pairs: (1, 4552)
[M::mem_pestat] analyzing insert size distribution for orientation FR...
[M::mem_pestat] (25, 50, 75) percentile: (504, 519, 545)
[M::mem_pestat] low and high boundaries for computing mean and std.dev: (422, 627)
[M::mem_pestat] mean and std.dev: (531.83, 28.90)
[M::mem_pestat] low and high boundaries for proper pairs: (381, 668)
[M::mem_pestat] analyzing insert size distribution for orientation RF...
[M::mem_pestat] (25, 50, 75) percentile: (426, 1401, 2884)
[M::mem_pestat] low and high boundaries for computing mean and std.dev: (1, 7800)
[M::mem_pestat] mean and std.dev: (1708.54, 1432.45)
[M::mem_pestat] low and high boundaries for proper pairs: (1, 10258)
[M::mem_pestat] analyzing insert size distribution for orientation RR...
[M::mem_pestat] (25, 50, 75) percentile: (286, 482, 1333)
[M::mem_pestat] low and high boundaries for computing mean and std.dev: (1, 3427)
[M::mem_pestat] mean and std.dev: (817.91, 834.66)
[M::mem_pestat] low and high boundaries for proper pairs: (1, 4474)
[M::mem_pestat] skip orientation FF
[M::mem_pestat] skip orientation RF
[M::mem_pestat] skip orientation RR
[M::mem_process_seqs] Processed 266668 reads in 307.297 CPU sec, 80.209 real sec
[M::process] read 266668 sequences (40000200 bp)...
[M::mem_pestat] # candidate unique pairs for (FF, FR, RF, RR): (26, 16427, 14, 35)
[M::mem_pestat] analyzing insert size distribution for orientation FF...
[M::mem_pestat] (25, 50, 75) percentile: (178, 414, 1504)
[M::mem_pestat] low and high boundaries for computing mean and std.dev: (1, 4156)
[M::mem_pestat] mean and std.dev: (898.28, 1035.28)
[M::mem_pestat] low and high boundaries for proper pairs: (1, 5482)
[M::mem_pestat] analyzing insert size distribution for orientation FR...
[M::mem_pestat] (25, 50, 75) percentile: (504, 520, 547)
[M::mem_pestat] low and high boundaries for computing mean and std.dev: (418, 633)
[M::mem_pestat] mean and std.dev: (533.32, 30.18)
[M::mem_pestat] low and high boundaries for proper pairs: (375, 676)
[M::mem_pestat] analyzing insert size distribution for orientation RF...
[M::mem_pestat] (25, 50, 75) percentile: (404, 2112, 3245)
[M::mem_pestat] low and high boundaries for computing mean and std.dev: (1, 8927)
[M::mem_pestat] mean and std.dev: (2444.57, 2083.29)
[M::mem_pestat] low and high boundaries for proper pairs: (1, 11768)
[M::mem_pestat] analyzing insert size distribution for orientation RR...
[M::mem_pestat] (25, 50, 75) percentile: (280, 453, 1178)
[M::mem_pestat] low and high boundaries for computing mean and std.dev: (1, 2974)
[M::mem_pestat] mean and std.dev: (782.03, 738.63)
[M::mem_pestat] low and high boundaries for proper pairs: (1, 3872)
[M::mem_pestat] skip orientation FF
[M::mem_pestat] skip orientation RF
[M::mem_pestat] skip orientation RR
[M::mem_process_seqs] Processed 266668 reads in 295.134 CPU sec, 77.275 real sec
[M::process] read 266668 sequences (40000200 bp)...
[M::mem_pestat] # candidate unique pairs for (FF, FR, RF, RR): (32, 16978, 17, 36)
[M::mem_pestat] analyzing insert size distribution for orientation FF...
[M::mem_pestat] (25, 50, 75) percentile: (195, 373, 1241)
[M::mem_pestat] low and high boundaries for computing mean and std.dev: (1, 3333)
[M::mem_pestat] mean and std.dev: (559.14, 493.35)
[M::mem_pestat] low and high boundaries for proper pairs: (1, 4379)
[M::mem_pestat] analyzing insert size distribution for orientation FR...
[M::mem_pestat] (25, 50, 75) percentile: (505, 520, 546)
[M::mem_pestat] low and high boundaries for computing mean and std.dev: (423, 628)
[M::mem_pestat] mean and std.dev: (532.37, 29.15)
[M::mem_pestat] low and high boundaries for proper pairs: (382, 669)
[M::mem_pestat] analyzing insert size distribution for orientation RF...
[M::mem_pestat] (25, 50, 75) percentile: (427, 1188, 2701)
[M::mem_pestat] low and high boundaries for computing mean and std.dev: (1, 7249)
[M::mem_pestat] mean and std.dev: (1632.29, 1351.72)
[M::mem_pestat] low and high boundaries for proper pairs: (1, 9523)
[M::mem_pestat] analyzing insert size distribution for orientation RR...
[M::mem_pestat] (25, 50, 75) percentile: (372, 687, 1282)
[M::mem_pestat] low and high boundaries for computing mean and std.dev: (1, 3102)
[M::mem_pestat] mean and std.dev: (740.58, 525.85)
[M::mem_pestat] low and high boundaries for proper pairs: (1, 4012)
[M::mem_pestat] skip orientation FF
[M::mem_pestat] skip orientation RF
[M::mem_pestat] skip orientation RR
[M::mem_process_seqs] Processed 266668 reads in 296.234 CPU sec, 75.921 real sec
[M::process] read 266668 sequences (40000200 bp)...
[M::mem_pestat] # candidate unique pairs for (FF, FR, RF, RR): (45, 16392, 20, 26)
[M::mem_pestat] analyzing insert size distribution for orientation FF...
[M::mem_pestat] (25, 50, 75) percentile: (131, 232, 1600)
[M::mem_pestat] low and high boundaries for computing mean and std.dev: (1, 4538)
[M::mem_pestat] mean and std.dev: (751.65, 1017.88)
[M::mem_pestat] low and high boundaries for proper pairs: (1, 6007)
[M::mem_pestat] analyzing insert size distribution for orientation FR...
[M::mem_pestat] (25, 50, 75) percentile: (504, 520, 545)
[M::mem_pestat] low and high boundaries for computing mean and std.dev: (422, 627)
[M::mem_pestat] mean and std.dev: (531.99, 28.41)
[M::mem_pestat] low and high boundaries for proper pairs: (381, 668)
[M::mem_pestat] analyzing insert size distribution for orientation RF...
[M::mem_pestat] (25, 50, 75) percentile: (1831, 2550, 4246)
[M::mem_pestat] low and high boundaries for computing mean and std.dev: (1, 9076)
[M::mem_pestat] mean and std.dev: (3092.65, 2276.37)
[M::mem_pestat] low and high boundaries for proper pairs: (1, 12198)
[M::mem_pestat] analyzing insert size distribution for orientation RR...
[M::mem_pestat] (25, 50, 75) percentile: (251, 420, 847)
[M::mem_pestat] low and high boundaries for computing mean and std.dev: (1, 2039)
[M::mem_pestat] mean and std.dev: (535.22, 413.57)
[M::mem_pestat] low and high boundaries for proper pairs: (1, 2635)
[M::mem_pestat] skip orientation FF
[M::mem_pestat] skip orientation RF
[M::mem_pestat] skip orientation RR
[M::mem_process_seqs] Processed 266668 reads in 306.022 CPU sec, 78.176 real sec
[M::process] read 266668 sequences (40000200 bp)...
[M::mem_pestat] # candidate unique pairs for (FF, FR, RF, RR): (23, 17176, 23, 35)
[M::mem_pestat] analyzing insert size distribution for orientation FF...
[M::mem_pestat] (25, 50, 75) percentile: (206, 340, 959)
[M::mem_pestat] low and high boundaries for computing mean and std.dev: (1, 2465)
[M::mem_pestat] mean and std.dev: (601.09, 541.14)
[M::mem_pestat] low and high boundaries for proper pairs: (1, 3218)
[M::mem_pestat] analyzing insert size distribution for orientation FR...
[M::mem_pestat] (25, 50, 75) percentile: (505, 521, 548)
[M::mem_pestat] low and high boundaries for computing mean and std.dev: (419, 634)
[M::mem_pestat] mean and std.dev: (533.49, 30.38)
[M::mem_pestat] low and high boundaries for proper pairs: (376, 677)
[M::mem_pestat] analyzing insert size distribution for orientation RF...
[M::mem_pestat] (25, 50, 75) percentile: (401, 2093, 4468)
[M::mem_pestat] low and high boundaries for computing mean and std.dev: (1, 12602)
[M::mem_pestat] mean and std.dev: (2708.30, 2700.99)
[M::mem_pestat] low and high boundaries for proper pairs: (1, 16669)
[M::mem_pestat] analyzing insert size distribution for orientation RR...
[M::mem_pestat] (25, 50, 75) percentile: (245, 546, 1197)
[M::mem_pestat] low and high boundaries for computing mean and std.dev: (1, 3101)
[M::mem_pestat] mean and std.dev: (700.48, 620.99)
[M::mem_pestat] low and high boundaries for proper pairs: (1, 4053)
[M::mem_pestat] skip orientation FF
[M::mem_pestat] skip orientation RF
[M::mem_pestat] skip orientation RR
[M::mem_process_seqs] Processed 266668 reads in 294.535 CPU sec, 75.871 real sec
[M::process] read 266668 sequences (40000200 bp)...
[M::mem_pestat] # candidate unique pairs for (FF, FR, RF, RR): (37, 17264, 17, 45)
[M::mem_pestat] analyzing insert size distribution for orientation FF...
[M::mem_pestat] (25, 50, 75) percentile: (200, 534, 1558)
[M::mem_pestat] low and high boundaries for computing mean and std.dev: (1, 4274)
[M::mem_pestat] mean and std.dev: (916.54, 1068.65)
[M::mem_pestat] low and high boundaries for proper pairs: (1, 5632)
[M::mem_pestat] analyzing insert size distribution for orientation FR...
[M::mem_pestat] (25, 50, 75) percentile: (506, 522, 549)
[M::mem_pestat] low and high boundaries for computing mean and std.dev: (420, 635)
[M::mem_pestat] mean and std.dev: (534.07, 30.16)
[M::mem_pestat] low and high boundaries for proper pairs: (377, 678)
[M::mem_pestat] analyzing insert size distribution for orientation RF...
[M::mem_pestat] (25, 50, 75) percentile: (393, 1160, 4311)
[M::mem_pestat] low and high boundaries for computing mean and std.dev: (1, 12147)
[M::mem_pestat] mean and std.dev: (2087.71, 2374.94)
[M::mem_pestat] low and high boundaries for proper pairs: (1, 16065)
[M::mem_pestat] analyzing insert size distribution for orientation RR...
[M::mem_pestat] (25, 50, 75) percentile: (290, 691, 1522)
[M::mem_pestat] low and high boundaries for computing mean and std.dev: (1, 3986)
[M::mem_pestat] mean and std.dev: (931.02, 915.36)
[M::mem_pestat] low and high boundaries for proper pairs: (1, 5218)
[M::mem_pestat] skip orientation FF
[M::mem_pestat] skip orientation RF
[M::mem_pestat] skip orientation RR
[M::mem_process_seqs] Processed 266668 reads in 297.715 CPU sec, 78.180 real sec
[M::process] read 266668 sequences (40000200 bp)...
[M::mem_pestat] # candidate unique pairs for (FF, FR, RF, RR): (46, 16879, 22, 38)
[M::mem_pestat] analyzing insert size distribution for orientation FF...
[M::mem_pestat] (25, 50, 75) percentile: (165, 294, 920)
[M::mem_pestat] low and high boundaries for computing mean and std.dev: (1, 2430)
[M::mem_pestat] mean and std.dev: (513.49, 541.31)
[M::mem_pestat] low and high boundaries for proper pairs: (1, 3185)
[M::mem_pestat] analyzing insert size distribution for orientation FR...
[M::mem_pestat] (25, 50, 75) percentile: (505, 520, 546)
[M::mem_pestat] low and high boundaries for computing mean and std.dev: (423, 628)
[M::mem_pestat] mean and std.dev: (532.40, 29.19)
[M::mem_pestat] low and high boundaries for proper pairs: (382, 669)
[M::mem_pestat] analyzing insert size distribution for orientation RF...
[M::mem_pestat] (25, 50, 75) percentile: (431, 1344, 2083)
[M::mem_pestat] low and high boundaries for computing mean and std.dev: (1, 5387)
[M::mem_pestat] mean and std.dev: (1309.50, 1141.08)
[M::mem_pestat] low and high boundaries for proper pairs: (1, 7039)
[M::mem_pestat] analyzing insert size distribution for orientation RR...
[M::mem_pestat] (25, 50, 75) percentile: (342, 1038, 1435)
[M::mem_pestat] low and high boundaries for computing mean and std.dev: (1, 3621)
[M::mem_pestat] mean and std.dev: (912.43, 636.62)
[M::mem_pestat] low and high boundaries for proper pairs: (1, 4714)
[M::mem_pestat] skip orientation FF
[M::mem_pestat] skip orientation RF
[M::mem_pestat] skip orientation RR
[M::mem_process_seqs] Processed 266668 reads in 298.740 CPU sec, 78.864 real sec
[M::process] read 266668 sequences (40000200 bp)...
[M::mem_pestat] # candidate unique pairs for (FF, FR, RF, RR): (45, 16986, 12, 49)
[M::mem_pestat] analyzing insert size distribution for orientation FF...
[M::mem_pestat] (25, 50, 75) percentile: (200, 517, 1500)
[M::mem_pestat] low and high boundaries for computing mean and std.dev: (1, 4100)
[M::mem_pestat] mean and std.dev: (841.60, 918.24)
[M::mem_pestat] low and high boundaries for proper pairs: (1, 5400)
[M::mem_pestat] analyzing insert size distribution for orientation FR...
[M::mem_pestat] (25, 50, 75) percentile: (505, 521, 548)
[M::mem_pestat] low and high boundaries for computing mean and std.dev: (419, 634)
[M::mem_pestat] mean and std.dev: (533.78, 30.31)
[M::mem_pestat] low and high boundaries for proper pairs: (376, 677)
[M::mem_pestat] analyzing insert size distribution for orientation RF...
[M::mem_pestat] (25, 50, 75) percentile: (424, 2116, 4514)
[M::mem_pestat] low and high boundaries for computing mean and std.dev: (1, 12694)
[M::mem_pestat] mean and std.dev: (2437.92, 2556.49)
[M::mem_pestat] low and high boundaries for proper pairs: (1, 16784)
[M::mem_pestat] analyzing insert size distribution for orientation RR...
[M::mem_pestat] (25, 50, 75) percentile: (252, 712, 2086)
[M::mem_pestat] low and high boundaries for computing mean and std.dev: (1, 5754)
[M::mem_pestat] mean and std.dev: (1037.78, 1009.14)
[M::mem_pestat] low and high boundaries for proper pairs: (1, 7588)
[M::mem_pestat] skip orientation FF
[M::mem_pestat] skip orientation RF
[M::mem_pestat] skip orientation RR
[M::mem_process_seqs] Processed 266668 reads in 289.084 CPU sec, 74.999 real sec
[M::process] read 266668 sequences (40000200 bp)...
[M::mem_pestat] # candidate unique pairs for (FF, FR, RF, RR): (40, 16975, 15, 41)
[M::mem_pestat] analyzing insert size distribution for orientation FF...
[M::mem_pestat] (25, 50, 75) percentile: (188, 567, 1644)
[M::mem_pestat] low and high boundaries for computing mean and std.dev: (1, 4556)
[M::mem_pestat] mean and std.dev: (911.82, 1041.38)
[M::mem_pestat] low and high boundaries for proper pairs: (1, 6012)
[M::mem_pestat] analyzing insert size distribution for orientation FR...
[M::mem_pestat] (25, 50, 75) percentile: (505, 521, 548)
[M::mem_pestat] low and high boundaries for computing mean and std.dev: (419, 634)
[M::mem_pestat] mean and std.dev: (533.37, 30.10)
[M::mem_pestat] low and high boundaries for proper pairs: (376, 677)
[M::mem_pestat] analyzing insert size distribution for orientation RF...
[M::mem_pestat] (25, 50, 75) percentile: (354, 1488, 2121)
[M::mem_pestat] low and high boundaries for computing mean and std.dev: (1, 5655)
[M::mem_pestat] mean and std.dev: (1586.93, 1253.93)
[M::mem_pestat] low and high boundaries for proper pairs: (1, 7422)
[M::mem_pestat] analyzing insert size distribution for orientation RR...
[M::mem_pestat] (25, 50, 75) percentile: (312, 871, 1419)
[M::mem_pestat] low and high boundaries for computing mean and std.dev: (1, 3633)
[M::mem_pestat] mean and std.dev: (878.21, 689.39)
[M::mem_pestat] low and high boundaries for proper pairs: (1, 4740)
[M::mem_pestat] skip orientation FF
[M::mem_pestat] skip orientation RF
[M::mem_pestat] skip orientation RR
[M::mem_process_seqs] Processed 266668 reads in 299.510 CPU sec, 78.594 real sec
[M::process] read 266668 sequences (40000200 bp)...
[M::mem_pestat] # candidate unique pairs for (FF, FR, RF, RR): (40, 16776, 14, 31)
[M::mem_pestat] analyzing insert size distribution for orientation FF...
[M::mem_pestat] (25, 50, 75) percentile: (149, 248, 782)
[M::mem_pestat] low and high boundaries for computing mean and std.dev: (1, 2048)
[M::mem_pestat] mean and std.dev: (426.94, 486.41)
[M::mem_pestat] low and high boundaries for proper pairs: (1, 2681)
[M::mem_pestat] analyzing insert size distribution for orientation FR...
[M::mem_pestat] (25, 50, 75) percentile: (505, 520, 546)
[M::mem_pestat] low and high boundaries for computing mean and std.dev: (423, 628)
[M::mem_pestat] mean and std.dev: (531.95, 28.35)
[M::mem_pestat] low and high boundaries for proper pairs: (382, 669)
[M::mem_pestat] analyzing insert size distribution for orientation RF...
[M::mem_pestat] (25, 50, 75) percentile: (85, 1255, 1538)
[M::mem_pestat] low and high boundaries for computing mean and std.dev: (1, 4444)
[M::mem_pestat] mean and std.dev: (1201.36, 1194.64)
[M::mem_pestat] low and high boundaries for proper pairs: (1, 5980)
[M::mem_pestat] analyzing insert size distribution for orientation RR...
[M::mem_pestat] (25, 50, 75) percentile: (249, 386, 1103)
[M::mem_pestat] low and high boundaries for computing mean and std.dev: (1, 2811)
[M::mem_pestat] mean and std.dev: (640.97, 562.01)
[M::mem_pestat] low and high boundaries for proper pairs: (1, 3665)
[M::mem_pestat] skip orientation FF
[M::mem_pestat] skip orientation RF
[M::mem_pestat] skip orientation RR
[M::mem_process_seqs] Processed 266668 reads in 299.384 CPU sec, 78.922 real sec
[M::process] read 266668 sequences (40000200 bp)...
[M::mem_pestat] # candidate unique pairs for (FF, FR, RF, RR): (29, 17175, 13, 32)
[M::mem_pestat] analyzing insert size distribution for orientation FF...
[M::mem_pestat] (25, 50, 75) percentile: (209, 507, 1596)
[M::mem_pestat] low and high boundaries for computing mean and std.dev: (1, 4370)
[M::mem_pestat] mean and std.dev: (757.15, 772.76)
[M::mem_pestat] low and high boundaries for proper pairs: (1, 5757)
[M::mem_pestat] analyzing insert size distribution for orientation FR...
[M::mem_pestat] (25, 50, 75) percentile: (505, 521, 547)
[M::mem_pestat] low and high boundaries for computing mean and std.dev: (421, 631)
[M::mem_pestat] mean and std.dev: (533.23, 29.94)
[M::mem_pestat] low and high boundaries for proper pairs: (379, 673)
[M::mem_pestat] analyzing insert size distribution for orientation RF...
[M::mem_pestat] (25, 50, 75) percentile: (259, 2619, 4617)
[M::mem_pestat] low and high boundaries for computing mean and std.dev: (1, 13333)
[M::mem_pestat] mean and std.dev: (2712.15, 2337.28)
[M::mem_pestat] low and high boundaries for proper pairs: (1, 17691)
[M::mem_pestat] analyzing insert size distribution for orientation RR...
[M::mem_pestat] (25, 50, 75) percentile: (268, 974, 1999)
[M::mem_pestat] low and high boundaries for computing mean and std.dev: (1, 5461)
[M::mem_pestat] mean and std.dev: (1086.90, 894.46)
[M::mem_pestat] low and high boundaries for proper pairs: (1, 7192)
[M::mem_pestat] skip orientation FF
[M::mem_pestat] skip orientation RF
[M::mem_pestat] skip orientation RR
[M::mem_process_seqs] Processed 266668 reads in 293.949 CPU sec, 75.200 real sec
[M::process] read 266668 sequences (40000200 bp)...
[M::mem_pestat] # candidate unique pairs for (FF, FR, RF, RR): (36, 16945, 15, 42)
[M::mem_pestat] analyzing insert size distribution for orientation FF...
[M::mem_pestat] (25, 50, 75) percentile: (169, 320, 1287)
[M::mem_pestat] low and high boundaries for computing mean and std.dev: (1, 3523)
[M::mem_pestat] mean and std.dev: (583.35, 605.70)
[M::mem_pestat] low and high boundaries for proper pairs: (1, 4641)
[M::mem_pestat] analyzing insert size distribution for orientation FR...
[M::mem_pestat] (25, 50, 75) percentile: (505, 521, 548)
[M::mem_pestat] low and high boundaries for computing mean and std.dev: (419, 634)
[M::mem_pestat] mean and std.dev: (533.68, 30.62)
[M::mem_pestat] low and high boundaries for proper pairs: (376, 677)
[M::mem_pestat] analyzing insert size distribution for orientation RF...
[M::mem_pestat] (25, 50, 75) percentile: (651, 978, 1560)
[M::mem_pestat] low and high boundaries for computing mean and std.dev: (1, 3378)
[M::mem_pestat] mean and std.dev: (945.15, 818.68)
[M::mem_pestat] low and high boundaries for proper pairs: (1, 4287)
[M::mem_pestat] analyzing insert size distribution for orientation RR...
[M::mem_pestat] (25, 50, 75) percentile: (279, 910, 1325)
[M::mem_pestat] low and high boundaries for computing mean and std.dev: (1, 3417)
[M::mem_pestat] mean and std.dev: (763.97, 576.70)
[M::mem_pestat] low and high boundaries for proper pairs: (1, 4463)
[M::mem_pestat] skip orientation FF
[M::mem_pestat] skip orientation RF
[M::mem_pestat] skip orientation RR
[M::mem_process_seqs] Processed 266668 reads in 299.515 CPU sec, 75.658 real sec
[M::process] read 266668 sequences (40000200 bp)...
[M::mem_pestat] # candidate unique pairs for (FF, FR, RF, RR): (34, 16830, 24, 48)
[M::mem_pestat] analyzing insert size distribution for orientation FF...
[M::mem_pestat] (25, 50, 75) percentile: (180, 553, 1157)
[M::mem_pestat] low and high boundaries for computing mean and std.dev: (1, 3111)
[M::mem_pestat] mean and std.dev: (669.16, 720.74)
[M::mem_pestat] low and high boundaries for proper pairs: (1, 4088)
[M::mem_pestat] analyzing insert size distribution for orientation FR...
[M::mem_pestat] (25, 50, 75) percentile: (505, 520, 546)
[M::mem_pestat] low and high boundaries for computing mean and std.dev: (423, 628)
[M::mem_pestat] mean and std.dev: (532.43, 29.07)
[M::mem_pestat] low and high boundaries for proper pairs: (382, 669)
[M::mem_pestat] analyzing insert size distribution for orientation RF...
[M::mem_pestat] (25, 50, 75) percentile: (1070, 2149, 2641)
[M::mem_pestat] low and high boundaries for computing mean and std.dev: (1, 5783)
[M::mem_pestat] mean and std.dev: (1844.00, 1161.79)
[M::mem_pestat] low and high boundaries for proper pairs: (1, 7354)
[M::mem_pestat] analyzing insert size distribution for orientation RR...
[M::mem_pestat] (25, 50, 75) percentile: (242, 743, 1301)
[M::mem_pestat] low and high boundaries for computing mean and std.dev: (1, 3419)
[M::mem_pestat] mean and std.dev: (765.39, 663.54)
[M::mem_pestat] low and high boundaries for proper pairs: (1, 4478)
[M::mem_pestat] skip orientation FF
[M::mem_pestat] skip orientation RF
[M::mem_pestat] skip orientation RR
[M::mem_process_seqs] Processed 266668 reads in 296.767 CPU sec, 76.428 real sec
[M::process] read 266668 sequences (40000200 bp)...
[M::mem_pestat] # candidate unique pairs for (FF, FR, RF, RR): (37, 17102, 18, 34)
[M::mem_pestat] analyzing insert size distribution for orientation FF...
[M::mem_pestat] (25, 50, 75) percentile: (179, 438, 1116)
[M::mem_pestat] low and high boundaries for computing mean and std.dev: (1, 2990)
[M::mem_pestat] mean and std.dev: (634.91, 653.47)
[M::mem_pestat] low and high boundaries for proper pairs: (1, 3927)
[M::mem_pestat] analyzing insert size distribution for orientation FR...
[M::mem_pestat] (25, 50, 75) percentile: (505, 521, 547)
[M::mem_pestat] low and high boundaries for computing mean and std.dev: (421, 631)
[M::mem_pestat] mean and std.dev: (533.17, 29.76)
[M::mem_pestat] low and high boundaries for proper pairs: (379, 673)
[M::mem_pestat] analyzing insert size distribution for orientation RF...
[M::mem_pestat] (25, 50, 75) percentile: (165, 1045, 2925)
[M::mem_pestat] low and high boundaries for computing mean and std.dev: (1, 8445)
[M::mem_pestat] mean and std.dev: (1764.06, 1934.26)
[M::mem_pestat] low and high boundaries for proper pairs: (1, 11205)
[M::mem_pestat] analyzing insert size distribution for orientation RR...
[M::mem_pestat] (25, 50, 75) percentile: (429, 985, 1286)
[M::mem_pestat] low and high boundaries for computing mean and std.dev: (1, 3000)
[M::mem_pestat] mean and std.dev: (960.34, 676.53)
[M::mem_pestat] low and high boundaries for proper pairs: (1, 3857)
[M::mem_pestat] skip orientation FF
[M::mem_pestat] skip orientation RF
[M::mem_pestat] skip orientation RR
[M::mem_process_seqs] Processed 266668 reads in 290.684 CPU sec, 76.052 real sec
[M::process] read 266668 sequences (40000200 bp)...
[M::mem_pestat] # candidate unique pairs for (FF, FR, RF, RR): (47, 16888, 17, 30)
[M::mem_pestat] analyzing insert size distribution for orientation FF...
[M::mem_pestat] (25, 50, 75) percentile: (173, 344, 915)
[M::mem_pestat] low and high boundaries for computing mean and std.dev: (1, 2399)
[M::mem_pestat] mean and std.dev: (438.98, 397.85)
[M::mem_pestat] low and high boundaries for proper pairs: (1, 3141)
[M::mem_pestat] analyzing insert size distribution for orientation FR...
[M::mem_pestat] (25, 50, 75) percentile: (505, 521, 547)
[M::mem_pestat] low and high boundaries for computing mean and std.dev: (421, 631)
[M::mem_pestat] mean and std.dev: (532.71, 29.43)
[M::mem_pestat] low and high boundaries for proper pairs: (379, 673)
[M::mem_pestat] analyzing insert size distribution for orientation RF...
[M::mem_pestat] (25, 50, 75) percentile: (191, 1203, 2206)
[M::mem_pestat] low and high boundaries for computing mean and std.dev: (1, 6236)
[M::mem_pestat] mean and std.dev: (1377.88, 1288.38)
[M::mem_pestat] low and high boundaries for proper pairs: (1, 8251)
[M::mem_pestat] analyzing insert size distribution for orientation RR...
[M::mem_pestat] (25, 50, 75) percentile: (307, 956, 2209)
[M::mem_pestat] low and high boundaries for computing mean and std.dev: (1, 6013)
[M::mem_pestat] mean and std.dev: (1383.30, 1330.59)
[M::mem_pestat] low and high boundaries for proper pairs: (1, 7915)
[M::mem_pestat] skip orientation FF
[M::mem_pestat] skip orientation RF
[M::mem_pestat] skip orientation RR
[M::mem_process_seqs] Processed 266668 reads in 295.273 CPU sec, 77.643 real sec
[M::process] read 266668 sequences (40000200 bp)...
[M::mem_pestat] # candidate unique pairs for (FF, FR, RF, RR): (31, 17023, 15, 38)
[M::mem_pestat] analyzing insert size distribution for orientation FF...
[M::mem_pestat] (25, 50, 75) percentile: (194, 337, 1229)
[M::mem_pestat] low and high boundaries for computing mean and std.dev: (1, 3299)
[M::mem_pestat] mean and std.dev: (598.21, 530.35)
[M::mem_pestat] low and high boundaries for proper pairs: (1, 4334)
[M::mem_pestat] analyzing insert size distribution for orientation FR...
[M::mem_pestat] (25, 50, 75) percentile: (505, 521, 547)
[M::mem_pestat] low and high boundaries for computing mean and std.dev: (421, 631)
[M::mem_pestat] mean and std.dev: (532.80, 29.63)
[M::mem_pestat] low and high boundaries for proper pairs: (379, 673)
[M::mem_pestat] analyzing insert size distribution for orientation RF...
[M::mem_pestat] (25, 50, 75) percentile: (76, 1244, 2055)
[M::mem_pestat] low and high boundaries for computing mean and std.dev: (1, 6013)
[M::mem_pestat] mean and std.dev: (1037.50, 931.36)
[M::mem_pestat] low and high boundaries for proper pairs: (1, 7992)
[M::mem_pestat] analyzing insert size distribution for orientation RR...
[M::mem_pestat] (25, 50, 75) percentile: (283, 627, 1553)
[M::mem_pestat] low and high boundaries for computing mean and std.dev: (1, 4093)
[M::mem_pestat] mean and std.dev: (789.11, 682.61)
[M::mem_pestat] low and high boundaries for proper pairs: (1, 5363)
[M::mem_pestat] skip orientation FF
[M::mem_pestat] skip orientation RF
[M::mem_pestat] skip orientation RR
[M::mem_process_seqs] Processed 266668 reads in 290.862 CPU sec, 75.898 real sec
[M::process] read 266668 sequences (40000200 bp)...
[M::mem_pestat] # candidate unique pairs for (FF, FR, RF, RR): (40, 17040, 11, 45)
[M::mem_pestat] analyzing insert size distribution for orientation FF...
[M::mem_pestat] (25, 50, 75) percentile: (181, 557, 2001)
[M::mem_pestat] low and high boundaries for computing mean and std.dev: (1, 5641)
[M::mem_pestat] mean and std.dev: (970.59, 1084.97)
[M::mem_pestat] low and high boundaries for proper pairs: (1, 7461)
[M::mem_pestat] analyzing insert size distribution for orientation FR...
[M::mem_pestat] (25, 50, 75) percentile: (505, 521, 548)
[M::mem_pestat] low and high boundaries for computing mean and std.dev: (419, 634)
[M::mem_pestat] mean and std.dev: (533.66, 30.12)
[M::mem_pestat] low and high boundaries for proper pairs: (376, 677)
[M::mem_pestat] analyzing insert size distribution for orientation RF...
[M::mem_pestat] (25, 50, 75) percentile: (2068, 2102, 3215)
[M::mem_pestat] low and high boundaries for computing mean and std.dev: (1, 5509)
[M::mem_pestat] mean and std.dev: (2291.70, 946.75)
[M::mem_pestat] low and high boundaries for proper pairs: (1, 6656)
[M::mem_pestat] analyzing insert size distribution for orientation RR...
[M::mem_pestat] (25, 50, 75) percentile: (233, 762, 1567)
[M::mem_pestat] low and high boundaries for computing mean and std.dev: (1, 4235)
[M::mem_pestat] mean and std.dev: (959.51, 949.24)
[M::mem_pestat] low and high boundaries for proper pairs: (1, 5569)
[M::mem_pestat] skip orientation FF
[M::mem_pestat] skip orientation RF
[M::mem_pestat] skip orientation RR
[M::mem_process_seqs] Processed 266668 reads in 293.365 CPU sec, 75.876 real sec
[M::process] read 266668 sequences (40000200 bp)...
[M::mem_pestat] # candidate unique pairs for (FF, FR, RF, RR): (29, 16792, 16, 40)
[M::mem_pestat] analyzing insert size distribution for orientation FF...
[M::mem_pestat] (25, 50, 75) percentile: (211, 722, 2634)
[M::mem_pestat] low and high boundaries for computing mean and std.dev: (1, 7480)
[M::mem_pestat] mean and std.dev: (1123.93, 1256.73)
[M::mem_pestat] low and high boundaries for proper pairs: (1, 9903)
[M::mem_pestat] analyzing insert size distribution for orientation FR...
[M::mem_pestat] (25, 50, 75) percentile: (505, 520, 547)
[M::mem_pestat] low and high boundaries for computing mean and std.dev: (421, 631)
[M::mem_pestat] mean and std.dev: (532.88, 29.95)
[M::mem_pestat] low and high boundaries for proper pairs: (379, 673)
[M::mem_pestat] analyzing insert size distribution for orientation RF...
[M::mem_pestat] (25, 50, 75) percentile: (296, 915, 2334)
[M::mem_pestat] low and high boundaries for computing mean and std.dev: (1, 6410)
[M::mem_pestat] mean and std.dev: (1587.25, 1602.19)
[M::mem_pestat] low and high boundaries for proper pairs: (1, 8448)
[M::mem_pestat] analyzing insert size distribution for orientation RR...
[M::mem_pestat] (25, 50, 75) percentile: (273, 646, 1344)
[M::mem_pestat] low and high boundaries for computing mean and std.dev: (1, 3486)
[M::mem_pestat] mean and std.dev: (730.22, 560.62)
[M::mem_pestat] low and high boundaries for proper pairs: (1, 4557)
[M::mem_pestat] skip orientation FF
[M::mem_pestat] skip orientation RF
[M::mem_pestat] skip orientation RR
[M::mem_process_seqs] Processed 266668 reads in 299.261 CPU sec, 77.586 real sec
[M::process] read 266668 sequences (40000200 bp)...
[M::mem_pestat] # candidate unique pairs for (FF, FR, RF, RR): (36, 16946, 14, 46)
[M::mem_pestat] analyzing insert size distribution for orientation FF...
[M::mem_pestat] (25, 50, 75) percentile: (175, 386, 1043)
[M::mem_pestat] low and high boundaries for computing mean and std.dev: (1, 2779)
[M::mem_pestat] mean and std.dev: (616.29, 634.44)
[M::mem_pestat] low and high boundaries for proper pairs: (1, 3647)
[M::mem_pestat] analyzing insert size distribution for orientation FR...
[M::mem_pestat] (25, 50, 75) percentile: (505, 521, 547)
[M::mem_pestat] low and high boundaries for computing mean and std.dev: (421, 631)
[M::mem_pestat] mean and std.dev: (533.04, 29.79)
[M::mem_pestat] low and high boundaries for proper pairs: (379, 673)
[M::mem_pestat] analyzing insert size distribution for orientation RF...
[M::mem_pestat] (25, 50, 75) percentile: (194, 1287, 2108)
[M::mem_pestat] low and high boundaries for computing mean and std.dev: (1, 5936)
[M::mem_pestat] mean and std.dev: (1225.23, 1146.60)
[M::mem_pestat] low and high boundaries for proper pairs: (1, 7850)
[M::mem_pestat] analyzing insert size distribution for orientation RR...
[M::mem_pestat] (25, 50, 75) percentile: (222, 646, 1375)
[M::mem_pestat] low and high boundaries for computing mean and std.dev: (1, 3681)
[M::mem_pestat] mean and std.dev: (816.48, 728.35)
[M::mem_pestat] low and high boundaries for proper pairs: (1, 4834)
[M::mem_pestat] skip orientation FF
[M::mem_pestat] skip orientation RF
[M::mem_pestat] skip orientation RR
[M::mem_process_seqs] Processed 266668 reads in 296.471 CPU sec, 75.571 real sec
[M::process] read 266668 sequences (40000200 bp)...
[M::mem_pestat] # candidate unique pairs for (FF, FR, RF, RR): (47, 16906, 15, 35)
[M::mem_pestat] analyzing insert size distribution for orientation FF...
[M::mem_pestat] (25, 50, 75) percentile: (184, 344, 1081)
[M::mem_pestat] low and high boundaries for computing mean and std.dev: (1, 2875)
[M::mem_pestat] mean and std.dev: (465.30, 412.65)
[M::mem_pestat] low and high boundaries for proper pairs: (1, 3772)
[M::mem_pestat] analyzing insert size distribution for orientation FR...
[M::mem_pestat] (25, 50, 75) percentile: (505, 521, 548)
[M::mem_pestat] low and high boundaries for computing mean and std.dev: (419, 634)
[M::mem_pestat] mean and std.dev: (533.62, 30.37)
[M::mem_pestat] low and high boundaries for proper pairs: (376, 677)
[M::mem_pestat] analyzing insert size distribution for orientation RF...
[M::mem_pestat] (25, 50, 75) percentile: (544, 2078, 2738)
[M::mem_pestat] low and high boundaries for computing mean and std.dev: (1, 7126)
[M::mem_pestat] mean and std.dev: (1320.23, 1014.29)
[M::mem_pestat] low and high boundaries for proper pairs: (1, 9320)
[M::mem_pestat] analyzing insert size distribution for orientation RR...
[M::mem_pestat] (25, 50, 75) percentile: (331, 996, 2064)
[M::mem_pestat] low and high boundaries for computing mean and std.dev: (1, 5530)
[M::mem_pestat] mean and std.dev: (1167.88, 966.52)
[M::mem_pestat] low and high boundaries for proper pairs: (1, 7263)
[M::mem_pestat] skip orientation FF
[M::mem_pestat] skip orientation RF
[M::mem_pestat] skip orientation RR
[M::mem_process_seqs] Processed 266668 reads in 293.689 CPU sec, 74.938 real sec
[M::process] read 266668 sequences (40000200 bp)...
[M::mem_pestat] # candidate unique pairs for (FF, FR, RF, RR): (46, 17054, 16, 42)
[M::mem_pestat] analyzing insert size distribution for orientation FF...
[M::mem_pestat] (25, 50, 75) percentile: (197, 543, 1302)
[M::mem_pestat] low and high boundaries for computing mean and std.dev: (1, 3512)
[M::mem_pestat] mean and std.dev: (709.14, 625.40)
[M::mem_pestat] low and high boundaries for proper pairs: (1, 4617)
[M::mem_pestat] analyzing insert size distribution for orientation FR...
[M::mem_pestat] (25, 50, 75) percentile: (505, 521, 547)
[M::mem_pestat] low and high boundaries for computing mean and std.dev: (421, 631)
[M::mem_pestat] mean and std.dev: (532.71, 29.50)
[M::mem_pestat] low and high boundaries for proper pairs: (379, 673)
[M::mem_pestat] analyzing insert size distribution for orientation RF...
[M::mem_pestat] (25, 50, 75) percentile: (289, 1990, 2677)
[M::mem_pestat] low and high boundaries for computing mean and std.dev: (1, 7453)
[M::mem_pestat] mean and std.dev: (1808.93, 1990.30)
[M::mem_pestat] low and high boundaries for proper pairs: (1, 9841)
[M::mem_pestat] analyzing insert size distribution for orientation RR...
[M::mem_pestat] (25, 50, 75) percentile: (233, 605, 1461)
[M::mem_pestat] low and high boundaries for computing mean and std.dev: (1, 3917)
[M::mem_pestat] mean and std.dev: (932.34, 923.69)
[M::mem_pestat] low and high boundaries for proper pairs: (1, 5145)
[M::mem_pestat] skip orientation FF
[M::mem_pestat] skip orientation RF
[M::mem_pestat] skip orientation RR
[M::mem_process_seqs] Processed 266668 reads in 293.526 CPU sec, 76.862 real sec
[M::process] read 266668 sequences (40000200 bp)...
[M::mem_pestat] # candidate unique pairs for (FF, FR, RF, RR): (47, 17017, 15, 37)
[M::mem_pestat] analyzing insert size distribution for orientation FF...
[M::mem_pestat] (25, 50, 75) percentile: (215, 320, 723)
[M::mem_pestat] low and high boundaries for computing mean and std.dev: (1, 1739)
[M::mem_pestat] mean and std.dev: (430.86, 360.74)
[M::mem_pestat] low and high boundaries for proper pairs: (1, 2247)
[M::mem_pestat] analyzing insert size distribution for orientation FR...
[M::mem_pestat] (25, 50, 75) percentile: (505, 521, 547)
[M::mem_pestat] low and high boundaries for computing mean and std.dev: (421, 631)
[M::mem_pestat] mean and std.dev: (532.95, 29.78)
[M::mem_pestat] low and high boundaries for proper pairs: (379, 673)
[M::mem_pestat] analyzing insert size distribution for orientation RF...
[M::mem_pestat] (25, 50, 75) percentile: (460, 663, 2107)
[M::mem_pestat] low and high boundaries for computing mean and std.dev: (1, 5401)
[M::mem_pestat] mean and std.dev: (1147.93, 1048.04)
[M::mem_pestat] low and high boundaries for proper pairs: (1, 7048)
[M::mem_pestat] analyzing insert size distribution for orientation RR...
[M::mem_pestat] (25, 50, 75) percentile: (201, 914, 1549)
[M::mem_pestat] low and high boundaries for computing mean and std.dev: (1, 4245)
[M::mem_pestat] mean and std.dev: (934.25, 864.06)
[M::mem_pestat] low and high boundaries for proper pairs: (1, 5593)
[M::mem_pestat] skip orientation FF
[M::mem_pestat] skip orientation RF
[M::mem_pestat] skip orientation RR
[M::mem_process_seqs] Processed 266668 reads in 295.013 CPU sec, 76.233 real sec
[M::process] read 266668 sequences (40000200 bp)...
[M::mem_pestat] # candidate unique pairs for (FF, FR, RF, RR): (30, 17271, 20, 39)
[M::mem_pestat] analyzing insert size distribution for orientation FF...
[M::mem_pestat] (25, 50, 75) percentile: (167, 453, 874)
[M::mem_pestat] low and high boundaries for computing mean and std.dev: (1, 2288)
[M::mem_pestat] mean and std.dev: (516.85, 452.69)
[M::mem_pestat] low and high boundaries for proper pairs: (1, 2995)
[M::mem_pestat] analyzing insert size distribution for orientation FR...
[M::mem_pestat] (25, 50, 75) percentile: (505, 521, 547)
[M::mem_pestat] low and high boundaries for computing mean and std.dev: (421, 631)
[M::mem_pestat] mean and std.dev: (533.17, 29.87)
[M::mem_pestat] low and high boundaries for proper pairs: (379, 673)
[M::mem_pestat] analyzing insert size distribution for orientation RF...
[M::mem_pestat] (25, 50, 75) percentile: (235, 993, 2947)
[M::mem_pestat] low and high boundaries for computing mean and std.dev: (1, 8371)
[M::mem_pestat] mean and std.dev: (1416.68, 1392.90)
[M::mem_pestat] low and high boundaries for proper pairs: (1, 11083)
[M::mem_pestat] analyzing insert size distribution for orientation RR...
[M::mem_pestat] (25, 50, 75) percentile: (354, 862, 1703)
[M::mem_pestat] low and high boundaries for computing mean and std.dev: (1, 4401)
[M::mem_pestat] mean and std.dev: (893.40, 728.89)
[M::mem_pestat] low and high boundaries for proper pairs: (1, 5750)
[M::mem_pestat] skip orientation FF
[M::mem_pestat] skip orientation RF
[M::mem_pestat] skip orientation RR
[M::mem_process_seqs] Processed 266668 reads in 293.081 CPU sec, 76.858 real sec
[M::process] read 266668 sequences (40000200 bp)...
[M::mem_pestat] # candidate unique pairs for (FF, FR, RF, RR): (41, 16921, 17, 39)
[M::mem_pestat] analyzing insert size distribution for orientation FF...
[M::mem_pestat] (25, 50, 75) percentile: (142, 244, 1654)
[M::mem_pestat] low and high boundaries for computing mean and std.dev: (1, 4678)
[M::mem_pestat] mean and std.dev: (668.30, 869.72)
[M::mem_pestat] low and high boundaries for proper pairs: (1, 6190)
[M::mem_pestat] analyzing insert size distribution for orientation FR...
[M::mem_pestat] (25, 50, 75) percentile: (505, 521, 548)
[M::mem_pestat] low and high boundaries for computing mean and std.dev: (419, 634)
[M::mem_pestat] mean and std.dev: (533.41, 30.06)
[M::mem_pestat] low and high boundaries for proper pairs: (376, 677)
[M::mem_pestat] analyzing insert size distribution for orientation RF...
[M::mem_pestat] (25, 50, 75) percentile: (1127, 2071, 4869)
[M::mem_pestat] low and high boundaries for computing mean and std.dev: (1, 12353)
[M::mem_pestat] mean and std.dev: (2781.71, 2078.77)
[M::mem_pestat] low and high boundaries for proper pairs: (1, 16095)
[M::mem_pestat] analyzing insert size distribution for orientation RR...
[M::mem_pestat] (25, 50, 75) percentile: (293, 670, 1623)
[M::mem_pestat] low and high boundaries for computing mean and std.dev: (1, 4283)
[M::mem_pestat] mean and std.dev: (1054.18, 966.08)
[M::mem_pestat] low and high boundaries for proper pairs: (1, 5613)
[M::mem_pestat] skip orientation FF
[M::mem_pestat] skip orientation RF
[M::mem_pestat] skip orientation RR
[M::mem_process_seqs] Processed 266668 reads in 301.512 CPU sec, 78.601 real sec
[M::process] read 266668 sequences (40000200 bp)...
slurmstepd: error: *** JOB 52268 ON watson CANCELLED AT 2024-07-17T10:28:52 ***
