/home/bacphagenetwork/.bashrc: line 15: Custom: command not found
[M::bwa_idx_load_from_disk] read 0 ALT contigs
[M::process] read 266668 sequences (40000200 bp)...
[M::process] read 266668 sequences (40000200 bp)...
[M::mem_pestat] # candidate unique pairs for (FF, FR, RF, RR): (14, 3056, 3, 3)
[M::mem_pestat] analyzing insert size distribution for orientation FF...
[M::mem_pestat] (25, 50, 75) percentile: (146, 602, 1108)
[M::mem_pestat] low and high boundaries for computing mean and std.dev: (1, 3032)
[M::mem_pestat] mean and std.dev: (666.23, 693.09)
[M::mem_pestat] low and high boundaries for proper pairs: (1, 3994)
[M::mem_pestat] analyzing insert size distribution for orientation FR...
[M::mem_pestat] (25, 50, 75) percentile: (225, 504, 531)
[M::mem_pestat] low and high boundaries for computing mean and std.dev: (1, 1143)
[M::mem_pestat] mean and std.dev: (391.34, 179.83)
[M::mem_pestat] low and high boundaries for proper pairs: (1, 1449)
[M::mem_pestat] skip orientation RF as there are not enough pairs
[M::mem_pestat] skip orientation RR as there are not enough pairs
[M::mem_pestat] skip orientation FF
[M::mem_process_seqs] Processed 266668 reads in 303.767 CPU sec, 76.173 real sec
[M::process] read 266668 sequences (40000200 bp)...
[M::mem_pestat] # candidate unique pairs for (FF, FR, RF, RR): (11, 2990, 4, 7)
[M::mem_pestat] analyzing insert size distribution for orientation FF...
[M::mem_pestat] (25, 50, 75) percentile: (172, 192, 1386)
[M::mem_pestat] low and high boundaries for computing mean and std.dev: (1, 3814)
[M::mem_pestat] mean and std.dev: (563.09, 652.40)
[M::mem_pestat] low and high boundaries for proper pairs: (1, 5028)
[M::mem_pestat] analyzing insert size distribution for orientation FR...
[M::mem_pestat] (25, 50, 75) percentile: (208, 502, 528)
[M::mem_pestat] low and high boundaries for computing mean and std.dev: (1, 1168)
[M::mem_pestat] mean and std.dev: (381.34, 181.62)
[M::mem_pestat] low and high boundaries for proper pairs: (1, 1488)
[M::mem_pestat] skip orientation RF as there are not enough pairs
[M::mem_pestat] skip orientation RR as there are not enough pairs
[M::mem_pestat] skip orientation FF
[M::mem_process_seqs] Processed 266668 reads in 311.497 CPU sec, 77.990 real sec
[M::process] read 266668 sequences (40000200 bp)...
[M::mem_pestat] # candidate unique pairs for (FF, FR, RF, RR): (13, 2967, 1, 6)
[M::mem_pestat] analyzing insert size distribution for orientation FF...
[M::mem_pestat] (25, 50, 75) percentile: (134, 464, 650)
[M::mem_pestat] low and high boundaries for computing mean and std.dev: (1, 1682)
[M::mem_pestat] mean and std.dev: (404.25, 332.25)
[M::mem_pestat] low and high boundaries for proper pairs: (1, 2198)
[M::mem_pestat] analyzing insert size distribution for orientation FR...
[M::mem_pestat] (25, 50, 75) percentile: (214, 502, 527)
[M::mem_pestat] low and high boundaries for computing mean and std.dev: (1, 1153)
[M::mem_pestat] mean and std.dev: (382.47, 182.21)
[M::mem_pestat] low and high boundaries for proper pairs: (1, 1466)
[M::mem_pestat] skip orientation RF as there are not enough pairs
[M::mem_pestat] skip orientation RR as there are not enough pairs
[M::mem_pestat] skip orientation FF
[M::mem_process_seqs] Processed 266668 reads in 309.447 CPU sec, 77.488 real sec
[M::process] read 266668 sequences (40000200 bp)...
[M::mem_pestat] # candidate unique pairs for (FF, FR, RF, RR): (8, 2945, 1, 11)
[M::mem_pestat] skip orientation FF as there are not enough pairs
[M::mem_pestat] analyzing insert size distribution for orientation FR...
[M::mem_pestat] (25, 50, 75) percentile: (219, 503, 529)
[M::mem_pestat] low and high boundaries for computing mean and std.dev: (1, 1149)
[M::mem_pestat] mean and std.dev: (387.44, 181.76)
[M::mem_pestat] low and high boundaries for proper pairs: (1, 1459)
[M::mem_pestat] skip orientation RF as there are not enough pairs
[M::mem_pestat] analyzing insert size distribution for orientation RR...
[M::mem_pestat] (25, 50, 75) percentile: (937, 1234, 2006)
[M::mem_pestat] low and high boundaries for computing mean and std.dev: (1, 4144)
[M::mem_pestat] mean and std.dev: (1347.18, 733.96)
[M::mem_pestat] low and high boundaries for proper pairs: (1, 5213)
[M::mem_pestat] skip orientation RR
[M::mem_process_seqs] Processed 266668 reads in 309.478 CPU sec, 77.545 real sec
[M::process] read 266668 sequences (40000200 bp)...
[M::mem_pestat] # candidate unique pairs for (FF, FR, RF, RR): (6, 3161, 4, 9)
[M::mem_pestat] skip orientation FF as there are not enough pairs
[M::mem_pestat] analyzing insert size distribution for orientation FR...
[M::mem_pestat] (25, 50, 75) percentile: (218, 501, 529)
[M::mem_pestat] low and high boundaries for computing mean and std.dev: (1, 1151)
[M::mem_pestat] mean and std.dev: (381.87, 180.89)
[M::mem_pestat] low and high boundaries for proper pairs: (1, 1462)
[M::mem_pestat] skip orientation RF as there are not enough pairs
[M::mem_pestat] skip orientation RR as there are not enough pairs
[M::mem_process_seqs] Processed 266668 reads in 310.384 CPU sec, 77.703 real sec
[M::process] read 266668 sequences (40000200 bp)...
[M::mem_pestat] # candidate unique pairs for (FF, FR, RF, RR): (6, 3129, 1, 5)
[M::mem_pestat] skip orientation FF as there are not enough pairs
[M::mem_pestat] analyzing insert size distribution for orientation FR...
[M::mem_pestat] (25, 50, 75) percentile: (219, 502, 527)
[M::mem_pestat] low and high boundaries for computing mean and std.dev: (1, 1143)
[M::mem_pestat] mean and std.dev: (384.59, 180.66)
[M::mem_pestat] low and high boundaries for proper pairs: (1, 1451)
[M::mem_pestat] skip orientation RF as there are not enough pairs
[M::mem_pestat] skip orientation RR as there are not enough pairs
[M::mem_process_seqs] Processed 266668 reads in 304.884 CPU sec, 76.321 real sec
[M::process] read 266668 sequences (40000200 bp)...
[M::mem_pestat] # candidate unique pairs for (FF, FR, RF, RR): (6, 2967, 1, 12)
[M::mem_pestat] skip orientation FF as there are not enough pairs
[M::mem_pestat] analyzing insert size distribution for orientation FR...
[M::mem_pestat] (25, 50, 75) percentile: (213, 502, 529)
[M::mem_pestat] low and high boundaries for computing mean and std.dev: (1, 1161)
[M::mem_pestat] mean and std.dev: (385.49, 181.68)
[M::mem_pestat] low and high boundaries for proper pairs: (1, 1477)
[M::mem_pestat] skip orientation RF as there are not enough pairs
[M::mem_pestat] analyzing insert size distribution for orientation RR...
[M::mem_pestat] (25, 50, 75) percentile: (1061, 1604, 4612)
[M::mem_pestat] low and high boundaries for computing mean and std.dev: (1, 11714)
[M::mem_pestat] mean and std.dev: (2512.42, 2653.49)
[M::mem_pestat] low and high boundaries for proper pairs: (1, 15265)
[M::mem_pestat] skip orientation RR
[M::mem_process_seqs] Processed 266668 reads in 309.431 CPU sec, 77.486 real sec
[M::process] read 266668 sequences (40000200 bp)...
[M::mem_pestat] # candidate unique pairs for (FF, FR, RF, RR): (8, 3020, 3, 5)
[M::mem_pestat] skip orientation FF as there are not enough pairs
[M::mem_pestat] analyzing insert size distribution for orientation FR...
[M::mem_pestat] (25, 50, 75) percentile: (217, 501, 527)
[M::mem_pestat] low and high boundaries for computing mean and std.dev: (1, 1147)
[M::mem_pestat] mean and std.dev: (382.51, 182.66)
[M::mem_pestat] low and high boundaries for proper pairs: (1, 1457)
[M::mem_pestat] skip orientation RF as there are not enough pairs
[M::mem_pestat] skip orientation RR as there are not enough pairs
[M::mem_process_seqs] Processed 266668 reads in 308.980 CPU sec, 77.373 real sec
[M::process] read 266668 sequences (40000200 bp)...
[M::mem_pestat] # candidate unique pairs for (FF, FR, RF, RR): (7, 2930, 2, 6)
[M::mem_pestat] skip orientation FF as there are not enough pairs
[M::mem_pestat] analyzing insert size distribution for orientation FR...
[M::mem_pestat] (25, 50, 75) percentile: (218, 503, 530)
[M::mem_pestat] low and high boundaries for computing mean and std.dev: (1, 1154)
[M::mem_pestat] mean and std.dev: (387.44, 180.90)
[M::mem_pestat] low and high boundaries for proper pairs: (1, 1466)
[M::mem_pestat] skip orientation RF as there are not enough pairs
[M::mem_pestat] skip orientation RR as there are not enough pairs
[M::mem_process_seqs] Processed 266668 reads in 308.792 CPU sec, 77.289 real sec
[M::process] read 266668 sequences (40000200 bp)...
[M::mem_pestat] # candidate unique pairs for (FF, FR, RF, RR): (11, 2981, 2, 2)
[M::mem_pestat] analyzing insert size distribution for orientation FF...
[M::mem_pestat] (25, 50, 75) percentile: (191, 330, 959)
[M::mem_pestat] low and high boundaries for computing mean and std.dev: (1, 2495)
[M::mem_pestat] mean and std.dev: (517.00, 484.26)
[M::mem_pestat] low and high boundaries for proper pairs: (1, 3263)
[M::mem_pestat] analyzing insert size distribution for orientation FR...
[M::mem_pestat] (25, 50, 75) percentile: (222, 502, 529)
[M::mem_pestat] low and high boundaries for computing mean and std.dev: (1, 1143)
[M::mem_pestat] mean and std.dev: (386.05, 181.21)
[M::mem_pestat] low and high boundaries for proper pairs: (1, 1450)
[M::mem_pestat] skip orientation RF as there are not enough pairs
[M::mem_pestat] skip orientation RR as there are not enough pairs
[M::mem_pestat] skip orientation FF
[M::mem_process_seqs] Processed 266668 reads in 308.088 CPU sec, 77.127 real sec
[M::process] read 266668 sequences (40000200 bp)...
[M::mem_pestat] # candidate unique pairs for (FF, FR, RF, RR): (11, 2983, 4, 7)
[M::mem_pestat] analyzing insert size distribution for orientation FF...
[M::mem_pestat] (25, 50, 75) percentile: (192, 717, 1519)
[M::mem_pestat] low and high boundaries for computing mean and std.dev: (1, 4173)
[M::mem_pestat] mean and std.dev: (882.27, 856.57)
[M::mem_pestat] low and high boundaries for proper pairs: (1, 5500)
[M::mem_pestat] analyzing insert size distribution for orientation FR...
[M::mem_pestat] (25, 50, 75) percentile: (225, 503, 529)
[M::mem_pestat] low and high boundaries for computing mean and std.dev: (1, 1137)
[M::mem_pestat] mean and std.dev: (390.75, 181.25)
[M::mem_pestat] low and high boundaries for proper pairs: (1, 1441)
[M::mem_pestat] skip orientation RF as there are not enough pairs
[M::mem_pestat] skip orientation RR as there are not enough pairs
[M::mem_pestat] skip orientation FF
[M::mem_process_seqs] Processed 266668 reads in 307.831 CPU sec, 77.079 real sec
[M::process] read 266668 sequences (40000200 bp)...
[M::mem_pestat] # candidate unique pairs for (FF, FR, RF, RR): (10, 2986, 4, 9)
[M::mem_pestat] analyzing insert size distribution for orientation FF...
[M::mem_pestat] (25, 50, 75) percentile: (221, 1013, 1085)
[M::mem_pestat] low and high boundaries for computing mean and std.dev: (1, 2813)
[M::mem_pestat] mean and std.dev: (664.78, 456.08)
[M::mem_pestat] low and high boundaries for proper pairs: (1, 3677)
[M::mem_pestat] analyzing insert size distribution for orientation FR...
[M::mem_pestat] (25, 50, 75) percentile: (208, 501, 529)
[M::mem_pestat] low and high boundaries for computing mean and std.dev: (1, 1171)
[M::mem_pestat] mean and std.dev: (382.35, 182.00)
[M::mem_pestat] low and high boundaries for proper pairs: (1, 1492)
[M::mem_pestat] skip orientation RF as there are not enough pairs
[M::mem_pestat] skip orientation RR as there are not enough pairs
[M::mem_pestat] skip orientation FF
[M::mem_process_seqs] Processed 266668 reads in 309.734 CPU sec, 77.577 real sec
[M::process] read 266668 sequences (40000200 bp)...
[M::mem_pestat] # candidate unique pairs for (FF, FR, RF, RR): (4, 3029, 3, 12)
[M::mem_pestat] skip orientation FF as there are not enough pairs
[M::mem_pestat] analyzing insert size distribution for orientation FR...
[M::mem_pestat] (25, 50, 75) percentile: (220, 502, 528)
[M::mem_pestat] low and high boundaries for computing mean and std.dev: (1, 1144)
[M::mem_pestat] mean and std.dev: (387.07, 180.88)
[M::mem_pestat] low and high boundaries for proper pairs: (1, 1452)
[M::mem_pestat] skip orientation RF as there are not enough pairs
[M::mem_pestat] analyzing insert size distribution for orientation RR...
[M::mem_pestat] (25, 50, 75) percentile: (422, 831, 1359)
[M::mem_pestat] low and high boundaries for computing mean and std.dev: (1, 3233)
[M::mem_pestat] mean and std.dev: (747.45, 463.15)
[M::mem_pestat] low and high boundaries for proper pairs: (1, 4170)
[M::mem_pestat] skip orientation RR
[M::mem_process_seqs] Processed 266668 reads in 305.545 CPU sec, 76.485 real sec
[M::process] read 266668 sequences (40000200 bp)...
[M::mem_pestat] # candidate unique pairs for (FF, FR, RF, RR): (8, 3001, 1, 7)
[M::mem_pestat] skip orientation FF as there are not enough pairs
[M::mem_pestat] analyzing insert size distribution for orientation FR...
[M::mem_pestat] (25, 50, 75) percentile: (215, 502, 529)
[M::mem_pestat] low and high boundaries for computing mean and std.dev: (1, 1157)
[M::mem_pestat] mean and std.dev: (383.25, 181.96)
[M::mem_pestat] low and high boundaries for proper pairs: (1, 1471)
[M::mem_pestat] skip orientation RF as there are not enough pairs
[M::mem_pestat] skip orientation RR as there are not enough pairs
[M::mem_process_seqs] Processed 266668 reads in 308.356 CPU sec, 77.212 real sec
[M::process] read 266668 sequences (40000200 bp)...
[M::mem_pestat] # candidate unique pairs for (FF, FR, RF, RR): (12, 3051, 3, 10)
[M::mem_pestat] analyzing insert size distribution for orientation FF...
[M::mem_pestat] (25, 50, 75) percentile: (129, 216, 285)
[M::mem_pestat] low and high boundaries for computing mean and std.dev: (1, 597)
[M::mem_pestat] mean and std.dev: (197.82, 101.69)
[M::mem_pestat] low and high boundaries for proper pairs: (1, 753)
[M::mem_pestat] analyzing insert size distribution for orientation FR...
[M::mem_pestat] (25, 50, 75) percentile: (192, 502, 528)
[M::mem_pestat] low and high boundaries for computing mean and std.dev: (1, 1200)
[M::mem_pestat] mean and std.dev: (379.92, 184.21)
[M::mem_pestat] low and high boundaries for proper pairs: (1, 1536)
[M::mem_pestat] skip orientation RF as there are not enough pairs
[M::mem_pestat] analyzing insert size distribution for orientation RR...
[M::mem_pestat] (25, 50, 75) percentile: (556, 1162, 1353)
[M::mem_pestat] low and high boundaries for computing mean and std.dev: (1, 2947)
[M::mem_pestat] mean and std.dev: (1139.00, 746.57)
[M::mem_pestat] low and high boundaries for proper pairs: (1, 4125)
[M::mem_pestat] skip orientation FF
[M::mem_pestat] skip orientation RR
[M::mem_process_seqs] Processed 266668 reads in 318.551 CPU sec, 79.774 real sec
[M::process] read 266668 sequences (40000200 bp)...
[M::mem_pestat] # candidate unique pairs for (FF, FR, RF, RR): (13, 3028, 2, 10)
[M::mem_pestat] analyzing insert size distribution for orientation FF...
[M::mem_pestat] (25, 50, 75) percentile: (157, 197, 932)
[M::mem_pestat] low and high boundaries for computing mean and std.dev: (1, 2482)
[M::mem_pestat] mean and std.dev: (377.25, 388.14)
[M::mem_pestat] low and high boundaries for proper pairs: (1, 3257)
[M::mem_pestat] analyzing insert size distribution for orientation FR...
[M::mem_pestat] (25, 50, 75) percentile: (223, 502, 530)
[M::mem_pestat] low and high boundaries for computing mean and std.dev: (1, 1144)
[M::mem_pestat] mean and std.dev: (387.56, 183.17)
[M::mem_pestat] low and high boundaries for proper pairs: (1, 1451)
[M::mem_pestat] skip orientation RF as there are not enough pairs
[M::mem_pestat] analyzing insert size distribution for orientation RR...
[M::mem_pestat] (25, 50, 75) percentile: (644, 2495, 4136)
[M::mem_pestat] low and high boundaries for computing mean and std.dev: (1, 11120)
[M::mem_pestat] mean and std.dev: (2464.50, 2055.74)
[M::mem_pestat] low and high boundaries for proper pairs: (1, 14612)
[M::mem_pestat] skip orientation FF
[M::mem_pestat] skip orientation RR
[M::mem_process_seqs] Processed 266668 reads in 308.578 CPU sec, 77.274 real sec
[M::process] read 266668 sequences (40000200 bp)...
[M::mem_pestat] # candidate unique pairs for (FF, FR, RF, RR): (7, 3061, 5, 6)
[M::mem_pestat] skip orientation FF as there are not enough pairs
[M::mem_pestat] analyzing insert size distribution for orientation FR...
[M::mem_pestat] (25, 50, 75) percentile: (222, 502, 528)
[M::mem_pestat] low and high boundaries for computing mean and std.dev: (1, 1140)
[M::mem_pestat] mean and std.dev: (386.56, 181.91)
[M::mem_pestat] low and high boundaries for proper pairs: (1, 1446)
[M::mem_pestat] skip orientation RF as there are not enough pairs
[M::mem_pestat] skip orientation RR as there are not enough pairs
[M::mem_process_seqs] Processed 266668 reads in 304.562 CPU sec, 76.243 real sec
[M::process] read 266668 sequences (40000200 bp)...
[M::mem_pestat] # candidate unique pairs for (FF, FR, RF, RR): (8, 3174, 5, 7)
[M::mem_pestat] skip orientation FF as there are not enough pairs
[M::mem_pestat] analyzing insert size distribution for orientation FR...
[M::mem_pestat] (25, 50, 75) percentile: (221, 503, 530)
[M::mem_pestat] low and high boundaries for computing mean and std.dev: (1, 1148)
[M::mem_pestat] mean and std.dev: (386.75, 182.91)
[M::mem_pestat] low and high boundaries for proper pairs: (1, 1457)
[M::mem_pestat] skip orientation RF as there are not enough pairs
[M::mem_pestat] skip orientation RR as there are not enough pairs
[M::mem_process_seqs] Processed 266668 reads in 302.552 CPU sec, 75.734 real sec
[M::process] read 266668 sequences (40000200 bp)...
[M::mem_pestat] # candidate unique pairs for (FF, FR, RF, RR): (9, 3050, 0, 8)
[M::mem_pestat] skip orientation FF as there are not enough pairs
[M::mem_pestat] analyzing insert size distribution for orientation FR...
[M::mem_pestat] (25, 50, 75) percentile: (222, 503, 530)
[M::mem_pestat] low and high boundaries for computing mean and std.dev: (1, 1146)
[M::mem_pestat] mean and std.dev: (388.76, 179.07)
[M::mem_pestat] low and high boundaries for proper pairs: (1, 1454)
[M::mem_pestat] skip orientation RF as there are not enough pairs
[M::mem_pestat] skip orientation RR as there are not enough pairs
[M::mem_process_seqs] Processed 266668 reads in 304.331 CPU sec, 76.206 real sec
[M::process] read 266668 sequences (40000200 bp)...
[M::mem_pestat] # candidate unique pairs for (FF, FR, RF, RR): (8, 3069, 4, 5)
[M::mem_pestat] skip orientation FF as there are not enough pairs
[M::mem_pestat] analyzing insert size distribution for orientation FR...
[M::mem_pestat] (25, 50, 75) percentile: (228, 503, 530)
[M::mem_pestat] low and high boundaries for computing mean and std.dev: (1, 1134)
[M::mem_pestat] mean and std.dev: (391.78, 181.53)
[M::mem_pestat] low and high boundaries for proper pairs: (1, 1436)
[M::mem_pestat] skip orientation RF as there are not enough pairs
[M::mem_pestat] skip orientation RR as there are not enough pairs
[M::mem_process_seqs] Processed 266668 reads in 307.469 CPU sec, 76.966 real sec
[M::process] read 266668 sequences (40000200 bp)...
[M::mem_pestat] # candidate unique pairs for (FF, FR, RF, RR): (12, 3057, 4, 6)
[M::mem_pestat] analyzing insert size distribution for orientation FF...
[M::mem_pestat] (25, 50, 75) percentile: (126, 458, 1305)
[M::mem_pestat] low and high boundaries for computing mean and std.dev: (1, 3663)
[M::mem_pestat] mean and std.dev: (634.00, 739.73)
[M::mem_pestat] low and high boundaries for proper pairs: (1, 4842)
[M::mem_pestat] analyzing insert size distribution for orientation FR...
[M::mem_pestat] (25, 50, 75) percentile: (237, 503, 530)
[M::mem_pestat] low and high boundaries for computing mean and std.dev: (1, 1116)
[M::mem_pestat] mean and std.dev: (392.91, 178.52)
[M::mem_pestat] low and high boundaries for proper pairs: (1, 1409)
[M::mem_pestat] skip orientation RF as there are not enough pairs
[M::mem_pestat] skip orientation RR as there are not enough pairs
[M::mem_pestat] skip orientation FF
[M::mem_process_seqs] Processed 266668 reads in 302.088 CPU sec, 75.620 real sec
[M::process] read 266668 sequences (40000200 bp)...
[M::mem_pestat] # candidate unique pairs for (FF, FR, RF, RR): (5, 3032, 5, 7)
[M::mem_pestat] skip orientation FF as there are not enough pairs
[M::mem_pestat] analyzing insert size distribution for orientation FR...
[M::mem_pestat] (25, 50, 75) percentile: (221, 502, 528)
[M::mem_pestat] low and high boundaries for computing mean and std.dev: (1, 1142)
[M::mem_pestat] mean and std.dev: (384.45, 182.45)
[M::mem_pestat] low and high boundaries for proper pairs: (1, 1449)
[M::mem_pestat] skip orientation RF as there are not enough pairs
[M::mem_pestat] skip orientation RR as there are not enough pairs
[M::mem_process_seqs] Processed 266668 reads in 303.632 CPU sec, 76.022 real sec
[M::process] read 266668 sequences (40000200 bp)...
[M::mem_pestat] # candidate unique pairs for (FF, FR, RF, RR): (13, 2990, 5, 10)
[M::mem_pestat] analyzing insert size distribution for orientation FF...
[M::mem_pestat] (25, 50, 75) percentile: (138, 217, 2192)
[M::mem_pestat] low and high boundaries for computing mean and std.dev: (1, 6300)
[M::mem_pestat] mean and std.dev: (1125.31, 1240.80)
[M::mem_pestat] low and high boundaries for proper pairs: (1, 8354)
[M::mem_pestat] analyzing insert size distribution for orientation FR...
[M::mem_pestat] (25, 50, 75) percentile: (218, 504, 530)
[M::mem_pestat] low and high boundaries for computing mean and std.dev: (1, 1154)
[M::mem_pestat] mean and std.dev: (391.07, 183.32)
[M::mem_pestat] low and high boundaries for proper pairs: (1, 1466)
[M::mem_pestat] skip orientation RF as there are not enough pairs
[M::mem_pestat] analyzing insert size distribution for orientation RR...
[M::mem_pestat] (25, 50, 75) percentile: (769, 1440, 1991)
[M::mem_pestat] low and high boundaries for computing mean and std.dev: (1, 4435)
[M::mem_pestat] mean and std.dev: (1318.20, 716.28)
[M::mem_pestat] low and high boundaries for proper pairs: (1, 5657)
[M::mem_pestat] skip orientation FF
[M::mem_pestat] skip orientation RR
[M::mem_process_seqs] Processed 266668 reads in 309.297 CPU sec, 77.451 real sec
[M::process] read 266668 sequences (40000200 bp)...
[M::mem_pestat] # candidate unique pairs for (FF, FR, RF, RR): (8, 3102, 2, 11)
[M::mem_pestat] skip orientation FF as there are not enough pairs
[M::mem_pestat] analyzing insert size distribution for orientation FR...
[M::mem_pestat] (25, 50, 75) percentile: (211, 503, 530)
[M::mem_pestat] low and high boundaries for computing mean and std.dev: (1, 1168)
[M::mem_pestat] mean and std.dev: (388.93, 183.16)
[M::mem_pestat] low and high boundaries for proper pairs: (1, 1487)
[M::mem_pestat] skip orientation RF as there are not enough pairs
[M::mem_pestat] analyzing insert size distribution for orientation RR...
[M::mem_pestat] (25, 50, 75) percentile: (726, 1557, 1808)
[M::mem_pestat] low and high boundaries for computing mean and std.dev: (1, 3972)
[M::mem_pestat] mean and std.dev: (1181.50, 519.77)
[M::mem_pestat] low and high boundaries for proper pairs: (1, 5054)
[M::mem_pestat] skip orientation RR
[M::mem_process_seqs] Processed 266668 reads in 309.067 CPU sec, 77.382 real sec
[M::process] read 266668 sequences (40000200 bp)...
[M::mem_pestat] # candidate unique pairs for (FF, FR, RF, RR): (13, 3055, 3, 5)
[M::mem_pestat] analyzing insert size distribution for orientation FF...
[M::mem_pestat] (25, 50, 75) percentile: (192, 695, 1152)
[M::mem_pestat] low and high boundaries for computing mean and std.dev: (1, 3072)
[M::mem_pestat] mean and std.dev: (697.08, 653.87)
[M::mem_pestat] low and high boundaries for proper pairs: (1, 4032)
[M::mem_pestat] analyzing insert size distribution for orientation FR...
[M::mem_pestat] (25, 50, 75) percentile: (209, 501, 528)
[M::mem_pestat] low and high boundaries for computing mean and std.dev: (1, 1166)
[M::mem_pestat] mean and std.dev: (380.37, 183.27)
[M::mem_pestat] low and high boundaries for proper pairs: (1, 1485)
[M::mem_pestat] skip orientation RF as there are not enough pairs
[M::mem_pestat] skip orientation RR as there are not enough pairs
[M::mem_pestat] skip orientation FF
[M::mem_process_seqs] Processed 266668 reads in 310.735 CPU sec, 77.802 real sec
[M::process] read 266668 sequences (40000200 bp)...
[M::mem_pestat] # candidate unique pairs for (FF, FR, RF, RR): (6, 3055, 2, 4)
[M::mem_pestat] skip orientation FF as there are not enough pairs
[M::mem_pestat] analyzing insert size distribution for orientation FR...
[M::mem_pestat] (25, 50, 75) percentile: (212, 503, 529)
[M::mem_pestat] low and high boundaries for computing mean and std.dev: (1, 1163)
[M::mem_pestat] mean and std.dev: (384.95, 181.99)
[M::mem_pestat] low and high boundaries for proper pairs: (1, 1480)
[M::mem_pestat] skip orientation RF as there are not enough pairs
[M::mem_pestat] skip orientation RR as there are not enough pairs
[M::mem_process_seqs] Processed 266668 reads in 308.553 CPU sec, 77.242 real sec
[M::process] read 266668 sequences (40000200 bp)...
[M::mem_pestat] # candidate unique pairs for (FF, FR, RF, RR): (8, 3010, 2, 6)
[M::mem_pestat] skip orientation FF as there are not enough pairs
[M::mem_pestat] analyzing insert size distribution for orientation FR...
[M::mem_pestat] (25, 50, 75) percentile: (216, 502, 528)
[M::mem_pestat] low and high boundaries for computing mean and std.dev: (1, 1152)
[M::mem_pestat] mean and std.dev: (385.64, 182.27)
[M::mem_pestat] low and high boundaries for proper pairs: (1, 1464)
[M::mem_pestat] skip orientation RF as there are not enough pairs
[M::mem_pestat] skip orientation RR as there are not enough pairs
[M::mem_process_seqs] Processed 266668 reads in 307.303 CPU sec, 76.959 real sec
[M::process] read 266668 sequences (40000200 bp)...
[M::mem_pestat] # candidate unique pairs for (FF, FR, RF, RR): (6, 3099, 1, 5)
[M::mem_pestat] skip orientation FF as there are not enough pairs
[M::mem_pestat] analyzing insert size distribution for orientation FR...
[M::mem_pestat] (25, 50, 75) percentile: (219, 504, 532)
[M::mem_pestat] low and high boundaries for computing mean and std.dev: (1, 1158)
[M::mem_pestat] mean and std.dev: (390.95, 183.55)
[M::mem_pestat] low and high boundaries for proper pairs: (1, 1471)
[M::mem_pestat] skip orientation RF as there are not enough pairs
[M::mem_pestat] skip orientation RR as there are not enough pairs
[M::mem_process_seqs] Processed 266668 reads in 307.237 CPU sec, 76.905 real sec
[M::process] read 266668 sequences (40000200 bp)...
[M::mem_pestat] # candidate unique pairs for (FF, FR, RF, RR): (5, 3156, 1, 9)
[M::mem_pestat] skip orientation FF as there are not enough pairs
[M::mem_pestat] analyzing insert size distribution for orientation FR...
[M::mem_pestat] (25, 50, 75) percentile: (214, 503, 530)
[M::mem_pestat] low and high boundaries for computing mean and std.dev: (1, 1162)
[M::mem_pestat] mean and std.dev: (389.21, 185.26)
[M::mem_pestat] low and high boundaries for proper pairs: (1, 1478)
[M::mem_pestat] skip orientation RF as there are not enough pairs
[M::mem_pestat] skip orientation RR as there are not enough pairs
[M::mem_process_seqs] Processed 266668 reads in 310.331 CPU sec, 77.715 real sec
[M::process] read 266668 sequences (40000200 bp)...
[M::mem_pestat] # candidate unique pairs for (FF, FR, RF, RR): (3, 3031, 2, 6)
[M::mem_pestat] skip orientation FF as there are not enough pairs
[M::mem_pestat] analyzing insert size distribution for orientation FR...
[M::mem_pestat] (25, 50, 75) percentile: (228, 503, 529)
[M::mem_pestat] low and high boundaries for computing mean and std.dev: (1, 1131)
[M::mem_pestat] mean and std.dev: (390.56, 180.25)
[M::mem_pestat] low and high boundaries for proper pairs: (1, 1432)
[M::mem_pestat] skip orientation RF as there are not enough pairs
[M::mem_pestat] skip orientation RR as there are not enough pairs
[M::mem_process_seqs] Processed 266668 reads in 305.768 CPU sec, 76.557 real sec
[M::process] read 266668 sequences (40000200 bp)...
[M::mem_pestat] # candidate unique pairs for (FF, FR, RF, RR): (7, 3008, 4, 6)
[M::mem_pestat] skip orientation FF as there are not enough pairs
[M::mem_pestat] analyzing insert size distribution for orientation FR...
[M::mem_pestat] (25, 50, 75) percentile: (229, 503, 531)
[M::mem_pestat] low and high boundaries for computing mean and std.dev: (1, 1135)
[M::mem_pestat] mean and std.dev: (392.37, 180.41)
[M::mem_pestat] low and high boundaries for proper pairs: (1, 1437)
[M::mem_pestat] skip orientation RF as there are not enough pairs
[M::mem_pestat] skip orientation RR as there are not enough pairs
[M::mem_process_seqs] Processed 266668 reads in 307.025 CPU sec, 76.886 real sec
[M::process] read 266668 sequences (40000200 bp)...
[M::mem_pestat] # candidate unique pairs for (FF, FR, RF, RR): (7, 3066, 2, 11)
[M::mem_pestat] skip orientation FF as there are not enough pairs
[M::mem_pestat] analyzing insert size distribution for orientation FR...
[M::mem_pestat] (25, 50, 75) percentile: (204, 501, 528)
[M::mem_pestat] low and high boundaries for computing mean and std.dev: (1, 1176)
[M::mem_pestat] mean and std.dev: (381.33, 182.85)
[M::mem_pestat] low and high boundaries for proper pairs: (1, 1500)
[M::mem_pestat] skip orientation RF as there are not enough pairs
[M::mem_pestat] analyzing insert size distribution for orientation RR...
[M::mem_pestat] (25, 50, 75) percentile: (809, 830, 1697)
[M::mem_pestat] low and high boundaries for computing mean and std.dev: (1, 3473)
[M::mem_pestat] mean and std.dev: (960.20, 570.15)
[M::mem_pestat] low and high boundaries for proper pairs: (1, 4361)
[M::mem_pestat] skip orientation RR
[M::mem_process_seqs] Processed 266668 reads in 312.345 CPU sec, 78.196 real sec
[M::process] read 266668 sequences (40000200 bp)...
[M::mem_pestat] # candidate unique pairs for (FF, FR, RF, RR): (4, 3052, 0, 6)
[M::mem_pestat] skip orientation FF as there are not enough pairs
[M::mem_pestat] analyzing insert size distribution for orientation FR...
[M::mem_pestat] (25, 50, 75) percentile: (206, 503, 530)
[M::mem_pestat] low and high boundaries for computing mean and std.dev: (1, 1178)
[M::mem_pestat] mean and std.dev: (385.54, 183.57)
[M::mem_pestat] low and high boundaries for proper pairs: (1, 1502)
[M::mem_pestat] skip orientation RF as there are not enough pairs
[M::mem_pestat] skip orientation RR as there are not enough pairs
[M::mem_process_seqs] Processed 266668 reads in 311.800 CPU sec, 78.042 real sec
[M::process] read 266668 sequences (40000200 bp)...
[M::mem_pestat] # candidate unique pairs for (FF, FR, RF, RR): (5, 3005, 0, 10)
[M::mem_pestat] skip orientation FF as there are not enough pairs
[M::mem_pestat] analyzing insert size distribution for orientation FR...
[M::mem_pestat] (25, 50, 75) percentile: (233, 503, 529)
[M::mem_pestat] low and high boundaries for computing mean and std.dev: (1, 1121)
[M::mem_pestat] mean and std.dev: (392.33, 180.80)
[M::mem_pestat] low and high boundaries for proper pairs: (1, 1417)
[M::mem_pestat] skip orientation RF as there are not enough pairs
[M::mem_pestat] analyzing insert size distribution for orientation RR...
[M::mem_pestat] (25, 50, 75) percentile: (175, 390, 639)
[M::mem_pestat] low and high boundaries for computing mean and std.dev: (1, 1567)
[M::mem_pestat] mean and std.dev: (381.56, 235.37)
[M::mem_pestat] low and high boundaries for proper pairs: (1, 2031)
[M::mem_pestat] skip orientation RR
[M::mem_process_seqs] Processed 266668 reads in 299.262 CPU sec, 74.911 real sec
[M::process] read 266668 sequences (40000200 bp)...
[M::mem_pestat] # candidate unique pairs for (FF, FR, RF, RR): (8, 3008, 2, 4)
[M::mem_pestat] skip orientation FF as there are not enough pairs
[M::mem_pestat] analyzing insert size distribution for orientation FR...
[M::mem_pestat] (25, 50, 75) percentile: (231, 504, 531)
[M::mem_pestat] low and high boundaries for computing mean and std.dev: (1, 1131)
[M::mem_pestat] mean and std.dev: (394.13, 182.09)
[M::mem_pestat] low and high boundaries for proper pairs: (1, 1431)
[M::mem_pestat] skip orientation RF as there are not enough pairs
[M::mem_pestat] skip orientation RR as there are not enough pairs
[M::mem_process_seqs] Processed 266668 reads in 304.225 CPU sec, 76.162 real sec
[M::process] read 266668 sequences (40000200 bp)...
[M::mem_pestat] # candidate unique pairs for (FF, FR, RF, RR): (12, 2978, 1, 8)
[M::mem_pestat] analyzing insert size distribution for orientation FF...
[M::mem_pestat] (25, 50, 75) percentile: (177, 426, 1166)
[M::mem_pestat] low and high boundaries for computing mean and std.dev: (1, 3144)
[M::mem_pestat] mean and std.dev: (636.58, 587.57)
[M::mem_pestat] low and high boundaries for proper pairs: (1, 4133)
[M::mem_pestat] analyzing insert size distribution for orientation FR...
[M::mem_pestat] (25, 50, 75) percentile: (223, 504, 529)
[M::mem_pestat] low and high boundaries for computing mean and std.dev: (1, 1141)
[M::mem_pestat] mean and std.dev: (392.65, 180.89)
[M::mem_pestat] low and high boundaries for proper pairs: (1, 1447)
[M::mem_pestat] skip orientation RF as there are not enough pairs
[M::mem_pestat] skip orientation RR as there are not enough pairs
[M::mem_pestat] skip orientation FF
[M::mem_process_seqs] Processed 266668 reads in 304.124 CPU sec, 76.156 real sec
[M::process] read 266668 sequences (40000200 bp)...
[M::mem_pestat] # candidate unique pairs for (FF, FR, RF, RR): (10, 2994, 3, 9)
[M::mem_pestat] analyzing insert size distribution for orientation FF...
[M::mem_pestat] (25, 50, 75) percentile: (174, 1507, 1920)
[M::mem_pestat] low and high boundaries for computing mean and std.dev: (1, 5412)
[M::mem_pestat] mean and std.dev: (1333.80, 1399.92)
[M::mem_pestat] low and high boundaries for proper pairs: (1, 7158)
[M::mem_pestat] analyzing insert size distribution for orientation FR...
[M::mem_pestat] (25, 50, 75) percentile: (211, 501, 526)
[M::mem_pestat] low and high boundaries for computing mean and std.dev: (1, 1156)
[M::mem_pestat] mean and std.dev: (380.76, 182.22)
[M::mem_pestat] low and high boundaries for proper pairs: (1, 1471)
[M::mem_pestat] skip orientation RF as there are not enough pairs
[M::mem_pestat] skip orientation RR as there are not enough pairs
[M::mem_pestat] skip orientation FF
[M::mem_process_seqs] Processed 266668 reads in 304.574 CPU sec, 76.273 real sec
[M::process] read 266668 sequences (40000200 bp)...
[M::mem_pestat] # candidate unique pairs for (FF, FR, RF, RR): (15, 2998, 2, 3)
[M::mem_pestat] analyzing insert size distribution for orientation FF...
[M::mem_pestat] (25, 50, 75) percentile: (130, 154, 785)
[M::mem_pestat] low and high boundaries for computing mean and std.dev: (1, 2095)
[M::mem_pestat] mean and std.dev: (466.50, 619.41)
[M::mem_pestat] low and high boundaries for proper pairs: (1, 2944)
[M::mem_pestat] analyzing insert size distribution for orientation FR...
[M::mem_pestat] (25, 50, 75) percentile: (234, 503, 530)
[M::mem_pestat] low and high boundaries for computing mean and std.dev: (1, 1122)
[M::mem_pestat] mean and std.dev: (391.85, 180.66)
[M::mem_pestat] low and high boundaries for proper pairs: (1, 1418)
[M::mem_pestat] skip orientation RF as there are not enough pairs
[M::mem_pestat] skip orientation RR as there are not enough pairs
[M::mem_pestat] skip orientation FF
[M::mem_process_seqs] Processed 266668 reads in 302.873 CPU sec, 75.850 real sec
[M::process] read 266668 sequences (40000200 bp)...
[M::mem_pestat] # candidate unique pairs for (FF, FR, RF, RR): (10, 3063, 0, 7)
[M::mem_pestat] analyzing insert size distribution for orientation FF...
[M::mem_pestat] (25, 50, 75) percentile: (148, 210, 1390)
[M::mem_pestat] low and high boundaries for computing mean and std.dev: (1, 3874)
[M::mem_pestat] mean and std.dev: (362.75, 427.75)
[M::mem_pestat] low and high boundaries for proper pairs: (1, 5116)
[M::mem_pestat] analyzing insert size distribution for orientation FR...
[M::mem_pestat] (25, 50, 75) percentile: (223, 503, 529)
[M::mem_pestat] low and high boundaries for computing mean and std.dev: (1, 1141)
[M::mem_pestat] mean and std.dev: (389.43, 179.98)
[M::mem_pestat] low and high boundaries for proper pairs: (1, 1447)
[M::mem_pestat] skip orientation RF as there are not enough pairs
[M::mem_pestat] skip orientation RR as there are not enough pairs
[M::mem_pestat] skip orientation FF
[M::mem_process_seqs] Processed 266668 reads in 308.555 CPU sec, 77.273 real sec
[M::process] read 266668 sequences (40000200 bp)...
[M::mem_pestat] # candidate unique pairs for (FF, FR, RF, RR): (13, 3050, 2, 9)
[M::mem_pestat] analyzing insert size distribution for orientation FF...
[M::mem_pestat] (25, 50, 75) percentile: (209, 606, 1099)
[M::mem_pestat] low and high boundaries for computing mean and std.dev: (1, 2879)
[M::mem_pestat] mean and std.dev: (607.00, 434.09)
[M::mem_pestat] low and high boundaries for proper pairs: (1, 3769)
[M::mem_pestat] analyzing insert size distribution for orientation FR...
[M::mem_pestat] (25, 50, 75) percentile: (212, 503, 529)
[M::mem_pestat] low and high boundaries for computing mean and std.dev: (1, 1163)
[M::mem_pestat] mean and std.dev: (387.95, 183.02)
[M::mem_pestat] low and high boundaries for proper pairs: (1, 1480)
[M::mem_pestat] skip orientation RF as there are not enough pairs
[M::mem_pestat] skip orientation RR as there are not enough pairs
[M::mem_pestat] skip orientation FF
[M::mem_process_seqs] Processed 266668 reads in 308.891 CPU sec, 77.356 real sec
[M::process] read 266668 sequences (40000200 bp)...
[M::mem_pestat] # candidate unique pairs for (FF, FR, RF, RR): (6, 3084, 4, 3)
[M::mem_pestat] skip orientation FF as there are not enough pairs
[M::mem_pestat] analyzing insert size distribution for orientation FR...
[M::mem_pestat] (25, 50, 75) percentile: (221, 503, 527)
[M::mem_pestat] low and high boundaries for computing mean and std.dev: (1, 1139)
[M::mem_pestat] mean and std.dev: (387.40, 180.66)
[M::mem_pestat] low and high boundaries for proper pairs: (1, 1445)
[M::mem_pestat] skip orientation RF as there are not enough pairs
[M::mem_pestat] skip orientation RR as there are not enough pairs
[M::mem_process_seqs] Processed 266668 reads in 309.677 CPU sec, 77.528 real sec
[M::process] read 266668 sequences (40000200 bp)...
[M::mem_pestat] # candidate unique pairs for (FF, FR, RF, RR): (10, 3000, 2, 6)
[M::mem_pestat] analyzing insert size distribution for orientation FF...
[M::mem_pestat] (25, 50, 75) percentile: (98, 194, 242)
[M::mem_pestat] low and high boundaries for computing mean and std.dev: (1, 530)
[M::mem_pestat] mean and std.dev: (157.50, 62.77)
[M::mem_pestat] low and high boundaries for proper pairs: (1, 674)
[M::mem_pestat] analyzing insert size distribution for orientation FR...
[M::mem_pestat] (25, 50, 75) percentile: (227, 504, 530)
[M::mem_pestat] low and high boundaries for computing mean and std.dev: (1, 1136)
[M::mem_pestat] mean and std.dev: (393.33, 181.78)
[M::mem_pestat] low and high boundaries for proper pairs: (1, 1439)
[M::mem_pestat] skip orientation RF as there are not enough pairs
[M::mem_pestat] skip orientation RR as there are not enough pairs
[M::mem_pestat] skip orientation FF
[M::mem_process_seqs] Processed 266668 reads in 304.218 CPU sec, 76.159 real sec
[M::process] read 266668 sequences (40000200 bp)...
[M::mem_pestat] # candidate unique pairs for (FF, FR, RF, RR): (12, 2990, 5, 8)
[M::mem_pestat] analyzing insert size distribution for orientation FF...
[M::mem_pestat] (25, 50, 75) percentile: (177, 321, 817)
[M::mem_pestat] low and high boundaries for computing mean and std.dev: (1, 2097)
[M::mem_pestat] mean and std.dev: (344.40, 231.55)
[M::mem_pestat] low and high boundaries for proper pairs: (1, 2737)
[M::mem_pestat] analyzing insert size distribution for orientation FR...
[M::mem_pestat] (25, 50, 75) percentile: (224, 503, 529)
[M::mem_pestat] low and high boundaries for computing mean and std.dev: (1, 1139)
[M::mem_pestat] mean and std.dev: (389.92, 181.89)
[M::mem_pestat] low and high boundaries for proper pairs: (1, 1444)
[M::mem_pestat] skip orientation RF as there are not enough pairs
[M::mem_pestat] skip orientation RR as there are not enough pairs
[M::mem_pestat] skip orientation FF
[M::mem_process_seqs] Processed 266668 reads in 308.875 CPU sec, 77.335 real sec
[M::process] read 266668 sequences (40000200 bp)...
[M::mem_pestat] # candidate unique pairs for (FF, FR, RF, RR): (8, 2985, 4, 11)
[M::mem_pestat] skip orientation FF as there are not enough pairs
[M::mem_pestat] analyzing insert size distribution for orientation FR...
[M::mem_pestat] (25, 50, 75) percentile: (226, 503, 532)
[M::mem_pestat] low and high boundaries for computing mean and std.dev: (1, 1144)
[M::mem_pestat] mean and std.dev: (390.46, 184.13)
[M::mem_pestat] low and high boundaries for proper pairs: (1, 1450)
[M::mem_pestat] skip orientation RF as there are not enough pairs
[M::mem_pestat] analyzing insert size distribution for orientation RR...
[M::mem_pestat] (25, 50, 75) percentile: (797, 851, 2244)
[M::mem_pestat] low and high boundaries for computing mean and std.dev: (1, 5138)
[M::mem_pestat] mean and std.dev: (1271.09, 817.11)
[M::mem_pestat] low and high boundaries for proper pairs: (1, 6585)
[M::mem_pestat] skip orientation RR
[M::mem_process_seqs] Processed 266668 reads in 304.993 CPU sec, 76.359 real sec
[M::process] read 266668 sequences (40000200 bp)...
[M::mem_pestat] # candidate unique pairs for (FF, FR, RF, RR): (7, 3116, 1, 8)
[M::mem_pestat] skip orientation FF as there are not enough pairs
[M::mem_pestat] analyzing insert size distribution for orientation FR...
[M::mem_pestat] (25, 50, 75) percentile: (219, 504, 531)
[M::mem_pestat] low and high boundaries for computing mean and std.dev: (1, 1155)
[M::mem_pestat] mean and std.dev: (391.40, 183.89)
[M::mem_pestat] low and high boundaries for proper pairs: (1, 1467)
[M::mem_pestat] skip orientation RF as there are not enough pairs
[M::mem_pestat] skip orientation RR as there are not enough pairs
[M::mem_process_seqs] Processed 266668 reads in 309.072 CPU sec, 77.405 real sec
[M::process] read 266668 sequences (40000200 bp)...
[M::mem_pestat] # candidate unique pairs for (FF, FR, RF, RR): (7, 2939, 3, 11)
[M::mem_pestat] skip orientation FF as there are not enough pairs
[M::mem_pestat] analyzing insert size distribution for orientation FR...
[M::mem_pestat] (25, 50, 75) percentile: (211, 502, 527)
[M::mem_pestat] low and high boundaries for computing mean and std.dev: (1, 1159)
[M::mem_pestat] mean and std.dev: (384.48, 184.14)
[M::mem_pestat] low and high boundaries for proper pairs: (1, 1475)
[M::mem_pestat] skip orientation RF as there are not enough pairs
[M::mem_pestat] analyzing insert size distribution for orientation RR...
[M::mem_pestat] (25, 50, 75) percentile: (422, 939, 1187)
[M::mem_pestat] low and high boundaries for computing mean and std.dev: (1, 2717)
[M::mem_pestat] mean and std.dev: (682.33, 389.13)
[M::mem_pestat] low and high boundaries for proper pairs: (1, 3482)
[M::mem_pestat] skip orientation RR
[M::mem_process_seqs] Processed 266668 reads in 309.380 CPU sec, 77.530 real sec
[M::process] read 266668 sequences (40000200 bp)...
[M::mem_pestat] # candidate unique pairs for (FF, FR, RF, RR): (12, 3001, 2, 7)
[M::mem_pestat] analyzing insert size distribution for orientation FF...
[M::mem_pestat] (25, 50, 75) percentile: (191, 863, 1422)
[M::mem_pestat] low and high boundaries for computing mean and std.dev: (1, 3884)
[M::mem_pestat] mean and std.dev: (875.17, 796.38)
[M::mem_pestat] low and high boundaries for proper pairs: (1, 5115)
[M::mem_pestat] analyzing insert size distribution for orientation FR...
[M::mem_pestat] (25, 50, 75) percentile: (222, 503, 530)
[M::mem_pestat] low and high boundaries for computing mean and std.dev: (1, 1146)
[M::mem_pestat] mean and std.dev: (388.50, 181.45)
[M::mem_pestat] low and high boundaries for proper pairs: (1, 1454)
[M::mem_pestat] skip orientation RF as there are not enough pairs
[M::mem_pestat] skip orientation RR as there are not enough pairs
[M::mem_pestat] skip orientation FF
[M::mem_process_seqs] Processed 266668 reads in 307.205 CPU sec, 76.938 real sec
[M::process] read 266668 sequences (40000200 bp)...
[M::mem_pestat] # candidate unique pairs for (FF, FR, RF, RR): (11, 2985, 4, 9)
[M::mem_pestat] analyzing insert size distribution for orientation FF...
[M::mem_pestat] (25, 50, 75) percentile: (115, 152, 1210)
[M::mem_pestat] low and high boundaries for computing mean and std.dev: (1, 3400)
[M::mem_pestat] mean and std.dev: (474.18, 560.92)
[M::mem_pestat] low and high boundaries for proper pairs: (1, 4495)
[M::mem_pestat] analyzing insert size distribution for orientation FR...
[M::mem_pestat] (25, 50, 75) percentile: (224, 503, 530)
[M::mem_pestat] low and high boundaries for computing mean and std.dev: (1, 1142)
[M::mem_pestat] mean and std.dev: (391.17, 181.96)
[M::mem_pestat] low and high boundaries for proper pairs: (1, 1448)
[M::mem_pestat] skip orientation RF as there are not enough pairs
[M::mem_pestat] skip orientation RR as there are not enough pairs
[M::mem_pestat] skip orientation FF
[M::mem_process_seqs] Processed 266668 reads in 305.334 CPU sec, 76.461 real sec
[M::process] read 266668 sequences (40000200 bp)...
[M::mem_pestat] # candidate unique pairs for (FF, FR, RF, RR): (7, 3132, 1, 3)
[M::mem_pestat] skip orientation FF as there are not enough pairs
[M::mem_pestat] analyzing insert size distribution for orientation FR...
[M::mem_pestat] (25, 50, 75) percentile: (215, 504, 530)
[M::mem_pestat] low and high boundaries for computing mean and std.dev: (1, 1160)
[M::mem_pestat] mean and std.dev: (389.36, 183.50)
[M::mem_pestat] low and high boundaries for proper pairs: (1, 1475)
[M::mem_pestat] skip orientation RF as there are not enough pairs
[M::mem_pestat] skip orientation RR as there are not enough pairs
[M::mem_process_seqs] Processed 266668 reads in 310.483 CPU sec, 77.727 real sec
[M::process] read 266668 sequences (40000200 bp)...
[M::mem_pestat] # candidate unique pairs for (FF, FR, RF, RR): (7, 3078, 2, 6)
[M::mem_pestat] skip orientation FF as there are not enough pairs
[M::mem_pestat] analyzing insert size distribution for orientation FR...
[M::mem_pestat] (25, 50, 75) percentile: (221, 503, 530)
[M::mem_pestat] low and high boundaries for computing mean and std.dev: (1, 1148)
[M::mem_pestat] mean and std.dev: (389.55, 181.73)
[M::mem_pestat] low and high boundaries for proper pairs: (1, 1457)
[M::mem_pestat] skip orientation RF as there are not enough pairs
[M::mem_pestat] skip orientation RR as there are not enough pairs
[M::mem_process_seqs] Processed 266668 reads in 306.354 CPU sec, 76.684 real sec
[M::process] read 266668 sequences (40000200 bp)...
[M::mem_pestat] # candidate unique pairs for (FF, FR, RF, RR): (11, 3237, 4, 14)
[M::mem_pestat] analyzing insert size distribution for orientation FF...
[M::mem_pestat] (25, 50, 75) percentile: (705, 998, 1620)
[M::mem_pestat] low and high boundaries for computing mean and std.dev: (1, 3450)
[M::mem_pestat] mean and std.dev: (1100.55, 701.70)
[M::mem_pestat] low and high boundaries for proper pairs: (1, 4365)
[M::mem_pestat] analyzing insert size distribution for orientation FR...
[M::mem_pestat] (25, 50, 75) percentile: (226, 504, 530)
[M::mem_pestat] low and high boundaries for computing mean and std.dev: (1, 1138)
[M::mem_pestat] mean and std.dev: (395.28, 183.36)
[M::mem_pestat] low and high boundaries for proper pairs: (1, 1442)
[M::mem_pestat] skip orientation RF as there are not enough pairs
[M::mem_pestat] analyzing insert size distribution for orientation RR...
[M::mem_pestat] (25, 50, 75) percentile: (268, 1094, 1442)
[M::mem_pestat] low and high boundaries for computing mean and std.dev: (1, 3790)
[M::mem_pestat] mean and std.dev: (973.54, 822.28)
[M::mem_pestat] low and high boundaries for proper pairs: (1, 4964)
[M::mem_pestat] skip orientation FF
[M::mem_pestat] skip orientation RR
[M::mem_process_seqs] Processed 266668 reads in 308.532 CPU sec, 77.249 real sec
[M::process] read 266668 sequences (40000200 bp)...
[M::mem_pestat] # candidate unique pairs for (FF, FR, RF, RR): (7, 2979, 4, 8)
[M::mem_pestat] skip orientation FF as there are not enough pairs
[M::mem_pestat] analyzing insert size distribution for orientation FR...
[M::mem_pestat] (25, 50, 75) percentile: (231, 504, 531)
[M::mem_pestat] low and high boundaries for computing mean and std.dev: (1, 1131)
[M::mem_pestat] mean and std.dev: (394.53, 178.46)
[M::mem_pestat] low and high boundaries for proper pairs: (1, 1431)
[M::mem_pestat] skip orientation RF as there are not enough pairs
[M::mem_pestat] skip orientation RR as there are not enough pairs
[M::mem_process_seqs] Processed 266668 reads in 300.999 CPU sec, 75.353 real sec
[M::process] read 266668 sequences (40000200 bp)...
[M::mem_pestat] # candidate unique pairs for (FF, FR, RF, RR): (8, 3127, 4, 6)
[M::mem_pestat] skip orientation FF as there are not enough pairs
[M::mem_pestat] analyzing insert size distribution for orientation FR...
[M::mem_pestat] (25, 50, 75) percentile: (231, 503, 530)
[M::mem_pestat] low and high boundaries for computing mean and std.dev: (1, 1128)
[M::mem_pestat] mean and std.dev: (392.69, 181.74)
[M::mem_pestat] low and high boundaries for proper pairs: (1, 1427)
[M::mem_pestat] skip orientation RF as there are not enough pairs
[M::mem_pestat] skip orientation RR as there are not enough pairs
[M::mem_process_seqs] Processed 266668 reads in 303.197 CPU sec, 75.921 real sec
[M::process] read 266668 sequences (40000200 bp)...
[M::mem_pestat] # candidate unique pairs for (FF, FR, RF, RR): (11, 3144, 4, 7)
[M::mem_pestat] analyzing insert size distribution for orientation FF...
[M::mem_pestat] (25, 50, 75) percentile: (136, 166, 467)
[M::mem_pestat] low and high boundaries for computing mean and std.dev: (1, 1129)
[M::mem_pestat] mean and std.dev: (294.91, 236.28)
[M::mem_pestat] low and high boundaries for proper pairs: (1, 1460)
[M::mem_pestat] analyzing insert size distribution for orientation FR...
[M::mem_pestat] (25, 50, 75) percentile: (226, 503, 530)
[M::mem_pestat] low and high boundaries for computing mean and std.dev: (1, 1138)
[M::mem_pestat] mean and std.dev: (392.58, 181.31)
[M::mem_pestat] low and high boundaries for proper pairs: (1, 1442)
[M::mem_pestat] skip orientation RF as there are not enough pairs
[M::mem_pestat] skip orientation RR as there are not enough pairs
[M::mem_pestat] skip orientation FF
[M::mem_process_seqs] Processed 266668 reads in 307.097 CPU sec, 76.912 real sec
[M::process] read 266668 sequences (40000200 bp)...
[M::mem_pestat] # candidate unique pairs for (FF, FR, RF, RR): (11, 3233, 1, 1)
[M::mem_pestat] analyzing insert size distribution for orientation FF...
[M::mem_pestat] (25, 50, 75) percentile: (250, 287, 576)
[M::mem_pestat] low and high boundaries for computing mean and std.dev: (1, 1228)
[M::mem_pestat] mean and std.dev: (276.22, 136.83)
[M::mem_pestat] low and high boundaries for proper pairs: (1, 1554)
[M::mem_pestat] analyzing insert size distribution for orientation FR...
[M::mem_pestat] (25, 50, 75) percentile: (214, 504, 531)
[M::mem_pestat] low and high boundaries for computing mean and std.dev: (1, 1165)
[M::mem_pestat] mean and std.dev: (389.33, 183.98)
[M::mem_pestat] low and high boundaries for proper pairs: (1, 1482)
[M::mem_pestat] skip orientation RF as there are not enough pairs
[M::mem_pestat] skip orientation RR as there are not enough pairs
[M::mem_pestat] skip orientation FF
[M::mem_process_seqs] Processed 266668 reads in 310.135 CPU sec, 77.666 real sec
[M::process] read 266668 sequences (40000200 bp)...
[M::mem_pestat] # candidate unique pairs for (FF, FR, RF, RR): (16, 3136, 2, 10)
[M::mem_pestat] analyzing insert size distribution for orientation FF...
[M::mem_pestat] (25, 50, 75) percentile: (156, 599, 1546)
[M::mem_pestat] low and high boundaries for computing mean and std.dev: (1, 4326)
[M::mem_pestat] mean and std.dev: (713.40, 764.21)
[M::mem_pestat] low and high boundaries for proper pairs: (1, 5716)
[M::mem_pestat] analyzing insert size distribution for orientation FR...
[M::mem_pestat] (25, 50, 75) percentile: (237, 504, 532)
[M::mem_pestat] low and high boundaries for computing mean and std.dev: (1, 1122)
[M::mem_pestat] mean and std.dev: (395.53, 181.30)
[M::mem_pestat] low and high boundaries for proper pairs: (1, 1417)
[M::mem_pestat] skip orientation RF as there are not enough pairs
[M::mem_pestat] analyzing insert size distribution for orientation RR...
[M::mem_pestat] (25, 50, 75) percentile: (573, 1014, 1271)
[M::mem_pestat] low and high boundaries for computing mean and std.dev: (1, 2667)
[M::mem_pestat] mean and std.dev: (968.70, 566.01)
[M::mem_pestat] low and high boundaries for proper pairs: (1, 3365)
[M::mem_pestat] skip orientation FF
[M::mem_pestat] skip orientation RR
[M::mem_process_seqs] Processed 266668 reads in 302.660 CPU sec, 75.802 real sec
[M::process] read 266668 sequences (40000200 bp)...
[M::mem_pestat] # candidate unique pairs for (FF, FR, RF, RR): (13, 3078, 0, 6)
[M::mem_pestat] analyzing insert size distribution for orientation FF...
[M::mem_pestat] (25, 50, 75) percentile: (93, 196, 1205)
[M::mem_pestat] low and high boundaries for computing mean and std.dev: (1, 3429)
[M::mem_pestat] mean and std.dev: (509.92, 575.94)
[M::mem_pestat] low and high boundaries for proper pairs: (1, 4541)
[M::mem_pestat] analyzing insert size distribution for orientation FR...
[M::mem_pestat] (25, 50, 75) percentile: (223, 504, 532)
[M::mem_pestat] low and high boundaries for computing mean and std.dev: (1, 1150)
[M::mem_pestat] mean and std.dev: (394.36, 183.56)
[M::mem_pestat] low and high boundaries for proper pairs: (1, 1459)
[M::mem_pestat] skip orientation RF as there are not enough pairs
[M::mem_pestat] skip orientation RR as there are not enough pairs
[M::mem_pestat] skip orientation FF
[M::mem_process_seqs] Processed 266668 reads in 304.763 CPU sec, 76.430 real sec
[M::process] read 266668 sequences (40000200 bp)...
[M::mem_pestat] # candidate unique pairs for (FF, FR, RF, RR): (9, 3116, 2, 6)
[M::mem_pestat] skip orientation FF as there are not enough pairs
[M::mem_pestat] analyzing insert size distribution for orientation FR...
[M::mem_pestat] (25, 50, 75) percentile: (232, 504, 530)
[M::mem_pestat] low and high boundaries for computing mean and std.dev: (1, 1126)
[M::mem_pestat] mean and std.dev: (394.05, 181.60)
[M::mem_pestat] low and high boundaries for proper pairs: (1, 1424)
[M::mem_pestat] skip orientation RF as there are not enough pairs
[M::mem_pestat] skip orientation RR as there are not enough pairs
[M::mem_process_seqs] Processed 266668 reads in 306.416 CPU sec, 76.713 real sec
[M::process] read 266668 sequences (40000200 bp)...
[M::mem_pestat] # candidate unique pairs for (FF, FR, RF, RR): (17, 2989, 2, 6)
[M::mem_pestat] analyzing insert size distribution for orientation FF...
[M::mem_pestat] (25, 50, 75) percentile: (233, 752, 1495)
[M::mem_pestat] low and high boundaries for computing mean and std.dev: (1, 4019)
[M::mem_pestat] mean and std.dev: (841.56, 764.52)
[M::mem_pestat] low and high boundaries for proper pairs: (1, 5281)
[M::mem_pestat] analyzing insert size distribution for orientation FR...
[M::mem_pestat] (25, 50, 75) percentile: (228, 504, 530)
[M::mem_pestat] low and high boundaries for computing mean and std.dev: (1, 1134)
[M::mem_pestat] mean and std.dev: (394.66, 181.29)
[M::mem_pestat] low and high boundaries for proper pairs: (1, 1436)
[M::mem_pestat] skip orientation RF as there are not enough pairs
[M::mem_pestat] skip orientation RR as there are not enough pairs
[M::mem_pestat] skip orientation FF
[M::mem_process_seqs] Processed 266668 reads in 306.106 CPU sec, 76.649 real sec
[M::process] read 266668 sequences (40000200 bp)...
[M::mem_pestat] # candidate unique pairs for (FF, FR, RF, RR): (8, 3051, 3, 7)
[M::mem_pestat] skip orientation FF as there are not enough pairs
[M::mem_pestat] analyzing insert size distribution for orientation FR...
[M::mem_pestat] (25, 50, 75) percentile: (219, 503, 530)
[M::mem_pestat] low and high boundaries for computing mean and std.dev: (1, 1152)
[M::mem_pestat] mean and std.dev: (389.72, 185.09)
[M::mem_pestat] low and high boundaries for proper pairs: (1, 1463)
[M::mem_pestat] skip orientation RF as there are not enough pairs
[M::mem_pestat] skip orientation RR as there are not enough pairs
[M::mem_process_seqs] Processed 266668 reads in 307.837 CPU sec, 77.090 real sec
[M::process] read 266668 sequences (40000200 bp)...
[M::mem_pestat] # candidate unique pairs for (FF, FR, RF, RR): (13, 3053, 4, 9)
[M::mem_pestat] analyzing insert size distribution for orientation FF...
[M::mem_pestat] (25, 50, 75) percentile: (215, 699, 1876)
[M::mem_pestat] low and high boundaries for computing mean and std.dev: (1, 5198)
[M::mem_pestat] mean and std.dev: (1055.38, 1072.14)
[M::mem_pestat] low and high boundaries for proper pairs: (1, 6859)
[M::mem_pestat] analyzing insert size distribution for orientation FR...
[M::mem_pestat] (25, 50, 75) percentile: (228, 503, 531)
[M::mem_pestat] low and high boundaries for computing mean and std.dev: (1, 1137)
[M::mem_pestat] mean and std.dev: (392.35, 183.20)
[M::mem_pestat] low and high boundaries for proper pairs: (1, 1440)
[M::mem_pestat] skip orientation RF as there are not enough pairs
[M::mem_pestat] skip orientation RR as there are not enough pairs
[M::mem_pestat] skip orientation FF
[M::mem_process_seqs] Processed 266668 reads in 304.271 CPU sec, 76.195 real sec
[M::process] read 266668 sequences (40000200 bp)...
[M::mem_pestat] # candidate unique pairs for (FF, FR, RF, RR): (18, 3040, 4, 3)
[M::mem_pestat] analyzing insert size distribution for orientation FF...
[M::mem_pestat] (25, 50, 75) percentile: (111, 236, 766)
[M::mem_pestat] low and high boundaries for computing mean and std.dev: (1, 2076)
[M::mem_pestat] mean and std.dev: (455.18, 511.52)
[M::mem_pestat] low and high boundaries for proper pairs: (1, 2731)
[M::mem_pestat] analyzing insert size distribution for orientation FR...
[M::mem_pestat] (25, 50, 75) percentile: (227, 504, 530)
[M::mem_pestat] low and high boundaries for computing mean and std.dev: (1, 1136)
[M::mem_pestat] mean and std.dev: (390.82, 182.28)
[M::mem_pestat] low and high boundaries for proper pairs: (1, 1439)
[M::mem_pestat] skip orientation RF as there are not enough pairs
[M::mem_pestat] skip orientation RR as there are not enough pairs
[M::mem_pestat] skip orientation FF
[M::mem_process_seqs] Processed 266668 reads in 304.497 CPU sec, 76.246 real sec
[M::process] read 266668 sequences (40000200 bp)...
[M::mem_pestat] # candidate unique pairs for (FF, FR, RF, RR): (5, 3142, 2, 7)
[M::mem_pestat] skip orientation FF as there are not enough pairs
[M::mem_pestat] analyzing insert size distribution for orientation FR...
[M::mem_pestat] (25, 50, 75) percentile: (219, 503, 529)
[M::mem_pestat] low and high boundaries for computing mean and std.dev: (1, 1149)
[M::mem_pestat] mean and std.dev: (390.14, 183.98)
[M::mem_pestat] low and high boundaries for proper pairs: (1, 1459)
[M::mem_pestat] skip orientation RF as there are not enough pairs
[M::mem_pestat] skip orientation RR as there are not enough pairs
[M::mem_process_seqs] Processed 266668 reads in 309.399 CPU sec, 77.473 real sec
[M::process] read 266668 sequences (40000200 bp)...
[M::mem_pestat] # candidate unique pairs for (FF, FR, RF, RR): (5, 3049, 4, 7)
[M::mem_pestat] skip orientation FF as there are not enough pairs
[M::mem_pestat] analyzing insert size distribution for orientation FR...
[M::mem_pestat] (25, 50, 75) percentile: (231, 503, 529)
[M::mem_pestat] low and high boundaries for computing mean and std.dev: (1, 1125)
[M::mem_pestat] mean and std.dev: (391.70, 181.66)
[M::mem_pestat] low and high boundaries for proper pairs: (1, 1423)
[M::mem_pestat] skip orientation RF as there are not enough pairs
[M::mem_pestat] skip orientation RR as there are not enough pairs
[M::mem_process_seqs] Processed 266668 reads in 303.812 CPU sec, 76.059 real sec
[M::process] read 266668 sequences (40000200 bp)...
[M::mem_pestat] # candidate unique pairs for (FF, FR, RF, RR): (14, 3106, 0, 3)
[M::mem_pestat] analyzing insert size distribution for orientation FF...
[M::mem_pestat] (25, 50, 75) percentile: (131, 212, 762)
[M::mem_pestat] low and high boundaries for computing mean and std.dev: (1, 2024)
[M::mem_pestat] mean and std.dev: (432.64, 423.86)
[M::mem_pestat] low and high boundaries for proper pairs: (1, 2655)
[M::mem_pestat] analyzing insert size distribution for orientation FR...
[M::mem_pestat] (25, 50, 75) percentile: (224, 503, 529)
[M::mem_pestat] low and high boundaries for computing mean and std.dev: (1, 1139)
[M::mem_pestat] mean and std.dev: (392.80, 181.06)
[M::mem_pestat] low and high boundaries for proper pairs: (1, 1444)
[M::mem_pestat] skip orientation RF as there are not enough pairs
[M::mem_pestat] skip orientation RR as there are not enough pairs
[M::mem_pestat] skip orientation FF
[M::mem_process_seqs] Processed 266668 reads in 304.306 CPU sec, 76.196 real sec
[M::process] read 266668 sequences (40000200 bp)...
[M::mem_pestat] # candidate unique pairs for (FF, FR, RF, RR): (12, 3038, 1, 5)
[M::mem_pestat] analyzing insert size distribution for orientation FF...
[M::mem_pestat] (25, 50, 75) percentile: (218, 629, 1065)
[M::mem_pestat] low and high boundaries for computing mean and std.dev: (1, 2759)
[M::mem_pestat] mean and std.dev: (572.91, 446.29)
[M::mem_pestat] low and high boundaries for proper pairs: (1, 3606)
[M::mem_pestat] analyzing insert size distribution for orientation FR...
[M::mem_pestat] (25, 50, 75) percentile: (226, 503, 532)
[M::mem_pestat] low and high boundaries for computing mean and std.dev: (1, 1144)
[M::mem_pestat] mean and std.dev: (393.63, 182.98)
[M::mem_pestat] low and high boundaries for proper pairs: (1, 1450)
[M::mem_pestat] skip orientation RF as there are not enough pairs
[M::mem_pestat] skip orientation RR as there are not enough pairs
[M::mem_pestat] skip orientation FF
[M::mem_process_seqs] Processed 266668 reads in 304.657 CPU sec, 76.264 real sec
[M::process] read 266668 sequences (40000200 bp)...
[M::mem_pestat] # candidate unique pairs for (FF, FR, RF, RR): (9, 3032, 3, 9)
[M::mem_pestat] skip orientation FF as there are not enough pairs
[M::mem_pestat] analyzing insert size distribution for orientation FR...
[M::mem_pestat] (25, 50, 75) percentile: (228, 503, 532)
[M::mem_pestat] low and high boundaries for computing mean and std.dev: (1, 1140)
[M::mem_pestat] mean and std.dev: (391.04, 180.64)
[M::mem_pestat] low and high boundaries for proper pairs: (1, 1444)
[M::mem_pestat] skip orientation RF as there are not enough pairs
[M::mem_pestat] skip orientation RR as there are not enough pairs
[M::mem_process_seqs] Processed 266668 reads in 305.682 CPU sec, 76.520 real sec
[M::process] read 266668 sequences (40000200 bp)...
[M::mem_pestat] # candidate unique pairs for (FF, FR, RF, RR): (12, 3096, 2, 6)
[M::mem_pestat] analyzing insert size distribution for orientation FF...
[M::mem_pestat] (25, 50, 75) percentile: (171, 238, 443)
[M::mem_pestat] low and high boundaries for computing mean and std.dev: (1, 987)
[M::mem_pestat] mean and std.dev: (218.00, 88.56)
[M::mem_pestat] low and high boundaries for proper pairs: (1, 1259)
[M::mem_pestat] analyzing insert size distribution for orientation FR...
[M::mem_pestat] (25, 50, 75) percentile: (220, 504, 531)
[M::mem_pestat] low and high boundaries for computing mean and std.dev: (1, 1153)
[M::mem_pestat] mean and std.dev: (393.09, 184.21)
[M::mem_pestat] low and high boundaries for proper pairs: (1, 1464)
[M::mem_pestat] skip orientation RF as there are not enough pairs
[M::mem_pestat] skip orientation RR as there are not enough pairs
[M::mem_pestat] skip orientation FF
[M::mem_process_seqs] Processed 266668 reads in 307.124 CPU sec, 76.880 real sec
[M::process] read 266668 sequences (40000200 bp)...
[M::mem_pestat] # candidate unique pairs for (FF, FR, RF, RR): (11, 3174, 2, 5)
[M::mem_pestat] analyzing insert size distribution for orientation FF...
[M::mem_pestat] (25, 50, 75) percentile: (163, 197, 381)
[M::mem_pestat] low and high boundaries for computing mean and std.dev: (1, 817)
[M::mem_pestat] mean and std.dev: (228.60, 159.85)
[M::mem_pestat] low and high boundaries for proper pairs: (1, 1035)
[M::mem_pestat] analyzing insert size distribution for orientation FR...
[M::mem_pestat] (25, 50, 75) percentile: (235, 505, 533)
[M::mem_pestat] low and high boundaries for computing mean and std.dev: (1, 1129)
[M::mem_pestat] mean and std.dev: (396.99, 182.19)
[M::mem_pestat] low and high boundaries for proper pairs: (1, 1427)
[M::mem_pestat] skip orientation RF as there are not enough pairs
[M::mem_pestat] skip orientation RR as there are not enough pairs
[M::mem_pestat] skip orientation FF
[M::mem_process_seqs] Processed 266668 reads in 302.519 CPU sec, 75.761 real sec
[M::process] read 266668 sequences (40000200 bp)...
[M::mem_pestat] # candidate unique pairs for (FF, FR, RF, RR): (10, 2962, 1, 10)
[M::mem_pestat] analyzing insert size distribution for orientation FF...
[M::mem_pestat] (25, 50, 75) percentile: (213, 534, 1534)
[M::mem_pestat] low and high boundaries for computing mean and std.dev: (1, 4176)
[M::mem_pestat] mean and std.dev: (1098.10, 1162.24)
[M::mem_pestat] low and high boundaries for proper pairs: (1, 5747)
[M::mem_pestat] analyzing insert size distribution for orientation FR...
[M::mem_pestat] (25, 50, 75) percentile: (214, 502, 528)
[M::mem_pestat] low and high boundaries for computing mean and std.dev: (1, 1156)
[M::mem_pestat] mean and std.dev: (383.99, 183.54)
[M::mem_pestat] low and high boundaries for proper pairs: (1, 1470)
[M::mem_pestat] skip orientation RF as there are not enough pairs
[M::mem_pestat] analyzing insert size distribution for orientation RR...
[M::mem_pestat] (25, 50, 75) percentile: (143, 683, 1123)
[M::mem_pestat] low and high boundaries for computing mean and std.dev: (1, 3083)
[M::mem_pestat] mean and std.dev: (540.89, 425.01)
[M::mem_pestat] low and high boundaries for proper pairs: (1, 4063)
[M::mem_pestat] skip orientation FF
[M::mem_pestat] skip orientation RR
[M::mem_process_seqs] Processed 266668 reads in 308.933 CPU sec, 77.375 real sec
[M::process] read 266668 sequences (40000200 bp)...
[M::mem_pestat] # candidate unique pairs for (FF, FR, RF, RR): (9, 3114, 5, 8)
[M::mem_pestat] skip orientation FF as there are not enough pairs
[M::mem_pestat] analyzing insert size distribution for orientation FR...
[M::mem_pestat] (25, 50, 75) percentile: (213, 502, 528)
[M::mem_pestat] low and high boundaries for computing mean and std.dev: (1, 1158)
[M::mem_pestat] mean and std.dev: (383.91, 183.60)
[M::mem_pestat] low and high boundaries for proper pairs: (1, 1473)
[M::mem_pestat] skip orientation RF as there are not enough pairs
[M::mem_pestat] skip orientation RR as there are not enough pairs
[M::mem_process_seqs] Processed 266668 reads in 304.248 CPU sec, 76.171 real sec
[M::process] read 266668 sequences (40000200 bp)...
[M::mem_pestat] # candidate unique pairs for (FF, FR, RF, RR): (13, 3011, 2, 3)
[M::mem_pestat] analyzing insert size distribution for orientation FF...
[M::mem_pestat] (25, 50, 75) percentile: (231, 630, 1431)
[M::mem_pestat] low and high boundaries for computing mean and std.dev: (1, 3831)
[M::mem_pestat] mean and std.dev: (923.85, 873.63)
[M::mem_pestat] low and high boundaries for proper pairs: (1, 5031)
[M::mem_pestat] analyzing insert size distribution for orientation FR...
[M::mem_pestat] (25, 50, 75) percentile: (218, 503, 529)
[M::mem_pestat] low and high boundaries for computing mean and std.dev: (1, 1151)
[M::mem_pestat] mean and std.dev: (387.58, 182.35)
[M::mem_pestat] low and high boundaries for proper pairs: (1, 1462)
[M::mem_pestat] skip orientation RF as there are not enough pairs
[M::mem_pestat] skip orientation RR as there are not enough pairs
[M::mem_pestat] skip orientation FF
[M::mem_process_seqs] Processed 266668 reads in 308.546 CPU sec, 77.238 real sec
[M::process] read 266668 sequences (40000200 bp)...
[M::mem_pestat] # candidate unique pairs for (FF, FR, RF, RR): (18, 3076, 2, 8)
[M::mem_pestat] analyzing insert size distribution for orientation FF...
[M::mem_pestat] (25, 50, 75) percentile: (132, 530, 906)
[M::mem_pestat] low and high boundaries for computing mean and std.dev: (1, 2454)
[M::mem_pestat] mean and std.dev: (600.83, 551.14)
[M::mem_pestat] low and high boundaries for proper pairs: (1, 3228)
[M::mem_pestat] analyzing insert size distribution for orientation FR...
[M::mem_pestat] (25, 50, 75) percentile: (226, 503, 530)
[M::mem_pestat] low and high boundaries for computing mean and std.dev: (1, 1138)
[M::mem_pestat] mean and std.dev: (390.33, 182.46)
[M::mem_pestat] low and high boundaries for proper pairs: (1, 1442)
[M::mem_pestat] skip orientation RF as there are not enough pairs
[M::mem_pestat] skip orientation RR as there are not enough pairs
[M::mem_pestat] skip orientation FF
[M::mem_process_seqs] Processed 266668 reads in 306.566 CPU sec, 76.755 real sec
[M::process] read 266668 sequences (40000200 bp)...
[M::mem_pestat] # candidate unique pairs for (FF, FR, RF, RR): (9, 3151, 2, 8)
[M::mem_pestat] skip orientation FF as there are not enough pairs
[M::mem_pestat] analyzing insert size distribution for orientation FR...
[M::mem_pestat] (25, 50, 75) percentile: (221, 502, 530)
[M::mem_pestat] low and high boundaries for computing mean and std.dev: (1, 1148)
[M::mem_pestat] mean and std.dev: (388.17, 182.55)
[M::mem_pestat] low and high boundaries for proper pairs: (1, 1457)
[M::mem_pestat] skip orientation RF as there are not enough pairs
[M::mem_pestat] skip orientation RR as there are not enough pairs
[M::mem_process_seqs] Processed 266668 reads in 303.535 CPU sec, 75.979 real sec
[M::process] read 266668 sequences (40000200 bp)...
[M::mem_pestat] # candidate unique pairs for (FF, FR, RF, RR): (11, 3065, 1, 7)
[M::mem_pestat] analyzing insert size distribution for orientation FF...
[M::mem_pestat] (25, 50, 75) percentile: (143, 165, 1277)
[M::mem_pestat] low and high boundaries for computing mean and std.dev: (1, 3545)
[M::mem_pestat] mean and std.dev: (646.36, 782.50)
[M::mem_pestat] low and high boundaries for proper pairs: (1, 4679)
[M::mem_pestat] analyzing insert size distribution for orientation FR...
[M::mem_pestat] (25, 50, 75) percentile: (213, 503, 529)
[M::mem_pestat] low and high boundaries for computing mean and std.dev: (1, 1161)
[M::mem_pestat] mean and std.dev: (387.14, 184.75)
[M::mem_pestat] low and high boundaries for proper pairs: (1, 1477)
[M::mem_pestat] skip orientation RF as there are not enough pairs
[M::mem_pestat] skip orientation RR as there are not enough pairs
[M::mem_pestat] skip orientation FF
[M::mem_process_seqs] Processed 266668 reads in 307.820 CPU sec, 77.048 real sec
[M::process] read 266668 sequences (40000200 bp)...
[M::mem_pestat] # candidate unique pairs for (FF, FR, RF, RR): (6, 3150, 7, 10)
[M::mem_pestat] skip orientation FF as there are not enough pairs
[M::mem_pestat] analyzing insert size distribution for orientation FR...
[M::mem_pestat] (25, 50, 75) percentile: (228, 503, 531)
[M::mem_pestat] low and high boundaries for computing mean and std.dev: (1, 1137)
[M::mem_pestat] mean and std.dev: (393.03, 182.27)
[M::mem_pestat] low and high boundaries for proper pairs: (1, 1440)
[M::mem_pestat] skip orientation RF as there are not enough pairs
[M::mem_pestat] analyzing insert size distribution for orientation RR...
[M::mem_pestat] (25, 50, 75) percentile: (200, 1463, 3566)
[M::mem_pestat] low and high boundaries for computing mean and std.dev: (1, 10298)
[M::mem_pestat] mean and std.dev: (2149.00, 2203.08)
[M::mem_pestat] low and high boundaries for proper pairs: (1, 13664)
[M::mem_pestat] skip orientation RR
[M::mem_process_seqs] Processed 266668 reads in 304.991 CPU sec, 76.368 real sec
[M::process] read 266668 sequences (40000200 bp)...
[M::mem_pestat] # candidate unique pairs for (FF, FR, RF, RR): (13, 3040, 2, 8)
[M::mem_pestat] analyzing insert size distribution for orientation FF...
[M::mem_pestat] (25, 50, 75) percentile: (211, 489, 1677)
[M::mem_pestat] low and high boundaries for computing mean and std.dev: (1, 4609)
[M::mem_pestat] mean and std.dev: (1108.31, 1326.57)
[M::mem_pestat] low and high boundaries for proper pairs: (1, 6415)
[M::mem_pestat] analyzing insert size distribution for orientation FR...
[M::mem_pestat] (25, 50, 75) percentile: (222, 503, 531)
[M::mem_pestat] low and high boundaries for computing mean and std.dev: (1, 1149)
[M::mem_pestat] mean and std.dev: (389.36, 182.13)
[M::mem_pestat] low and high boundaries for proper pairs: (1, 1458)
[M::mem_pestat] skip orientation RF as there are not enough pairs
[M::mem_pestat] skip orientation RR as there are not enough pairs
[M::mem_pestat] skip orientation FF
[M::mem_process_seqs] Processed 266668 reads in 305.779 CPU sec, 76.636 real sec
[M::process] read 266668 sequences (40000200 bp)...
[M::mem_pestat] # candidate unique pairs for (FF, FR, RF, RR): (14, 3101, 2, 11)
[M::mem_pestat] analyzing insert size distribution for orientation FF...
[M::mem_pestat] (25, 50, 75) percentile: (121, 177, 559)
[M::mem_pestat] low and high boundaries for computing mean and std.dev: (1, 1435)
[M::mem_pestat] mean and std.dev: (187.09, 124.22)
[M::mem_pestat] low and high boundaries for proper pairs: (1, 1873)
[M::mem_pestat] analyzing insert size distribution for orientation FR...
[M::mem_pestat] (25, 50, 75) percentile: (218, 503, 530)
[M::mem_pestat] low and high boundaries for computing mean and std.dev: (1, 1154)
[M::mem_pestat] mean and std.dev: (388.23, 183.33)
[M::mem_pestat] low and high boundaries for proper pairs: (1, 1466)
[M::mem_pestat] skip orientation RF as there are not enough pairs
[M::mem_pestat] analyzing insert size distribution for orientation RR...
[M::mem_pestat] (25, 50, 75) percentile: (709, 838, 1047)
[M::mem_pestat] low and high boundaries for computing mean and std.dev: (33, 1723)
[M::mem_pestat] mean and std.dev: (820.70, 334.60)
[M::mem_pestat] low and high boundaries for proper pairs: (1, 2159)
[M::mem_pestat] skip orientation FF
[M::mem_pestat] skip orientation RR
[M::mem_process_seqs] Processed 266668 reads in 309.121 CPU sec, 77.410 real sec
[M::process] read 266668 sequences (40000200 bp)...
[M::mem_pestat] # candidate unique pairs for (FF, FR, RF, RR): (9, 2997, 2, 7)
[M::mem_pestat] skip orientation FF as there are not enough pairs
[M::mem_pestat] analyzing insert size distribution for orientation FR...
[M::mem_pestat] (25, 50, 75) percentile: (232, 504, 530)
[M::mem_pestat] low and high boundaries for computing mean and std.dev: (1, 1126)
[M::mem_pestat] mean and std.dev: (393.67, 181.80)
[M::mem_pestat] low and high boundaries for proper pairs: (1, 1424)
[M::mem_pestat] skip orientation RF as there are not enough pairs
[M::mem_pestat] skip orientation RR as there are not enough pairs
[M::mem_process_seqs] Processed 266668 reads in 303.202 CPU sec, 75.914 real sec
[M::process] read 266668 sequences (40000200 bp)...
[M::mem_pestat] # candidate unique pairs for (FF, FR, RF, RR): (12, 3090, 3, 8)
[M::mem_pestat] analyzing insert size distribution for orientation FF...
[M::mem_pestat] (25, 50, 75) percentile: (168, 429, 1564)
[M::mem_pestat] low and high boundaries for computing mean and std.dev: (1, 4356)
[M::mem_pestat] mean and std.dev: (878.25, 1046.48)
[M::mem_pestat] low and high boundaries for proper pairs: (1, 5752)
[M::mem_pestat] analyzing insert size distribution for orientation FR...
[M::mem_pestat] (25, 50, 75) percentile: (215, 503, 530)
[M::mem_pestat] low and high boundaries for computing mean and std.dev: (1, 1160)
[M::mem_pestat] mean and std.dev: (386.18, 183.22)
[M::mem_pestat] low and high boundaries for proper pairs: (1, 1475)
[M::mem_pestat] skip orientation RF as there are not enough pairs
[M::mem_pestat] skip orientation RR as there are not enough pairs
[M::mem_pestat] skip orientation FF
[M::mem_process_seqs] Processed 266668 reads in 309.761 CPU sec, 77.574 real sec
[M::process] read 266668 sequences (40000200 bp)...
[M::mem_pestat] # candidate unique pairs for (FF, FR, RF, RR): (14, 3000, 0, 5)
[M::mem_pestat] analyzing insert size distribution for orientation FF...
[M::mem_pestat] (25, 50, 75) percentile: (172, 356, 888)
[M::mem_pestat] low and high boundaries for computing mean and std.dev: (1, 2320)
[M::mem_pestat] mean and std.dev: (586.93, 610.08)
[M::mem_pestat] low and high boundaries for proper pairs: (1, 3036)
[M::mem_pestat] analyzing insert size distribution for orientation FR...
[M::mem_pestat] (25, 50, 75) percentile: (224, 503, 529)
[M::mem_pestat] low and high boundaries for computing mean and std.dev: (1, 1139)
[M::mem_pestat] mean and std.dev: (390.52, 181.61)
[M::mem_pestat] low and high boundaries for proper pairs: (1, 1444)
[M::mem_pestat] skip orientation RF as there are not enough pairs
[M::mem_pestat] skip orientation RR as there are not enough pairs
[M::mem_pestat] skip orientation FF
[M::mem_process_seqs] Processed 266668 reads in 307.658 CPU sec, 77.019 real sec
[M::process] read 266668 sequences (40000200 bp)...
[M::mem_pestat] # candidate unique pairs for (FF, FR, RF, RR): (15, 3140, 3, 4)
[M::mem_pestat] analyzing insert size distribution for orientation FF...
[M::mem_pestat] (25, 50, 75) percentile: (150, 248, 1404)
[M::mem_pestat] low and high boundaries for computing mean and std.dev: (1, 3912)
[M::mem_pestat] mean and std.dev: (705.29, 915.69)
[M::mem_pestat] low and high boundaries for proper pairs: (1, 5166)
[M::mem_pestat] analyzing insert size distribution for orientation FR...
[M::mem_pestat] (25, 50, 75) percentile: (200, 501, 527)
[M::mem_pestat] low and high boundaries for computing mean and std.dev: (1, 1181)
[M::mem_pestat] mean and std.dev: (382.17, 184.20)
[M::mem_pestat] low and high boundaries for proper pairs: (1, 1508)
[M::mem_pestat] skip orientation RF as there are not enough pairs
[M::mem_pestat] skip orientation RR as there are not enough pairs
[M::mem_pestat] skip orientation FF
[M::mem_process_seqs] Processed 266668 reads in 307.734 CPU sec, 77.041 real sec
[M::process] read 266668 sequences (40000200 bp)...
[M::mem_pestat] # candidate unique pairs for (FF, FR, RF, RR): (13, 3201, 5, 4)
[M::mem_pestat] analyzing insert size distribution for orientation FF...
[M::mem_pestat] (25, 50, 75) percentile: (118, 282, 1064)
[M::mem_pestat] low and high boundaries for computing mean and std.dev: (1, 2956)
[M::mem_pestat] mean and std.dev: (623.17, 774.65)
[M::mem_pestat] low and high boundaries for proper pairs: (1, 3902)
[M::mem_pestat] analyzing insert size distribution for orientation FR...
[M::mem_pestat] (25, 50, 75) percentile: (239, 504, 532)
[M::mem_pestat] low and high boundaries for computing mean and std.dev: (1, 1118)
[M::mem_pestat] mean and std.dev: (396.34, 180.17)
[M::mem_pestat] low and high boundaries for proper pairs: (1, 1411)
[M::mem_pestat] skip orientation RF as there are not enough pairs
[M::mem_pestat] skip orientation RR as there are not enough pairs
[M::mem_pestat] skip orientation FF
[M::mem_process_seqs] Processed 266668 reads in 301.295 CPU sec, 75.469 real sec
[M::process] read 266668 sequences (40000200 bp)...
[M::mem_pestat] # candidate unique pairs for (FF, FR, RF, RR): (11, 3259, 5, 8)
[M::mem_pestat] analyzing insert size distribution for orientation FF...
[M::mem_pestat] (25, 50, 75) percentile: (195, 270, 1686)
[M::mem_pestat] low and high boundaries for computing mean and std.dev: (1, 4668)
[M::mem_pestat] mean and std.dev: (1045.73, 1328.30)
[M::mem_pestat] low and high boundaries for proper pairs: (1, 6359)
[M::mem_pestat] analyzing insert size distribution for orientation FR...
[M::mem_pestat] (25, 50, 75) percentile: (228, 504, 532)
[M::mem_pestat] low and high boundaries for computing mean and std.dev: (1, 1140)
[M::mem_pestat] mean and std.dev: (392.98, 183.22)
[M::mem_pestat] low and high boundaries for proper pairs: (1, 1444)
[M::mem_pestat] skip orientation RF as there are not enough pairs
[M::mem_pestat] skip orientation RR as there are not enough pairs
[M::mem_pestat] skip orientation FF
[M::mem_process_seqs] Processed 266668 reads in 306.397 CPU sec, 76.875 real sec
[M::process] read 266668 sequences (40000200 bp)...
[M::mem_pestat] # candidate unique pairs for (FF, FR, RF, RR): (5, 3139, 6, 8)
[M::mem_pestat] skip orientation FF as there are not enough pairs
[M::mem_pestat] analyzing insert size distribution for orientation FR...
[M::mem_pestat] (25, 50, 75) percentile: (220, 502, 529)
[M::mem_pestat] low and high boundaries for computing mean and std.dev: (1, 1147)
[M::mem_pestat] mean and std.dev: (387.10, 180.92)
[M::mem_pestat] low and high boundaries for proper pairs: (1, 1456)
[M::mem_pestat] skip orientation RF as there are not enough pairs
[M::mem_pestat] skip orientation RR as there are not enough pairs
[M::mem_process_seqs] Processed 266668 reads in 306.710 CPU sec, 76.858 real sec
[M::process] read 48264 sequences (7239600 bp)...
[M::mem_pestat] # candidate unique pairs for (FF, FR, RF, RR): (8, 3021, 0, 5)
[M::mem_pestat] skip orientation FF as there are not enough pairs
[M::mem_pestat] analyzing insert size distribution for orientation FR...
[M::mem_pestat] (25, 50, 75) percentile: (218, 503, 530)
[M::mem_pestat] low and high boundaries for computing mean and std.dev: (1, 1154)
[M::mem_pestat] mean and std.dev: (389.62, 181.35)
[M::mem_pestat] low and high boundaries for proper pairs: (1, 1466)
[M::mem_pestat] skip orientation RF as there are not enough pairs
[M::mem_pestat] skip orientation RR as there are not enough pairs
[M::mem_process_seqs] Processed 266668 reads in 312.507 CPU sec, 78.273 real sec
[M::mem_pestat] # candidate unique pairs for (FF, FR, RF, RR): (1, 582, 0, 1)
[M::mem_pestat] skip orientation FF as there are not enough pairs
[M::mem_pestat] analyzing insert size distribution for orientation FR...
[M::mem_pestat] (25, 50, 75) percentile: (227, 503, 529)
[M::mem_pestat] low and high boundaries for computing mean and std.dev: (1, 1133)
[M::mem_pestat] mean and std.dev: (389.40, 181.23)
[M::mem_pestat] low and high boundaries for proper pairs: (1, 1435)
[M::mem_pestat] skip orientation RF as there are not enough pairs
[M::mem_pestat] skip orientation RR as there are not enough pairs
[M::mem_process_seqs] Processed 48264 reads in 57.665 CPU sec, 14.457 real sec
[main] Version: 0.7.17-r1188
[main] CMD: bwa mem -t 4 -a /mnt/raid6/bacphagenetwork/data/bwa_index/chm13v2.0_noY.fa /mnt/raid6/bacphagenetwork/data/skin_metagenome/Guangzhou/02_rm_host/28_1.fastq.gz /mnt/raid6/bacphagenetwork/data/skin_metagenome/Guangzhou/02_rm_host/28_2.fastq.gz
[main] Real time: 6628.966 sec; CPU: 26456.762 sec
