[M::bwa_idx_load_from_disk] read 0 ALT contigs
[M::process] read 266668 sequences (40000200 bp)...
[M::process] read 266668 sequences (40000200 bp)...
[M::mem_pestat] # candidate unique pairs for (FF, FR, RF, RR): (24, 4241, 3, 17)
[M::mem_pestat] analyzing insert size distribution for orientation FF...
[M::mem_pestat] (25, 50, 75) percentile: (226, 910, 3063)
[M::mem_pestat] low and high boundaries for computing mean and std.dev: (1, 8737)
[M::mem_pestat] mean and std.dev: (1852.96, 2094.51)
[M::mem_pestat] low and high boundaries for proper pairs: (1, 11574)
[M::mem_pestat] analyzing insert size distribution for orientation FR...
[M::mem_pestat] (25, 50, 75) percentile: (332, 512, 538)
[M::mem_pestat] low and high boundaries for computing mean and std.dev: (1, 950)
[M::mem_pestat] mean and std.dev: (440.91, 160.06)
[M::mem_pestat] low and high boundaries for proper pairs: (1, 1156)
[M::mem_pestat] skip orientation RF as there are not enough pairs
[M::mem_pestat] analyzing insert size distribution for orientation RR...
[M::mem_pestat] (25, 50, 75) percentile: (909, 1302, 2406)
[M::mem_pestat] low and high boundaries for computing mean and std.dev: (1, 5400)
[M::mem_pestat] mean and std.dev: (1572.00, 1205.76)
[M::mem_pestat] low and high boundaries for proper pairs: (1, 6897)
[M::mem_pestat] skip orientation FF
[M::mem_pestat] skip orientation RR
[M::mem_process_seqs] Processed 266668 reads in 216.844 CPU sec, 54.534 real sec
[M::process] read 266668 sequences (40000200 bp)...
[M::mem_pestat] # candidate unique pairs for (FF, FR, RF, RR): (38, 4178, 5, 17)
[M::mem_pestat] analyzing insert size distribution for orientation FF...
[M::mem_pestat] (25, 50, 75) percentile: (161, 685, 1807)
[M::mem_pestat] low and high boundaries for computing mean and std.dev: (1, 5099)
[M::mem_pestat] mean and std.dev: (956.22, 945.90)
[M::mem_pestat] low and high boundaries for proper pairs: (1, 6745)
[M::mem_pestat] analyzing insert size distribution for orientation FR...
[M::mem_pestat] (25, 50, 75) percentile: (289, 508, 533)
[M::mem_pestat] low and high boundaries for computing mean and std.dev: (1, 1021)
[M::mem_pestat] mean and std.dev: (425.65, 161.92)
[M::mem_pestat] low and high boundaries for proper pairs: (1, 1265)
[M::mem_pestat] skip orientation RF as there are not enough pairs
[M::mem_pestat] analyzing insert size distribution for orientation RR...
[M::mem_pestat] (25, 50, 75) percentile: (668, 902, 1155)
[M::mem_pestat] low and high boundaries for computing mean and std.dev: (1, 2129)
[M::mem_pestat] mean and std.dev: (786.93, 475.61)
[M::mem_pestat] low and high boundaries for proper pairs: (1, 2689)
[M::mem_pestat] skip orientation FF
[M::mem_pestat] skip orientation RR
[M::mem_process_seqs] Processed 266668 reads in 231.996 CPU sec, 58.160 real sec
[M::process] read 266668 sequences (40000200 bp)...
[M::mem_pestat] # candidate unique pairs for (FF, FR, RF, RR): (26, 4099, 5, 26)
[M::mem_pestat] analyzing insert size distribution for orientation FF...
[M::mem_pestat] (25, 50, 75) percentile: (127, 1543, 2569)
[M::mem_pestat] low and high boundaries for computing mean and std.dev: (1, 7453)
[M::mem_pestat] mean and std.dev: (1710.20, 1777.34)
[M::mem_pestat] low and high boundaries for proper pairs: (1, 9895)
[M::mem_pestat] analyzing insert size distribution for orientation FR...
[M::mem_pestat] (25, 50, 75) percentile: (302, 509, 536)
[M::mem_pestat] low and high boundaries for computing mean and std.dev: (1, 1004)
[M::mem_pestat] mean and std.dev: (431.09, 161.76)
[M::mem_pestat] low and high boundaries for proper pairs: (1, 1238)
[M::mem_pestat] skip orientation RF as there are not enough pairs
[M::mem_pestat] analyzing insert size distribution for orientation RR...
[M::mem_pestat] (25, 50, 75) percentile: (764, 1575, 2980)
[M::mem_pestat] low and high boundaries for computing mean and std.dev: (1, 7412)
[M::mem_pestat] mean and std.dev: (1841.21, 1567.10)
[M::mem_pestat] low and high boundaries for proper pairs: (1, 9628)
[M::mem_pestat] skip orientation FF
[M::mem_pestat] skip orientation RR
[M::mem_process_seqs] Processed 266668 reads in 222.136 CPU sec, 55.685 real sec
[M::process] read 266668 sequences (40000200 bp)...
[M::mem_pestat] # candidate unique pairs for (FF, FR, RF, RR): (30, 4278, 4, 22)
[M::mem_pestat] analyzing insert size distribution for orientation FF...
[M::mem_pestat] (25, 50, 75) percentile: (177, 763, 1225)
[M::mem_pestat] low and high boundaries for computing mean and std.dev: (1, 3321)
[M::mem_pestat] mean and std.dev: (799.83, 788.00)
[M::mem_pestat] low and high boundaries for proper pairs: (1, 4369)
[M::mem_pestat] analyzing insert size distribution for orientation FR...
[M::mem_pestat] (25, 50, 75) percentile: (337, 513, 540)
[M::mem_pestat] low and high boundaries for computing mean and std.dev: (1, 946)
[M::mem_pestat] mean and std.dev: (443.52, 160.18)
[M::mem_pestat] low and high boundaries for proper pairs: (1, 1149)
[M::mem_pestat] skip orientation RF as there are not enough pairs
[M::mem_pestat] analyzing insert size distribution for orientation RR...
[M::mem_pestat] (25, 50, 75) percentile: (833, 1580, 2257)
[M::mem_pestat] low and high boundaries for computing mean and std.dev: (1, 5105)
[M::mem_pestat] mean and std.dev: (1663.19, 1192.32)
[M::mem_pestat] low and high boundaries for proper pairs: (1, 6529)
[M::mem_pestat] skip orientation FF
[M::mem_pestat] skip orientation RR
[M::mem_process_seqs] Processed 266668 reads in 217.671 CPU sec, 54.518 real sec
[M::process] read 266668 sequences (40000200 bp)...
[M::mem_pestat] # candidate unique pairs for (FF, FR, RF, RR): (25, 4241, 1, 30)
[M::mem_pestat] analyzing insert size distribution for orientation FF...
[M::mem_pestat] (25, 50, 75) percentile: (179, 840, 1893)
[M::mem_pestat] low and high boundaries for computing mean and std.dev: (1, 5321)
[M::mem_pestat] mean and std.dev: (1039.60, 945.52)
[M::mem_pestat] low and high boundaries for proper pairs: (1, 7035)
[M::mem_pestat] analyzing insert size distribution for orientation FR...
[M::mem_pestat] (25, 50, 75) percentile: (311, 511, 536)
[M::mem_pestat] low and high boundaries for computing mean and std.dev: (1, 986)
[M::mem_pestat] mean and std.dev: (437.18, 160.30)
[M::mem_pestat] low and high boundaries for proper pairs: (1, 1211)
[M::mem_pestat] skip orientation RF as there are not enough pairs
[M::mem_pestat] analyzing insert size distribution for orientation RR...
[M::mem_pestat] (25, 50, 75) percentile: (905, 1270, 1796)
[M::mem_pestat] low and high boundaries for computing mean and std.dev: (1, 3578)
[M::mem_pestat] mean and std.dev: (1299.59, 693.66)
[M::mem_pestat] low and high boundaries for proper pairs: (1, 4469)
[M::mem_pestat] skip orientation FF
[M::mem_pestat] skip orientation RR
[M::mem_process_seqs] Processed 266668 reads in 223.037 CPU sec, 55.882 real sec
[M::process] read 266668 sequences (40000200 bp)...
[M::mem_pestat] # candidate unique pairs for (FF, FR, RF, RR): (33, 4244, 8, 26)
[M::mem_pestat] analyzing insert size distribution for orientation FF...
[M::mem_pestat] (25, 50, 75) percentile: (182, 693, 1436)
[M::mem_pestat] low and high boundaries for computing mean and std.dev: (1, 3944)
[M::mem_pestat] mean and std.dev: (869.67, 728.00)
[M::mem_pestat] low and high boundaries for proper pairs: (1, 5198)
[M::mem_pestat] analyzing insert size distribution for orientation FR...
[M::mem_pestat] (25, 50, 75) percentile: (310, 511, 536)
[M::mem_pestat] low and high boundaries for computing mean and std.dev: (1, 988)
[M::mem_pestat] mean and std.dev: (436.10, 160.35)
[M::mem_pestat] low and high boundaries for proper pairs: (1, 1214)
[M::mem_pestat] skip orientation RF as there are not enough pairs
[M::mem_pestat] analyzing insert size distribution for orientation RR...
[M::mem_pestat] (25, 50, 75) percentile: (985, 1367, 2719)
[M::mem_pestat] low and high boundaries for computing mean and std.dev: (1, 6187)
[M::mem_pestat] mean and std.dev: (1783.88, 1465.10)
[M::mem_pestat] low and high boundaries for proper pairs: (1, 7921)
[M::mem_pestat] skip orientation FF
[M::mem_pestat] skip orientation RR
[M::mem_process_seqs] Processed 266668 reads in 222.158 CPU sec, 55.643 real sec
[M::process] read 266668 sequences (40000200 bp)...
[M::mem_pestat] # candidate unique pairs for (FF, FR, RF, RR): (22, 4224, 5, 18)
[M::mem_pestat] analyzing insert size distribution for orientation FF...
[M::mem_pestat] (25, 50, 75) percentile: (214, 664, 1296)
[M::mem_pestat] low and high boundaries for computing mean and std.dev: (1, 3460)
[M::mem_pestat] mean and std.dev: (933.57, 996.97)
[M::mem_pestat] low and high boundaries for proper pairs: (1, 4921)
[M::mem_pestat] analyzing insert size distribution for orientation FR...
[M::mem_pestat] (25, 50, 75) percentile: (321, 512, 539)
[M::mem_pestat] low and high boundaries for computing mean and std.dev: (1, 975)
[M::mem_pestat] mean and std.dev: (439.74, 162.31)
[M::mem_pestat] low and high boundaries for proper pairs: (1, 1193)
[M::mem_pestat] skip orientation RF as there are not enough pairs
[M::mem_pestat] analyzing insert size distribution for orientation RR...
[M::mem_pestat] (25, 50, 75) percentile: (752, 2223, 2995)
[M::mem_pestat] low and high boundaries for computing mean and std.dev: (1, 7481)
[M::mem_pestat] mean and std.dev: (2129.89, 1620.79)
[M::mem_pestat] low and high boundaries for proper pairs: (1, 9724)
[M::mem_pestat] skip orientation FF
[M::mem_pestat] skip orientation RR
[M::mem_process_seqs] Processed 266668 reads in 224.926 CPU sec, 56.317 real sec
[M::process] read 266668 sequences (40000200 bp)...
[M::mem_pestat] # candidate unique pairs for (FF, FR, RF, RR): (30, 4362, 5, 26)
[M::mem_pestat] analyzing insert size distribution for orientation FF...
[M::mem_pestat] (25, 50, 75) percentile: (205, 401, 1048)
[M::mem_pestat] low and high boundaries for computing mean and std.dev: (1, 2734)
[M::mem_pestat] mean and std.dev: (642.71, 662.58)
[M::mem_pestat] low and high boundaries for proper pairs: (1, 3577)
[M::mem_pestat] analyzing insert size distribution for orientation FR...
[M::mem_pestat] (25, 50, 75) percentile: (356, 513, 538)
[M::mem_pestat] low and high boundaries for computing mean and std.dev: (1, 902)
[M::mem_pestat] mean and std.dev: (445.68, 159.38)
[M::mem_pestat] low and high boundaries for proper pairs: (1, 1084)
[M::mem_pestat] skip orientation RF as there are not enough pairs
[M::mem_pestat] analyzing insert size distribution for orientation RR...
[M::mem_pestat] (25, 50, 75) percentile: (794, 1363, 2487)
[M::mem_pestat] low and high boundaries for computing mean and std.dev: (1, 5873)
[M::mem_pestat] mean and std.dev: (1787.62, 1302.52)
[M::mem_pestat] low and high boundaries for proper pairs: (1, 7566)
[M::mem_pestat] skip orientation FF
[M::mem_pestat] skip orientation RR
[M::mem_process_seqs] Processed 266668 reads in 216.992 CPU sec, 54.321 real sec
[M::process] read 266668 sequences (40000200 bp)...
[M::mem_pestat] # candidate unique pairs for (FF, FR, RF, RR): (28, 4238, 4, 24)
[M::mem_pestat] analyzing insert size distribution for orientation FF...
[M::mem_pestat] (25, 50, 75) percentile: (237, 943, 2205)
[M::mem_pestat] low and high boundaries for computing mean and std.dev: (1, 6141)
[M::mem_pestat] mean and std.dev: (1169.46, 1251.08)
[M::mem_pestat] low and high boundaries for proper pairs: (1, 8109)
[M::mem_pestat] analyzing insert size distribution for orientation FR...
[M::mem_pestat] (25, 50, 75) percentile: (339, 513, 539)
[M::mem_pestat] low and high boundaries for computing mean and std.dev: (1, 939)
[M::mem_pestat] mean and std.dev: (443.81, 159.69)
[M::mem_pestat] low and high boundaries for proper pairs: (1, 1139)
[M::mem_pestat] skip orientation RF as there are not enough pairs
[M::mem_pestat] analyzing insert size distribution for orientation RR...
[M::mem_pestat] (25, 50, 75) percentile: (859, 1298, 2166)
[M::mem_pestat] low and high boundaries for computing mean and std.dev: (1, 4780)
[M::mem_pestat] mean and std.dev: (1459.75, 1032.73)
[M::mem_pestat] low and high boundaries for proper pairs: (1, 6087)
[M::mem_pestat] skip orientation FF
[M::mem_pestat] skip orientation RR
[M::mem_process_seqs] Processed 266668 reads in 221.591 CPU sec, 55.472 real sec
[M::process] read 266668 sequences (40000200 bp)...
[M::mem_pestat] # candidate unique pairs for (FF, FR, RF, RR): (33, 4378, 3, 24)
[M::mem_pestat] analyzing insert size distribution for orientation FF...
[M::mem_pestat] (25, 50, 75) percentile: (186, 814, 2012)
[M::mem_pestat] low and high boundaries for computing mean and std.dev: (1, 5664)
[M::mem_pestat] mean and std.dev: (1045.66, 1095.17)
[M::mem_pestat] low and high boundaries for proper pairs: (1, 7490)
[M::mem_pestat] analyzing insert size distribution for orientation FR...
[M::mem_pestat] (25, 50, 75) percentile: (380, 514, 539)
[M::mem_pestat] low and high boundaries for computing mean and std.dev: (62, 857)
[M::mem_pestat] mean and std.dev: (453.10, 150.66)
[M::mem_pestat] low and high boundaries for proper pairs: (1, 1056)
[M::mem_pestat] skip orientation RF as there are not enough pairs
[M::mem_pestat] analyzing insert size distribution for orientation RR...
[M::mem_pestat] (25, 50, 75) percentile: (849, 1154, 1829)
[M::mem_pestat] low and high boundaries for computing mean and std.dev: (1, 3789)
[M::mem_pestat] mean and std.dev: (1179.91, 797.37)
[M::mem_pestat] low and high boundaries for proper pairs: (1, 4769)
[M::mem_pestat] skip orientation FF
[M::mem_pestat] skip orientation RR
[M::mem_process_seqs] Processed 266668 reads in 215.366 CPU sec, 53.916 real sec
[M::process] read 266668 sequences (40000200 bp)...
[M::mem_pestat] # candidate unique pairs for (FF, FR, RF, RR): (19, 4398, 4, 20)
[M::mem_pestat] analyzing insert size distribution for orientation FF...
[M::mem_pestat] (25, 50, 75) percentile: (272, 946, 2128)
[M::mem_pestat] low and high boundaries for computing mean and std.dev: (1, 5840)
[M::mem_pestat] mean and std.dev: (1358.05, 1360.31)
[M::mem_pestat] low and high boundaries for proper pairs: (1, 7696)
[M::mem_pestat] analyzing insert size distribution for orientation FR...
[M::mem_pestat] (25, 50, 75) percentile: (339, 514, 539)
[M::mem_pestat] low and high boundaries for computing mean and std.dev: (1, 939)
[M::mem_pestat] mean and std.dev: (444.16, 160.56)
[M::mem_pestat] low and high boundaries for proper pairs: (1, 1139)
[M::mem_pestat] skip orientation RF as there are not enough pairs
[M::mem_pestat] analyzing insert size distribution for orientation RR...
[M::mem_pestat] (25, 50, 75) percentile: (1338, 2156, 4351)
[M::mem_pestat] low and high boundaries for computing mean and std.dev: (1, 10377)
[M::mem_pestat] mean and std.dev: (2611.40, 1518.16)
[M::mem_pestat] low and high boundaries for proper pairs: (1, 13390)
[M::mem_pestat] skip orientation FF
[M::mem_pestat] skip orientation RR
[M::mem_process_seqs] Processed 266668 reads in 219.604 CPU sec, 54.977 real sec
[M::process] read 266668 sequences (40000200 bp)...
[M::mem_pestat] # candidate unique pairs for (FF, FR, RF, RR): (27, 4214, 4, 26)
[M::mem_pestat] analyzing insert size distribution for orientation FF...
[M::mem_pestat] (25, 50, 75) percentile: (477, 987, 1791)
[M::mem_pestat] low and high boundaries for computing mean and std.dev: (1, 4419)
[M::mem_pestat] mean and std.dev: (1196.96, 1111.43)
[M::mem_pestat] low and high boundaries for proper pairs: (1, 5733)
[M::mem_pestat] analyzing insert size distribution for orientation FR...
[M::mem_pestat] (25, 50, 75) percentile: (348, 514, 539)
[M::mem_pestat] low and high boundaries for computing mean and std.dev: (1, 921)
[M::mem_pestat] mean and std.dev: (447.03, 158.41)
[M::mem_pestat] low and high boundaries for proper pairs: (1, 1112)
[M::mem_pestat] skip orientation RF as there are not enough pairs
[M::mem_pestat] analyzing insert size distribution for orientation RR...
[M::mem_pestat] (25, 50, 75) percentile: (961, 1787, 3943)
[M::mem_pestat] low and high boundaries for computing mean and std.dev: (1, 9907)
[M::mem_pestat] mean and std.dev: (2408.81, 2025.30)
[M::mem_pestat] low and high boundaries for proper pairs: (1, 12889)
[M::mem_pestat] skip orientation FF
[M::mem_pestat] skip orientation RR
[M::mem_process_seqs] Processed 266668 reads in 215.810 CPU sec, 54.065 real sec
[M::process] read 266668 sequences (40000200 bp)...
[M::mem_pestat] # candidate unique pairs for (FF, FR, RF, RR): (28, 4281, 3, 22)
[M::mem_pestat] analyzing insert size distribution for orientation FF...
[M::mem_pestat] (25, 50, 75) percentile: (265, 784, 1970)
[M::mem_pestat] low and high boundaries for computing mean and std.dev: (1, 5380)
[M::mem_pestat] mean and std.dev: (1278.59, 1285.96)
[M::mem_pestat] low and high boundaries for proper pairs: (1, 7085)
[M::mem_pestat] analyzing insert size distribution for orientation FR...
[M::mem_pestat] (25, 50, 75) percentile: (336, 513, 539)
[M::mem_pestat] low and high boundaries for computing mean and std.dev: (1, 945)
[M::mem_pestat] mean and std.dev: (444.48, 159.02)
[M::mem_pestat] low and high boundaries for proper pairs: (1, 1148)
[M::mem_pestat] skip orientation RF as there are not enough pairs
[M::mem_pestat] analyzing insert size distribution for orientation RR...
[M::mem_pestat] (25, 50, 75) percentile: (654, 1082, 1956)
[M::mem_pestat] low and high boundaries for computing mean and std.dev: (1, 4560)
[M::mem_pestat] mean and std.dev: (1075.00, 661.68)
[M::mem_pestat] low and high boundaries for proper pairs: (1, 5862)
[M::mem_pestat] skip orientation FF
[M::mem_pestat] skip orientation RR
[M::mem_process_seqs] Processed 266668 reads in 218.612 CPU sec, 54.751 real sec
[M::process] read 266668 sequences (40000200 bp)...
[M::mem_pestat] # candidate unique pairs for (FF, FR, RF, RR): (31, 4383, 3, 22)
[M::mem_pestat] analyzing insert size distribution for orientation FF...
[M::mem_pestat] (25, 50, 75) percentile: (197, 570, 1562)
[M::mem_pestat] low and high boundaries for computing mean and std.dev: (1, 4292)
[M::mem_pestat] mean and std.dev: (894.69, 983.74)
[M::mem_pestat] low and high boundaries for proper pairs: (1, 5657)
[M::mem_pestat] analyzing insert size distribution for orientation FR...
[M::mem_pestat] (25, 50, 75) percentile: (350, 513, 538)
[M::mem_pestat] low and high boundaries for computing mean and std.dev: (1, 914)
[M::mem_pestat] mean and std.dev: (445.65, 157.23)
[M::mem_pestat] low and high boundaries for proper pairs: (1, 1102)
[M::mem_pestat] skip orientation RF as there are not enough pairs
[M::mem_pestat] analyzing insert size distribution for orientation RR...
[M::mem_pestat] (25, 50, 75) percentile: (253, 934, 2461)
[M::mem_pestat] low and high boundaries for computing mean and std.dev: (1, 6877)
[M::mem_pestat] mean and std.dev: (1348.55, 1269.48)
[M::mem_pestat] low and high boundaries for proper pairs: (1, 9085)
[M::mem_pestat] skip orientation FF
[M::mem_pestat] skip orientation RR
[M::mem_process_seqs] Processed 266668 reads in 214.868 CPU sec, 53.807 real sec
[M::process] read 266668 sequences (40000200 bp)...
[M::mem_pestat] # candidate unique pairs for (FF, FR, RF, RR): (32, 4270, 8, 19)
[M::mem_pestat] analyzing insert size distribution for orientation FF...
[M::mem_pestat] (25, 50, 75) percentile: (269, 809, 1581)
[M::mem_pestat] low and high boundaries for computing mean and std.dev: (1, 4205)
[M::mem_pestat] mean and std.dev: (946.43, 993.88)
[M::mem_pestat] low and high boundaries for proper pairs: (1, 5517)
[M::mem_pestat] analyzing insert size distribution for orientation FR...
[M::mem_pestat] (25, 50, 75) percentile: (401, 514, 538)
[M::mem_pestat] low and high boundaries for computing mean and std.dev: (127, 812)
[M::mem_pestat] mean and std.dev: (456.60, 148.15)
[M::mem_pestat] low and high boundaries for proper pairs: (1, 1049)
[M::mem_pestat] skip orientation RF as there are not enough pairs
[M::mem_pestat] analyzing insert size distribution for orientation RR...
[M::mem_pestat] (25, 50, 75) percentile: (679, 1203, 1745)
[M::mem_pestat] low and high boundaries for computing mean and std.dev: (1, 3877)
[M::mem_pestat] mean and std.dev: (1237.89, 741.96)
[M::mem_pestat] low and high boundaries for proper pairs: (1, 4943)
[M::mem_pestat] skip orientation FF
[M::mem_pestat] skip orientation RR
[M::mem_process_seqs] Processed 266668 reads in 214.592 CPU sec, 53.766 real sec
[M::process] read 266668 sequences (40000200 bp)...
[M::mem_pestat] # candidate unique pairs for (FF, FR, RF, RR): (16, 4240, 9, 20)
[M::mem_pestat] analyzing insert size distribution for orientation FF...
[M::mem_pestat] (25, 50, 75) percentile: (247, 1001, 1497)
[M::mem_pestat] low and high boundaries for computing mean and std.dev: (1, 3997)
[M::mem_pestat] mean and std.dev: (964.75, 767.14)
[M::mem_pestat] low and high boundaries for proper pairs: (1, 5247)
[M::mem_pestat] analyzing insert size distribution for orientation FR...
[M::mem_pestat] (25, 50, 75) percentile: (331, 512, 538)
[M::mem_pestat] low and high boundaries for computing mean and std.dev: (1, 952)
[M::mem_pestat] mean and std.dev: (442.43, 160.97)
[M::mem_pestat] low and high boundaries for proper pairs: (1, 1159)
[M::mem_pestat] skip orientation RF as there are not enough pairs
[M::mem_pestat] analyzing insert size distribution for orientation RR...
[M::mem_pestat] (25, 50, 75) percentile: (858, 1387, 1999)
[M::mem_pestat] low and high boundaries for computing mean and std.dev: (1, 4281)
[M::mem_pestat] mean and std.dev: (1230.24, 846.49)
[M::mem_pestat] low and high boundaries for proper pairs: (1, 5422)
[M::mem_pestat] skip orientation FF
[M::mem_pestat] skip orientation RR
[M::mem_process_seqs] Processed 266668 reads in 216.984 CPU sec, 54.351 real sec
[M::process] read 266668 sequences (40000200 bp)...
[M::mem_pestat] # candidate unique pairs for (FF, FR, RF, RR): (26, 4504, 8, 29)
[M::mem_pestat] analyzing insert size distribution for orientation FF...
[M::mem_pestat] (25, 50, 75) percentile: (175, 981, 2285)
[M::mem_pestat] low and high boundaries for computing mean and std.dev: (1, 6505)
[M::mem_pestat] mean and std.dev: (1168.32, 1084.51)
[M::mem_pestat] low and high boundaries for proper pairs: (1, 8615)
[M::mem_pestat] analyzing insert size distribution for orientation FR...
[M::mem_pestat] (25, 50, 75) percentile: (376, 513, 539)
[M::mem_pestat] low and high boundaries for computing mean and std.dev: (50, 865)
[M::mem_pestat] mean and std.dev: (452.23, 154.73)
[M::mem_pestat] low and high boundaries for proper pairs: (1, 1071)
[M::mem_pestat] skip orientation RF as there are not enough pairs
[M::mem_pestat] analyzing insert size distribution for orientation RR...
[M::mem_pestat] (25, 50, 75) percentile: (913, 1740, 3229)
[M::mem_pestat] low and high boundaries for computing mean and std.dev: (1, 7861)
[M::mem_pestat] mean and std.dev: (1806.89, 1134.19)
[M::mem_pestat] low and high boundaries for proper pairs: (1, 10177)
[M::mem_pestat] skip orientation FF
[M::mem_pestat] skip orientation RR
[M::mem_process_seqs] Processed 266668 reads in 215.184 CPU sec, 53.895 real sec
[M::process] read 266668 sequences (40000200 bp)...
[M::mem_pestat] # candidate unique pairs for (FF, FR, RF, RR): (29, 4352, 2, 19)
[M::mem_pestat] analyzing insert size distribution for orientation FF...
[M::mem_pestat] (25, 50, 75) percentile: (160, 1036, 1765)
[M::mem_pestat] low and high boundaries for computing mean and std.dev: (1, 4975)
[M::mem_pestat] mean and std.dev: (1116.04, 1036.06)
[M::mem_pestat] low and high boundaries for proper pairs: (1, 6580)
[M::mem_pestat] analyzing insert size distribution for orientation FR...
[M::mem_pestat] (25, 50, 75) percentile: (337, 513, 538)
[M::mem_pestat] low and high boundaries for computing mean and std.dev: (1, 940)
[M::mem_pestat] mean and std.dev: (443.02, 160.37)
[M::mem_pestat] low and high boundaries for proper pairs: (1, 1141)
[M::mem_pestat] skip orientation RF as there are not enough pairs
[M::mem_pestat] analyzing insert size distribution for orientation RR...
[M::mem_pestat] (25, 50, 75) percentile: (936, 1121, 2794)
[M::mem_pestat] low and high boundaries for computing mean and std.dev: (1, 6510)
[M::mem_pestat] mean and std.dev: (1491.33, 935.72)
[M::mem_pestat] low and high boundaries for proper pairs: (1, 8368)
[M::mem_pestat] skip orientation FF
[M::mem_pestat] skip orientation RR
[M::mem_process_seqs] Processed 266668 reads in 218.749 CPU sec, 54.815 real sec
[M::process] read 266668 sequences (40000200 bp)...
[M::mem_pestat] # candidate unique pairs for (FF, FR, RF, RR): (28, 4339, 7, 24)
[M::mem_pestat] analyzing insert size distribution for orientation FF...
[M::mem_pestat] (25, 50, 75) percentile: (204, 823, 3772)
[M::mem_pestat] low and high boundaries for computing mean and std.dev: (1, 10908)
[M::mem_pestat] mean and std.dev: (2022.46, 2502.72)
[M::mem_pestat] low and high boundaries for proper pairs: (1, 14476)
[M::mem_pestat] analyzing insert size distribution for orientation FR...
[M::mem_pestat] (25, 50, 75) percentile: (349, 513, 538)
[M::mem_pestat] low and high boundaries for computing mean and std.dev: (1, 916)
[M::mem_pestat] mean and std.dev: (445.41, 158.80)
[M::mem_pestat] low and high boundaries for proper pairs: (1, 1105)
[M::mem_pestat] skip orientation RF as there are not enough pairs
[M::mem_pestat] analyzing insert size distribution for orientation RR...
[M::mem_pestat] (25, 50, 75) percentile: (967, 1836, 2679)
[M::mem_pestat] low and high boundaries for computing mean and std.dev: (1, 6103)
[M::mem_pestat] mean and std.dev: (1866.54, 1066.98)
[M::mem_pestat] low and high boundaries for proper pairs: (1, 7815)
[M::mem_pestat] skip orientation FF
[M::mem_pestat] skip orientation RR
[M::mem_process_seqs] Processed 266668 reads in 219.373 CPU sec, 54.920 real sec
[M::process] read 266668 sequences (40000200 bp)...
[M::mem_pestat] # candidate unique pairs for (FF, FR, RF, RR): (23, 4271, 3, 26)
[M::mem_pestat] analyzing insert size distribution for orientation FF...
[M::mem_pestat] (25, 50, 75) percentile: (746, 1426, 2452)
[M::mem_pestat] low and high boundaries for computing mean and std.dev: (1, 5864)
[M::mem_pestat] mean and std.dev: (1568.48, 1160.41)
[M::mem_pestat] low and high boundaries for proper pairs: (1, 7570)
[M::mem_pestat] analyzing insert size distribution for orientation FR...
[M::mem_pestat] (25, 50, 75) percentile: (334, 512, 538)
[M::mem_pestat] low and high boundaries for computing mean and std.dev: (1, 946)
[M::mem_pestat] mean and std.dev: (443.88, 157.94)
[M::mem_pestat] low and high boundaries for proper pairs: (1, 1150)
[M::mem_pestat] skip orientation RF as there are not enough pairs
[M::mem_pestat] analyzing insert size distribution for orientation RR...
[M::mem_pestat] (25, 50, 75) percentile: (650, 982, 1996)
[M::mem_pestat] low and high boundaries for computing mean and std.dev: (1, 4688)
[M::mem_pestat] mean and std.dev: (1429.08, 1096.52)
[M::mem_pestat] low and high boundaries for proper pairs: (1, 6034)
[M::mem_pestat] skip orientation FF
[M::mem_pestat] skip orientation RR
[M::mem_process_seqs] Processed 266668 reads in 220.986 CPU sec, 55.326 real sec
[M::process] read 266668 sequences (40000200 bp)...
[M::mem_pestat] # candidate unique pairs for (FF, FR, RF, RR): (18, 4400, 7, 29)
[M::mem_pestat] analyzing insert size distribution for orientation FF...
[M::mem_pestat] (25, 50, 75) percentile: (610, 1190, 2372)
[M::mem_pestat] low and high boundaries for computing mean and std.dev: (1, 5896)
[M::mem_pestat] mean and std.dev: (1795.50, 1785.41)
[M::mem_pestat] low and high boundaries for proper pairs: (1, 8937)
[M::mem_pestat] analyzing insert size distribution for orientation FR...
[M::mem_pestat] (25, 50, 75) percentile: (323, 512, 537)
[M::mem_pestat] low and high boundaries for computing mean and std.dev: (1, 965)
[M::mem_pestat] mean and std.dev: (440.41, 158.79)
[M::mem_pestat] low and high boundaries for proper pairs: (1, 1179)
[M::mem_pestat] skip orientation RF as there are not enough pairs
[M::mem_pestat] analyzing insert size distribution for orientation RR...
[M::mem_pestat] (25, 50, 75) percentile: (733, 1051, 2578)
[M::mem_pestat] low and high boundaries for computing mean and std.dev: (1, 6268)
[M::mem_pestat] mean and std.dev: (1429.11, 1068.68)
[M::mem_pestat] low and high boundaries for proper pairs: (1, 8113)
[M::mem_pestat] skip orientation FF
[M::mem_pestat] skip orientation RR
[M::mem_process_seqs] Processed 266668 reads in 224.553 CPU sec, 56.218 real sec
[M::process] read 266668 sequences (40000200 bp)...
[M::mem_pestat] # candidate unique pairs for (FF, FR, RF, RR): (38, 4445, 8, 15)
[M::mem_pestat] analyzing insert size distribution for orientation FF...
[M::mem_pestat] (25, 50, 75) percentile: (162, 618, 1418)
[M::mem_pestat] low and high boundaries for computing mean and std.dev: (1, 3930)
[M::mem_pestat] mean and std.dev: (873.69, 903.94)
[M::mem_pestat] low and high boundaries for proper pairs: (1, 5186)
[M::mem_pestat] analyzing insert size distribution for orientation FR...
[M::mem_pestat] (25, 50, 75) percentile: (341, 512, 537)
[M::mem_pestat] low and high boundaries for computing mean and std.dev: (1, 929)
[M::mem_pestat] mean and std.dev: (445.08, 154.93)
[M::mem_pestat] low and high boundaries for proper pairs: (1, 1125)
[M::mem_pestat] skip orientation RF as there are not enough pairs
[M::mem_pestat] analyzing insert size distribution for orientation RR...
[M::mem_pestat] (25, 50, 75) percentile: (953, 1167, 1966)
[M::mem_pestat] low and high boundaries for computing mean and std.dev: (1, 3992)
[M::mem_pestat] mean and std.dev: (1296.79, 847.85)
[M::mem_pestat] low and high boundaries for proper pairs: (1, 5005)
[M::mem_pestat] skip orientation FF
[M::mem_pestat] skip orientation RR
[M::mem_process_seqs] Processed 266668 reads in 220.504 CPU sec, 55.209 real sec
[M::process] read 266668 sequences (40000200 bp)...
[M::mem_pestat] # candidate unique pairs for (FF, FR, RF, RR): (21, 4370, 5, 19)
[M::mem_pestat] analyzing insert size distribution for orientation FF...
[M::mem_pestat] (25, 50, 75) percentile: (154, 766, 2608)
[M::mem_pestat] low and high boundaries for computing mean and std.dev: (1, 7516)
[M::mem_pestat] mean and std.dev: (1119.85, 1171.81)
[M::mem_pestat] low and high boundaries for proper pairs: (1, 9970)
[M::mem_pestat] analyzing insert size distribution for orientation FR...
[M::mem_pestat] (25, 50, 75) percentile: (340, 513, 538)
[M::mem_pestat] low and high boundaries for computing mean and std.dev: (1, 934)
[M::mem_pestat] mean and std.dev: (443.76, 158.63)
[M::mem_pestat] low and high boundaries for proper pairs: (1, 1132)
[M::mem_pestat] skip orientation RF as there are not enough pairs
[M::mem_pestat] analyzing insert size distribution for orientation RR...
[M::mem_pestat] (25, 50, 75) percentile: (724, 1230, 2583)
[M::mem_pestat] low and high boundaries for computing mean and std.dev: (1, 6301)
[M::mem_pestat] mean and std.dev: (1755.26, 1634.04)
[M::mem_pestat] low and high boundaries for proper pairs: (1, 8291)
[M::mem_pestat] skip orientation FF
[M::mem_pestat] skip orientation RR
[M::mem_process_seqs] Processed 266668 reads in 216.888 CPU sec, 54.325 real sec
[M::process] read 266668 sequences (40000200 bp)...
[M::mem_pestat] # candidate unique pairs for (FF, FR, RF, RR): (25, 4379, 3, 22)
[M::mem_pestat] analyzing insert size distribution for orientation FF...
[M::mem_pestat] (25, 50, 75) percentile: (142, 267, 1046)
[M::mem_pestat] low and high boundaries for computing mean and std.dev: (1, 2854)
[M::mem_pestat] mean and std.dev: (604.50, 743.24)
[M::mem_pestat] low and high boundaries for proper pairs: (1, 3758)
[M::mem_pestat] analyzing insert size distribution for orientation FR...
[M::mem_pestat] (25, 50, 75) percentile: (324, 512, 537)
[M::mem_pestat] low and high boundaries for computing mean and std.dev: (1, 963)
[M::mem_pestat] mean and std.dev: (441.65, 160.29)
[M::mem_pestat] low and high boundaries for proper pairs: (1, 1176)
[M::mem_pestat] skip orientation RF as there are not enough pairs
[M::mem_pestat] analyzing insert size distribution for orientation RR...
[M::mem_pestat] (25, 50, 75) percentile: (909, 1347, 2943)
[M::mem_pestat] low and high boundaries for computing mean and std.dev: (1, 7011)
[M::mem_pestat] mean and std.dev: (2107.18, 1876.66)
[M::mem_pestat] low and high boundaries for proper pairs: (1, 9614)
[M::mem_pestat] skip orientation FF
[M::mem_pestat] skip orientation RR
[M::mem_process_seqs] Processed 266668 reads in 223.136 CPU sec, 55.892 real sec
[M::process] read 266668 sequences (40000200 bp)...
[M::mem_pestat] # candidate unique pairs for (FF, FR, RF, RR): (27, 4383, 8, 27)
[M::mem_pestat] analyzing insert size distribution for orientation FF...
[M::mem_pestat] (25, 50, 75) percentile: (211, 860, 4206)
[M::mem_pestat] low and high boundaries for computing mean and std.dev: (1, 12196)
[M::mem_pestat] mean and std.dev: (1871.19, 1998.31)
[M::mem_pestat] low and high boundaries for proper pairs: (1, 16191)
[M::mem_pestat] analyzing insert size distribution for orientation FR...
[M::mem_pestat] (25, 50, 75) percentile: (341, 513, 538)
[M::mem_pestat] low and high boundaries for computing mean and std.dev: (1, 932)
[M::mem_pestat] mean and std.dev: (444.11, 159.47)
[M::mem_pestat] low and high boundaries for proper pairs: (1, 1129)
[M::mem_pestat] skip orientation RF as there are not enough pairs
[M::mem_pestat] analyzing insert size distribution for orientation RR...
[M::mem_pestat] (25, 50, 75) percentile: (1433, 2489, 3501)
[M::mem_pestat] low and high boundaries for computing mean and std.dev: (1, 7637)
[M::mem_pestat] mean and std.dev: (2448.92, 1465.50)
[M::mem_pestat] low and high boundaries for proper pairs: (1, 9705)
[M::mem_pestat] skip orientation FF
[M::mem_pestat] skip orientation RR
[M::mem_process_seqs] Processed 266668 reads in 216.110 CPU sec, 54.168 real sec
[M::process] read 266668 sequences (40000200 bp)...
[M::mem_pestat] # candidate unique pairs for (FF, FR, RF, RR): (32, 4297, 6, 26)
[M::mem_pestat] analyzing insert size distribution for orientation FF...
[M::mem_pestat] (25, 50, 75) percentile: (377, 992, 1861)
[M::mem_pestat] low and high boundaries for computing mean and std.dev: (1, 4829)
[M::mem_pestat] mean and std.dev: (1111.45, 837.52)
[M::mem_pestat] low and high boundaries for proper pairs: (1, 6313)
[M::mem_pestat] analyzing insert size distribution for orientation FR...
[M::mem_pestat] (25, 50, 75) percentile: (350, 513, 538)
[M::mem_pestat] low and high boundaries for computing mean and std.dev: (1, 914)
[M::mem_pestat] mean and std.dev: (446.33, 157.97)
[M::mem_pestat] low and high boundaries for proper pairs: (1, 1102)
[M::mem_pestat] skip orientation RF as there are not enough pairs
[M::mem_pestat] analyzing insert size distribution for orientation RR...
[M::mem_pestat] (25, 50, 75) percentile: (896, 1284, 3444)
[M::mem_pestat] low and high boundaries for computing mean and std.dev: (1, 8540)
[M::mem_pestat] mean and std.dev: (2342.88, 2121.97)
[M::mem_pestat] low and high boundaries for proper pairs: (1, 11088)
[M::mem_pestat] skip orientation FF
[M::mem_pestat] skip orientation RR
[M::mem_process_seqs] Processed 266668 reads in 215.844 CPU sec, 54.058 real sec
[M::process] read 266668 sequences (40000200 bp)...
[M::mem_pestat] # candidate unique pairs for (FF, FR, RF, RR): (26, 4261, 3, 21)
[M::mem_pestat] analyzing insert size distribution for orientation FF...
[M::mem_pestat] (25, 50, 75) percentile: (145, 727, 1342)
[M::mem_pestat] low and high boundaries for computing mean and std.dev: (1, 3736)
[M::mem_pestat] mean and std.dev: (860.12, 881.97)
[M::mem_pestat] low and high boundaries for proper pairs: (1, 4933)
[M::mem_pestat] analyzing insert size distribution for orientation FR...
[M::mem_pestat] (25, 50, 75) percentile: (337, 512, 536)
[M::mem_pestat] low and high boundaries for computing mean and std.dev: (1, 934)
[M::mem_pestat] mean and std.dev: (444.08, 156.05)
[M::mem_pestat] low and high boundaries for proper pairs: (1, 1133)
[M::mem_pestat] skip orientation RF as there are not enough pairs
[M::mem_pestat] analyzing insert size distribution for orientation RR...
[M::mem_pestat] (25, 50, 75) percentile: (671, 1259, 2179)
[M::mem_pestat] low and high boundaries for computing mean and std.dev: (1, 5195)
[M::mem_pestat] mean and std.dev: (1416.24, 1044.89)
[M::mem_pestat] low and high boundaries for proper pairs: (1, 6703)
[M::mem_pestat] skip orientation FF
[M::mem_pestat] skip orientation RR
[M::mem_process_seqs] Processed 266668 reads in 216.701 CPU sec, 54.287 real sec
[M::process] read 266668 sequences (40000200 bp)...
[M::mem_pestat] # candidate unique pairs for (FF, FR, RF, RR): (28, 4372, 7, 26)
[M::mem_pestat] analyzing insert size distribution for orientation FF...
[M::mem_pestat] (25, 50, 75) percentile: (206, 962, 2585)
[M::mem_pestat] low and high boundaries for computing mean and std.dev: (1, 7343)
[M::mem_pestat] mean and std.dev: (1441.46, 1526.22)
[M::mem_pestat] low and high boundaries for proper pairs: (1, 9722)
[M::mem_pestat] analyzing insert size distribution for orientation FR...
[M::mem_pestat] (25, 50, 75) percentile: (325, 513, 539)
[M::mem_pestat] low and high boundaries for computing mean and std.dev: (1, 967)
[M::mem_pestat] mean and std.dev: (442.76, 159.84)
[M::mem_pestat] low and high boundaries for proper pairs: (1, 1181)
[M::mem_pestat] skip orientation RF as there are not enough pairs
[M::mem_pestat] analyzing insert size distribution for orientation RR...
[M::mem_pestat] (25, 50, 75) percentile: (771, 945, 1555)
[M::mem_pestat] low and high boundaries for computing mean and std.dev: (1, 3123)
[M::mem_pestat] mean and std.dev: (932.09, 528.84)
[M::mem_pestat] low and high boundaries for proper pairs: (1, 3907)
[M::mem_pestat] skip orientation FF
[M::mem_pestat] skip orientation RR
[M::mem_process_seqs] Processed 266668 reads in 217.604 CPU sec, 54.505 real sec
[M::process] read 266668 sequences (40000200 bp)...
[M::mem_pestat] # candidate unique pairs for (FF, FR, RF, RR): (26, 4455, 6, 26)
[M::mem_pestat] analyzing insert size distribution for orientation FF...
[M::mem_pestat] (25, 50, 75) percentile: (183, 921, 1936)
[M::mem_pestat] low and high boundaries for computing mean and std.dev: (1, 5442)
[M::mem_pestat] mean and std.dev: (1113.62, 952.32)
[M::mem_pestat] low and high boundaries for proper pairs: (1, 7195)
[M::mem_pestat] analyzing insert size distribution for orientation FR...
[M::mem_pestat] (25, 50, 75) percentile: (326, 513, 539)
[M::mem_pestat] low and high boundaries for computing mean and std.dev: (1, 965)
[M::mem_pestat] mean and std.dev: (440.86, 161.57)
[M::mem_pestat] low and high boundaries for proper pairs: (1, 1178)
[M::mem_pestat] skip orientation RF as there are not enough pairs
[M::mem_pestat] analyzing insert size distribution for orientation RR...
[M::mem_pestat] (25, 50, 75) percentile: (720, 1492, 2490)
[M::mem_pestat] low and high boundaries for computing mean and std.dev: (1, 6030)
[M::mem_pestat] mean and std.dev: (1601.43, 1446.29)
[M::mem_pestat] low and high boundaries for proper pairs: (1, 7800)
[M::mem_pestat] skip orientation FF
[M::mem_pestat] skip orientation RR
[M::mem_process_seqs] Processed 266668 reads in 224.030 CPU sec, 56.141 real sec
[M::process] read 266668 sequences (40000200 bp)...
[M::mem_pestat] # candidate unique pairs for (FF, FR, RF, RR): (19, 4313, 4, 22)
[M::mem_pestat] analyzing insert size distribution for orientation FF...
[M::mem_pestat] (25, 50, 75) percentile: (348, 1140, 2227)
[M::mem_pestat] low and high boundaries for computing mean and std.dev: (1, 5985)
[M::mem_pestat] mean and std.dev: (1498.84, 1373.34)
[M::mem_pestat] low and high boundaries for proper pairs: (1, 7864)
[M::mem_pestat] analyzing insert size distribution for orientation FR...
[M::mem_pestat] (25, 50, 75) percentile: (343, 513, 538)
[M::mem_pestat] low and high boundaries for computing mean and std.dev: (1, 928)
[M::mem_pestat] mean and std.dev: (443.66, 159.44)
[M::mem_pestat] low and high boundaries for proper pairs: (1, 1123)
[M::mem_pestat] skip orientation RF as there are not enough pairs
[M::mem_pestat] analyzing insert size distribution for orientation RR...
[M::mem_pestat] (25, 50, 75) percentile: (935, 2077, 3216)
[M::mem_pestat] low and high boundaries for computing mean and std.dev: (1, 7778)
[M::mem_pestat] mean and std.dev: (2157.67, 1789.72)
[M::mem_pestat] low and high boundaries for proper pairs: (1, 10059)
[M::mem_pestat] skip orientation FF
[M::mem_pestat] skip orientation RR
[M::mem_process_seqs] Processed 266668 reads in 218.955 CPU sec, 54.820 real sec
[M::process] read 266668 sequences (40000200 bp)...
[M::mem_pestat] # candidate unique pairs for (FF, FR, RF, RR): (32, 4262, 9, 35)
[M::mem_pestat] analyzing insert size distribution for orientation FF...
[M::mem_pestat] (25, 50, 75) percentile: (172, 1044, 2114)
[M::mem_pestat] low and high boundaries for computing mean and std.dev: (1, 5998)
[M::mem_pestat] mean and std.dev: (1371.12, 1439.98)
[M::mem_pestat] low and high boundaries for proper pairs: (1, 7940)
[M::mem_pestat] analyzing insert size distribution for orientation FR...
[M::mem_pestat] (25, 50, 75) percentile: (329, 512, 538)
[M::mem_pestat] low and high boundaries for computing mean and std.dev: (1, 956)
[M::mem_pestat] mean and std.dev: (440.84, 159.49)
[M::mem_pestat] low and high boundaries for proper pairs: (1, 1165)
[M::mem_pestat] skip orientation RF as there are not enough pairs
[M::mem_pestat] analyzing insert size distribution for orientation RR...
[M::mem_pestat] (25, 50, 75) percentile: (711, 947, 2168)
[M::mem_pestat] low and high boundaries for computing mean and std.dev: (1, 5082)
[M::mem_pestat] mean and std.dev: (1275.85, 922.00)
[M::mem_pestat] low and high boundaries for proper pairs: (1, 6539)
[M::mem_pestat] skip orientation FF
[M::mem_pestat] skip orientation RR
[M::mem_process_seqs] Processed 266668 reads in 216.347 CPU sec, 54.160 real sec
[M::process] read 266668 sequences (40000200 bp)...
[M::mem_pestat] # candidate unique pairs for (FF, FR, RF, RR): (28, 4378, 5, 18)
[M::mem_pestat] analyzing insert size distribution for orientation FF...
[M::mem_pestat] (25, 50, 75) percentile: (147, 797, 3736)
[M::mem_pestat] low and high boundaries for computing mean and std.dev: (1, 10914)
[M::mem_pestat] mean and std.dev: (2152.50, 2821.03)
[M::mem_pestat] low and high boundaries for proper pairs: (1, 14503)
[M::mem_pestat] analyzing insert size distribution for orientation FR...
[M::mem_pestat] (25, 50, 75) percentile: (338, 514, 542)
[M::mem_pestat] low and high boundaries for computing mean and std.dev: (1, 950)
[M::mem_pestat] mean and std.dev: (446.03, 160.04)
[M::mem_pestat] low and high boundaries for proper pairs: (1, 1154)
[M::mem_pestat] skip orientation RF as there are not enough pairs
[M::mem_pestat] analyzing insert size distribution for orientation RR...
[M::mem_pestat] (25, 50, 75) percentile: (798, 1301, 1930)
[M::mem_pestat] low and high boundaries for computing mean and std.dev: (1, 4194)
[M::mem_pestat] mean and std.dev: (1234.69, 713.61)
[M::mem_pestat] low and high boundaries for proper pairs: (1, 5326)
[M::mem_pestat] skip orientation FF
[M::mem_pestat] skip orientation RR
[M::mem_process_seqs] Processed 266668 reads in 219.885 CPU sec, 55.047 real sec
[M::process] read 266668 sequences (40000200 bp)...
[M::mem_pestat] # candidate unique pairs for (FF, FR, RF, RR): (19, 4384, 7, 21)
[M::mem_pestat] analyzing insert size distribution for orientation FF...
[M::mem_pestat] (25, 50, 75) percentile: (257, 780, 1173)
[M::mem_pestat] low and high boundaries for computing mean and std.dev: (1, 3005)
[M::mem_pestat] mean and std.dev: (715.94, 529.42)
[M::mem_pestat] low and high boundaries for proper pairs: (1, 3921)
[M::mem_pestat] analyzing insert size distribution for orientation FR...
[M::mem_pestat] (25, 50, 75) percentile: (345, 513, 539)
[M::mem_pestat] low and high boundaries for computing mean and std.dev: (1, 927)
[M::mem_pestat] mean and std.dev: (445.66, 159.50)
[M::mem_pestat] low and high boundaries for proper pairs: (1, 1121)
[M::mem_pestat] skip orientation RF as there are not enough pairs
[M::mem_pestat] analyzing insert size distribution for orientation RR...
[M::mem_pestat] (25, 50, 75) percentile: (898, 1884, 3177)
[M::mem_pestat] low and high boundaries for computing mean and std.dev: (1, 7735)
[M::mem_pestat] mean and std.dev: (2104.80, 1455.13)
[M::mem_pestat] low and high boundaries for proper pairs: (1, 10014)
[M::mem_pestat] skip orientation FF
[M::mem_pestat] skip orientation RR
[M::mem_process_seqs] Processed 266668 reads in 216.384 CPU sec, 54.188 real sec
[M::process] read 266668 sequences (40000200 bp)...
[M::mem_pestat] # candidate unique pairs for (FF, FR, RF, RR): (23, 4332, 8, 38)
[M::mem_pestat] analyzing insert size distribution for orientation FF...
[M::mem_pestat] (25, 50, 75) percentile: (143, 688, 1587)
[M::mem_pestat] low and high boundaries for computing mean and std.dev: (1, 4475)
[M::mem_pestat] mean and std.dev: (803.05, 863.01)
[M::mem_pestat] low and high boundaries for proper pairs: (1, 5919)
[M::mem_pestat] analyzing insert size distribution for orientation FR...
[M::mem_pestat] (25, 50, 75) percentile: (335, 513, 539)
[M::mem_pestat] low and high boundaries for computing mean and std.dev: (1, 947)
[M::mem_pestat] mean and std.dev: (443.48, 162.15)
[M::mem_pestat] low and high boundaries for proper pairs: (1, 1151)
[M::mem_pestat] skip orientation RF as there are not enough pairs
[M::mem_pestat] analyzing insert size distribution for orientation RR...
[M::mem_pestat] (25, 50, 75) percentile: (840, 1446, 2998)
[M::mem_pestat] low and high boundaries for computing mean and std.dev: (1, 7314)
[M::mem_pestat] mean and std.dev: (2038.50, 1557.79)
[M::mem_pestat] low and high boundaries for proper pairs: (1, 9472)
[M::mem_pestat] skip orientation FF
[M::mem_pestat] skip orientation RR
[M::mem_process_seqs] Processed 266668 reads in 217.923 CPU sec, 54.587 real sec
[M::process] read 266668 sequences (40000200 bp)...
[M::mem_pestat] # candidate unique pairs for (FF, FR, RF, RR): (19, 4264, 6, 24)
[M::mem_pestat] analyzing insert size distribution for orientation FF...
[M::mem_pestat] (25, 50, 75) percentile: (177, 891, 2059)
[M::mem_pestat] low and high boundaries for computing mean and std.dev: (1, 5823)
[M::mem_pestat] mean and std.dev: (1106.39, 1112.81)
[M::mem_pestat] low and high boundaries for proper pairs: (1, 7705)
[M::mem_pestat] analyzing insert size distribution for orientation FR...
[M::mem_pestat] (25, 50, 75) percentile: (321, 513, 540)
[M::mem_pestat] low and high boundaries for computing mean and std.dev: (1, 978)
[M::mem_pestat] mean and std.dev: (441.29, 161.80)
[M::mem_pestat] low and high boundaries for proper pairs: (1, 1197)
[M::mem_pestat] skip orientation RF as there are not enough pairs
[M::mem_pestat] analyzing insert size distribution for orientation RR...
[M::mem_pestat] (25, 50, 75) percentile: (760, 1237, 2023)
[M::mem_pestat] low and high boundaries for computing mean and std.dev: (1, 4549)
[M::mem_pestat] mean and std.dev: (1538.58, 1142.38)
[M::mem_pestat] low and high boundaries for proper pairs: (1, 6108)
[M::mem_pestat] skip orientation FF
[M::mem_pestat] skip orientation RR
[M::mem_process_seqs] Processed 266668 reads in 218.609 CPU sec, 54.782 real sec
[M::process] read 266668 sequences (40000200 bp)...
[M::mem_pestat] # candidate unique pairs for (FF, FR, RF, RR): (26, 4257, 4, 24)
[M::mem_pestat] analyzing insert size distribution for orientation FF...
[M::mem_pestat] (25, 50, 75) percentile: (143, 1069, 2716)
[M::mem_pestat] low and high boundaries for computing mean and std.dev: (1, 7862)
[M::mem_pestat] mean and std.dev: (1557.15, 1625.90)
[M::mem_pestat] low and high boundaries for proper pairs: (1, 10435)
[M::mem_pestat] analyzing insert size distribution for orientation FR...
[M::mem_pestat] (25, 50, 75) percentile: (321, 513, 538)
[M::mem_pestat] low and high boundaries for computing mean and std.dev: (1, 972)
[M::mem_pestat] mean and std.dev: (441.19, 161.71)
[M::mem_pestat] low and high boundaries for proper pairs: (1, 1189)
[M::mem_pestat] skip orientation RF as there are not enough pairs
[M::mem_pestat] analyzing insert size distribution for orientation RR...
[M::mem_pestat] (25, 50, 75) percentile: (1168, 1966, 3165)
[M::mem_pestat] low and high boundaries for computing mean and std.dev: (1, 7159)
[M::mem_pestat] mean and std.dev: (2089.95, 1535.86)
[M::mem_pestat] low and high boundaries for proper pairs: (1, 9156)
[M::mem_pestat] skip orientation FF
[M::mem_pestat] skip orientation RR
[M::mem_process_seqs] Processed 266668 reads in 221.417 CPU sec, 55.465 real sec
[M::process] read 266668 sequences (40000200 bp)...
[M::mem_pestat] # candidate unique pairs for (FF, FR, RF, RR): (20, 4429, 5, 18)
[M::mem_pestat] analyzing insert size distribution for orientation FF...
[M::mem_pestat] (25, 50, 75) percentile: (228, 551, 2505)
[M::mem_pestat] low and high boundaries for computing mean and std.dev: (1, 7059)
[M::mem_pestat] mean and std.dev: (1564.05, 2059.34)
[M::mem_pestat] low and high boundaries for proper pairs: (1, 9801)
[M::mem_pestat] analyzing insert size distribution for orientation FR...
[M::mem_pestat] (25, 50, 75) percentile: (341, 513, 539)
[M::mem_pestat] low and high boundaries for computing mean and std.dev: (1, 935)
[M::mem_pestat] mean and std.dev: (444.82, 158.98)
[M::mem_pestat] low and high boundaries for proper pairs: (1, 1133)
[M::mem_pestat] skip orientation RF as there are not enough pairs
[M::mem_pestat] analyzing insert size distribution for orientation RR...
[M::mem_pestat] (25, 50, 75) percentile: (501, 1185, 1442)
[M::mem_pestat] low and high boundaries for computing mean and std.dev: (1, 3324)
[M::mem_pestat] mean and std.dev: (955.87, 711.13)
[M::mem_pestat] low and high boundaries for proper pairs: (1, 4265)
[M::mem_pestat] skip orientation FF
[M::mem_pestat] skip orientation RR
[M::mem_process_seqs] Processed 266668 reads in 217.338 CPU sec, 54.442 real sec
[M::process] read 266668 sequences (40000200 bp)...
[M::mem_pestat] # candidate unique pairs for (FF, FR, RF, RR): (24, 4421, 4, 32)
[M::mem_pestat] analyzing insert size distribution for orientation FF...
[M::mem_pestat] (25, 50, 75) percentile: (127, 277, 1137)
[M::mem_pestat] low and high boundaries for computing mean and std.dev: (1, 3157)
[M::mem_pestat] mean and std.dev: (685.26, 768.10)
[M::mem_pestat] low and high boundaries for proper pairs: (1, 4167)
[M::mem_pestat] analyzing insert size distribution for orientation FR...
[M::mem_pestat] (25, 50, 75) percentile: (314, 511, 537)
[M::mem_pestat] low and high boundaries for computing mean and std.dev: (1, 983)
[M::mem_pestat] mean and std.dev: (438.75, 162.96)
[M::mem_pestat] low and high boundaries for proper pairs: (1, 1206)
[M::mem_pestat] skip orientation RF as there are not enough pairs
[M::mem_pestat] analyzing insert size distribution for orientation RR...
[M::mem_pestat] (25, 50, 75) percentile: (757, 1628, 2768)
[M::mem_pestat] low and high boundaries for computing mean and std.dev: (1, 6790)
[M::mem_pestat] mean and std.dev: (1768.55, 1315.64)
[M::mem_pestat] low and high boundaries for proper pairs: (1, 8801)
[M::mem_pestat] skip orientation FF
[M::mem_pestat] skip orientation RR
[M::mem_process_seqs] Processed 266668 reads in 225.756 CPU sec, 56.538 real sec
[M::process] read 266668 sequences (40000200 bp)...
[M::mem_pestat] # candidate unique pairs for (FF, FR, RF, RR): (29, 4375, 5, 21)
[M::mem_pestat] analyzing insert size distribution for orientation FF...
[M::mem_pestat] (25, 50, 75) percentile: (177, 253, 967)
[M::mem_pestat] low and high boundaries for computing mean and std.dev: (1, 2547)
[M::mem_pestat] mean and std.dev: (588.67, 635.98)
[M::mem_pestat] low and high boundaries for proper pairs: (1, 3337)
[M::mem_pestat] analyzing insert size distribution for orientation FR...
[M::mem_pestat] (25, 50, 75) percentile: (351, 514, 540)
[M::mem_pestat] low and high boundaries for computing mean and std.dev: (1, 918)
[M::mem_pestat] mean and std.dev: (446.76, 158.74)
[M::mem_pestat] low and high boundaries for proper pairs: (1, 1107)
[M::mem_pestat] skip orientation RF as there are not enough pairs
[M::mem_pestat] analyzing insert size distribution for orientation RR...
[M::mem_pestat] (25, 50, 75) percentile: (806, 1650, 2576)
[M::mem_pestat] low and high boundaries for computing mean and std.dev: (1, 6116)
[M::mem_pestat] mean and std.dev: (1678.14, 1135.67)
[M::mem_pestat] low and high boundaries for proper pairs: (1, 7886)
[M::mem_pestat] skip orientation FF
[M::mem_pestat] skip orientation RR
[M::mem_process_seqs] Processed 266668 reads in 216.359 CPU sec, 54.195 real sec
[M::process] read 266668 sequences (40000200 bp)...
[M::mem_pestat] # candidate unique pairs for (FF, FR, RF, RR): (31, 4313, 3, 31)
[M::mem_pestat] analyzing insert size distribution for orientation FF...
[M::mem_pestat] (25, 50, 75) percentile: (202, 904, 1986)
[M::mem_pestat] low and high boundaries for computing mean and std.dev: (1, 5554)
[M::mem_pestat] mean and std.dev: (1084.77, 1008.79)
[M::mem_pestat] low and high boundaries for proper pairs: (1, 7338)
[M::mem_pestat] analyzing insert size distribution for orientation FR...
[M::mem_pestat] (25, 50, 75) percentile: (365, 514, 540)
[M::mem_pestat] low and high boundaries for computing mean and std.dev: (15, 890)
[M::mem_pestat] mean and std.dev: (447.22, 160.49)
[M::mem_pestat] low and high boundaries for proper pairs: (1, 1089)
[M::mem_pestat] skip orientation RF as there are not enough pairs
[M::mem_pestat] analyzing insert size distribution for orientation RR...
[M::mem_pestat] (25, 50, 75) percentile: (1036, 1974, 2851)
[M::mem_pestat] low and high boundaries for computing mean and std.dev: (1, 6481)
[M::mem_pestat] mean and std.dev: (1859.73, 1254.17)
[M::mem_pestat] low and high boundaries for proper pairs: (1, 8296)
[M::mem_pestat] skip orientation FF
[M::mem_pestat] skip orientation RR
[M::mem_process_seqs] Processed 266668 reads in 222.242 CPU sec, 55.668 real sec
[M::process] read 266668 sequences (40000200 bp)...
[M::mem_pestat] # candidate unique pairs for (FF, FR, RF, RR): (28, 4357, 3, 23)
[M::mem_pestat] analyzing insert size distribution for orientation FF...
[M::mem_pestat] (25, 50, 75) percentile: (260, 769, 1512)
[M::mem_pestat] low and high boundaries for computing mean and std.dev: (1, 4016)
[M::mem_pestat] mean and std.dev: (797.20, 607.34)
[M::mem_pestat] low and high boundaries for proper pairs: (1, 5268)
[M::mem_pestat] analyzing insert size distribution for orientation FR...
[M::mem_pestat] (25, 50, 75) percentile: (361, 513, 538)
[M::mem_pestat] low and high boundaries for computing mean and std.dev: (7, 892)
[M::mem_pestat] mean and std.dev: (446.80, 158.51)
[M::mem_pestat] low and high boundaries for proper pairs: (1, 1081)
[M::mem_pestat] skip orientation RF as there are not enough pairs
[M::mem_pestat] analyzing insert size distribution for orientation RR...
[M::mem_pestat] (25, 50, 75) percentile: (865, 1155, 1961)
[M::mem_pestat] low and high boundaries for computing mean and std.dev: (1, 4153)
[M::mem_pestat] mean and std.dev: (1292.82, 758.13)
[M::mem_pestat] low and high boundaries for proper pairs: (1, 5249)
[M::mem_pestat] skip orientation FF
[M::mem_pestat] skip orientation RR
[M::mem_process_seqs] Processed 266668 reads in 220.178 CPU sec, 55.122 real sec
[M::process] read 266668 sequences (40000200 bp)...
[M::mem_pestat] # candidate unique pairs for (FF, FR, RF, RR): (31, 4350, 4, 34)
[M::mem_pestat] analyzing insert size distribution for orientation FF...
[M::mem_pestat] (25, 50, 75) percentile: (206, 860, 2948)
[M::mem_pestat] low and high boundaries for computing mean and std.dev: (1, 8432)
[M::mem_pestat] mean and std.dev: (1691.13, 1889.98)
[M::mem_pestat] low and high boundaries for proper pairs: (1, 11174)
[M::mem_pestat] analyzing insert size distribution for orientation FR...
[M::mem_pestat] (25, 50, 75) percentile: (344, 512, 538)
[M::mem_pestat] low and high boundaries for computing mean and std.dev: (1, 926)
[M::mem_pestat] mean and std.dev: (443.27, 160.66)
[M::mem_pestat] low and high boundaries for proper pairs: (1, 1120)
[M::mem_pestat] skip orientation RF as there are not enough pairs
[M::mem_pestat] analyzing insert size distribution for orientation RR...
[M::mem_pestat] (25, 50, 75) percentile: (598, 1314, 2161)
[M::mem_pestat] low and high boundaries for computing mean and std.dev: (1, 5287)
[M::mem_pestat] mean and std.dev: (1218.87, 1016.86)
[M::mem_pestat] low and high boundaries for proper pairs: (1, 6850)
[M::mem_pestat] skip orientation FF
[M::mem_pestat] skip orientation RR
[M::mem_process_seqs] Processed 266668 reads in 220.167 CPU sec, 55.120 real sec
[M::process] read 266668 sequences (40000200 bp)...
[M::mem_pestat] # candidate unique pairs for (FF, FR, RF, RR): (37, 4458, 2, 22)
[M::mem_pestat] analyzing insert size distribution for orientation FF...
[M::mem_pestat] (25, 50, 75) percentile: (173, 749, 1854)
[M::mem_pestat] low and high boundaries for computing mean and std.dev: (1, 5216)
[M::mem_pestat] mean and std.dev: (900.80, 901.00)
[M::mem_pestat] low and high boundaries for proper pairs: (1, 6897)
[M::mem_pestat] analyzing insert size distribution for orientation FR...
[M::mem_pestat] (25, 50, 75) percentile: (340, 514, 538)
[M::mem_pestat] low and high boundaries for computing mean and std.dev: (1, 934)
[M::mem_pestat] mean and std.dev: (445.23, 160.48)
[M::mem_pestat] low and high boundaries for proper pairs: (1, 1132)
[M::mem_pestat] skip orientation RF as there are not enough pairs
[M::mem_pestat] analyzing insert size distribution for orientation RR...
[M::mem_pestat] (25, 50, 75) percentile: (753, 1383, 2737)
[M::mem_pestat] low and high boundaries for computing mean and std.dev: (1, 6705)
[M::mem_pestat] mean and std.dev: (1866.68, 1598.05)
[M::mem_pestat] low and high boundaries for proper pairs: (1, 8689)
[M::mem_pestat] skip orientation FF
[M::mem_pestat] skip orientation RR
[M::mem_process_seqs] Processed 266668 reads in 222.969 CPU sec, 55.836 real sec
[M::process] read 266668 sequences (40000200 bp)...
[M::mem_pestat] # candidate unique pairs for (FF, FR, RF, RR): (31, 4407, 6, 13)
[M::mem_pestat] analyzing insert size distribution for orientation FF...
[M::mem_pestat] (25, 50, 75) percentile: (179, 1076, 2679)
[M::mem_pestat] low and high boundaries for computing mean and std.dev: (1, 7679)
[M::mem_pestat] mean and std.dev: (1594.48, 1545.04)
[M::mem_pestat] low and high boundaries for proper pairs: (1, 10179)
[M::mem_pestat] analyzing insert size distribution for orientation FR...
[M::mem_pestat] (25, 50, 75) percentile: (364, 514, 539)
[M::mem_pestat] low and high boundaries for computing mean and std.dev: (14, 889)
[M::mem_pestat] mean and std.dev: (447.75, 157.46)
[M::mem_pestat] low and high boundaries for proper pairs: (1, 1078)
[M::mem_pestat] skip orientation RF as there are not enough pairs
[M::mem_pestat] analyzing insert size distribution for orientation RR...
[M::mem_pestat] (25, 50, 75) percentile: (922, 960, 1783)
[M::mem_pestat] low and high boundaries for computing mean and std.dev: (1, 3505)
[M::mem_pestat] mean and std.dev: (936.73, 466.27)
[M::mem_pestat] low and high boundaries for proper pairs: (1, 4366)
[M::mem_pestat] skip orientation FF
[M::mem_pestat] skip orientation RR
[M::mem_process_seqs] Processed 266668 reads in 218.177 CPU sec, 54.628 real sec
[M::process] read 266668 sequences (40000200 bp)...
[M::mem_pestat] # candidate unique pairs for (FF, FR, RF, RR): (24, 4456, 4, 22)
[M::mem_pestat] analyzing insert size distribution for orientation FF...
[M::mem_pestat] (25, 50, 75) percentile: (397, 1062, 3848)
[M::mem_pestat] low and high boundaries for computing mean and std.dev: (1, 10750)
[M::mem_pestat] mean and std.dev: (2113.29, 2360.35)
[M::mem_pestat] low and high boundaries for proper pairs: (1, 14201)
[M::mem_pestat] analyzing insert size distribution for orientation FR...
[M::mem_pestat] (25, 50, 75) percentile: (350, 513, 538)
[M::mem_pestat] low and high boundaries for computing mean and std.dev: (1, 914)
[M::mem_pestat] mean and std.dev: (445.47, 159.07)
[M::mem_pestat] low and high boundaries for proper pairs: (1, 1102)
[M::mem_pestat] skip orientation RF as there are not enough pairs
[M::mem_pestat] analyzing insert size distribution for orientation RR...
[M::mem_pestat] (25, 50, 75) percentile: (696, 1152, 2427)
[M::mem_pestat] low and high boundaries for computing mean and std.dev: (1, 5889)
[M::mem_pestat] mean and std.dev: (1678.05, 1459.97)
[M::mem_pestat] low and high boundaries for proper pairs: (1, 7620)
[M::mem_pestat] skip orientation FF
[M::mem_pestat] skip orientation RR
[M::mem_process_seqs] Processed 266668 reads in 216.448 CPU sec, 54.211 real sec
[M::process] read 266668 sequences (40000200 bp)...
[M::mem_pestat] # candidate unique pairs for (FF, FR, RF, RR): (30, 4498, 3, 23)
[M::mem_pestat] analyzing insert size distribution for orientation FF...
[M::mem_pestat] (25, 50, 75) percentile: (244, 827, 1870)
[M::mem_pestat] low and high boundaries for computing mean and std.dev: (1, 5122)
[M::mem_pestat] mean and std.dev: (1210.17, 1138.74)
[M::mem_pestat] low and high boundaries for proper pairs: (1, 6748)
[M::mem_pestat] analyzing insert size distribution for orientation FR...
[M::mem_pestat] (25, 50, 75) percentile: (404, 514, 541)
[M::mem_pestat] low and high boundaries for computing mean and std.dev: (130, 815)
[M::mem_pestat] mean and std.dev: (458.07, 149.05)
[M::mem_pestat] low and high boundaries for proper pairs: (1, 1054)
[M::mem_pestat] skip orientation RF as there are not enough pairs
[M::mem_pestat] analyzing insert size distribution for orientation RR...
[M::mem_pestat] (25, 50, 75) percentile: (864, 1173, 3094)
[M::mem_pestat] low and high boundaries for computing mean and std.dev: (1, 7554)
[M::mem_pestat] mean and std.dev: (1837.13, 1708.28)
[M::mem_pestat] low and high boundaries for proper pairs: (1, 9784)
[M::mem_pestat] skip orientation FF
[M::mem_pestat] skip orientation RR
[M::mem_process_seqs] Processed 266668 reads in 214.149 CPU sec, 53.637 real sec
[M::process] read 266668 sequences (40000200 bp)...
[M::mem_pestat] # candidate unique pairs for (FF, FR, RF, RR): (30, 4496, 4, 21)
[M::mem_pestat] analyzing insert size distribution for orientation FF...
[M::mem_pestat] (25, 50, 75) percentile: (155, 883, 1729)
[M::mem_pestat] low and high boundaries for computing mean and std.dev: (1, 4877)
[M::mem_pestat] mean and std.dev: (1020.93, 1020.01)
[M::mem_pestat] low and high boundaries for proper pairs: (1, 6451)
[M::mem_pestat] analyzing insert size distribution for orientation FR...
[M::mem_pestat] (25, 50, 75) percentile: (368, 513, 539)
[M::mem_pestat] low and high boundaries for computing mean and std.dev: (26, 881)
[M::mem_pestat] mean and std.dev: (450.86, 154.30)
[M::mem_pestat] low and high boundaries for proper pairs: (1, 1068)
[M::mem_pestat] skip orientation RF as there are not enough pairs
[M::mem_pestat] analyzing insert size distribution for orientation RR...
[M::mem_pestat] (25, 50, 75) percentile: (853, 1270, 2578)
[M::mem_pestat] low and high boundaries for computing mean and std.dev: (1, 6028)
[M::mem_pestat] mean and std.dev: (1536.10, 1046.15)
[M::mem_pestat] low and high boundaries for proper pairs: (1, 7753)
[M::mem_pestat] skip orientation FF
[M::mem_pestat] skip orientation RR
[M::mem_process_seqs] Processed 266668 reads in 211.058 CPU sec, 52.880 real sec
[M::process] read 266668 sequences (40000200 bp)...
[M::mem_pestat] # candidate unique pairs for (FF, FR, RF, RR): (27, 4297, 4, 21)
[M::mem_pestat] analyzing insert size distribution for orientation FF...
[M::mem_pestat] (25, 50, 75) percentile: (181, 675, 1955)
[M::mem_pestat] low and high boundaries for computing mean and std.dev: (1, 5503)
[M::mem_pestat] mean and std.dev: (918.96, 1001.99)
[M::mem_pestat] low and high boundaries for proper pairs: (1, 7277)
[M::mem_pestat] analyzing insert size distribution for orientation FR...
[M::mem_pestat] (25, 50, 75) percentile: (360, 514, 540)
[M::mem_pestat] low and high boundaries for computing mean and std.dev: (1, 900)
[M::mem_pestat] mean and std.dev: (446.21, 160.47)
[M::mem_pestat] low and high boundaries for proper pairs: (1, 1088)
[M::mem_pestat] skip orientation RF as there are not enough pairs
[M::mem_pestat] analyzing insert size distribution for orientation RR...
[M::mem_pestat] (25, 50, 75) percentile: (1058, 2354, 4103)
[M::mem_pestat] low and high boundaries for computing mean and std.dev: (1, 10193)
[M::mem_pestat] mean and std.dev: (2901.19, 2629.12)
[M::mem_pestat] low and high boundaries for proper pairs: (1, 13418)
[M::mem_pestat] skip orientation FF
[M::mem_pestat] skip orientation RR
[M::mem_process_seqs] Processed 266668 reads in 213.251 CPU sec, 53.411 real sec
[M::process] read 266668 sequences (40000200 bp)...
[M::mem_pestat] # candidate unique pairs for (FF, FR, RF, RR): (23, 4400, 3, 29)
[M::mem_pestat] analyzing insert size distribution for orientation FF...
[M::mem_pestat] (25, 50, 75) percentile: (512, 1105, 2007)
[M::mem_pestat] low and high boundaries for computing mean and std.dev: (1, 4997)
[M::mem_pestat] mean and std.dev: (1448.13, 1331.61)
[M::mem_pestat] low and high boundaries for proper pairs: (1, 6775)
[M::mem_pestat] analyzing insert size distribution for orientation FR...
[M::mem_pestat] (25, 50, 75) percentile: (363, 515, 541)
[M::mem_pestat] low and high boundaries for computing mean and std.dev: (7, 897)
[M::mem_pestat] mean and std.dev: (449.90, 157.43)
[M::mem_pestat] low and high boundaries for proper pairs: (1, 1080)
[M::mem_pestat] skip orientation RF as there are not enough pairs
[M::mem_pestat] analyzing insert size distribution for orientation RR...
[M::mem_pestat] (25, 50, 75) percentile: (751, 1194, 2536)
[M::mem_pestat] low and high boundaries for computing mean and std.dev: (1, 6106)
[M::mem_pestat] mean and std.dev: (1422.36, 1354.11)
[M::mem_pestat] low and high boundaries for proper pairs: (1, 7891)
[M::mem_pestat] skip orientation FF
[M::mem_pestat] skip orientation RR
[M::mem_process_seqs] Processed 266668 reads in 210.678 CPU sec, 52.764 real sec
[M::process] read 266668 sequences (40000200 bp)...
[M::mem_pestat] # candidate unique pairs for (FF, FR, RF, RR): (21, 4365, 3, 28)
[M::mem_pestat] analyzing insert size distribution for orientation FF...
[M::mem_pestat] (25, 50, 75) percentile: (271, 1528, 2591)
[M::mem_pestat] low and high boundaries for computing mean and std.dev: (1, 7231)
[M::mem_pestat] mean and std.dev: (1627.80, 1382.57)
[M::mem_pestat] low and high boundaries for proper pairs: (1, 9551)
[M::mem_pestat] analyzing insert size distribution for orientation FR...
[M::mem_pestat] (25, 50, 75) percentile: (364, 515, 541)
[M::mem_pestat] low and high boundaries for computing mean and std.dev: (10, 895)
[M::mem_pestat] mean and std.dev: (448.58, 159.82)
[M::mem_pestat] low and high boundaries for proper pairs: (1, 1088)
[M::mem_pestat] skip orientation RF as there are not enough pairs
[M::mem_pestat] analyzing insert size distribution for orientation RR...
[M::mem_pestat] (25, 50, 75) percentile: (588, 1442, 2261)
[M::mem_pestat] low and high boundaries for computing mean and std.dev: (1, 5607)
[M::mem_pestat] mean and std.dev: (1588.96, 1305.58)
[M::mem_pestat] low and high boundaries for proper pairs: (1, 7280)
[M::mem_pestat] skip orientation FF
[M::mem_pestat] skip orientation RR
[M::mem_process_seqs] Processed 266668 reads in 211.629 CPU sec, 53.013 real sec
[M::process] read 266668 sequences (40000200 bp)...
[M::mem_pestat] # candidate unique pairs for (FF, FR, RF, RR): (31, 4458, 9, 24)
[M::mem_pestat] analyzing insert size distribution for orientation FF...
[M::mem_pestat] (25, 50, 75) percentile: (262, 760, 1262)
[M::mem_pestat] low and high boundaries for computing mean and std.dev: (1, 3262)
[M::mem_pestat] mean and std.dev: (793.86, 740.69)
[M::mem_pestat] low and high boundaries for proper pairs: (1, 4262)
[M::mem_pestat] analyzing insert size distribution for orientation FR...
[M::mem_pestat] (25, 50, 75) percentile: (353, 514, 541)
[M::mem_pestat] low and high boundaries for computing mean and std.dev: (1, 917)
[M::mem_pestat] mean and std.dev: (447.45, 159.98)
[M::mem_pestat] low and high boundaries for proper pairs: (1, 1105)
[M::mem_pestat] skip orientation RF as there are not enough pairs
[M::mem_pestat] analyzing insert size distribution for orientation RR...
[M::mem_pestat] (25, 50, 75) percentile: (930, 1982, 2894)
[M::mem_pestat] low and high boundaries for computing mean and std.dev: (1, 6822)
[M::mem_pestat] mean and std.dev: (1688.14, 1215.86)
[M::mem_pestat] low and high boundaries for proper pairs: (1, 8786)
[M::mem_pestat] skip orientation FF
[M::mem_pestat] skip orientation RR
[M::mem_process_seqs] Processed 266668 reads in 215.860 CPU sec, 54.056 real sec
[M::process] read 266668 sequences (40000200 bp)...
[M::mem_pestat] # candidate unique pairs for (FF, FR, RF, RR): (23, 4429, 5, 20)
[M::mem_pestat] analyzing insert size distribution for orientation FF...
[M::mem_pestat] (25, 50, 75) percentile: (242, 1083, 1379)
[M::mem_pestat] low and high boundaries for computing mean and std.dev: (1, 3653)
[M::mem_pestat] mean and std.dev: (1126.52, 952.07)
[M::mem_pestat] low and high boundaries for proper pairs: (1, 4935)
[M::mem_pestat] analyzing insert size distribution for orientation FR...
[M::mem_pestat] (25, 50, 75) percentile: (353, 514, 540)
[M::mem_pestat] low and high boundaries for computing mean and std.dev: (1, 914)
[M::mem_pestat] mean and std.dev: (447.72, 159.19)
[M::mem_pestat] low and high boundaries for proper pairs: (1, 1101)
[M::mem_pestat] skip orientation RF as there are not enough pairs
[M::mem_pestat] analyzing insert size distribution for orientation RR...
[M::mem_pestat] (25, 50, 75) percentile: (673, 1058, 2603)
[M::mem_pestat] low and high boundaries for computing mean and std.dev: (1, 6463)
[M::mem_pestat] mean and std.dev: (1535.45, 1447.94)
[M::mem_pestat] low and high boundaries for proper pairs: (1, 8393)
[M::mem_pestat] skip orientation FF
[M::mem_pestat] skip orientation RR
[M::mem_process_seqs] Processed 266668 reads in 214.893 CPU sec, 53.800 real sec
[M::process] read 266668 sequences (40000200 bp)...
[M::mem_pestat] # candidate unique pairs for (FF, FR, RF, RR): (29, 4403, 4, 24)
[M::mem_pestat] analyzing insert size distribution for orientation FF...
[M::mem_pestat] (25, 50, 75) percentile: (550, 983, 3160)
[M::mem_pestat] low and high boundaries for computing mean and std.dev: (1, 8380)
[M::mem_pestat] mean and std.dev: (1676.43, 1646.82)
[M::mem_pestat] low and high boundaries for proper pairs: (1, 10990)
[M::mem_pestat] analyzing insert size distribution for orientation FR...
[M::mem_pestat] (25, 50, 75) percentile: (416, 514, 541)
[M::mem_pestat] low and high boundaries for computing mean and std.dev: (166, 791)
[M::mem_pestat] mean and std.dev: (502.75, 96.88)
[M::mem_pestat] low and high boundaries for proper pairs: (41, 916)
[M::mem_pestat] skip orientation RF as there are not enough pairs
[M::mem_pestat] analyzing insert size distribution for orientation RR...
[M::mem_pestat] (25, 50, 75) percentile: (822, 987, 2628)
[M::mem_pestat] low and high boundaries for computing mean and std.dev: (1, 6240)
[M::mem_pestat] mean and std.dev: (1529.00, 1063.57)
[M::mem_pestat] low and high boundaries for proper pairs: (1, 8046)
[M::mem_pestat] skip orientation FF
[M::mem_pestat] skip orientation RR
[M::mem_process_seqs] Processed 266668 reads in 209.761 CPU sec, 52.503 real sec
[M::process] read 266668 sequences (40000200 bp)...
[M::mem_pestat] # candidate unique pairs for (FF, FR, RF, RR): (27, 4501, 7, 19)
[M::mem_pestat] analyzing insert size distribution for orientation FF...
[M::mem_pestat] (25, 50, 75) percentile: (192, 420, 1433)
[M::mem_pestat] low and high boundaries for computing mean and std.dev: (1, 3915)
[M::mem_pestat] mean and std.dev: (675.68, 618.07)
[M::mem_pestat] low and high boundaries for proper pairs: (1, 5156)
[M::mem_pestat] analyzing insert size distribution for orientation FR...
[M::mem_pestat] (25, 50, 75) percentile: (343, 514, 540)
[M::mem_pestat] low and high boundaries for computing mean and std.dev: (1, 934)
[M::mem_pestat] mean and std.dev: (445.59, 160.26)
[M::mem_pestat] low and high boundaries for proper pairs: (1, 1131)
[M::mem_pestat] skip orientation RF as there are not enough pairs
[M::mem_pestat] analyzing insert size distribution for orientation RR...
[M::mem_pestat] (25, 50, 75) percentile: (996, 1376, 3185)
[M::mem_pestat] low and high boundaries for computing mean and std.dev: (1, 7563)
[M::mem_pestat] mean and std.dev: (1716.44, 1375.95)
[M::mem_pestat] low and high boundaries for proper pairs: (1, 9752)
[M::mem_pestat] skip orientation FF
[M::mem_pestat] skip orientation RR
[M::mem_process_seqs] Processed 266668 reads in 219.678 CPU sec, 54.997 real sec
[M::process] read 266668 sequences (40000200 bp)...
[M::mem_pestat] # candidate unique pairs for (FF, FR, RF, RR): (29, 4550, 2, 30)
[M::mem_pestat] analyzing insert size distribution for orientation FF...
[M::mem_pestat] (25, 50, 75) percentile: (161, 896, 1654)
[M::mem_pestat] low and high boundaries for computing mean and std.dev: (1, 4640)
[M::mem_pestat] mean and std.dev: (1096.36, 1126.17)
[M::mem_pestat] low and high boundaries for proper pairs: (1, 6133)
[M::mem_pestat] analyzing insert size distribution for orientation FR...
[M::mem_pestat] (25, 50, 75) percentile: (348, 514, 540)
[M::mem_pestat] low and high boundaries for computing mean and std.dev: (1, 924)
[M::mem_pestat] mean and std.dev: (446.67, 160.35)
[M::mem_pestat] low and high boundaries for proper pairs: (1, 1116)
[M::mem_pestat] skip orientation RF as there are not enough pairs
[M::mem_pestat] analyzing insert size distribution for orientation RR...
[M::mem_pestat] (25, 50, 75) percentile: (874, 1536, 2954)
[M::mem_pestat] low and high boundaries for computing mean and std.dev: (1, 7114)
[M::mem_pestat] mean and std.dev: (2071.48, 1638.21)
[M::mem_pestat] low and high boundaries for proper pairs: (1, 9194)
[M::mem_pestat] skip orientation FF
[M::mem_pestat] skip orientation RR
[M::mem_process_seqs] Processed 266668 reads in 219.665 CPU sec, 54.998 real sec
[M::process] read 266668 sequences (40000200 bp)...
[M::mem_pestat] # candidate unique pairs for (FF, FR, RF, RR): (19, 4494, 1, 20)
[M::mem_pestat] analyzing insert size distribution for orientation FF...
[M::mem_pestat] (25, 50, 75) percentile: (168, 669, 1089)
[M::mem_pestat] low and high boundaries for computing mean and std.dev: (1, 2931)
[M::mem_pestat] mean and std.dev: (650.21, 497.74)
[M::mem_pestat] low and high boundaries for proper pairs: (1, 3852)
[M::mem_pestat] analyzing insert size distribution for orientation FR...
[M::mem_pestat] (25, 50, 75) percentile: (359, 514, 540)
[M::mem_pestat] low and high boundaries for computing mean and std.dev: (1, 902)
[M::mem_pestat] mean and std.dev: (447.06, 159.59)
[M::mem_pestat] low and high boundaries for proper pairs: (1, 1085)
[M::mem_pestat] skip orientation RF as there are not enough pairs
[M::mem_pestat] analyzing insert size distribution for orientation RR...
[M::mem_pestat] (25, 50, 75) percentile: (722, 1880, 4348)
[M::mem_pestat] low and high boundaries for computing mean and std.dev: (1, 11600)
[M::mem_pestat] mean and std.dev: (2364.45, 1750.00)
[M::mem_pestat] low and high boundaries for proper pairs: (1, 15226)
[M::mem_pestat] skip orientation FF
[M::mem_pestat] skip orientation RR
[M::mem_process_seqs] Processed 266668 reads in 213.050 CPU sec, 53.377 real sec
[M::process] read 112290 sequences (16843500 bp)...
[M::mem_pestat] # candidate unique pairs for (FF, FR, RF, RR): (23, 4476, 3, 19)
[M::mem_pestat] analyzing insert size distribution for orientation FF...
[M::mem_pestat] (25, 50, 75) percentile: (199, 618, 1194)
[M::mem_pestat] low and high boundaries for computing mean and std.dev: (1, 3184)
[M::mem_pestat] mean and std.dev: (822.09, 769.86)
[M::mem_pestat] low and high boundaries for proper pairs: (1, 4179)
[M::mem_pestat] analyzing insert size distribution for orientation FR...
[M::mem_pestat] (25, 50, 75) percentile: (365, 514, 542)
[M::mem_pestat] low and high boundaries for computing mean and std.dev: (11, 896)
[M::mem_pestat] mean and std.dev: (449.37, 158.01)
[M::mem_pestat] low and high boundaries for proper pairs: (1, 1081)
[M::mem_pestat] skip orientation RF as there are not enough pairs
[M::mem_pestat] analyzing insert size distribution for orientation RR...
[M::mem_pestat] (25, 50, 75) percentile: (921, 1166, 2005)
[M::mem_pestat] low and high boundaries for computing mean and std.dev: (1, 4173)
[M::mem_pestat] mean and std.dev: (1154.06, 630.32)
[M::mem_pestat] low and high boundaries for proper pairs: (1, 5257)
[M::mem_pestat] skip orientation FF
[M::mem_pestat] skip orientation RR
[M::mem_process_seqs] Processed 266668 reads in 212.856 CPU sec, 53.324 real sec
[M::mem_pestat] # candidate unique pairs for (FF, FR, RF, RR): (17, 1898, 2, 8)
[M::mem_pestat] analyzing insert size distribution for orientation FF...
[M::mem_pestat] (25, 50, 75) percentile: (181, 258, 716)
[M::mem_pestat] low and high boundaries for computing mean and std.dev: (1, 1786)
[M::mem_pestat] mean and std.dev: (502.29, 501.60)
[M::mem_pestat] low and high boundaries for proper pairs: (1, 2509)
[M::mem_pestat] analyzing insert size distribution for orientation FR...
[M::mem_pestat] (25, 50, 75) percentile: (350, 513, 539)
[M::mem_pestat] low and high boundaries for computing mean and std.dev: (1, 917)
[M::mem_pestat] mean and std.dev: (445.22, 157.31)
[M::mem_pestat] low and high boundaries for proper pairs: (1, 1106)
[M::mem_pestat] skip orientation RF as there are not enough pairs
[M::mem_pestat] skip orientation RR as there are not enough pairs
[M::mem_pestat] skip orientation FF
[M::mem_process_seqs] Processed 112290 reads in 91.921 CPU sec, 23.024 real sec
[main] Version: 0.7.17-r1188
[main] CMD: bwa mem -t 4 -a /mnt/raid6/bacphagenetwork/data/bwa_index/Homo_sapiens.GRCh38.dna.toplevel.fa /mnt/raid6/bacphagenetwork/data/skin_metagenome/Guangzhou/02_rm_host/099_1.fastq.gz /mnt/raid6/bacphagenetwork/data/skin_metagenome/Guangzhou/02_rm_host/099_2.fastq.gz
[main] Real time: 3144.305 sec; CPU: 12535.650 sec
