/home/bacphagenetwork/.bashrc: line 15: Custom: command not found
[M::bwa_idx_load_from_disk] read 0 ALT contigs
[M::process] read 266668 sequences (40000200 bp)...
[M::process] read 266668 sequences (40000200 bp)...
[M::mem_pestat] # candidate unique pairs for (FF, FR, RF, RR): (7, 9437, 3, 7)
[M::mem_pestat] skip orientation FF as there are not enough pairs
[M::mem_pestat] analyzing insert size distribution for orientation FR...
[M::mem_pestat] (25, 50, 75) percentile: (506, 521, 547)
[M::mem_pestat] low and high boundaries for computing mean and std.dev: (424, 629)
[M::mem_pestat] mean and std.dev: (531.22, 29.77)
[M::mem_pestat] low and high boundaries for proper pairs: (383, 670)
[M::mem_pestat] skip orientation RF as there are not enough pairs
[M::mem_pestat] skip orientation RR as there are not enough pairs
[M::mem_process_seqs] Processed 266668 reads in 168.198 CPU sec, 42.174 real sec
[M::process] read 266668 sequences (40000200 bp)...
[M::mem_pestat] # candidate unique pairs for (FF, FR, RF, RR): (6, 9461, 0, 6)
[M::mem_pestat] skip orientation FF as there are not enough pairs
[M::mem_pestat] analyzing insert size distribution for orientation FR...
[M::mem_pestat] (25, 50, 75) percentile: (506, 522, 546)
[M::mem_pestat] low and high boundaries for computing mean and std.dev: (426, 626)
[M::mem_pestat] mean and std.dev: (531.12, 28.45)
[M::mem_pestat] low and high boundaries for proper pairs: (386, 666)
[M::mem_pestat] skip orientation RF as there are not enough pairs
[M::mem_pestat] skip orientation RR as there are not enough pairs
[M::mem_process_seqs] Processed 266668 reads in 167.914 CPU sec, 42.061 real sec
[M::process] read 266668 sequences (40000200 bp)...
[M::mem_pestat] # candidate unique pairs for (FF, FR, RF, RR): (9, 8997, 3, 8)
[M::mem_pestat] skip orientation FF as there are not enough pairs
[M::mem_pestat] analyzing insert size distribution for orientation FR...
[M::mem_pestat] (25, 50, 75) percentile: (506, 520, 545)
[M::mem_pestat] low and high boundaries for computing mean and std.dev: (428, 623)
[M::mem_pestat] mean and std.dev: (530.58, 28.38)
[M::mem_pestat] low and high boundaries for proper pairs: (389, 662)
[M::mem_pestat] skip orientation RF as there are not enough pairs
[M::mem_pestat] skip orientation RR as there are not enough pairs
[M::mem_process_seqs] Processed 266668 reads in 173.078 CPU sec, 43.349 real sec
[M::process] read 266668 sequences (40000200 bp)...
[M::mem_pestat] # candidate unique pairs for (FF, FR, RF, RR): (11, 9840, 2, 10)
[M::mem_pestat] analyzing insert size distribution for orientation FF...
[M::mem_pestat] (25, 50, 75) percentile: (182, 198, 576)
[M::mem_pestat] low and high boundaries for computing mean and std.dev: (1, 1364)
[M::mem_pestat] mean and std.dev: (283.00, 218.94)
[M::mem_pestat] low and high boundaries for proper pairs: (1, 1758)
[M::mem_pestat] analyzing insert size distribution for orientation FR...
[M::mem_pestat] (25, 50, 75) percentile: (507, 522, 547)
[M::mem_pestat] low and high boundaries for computing mean and std.dev: (427, 627)
[M::mem_pestat] mean and std.dev: (531.63, 29.18)
[M::mem_pestat] low and high boundaries for proper pairs: (387, 667)
[M::mem_pestat] skip orientation RF as there are not enough pairs
[M::mem_pestat] analyzing insert size distribution for orientation RR...
[M::mem_pestat] (25, 50, 75) percentile: (204, 268, 312)
[M::mem_pestat] low and high boundaries for computing mean and std.dev: (1, 528)
[M::mem_pestat] mean and std.dev: (219.00, 82.29)
[M::mem_pestat] low and high boundaries for proper pairs: (1, 636)
[M::mem_pestat] skip orientation FF
[M::mem_pestat] skip orientation RR
[M::mem_process_seqs] Processed 266668 reads in 163.684 CPU sec, 40.993 real sec
[M::process] read 266668 sequences (40000200 bp)...
[M::mem_pestat] # candidate unique pairs for (FF, FR, RF, RR): (6, 9240, 1, 8)
[M::mem_pestat] skip orientation FF as there are not enough pairs
[M::mem_pestat] analyzing insert size distribution for orientation FR...
[M::mem_pestat] (25, 50, 75) percentile: (506, 521, 545)
[M::mem_pestat] low and high boundaries for computing mean and std.dev: (428, 623)
[M::mem_pestat] mean and std.dev: (530.59, 28.08)
[M::mem_pestat] low and high boundaries for proper pairs: (389, 662)
[M::mem_pestat] skip orientation RF as there are not enough pairs
[M::mem_pestat] skip orientation RR as there are not enough pairs
[M::mem_process_seqs] Processed 266668 reads in 169.016 CPU sec, 42.328 real sec
[M::process] read 266668 sequences (40000200 bp)...
[M::mem_pestat] # candidate unique pairs for (FF, FR, RF, RR): (7, 9553, 3, 4)
[M::mem_pestat] skip orientation FF as there are not enough pairs
[M::mem_pestat] analyzing insert size distribution for orientation FR...
[M::mem_pestat] (25, 50, 75) percentile: (507, 522, 548)
[M::mem_pestat] low and high boundaries for computing mean and std.dev: (425, 630)
[M::mem_pestat] mean and std.dev: (531.92, 29.59)
[M::mem_pestat] low and high boundaries for proper pairs: (384, 671)
[M::mem_pestat] skip orientation RF as there are not enough pairs
[M::mem_pestat] skip orientation RR as there are not enough pairs
[M::mem_process_seqs] Processed 266668 reads in 171.367 CPU sec, 42.908 real sec
[M::process] read 266668 sequences (40000200 bp)...
[M::mem_pestat] # candidate unique pairs for (FF, FR, RF, RR): (3, 9562, 5, 8)
[M::mem_pestat] skip orientation FF as there are not enough pairs
[M::mem_pestat] analyzing insert size distribution for orientation FR...
[M::mem_pestat] (25, 50, 75) percentile: (506, 522, 548)
[M::mem_pestat] low and high boundaries for computing mean and std.dev: (422, 632)
[M::mem_pestat] mean and std.dev: (531.78, 29.94)
[M::mem_pestat] low and high boundaries for proper pairs: (380, 674)
[M::mem_pestat] skip orientation RF as there are not enough pairs
[M::mem_pestat] skip orientation RR as there are not enough pairs
[M::mem_process_seqs] Processed 266668 reads in 167.663 CPU sec, 41.972 real sec
[M::process] read 266668 sequences (40000200 bp)...
[M::mem_pestat] # candidate unique pairs for (FF, FR, RF, RR): (4, 9233, 3, 8)
[M::mem_pestat] skip orientation FF as there are not enough pairs
[M::mem_pestat] analyzing insert size distribution for orientation FR...
[M::mem_pestat] (25, 50, 75) percentile: (506, 521, 546)
[M::mem_pestat] low and high boundaries for computing mean and std.dev: (426, 626)
[M::mem_pestat] mean and std.dev: (531.15, 28.88)
[M::mem_pestat] low and high boundaries for proper pairs: (386, 666)
[M::mem_pestat] skip orientation RF as there are not enough pairs
[M::mem_pestat] skip orientation RR as there are not enough pairs
[M::mem_process_seqs] Processed 266668 reads in 169.464 CPU sec, 42.421 real sec
[M::process] read 266668 sequences (40000200 bp)...
[M::mem_pestat] # candidate unique pairs for (FF, FR, RF, RR): (13, 9425, 1, 9)
[M::mem_pestat] analyzing insert size distribution for orientation FF...
[M::mem_pestat] (25, 50, 75) percentile: (305, 330, 1746)
[M::mem_pestat] low and high boundaries for computing mean and std.dev: (1, 4628)
[M::mem_pestat] mean and std.dev: (777.33, 874.37)
[M::mem_pestat] low and high boundaries for proper pairs: (1, 6069)
[M::mem_pestat] analyzing insert size distribution for orientation FR...
[M::mem_pestat] (25, 50, 75) percentile: (507, 522, 546)
[M::mem_pestat] low and high boundaries for computing mean and std.dev: (429, 624)
[M::mem_pestat] mean and std.dev: (531.24, 28.45)
[M::mem_pestat] low and high boundaries for proper pairs: (390, 663)
[M::mem_pestat] skip orientation RF as there are not enough pairs
[M::mem_pestat] skip orientation RR as there are not enough pairs
[M::mem_pestat] skip orientation FF
[M::mem_process_seqs] Processed 266668 reads in 167.523 CPU sec, 42.076 real sec
[M::process] read 266668 sequences (40000200 bp)...
[M::mem_pestat] # candidate unique pairs for (FF, FR, RF, RR): (11, 8974, 2, 6)
[M::mem_pestat] analyzing insert size distribution for orientation FF...
[M::mem_pestat] (25, 50, 75) percentile: (267, 490, 716)
[M::mem_pestat] low and high boundaries for computing mean and std.dev: (1, 1614)
[M::mem_pestat] mean and std.dev: (517.40, 370.48)
[M::mem_pestat] low and high boundaries for proper pairs: (1, 2063)
[M::mem_pestat] analyzing insert size distribution for orientation FR...
[M::mem_pestat] (25, 50, 75) percentile: (506, 521, 546)
[M::mem_pestat] low and high boundaries for computing mean and std.dev: (426, 626)
[M::mem_pestat] mean and std.dev: (531.03, 28.96)
[M::mem_pestat] low and high boundaries for proper pairs: (386, 666)
[M::mem_pestat] skip orientation RF as there are not enough pairs
[M::mem_pestat] skip orientation RR as there are not enough pairs
[M::mem_pestat] skip orientation FF
[M::mem_process_seqs] Processed 266668 reads in 169.580 CPU sec, 42.456 real sec
[M::process] read 266668 sequences (40000200 bp)...
[M::mem_pestat] # candidate unique pairs for (FF, FR, RF, RR): (4, 9415, 2, 10)
[M::mem_pestat] skip orientation FF as there are not enough pairs
[M::mem_pestat] analyzing insert size distribution for orientation FR...
[M::mem_pestat] (25, 50, 75) percentile: (507, 522, 546)
[M::mem_pestat] low and high boundaries for computing mean and std.dev: (429, 624)
[M::mem_pestat] mean and std.dev: (531.27, 28.36)
[M::mem_pestat] low and high boundaries for proper pairs: (390, 663)
[M::mem_pestat] skip orientation RF as there are not enough pairs
[M::mem_pestat] analyzing insert size distribution for orientation RR...
[M::mem_pestat] (25, 50, 75) percentile: (204, 308, 1513)
[M::mem_pestat] low and high boundaries for computing mean and std.dev: (1, 4131)
[M::mem_pestat] mean and std.dev: (501.75, 498.23)
[M::mem_pestat] low and high boundaries for proper pairs: (1, 5440)
[M::mem_pestat] skip orientation RR
[M::mem_process_seqs] Processed 266668 reads in 164.326 CPU sec, 41.139 real sec
[M::process] read 266668 sequences (40000200 bp)...
[M::mem_pestat] # candidate unique pairs for (FF, FR, RF, RR): (7, 9415, 1, 10)
[M::mem_pestat] skip orientation FF as there are not enough pairs
[M::mem_pestat] analyzing insert size distribution for orientation FR...
[M::mem_pestat] (25, 50, 75) percentile: (506, 521, 546)
[M::mem_pestat] low and high boundaries for computing mean and std.dev: (426, 626)
[M::mem_pestat] mean and std.dev: (531.67, 29.01)
[M::mem_pestat] low and high boundaries for proper pairs: (386, 666)
[M::mem_pestat] skip orientation RF as there are not enough pairs
[M::mem_pestat] analyzing insert size distribution for orientation RR...
[M::mem_pestat] (25, 50, 75) percentile: (317, 458, 2684)
[M::mem_pestat] low and high boundaries for computing mean and std.dev: (1, 7418)
[M::mem_pestat] mean and std.dev: (1379.20, 1341.85)
[M::mem_pestat] low and high boundaries for proper pairs: (1, 9785)
[M::mem_pestat] skip orientation RR
[M::mem_process_seqs] Processed 266668 reads in 169.764 CPU sec, 42.500 real sec
[M::process] read 266668 sequences (40000200 bp)...
[M::mem_pestat] # candidate unique pairs for (FF, FR, RF, RR): (6, 9398, 5, 9)
[M::mem_pestat] skip orientation FF as there are not enough pairs
[M::mem_pestat] analyzing insert size distribution for orientation FR...
[M::mem_pestat] (25, 50, 75) percentile: (506, 521, 546)
[M::mem_pestat] low and high boundaries for computing mean and std.dev: (426, 626)
[M::mem_pestat] mean and std.dev: (531.38, 28.89)
[M::mem_pestat] low and high boundaries for proper pairs: (386, 666)
[M::mem_pestat] skip orientation RF as there are not enough pairs
[M::mem_pestat] skip orientation RR as there are not enough pairs
[M::mem_process_seqs] Processed 266668 reads in 166.385 CPU sec, 41.662 real sec
[M::process] read 266668 sequences (40000200 bp)...
[M::mem_pestat] # candidate unique pairs for (FF, FR, RF, RR): (7, 9738, 1, 7)
[M::mem_pestat] skip orientation FF as there are not enough pairs
[M::mem_pestat] analyzing insert size distribution for orientation FR...
[M::mem_pestat] (25, 50, 75) percentile: (507, 522, 546)
[M::mem_pestat] low and high boundaries for computing mean and std.dev: (429, 624)
[M::mem_pestat] mean and std.dev: (531.29, 28.79)
[M::mem_pestat] low and high boundaries for proper pairs: (390, 663)
[M::mem_pestat] skip orientation RF as there are not enough pairs
[M::mem_pestat] skip orientation RR as there are not enough pairs
[M::mem_process_seqs] Processed 266668 reads in 166.804 CPU sec, 41.774 real sec
[M::process] read 266668 sequences (40000200 bp)...
[M::mem_pestat] # candidate unique pairs for (FF, FR, RF, RR): (6, 9125, 4, 7)
[M::mem_pestat] skip orientation FF as there are not enough pairs
[M::mem_pestat] analyzing insert size distribution for orientation FR...
[M::mem_pestat] (25, 50, 75) percentile: (506, 521, 545)
[M::mem_pestat] low and high boundaries for computing mean and std.dev: (428, 623)
[M::mem_pestat] mean and std.dev: (530.51, 28.30)
[M::mem_pestat] low and high boundaries for proper pairs: (389, 662)
[M::mem_pestat] skip orientation RF as there are not enough pairs
[M::mem_pestat] skip orientation RR as there are not enough pairs
[M::mem_process_seqs] Processed 266668 reads in 171.704 CPU sec, 43.005 real sec
[M::process] read 266668 sequences (40000200 bp)...
[M::mem_pestat] # candidate unique pairs for (FF, FR, RF, RR): (10, 9540, 0, 11)
[M::mem_pestat] analyzing insert size distribution for orientation FF...
[M::mem_pestat] (25, 50, 75) percentile: (127, 281, 652)
[M::mem_pestat] low and high boundaries for computing mean and std.dev: (1, 1702)
[M::mem_pestat] mean and std.dev: (309.44, 234.34)
[M::mem_pestat] low and high boundaries for proper pairs: (1, 2227)
[M::mem_pestat] analyzing insert size distribution for orientation FR...
[M::mem_pestat] (25, 50, 75) percentile: (507, 521, 547)
[M::mem_pestat] low and high boundaries for computing mean and std.dev: (427, 627)
[M::mem_pestat] mean and std.dev: (531.36, 29.22)
[M::mem_pestat] low and high boundaries for proper pairs: (387, 667)
[M::mem_pestat] skip orientation RF as there are not enough pairs
[M::mem_pestat] analyzing insert size distribution for orientation RR...
[M::mem_pestat] (25, 50, 75) percentile: (245, 331, 3505)
[M::mem_pestat] low and high boundaries for computing mean and std.dev: (1, 10025)
[M::mem_pestat] mean and std.dev: (1740.00, 2106.51)
[M::mem_pestat] low and high boundaries for proper pairs: (1, 13285)
[M::mem_pestat] skip orientation FF
[M::mem_pestat] skip orientation RR
[M::mem_process_seqs] Processed 266668 reads in 170.574 CPU sec, 42.716 real sec
[M::process] read 266668 sequences (40000200 bp)...
[M::mem_pestat] # candidate unique pairs for (FF, FR, RF, RR): (5, 9363, 3, 10)
[M::mem_pestat] skip orientation FF as there are not enough pairs
[M::mem_pestat] analyzing insert size distribution for orientation FR...
[M::mem_pestat] (25, 50, 75) percentile: (506, 521, 545)
[M::mem_pestat] low and high boundaries for computing mean and std.dev: (428, 623)
[M::mem_pestat] mean and std.dev: (530.26, 28.29)
[M::mem_pestat] low and high boundaries for proper pairs: (389, 662)
[M::mem_pestat] skip orientation RF as there are not enough pairs
[M::mem_pestat] analyzing insert size distribution for orientation RR...
[M::mem_pestat] (25, 50, 75) percentile: (202, 300, 1285)
[M::mem_pestat] low and high boundaries for computing mean and std.dev: (1, 3451)
[M::mem_pestat] mean and std.dev: (621.22, 616.81)
[M::mem_pestat] low and high boundaries for proper pairs: (1, 4534)
[M::mem_pestat] skip orientation RR
[M::mem_process_seqs] Processed 266668 reads in 169.287 CPU sec, 42.401 real sec
[M::process] read 266668 sequences (40000200 bp)...
[M::mem_pestat] # candidate unique pairs for (FF, FR, RF, RR): (9, 9437, 5, 8)
[M::mem_pestat] skip orientation FF as there are not enough pairs
[M::mem_pestat] analyzing insert size distribution for orientation FR...
[M::mem_pestat] (25, 50, 75) percentile: (506, 522, 547)
[M::mem_pestat] low and high boundaries for computing mean and std.dev: (424, 629)
[M::mem_pestat] mean and std.dev: (531.51, 29.34)
[M::mem_pestat] low and high boundaries for proper pairs: (383, 670)
[M::mem_pestat] skip orientation RF as there are not enough pairs
[M::mem_pestat] skip orientation RR as there are not enough pairs
[M::mem_process_seqs] Processed 266668 reads in 167.387 CPU sec, 41.927 real sec
[M::process] read 266668 sequences (40000200 bp)...
[M::mem_pestat] # candidate unique pairs for (FF, FR, RF, RR): (8, 9625, 6, 6)
[M::mem_pestat] skip orientation FF as there are not enough pairs
[M::mem_pestat] analyzing insert size distribution for orientation FR...
[M::mem_pestat] (25, 50, 75) percentile: (507, 522, 548)
[M::mem_pestat] low and high boundaries for computing mean and std.dev: (425, 630)
[M::mem_pestat] mean and std.dev: (532.71, 30.11)
[M::mem_pestat] low and high boundaries for proper pairs: (384, 671)
[M::mem_pestat] skip orientation RF as there are not enough pairs
[M::mem_pestat] skip orientation RR as there are not enough pairs
[M::mem_process_seqs] Processed 266668 reads in 172.017 CPU sec, 43.073 real sec
[M::process] read 266668 sequences (40000200 bp)...
[M::mem_pestat] # candidate unique pairs for (FF, FR, RF, RR): (4, 9432, 1, 11)
[M::mem_pestat] skip orientation FF as there are not enough pairs
[M::mem_pestat] analyzing insert size distribution for orientation FR...
[M::mem_pestat] (25, 50, 75) percentile: (506, 522, 547)
[M::mem_pestat] low and high boundaries for computing mean and std.dev: (424, 629)
[M::mem_pestat] mean and std.dev: (531.49, 29.25)
[M::mem_pestat] low and high boundaries for proper pairs: (383, 670)
[M::mem_pestat] skip orientation RF as there are not enough pairs
[M::mem_pestat] analyzing insert size distribution for orientation RR...
[M::mem_pestat] (25, 50, 75) percentile: (204, 288, 847)
[M::mem_pestat] low and high boundaries for computing mean and std.dev: (1, 2133)
[M::mem_pestat] mean and std.dev: (464.00, 377.11)
[M::mem_pestat] low and high boundaries for proper pairs: (1, 2776)
[M::mem_pestat] skip orientation RR
[M::mem_process_seqs] Processed 266668 reads in 166.015 CPU sec, 41.592 real sec
[M::process] read 266668 sequences (40000200 bp)...
[M::mem_pestat] # candidate unique pairs for (FF, FR, RF, RR): (8, 9613, 3, 10)
[M::mem_pestat] skip orientation FF as there are not enough pairs
[M::mem_pestat] analyzing insert size distribution for orientation FR...
[M::mem_pestat] (25, 50, 75) percentile: (507, 522, 546)
[M::mem_pestat] low and high boundaries for computing mean and std.dev: (429, 624)
[M::mem_pestat] mean and std.dev: (531.27, 28.94)
[M::mem_pestat] low and high boundaries for proper pairs: (390, 663)
[M::mem_pestat] skip orientation RF as there are not enough pairs
[M::mem_pestat] analyzing insert size distribution for orientation RR...
[M::mem_pestat] (25, 50, 75) percentile: (244, 636, 1671)
[M::mem_pestat] low and high boundaries for computing mean and std.dev: (1, 4525)
[M::mem_pestat] mean and std.dev: (918.60, 812.64)
[M::mem_pestat] low and high boundaries for proper pairs: (1, 5952)
[M::mem_pestat] skip orientation RR
[M::mem_process_seqs] Processed 266668 reads in 166.035 CPU sec, 41.561 real sec
[M::process] read 266668 sequences (40000200 bp)...
[M::mem_pestat] # candidate unique pairs for (FF, FR, RF, RR): (8, 9080, 0, 7)
[M::mem_pestat] skip orientation FF as there are not enough pairs
[M::mem_pestat] analyzing insert size distribution for orientation FR...
[M::mem_pestat] (25, 50, 75) percentile: (506, 521, 546)
[M::mem_pestat] low and high boundaries for computing mean and std.dev: (426, 626)
[M::mem_pestat] mean and std.dev: (531.48, 29.31)
[M::mem_pestat] low and high boundaries for proper pairs: (386, 666)
[M::mem_pestat] skip orientation RF as there are not enough pairs
[M::mem_pestat] skip orientation RR as there are not enough pairs
[M::mem_process_seqs] Processed 266668 reads in 169.424 CPU sec, 42.414 real sec
[M::process] read 266668 sequences (40000200 bp)...
[M::mem_pestat] # candidate unique pairs for (FF, FR, RF, RR): (9, 9738, 9, 10)
[M::mem_pestat] skip orientation FF as there are not enough pairs
[M::mem_pestat] analyzing insert size distribution for orientation FR...
[M::mem_pestat] (25, 50, 75) percentile: (507, 521, 546)
[M::mem_pestat] low and high boundaries for computing mean and std.dev: (429, 624)
[M::mem_pestat] mean and std.dev: (531.55, 28.83)
[M::mem_pestat] low and high boundaries for proper pairs: (390, 663)
[M::mem_pestat] skip orientation RF as there are not enough pairs
[M::mem_pestat] analyzing insert size distribution for orientation RR...
[M::mem_pestat] (25, 50, 75) percentile: (255, 834, 1416)
[M::mem_pestat] low and high boundaries for computing mean and std.dev: (1, 3738)
[M::mem_pestat] mean and std.dev: (683.33, 483.26)
[M::mem_pestat] low and high boundaries for proper pairs: (1, 4899)
[M::mem_pestat] skip orientation RR
[M::mem_process_seqs] Processed 266668 reads in 168.027 CPU sec, 42.067 real sec
[M::process] read 266668 sequences (40000200 bp)...
[M::mem_pestat] # candidate unique pairs for (FF, FR, RF, RR): (7, 9399, 3, 8)
[M::mem_pestat] skip orientation FF as there are not enough pairs
[M::mem_pestat] analyzing insert size distribution for orientation FR...
[M::mem_pestat] (25, 50, 75) percentile: (506, 521, 546)
[M::mem_pestat] low and high boundaries for computing mean and std.dev: (426, 626)
[M::mem_pestat] mean and std.dev: (531.16, 28.76)
[M::mem_pestat] low and high boundaries for proper pairs: (386, 666)
[M::mem_pestat] skip orientation RF as there are not enough pairs
[M::mem_pestat] skip orientation RR as there are not enough pairs
[M::mem_process_seqs] Processed 266668 reads in 167.117 CPU sec, 41.857 real sec
[M::process] read 266668 sequences (40000200 bp)...
[M::mem_pestat] # candidate unique pairs for (FF, FR, RF, RR): (11, 9656, 3, 7)
[M::mem_pestat] analyzing insert size distribution for orientation FF...
[M::mem_pestat] (25, 50, 75) percentile: (168, 329, 4324)
[M::mem_pestat] low and high boundaries for computing mean and std.dev: (1, 12636)
[M::mem_pestat] mean and std.dev: (2146.09, 2676.53)
[M::mem_pestat] low and high boundaries for proper pairs: (1, 16792)
[M::mem_pestat] analyzing insert size distribution for orientation FR...
[M::mem_pestat] (25, 50, 75) percentile: (507, 522, 548)
[M::mem_pestat] low and high boundaries for computing mean and std.dev: (425, 630)
[M::mem_pestat] mean and std.dev: (532.11, 29.62)
[M::mem_pestat] low and high boundaries for proper pairs: (384, 671)
[M::mem_pestat] skip orientation RF as there are not enough pairs
[M::mem_pestat] skip orientation RR as there are not enough pairs
[M::mem_pestat] skip orientation FF
[M::mem_process_seqs] Processed 266668 reads in 171.412 CPU sec, 42.907 real sec
[M::process] read 266668 sequences (40000200 bp)...
[M::mem_pestat] # candidate unique pairs for (FF, FR, RF, RR): (7, 9281, 1, 7)
[M::mem_pestat] skip orientation FF as there are not enough pairs
[M::mem_pestat] analyzing insert size distribution for orientation FR...
[M::mem_pestat] (25, 50, 75) percentile: (506, 522, 547)
[M::mem_pestat] low and high boundaries for computing mean and std.dev: (424, 629)
[M::mem_pestat] mean and std.dev: (531.38, 29.28)
[M::mem_pestat] low and high boundaries for proper pairs: (383, 670)
[M::mem_pestat] skip orientation RF as there are not enough pairs
[M::mem_pestat] skip orientation RR as there are not enough pairs
[M::mem_process_seqs] Processed 266668 reads in 166.451 CPU sec, 41.677 real sec
[M::process] read 266668 sequences (40000200 bp)...
[M::mem_pestat] # candidate unique pairs for (FF, FR, RF, RR): (7, 9754, 2, 7)
[M::mem_pestat] skip orientation FF as there are not enough pairs
[M::mem_pestat] analyzing insert size distribution for orientation FR...
[M::mem_pestat] (25, 50, 75) percentile: (507, 522, 547)
[M::mem_pestat] low and high boundaries for computing mean and std.dev: (427, 627)
[M::mem_pestat] mean and std.dev: (531.97, 29.48)
[M::mem_pestat] low and high boundaries for proper pairs: (387, 667)
[M::mem_pestat] skip orientation RF as there are not enough pairs
[M::mem_pestat] skip orientation RR as there are not enough pairs
[M::mem_process_seqs] Processed 266668 reads in 168.148 CPU sec, 42.094 real sec
[M::process] read 266668 sequences (40000200 bp)...
[M::mem_pestat] # candidate unique pairs for (FF, FR, RF, RR): (13, 9696, 8, 4)
[M::mem_pestat] analyzing insert size distribution for orientation FF...
[M::mem_pestat] (25, 50, 75) percentile: (219, 305, 643)
[M::mem_pestat] low and high boundaries for computing mean and std.dev: (1, 1491)
[M::mem_pestat] mean and std.dev: (288.64, 156.19)
[M::mem_pestat] low and high boundaries for proper pairs: (1, 1915)
[M::mem_pestat] analyzing insert size distribution for orientation FR...
[M::mem_pestat] (25, 50, 75) percentile: (506, 522, 547)
[M::mem_pestat] low and high boundaries for computing mean and std.dev: (424, 629)
[M::mem_pestat] mean and std.dev: (531.58, 29.51)
[M::mem_pestat] low and high boundaries for proper pairs: (383, 670)
[M::mem_pestat] skip orientation RF as there are not enough pairs
[M::mem_pestat] skip orientation RR as there are not enough pairs
[M::mem_pestat] skip orientation FF
[M::mem_process_seqs] Processed 266668 reads in 164.952 CPU sec, 41.289 real sec
[M::process] read 266668 sequences (40000200 bp)...
[M::mem_pestat] # candidate unique pairs for (FF, FR, RF, RR): (14, 9617, 2, 7)
[M::mem_pestat] analyzing insert size distribution for orientation FF...
[M::mem_pestat] (25, 50, 75) percentile: (174, 413, 996)
[M::mem_pestat] low and high boundaries for computing mean and std.dev: (1, 2640)
[M::mem_pestat] mean and std.dev: (494.67, 457.05)
[M::mem_pestat] low and high boundaries for proper pairs: (1, 3462)
[M::mem_pestat] analyzing insert size distribution for orientation FR...
[M::mem_pestat] (25, 50, 75) percentile: (507, 522, 547)
[M::mem_pestat] low and high boundaries for computing mean and std.dev: (427, 627)
[M::mem_pestat] mean and std.dev: (531.78, 29.04)
[M::mem_pestat] low and high boundaries for proper pairs: (387, 667)
[M::mem_pestat] skip orientation RF as there are not enough pairs
[M::mem_pestat] skip orientation RR as there are not enough pairs
[M::mem_pestat] skip orientation FF
[M::mem_process_seqs] Processed 266668 reads in 171.742 CPU sec, 43.017 real sec
[M::process] read 266668 sequences (40000200 bp)...
[M::mem_pestat] # candidate unique pairs for (FF, FR, RF, RR): (6, 9634, 3, 13)
[M::mem_pestat] skip orientation FF as there are not enough pairs
[M::mem_pestat] analyzing insert size distribution for orientation FR...
[M::mem_pestat] (25, 50, 75) percentile: (507, 522, 546)
[M::mem_pestat] low and high boundaries for computing mean and std.dev: (429, 624)
[M::mem_pestat] mean and std.dev: (531.51, 28.37)
[M::mem_pestat] low and high boundaries for proper pairs: (390, 663)
[M::mem_pestat] skip orientation RF as there are not enough pairs
[M::mem_pestat] analyzing insert size distribution for orientation RR...
[M::mem_pestat] (25, 50, 75) percentile: (312, 348, 2223)
[M::mem_pestat] low and high boundaries for computing mean and std.dev: (1, 6045)
[M::mem_pestat] mean and std.dev: (1094.17, 1343.11)
[M::mem_pestat] low and high boundaries for proper pairs: (1, 7956)
[M::mem_pestat] skip orientation RR
[M::mem_process_seqs] Processed 266668 reads in 166.054 CPU sec, 41.604 real sec
[M::process] read 266668 sequences (40000200 bp)...
[M::mem_pestat] # candidate unique pairs for (FF, FR, RF, RR): (10, 9369, 2, 6)
[M::mem_pestat] analyzing insert size distribution for orientation FF...
[M::mem_pestat] (25, 50, 75) percentile: (311, 869, 3000)
[M::mem_pestat] low and high boundaries for computing mean and std.dev: (1, 8378)
[M::mem_pestat] mean and std.dev: (1671.40, 1982.16)
[M::mem_pestat] low and high boundaries for proper pairs: (1, 11067)
[M::mem_pestat] analyzing insert size distribution for orientation FR...
[M::mem_pestat] (25, 50, 75) percentile: (506, 521, 547)
[M::mem_pestat] low and high boundaries for computing mean and std.dev: (424, 629)
[M::mem_pestat] mean and std.dev: (531.83, 29.85)
[M::mem_pestat] low and high boundaries for proper pairs: (383, 670)
[M::mem_pestat] skip orientation RF as there are not enough pairs
[M::mem_pestat] skip orientation RR as there are not enough pairs
[M::mem_pestat] skip orientation FF
[M::mem_process_seqs] Processed 266668 reads in 169.108 CPU sec, 42.351 real sec
[M::process] read 266668 sequences (40000200 bp)...
[M::mem_pestat] # candidate unique pairs for (FF, FR, RF, RR): (11, 9744, 4, 9)
[M::mem_pestat] analyzing insert size distribution for orientation FF...
[M::mem_pestat] (25, 50, 75) percentile: (236, 277, 2186)
[M::mem_pestat] low and high boundaries for computing mean and std.dev: (1, 6086)
[M::mem_pestat] mean and std.dev: (595.67, 734.34)
[M::mem_pestat] low and high boundaries for proper pairs: (1, 8036)
[M::mem_pestat] analyzing insert size distribution for orientation FR...
[M::mem_pestat] (25, 50, 75) percentile: (507, 521, 548)
[M::mem_pestat] low and high boundaries for computing mean and std.dev: (425, 630)
[M::mem_pestat] mean and std.dev: (532.23, 29.98)
[M::mem_pestat] low and high boundaries for proper pairs: (384, 671)
[M::mem_pestat] skip orientation RF as there are not enough pairs
[M::mem_pestat] skip orientation RR as there are not enough pairs
[M::mem_pestat] skip orientation FF
[M::mem_process_seqs] Processed 266668 reads in 169.317 CPU sec, 42.410 real sec
[M::process] read 266668 sequences (40000200 bp)...
[M::mem_pestat] # candidate unique pairs for (FF, FR, RF, RR): (11, 9333, 3, 4)
[M::mem_pestat] analyzing insert size distribution for orientation FF...
[M::mem_pestat] (25, 50, 75) percentile: (224, 297, 308)
[M::mem_pestat] low and high boundaries for computing mean and std.dev: (56, 476)
[M::mem_pestat] mean and std.dev: (255.00, 84.97)
[M::mem_pestat] low and high boundaries for proper pairs: (1, 595)
[M::mem_pestat] analyzing insert size distribution for orientation FR...
[M::mem_pestat] (25, 50, 75) percentile: (506, 522, 547)
[M::mem_pestat] low and high boundaries for computing mean and std.dev: (424, 629)
[M::mem_pestat] mean and std.dev: (531.93, 29.10)
[M::mem_pestat] low and high boundaries for proper pairs: (383, 670)
[M::mem_pestat] skip orientation RF as there are not enough pairs
[M::mem_pestat] skip orientation RR as there are not enough pairs
[M::mem_pestat] skip orientation FF
[M::mem_process_seqs] Processed 266668 reads in 169.615 CPU sec, 42.470 real sec
[M::process] read 266668 sequences (40000200 bp)...
[M::mem_pestat] # candidate unique pairs for (FF, FR, RF, RR): (5, 9853, 1, 4)
[M::mem_pestat] skip orientation FF as there are not enough pairs
[M::mem_pestat] analyzing insert size distribution for orientation FR...
[M::mem_pestat] (25, 50, 75) percentile: (507, 522, 547)
[M::mem_pestat] low and high boundaries for computing mean and std.dev: (427, 627)
[M::mem_pestat] mean and std.dev: (532.06, 29.52)
[M::mem_pestat] low and high boundaries for proper pairs: (387, 667)
[M::mem_pestat] skip orientation RF as there are not enough pairs
[M::mem_pestat] skip orientation RR as there are not enough pairs
[M::mem_process_seqs] Processed 266668 reads in 168.425 CPU sec, 42.168 real sec
[M::process] read 266668 sequences (40000200 bp)...
[M::mem_pestat] # candidate unique pairs for (FF, FR, RF, RR): (7, 9483, 3, 8)
[M::mem_pestat] skip orientation FF as there are not enough pairs
[M::mem_pestat] analyzing insert size distribution for orientation FR...
[M::mem_pestat] (25, 50, 75) percentile: (507, 522, 547)
[M::mem_pestat] low and high boundaries for computing mean and std.dev: (427, 627)
[M::mem_pestat] mean and std.dev: (532.18, 29.53)
[M::mem_pestat] low and high boundaries for proper pairs: (387, 667)
[M::mem_pestat] skip orientation RF as there are not enough pairs
[M::mem_pestat] skip orientation RR as there are not enough pairs
[M::mem_process_seqs] Processed 266668 reads in 166.365 CPU sec, 41.643 real sec
[M::process] read 266668 sequences (40000200 bp)...
[M::mem_pestat] # candidate unique pairs for (FF, FR, RF, RR): (9, 9710, 3, 6)
[M::mem_pestat] skip orientation FF as there are not enough pairs
[M::mem_pestat] analyzing insert size distribution for orientation FR...
[M::mem_pestat] (25, 50, 75) percentile: (507, 522, 546)
[M::mem_pestat] low and high boundaries for computing mean and std.dev: (429, 624)
[M::mem_pestat] mean and std.dev: (531.33, 28.27)
[M::mem_pestat] low and high boundaries for proper pairs: (390, 663)
[M::mem_pestat] skip orientation RF as there are not enough pairs
[M::mem_pestat] skip orientation RR as there are not enough pairs
[M::mem_process_seqs] Processed 266668 reads in 167.145 CPU sec, 41.854 real sec
[M::process] read 266668 sequences (40000200 bp)...
[M::mem_pestat] # candidate unique pairs for (FF, FR, RF, RR): (6, 9316, 3, 8)
[M::mem_pestat] skip orientation FF as there are not enough pairs
[M::mem_pestat] analyzing insert size distribution for orientation FR...
[M::mem_pestat] (25, 50, 75) percentile: (506, 521, 547)
[M::mem_pestat] low and high boundaries for computing mean and std.dev: (424, 629)
[M::mem_pestat] mean and std.dev: (531.52, 29.26)
[M::mem_pestat] low and high boundaries for proper pairs: (383, 670)
[M::mem_pestat] skip orientation RF as there are not enough pairs
[M::mem_pestat] skip orientation RR as there are not enough pairs
[M::mem_process_seqs] Processed 266668 reads in 169.444 CPU sec, 42.418 real sec
[M::process] read 266668 sequences (40000200 bp)...
[M::mem_pestat] # candidate unique pairs for (FF, FR, RF, RR): (11, 9559, 2, 7)
[M::mem_pestat] analyzing insert size distribution for orientation FF...
[M::mem_pestat] (25, 50, 75) percentile: (272, 347, 717)
[M::mem_pestat] low and high boundaries for computing mean and std.dev: (1, 1607)
[M::mem_pestat] mean and std.dev: (357.67, 147.57)
[M::mem_pestat] low and high boundaries for proper pairs: (1, 2052)
[M::mem_pestat] analyzing insert size distribution for orientation FR...
[M::mem_pestat] (25, 50, 75) percentile: (507, 522, 547)
[M::mem_pestat] low and high boundaries for computing mean and std.dev: (427, 627)
[M::mem_pestat] mean and std.dev: (531.91, 29.01)
[M::mem_pestat] low and high boundaries for proper pairs: (387, 667)
[M::mem_pestat] skip orientation RF as there are not enough pairs
[M::mem_pestat] skip orientation RR as there are not enough pairs
[M::mem_pestat] skip orientation FF
[M::mem_process_seqs] Processed 266668 reads in 164.463 CPU sec, 41.180 real sec
[M::process] read 266668 sequences (40000200 bp)...
[M::mem_pestat] # candidate unique pairs for (FF, FR, RF, RR): (12, 9784, 2, 6)
[M::mem_pestat] analyzing insert size distribution for orientation FF...
[M::mem_pestat] (25, 50, 75) percentile: (224, 426, 3439)
[M::mem_pestat] low and high boundaries for computing mean and std.dev: (1, 9869)
[M::mem_pestat] mean and std.dev: (1448.92, 2118.45)
[M::mem_pestat] low and high boundaries for proper pairs: (1, 13084)
[M::mem_pestat] analyzing insert size distribution for orientation FR...
[M::mem_pestat] (25, 50, 75) percentile: (507, 521, 547)
[M::mem_pestat] low and high boundaries for computing mean and std.dev: (427, 627)
[M::mem_pestat] mean and std.dev: (531.55, 28.86)
[M::mem_pestat] low and high boundaries for proper pairs: (387, 667)
[M::mem_pestat] skip orientation RF as there are not enough pairs
[M::mem_pestat] skip orientation RR as there are not enough pairs
[M::mem_pestat] skip orientation FF
[M::mem_process_seqs] Processed 266668 reads in 171.035 CPU sec, 42.827 real sec
[M::process] read 266668 sequences (40000200 bp)...
[M::mem_pestat] # candidate unique pairs for (FF, FR, RF, RR): (8, 9688, 7, 7)
[M::mem_pestat] skip orientation FF as there are not enough pairs
[M::mem_pestat] analyzing insert size distribution for orientation FR...
[M::mem_pestat] (25, 50, 75) percentile: (506, 521, 548)
[M::mem_pestat] low and high boundaries for computing mean and std.dev: (422, 632)
[M::mem_pestat] mean and std.dev: (531.92, 30.23)
[M::mem_pestat] low and high boundaries for proper pairs: (380, 674)
[M::mem_pestat] skip orientation RF as there are not enough pairs
[M::mem_pestat] skip orientation RR as there are not enough pairs
[M::mem_process_seqs] Processed 266668 reads in 169.252 CPU sec, 42.385 real sec
[M::process] read 266668 sequences (40000200 bp)...
[M::mem_pestat] # candidate unique pairs for (FF, FR, RF, RR): (4, 9329, 2, 14)
[M::mem_pestat] skip orientation FF as there are not enough pairs
[M::mem_pestat] analyzing insert size distribution for orientation FR...
[M::mem_pestat] (25, 50, 75) percentile: (506, 520, 545)
[M::mem_pestat] low and high boundaries for computing mean and std.dev: (428, 623)
[M::mem_pestat] mean and std.dev: (530.37, 28.45)
[M::mem_pestat] low and high boundaries for proper pairs: (389, 662)
[M::mem_pestat] skip orientation RF as there are not enough pairs
[M::mem_pestat] analyzing insert size distribution for orientation RR...
[M::mem_pestat] (25, 50, 75) percentile: (261, 465, 1021)
[M::mem_pestat] low and high boundaries for computing mean and std.dev: (1, 2541)
[M::mem_pestat] mean and std.dev: (609.42, 607.76)
[M::mem_pestat] low and high boundaries for proper pairs: (1, 3301)
[M::mem_pestat] skip orientation RR
[M::mem_process_seqs] Processed 266668 reads in 164.887 CPU sec, 41.288 real sec
[M::process] read 266668 sequences (40000200 bp)...
[M::mem_pestat] # candidate unique pairs for (FF, FR, RF, RR): (6, 9476, 2, 6)
[M::mem_pestat] skip orientation FF as there are not enough pairs
[M::mem_pestat] analyzing insert size distribution for orientation FR...
[M::mem_pestat] (25, 50, 75) percentile: (506, 521, 545)
[M::mem_pestat] low and high boundaries for computing mean and std.dev: (428, 623)
[M::mem_pestat] mean and std.dev: (530.87, 28.86)
[M::mem_pestat] low and high boundaries for proper pairs: (389, 662)
[M::mem_pestat] skip orientation RF as there are not enough pairs
[M::mem_pestat] skip orientation RR as there are not enough pairs
[M::mem_process_seqs] Processed 266668 reads in 169.288 CPU sec, 42.396 real sec
[M::process] read 266668 sequences (40000200 bp)...
[M::mem_pestat] # candidate unique pairs for (FF, FR, RF, RR): (6, 9817, 4, 11)
[M::mem_pestat] skip orientation FF as there are not enough pairs
[M::mem_pestat] analyzing insert size distribution for orientation FR...
[M::mem_pestat] (25, 50, 75) percentile: (507, 521, 547)
[M::mem_pestat] low and high boundaries for computing mean and std.dev: (427, 627)
[M::mem_pestat] mean and std.dev: (531.77, 29.24)
[M::mem_pestat] low and high boundaries for proper pairs: (387, 667)
[M::mem_pestat] skip orientation RF as there are not enough pairs
[M::mem_pestat] analyzing insert size distribution for orientation RR...
[M::mem_pestat] (25, 50, 75) percentile: (299, 650, 1468)
[M::mem_pestat] low and high boundaries for computing mean and std.dev: (1, 3806)
[M::mem_pestat] mean and std.dev: (818.40, 655.30)
[M::mem_pestat] low and high boundaries for proper pairs: (1, 4975)
[M::mem_pestat] skip orientation RR
[M::mem_process_seqs] Processed 266668 reads in 169.902 CPU sec, 42.550 real sec
[M::process] read 266668 sequences (40000200 bp)...
[M::mem_pestat] # candidate unique pairs for (FF, FR, RF, RR): (10, 9506, 5, 12)
[M::mem_pestat] analyzing insert size distribution for orientation FF...
[M::mem_pestat] (25, 50, 75) percentile: (305, 399, 1335)
[M::mem_pestat] low and high boundaries for computing mean and std.dev: (1, 3395)
[M::mem_pestat] mean and std.dev: (776.70, 679.07)
[M::mem_pestat] low and high boundaries for proper pairs: (1, 4425)
[M::mem_pestat] analyzing insert size distribution for orientation FR...
[M::mem_pestat] (25, 50, 75) percentile: (507, 522, 547)
[M::mem_pestat] low and high boundaries for computing mean and std.dev: (427, 627)
[M::mem_pestat] mean and std.dev: (531.90, 29.25)
[M::mem_pestat] low and high boundaries for proper pairs: (387, 667)
[M::mem_pestat] skip orientation RF as there are not enough pairs
[M::mem_pestat] analyzing insert size distribution for orientation RR...
[M::mem_pestat] (25, 50, 75) percentile: (220, 279, 1518)
[M::mem_pestat] low and high boundaries for computing mean and std.dev: (1, 4114)
[M::mem_pestat] mean and std.dev: (883.58, 1240.54)
[M::mem_pestat] low and high boundaries for proper pairs: (1, 5846)
[M::mem_pestat] skip orientation FF
[M::mem_pestat] skip orientation RR
[M::mem_process_seqs] Processed 266668 reads in 166.521 CPU sec, 41.725 real sec
[M::process] read 266668 sequences (40000200 bp)...
[M::mem_pestat] # candidate unique pairs for (FF, FR, RF, RR): (10, 9653, 1, 6)
[M::mem_pestat] analyzing insert size distribution for orientation FF...
[M::mem_pestat] (25, 50, 75) percentile: (224, 350, 1389)
[M::mem_pestat] low and high boundaries for computing mean and std.dev: (1, 3719)
[M::mem_pestat] mean and std.dev: (653.44, 573.13)
[M::mem_pestat] low and high boundaries for proper pairs: (1, 4884)
[M::mem_pestat] analyzing insert size distribution for orientation FR...
[M::mem_pestat] (25, 50, 75) percentile: (507, 522, 547)
[M::mem_pestat] low and high boundaries for computing mean and std.dev: (427, 627)
[M::mem_pestat] mean and std.dev: (532.04, 29.00)
[M::mem_pestat] low and high boundaries for proper pairs: (387, 667)
[M::mem_pestat] skip orientation RF as there are not enough pairs
[M::mem_pestat] skip orientation RR as there are not enough pairs
[M::mem_pestat] skip orientation FF
[M::mem_process_seqs] Processed 266668 reads in 170.856 CPU sec, 42.820 real sec
[M::process] read 266668 sequences (40000200 bp)...
[M::mem_pestat] # candidate unique pairs for (FF, FR, RF, RR): (8, 9716, 5, 9)
[M::mem_pestat] skip orientation FF as there are not enough pairs
[M::mem_pestat] analyzing insert size distribution for orientation FR...
[M::mem_pestat] (25, 50, 75) percentile: (507, 522, 547)
[M::mem_pestat] low and high boundaries for computing mean and std.dev: (427, 627)
[M::mem_pestat] mean and std.dev: (531.77, 29.39)
[M::mem_pestat] low and high boundaries for proper pairs: (387, 667)
[M::mem_pestat] skip orientation RF as there are not enough pairs
[M::mem_pestat] skip orientation RR as there are not enough pairs
[M::mem_process_seqs] Processed 266668 reads in 169.795 CPU sec, 42.527 real sec
[M::process] read 266668 sequences (40000200 bp)...
[M::mem_pestat] # candidate unique pairs for (FF, FR, RF, RR): (5, 9628, 2, 4)
[M::mem_pestat] skip orientation FF as there are not enough pairs
[M::mem_pestat] analyzing insert size distribution for orientation FR...
[M::mem_pestat] (25, 50, 75) percentile: (507, 521, 547)
[M::mem_pestat] low and high boundaries for computing mean and std.dev: (427, 627)
[M::mem_pestat] mean and std.dev: (531.61, 29.01)
[M::mem_pestat] low and high boundaries for proper pairs: (387, 667)
[M::mem_pestat] skip orientation RF as there are not enough pairs
[M::mem_pestat] skip orientation RR as there are not enough pairs
[M::mem_process_seqs] Processed 266668 reads in 165.963 CPU sec, 41.579 real sec
[M::process] read 266668 sequences (40000200 bp)...
[M::mem_pestat] # candidate unique pairs for (FF, FR, RF, RR): (8, 9625, 2, 8)
[M::mem_pestat] skip orientation FF as there are not enough pairs
[M::mem_pestat] analyzing insert size distribution for orientation FR...
[M::mem_pestat] (25, 50, 75) percentile: (507, 522, 548)
[M::mem_pestat] low and high boundaries for computing mean and std.dev: (425, 630)
[M::mem_pestat] mean and std.dev: (532.66, 30.11)
[M::mem_pestat] low and high boundaries for proper pairs: (384, 671)
[M::mem_pestat] skip orientation RF as there are not enough pairs
[M::mem_pestat] skip orientation RR as there are not enough pairs
[M::mem_process_seqs] Processed 266668 reads in 170.163 CPU sec, 42.598 real sec
[M::process] read 266668 sequences (40000200 bp)...
[M::mem_pestat] # candidate unique pairs for (FF, FR, RF, RR): (16, 9593, 4, 8)
[M::mem_pestat] analyzing insert size distribution for orientation FF...
[M::mem_pestat] (25, 50, 75) percentile: (262, 400, 2417)
[M::mem_pestat] low and high boundaries for computing mean and std.dev: (1, 6727)
[M::mem_pestat] mean and std.dev: (1251.06, 1772.26)
[M::mem_pestat] low and high boundaries for proper pairs: (1, 8882)
[M::mem_pestat] analyzing insert size distribution for orientation FR...
[M::mem_pestat] (25, 50, 75) percentile: (506, 521, 546)
[M::mem_pestat] low and high boundaries for computing mean and std.dev: (426, 626)
[M::mem_pestat] mean and std.dev: (531.53, 29.34)
[M::mem_pestat] low and high boundaries for proper pairs: (386, 666)
[M::mem_pestat] skip orientation RF as there are not enough pairs
[M::mem_pestat] skip orientation RR as there are not enough pairs
[M::mem_pestat] skip orientation FF
[M::mem_process_seqs] Processed 266668 reads in 170.179 CPU sec, 42.607 real sec
[M::process] read 266668 sequences (40000200 bp)...
[M::mem_pestat] # candidate unique pairs for (FF, FR, RF, RR): (5, 9771, 8, 8)
[M::mem_pestat] skip orientation FF as there are not enough pairs
[M::mem_pestat] analyzing insert size distribution for orientation FR...
[M::mem_pestat] (25, 50, 75) percentile: (507, 522, 547)
[M::mem_pestat] low and high boundaries for computing mean and std.dev: (427, 627)
[M::mem_pestat] mean and std.dev: (531.62, 29.22)
[M::mem_pestat] low and high boundaries for proper pairs: (387, 667)
[M::mem_pestat] skip orientation RF as there are not enough pairs
[M::mem_pestat] skip orientation RR as there are not enough pairs
[M::mem_process_seqs] Processed 266668 reads in 170.415 CPU sec, 42.668 real sec
[M::process] read 266668 sequences (40000200 bp)...
[M::mem_pestat] # candidate unique pairs for (FF, FR, RF, RR): (10, 9916, 7, 8)
[M::mem_pestat] analyzing insert size distribution for orientation FF...
[M::mem_pestat] (25, 50, 75) percentile: (151, 309, 341)
[M::mem_pestat] low and high boundaries for computing mean and std.dev: (1, 721)
[M::mem_pestat] mean and std.dev: (247.67, 102.12)
[M::mem_pestat] low and high boundaries for proper pairs: (1, 911)
[M::mem_pestat] analyzing insert size distribution for orientation FR...
[M::mem_pestat] (25, 50, 75) percentile: (507, 521, 547)
[M::mem_pestat] low and high boundaries for computing mean and std.dev: (427, 627)
[M::mem_pestat] mean and std.dev: (531.40, 29.34)
[M::mem_pestat] low and high boundaries for proper pairs: (387, 667)
[M::mem_pestat] skip orientation RF as there are not enough pairs
[M::mem_pestat] skip orientation RR as there are not enough pairs
[M::mem_pestat] skip orientation FF
[M::mem_process_seqs] Processed 266668 reads in 164.989 CPU sec, 41.306 real sec
[M::process] read 266668 sequences (40000200 bp)...
[M::mem_pestat] # candidate unique pairs for (FF, FR, RF, RR): (5, 9665, 7, 7)
[M::mem_pestat] skip orientation FF as there are not enough pairs
[M::mem_pestat] analyzing insert size distribution for orientation FR...
[M::mem_pestat] (25, 50, 75) percentile: (507, 521, 546)
[M::mem_pestat] low and high boundaries for computing mean and std.dev: (429, 624)
[M::mem_pestat] mean and std.dev: (530.95, 28.31)
[M::mem_pestat] low and high boundaries for proper pairs: (390, 663)
[M::mem_pestat] skip orientation RF as there are not enough pairs
[M::mem_pestat] skip orientation RR as there are not enough pairs
[M::mem_process_seqs] Processed 266668 reads in 168.008 CPU sec, 42.381 real sec
[M::process] read 266668 sequences (40000200 bp)...
[M::mem_pestat] # candidate unique pairs for (FF, FR, RF, RR): (7, 9710, 2, 9)
[M::mem_pestat] skip orientation FF as there are not enough pairs
[M::mem_pestat] analyzing insert size distribution for orientation FR...
[M::mem_pestat] (25, 50, 75) percentile: (507, 522, 547)
[M::mem_pestat] low and high boundaries for computing mean and std.dev: (427, 627)
[M::mem_pestat] mean and std.dev: (531.79, 29.10)
[M::mem_pestat] low and high boundaries for proper pairs: (387, 667)
[M::mem_pestat] skip orientation RF as there are not enough pairs
[M::mem_pestat] skip orientation RR as there are not enough pairs
[M::mem_process_seqs] Processed 266668 reads in 168.759 CPU sec, 42.256 real sec
[M::process] read 266668 sequences (40000200 bp)...
[M::mem_pestat] # candidate unique pairs for (FF, FR, RF, RR): (8, 9760, 4, 8)
[M::mem_pestat] skip orientation FF as there are not enough pairs
[M::mem_pestat] analyzing insert size distribution for orientation FR...
[M::mem_pestat] (25, 50, 75) percentile: (506, 522, 548)
[M::mem_pestat] low and high boundaries for computing mean and std.dev: (422, 632)
[M::mem_pestat] mean and std.dev: (532.12, 30.33)
[M::mem_pestat] low and high boundaries for proper pairs: (380, 674)
[M::mem_pestat] skip orientation RF as there are not enough pairs
[M::mem_pestat] skip orientation RR as there are not enough pairs
[M::mem_process_seqs] Processed 266668 reads in 160.761 CPU sec, 40.264 real sec
[M::process] read 266668 sequences (40000200 bp)...
[M::mem_pestat] # candidate unique pairs for (FF, FR, RF, RR): (9, 9801, 4, 7)
[M::mem_pestat] skip orientation FF as there are not enough pairs
[M::mem_pestat] analyzing insert size distribution for orientation FR...
[M::mem_pestat] (25, 50, 75) percentile: (507, 522, 548)
[M::mem_pestat] low and high boundaries for computing mean and std.dev: (425, 630)
[M::mem_pestat] mean and std.dev: (532.28, 29.91)
[M::mem_pestat] low and high boundaries for proper pairs: (384, 671)
[M::mem_pestat] skip orientation RF as there are not enough pairs
[M::mem_pestat] skip orientation RR as there are not enough pairs
[M::mem_process_seqs] Processed 266668 reads in 170.549 CPU sec, 42.687 real sec
[M::process] read 266668 sequences (40000200 bp)...
[M::mem_pestat] # candidate unique pairs for (FF, FR, RF, RR): (10, 9861, 4, 18)
[M::mem_pestat] analyzing insert size distribution for orientation FF...
[M::mem_pestat] (25, 50, 75) percentile: (204, 275, 726)
[M::mem_pestat] low and high boundaries for computing mean and std.dev: (1, 1770)
[M::mem_pestat] mean and std.dev: (476.30, 435.51)
[M::mem_pestat] low and high boundaries for proper pairs: (1, 2292)
[M::mem_pestat] analyzing insert size distribution for orientation FR...
[M::mem_pestat] (25, 50, 75) percentile: (507, 522, 547)
[M::mem_pestat] low and high boundaries for computing mean and std.dev: (427, 627)
[M::mem_pestat] mean and std.dev: (531.73, 29.53)
[M::mem_pestat] low and high boundaries for proper pairs: (387, 667)
[M::mem_pestat] skip orientation RF as there are not enough pairs
[M::mem_pestat] analyzing insert size distribution for orientation RR...
[M::mem_pestat] (25, 50, 75) percentile: (283, 720, 1095)
[M::mem_pestat] low and high boundaries for computing mean and std.dev: (1, 2719)
[M::mem_pestat] mean and std.dev: (607.87, 465.76)
[M::mem_pestat] low and high boundaries for proper pairs: (1, 3531)
[M::mem_pestat] skip orientation FF
[M::mem_pestat] skip orientation RR
[M::mem_process_seqs] Processed 266668 reads in 165.789 CPU sec, 41.521 real sec
[M::process] read 266668 sequences (40000200 bp)...
[M::mem_pestat] # candidate unique pairs for (FF, FR, RF, RR): (8, 9719, 2, 7)
[M::mem_pestat] skip orientation FF as there are not enough pairs
[M::mem_pestat] analyzing insert size distribution for orientation FR...
[M::mem_pestat] (25, 50, 75) percentile: (507, 522, 548)
[M::mem_pestat] low and high boundaries for computing mean and std.dev: (425, 630)
[M::mem_pestat] mean and std.dev: (532.10, 29.78)
[M::mem_pestat] low and high boundaries for proper pairs: (384, 671)
[M::mem_pestat] skip orientation RF as there are not enough pairs
[M::mem_pestat] skip orientation RR as there are not enough pairs
[M::mem_process_seqs] Processed 266668 reads in 164.917 CPU sec, 41.286 real sec
[M::process] read 266668 sequences (40000200 bp)...
[M::mem_pestat] # candidate unique pairs for (FF, FR, RF, RR): (7, 9859, 2, 10)
[M::mem_pestat] skip orientation FF as there are not enough pairs
[M::mem_pestat] analyzing insert size distribution for orientation FR...
[M::mem_pestat] (25, 50, 75) percentile: (507, 521, 547)
[M::mem_pestat] low and high boundaries for computing mean and std.dev: (427, 627)
[M::mem_pestat] mean and std.dev: (531.95, 29.25)
[M::mem_pestat] low and high boundaries for proper pairs: (387, 667)
[M::mem_pestat] skip orientation RF as there are not enough pairs
[M::mem_pestat] analyzing insert size distribution for orientation RR...
[M::mem_pestat] (25, 50, 75) percentile: (223, 391, 569)
[M::mem_pestat] low and high boundaries for computing mean and std.dev: (1, 1261)
[M::mem_pestat] mean and std.dev: (379.89, 184.67)
[M::mem_pestat] low and high boundaries for proper pairs: (1, 1607)
[M::mem_pestat] skip orientation RR
[M::mem_process_seqs] Processed 266668 reads in 171.766 CPU sec, 43.023 real sec
[M::process] read 266668 sequences (40000200 bp)...
[M::mem_pestat] # candidate unique pairs for (FF, FR, RF, RR): (9, 9874, 0, 11)
[M::mem_pestat] skip orientation FF as there are not enough pairs
[M::mem_pestat] analyzing insert size distribution for orientation FR...
[M::mem_pestat] (25, 50, 75) percentile: (507, 523, 549)
[M::mem_pestat] low and high boundaries for computing mean and std.dev: (423, 633)
[M::mem_pestat] mean and std.dev: (532.66, 30.15)
[M::mem_pestat] low and high boundaries for proper pairs: (381, 675)
[M::mem_pestat] skip orientation RF as there are not enough pairs
[M::mem_pestat] analyzing insert size distribution for orientation RR...
[M::mem_pestat] (25, 50, 75) percentile: (317, 745, 3143)
[M::mem_pestat] low and high boundaries for computing mean and std.dev: (1, 8795)
[M::mem_pestat] mean and std.dev: (1368.09, 1334.47)
[M::mem_pestat] low and high boundaries for proper pairs: (1, 11621)
[M::mem_pestat] skip orientation RR
[M::mem_process_seqs] Processed 266668 reads in 168.849 CPU sec, 42.288 real sec
[M::process] read 266668 sequences (40000200 bp)...
[M::mem_pestat] # candidate unique pairs for (FF, FR, RF, RR): (6, 9710, 2, 6)
[M::mem_pestat] skip orientation FF as there are not enough pairs
[M::mem_pestat] analyzing insert size distribution for orientation FR...
[M::mem_pestat] (25, 50, 75) percentile: (507, 522, 546)
[M::mem_pestat] low and high boundaries for computing mean and std.dev: (429, 624)
[M::mem_pestat] mean and std.dev: (531.43, 28.68)
[M::mem_pestat] low and high boundaries for proper pairs: (390, 663)
[M::mem_pestat] skip orientation RF as there are not enough pairs
[M::mem_pestat] skip orientation RR as there are not enough pairs
[M::mem_process_seqs] Processed 266668 reads in 167.376 CPU sec, 41.940 real sec
[M::process] read 266668 sequences (40000200 bp)...
[M::mem_pestat] # candidate unique pairs for (FF, FR, RF, RR): (6, 9691, 1, 7)
[M::mem_pestat] skip orientation FF as there are not enough pairs
[M::mem_pestat] analyzing insert size distribution for orientation FR...
[M::mem_pestat] (25, 50, 75) percentile: (506, 522, 548)
[M::mem_pestat] low and high boundaries for computing mean and std.dev: (422, 632)
[M::mem_pestat] mean and std.dev: (532.14, 30.19)
[M::mem_pestat] low and high boundaries for proper pairs: (380, 674)
[M::mem_pestat] skip orientation RF as there are not enough pairs
[M::mem_pestat] skip orientation RR as there are not enough pairs
[M::mem_process_seqs] Processed 266668 reads in 170.962 CPU sec, 42.815 real sec
[M::process] read 266668 sequences (40000200 bp)...
[M::mem_pestat] # candidate unique pairs for (FF, FR, RF, RR): (8, 9594, 5, 10)
[M::mem_pestat] skip orientation FF as there are not enough pairs
[M::mem_pestat] analyzing insert size distribution for orientation FR...
[M::mem_pestat] (25, 50, 75) percentile: (507, 521, 546)
[M::mem_pestat] low and high boundaries for computing mean and std.dev: (429, 624)
[M::mem_pestat] mean and std.dev: (531.31, 28.60)
[M::mem_pestat] low and high boundaries for proper pairs: (390, 663)
[M::mem_pestat] skip orientation RF as there are not enough pairs
[M::mem_pestat] analyzing insert size distribution for orientation RR...
[M::mem_pestat] (25, 50, 75) percentile: (219, 773, 1177)
[M::mem_pestat] low and high boundaries for computing mean and std.dev: (1, 3093)
[M::mem_pestat] mean and std.dev: (723.67, 735.81)
[M::mem_pestat] low and high boundaries for proper pairs: (1, 4051)
[M::mem_pestat] skip orientation RR
[M::mem_process_seqs] Processed 266668 reads in 165.110 CPU sec, 41.355 real sec
[M::process] read 266668 sequences (40000200 bp)...
[M::mem_pestat] # candidate unique pairs for (FF, FR, RF, RR): (7, 9636, 4, 11)
[M::mem_pestat] skip orientation FF as there are not enough pairs
[M::mem_pestat] analyzing insert size distribution for orientation FR...
[M::mem_pestat] (25, 50, 75) percentile: (507, 522, 547)
[M::mem_pestat] low and high boundaries for computing mean and std.dev: (427, 627)
[M::mem_pestat] mean and std.dev: (531.42, 29.06)
[M::mem_pestat] low and high boundaries for proper pairs: (387, 667)
[M::mem_pestat] skip orientation RF as there are not enough pairs
[M::mem_pestat] analyzing insert size distribution for orientation RR...
[M::mem_pestat] (25, 50, 75) percentile: (312, 422, 3368)
[M::mem_pestat] low and high boundaries for computing mean and std.dev: (1, 9480)
[M::mem_pestat] mean and std.dev: (1900.18, 2629.52)
[M::mem_pestat] low and high boundaries for proper pairs: (1, 12536)
[M::mem_pestat] skip orientation RR
[M::mem_process_seqs] Processed 266668 reads in 168.874 CPU sec, 42.282 real sec
[M::process] read 266668 sequences (40000200 bp)...
[M::mem_pestat] # candidate unique pairs for (FF, FR, RF, RR): (9, 9862, 5, 8)
[M::mem_pestat] skip orientation FF as there are not enough pairs
[M::mem_pestat] analyzing insert size distribution for orientation FR...
[M::mem_pestat] (25, 50, 75) percentile: (506, 521, 548)
[M::mem_pestat] low and high boundaries for computing mean and std.dev: (422, 632)
[M::mem_pestat] mean and std.dev: (531.85, 29.91)
[M::mem_pestat] low and high boundaries for proper pairs: (380, 674)
[M::mem_pestat] skip orientation RF as there are not enough pairs
[M::mem_pestat] skip orientation RR as there are not enough pairs
[M::mem_process_seqs] Processed 266668 reads in 167.519 CPU sec, 41.952 real sec
[M::process] read 266668 sequences (40000200 bp)...
[M::mem_pestat] # candidate unique pairs for (FF, FR, RF, RR): (10, 9859, 2, 14)
[M::mem_pestat] analyzing insert size distribution for orientation FF...
[M::mem_pestat] (25, 50, 75) percentile: (161, 714, 2767)
[M::mem_pestat] low and high boundaries for computing mean and std.dev: (1, 7979)
[M::mem_pestat] mean and std.dev: (1174.60, 1158.36)
[M::mem_pestat] low and high boundaries for proper pairs: (1, 10585)
[M::mem_pestat] analyzing insert size distribution for orientation FR...
[M::mem_pestat] (25, 50, 75) percentile: (507, 522, 547)
[M::mem_pestat] low and high boundaries for computing mean and std.dev: (427, 627)
[M::mem_pestat] mean and std.dev: (531.63, 29.30)
[M::mem_pestat] low and high boundaries for proper pairs: (387, 667)
[M::mem_pestat] skip orientation RF as there are not enough pairs
[M::mem_pestat] analyzing insert size distribution for orientation RR...
[M::mem_pestat] (25, 50, 75) percentile: (204, 303, 342)
[M::mem_pestat] low and high boundaries for computing mean and std.dev: (1, 618)
[M::mem_pestat] mean and std.dev: (238.82, 78.60)
[M::mem_pestat] low and high boundaries for proper pairs: (1, 756)
[M::mem_pestat] skip orientation FF
[M::mem_pestat] skip orientation RR
[M::mem_process_seqs] Processed 266668 reads in 168.608 CPU sec, 42.225 real sec
[M::process] read 266668 sequences (40000200 bp)...
[M::mem_pestat] # candidate unique pairs for (FF, FR, RF, RR): (8, 9955, 2, 9)
[M::mem_pestat] skip orientation FF as there are not enough pairs
[M::mem_pestat] analyzing insert size distribution for orientation FR...
[M::mem_pestat] (25, 50, 75) percentile: (507, 522, 547)
[M::mem_pestat] low and high boundaries for computing mean and std.dev: (427, 627)
[M::mem_pestat] mean and std.dev: (531.48, 29.13)
[M::mem_pestat] low and high boundaries for proper pairs: (387, 667)
[M::mem_pestat] skip orientation RF as there are not enough pairs
[M::mem_pestat] skip orientation RR as there are not enough pairs
[M::mem_process_seqs] Processed 266668 reads in 170.327 CPU sec, 42.659 real sec
[M::process] read 266668 sequences (40000200 bp)...
[M::mem_pestat] # candidate unique pairs for (FF, FR, RF, RR): (11, 9817, 6, 4)
[M::mem_pestat] analyzing insert size distribution for orientation FF...
[M::mem_pestat] (25, 50, 75) percentile: (182, 268, 347)
[M::mem_pestat] low and high boundaries for computing mean and std.dev: (1, 677)
[M::mem_pestat] mean and std.dev: (272.20, 144.17)
[M::mem_pestat] low and high boundaries for proper pairs: (1, 849)
[M::mem_pestat] analyzing insert size distribution for orientation FR...
[M::mem_pestat] (25, 50, 75) percentile: (506, 522, 547)
[M::mem_pestat] low and high boundaries for computing mean and std.dev: (424, 629)
[M::mem_pestat] mean and std.dev: (531.71, 29.91)
[M::mem_pestat] low and high boundaries for proper pairs: (383, 670)
[M::mem_pestat] skip orientation RF as there are not enough pairs
[M::mem_pestat] skip orientation RR as there are not enough pairs
[M::mem_pestat] skip orientation FF
[M::mem_process_seqs] Processed 266668 reads in 165.289 CPU sec, 41.373 real sec
[M::process] read 266668 sequences (40000200 bp)...
[M::mem_pestat] # candidate unique pairs for (FF, FR, RF, RR): (10, 9764, 4, 1)
[M::mem_pestat] analyzing insert size distribution for orientation FF...
[M::mem_pestat] (25, 50, 75) percentile: (296, 328, 1039)
[M::mem_pestat] low and high boundaries for computing mean and std.dev: (1, 2525)
[M::mem_pestat] mean and std.dev: (419.38, 289.94)
[M::mem_pestat] low and high boundaries for proper pairs: (1, 3268)
[M::mem_pestat] analyzing insert size distribution for orientation FR...
[M::mem_pestat] (25, 50, 75) percentile: (506, 522, 547)
[M::mem_pestat] low and high boundaries for computing mean and std.dev: (424, 629)
[M::mem_pestat] mean and std.dev: (532.13, 30.02)
[M::mem_pestat] low and high boundaries for proper pairs: (383, 670)
[M::mem_pestat] skip orientation RF as there are not enough pairs
[M::mem_pestat] skip orientation RR as there are not enough pairs
[M::mem_pestat] skip orientation FF
[M::mem_process_seqs] Processed 266668 reads in 169.228 CPU sec, 42.385 real sec
[M::process] read 266668 sequences (40000200 bp)...
[M::mem_pestat] # candidate unique pairs for (FF, FR, RF, RR): (7, 10017, 0, 11)
[M::mem_pestat] skip orientation FF as there are not enough pairs
[M::mem_pestat] analyzing insert size distribution for orientation FR...
[M::mem_pestat] (25, 50, 75) percentile: (507, 522, 548)
[M::mem_pestat] low and high boundaries for computing mean and std.dev: (425, 630)
[M::mem_pestat] mean and std.dev: (532.18, 29.34)
[M::mem_pestat] low and high boundaries for proper pairs: (384, 671)
[M::mem_pestat] skip orientation RF as there are not enough pairs
[M::mem_pestat] analyzing insert size distribution for orientation RR...
[M::mem_pestat] (25, 50, 75) percentile: (220, 292, 1285)
[M::mem_pestat] low and high boundaries for computing mean and std.dev: (1, 3415)
[M::mem_pestat] mean and std.dev: (898.55, 1111.77)
[M::mem_pestat] low and high boundaries for proper pairs: (1, 5346)
[M::mem_pestat] skip orientation RR
[M::mem_process_seqs] Processed 266668 reads in 168.355 CPU sec, 42.382 real sec
[M::process] read 266668 sequences (40000200 bp)...
[M::mem_pestat] # candidate unique pairs for (FF, FR, RF, RR): (8, 9615, 1, 9)
[M::mem_pestat] skip orientation FF as there are not enough pairs
[M::mem_pestat] analyzing insert size distribution for orientation FR...
[M::mem_pestat] (25, 50, 75) percentile: (506, 522, 546)
[M::mem_pestat] low and high boundaries for computing mean and std.dev: (426, 626)
[M::mem_pestat] mean and std.dev: (531.20, 28.62)
[M::mem_pestat] low and high boundaries for proper pairs: (386, 666)
[M::mem_pestat] skip orientation RF as there are not enough pairs
[M::mem_pestat] skip orientation RR as there are not enough pairs
[M::mem_process_seqs] Processed 266668 reads in 165.320 CPU sec, 41.381 real sec
[M::process] read 266668 sequences (40000200 bp)...
[M::mem_pestat] # candidate unique pairs for (FF, FR, RF, RR): (12, 9930, 1, 3)
[M::mem_pestat] analyzing insert size distribution for orientation FF...
[M::mem_pestat] (25, 50, 75) percentile: (180, 312, 1936)
[M::mem_pestat] low and high boundaries for computing mean and std.dev: (1, 5448)
[M::mem_pestat] mean and std.dev: (649.18, 739.22)
[M::mem_pestat] low and high boundaries for proper pairs: (1, 7204)
[M::mem_pestat] analyzing insert size distribution for orientation FR...
[M::mem_pestat] (25, 50, 75) percentile: (507, 522, 548)
[M::mem_pestat] low and high boundaries for computing mean and std.dev: (425, 630)
[M::mem_pestat] mean and std.dev: (532.05, 29.63)
[M::mem_pestat] low and high boundaries for proper pairs: (384, 671)
[M::mem_pestat] skip orientation RF as there are not enough pairs
[M::mem_pestat] skip orientation RR as there are not enough pairs
[M::mem_pestat] skip orientation FF
[M::mem_process_seqs] Processed 266668 reads in 169.259 CPU sec, 42.369 real sec
[M::process] read 266668 sequences (40000200 bp)...
[M::mem_pestat] # candidate unique pairs for (FF, FR, RF, RR): (10, 9758, 3, 12)
[M::mem_pestat] analyzing insert size distribution for orientation FF...
[M::mem_pestat] (25, 50, 75) percentile: (201, 354, 692)
[M::mem_pestat] low and high boundaries for computing mean and std.dev: (1, 1674)
[M::mem_pestat] mean and std.dev: (430.60, 324.61)
[M::mem_pestat] low and high boundaries for proper pairs: (1, 2165)
[M::mem_pestat] analyzing insert size distribution for orientation FR...
[M::mem_pestat] (25, 50, 75) percentile: (506, 521, 547)
[M::mem_pestat] low and high boundaries for computing mean and std.dev: (424, 629)
[M::mem_pestat] mean and std.dev: (531.79, 30.16)
[M::mem_pestat] low and high boundaries for proper pairs: (383, 670)
[M::mem_pestat] skip orientation RF as there are not enough pairs
[M::mem_pestat] analyzing insert size distribution for orientation RR...
[M::mem_pestat] (25, 50, 75) percentile: (196, 292, 834)
[M::mem_pestat] low and high boundaries for computing mean and std.dev: (1, 2110)
[M::mem_pestat] mean and std.dev: (568.50, 568.22)
[M::mem_pestat] low and high boundaries for proper pairs: (1, 2841)
[M::mem_pestat] skip orientation FF
[M::mem_pestat] skip orientation RR
[M::mem_process_seqs] Processed 266668 reads in 167.343 CPU sec, 41.947 real sec
[M::process] read 266668 sequences (40000200 bp)...
[M::mem_pestat] # candidate unique pairs for (FF, FR, RF, RR): (6, 9893, 2, 8)
[M::mem_pestat] skip orientation FF as there are not enough pairs
[M::mem_pestat] analyzing insert size distribution for orientation FR...
[M::mem_pestat] (25, 50, 75) percentile: (507, 522, 548)
[M::mem_pestat] low and high boundaries for computing mean and std.dev: (425, 630)
[M::mem_pestat] mean and std.dev: (532.47, 30.46)
[M::mem_pestat] low and high boundaries for proper pairs: (384, 671)
[M::mem_pestat] skip orientation RF as there are not enough pairs
[M::mem_pestat] skip orientation RR as there are not enough pairs
[M::mem_process_seqs] Processed 266668 reads in 171.220 CPU sec, 42.894 real sec
[M::process] read 266668 sequences (40000200 bp)...
[M::mem_pestat] # candidate unique pairs for (FF, FR, RF, RR): (8, 10320, 1, 12)
[M::mem_pestat] skip orientation FF as there are not enough pairs
[M::mem_pestat] analyzing insert size distribution for orientation FR...
[M::mem_pestat] (25, 50, 75) percentile: (507, 522, 548)
[M::mem_pestat] low and high boundaries for computing mean and std.dev: (425, 630)
[M::mem_pestat] mean and std.dev: (532.25, 29.58)
[M::mem_pestat] low and high boundaries for proper pairs: (384, 671)
[M::mem_pestat] skip orientation RF as there are not enough pairs
[M::mem_pestat] analyzing insert size distribution for orientation RR...
[M::mem_pestat] (25, 50, 75) percentile: (293, 350, 1255)
[M::mem_pestat] low and high boundaries for computing mean and std.dev: (1, 3179)
[M::mem_pestat] mean and std.dev: (401.60, 288.90)
[M::mem_pestat] low and high boundaries for proper pairs: (1, 4141)
[M::mem_pestat] skip orientation RR
[M::mem_process_seqs] Processed 266668 reads in 167.242 CPU sec, 41.914 real sec
[M::process] read 266668 sequences (40000200 bp)...
[M::mem_pestat] # candidate unique pairs for (FF, FR, RF, RR): (7, 9849, 6, 9)
[M::mem_pestat] skip orientation FF as there are not enough pairs
[M::mem_pestat] analyzing insert size distribution for orientation FR...
[M::mem_pestat] (25, 50, 75) percentile: (507, 522, 547)
[M::mem_pestat] low and high boundaries for computing mean and std.dev: (427, 627)
[M::mem_pestat] mean and std.dev: (531.84, 29.07)
[M::mem_pestat] low and high boundaries for proper pairs: (387, 667)
[M::mem_pestat] skip orientation RF as there are not enough pairs
[M::mem_pestat] skip orientation RR as there are not enough pairs
[M::mem_process_seqs] Processed 266668 reads in 171.467 CPU sec, 42.951 real sec
[M::process] read 266668 sequences (40000200 bp)...
[M::mem_pestat] # candidate unique pairs for (FF, FR, RF, RR): (4, 9857, 3, 12)
[M::mem_pestat] skip orientation FF as there are not enough pairs
[M::mem_pestat] analyzing insert size distribution for orientation FR...
[M::mem_pestat] (25, 50, 75) percentile: (506, 522, 548)
[M::mem_pestat] low and high boundaries for computing mean and std.dev: (422, 632)
[M::mem_pestat] mean and std.dev: (532.57, 30.60)
[M::mem_pestat] low and high boundaries for proper pairs: (380, 674)
[M::mem_pestat] skip orientation RF as there are not enough pairs
[M::mem_pestat] analyzing insert size distribution for orientation RR...
[M::mem_pestat] (25, 50, 75) percentile: (274, 348, 1120)
[M::mem_pestat] low and high boundaries for computing mean and std.dev: (1, 2812)
[M::mem_pestat] mean and std.dev: (597.00, 553.46)
[M::mem_pestat] low and high boundaries for proper pairs: (1, 3658)
[M::mem_pestat] skip orientation RR
[M::mem_process_seqs] Processed 266668 reads in 169.643 CPU sec, 42.486 real sec
[M::process] read 266668 sequences (40000200 bp)...
[M::mem_pestat] # candidate unique pairs for (FF, FR, RF, RR): (9, 10044, 3, 5)
[M::mem_pestat] skip orientation FF as there are not enough pairs
[M::mem_pestat] analyzing insert size distribution for orientation FR...
[M::mem_pestat] (25, 50, 75) percentile: (507, 522, 548)
[M::mem_pestat] low and high boundaries for computing mean and std.dev: (425, 630)
[M::mem_pestat] mean and std.dev: (532.62, 29.95)
[M::mem_pestat] low and high boundaries for proper pairs: (384, 671)
[M::mem_pestat] skip orientation RF as there are not enough pairs
[M::mem_pestat] skip orientation RR as there are not enough pairs
[M::mem_process_seqs] Processed 266668 reads in 164.477 CPU sec, 41.198 real sec
[M::process] read 266668 sequences (40000200 bp)...
[M::mem_pestat] # candidate unique pairs for (FF, FR, RF, RR): (7, 9852, 6, 6)
[M::mem_pestat] skip orientation FF as there are not enough pairs
[M::mem_pestat] analyzing insert size distribution for orientation FR...
[M::mem_pestat] (25, 50, 75) percentile: (507, 522, 547)
[M::mem_pestat] low and high boundaries for computing mean and std.dev: (427, 627)
[M::mem_pestat] mean and std.dev: (531.78, 29.13)
[M::mem_pestat] low and high boundaries for proper pairs: (387, 667)
[M::mem_pestat] skip orientation RF as there are not enough pairs
[M::mem_pestat] skip orientation RR as there are not enough pairs
[M::mem_process_seqs] Processed 266668 reads in 171.944 CPU sec, 43.048 real sec
[M::process] read 266668 sequences (40000200 bp)...
[M::mem_pestat] # candidate unique pairs for (FF, FR, RF, RR): (6, 9869, 4, 11)
[M::mem_pestat] skip orientation FF as there are not enough pairs
[M::mem_pestat] analyzing insert size distribution for orientation FR...
[M::mem_pestat] (25, 50, 75) percentile: (507, 522, 547)
[M::mem_pestat] low and high boundaries for computing mean and std.dev: (427, 627)
[M::mem_pestat] mean and std.dev: (531.64, 29.31)
[M::mem_pestat] low and high boundaries for proper pairs: (387, 667)
[M::mem_pestat] skip orientation RF as there are not enough pairs
[M::mem_pestat] analyzing insert size distribution for orientation RR...
[M::mem_pestat] (25, 50, 75) percentile: (263, 328, 738)
[M::mem_pestat] low and high boundaries for computing mean and std.dev: (1, 1688)
[M::mem_pestat] mean and std.dev: (406.10, 247.82)
[M::mem_pestat] low and high boundaries for proper pairs: (1, 2163)
[M::mem_pestat] skip orientation RR
[M::mem_process_seqs] Processed 266668 reads in 166.013 CPU sec, 41.568 real sec
[M::process] read 266668 sequences (40000200 bp)...
[M::mem_pestat] # candidate unique pairs for (FF, FR, RF, RR): (7, 9886, 2, 6)
[M::mem_pestat] skip orientation FF as there are not enough pairs
[M::mem_pestat] analyzing insert size distribution for orientation FR...
[M::mem_pestat] (25, 50, 75) percentile: (507, 522, 548)
[M::mem_pestat] low and high boundaries for computing mean and std.dev: (425, 630)
[M::mem_pestat] mean and std.dev: (532.17, 29.68)
[M::mem_pestat] low and high boundaries for proper pairs: (384, 671)
[M::mem_pestat] skip orientation RF as there are not enough pairs
[M::mem_pestat] skip orientation RR as there are not enough pairs
[M::mem_process_seqs] Processed 266668 reads in 167.098 CPU sec, 41.827 real sec
[M::process] read 266668 sequences (40000200 bp)...
[M::mem_pestat] # candidate unique pairs for (FF, FR, RF, RR): (4, 10088, 1, 7)
[M::mem_pestat] skip orientation FF as there are not enough pairs
[M::mem_pestat] analyzing insert size distribution for orientation FR...
[M::mem_pestat] (25, 50, 75) percentile: (507, 522, 549)
[M::mem_pestat] low and high boundaries for computing mean and std.dev: (423, 633)
[M::mem_pestat] mean and std.dev: (532.71, 30.50)
[M::mem_pestat] low and high boundaries for proper pairs: (381, 675)
[M::mem_pestat] skip orientation RF as there are not enough pairs
[M::mem_pestat] skip orientation RR as there are not enough pairs
[M::mem_process_seqs] Processed 266668 reads in 169.787 CPU sec, 42.512 real sec
[M::process] read 266668 sequences (40000200 bp)...
[M::mem_pestat] # candidate unique pairs for (FF, FR, RF, RR): (7, 10186, 4, 11)
[M::mem_pestat] skip orientation FF as there are not enough pairs
[M::mem_pestat] analyzing insert size distribution for orientation FR...
[M::mem_pestat] (25, 50, 75) percentile: (507, 523, 549)
[M::mem_pestat] low and high boundaries for computing mean and std.dev: (423, 633)
[M::mem_pestat] mean and std.dev: (532.73, 30.31)
[M::mem_pestat] low and high boundaries for proper pairs: (381, 675)
[M::mem_pestat] skip orientation RF as there are not enough pairs
[M::mem_pestat] analyzing insert size distribution for orientation RR...
[M::mem_pestat] (25, 50, 75) percentile: (211, 241, 951)
[M::mem_pestat] low and high boundaries for computing mean and std.dev: (1, 2431)
[M::mem_pestat] mean and std.dev: (395.11, 308.42)
[M::mem_pestat] low and high boundaries for proper pairs: (1, 3171)
[M::mem_pestat] skip orientation RR
[M::mem_process_seqs] Processed 266668 reads in 168.602 CPU sec, 42.207 real sec
[M::process] read 266668 sequences (40000200 bp)...
[M::mem_pestat] # candidate unique pairs for (FF, FR, RF, RR): (6, 10098, 5, 6)
[M::mem_pestat] skip orientation FF as there are not enough pairs
[M::mem_pestat] analyzing insert size distribution for orientation FR...
[M::mem_pestat] (25, 50, 75) percentile: (507, 522, 548)
[M::mem_pestat] low and high boundaries for computing mean and std.dev: (425, 630)
[M::mem_pestat] mean and std.dev: (532.09, 29.40)
[M::mem_pestat] low and high boundaries for proper pairs: (384, 671)
[M::mem_pestat] skip orientation RF as there are not enough pairs
[M::mem_pestat] skip orientation RR as there are not enough pairs
[M::mem_process_seqs] Processed 266668 reads in 166.558 CPU sec, 41.723 real sec
[M::process] read 266668 sequences (40000200 bp)...
[M::mem_pestat] # candidate unique pairs for (FF, FR, RF, RR): (4, 10275, 2, 9)
[M::mem_pestat] skip orientation FF as there are not enough pairs
[M::mem_pestat] analyzing insert size distribution for orientation FR...
[M::mem_pestat] (25, 50, 75) percentile: (507, 522, 548)
[M::mem_pestat] low and high boundaries for computing mean and std.dev: (425, 630)
[M::mem_pestat] mean and std.dev: (532.55, 30.14)
[M::mem_pestat] low and high boundaries for proper pairs: (384, 671)
[M::mem_pestat] skip orientation RF as there are not enough pairs
[M::mem_pestat] skip orientation RR as there are not enough pairs
[M::mem_process_seqs] Processed 266668 reads in 169.182 CPU sec, 42.739 real sec
[M::process] read 266668 sequences (40000200 bp)...
[M::mem_pestat] # candidate unique pairs for (FF, FR, RF, RR): (8, 10022, 3, 6)
[M::mem_pestat] skip orientation FF as there are not enough pairs
[M::mem_pestat] analyzing insert size distribution for orientation FR...
[M::mem_pestat] (25, 50, 75) percentile: (507, 523, 549)
[M::mem_pestat] low and high boundaries for computing mean and std.dev: (423, 633)
[M::mem_pestat] mean and std.dev: (532.54, 30.10)
[M::mem_pestat] low and high boundaries for proper pairs: (381, 675)
[M::mem_pestat] skip orientation RF as there are not enough pairs
[M::mem_pestat] skip orientation RR as there are not enough pairs
[M::mem_process_seqs] Processed 266668 reads in 172.223 CPU sec, 43.116 real sec
[M::process] read 266668 sequences (40000200 bp)...
[M::mem_pestat] # candidate unique pairs for (FF, FR, RF, RR): (6, 10090, 3, 8)
[M::mem_pestat] skip orientation FF as there are not enough pairs
[M::mem_pestat] analyzing insert size distribution for orientation FR...
[M::mem_pestat] (25, 50, 75) percentile: (507, 522, 548)
[M::mem_pestat] low and high boundaries for computing mean and std.dev: (425, 630)
[M::mem_pestat] mean and std.dev: (532.28, 29.94)
[M::mem_pestat] low and high boundaries for proper pairs: (384, 671)
[M::mem_pestat] skip orientation RF as there are not enough pairs
[M::mem_pestat] skip orientation RR as there are not enough pairs
[M::mem_process_seqs] Processed 266668 reads in 170.484 CPU sec, 42.745 real sec
[M::process] read 266668 sequences (40000200 bp)...
[M::mem_pestat] # candidate unique pairs for (FF, FR, RF, RR): (3, 10325, 1, 8)
[M::mem_pestat] skip orientation FF as there are not enough pairs
[M::mem_pestat] analyzing insert size distribution for orientation FR...
[M::mem_pestat] (25, 50, 75) percentile: (507, 523, 550)
[M::mem_pestat] low and high boundaries for computing mean and std.dev: (421, 636)
[M::mem_pestat] mean and std.dev: (533.32, 31.28)
[M::mem_pestat] low and high boundaries for proper pairs: (378, 679)
[M::mem_pestat] skip orientation RF as there are not enough pairs
[M::mem_pestat] skip orientation RR as there are not enough pairs
[M::mem_process_seqs] Processed 266668 reads in 169.787 CPU sec, 42.523 real sec
[M::process] read 266668 sequences (40000200 bp)...
[M::mem_pestat] # candidate unique pairs for (FF, FR, RF, RR): (9, 10248, 4, 9)
[M::mem_pestat] skip orientation FF as there are not enough pairs
[M::mem_pestat] analyzing insert size distribution for orientation FR...
[M::mem_pestat] (25, 50, 75) percentile: (507, 523, 549)
[M::mem_pestat] low and high boundaries for computing mean and std.dev: (423, 633)
[M::mem_pestat] mean and std.dev: (532.76, 30.43)
[M::mem_pestat] low and high boundaries for proper pairs: (381, 675)
[M::mem_pestat] skip orientation RF as there are not enough pairs
[M::mem_pestat] skip orientation RR as there are not enough pairs
[M::mem_process_seqs] Processed 266668 reads in 165.051 CPU sec, 41.379 real sec
[M::process] read 266668 sequences (40000200 bp)...
[M::mem_pestat] # candidate unique pairs for (FF, FR, RF, RR): (7, 10206, 3, 6)
[M::mem_pestat] skip orientation FF as there are not enough pairs
[M::mem_pestat] analyzing insert size distribution for orientation FR...
[M::mem_pestat] (25, 50, 75) percentile: (507, 523, 549)
[M::mem_pestat] low and high boundaries for computing mean and std.dev: (423, 633)
[M::mem_pestat] mean and std.dev: (532.85, 30.20)
[M::mem_pestat] low and high boundaries for proper pairs: (381, 675)
[M::mem_pestat] skip orientation RF as there are not enough pairs
[M::mem_pestat] skip orientation RR as there are not enough pairs
[M::mem_process_seqs] Processed 266668 reads in 168.931 CPU sec, 42.312 real sec
[M::process] read 266668 sequences (40000200 bp)...
[M::mem_pestat] # candidate unique pairs for (FF, FR, RF, RR): (11, 10232, 3, 12)
[M::mem_pestat] analyzing insert size distribution for orientation FF...
[M::mem_pestat] (25, 50, 75) percentile: (251, 263, 415)
[M::mem_pestat] low and high boundaries for computing mean and std.dev: (1, 743)
[M::mem_pestat] mean and std.dev: (334.91, 139.82)
[M::mem_pestat] low and high boundaries for proper pairs: (1, 907)
[M::mem_pestat] analyzing insert size distribution for orientation FR...
[M::mem_pestat] (25, 50, 75) percentile: (507, 523, 548)
[M::mem_pestat] low and high boundaries for computing mean and std.dev: (425, 630)
[M::mem_pestat] mean and std.dev: (532.34, 29.40)
[M::mem_pestat] low and high boundaries for proper pairs: (384, 671)
[M::mem_pestat] skip orientation RF as there are not enough pairs
[M::mem_pestat] analyzing insert size distribution for orientation RR...
[M::mem_pestat] (25, 50, 75) percentile: (262, 414, 524)
[M::mem_pestat] low and high boundaries for computing mean and std.dev: (1, 1048)
[M::mem_pestat] mean and std.dev: (337.50, 113.60)
[M::mem_pestat] low and high boundaries for proper pairs: (1, 1310)
[M::mem_pestat] skip orientation FF
[M::mem_pestat] skip orientation RR
[M::mem_process_seqs] Processed 266668 reads in 165.575 CPU sec, 41.462 real sec
[M::process] read 266668 sequences (40000200 bp)...
[M::mem_pestat] # candidate unique pairs for (FF, FR, RF, RR): (3, 10206, 3, 6)
[M::mem_pestat] skip orientation FF as there are not enough pairs
[M::mem_pestat] analyzing insert size distribution for orientation FR...
[M::mem_pestat] (25, 50, 75) percentile: (507, 522, 549)
[M::mem_pestat] low and high boundaries for computing mean and std.dev: (423, 633)
[M::mem_pestat] mean and std.dev: (532.64, 30.39)
[M::mem_pestat] low and high boundaries for proper pairs: (381, 675)
[M::mem_pestat] skip orientation RF as there are not enough pairs
[M::mem_pestat] skip orientation RR as there are not enough pairs
[M::mem_process_seqs] Processed 266668 reads in 165.758 CPU sec, 41.516 real sec
[M::process] read 266668 sequences (40000200 bp)...
[M::mem_pestat] # candidate unique pairs for (FF, FR, RF, RR): (9, 10227, 2, 3)
[M::mem_pestat] skip orientation FF as there are not enough pairs
[M::mem_pestat] analyzing insert size distribution for orientation FR...
[M::mem_pestat] (25, 50, 75) percentile: (507, 523, 550)
[M::mem_pestat] low and high boundaries for computing mean and std.dev: (421, 636)
[M::mem_pestat] mean and std.dev: (533.37, 31.03)
[M::mem_pestat] low and high boundaries for proper pairs: (378, 679)
[M::mem_pestat] skip orientation RF as there are not enough pairs
[M::mem_pestat] skip orientation RR as there are not enough pairs
[M::mem_process_seqs] Processed 266668 reads in 167.960 CPU sec, 42.057 real sec
[M::process] read 266668 sequences (40000200 bp)...
[M::mem_pestat] # candidate unique pairs for (FF, FR, RF, RR): (7, 10355, 6, 6)
[M::mem_pestat] skip orientation FF as there are not enough pairs
[M::mem_pestat] analyzing insert size distribution for orientation FR...
[M::mem_pestat] (25, 50, 75) percentile: (506, 522, 548)
[M::mem_pestat] low and high boundaries for computing mean and std.dev: (422, 632)
[M::mem_pestat] mean and std.dev: (532.59, 30.78)
[M::mem_pestat] low and high boundaries for proper pairs: (380, 674)
[M::mem_pestat] skip orientation RF as there are not enough pairs
[M::mem_pestat] skip orientation RR as there are not enough pairs
[M::mem_process_seqs] Processed 266668 reads in 166.627 CPU sec, 41.734 real sec
[M::process] read 266668 sequences (40000200 bp)...
[M::mem_pestat] # candidate unique pairs for (FF, FR, RF, RR): (10, 10405, 2, 8)
[M::mem_pestat] analyzing insert size distribution for orientation FF...
[M::mem_pestat] (25, 50, 75) percentile: (256, 453, 950)
[M::mem_pestat] low and high boundaries for computing mean and std.dev: (1, 2338)
[M::mem_pestat] mean and std.dev: (541.44, 488.96)
[M::mem_pestat] low and high boundaries for proper pairs: (1, 3032)
[M::mem_pestat] analyzing insert size distribution for orientation FR...
[M::mem_pestat] (25, 50, 75) percentile: (507, 523, 549)
[M::mem_pestat] low and high boundaries for computing mean and std.dev: (423, 633)
[M::mem_pestat] mean and std.dev: (532.83, 30.54)
[M::mem_pestat] low and high boundaries for proper pairs: (381, 675)
[M::mem_pestat] skip orientation RF as there are not enough pairs
[M::mem_pestat] skip orientation RR as there are not enough pairs
[M::mem_pestat] skip orientation FF
[M::mem_process_seqs] Processed 266668 reads in 166.087 CPU sec, 41.580 real sec
[M::process] read 266668 sequences (40000200 bp)...
[M::mem_pestat] # candidate unique pairs for (FF, FR, RF, RR): (8, 10231, 2, 8)
[M::mem_pestat] skip orientation FF as there are not enough pairs
[M::mem_pestat] analyzing insert size distribution for orientation FR...
[M::mem_pestat] (25, 50, 75) percentile: (507, 523, 550)
[M::mem_pestat] low and high boundaries for computing mean and std.dev: (421, 636)
[M::mem_pestat] mean and std.dev: (533.13, 30.70)
[M::mem_pestat] low and high boundaries for proper pairs: (378, 679)
[M::mem_pestat] skip orientation RF as there are not enough pairs
[M::mem_pestat] skip orientation RR as there are not enough pairs
[M::mem_process_seqs] Processed 266668 reads in 168.554 CPU sec, 42.205 real sec
[M::process] read 266668 sequences (40000200 bp)...
[M::mem_pestat] # candidate unique pairs for (FF, FR, RF, RR): (6, 10671, 7, 6)
[M::mem_pestat] skip orientation FF as there are not enough pairs
[M::mem_pestat] analyzing insert size distribution for orientation FR...
[M::mem_pestat] (25, 50, 75) percentile: (507, 523, 549)
[M::mem_pestat] low and high boundaries for computing mean and std.dev: (423, 633)
[M::mem_pestat] mean and std.dev: (532.78, 30.44)
[M::mem_pestat] low and high boundaries for proper pairs: (381, 675)
[M::mem_pestat] skip orientation RF as there are not enough pairs
[M::mem_pestat] skip orientation RR as there are not enough pairs
[M::mem_process_seqs] Processed 266668 reads in 168.539 CPU sec, 42.193 real sec
[M::process] read 266668 sequences (40000200 bp)...
[M::mem_pestat] # candidate unique pairs for (FF, FR, RF, RR): (6, 10243, 2, 5)
[M::mem_pestat] skip orientation FF as there are not enough pairs
[M::mem_pestat] analyzing insert size distribution for orientation FR...
[M::mem_pestat] (25, 50, 75) percentile: (507, 523, 549)
[M::mem_pestat] low and high boundaries for computing mean and std.dev: (423, 633)
[M::mem_pestat] mean and std.dev: (532.79, 30.07)
[M::mem_pestat] low and high boundaries for proper pairs: (381, 675)
[M::mem_pestat] skip orientation RF as there are not enough pairs
[M::mem_pestat] skip orientation RR as there are not enough pairs
[M::mem_process_seqs] Processed 266668 reads in 171.560 CPU sec, 42.962 real sec
[M::process] read 266668 sequences (40000200 bp)...
[M::mem_pestat] # candidate unique pairs for (FF, FR, RF, RR): (11, 10387, 0, 10)
[M::mem_pestat] analyzing insert size distribution for orientation FF...
[M::mem_pestat] (25, 50, 75) percentile: (288, 312, 1210)
[M::mem_pestat] low and high boundaries for computing mean and std.dev: (1, 3054)
[M::mem_pestat] mean and std.dev: (481.00, 427.77)
[M::mem_pestat] low and high boundaries for proper pairs: (1, 3976)
[M::mem_pestat] analyzing insert size distribution for orientation FR...
[M::mem_pestat] (25, 50, 75) percentile: (507, 522, 549)
[M::mem_pestat] low and high boundaries for computing mean and std.dev: (423, 633)
[M::mem_pestat] mean and std.dev: (532.65, 30.61)
[M::mem_pestat] low and high boundaries for proper pairs: (381, 675)
[M::mem_pestat] skip orientation RF as there are not enough pairs
[M::mem_pestat] analyzing insert size distribution for orientation RR...
[M::mem_pestat] (25, 50, 75) percentile: (199, 282, 344)
[M::mem_pestat] low and high boundaries for computing mean and std.dev: (1, 634)
[M::mem_pestat] mean and std.dev: (220.38, 90.85)
[M::mem_pestat] low and high boundaries for proper pairs: (1, 779)
[M::mem_pestat] skip orientation FF
[M::mem_pestat] skip orientation RR
[M::mem_process_seqs] Processed 266668 reads in 166.902 CPU sec, 41.784 real sec
[M::process] read 266668 sequences (40000200 bp)...
[M::mem_pestat] # candidate unique pairs for (FF, FR, RF, RR): (8, 10264, 4, 9)
[M::mem_pestat] skip orientation FF as there are not enough pairs
[M::mem_pestat] analyzing insert size distribution for orientation FR...
[M::mem_pestat] (25, 50, 75) percentile: (507, 522, 547)
[M::mem_pestat] low and high boundaries for computing mean and std.dev: (427, 627)
[M::mem_pestat] mean and std.dev: (531.40, 29.45)
[M::mem_pestat] low and high boundaries for proper pairs: (387, 667)
[M::mem_pestat] skip orientation RF as there are not enough pairs
[M::mem_pestat] skip orientation RR as there are not enough pairs
[M::mem_process_seqs] Processed 266668 reads in 171.215 CPU sec, 42.880 real sec
[M::process] read 266668 sequences (40000200 bp)...
[M::mem_pestat] # candidate unique pairs for (FF, FR, RF, RR): (12, 10502, 3, 10)
[M::mem_pestat] analyzing insert size distribution for orientation FF...
[M::mem_pestat] (25, 50, 75) percentile: (254, 669, 1544)
[M::mem_pestat] low and high boundaries for computing mean and std.dev: (1, 4124)
[M::mem_pestat] mean and std.dev: (746.73, 776.94)
[M::mem_pestat] low and high boundaries for proper pairs: (1, 5414)
[M::mem_pestat] analyzing insert size distribution for orientation FR...
[M::mem_pestat] (25, 50, 75) percentile: (507, 523, 550)
[M::mem_pestat] low and high boundaries for computing mean and std.dev: (421, 636)
[M::mem_pestat] mean and std.dev: (533.24, 31.13)
[M::mem_pestat] low and high boundaries for proper pairs: (378, 679)
[M::mem_pestat] skip orientation RF as there are not enough pairs
[M::mem_pestat] analyzing insert size distribution for orientation RR...
[M::mem_pestat] (25, 50, 75) percentile: (261, 511, 1435)
[M::mem_pestat] low and high boundaries for computing mean and std.dev: (1, 3783)
[M::mem_pestat] mean and std.dev: (716.89, 661.89)
[M::mem_pestat] low and high boundaries for proper pairs: (1, 4957)
[M::mem_pestat] skip orientation FF
[M::mem_pestat] skip orientation RR
[M::mem_process_seqs] Processed 266668 reads in 169.101 CPU sec, 42.350 real sec
[M::process] read 266668 sequences (40000200 bp)...
[M::mem_pestat] # candidate unique pairs for (FF, FR, RF, RR): (8, 10650, 3, 10)
[M::mem_pestat] skip orientation FF as there are not enough pairs
[M::mem_pestat] analyzing insert size distribution for orientation FR...
[M::mem_pestat] (25, 50, 75) percentile: (507, 523, 550)
[M::mem_pestat] low and high boundaries for computing mean and std.dev: (421, 636)
[M::mem_pestat] mean and std.dev: (533.60, 31.30)
[M::mem_pestat] low and high boundaries for proper pairs: (378, 679)
[M::mem_pestat] skip orientation RF as there are not enough pairs
[M::mem_pestat] analyzing insert size distribution for orientation RR...
[M::mem_pestat] (25, 50, 75) percentile: (252, 1045, 4800)
[M::mem_pestat] low and high boundaries for computing mean and std.dev: (1, 13896)
[M::mem_pestat] mean and std.dev: (2721.40, 3516.32)
[M::mem_pestat] low and high boundaries for proper pairs: (1, 18444)
[M::mem_pestat] skip orientation RR
[M::mem_process_seqs] Processed 266668 reads in 170.698 CPU sec, 42.766 real sec
[M::process] read 266668 sequences (40000200 bp)...
[M::mem_pestat] # candidate unique pairs for (FF, FR, RF, RR): (13, 9290, 5, 6)
[M::mem_pestat] analyzing insert size distribution for orientation FF...
[M::mem_pestat] (25, 50, 75) percentile: (254, 335, 3000)
[M::mem_pestat] low and high boundaries for computing mean and std.dev: (1, 8492)
[M::mem_pestat] mean and std.dev: (1071.17, 1311.23)
[M::mem_pestat] low and high boundaries for proper pairs: (1, 11238)
[M::mem_pestat] analyzing insert size distribution for orientation FR...
[M::mem_pestat] (25, 50, 75) percentile: (507, 522, 547)
[M::mem_pestat] low and high boundaries for computing mean and std.dev: (427, 627)
[M::mem_pestat] mean and std.dev: (531.94, 28.99)
[M::mem_pestat] low and high boundaries for proper pairs: (387, 667)
[M::mem_pestat] skip orientation RF as there are not enough pairs
[M::mem_pestat] skip orientation RR as there are not enough pairs
[M::mem_pestat] skip orientation FF
[M::mem_process_seqs] Processed 266668 reads in 175.109 CPU sec, 43.883 real sec
[M::process] read 244530 sequences (36679500 bp)...
[M::mem_pestat] # candidate unique pairs for (FF, FR, RF, RR): (8, 10618, 6, 9)
[M::mem_pestat] skip orientation FF as there are not enough pairs
[M::mem_pestat] analyzing insert size distribution for orientation FR...
[M::mem_pestat] (25, 50, 75) percentile: (507, 524, 551)
[M::mem_pestat] low and high boundaries for computing mean and std.dev: (419, 639)
[M::mem_pestat] mean and std.dev: (534.12, 31.65)
[M::mem_pestat] low and high boundaries for proper pairs: (375, 683)
[M::mem_pestat] skip orientation RF as there are not enough pairs
[M::mem_pestat] skip orientation RR as there are not enough pairs
[M::mem_process_seqs] Processed 266668 reads in 169.530 CPU sec, 42.458 real sec
[M::mem_pestat] # candidate unique pairs for (FF, FR, RF, RR): (11, 9617, 2, 5)
[M::mem_pestat] analyzing insert size distribution for orientation FF...
[M::mem_pestat] (25, 50, 75) percentile: (402, 722, 3707)
[M::mem_pestat] low and high boundaries for computing mean and std.dev: (1, 10317)
[M::mem_pestat] mean and std.dev: (1833.55, 2060.02)
[M::mem_pestat] low and high boundaries for proper pairs: (1, 13622)
[M::mem_pestat] analyzing insert size distribution for orientation FR...
[M::mem_pestat] (25, 50, 75) percentile: (507, 523, 549)
[M::mem_pestat] low and high boundaries for computing mean and std.dev: (423, 633)
[M::mem_pestat] mean and std.dev: (532.57, 30.47)
[M::mem_pestat] low and high boundaries for proper pairs: (381, 675)
[M::mem_pestat] skip orientation RF as there are not enough pairs
[M::mem_pestat] skip orientation RR as there are not enough pairs
[M::mem_pestat] skip orientation FF
[M::mem_process_seqs] Processed 244530 reads in 159.336 CPU sec, 39.902 real sec
[main] Version: 0.7.17-r1188
[main] CMD: bwa mem -t 4 -a /mnt/raid6/bacphagenetwork/data/bwa_index/chm13v2.0_noY.fa /mnt/raid6/bacphagenetwork/data/skin_metagenome/Guangzhou/02_rm_host/164_1.fastq.gz /mnt/raid6/bacphagenetwork/data/skin_metagenome/Guangzhou/02_rm_host/164_2.fastq.gz
[main] Real time: 4399.364 sec; CPU: 17510.876 sec
