/home/bacphagenetwork/.bashrc: line 15: Custom: command not found
[M::bwa_idx_load_from_disk] read 0 ALT contigs
[M::process] read 266668 sequences (40000200 bp)...
[M::process] read 266668 sequences (40000200 bp)...
[M::mem_pestat] # candidate unique pairs for (FF, FR, RF, RR): (1, 3268, 1, 1)
[M::mem_pestat] skip orientation FF as there are not enough pairs
[M::mem_pestat] analyzing insert size distribution for orientation FR...
[M::mem_pestat] (25, 50, 75) percentile: (501, 514, 536)
[M::mem_pestat] low and high boundaries for computing mean and std.dev: (431, 606)
[M::mem_pestat] mean and std.dev: (525.93, 24.63)
[M::mem_pestat] low and high boundaries for proper pairs: (396, 641)
[M::mem_pestat] skip orientation RF as there are not enough pairs
[M::mem_pestat] skip orientation RR as there are not enough pairs
[M::mem_process_seqs] Processed 266668 reads in 152.088 CPU sec, 38.173 real sec
[M::process] read 266668 sequences (40000200 bp)...
[M::mem_pestat] # candidate unique pairs for (FF, FR, RF, RR): (3, 3049, 0, 5)
[M::mem_pestat] skip orientation FF as there are not enough pairs
[M::mem_pestat] analyzing insert size distribution for orientation FR...
[M::mem_pestat] (25, 50, 75) percentile: (500, 512, 534)
[M::mem_pestat] low and high boundaries for computing mean and std.dev: (432, 602)
[M::mem_pestat] mean and std.dev: (525.40, 24.60)
[M::mem_pestat] low and high boundaries for proper pairs: (398, 636)
[M::mem_pestat] skip orientation RF as there are not enough pairs
[M::mem_pestat] skip orientation RR as there are not enough pairs
[M::mem_process_seqs] Processed 266668 reads in 158.907 CPU sec, 39.810 real sec
[M::process] read 266668 sequences (40000200 bp)...
[M::mem_pestat] # candidate unique pairs for (FF, FR, RF, RR): (1, 3111, 3, 5)
[M::mem_pestat] skip orientation FF as there are not enough pairs
[M::mem_pestat] analyzing insert size distribution for orientation FR...
[M::mem_pestat] (25, 50, 75) percentile: (501, 514, 535)
[M::mem_pestat] low and high boundaries for computing mean and std.dev: (433, 603)
[M::mem_pestat] mean and std.dev: (526.03, 24.39)
[M::mem_pestat] low and high boundaries for proper pairs: (399, 637)
[M::mem_pestat] skip orientation RF as there are not enough pairs
[M::mem_pestat] skip orientation RR as there are not enough pairs
[M::mem_process_seqs] Processed 266668 reads in 153.739 CPU sec, 38.520 real sec
[M::process] read 266668 sequences (40000200 bp)...
[M::mem_pestat] # candidate unique pairs for (FF, FR, RF, RR): (3, 3296, 2, 3)
[M::mem_pestat] skip orientation FF as there are not enough pairs
[M::mem_pestat] analyzing insert size distribution for orientation FR...
[M::mem_pestat] (25, 50, 75) percentile: (500, 513, 534)
[M::mem_pestat] low and high boundaries for computing mean and std.dev: (432, 602)
[M::mem_pestat] mean and std.dev: (526.15, 24.72)
[M::mem_pestat] low and high boundaries for proper pairs: (398, 636)
[M::mem_pestat] skip orientation RF as there are not enough pairs
[M::mem_pestat] skip orientation RR as there are not enough pairs
[M::mem_process_seqs] Processed 266668 reads in 154.645 CPU sec, 38.740 real sec
[M::process] read 266668 sequences (40000200 bp)...
[M::mem_pestat] # candidate unique pairs for (FF, FR, RF, RR): (8, 3155, 1, 4)
[M::mem_pestat] skip orientation FF as there are not enough pairs
[M::mem_pestat] analyzing insert size distribution for orientation FR...
[M::mem_pestat] (25, 50, 75) percentile: (500, 513, 534)
[M::mem_pestat] low and high boundaries for computing mean and std.dev: (432, 602)
[M::mem_pestat] mean and std.dev: (525.32, 24.51)
[M::mem_pestat] low and high boundaries for proper pairs: (398, 636)
[M::mem_pestat] skip orientation RF as there are not enough pairs
[M::mem_pestat] skip orientation RR as there are not enough pairs
[M::mem_process_seqs] Processed 266668 reads in 154.858 CPU sec, 38.782 real sec
[M::process] read 266668 sequences (40000200 bp)...
[M::mem_pestat] # candidate unique pairs for (FF, FR, RF, RR): (6, 3203, 0, 1)
[M::mem_pestat] skip orientation FF as there are not enough pairs
[M::mem_pestat] analyzing insert size distribution for orientation FR...
[M::mem_pestat] (25, 50, 75) percentile: (500, 513, 535)
[M::mem_pestat] low and high boundaries for computing mean and std.dev: (430, 605)
[M::mem_pestat] mean and std.dev: (526.03, 25.13)
[M::mem_pestat] low and high boundaries for proper pairs: (395, 640)
[M::mem_pestat] skip orientation RF as there are not enough pairs
[M::mem_pestat] skip orientation RR as there are not enough pairs
[M::mem_process_seqs] Processed 266668 reads in 152.153 CPU sec, 38.108 real sec
[M::process] read 266668 sequences (40000200 bp)...
[M::mem_pestat] # candidate unique pairs for (FF, FR, RF, RR): (4, 3143, 0, 5)
[M::mem_pestat] skip orientation FF as there are not enough pairs
[M::mem_pestat] analyzing insert size distribution for orientation FR...
[M::mem_pestat] (25, 50, 75) percentile: (501, 514, 536)
[M::mem_pestat] low and high boundaries for computing mean and std.dev: (431, 606)
[M::mem_pestat] mean and std.dev: (526.59, 25.50)
[M::mem_pestat] low and high boundaries for proper pairs: (396, 641)
[M::mem_pestat] skip orientation RF as there are not enough pairs
[M::mem_pestat] skip orientation RR as there are not enough pairs
[M::mem_process_seqs] Processed 266668 reads in 156.981 CPU sec, 39.328 real sec
[M::process] read 266668 sequences (40000200 bp)...
[M::mem_pestat] # candidate unique pairs for (FF, FR, RF, RR): (11, 3169, 2, 2)
[M::mem_pestat] analyzing insert size distribution for orientation FF...
[M::mem_pestat] (25, 50, 75) percentile: (204, 312, 849)
[M::mem_pestat] low and high boundaries for computing mean and std.dev: (1, 2139)
[M::mem_pestat] mean and std.dev: (344.89, 230.05)
[M::mem_pestat] low and high boundaries for proper pairs: (1, 2784)
[M::mem_pestat] analyzing insert size distribution for orientation FR...
[M::mem_pestat] (25, 50, 75) percentile: (501, 514, 536)
[M::mem_pestat] low and high boundaries for computing mean and std.dev: (431, 606)
[M::mem_pestat] mean and std.dev: (526.66, 25.58)
[M::mem_pestat] low and high boundaries for proper pairs: (396, 641)
[M::mem_pestat] skip orientation RF as there are not enough pairs
[M::mem_pestat] skip orientation RR as there are not enough pairs
[M::mem_pestat] skip orientation FF
[M::mem_process_seqs] Processed 266668 reads in 155.991 CPU sec, 39.060 real sec
[M::process] read 266668 sequences (40000200 bp)...
[M::mem_pestat] # candidate unique pairs for (FF, FR, RF, RR): (6, 3108, 3, 5)
[M::mem_pestat] skip orientation FF as there are not enough pairs
[M::mem_pestat] analyzing insert size distribution for orientation FR...
[M::mem_pestat] (25, 50, 75) percentile: (500, 513, 534)
[M::mem_pestat] low and high boundaries for computing mean and std.dev: (432, 602)
[M::mem_pestat] mean and std.dev: (525.55, 24.18)
[M::mem_pestat] low and high boundaries for proper pairs: (398, 636)
[M::mem_pestat] skip orientation RF as there are not enough pairs
[M::mem_pestat] skip orientation RR as there are not enough pairs
[M::mem_process_seqs] Processed 266668 reads in 157.065 CPU sec, 39.336 real sec
[M::process] read 266668 sequences (40000200 bp)...
[M::mem_pestat] # candidate unique pairs for (FF, FR, RF, RR): (2, 3153, 2, 2)
[M::mem_pestat] skip orientation FF as there are not enough pairs
[M::mem_pestat] analyzing insert size distribution for orientation FR...
[M::mem_pestat] (25, 50, 75) percentile: (501, 514, 536)
[M::mem_pestat] low and high boundaries for computing mean and std.dev: (431, 606)
[M::mem_pestat] mean and std.dev: (526.19, 25.31)
[M::mem_pestat] low and high boundaries for proper pairs: (396, 641)
[M::mem_pestat] skip orientation RF as there are not enough pairs
[M::mem_pestat] skip orientation RR as there are not enough pairs
[M::mem_process_seqs] Processed 266668 reads in 153.266 CPU sec, 38.395 real sec
[M::process] read 266668 sequences (40000200 bp)...
[M::mem_pestat] # candidate unique pairs for (FF, FR, RF, RR): (3, 3123, 2, 2)
[M::mem_pestat] skip orientation FF as there are not enough pairs
[M::mem_pestat] analyzing insert size distribution for orientation FR...
[M::mem_pestat] (25, 50, 75) percentile: (501, 514, 536)
[M::mem_pestat] low and high boundaries for computing mean and std.dev: (431, 606)
[M::mem_pestat] mean and std.dev: (526.29, 24.88)
[M::mem_pestat] low and high boundaries for proper pairs: (396, 641)
[M::mem_pestat] skip orientation RF as there are not enough pairs
[M::mem_pestat] skip orientation RR as there are not enough pairs
[M::mem_process_seqs] Processed 266668 reads in 155.983 CPU sec, 39.064 real sec
[M::process] read 266668 sequences (40000200 bp)...
[M::mem_pestat] # candidate unique pairs for (FF, FR, RF, RR): (5, 3148, 2, 3)
[M::mem_pestat] skip orientation FF as there are not enough pairs
[M::mem_pestat] analyzing insert size distribution for orientation FR...
[M::mem_pestat] (25, 50, 75) percentile: (501, 515, 539)
[M::mem_pestat] low and high boundaries for computing mean and std.dev: (425, 615)
[M::mem_pestat] mean and std.dev: (528.55, 28.22)
[M::mem_pestat] low and high boundaries for proper pairs: (387, 653)
[M::mem_pestat] skip orientation RF as there are not enough pairs
[M::mem_pestat] skip orientation RR as there are not enough pairs
[M::mem_process_seqs] Processed 266668 reads in 156.868 CPU sec, 39.311 real sec
[M::process] read 266668 sequences (40000200 bp)...
[M::mem_pestat] # candidate unique pairs for (FF, FR, RF, RR): (3, 3248, 0, 5)
[M::mem_pestat] skip orientation FF as there are not enough pairs
[M::mem_pestat] analyzing insert size distribution for orientation FR...
[M::mem_pestat] (25, 50, 75) percentile: (500, 514, 535)
[M::mem_pestat] low and high boundaries for computing mean and std.dev: (430, 605)
[M::mem_pestat] mean and std.dev: (526.42, 25.83)
[M::mem_pestat] low and high boundaries for proper pairs: (395, 640)
[M::mem_pestat] skip orientation RF as there are not enough pairs
[M::mem_pestat] skip orientation RR as there are not enough pairs
[M::mem_process_seqs] Processed 266668 reads in 156.105 CPU sec, 39.109 real sec
[M::process] read 266668 sequences (40000200 bp)...
[M::mem_pestat] # candidate unique pairs for (FF, FR, RF, RR): (0, 3175, 2, 3)
[M::mem_pestat] skip orientation FF as there are not enough pairs
[M::mem_pestat] analyzing insert size distribution for orientation FR...
[M::mem_pestat] (25, 50, 75) percentile: (501, 514, 536)
[M::mem_pestat] low and high boundaries for computing mean and std.dev: (431, 606)
[M::mem_pestat] mean and std.dev: (526.43, 25.42)
[M::mem_pestat] low and high boundaries for proper pairs: (396, 641)
[M::mem_pestat] skip orientation RF as there are not enough pairs
[M::mem_pestat] skip orientation RR as there are not enough pairs
[M::mem_process_seqs] Processed 266668 reads in 156.116 CPU sec, 39.124 real sec
[M::process] read 266668 sequences (40000200 bp)...
[M::mem_pestat] # candidate unique pairs for (FF, FR, RF, RR): (2, 3175, 1, 5)
[M::mem_pestat] skip orientation FF as there are not enough pairs
[M::mem_pestat] analyzing insert size distribution for orientation FR...
[M::mem_pestat] (25, 50, 75) percentile: (501, 513, 537)
[M::mem_pestat] low and high boundaries for computing mean and std.dev: (429, 609)
[M::mem_pestat] mean and std.dev: (527.14, 26.82)
[M::mem_pestat] low and high boundaries for proper pairs: (393, 645)
[M::mem_pestat] skip orientation RF as there are not enough pairs
[M::mem_pestat] skip orientation RR as there are not enough pairs
[M::mem_process_seqs] Processed 266668 reads in 153.327 CPU sec, 38.409 real sec
[M::process] read 266668 sequences (40000200 bp)...
[M::mem_pestat] # candidate unique pairs for (FF, FR, RF, RR): (2, 3198, 2, 6)
[M::mem_pestat] skip orientation FF as there are not enough pairs
[M::mem_pestat] analyzing insert size distribution for orientation FR...
[M::mem_pestat] (25, 50, 75) percentile: (501, 514, 536)
[M::mem_pestat] low and high boundaries for computing mean and std.dev: (431, 606)
[M::mem_pestat] mean and std.dev: (526.51, 24.87)
[M::mem_pestat] low and high boundaries for proper pairs: (396, 641)
[M::mem_pestat] skip orientation RF as there are not enough pairs
[M::mem_pestat] skip orientation RR as there are not enough pairs
[M::mem_process_seqs] Processed 266668 reads in 154.873 CPU sec, 38.797 real sec
[M::process] read 266668 sequences (40000200 bp)...
[M::mem_pestat] # candidate unique pairs for (FF, FR, RF, RR): (2, 3213, 1, 6)
[M::mem_pestat] skip orientation FF as there are not enough pairs
[M::mem_pestat] analyzing insert size distribution for orientation FR...
[M::mem_pestat] (25, 50, 75) percentile: (501, 513, 535)
[M::mem_pestat] low and high boundaries for computing mean and std.dev: (433, 603)
[M::mem_pestat] mean and std.dev: (525.66, 25.19)
[M::mem_pestat] low and high boundaries for proper pairs: (399, 637)
[M::mem_pestat] skip orientation RF as there are not enough pairs
[M::mem_pestat] skip orientation RR as there are not enough pairs
[M::mem_process_seqs] Processed 266668 reads in 156.378 CPU sec, 39.178 real sec
[M::process] read 266668 sequences (40000200 bp)...
[M::mem_pestat] # candidate unique pairs for (FF, FR, RF, RR): (3, 3167, 1, 1)
[M::mem_pestat] skip orientation FF as there are not enough pairs
[M::mem_pestat] analyzing insert size distribution for orientation FR...
[M::mem_pestat] (25, 50, 75) percentile: (501, 513, 537)
[M::mem_pestat] low and high boundaries for computing mean and std.dev: (429, 609)
[M::mem_pestat] mean and std.dev: (527.04, 26.40)
[M::mem_pestat] low and high boundaries for proper pairs: (393, 645)
[M::mem_pestat] skip orientation RF as there are not enough pairs
[M::mem_pestat] skip orientation RR as there are not enough pairs
[M::mem_process_seqs] Processed 266668 reads in 160.177 CPU sec, 40.140 real sec
[M::process] read 266668 sequences (40000200 bp)...
[M::mem_pestat] # candidate unique pairs for (FF, FR, RF, RR): (0, 3281, 0, 2)
[M::mem_pestat] skip orientation FF as there are not enough pairs
[M::mem_pestat] analyzing insert size distribution for orientation FR...
[M::mem_pestat] (25, 50, 75) percentile: (501, 514, 538)
[M::mem_pestat] low and high boundaries for computing mean and std.dev: (427, 612)
[M::mem_pestat] mean and std.dev: (527.06, 26.84)
[M::mem_pestat] low and high boundaries for proper pairs: (390, 649)
[M::mem_pestat] skip orientation RF as there are not enough pairs
[M::mem_pestat] skip orientation RR as there are not enough pairs
[M::mem_process_seqs] Processed 266668 reads in 156.282 CPU sec, 39.155 real sec
[M::process] read 266668 sequences (40000200 bp)...
[M::mem_pestat] # candidate unique pairs for (FF, FR, RF, RR): (2, 3268, 2, 2)
[M::mem_pestat] skip orientation FF as there are not enough pairs
[M::mem_pestat] analyzing insert size distribution for orientation FR...
[M::mem_pestat] (25, 50, 75) percentile: (501, 514, 537)
[M::mem_pestat] low and high boundaries for computing mean and std.dev: (429, 609)
[M::mem_pestat] mean and std.dev: (526.96, 25.89)
[M::mem_pestat] low and high boundaries for proper pairs: (393, 645)
[M::mem_pestat] skip orientation RF as there are not enough pairs
[M::mem_pestat] skip orientation RR as there are not enough pairs
[M::mem_process_seqs] Processed 266668 reads in 152.145 CPU sec, 38.110 real sec
[M::process] read 266668 sequences (40000200 bp)...
[M::mem_pestat] # candidate unique pairs for (FF, FR, RF, RR): (0, 3209, 2, 4)
[M::mem_pestat] skip orientation FF as there are not enough pairs
[M::mem_pestat] analyzing insert size distribution for orientation FR...
[M::mem_pestat] (25, 50, 75) percentile: (501, 513, 535)
[M::mem_pestat] low and high boundaries for computing mean and std.dev: (433, 603)
[M::mem_pestat] mean and std.dev: (526.13, 24.65)
[M::mem_pestat] low and high boundaries for proper pairs: (399, 637)
[M::mem_pestat] skip orientation RF as there are not enough pairs
[M::mem_pestat] skip orientation RR as there are not enough pairs
[M::mem_process_seqs] Processed 266668 reads in 157.970 CPU sec, 39.570 real sec
[M::process] read 266668 sequences (40000200 bp)...
[M::mem_pestat] # candidate unique pairs for (FF, FR, RF, RR): (4, 3170, 1, 4)
[M::mem_pestat] skip orientation FF as there are not enough pairs
[M::mem_pestat] analyzing insert size distribution for orientation FR...
[M::mem_pestat] (25, 50, 75) percentile: (501, 515, 537)
[M::mem_pestat] low and high boundaries for computing mean and std.dev: (429, 609)
[M::mem_pestat] mean and std.dev: (527.35, 25.99)
[M::mem_pestat] low and high boundaries for proper pairs: (393, 645)
[M::mem_pestat] skip orientation RF as there are not enough pairs
[M::mem_pestat] skip orientation RR as there are not enough pairs
[M::mem_process_seqs] Processed 266668 reads in 150.391 CPU sec, 37.678 real sec
[M::process] read 266668 sequences (40000200 bp)...
[M::mem_pestat] # candidate unique pairs for (FF, FR, RF, RR): (6, 3239, 2, 6)
[M::mem_pestat] skip orientation FF as there are not enough pairs
[M::mem_pestat] analyzing insert size distribution for orientation FR...
[M::mem_pestat] (25, 50, 75) percentile: (501, 513, 536)
[M::mem_pestat] low and high boundaries for computing mean and std.dev: (431, 606)
[M::mem_pestat] mean and std.dev: (526.18, 24.60)
[M::mem_pestat] low and high boundaries for proper pairs: (396, 641)
[M::mem_pestat] skip orientation RF as there are not enough pairs
[M::mem_pestat] skip orientation RR as there are not enough pairs
[M::mem_process_seqs] Processed 266668 reads in 151.808 CPU sec, 38.027 real sec
[M::process] read 266668 sequences (40000200 bp)...
[M::mem_pestat] # candidate unique pairs for (FF, FR, RF, RR): (7, 3302, 0, 1)
[M::mem_pestat] skip orientation FF as there are not enough pairs
[M::mem_pestat] analyzing insert size distribution for orientation FR...
[M::mem_pestat] (25, 50, 75) percentile: (501, 514, 537)
[M::mem_pestat] low and high boundaries for computing mean and std.dev: (429, 609)
[M::mem_pestat] mean and std.dev: (526.44, 26.75)
[M::mem_pestat] low and high boundaries for proper pairs: (393, 645)
[M::mem_pestat] skip orientation RF as there are not enough pairs
[M::mem_pestat] skip orientation RR as there are not enough pairs
[M::mem_process_seqs] Processed 266668 reads in 155.652 CPU sec, 39.006 real sec
[M::process] read 266668 sequences (40000200 bp)...
[M::mem_pestat] # candidate unique pairs for (FF, FR, RF, RR): (4, 3310, 1, 2)
[M::mem_pestat] skip orientation FF as there are not enough pairs
[M::mem_pestat] analyzing insert size distribution for orientation FR...
[M::mem_pestat] (25, 50, 75) percentile: (500, 514, 536)
[M::mem_pestat] low and high boundaries for computing mean and std.dev: (428, 608)
[M::mem_pestat] mean and std.dev: (526.97, 26.50)
[M::mem_pestat] low and high boundaries for proper pairs: (392, 644)
[M::mem_pestat] skip orientation RF as there are not enough pairs
[M::mem_pestat] skip orientation RR as there are not enough pairs
[M::mem_process_seqs] Processed 266668 reads in 154.837 CPU sec, 38.802 real sec
[M::process] read 266668 sequences (40000200 bp)...
[M::mem_pestat] # candidate unique pairs for (FF, FR, RF, RR): (3, 3205, 1, 3)
[M::mem_pestat] skip orientation FF as there are not enough pairs
[M::mem_pestat] analyzing insert size distribution for orientation FR...
[M::mem_pestat] (25, 50, 75) percentile: (501, 513, 536)
[M::mem_pestat] low and high boundaries for computing mean and std.dev: (431, 606)
[M::mem_pestat] mean and std.dev: (526.42, 25.02)
[M::mem_pestat] low and high boundaries for proper pairs: (396, 641)
[M::mem_pestat] skip orientation RF as there are not enough pairs
[M::mem_pestat] skip orientation RR as there are not enough pairs
[M::mem_process_seqs] Processed 266668 reads in 154.278 CPU sec, 38.664 real sec
[M::process] read 266668 sequences (40000200 bp)...
[M::mem_pestat] # candidate unique pairs for (FF, FR, RF, RR): (1, 3190, 1, 1)
[M::mem_pestat] skip orientation FF as there are not enough pairs
[M::mem_pestat] analyzing insert size distribution for orientation FR...
[M::mem_pestat] (25, 50, 75) percentile: (501, 514, 537)
[M::mem_pestat] low and high boundaries for computing mean and std.dev: (429, 609)
[M::mem_pestat] mean and std.dev: (526.77, 25.43)
[M::mem_pestat] low and high boundaries for proper pairs: (393, 645)
[M::mem_pestat] skip orientation RF as there are not enough pairs
[M::mem_pestat] skip orientation RR as there are not enough pairs
[M::mem_process_seqs] Processed 266668 reads in 154.048 CPU sec, 38.596 real sec
[M::process] read 266668 sequences (40000200 bp)...
[M::mem_pestat] # candidate unique pairs for (FF, FR, RF, RR): (1, 3230, 1, 5)
[M::mem_pestat] skip orientation FF as there are not enough pairs
[M::mem_pestat] analyzing insert size distribution for orientation FR...
[M::mem_pestat] (25, 50, 75) percentile: (501, 514, 537)
[M::mem_pestat] low and high boundaries for computing mean and std.dev: (429, 609)
[M::mem_pestat] mean and std.dev: (526.76, 25.28)
[M::mem_pestat] low and high boundaries for proper pairs: (393, 645)
[M::mem_pestat] skip orientation RF as there are not enough pairs
[M::mem_pestat] skip orientation RR as there are not enough pairs
[M::mem_process_seqs] Processed 266668 reads in 155.658 CPU sec, 39.099 real sec
[M::process] read 266668 sequences (40000200 bp)...
[M::mem_pestat] # candidate unique pairs for (FF, FR, RF, RR): (3, 3370, 0, 4)
[M::mem_pestat] skip orientation FF as there are not enough pairs
[M::mem_pestat] analyzing insert size distribution for orientation FR...
[M::mem_pestat] (25, 50, 75) percentile: (501, 514, 535)
[M::mem_pestat] low and high boundaries for computing mean and std.dev: (433, 603)
[M::mem_pestat] mean and std.dev: (526.20, 24.54)
[M::mem_pestat] low and high boundaries for proper pairs: (399, 637)
[M::mem_pestat] skip orientation RF as there are not enough pairs
[M::mem_pestat] skip orientation RR as there are not enough pairs
[M::mem_process_seqs] Processed 266668 reads in 156.938 CPU sec, 39.318 real sec
[M::process] read 266668 sequences (40000200 bp)...
[M::mem_pestat] # candidate unique pairs for (FF, FR, RF, RR): (2, 3224, 1, 6)
[M::mem_pestat] skip orientation FF as there are not enough pairs
[M::mem_pestat] analyzing insert size distribution for orientation FR...
[M::mem_pestat] (25, 50, 75) percentile: (501, 514, 536)
[M::mem_pestat] low and high boundaries for computing mean and std.dev: (431, 606)
[M::mem_pestat] mean and std.dev: (526.71, 25.70)
[M::mem_pestat] low and high boundaries for proper pairs: (396, 641)
[M::mem_pestat] skip orientation RF as there are not enough pairs
[M::mem_pestat] skip orientation RR as there are not enough pairs
[M::mem_process_seqs] Processed 266668 reads in 156.009 CPU sec, 39.096 real sec
[M::process] read 266668 sequences (40000200 bp)...
[M::mem_pestat] # candidate unique pairs for (FF, FR, RF, RR): (8, 3213, 1, 4)
[M::mem_pestat] skip orientation FF as there are not enough pairs
[M::mem_pestat] analyzing insert size distribution for orientation FR...
[M::mem_pestat] (25, 50, 75) percentile: (501, 513, 536)
[M::mem_pestat] low and high boundaries for computing mean and std.dev: (431, 606)
[M::mem_pestat] mean and std.dev: (526.08, 25.72)
[M::mem_pestat] low and high boundaries for proper pairs: (396, 641)
[M::mem_pestat] skip orientation RF as there are not enough pairs
[M::mem_pestat] skip orientation RR as there are not enough pairs
[M::mem_process_seqs] Processed 266668 reads in 154.750 CPU sec, 38.767 real sec
[M::process] read 266668 sequences (40000200 bp)...
[M::mem_pestat] # candidate unique pairs for (FF, FR, RF, RR): (2, 3167, 1, 3)
[M::mem_pestat] skip orientation FF as there are not enough pairs
[M::mem_pestat] analyzing insert size distribution for orientation FR...
[M::mem_pestat] (25, 50, 75) percentile: (501, 514, 535)
[M::mem_pestat] low and high boundaries for computing mean and std.dev: (433, 603)
[M::mem_pestat] mean and std.dev: (526.04, 24.63)
[M::mem_pestat] low and high boundaries for proper pairs: (399, 637)
[M::mem_pestat] skip orientation RF as there are not enough pairs
[M::mem_pestat] skip orientation RR as there are not enough pairs
[M::mem_process_seqs] Processed 266668 reads in 151.997 CPU sec, 38.078 real sec
[M::process] read 266668 sequences (40000200 bp)...
[M::mem_pestat] # candidate unique pairs for (FF, FR, RF, RR): (6, 3285, 2, 2)
[M::mem_pestat] skip orientation FF as there are not enough pairs
[M::mem_pestat] analyzing insert size distribution for orientation FR...
[M::mem_pestat] (25, 50, 75) percentile: (502, 515, 538)
[M::mem_pestat] low and high boundaries for computing mean and std.dev: (430, 610)
[M::mem_pestat] mean and std.dev: (528.30, 26.88)
[M::mem_pestat] low and high boundaries for proper pairs: (394, 646)
[M::mem_pestat] skip orientation RF as there are not enough pairs
[M::mem_pestat] skip orientation RR as there are not enough pairs
[M::mem_process_seqs] Processed 266668 reads in 151.956 CPU sec, 38.076 real sec
[M::process] read 266668 sequences (40000200 bp)...
[M::mem_pestat] # candidate unique pairs for (FF, FR, RF, RR): (3, 3239, 1, 3)
[M::mem_pestat] skip orientation FF as there are not enough pairs
[M::mem_pestat] analyzing insert size distribution for orientation FR...
[M::mem_pestat] (25, 50, 75) percentile: (501, 514, 537)
[M::mem_pestat] low and high boundaries for computing mean and std.dev: (429, 609)
[M::mem_pestat] mean and std.dev: (526.91, 26.25)
[M::mem_pestat] low and high boundaries for proper pairs: (393, 645)
[M::mem_pestat] skip orientation RF as there are not enough pairs
[M::mem_pestat] skip orientation RR as there are not enough pairs
[M::mem_process_seqs] Processed 266668 reads in 157.301 CPU sec, 39.409 real sec
[M::process] read 266668 sequences (40000200 bp)...
[M::mem_pestat] # candidate unique pairs for (FF, FR, RF, RR): (2, 3283, 0, 6)
[M::mem_pestat] skip orientation FF as there are not enough pairs
[M::mem_pestat] analyzing insert size distribution for orientation FR...
[M::mem_pestat] (25, 50, 75) percentile: (502, 515, 537)
[M::mem_pestat] low and high boundaries for computing mean and std.dev: (432, 607)
[M::mem_pestat] mean and std.dev: (526.60, 25.06)
[M::mem_pestat] low and high boundaries for proper pairs: (397, 642)
[M::mem_pestat] skip orientation RF as there are not enough pairs
[M::mem_pestat] skip orientation RR as there are not enough pairs
[M::mem_process_seqs] Processed 266668 reads in 154.813 CPU sec, 38.772 real sec
[M::process] read 266668 sequences (40000200 bp)...
[M::mem_pestat] # candidate unique pairs for (FF, FR, RF, RR): (3, 3286, 2, 4)
[M::mem_pestat] skip orientation FF as there are not enough pairs
[M::mem_pestat] analyzing insert size distribution for orientation FR...
[M::mem_pestat] (25, 50, 75) percentile: (501, 514, 537)
[M::mem_pestat] low and high boundaries for computing mean and std.dev: (429, 609)
[M::mem_pestat] mean and std.dev: (527.36, 26.35)
[M::mem_pestat] low and high boundaries for proper pairs: (393, 645)
[M::mem_pestat] skip orientation RF as there are not enough pairs
[M::mem_pestat] skip orientation RR as there are not enough pairs
[M::mem_process_seqs] Processed 266668 reads in 155.658 CPU sec, 39.007 real sec
[M::process] read 266668 sequences (40000200 bp)...
[M::mem_pestat] # candidate unique pairs for (FF, FR, RF, RR): (2, 3253, 3, 5)
[M::mem_pestat] skip orientation FF as there are not enough pairs
[M::mem_pestat] analyzing insert size distribution for orientation FR...
[M::mem_pestat] (25, 50, 75) percentile: (501, 514, 539)
[M::mem_pestat] low and high boundaries for computing mean and std.dev: (425, 615)
[M::mem_pestat] mean and std.dev: (528.11, 27.60)
[M::mem_pestat] low and high boundaries for proper pairs: (387, 653)
[M::mem_pestat] skip orientation RF as there are not enough pairs
[M::mem_pestat] skip orientation RR as there are not enough pairs
[M::mem_process_seqs] Processed 266668 reads in 154.136 CPU sec, 38.588 real sec
[M::process] read 266668 sequences (40000200 bp)...
[M::mem_pestat] # candidate unique pairs for (FF, FR, RF, RR): (5, 3243, 2, 3)
[M::mem_pestat] skip orientation FF as there are not enough pairs
[M::mem_pestat] analyzing insert size distribution for orientation FR...
[M::mem_pestat] (25, 50, 75) percentile: (501, 514, 536)
[M::mem_pestat] low and high boundaries for computing mean and std.dev: (431, 606)
[M::mem_pestat] mean and std.dev: (526.42, 25.28)
[M::mem_pestat] low and high boundaries for proper pairs: (396, 641)
[M::mem_pestat] skip orientation RF as there are not enough pairs
[M::mem_pestat] skip orientation RR as there are not enough pairs
[M::mem_process_seqs] Processed 266668 reads in 159.687 CPU sec, 39.986 real sec
[M::process] read 266668 sequences (40000200 bp)...
[M::mem_pestat] # candidate unique pairs for (FF, FR, RF, RR): (5, 3260, 4, 3)
[M::mem_pestat] skip orientation FF as there are not enough pairs
[M::mem_pestat] analyzing insert size distribution for orientation FR...
[M::mem_pestat] (25, 50, 75) percentile: (501, 514, 536)
[M::mem_pestat] low and high boundaries for computing mean and std.dev: (431, 606)
[M::mem_pestat] mean and std.dev: (526.35, 25.36)
[M::mem_pestat] low and high boundaries for proper pairs: (396, 641)
[M::mem_pestat] skip orientation RF as there are not enough pairs
[M::mem_pestat] skip orientation RR as there are not enough pairs
[M::mem_process_seqs] Processed 266668 reads in 150.834 CPU sec, 37.785 real sec
[M::process] read 266668 sequences (40000200 bp)...
[M::mem_pestat] # candidate unique pairs for (FF, FR, RF, RR): (2, 3227, 0, 3)
[M::mem_pestat] skip orientation FF as there are not enough pairs
[M::mem_pestat] analyzing insert size distribution for orientation FR...
[M::mem_pestat] (25, 50, 75) percentile: (501, 515, 538)
[M::mem_pestat] low and high boundaries for computing mean and std.dev: (427, 612)
[M::mem_pestat] mean and std.dev: (528.13, 26.38)
[M::mem_pestat] low and high boundaries for proper pairs: (390, 649)
[M::mem_pestat] skip orientation RF as there are not enough pairs
[M::mem_pestat] skip orientation RR as there are not enough pairs
[M::mem_process_seqs] Processed 266668 reads in 157.854 CPU sec, 39.527 real sec
[M::process] read 266668 sequences (40000200 bp)...
[M::mem_pestat] # candidate unique pairs for (FF, FR, RF, RR): (5, 3336, 2, 4)
[M::mem_pestat] skip orientation FF as there are not enough pairs
[M::mem_pestat] analyzing insert size distribution for orientation FR...
[M::mem_pestat] (25, 50, 75) percentile: (501, 513, 535)
[M::mem_pestat] low and high boundaries for computing mean and std.dev: (433, 603)
[M::mem_pestat] mean and std.dev: (525.84, 24.59)
[M::mem_pestat] low and high boundaries for proper pairs: (399, 637)
[M::mem_pestat] skip orientation RF as there are not enough pairs
[M::mem_pestat] skip orientation RR as there are not enough pairs
[M::mem_process_seqs] Processed 266668 reads in 151.138 CPU sec, 37.845 real sec
[M::process] read 266668 sequences (40000200 bp)...
[M::mem_pestat] # candidate unique pairs for (FF, FR, RF, RR): (1, 3315, 1, 5)
[M::mem_pestat] skip orientation FF as there are not enough pairs
[M::mem_pestat] analyzing insert size distribution for orientation FR...
[M::mem_pestat] (25, 50, 75) percentile: (501, 514, 536)
[M::mem_pestat] low and high boundaries for computing mean and std.dev: (431, 606)
[M::mem_pestat] mean and std.dev: (526.21, 25.20)
[M::mem_pestat] low and high boundaries for proper pairs: (396, 641)
[M::mem_pestat] skip orientation RF as there are not enough pairs
[M::mem_pestat] skip orientation RR as there are not enough pairs
[M::mem_process_seqs] Processed 266668 reads in 157.008 CPU sec, 39.335 real sec
[M::process] read 266668 sequences (40000200 bp)...
[M::mem_pestat] # candidate unique pairs for (FF, FR, RF, RR): (4, 3286, 0, 6)
[M::mem_pestat] skip orientation FF as there are not enough pairs
[M::mem_pestat] analyzing insert size distribution for orientation FR...
[M::mem_pestat] (25, 50, 75) percentile: (501, 514, 536)
[M::mem_pestat] low and high boundaries for computing mean and std.dev: (431, 606)
[M::mem_pestat] mean and std.dev: (526.02, 25.19)
[M::mem_pestat] low and high boundaries for proper pairs: (396, 641)
[M::mem_pestat] skip orientation RF as there are not enough pairs
[M::mem_pestat] skip orientation RR as there are not enough pairs
[M::mem_process_seqs] Processed 266668 reads in 153.156 CPU sec, 38.391 real sec
[M::process] read 266668 sequences (40000200 bp)...
[M::mem_pestat] # candidate unique pairs for (FF, FR, RF, RR): (4, 3235, 1, 3)
[M::mem_pestat] skip orientation FF as there are not enough pairs
[M::mem_pestat] analyzing insert size distribution for orientation FR...
[M::mem_pestat] (25, 50, 75) percentile: (502, 515, 538)
[M::mem_pestat] low and high boundaries for computing mean and std.dev: (430, 610)
[M::mem_pestat] mean and std.dev: (528.23, 26.70)
[M::mem_pestat] low and high boundaries for proper pairs: (394, 646)
[M::mem_pestat] skip orientation RF as there are not enough pairs
[M::mem_pestat] skip orientation RR as there are not enough pairs
[M::mem_process_seqs] Processed 266668 reads in 155.943 CPU sec, 39.073 real sec
[M::process] read 266668 sequences (40000200 bp)...
[M::mem_pestat] # candidate unique pairs for (FF, FR, RF, RR): (4, 3240, 1, 5)
[M::mem_pestat] skip orientation FF as there are not enough pairs
[M::mem_pestat] analyzing insert size distribution for orientation FR...
[M::mem_pestat] (25, 50, 75) percentile: (501, 514, 537)
[M::mem_pestat] low and high boundaries for computing mean and std.dev: (429, 609)
[M::mem_pestat] mean and std.dev: (526.94, 26.50)
[M::mem_pestat] low and high boundaries for proper pairs: (393, 645)
[M::mem_pestat] skip orientation RF as there are not enough pairs
[M::mem_pestat] skip orientation RR as there are not enough pairs
[M::mem_process_seqs] Processed 266668 reads in 152.768 CPU sec, 38.266 real sec
[M::process] read 266668 sequences (40000200 bp)...
[M::mem_pestat] # candidate unique pairs for (FF, FR, RF, RR): (3, 3275, 0, 2)
[M::mem_pestat] skip orientation FF as there are not enough pairs
[M::mem_pestat] analyzing insert size distribution for orientation FR...
[M::mem_pestat] (25, 50, 75) percentile: (501, 514, 537)
[M::mem_pestat] low and high boundaries for computing mean and std.dev: (429, 609)
[M::mem_pestat] mean and std.dev: (526.90, 26.36)
[M::mem_pestat] low and high boundaries for proper pairs: (393, 645)
[M::mem_pestat] skip orientation RF as there are not enough pairs
[M::mem_pestat] skip orientation RR as there are not enough pairs
[M::mem_process_seqs] Processed 266668 reads in 152.209 CPU sec, 38.123 real sec
[M::process] read 266668 sequences (40000200 bp)...
[M::mem_pestat] # candidate unique pairs for (FF, FR, RF, RR): (3, 3275, 1, 6)
[M::mem_pestat] skip orientation FF as there are not enough pairs
[M::mem_pestat] analyzing insert size distribution for orientation FR...
[M::mem_pestat] (25, 50, 75) percentile: (501, 513, 537)
[M::mem_pestat] low and high boundaries for computing mean and std.dev: (429, 609)
[M::mem_pestat] mean and std.dev: (526.78, 26.10)
[M::mem_pestat] low and high boundaries for proper pairs: (393, 645)
[M::mem_pestat] skip orientation RF as there are not enough pairs
[M::mem_pestat] skip orientation RR as there are not enough pairs
[M::mem_process_seqs] Processed 266668 reads in 155.858 CPU sec, 39.041 real sec
[M::process] read 266668 sequences (40000200 bp)...
[M::mem_pestat] # candidate unique pairs for (FF, FR, RF, RR): (6, 3269, 2, 6)
[M::mem_pestat] skip orientation FF as there are not enough pairs
[M::mem_pestat] analyzing insert size distribution for orientation FR...
[M::mem_pestat] (25, 50, 75) percentile: (501, 514, 537)
[M::mem_pestat] low and high boundaries for computing mean and std.dev: (429, 609)
[M::mem_pestat] mean and std.dev: (527.12, 26.44)
[M::mem_pestat] low and high boundaries for proper pairs: (393, 645)
[M::mem_pestat] skip orientation RF as there are not enough pairs
[M::mem_pestat] skip orientation RR as there are not enough pairs
[M::mem_process_seqs] Processed 266668 reads in 152.984 CPU sec, 38.309 real sec
[M::process] read 266668 sequences (40000200 bp)...
[M::mem_pestat] # candidate unique pairs for (FF, FR, RF, RR): (5, 3302, 3, 5)
[M::mem_pestat] skip orientation FF as there are not enough pairs
[M::mem_pestat] analyzing insert size distribution for orientation FR...
[M::mem_pestat] (25, 50, 75) percentile: (501, 514, 537)
[M::mem_pestat] low and high boundaries for computing mean and std.dev: (429, 609)
[M::mem_pestat] mean and std.dev: (526.02, 26.35)
[M::mem_pestat] low and high boundaries for proper pairs: (393, 645)
[M::mem_pestat] skip orientation RF as there are not enough pairs
[M::mem_pestat] skip orientation RR as there are not enough pairs
[M::mem_process_seqs] Processed 266668 reads in 155.304 CPU sec, 38.905 real sec
[M::process] read 266668 sequences (40000200 bp)...
[M::mem_pestat] # candidate unique pairs for (FF, FR, RF, RR): (1, 3209, 1, 3)
[M::mem_pestat] skip orientation FF as there are not enough pairs
[M::mem_pestat] analyzing insert size distribution for orientation FR...
[M::mem_pestat] (25, 50, 75) percentile: (501, 514, 537)
[M::mem_pestat] low and high boundaries for computing mean and std.dev: (429, 609)
[M::mem_pestat] mean and std.dev: (526.84, 26.11)
[M::mem_pestat] low and high boundaries for proper pairs: (393, 645)
[M::mem_pestat] skip orientation RF as there are not enough pairs
[M::mem_pestat] skip orientation RR as there are not enough pairs
[M::mem_process_seqs] Processed 266668 reads in 153.038 CPU sec, 38.415 real sec
[M::process] read 266668 sequences (40000200 bp)...
[M::mem_pestat] # candidate unique pairs for (FF, FR, RF, RR): (6, 3308, 1, 3)
[M::mem_pestat] skip orientation FF as there are not enough pairs
[M::mem_pestat] analyzing insert size distribution for orientation FR...
[M::mem_pestat] (25, 50, 75) percentile: (502, 515, 539)
[M::mem_pestat] low and high boundaries for computing mean and std.dev: (428, 613)
[M::mem_pestat] mean and std.dev: (528.01, 26.76)
[M::mem_pestat] low and high boundaries for proper pairs: (391, 650)
[M::mem_pestat] skip orientation RF as there are not enough pairs
[M::mem_pestat] skip orientation RR as there are not enough pairs
[M::mem_process_seqs] Processed 266668 reads in 154.196 CPU sec, 38.622 real sec
[M::process] read 266668 sequences (40000200 bp)...
[M::mem_pestat] # candidate unique pairs for (FF, FR, RF, RR): (13, 3253, 0, 4)
[M::mem_pestat] analyzing insert size distribution for orientation FF...
[M::mem_pestat] (25, 50, 75) percentile: (197, 230, 325)
[M::mem_pestat] low and high boundaries for computing mean and std.dev: (1, 581)
[M::mem_pestat] mean and std.dev: (238.67, 73.84)
[M::mem_pestat] low and high boundaries for proper pairs: (1, 709)
[M::mem_pestat] analyzing insert size distribution for orientation FR...
[M::mem_pestat] (25, 50, 75) percentile: (501, 514, 536)
[M::mem_pestat] low and high boundaries for computing mean and std.dev: (431, 606)
[M::mem_pestat] mean and std.dev: (526.16, 25.20)
[M::mem_pestat] low and high boundaries for proper pairs: (396, 641)
[M::mem_pestat] skip orientation RF as there are not enough pairs
[M::mem_pestat] skip orientation RR as there are not enough pairs
[M::mem_pestat] skip orientation FF
[M::mem_process_seqs] Processed 266668 reads in 152.381 CPU sec, 38.184 real sec
[M::process] read 266668 sequences (40000200 bp)...
[M::mem_pestat] # candidate unique pairs for (FF, FR, RF, RR): (3, 3272, 1, 2)
[M::mem_pestat] skip orientation FF as there are not enough pairs
[M::mem_pestat] analyzing insert size distribution for orientation FR...
[M::mem_pestat] (25, 50, 75) percentile: (502, 515, 538)
[M::mem_pestat] low and high boundaries for computing mean and std.dev: (430, 610)
[M::mem_pestat] mean and std.dev: (527.41, 26.21)
[M::mem_pestat] low and high boundaries for proper pairs: (394, 646)
[M::mem_pestat] skip orientation RF as there are not enough pairs
[M::mem_pestat] skip orientation RR as there are not enough pairs
[M::mem_process_seqs] Processed 266668 reads in 153.733 CPU sec, 38.512 real sec
[M::process] read 266668 sequences (40000200 bp)...
[M::mem_pestat] # candidate unique pairs for (FF, FR, RF, RR): (0, 3177, 0, 3)
[M::mem_pestat] skip orientation FF as there are not enough pairs
[M::mem_pestat] analyzing insert size distribution for orientation FR...
[M::mem_pestat] (25, 50, 75) percentile: (502, 515, 538)
[M::mem_pestat] low and high boundaries for computing mean and std.dev: (430, 610)
[M::mem_pestat] mean and std.dev: (527.30, 25.53)
[M::mem_pestat] low and high boundaries for proper pairs: (394, 646)
[M::mem_pestat] skip orientation RF as there are not enough pairs
[M::mem_pestat] skip orientation RR as there are not enough pairs
[M::mem_process_seqs] Processed 266668 reads in 149.998 CPU sec, 37.564 real sec
[M::process] read 266668 sequences (40000200 bp)...
[M::mem_pestat] # candidate unique pairs for (FF, FR, RF, RR): (1, 3348, 4, 2)
[M::mem_pestat] skip orientation FF as there are not enough pairs
[M::mem_pestat] analyzing insert size distribution for orientation FR...
[M::mem_pestat] (25, 50, 75) percentile: (501, 515, 536)
[M::mem_pestat] low and high boundaries for computing mean and std.dev: (431, 606)
[M::mem_pestat] mean and std.dev: (526.68, 25.71)
[M::mem_pestat] low and high boundaries for proper pairs: (396, 641)
[M::mem_pestat] skip orientation RF as there are not enough pairs
[M::mem_pestat] skip orientation RR as there are not enough pairs
[M::mem_process_seqs] Processed 266668 reads in 158.236 CPU sec, 39.622 real sec
[M::process] read 266668 sequences (40000200 bp)...
[M::mem_pestat] # candidate unique pairs for (FF, FR, RF, RR): (3, 3327, 0, 1)
[M::mem_pestat] skip orientation FF as there are not enough pairs
[M::mem_pestat] analyzing insert size distribution for orientation FR...
[M::mem_pestat] (25, 50, 75) percentile: (502, 515, 538)
[M::mem_pestat] low and high boundaries for computing mean and std.dev: (430, 610)
[M::mem_pestat] mean and std.dev: (527.24, 25.45)
[M::mem_pestat] low and high boundaries for proper pairs: (394, 646)
[M::mem_pestat] skip orientation RF as there are not enough pairs
[M::mem_pestat] skip orientation RR as there are not enough pairs
[M::mem_process_seqs] Processed 266668 reads in 153.158 CPU sec, 38.380 real sec
[M::process] read 266668 sequences (40000200 bp)...
[M::mem_pestat] # candidate unique pairs for (FF, FR, RF, RR): (4, 3318, 0, 5)
[M::mem_pestat] skip orientation FF as there are not enough pairs
[M::mem_pestat] analyzing insert size distribution for orientation FR...
[M::mem_pestat] (25, 50, 75) percentile: (501, 514, 536)
[M::mem_pestat] low and high boundaries for computing mean and std.dev: (431, 606)
[M::mem_pestat] mean and std.dev: (526.49, 25.39)
[M::mem_pestat] low and high boundaries for proper pairs: (396, 641)
[M::mem_pestat] skip orientation RF as there are not enough pairs
[M::mem_pestat] skip orientation RR as there are not enough pairs
[M::mem_process_seqs] Processed 266668 reads in 156.175 CPU sec, 39.108 real sec
[M::process] read 266668 sequences (40000200 bp)...
[M::mem_pestat] # candidate unique pairs for (FF, FR, RF, RR): (0, 3269, 3, 1)
[M::mem_pestat] skip orientation FF as there are not enough pairs
[M::mem_pestat] analyzing insert size distribution for orientation FR...
[M::mem_pestat] (25, 50, 75) percentile: (501, 515, 538)
[M::mem_pestat] low and high boundaries for computing mean and std.dev: (427, 612)
[M::mem_pestat] mean and std.dev: (527.19, 26.65)
[M::mem_pestat] low and high boundaries for proper pairs: (390, 649)
[M::mem_pestat] skip orientation RF as there are not enough pairs
[M::mem_pestat] skip orientation RR as there are not enough pairs
[M::mem_process_seqs] Processed 266668 reads in 151.913 CPU sec, 38.068 real sec
[M::process] read 266668 sequences (40000200 bp)...
[M::mem_pestat] # candidate unique pairs for (FF, FR, RF, RR): (0, 3204, 0, 5)
[M::mem_pestat] skip orientation FF as there are not enough pairs
[M::mem_pestat] analyzing insert size distribution for orientation FR...
[M::mem_pestat] (25, 50, 75) percentile: (501, 514, 536)
[M::mem_pestat] low and high boundaries for computing mean and std.dev: (431, 606)
[M::mem_pestat] mean and std.dev: (526.30, 25.25)
[M::mem_pestat] low and high boundaries for proper pairs: (396, 641)
[M::mem_pestat] skip orientation RF as there are not enough pairs
[M::mem_pestat] skip orientation RR as there are not enough pairs
[M::mem_process_seqs] Processed 266668 reads in 156.656 CPU sec, 39.272 real sec
[M::process] read 266668 sequences (40000200 bp)...
[M::mem_pestat] # candidate unique pairs for (FF, FR, RF, RR): (2, 3380, 2, 4)
[M::mem_pestat] skip orientation FF as there are not enough pairs
[M::mem_pestat] analyzing insert size distribution for orientation FR...
[M::mem_pestat] (25, 50, 75) percentile: (501, 514, 537)
[M::mem_pestat] low and high boundaries for computing mean and std.dev: (429, 609)
[M::mem_pestat] mean and std.dev: (526.67, 25.87)
[M::mem_pestat] low and high boundaries for proper pairs: (393, 645)
[M::mem_pestat] skip orientation RF as there are not enough pairs
[M::mem_pestat] skip orientation RR as there are not enough pairs
[M::mem_process_seqs] Processed 266668 reads in 150.567 CPU sec, 37.725 real sec
[M::process] read 266668 sequences (40000200 bp)...
[M::mem_pestat] # candidate unique pairs for (FF, FR, RF, RR): (3, 3242, 7, 5)
[M::mem_pestat] skip orientation FF as there are not enough pairs
[M::mem_pestat] analyzing insert size distribution for orientation FR...
[M::mem_pestat] (25, 50, 75) percentile: (501, 514, 537)
[M::mem_pestat] low and high boundaries for computing mean and std.dev: (429, 609)
[M::mem_pestat] mean and std.dev: (526.50, 26.03)
[M::mem_pestat] low and high boundaries for proper pairs: (393, 645)
[M::mem_pestat] skip orientation RF as there are not enough pairs
[M::mem_pestat] skip orientation RR as there are not enough pairs
[M::mem_process_seqs] Processed 266668 reads in 154.388 CPU sec, 38.674 real sec
[M::process] read 266668 sequences (40000200 bp)...
[M::mem_pestat] # candidate unique pairs for (FF, FR, RF, RR): (4, 3240, 2, 1)
[M::mem_pestat] skip orientation FF as there are not enough pairs
[M::mem_pestat] analyzing insert size distribution for orientation FR...
[M::mem_pestat] (25, 50, 75) percentile: (501, 515, 537)
[M::mem_pestat] low and high boundaries for computing mean and std.dev: (429, 609)
[M::mem_pestat] mean and std.dev: (526.64, 26.10)
[M::mem_pestat] low and high boundaries for proper pairs: (393, 645)
[M::mem_pestat] skip orientation RF as there are not enough pairs
[M::mem_pestat] skip orientation RR as there are not enough pairs
[M::mem_process_seqs] Processed 266668 reads in 150.473 CPU sec, 37.696 real sec
[M::process] read 266668 sequences (40000200 bp)...
[M::mem_pestat] # candidate unique pairs for (FF, FR, RF, RR): (6, 3331, 4, 6)
[M::mem_pestat] skip orientation FF as there are not enough pairs
[M::mem_pestat] analyzing insert size distribution for orientation FR...
[M::mem_pestat] (25, 50, 75) percentile: (501, 514, 537)
[M::mem_pestat] low and high boundaries for computing mean and std.dev: (429, 609)
[M::mem_pestat] mean and std.dev: (527.23, 25.85)
[M::mem_pestat] low and high boundaries for proper pairs: (393, 645)
[M::mem_pestat] skip orientation RF as there are not enough pairs
[M::mem_pestat] skip orientation RR as there are not enough pairs
[M::mem_process_seqs] Processed 266668 reads in 154.988 CPU sec, 38.821 real sec
[M::process] read 266668 sequences (40000200 bp)...
[M::mem_pestat] # candidate unique pairs for (FF, FR, RF, RR): (6, 3263, 2, 5)
[M::mem_pestat] skip orientation FF as there are not enough pairs
[M::mem_pestat] analyzing insert size distribution for orientation FR...
[M::mem_pestat] (25, 50, 75) percentile: (501, 514, 536)
[M::mem_pestat] low and high boundaries for computing mean and std.dev: (431, 606)
[M::mem_pestat] mean and std.dev: (526.42, 25.16)
[M::mem_pestat] low and high boundaries for proper pairs: (396, 641)
[M::mem_pestat] skip orientation RF as there are not enough pairs
[M::mem_pestat] skip orientation RR as there are not enough pairs
[M::mem_process_seqs] Processed 266668 reads in 150.757 CPU sec, 37.761 real sec
[M::process] read 266668 sequences (40000200 bp)...
[M::mem_pestat] # candidate unique pairs for (FF, FR, RF, RR): (4, 3321, 2, 5)
[M::mem_pestat] skip orientation FF as there are not enough pairs
[M::mem_pestat] analyzing insert size distribution for orientation FR...
[M::mem_pestat] (25, 50, 75) percentile: (501, 513, 535)
[M::mem_pestat] low and high boundaries for computing mean and std.dev: (433, 603)
[M::mem_pestat] mean and std.dev: (526.40, 25.20)
[M::mem_pestat] low and high boundaries for proper pairs: (399, 637)
[M::mem_pestat] skip orientation RF as there are not enough pairs
[M::mem_pestat] skip orientation RR as there are not enough pairs
[M::mem_process_seqs] Processed 266668 reads in 154.173 CPU sec, 38.615 real sec
[M::process] read 266668 sequences (40000200 bp)...
[M::mem_pestat] # candidate unique pairs for (FF, FR, RF, RR): (3, 3332, 1, 6)
[M::mem_pestat] skip orientation FF as there are not enough pairs
[M::mem_pestat] analyzing insert size distribution for orientation FR...
[M::mem_pestat] (25, 50, 75) percentile: (501, 515, 536)
[M::mem_pestat] low and high boundaries for computing mean and std.dev: (431, 606)
[M::mem_pestat] mean and std.dev: (526.86, 24.99)
[M::mem_pestat] low and high boundaries for proper pairs: (396, 641)
[M::mem_pestat] skip orientation RF as there are not enough pairs
[M::mem_pestat] skip orientation RR as there are not enough pairs
[M::mem_process_seqs] Processed 266668 reads in 152.468 CPU sec, 38.190 real sec
[M::process] read 266668 sequences (40000200 bp)...
[M::mem_pestat] # candidate unique pairs for (FF, FR, RF, RR): (5, 3356, 1, 5)
[M::mem_pestat] skip orientation FF as there are not enough pairs
[M::mem_pestat] analyzing insert size distribution for orientation FR...
[M::mem_pestat] (25, 50, 75) percentile: (501, 514, 536)
[M::mem_pestat] low and high boundaries for computing mean and std.dev: (431, 606)
[M::mem_pestat] mean and std.dev: (526.18, 25.41)
[M::mem_pestat] low and high boundaries for proper pairs: (396, 641)
[M::mem_pestat] skip orientation RF as there are not enough pairs
[M::mem_pestat] skip orientation RR as there are not enough pairs
[M::mem_process_seqs] Processed 266668 reads in 154.051 CPU sec, 38.572 real sec
[M::process] read 266668 sequences (40000200 bp)...
[M::mem_pestat] # candidate unique pairs for (FF, FR, RF, RR): (0, 3311, 3, 4)
[M::mem_pestat] skip orientation FF as there are not enough pairs
[M::mem_pestat] analyzing insert size distribution for orientation FR...
[M::mem_pestat] (25, 50, 75) percentile: (501, 515, 538)
[M::mem_pestat] low and high boundaries for computing mean and std.dev: (427, 612)
[M::mem_pestat] mean and std.dev: (527.52, 27.41)
[M::mem_pestat] low and high boundaries for proper pairs: (390, 649)
[M::mem_pestat] skip orientation RF as there are not enough pairs
[M::mem_pestat] skip orientation RR as there are not enough pairs
[M::mem_process_seqs] Processed 266668 reads in 155.340 CPU sec, 38.901 real sec
[M::process] read 266668 sequences (40000200 bp)...
[M::mem_pestat] # candidate unique pairs for (FF, FR, RF, RR): (2, 3301, 1, 4)
[M::mem_pestat] skip orientation FF as there are not enough pairs
[M::mem_pestat] analyzing insert size distribution for orientation FR...
[M::mem_pestat] (25, 50, 75) percentile: (502, 515, 537)
[M::mem_pestat] low and high boundaries for computing mean and std.dev: (432, 607)
[M::mem_pestat] mean and std.dev: (526.23, 24.97)
[M::mem_pestat] low and high boundaries for proper pairs: (397, 642)
[M::mem_pestat] skip orientation RF as there are not enough pairs
[M::mem_pestat] skip orientation RR as there are not enough pairs
[M::mem_process_seqs] Processed 266668 reads in 153.767 CPU sec, 38.506 real sec
[M::process] read 266668 sequences (40000200 bp)...
[M::mem_pestat] # candidate unique pairs for (FF, FR, RF, RR): (5, 3442, 1, 1)
[M::mem_pestat] skip orientation FF as there are not enough pairs
[M::mem_pestat] analyzing insert size distribution for orientation FR...
[M::mem_pestat] (25, 50, 75) percentile: (501, 514, 536)
[M::mem_pestat] low and high boundaries for computing mean and std.dev: (431, 606)
[M::mem_pestat] mean and std.dev: (525.76, 24.26)
[M::mem_pestat] low and high boundaries for proper pairs: (396, 641)
[M::mem_pestat] skip orientation RF as there are not enough pairs
[M::mem_pestat] skip orientation RR as there are not enough pairs
[M::mem_process_seqs] Processed 266668 reads in 158.563 CPU sec, 39.708 real sec
[M::process] read 172798 sequences (25919700 bp)...
[M::mem_pestat] # candidate unique pairs for (FF, FR, RF, RR): (3, 3292, 0, 7)
[M::mem_pestat] skip orientation FF as there are not enough pairs
[M::mem_pestat] analyzing insert size distribution for orientation FR...
[M::mem_pestat] (25, 50, 75) percentile: (501, 515, 537)
[M::mem_pestat] low and high boundaries for computing mean and std.dev: (429, 609)
[M::mem_pestat] mean and std.dev: (527.00, 26.17)
[M::mem_pestat] low and high boundaries for proper pairs: (393, 645)
[M::mem_pestat] skip orientation RF as there are not enough pairs
[M::mem_pestat] skip orientation RR as there are not enough pairs
[M::mem_process_seqs] Processed 266668 reads in 153.856 CPU sec, 38.563 real sec
[M::mem_pestat] # candidate unique pairs for (FF, FR, RF, RR): (0, 2122, 1, 2)
[M::mem_pestat] skip orientation FF as there are not enough pairs
[M::mem_pestat] analyzing insert size distribution for orientation FR...
[M::mem_pestat] (25, 50, 75) percentile: (501, 515, 536)
[M::mem_pestat] low and high boundaries for computing mean and std.dev: (431, 606)
[M::mem_pestat] mean and std.dev: (526.88, 25.57)
[M::mem_pestat] low and high boundaries for proper pairs: (396, 641)
[M::mem_pestat] skip orientation RF as there are not enough pairs
[M::mem_pestat] skip orientation RR as there are not enough pairs
[M::mem_process_seqs] Processed 172798 reads in 100.670 CPU sec, 25.210 real sec
[main] Version: 0.7.17-r1188
[main] CMD: bwa mem -t 4 -a /mnt/raid6/bacphagenetwork/data/bwa_index/chm13v2.0_noY.fa /mnt/raid6/bacphagenetwork/data/skin_metagenome/Guangzhou/02_rm_host/217_1.fastq.gz /mnt/raid6/bacphagenetwork/data/skin_metagenome/Guangzhou/02_rm_host/217_2.fastq.gz
[main] Real time: 2790.809 sec; CPU: 11081.792 sec
