/home/bacphagenetwork/.bashrc: line 15: Custom: command not found
[M::bwa_idx_load_from_disk] read 0 ALT contigs
[M::process] read 266668 sequences (40000200 bp)...
[M::process] read 266668 sequences (40000200 bp)...
[M::mem_pestat] # candidate unique pairs for (FF, FR, RF, RR): (37, 6478, 6, 16)
[M::mem_pestat] analyzing insert size distribution for orientation FF...
[M::mem_pestat] (25, 50, 75) percentile: (117, 147, 243)
[M::mem_pestat] low and high boundaries for computing mean and std.dev: (1, 495)
[M::mem_pestat] mean and std.dev: (152.03, 58.92)
[M::mem_pestat] low and high boundaries for proper pairs: (1, 621)
[M::mem_pestat] analyzing insert size distribution for orientation FR...
[M::mem_pestat] (25, 50, 75) percentile: (420, 515, 542)
[M::mem_pestat] low and high boundaries for computing mean and std.dev: (176, 786)
[M::mem_pestat] mean and std.dev: (490.39, 107.79)
[M::mem_pestat] low and high boundaries for proper pairs: (54, 922)
[M::mem_pestat] skip orientation RF as there are not enough pairs
[M::mem_pestat] analyzing insert size distribution for orientation RR...
[M::mem_pestat] (25, 50, 75) percentile: (139, 235, 920)
[M::mem_pestat] low and high boundaries for computing mean and std.dev: (1, 2482)
[M::mem_pestat] mean and std.dev: (436.47, 579.18)
[M::mem_pestat] low and high boundaries for proper pairs: (1, 3263)
[M::mem_pestat] skip orientation FF
[M::mem_pestat] skip orientation RR
[M::mem_process_seqs] Processed 266668 reads in 260.158 CPU sec, 65.270 real sec
[M::process] read 266668 sequences (40000200 bp)...
[M::mem_pestat] # candidate unique pairs for (FF, FR, RF, RR): (39, 6541, 2, 18)
[M::mem_pestat] analyzing insert size distribution for orientation FF...
[M::mem_pestat] (25, 50, 75) percentile: (102, 146, 211)
[M::mem_pestat] low and high boundaries for computing mean and std.dev: (1, 429)
[M::mem_pestat] mean and std.dev: (150.61, 73.65)
[M::mem_pestat] low and high boundaries for proper pairs: (1, 538)
[M::mem_pestat] analyzing insert size distribution for orientation FR...
[M::mem_pestat] (25, 50, 75) percentile: (500, 518, 546)
[M::mem_pestat] low and high boundaries for computing mean and std.dev: (408, 638)
[M::mem_pestat] mean and std.dev: (534.56, 33.69)
[M::mem_pestat] low and high boundaries for proper pairs: (362, 684)
[M::mem_pestat] skip orientation RF as there are not enough pairs
[M::mem_pestat] analyzing insert size distribution for orientation RR...
[M::mem_pestat] (25, 50, 75) percentile: (119, 282, 959)
[M::mem_pestat] low and high boundaries for computing mean and std.dev: (1, 2639)
[M::mem_pestat] mean and std.dev: (525.56, 510.88)
[M::mem_pestat] low and high boundaries for proper pairs: (1, 3479)
[M::mem_pestat] skip orientation FF
[M::mem_pestat] skip orientation RR
[M::mem_process_seqs] Processed 266668 reads in 214.439 CPU sec, 53.767 real sec
[M::process] read 266668 sequences (40000200 bp)...
[M::mem_pestat] # candidate unique pairs for (FF, FR, RF, RR): (54, 6534, 4, 14)
[M::mem_pestat] analyzing insert size distribution for orientation FF...
[M::mem_pestat] (25, 50, 75) percentile: (100, 153, 206)
[M::mem_pestat] low and high boundaries for computing mean and std.dev: (1, 418)
[M::mem_pestat] mean and std.dev: (142.94, 69.29)
[M::mem_pestat] low and high boundaries for proper pairs: (1, 524)
[M::mem_pestat] analyzing insert size distribution for orientation FR...
[M::mem_pestat] (25, 50, 75) percentile: (500, 516, 544)
[M::mem_pestat] low and high boundaries for computing mean and std.dev: (412, 632)
[M::mem_pestat] mean and std.dev: (533.25, 32.56)
[M::mem_pestat] low and high boundaries for proper pairs: (368, 676)
[M::mem_pestat] skip orientation RF as there are not enough pairs
[M::mem_pestat] analyzing insert size distribution for orientation RR...
[M::mem_pestat] (25, 50, 75) percentile: (136, 226, 389)
[M::mem_pestat] low and high boundaries for computing mean and std.dev: (1, 895)
[M::mem_pestat] mean and std.dev: (241.08, 189.61)
[M::mem_pestat] low and high boundaries for proper pairs: (1, 1148)
[M::mem_pestat] skip orientation FF
[M::mem_pestat] skip orientation RR
[M::mem_process_seqs] Processed 266668 reads in 214.400 CPU sec, 53.732 real sec
[M::process] read 266668 sequences (40000200 bp)...
[M::mem_pestat] # candidate unique pairs for (FF, FR, RF, RR): (30, 6423, 1, 11)
[M::mem_pestat] analyzing insert size distribution for orientation FF...
[M::mem_pestat] (25, 50, 75) percentile: (131, 185, 250)
[M::mem_pestat] low and high boundaries for computing mean and std.dev: (1, 488)
[M::mem_pestat] mean and std.dev: (168.88, 73.04)
[M::mem_pestat] low and high boundaries for proper pairs: (1, 607)
[M::mem_pestat] analyzing insert size distribution for orientation FR...
[M::mem_pestat] (25, 50, 75) percentile: (500, 516, 543)
[M::mem_pestat] low and high boundaries for computing mean and std.dev: (414, 629)
[M::mem_pestat] mean and std.dev: (532.51, 31.70)
[M::mem_pestat] low and high boundaries for proper pairs: (371, 672)
[M::mem_pestat] skip orientation RF as there are not enough pairs
[M::mem_pestat] analyzing insert size distribution for orientation RR...
[M::mem_pestat] (25, 50, 75) percentile: (170, 182, 1247)
[M::mem_pestat] low and high boundaries for computing mean and std.dev: (1, 3401)
[M::mem_pestat] mean and std.dev: (440.00, 448.23)
[M::mem_pestat] low and high boundaries for proper pairs: (1, 4478)
[M::mem_pestat] skip orientation FF
[M::mem_pestat] skip orientation RR
[M::mem_process_seqs] Processed 266668 reads in 212.726 CPU sec, 53.365 real sec
[M::process] read 266668 sequences (40000200 bp)...
[M::mem_pestat] # candidate unique pairs for (FF, FR, RF, RR): (46, 6134, 7, 16)
[M::mem_pestat] analyzing insert size distribution for orientation FF...
[M::mem_pestat] (25, 50, 75) percentile: (88, 164, 236)
[M::mem_pestat] low and high boundaries for computing mean and std.dev: (1, 532)
[M::mem_pestat] mean and std.dev: (150.62, 82.89)
[M::mem_pestat] low and high boundaries for proper pairs: (1, 680)
[M::mem_pestat] analyzing insert size distribution for orientation FR...
[M::mem_pestat] (25, 50, 75) percentile: (381, 514, 540)
[M::mem_pestat] low and high boundaries for computing mean and std.dev: (63, 858)
[M::mem_pestat] mean and std.dev: (460.49, 137.58)
[M::mem_pestat] low and high boundaries for proper pairs: (1, 1017)
[M::mem_pestat] skip orientation RF as there are not enough pairs
[M::mem_pestat] analyzing insert size distribution for orientation RR...
[M::mem_pestat] (25, 50, 75) percentile: (178, 221, 704)
[M::mem_pestat] low and high boundaries for computing mean and std.dev: (1, 1756)
[M::mem_pestat] mean and std.dev: (362.13, 325.36)
[M::mem_pestat] low and high boundaries for proper pairs: (1, 2282)
[M::mem_pestat] skip orientation FF
[M::mem_pestat] skip orientation RR
[M::mem_process_seqs] Processed 266668 reads in 254.260 CPU sec, 63.695 real sec
[M::process] read 266668 sequences (40000200 bp)...
[M::mem_pestat] # candidate unique pairs for (FF, FR, RF, RR): (47, 5450, 3, 25)
[M::mem_pestat] analyzing insert size distribution for orientation FF...
[M::mem_pestat] (25, 50, 75) percentile: (89, 130, 218)
[M::mem_pestat] low and high boundaries for computing mean and std.dev: (1, 476)
[M::mem_pestat] mean and std.dev: (147.43, 78.43)
[M::mem_pestat] low and high boundaries for proper pairs: (1, 605)
[M::mem_pestat] analyzing insert size distribution for orientation FR...
[M::mem_pestat] (25, 50, 75) percentile: (344, 511, 534)
[M::mem_pestat] low and high boundaries for computing mean and std.dev: (1, 914)
[M::mem_pestat] mean and std.dev: (445.78, 143.34)
[M::mem_pestat] low and high boundaries for proper pairs: (1, 1104)
[M::mem_pestat] skip orientation RF as there are not enough pairs
[M::mem_pestat] analyzing insert size distribution for orientation RR...
[M::mem_pestat] (25, 50, 75) percentile: (86, 174, 1054)
[M::mem_pestat] low and high boundaries for computing mean and std.dev: (1, 2990)
[M::mem_pestat] mean and std.dev: (460.46, 527.26)
[M::mem_pestat] low and high boundaries for proper pairs: (1, 3958)
[M::mem_pestat] skip orientation FF
[M::mem_pestat] skip orientation RR
[M::mem_process_seqs] Processed 266668 reads in 269.953 CPU sec, 67.606 real sec
[M::process] read 266668 sequences (40000200 bp)...
[M::mem_pestat] # candidate unique pairs for (FF, FR, RF, RR): (43, 5668, 3, 19)
[M::mem_pestat] analyzing insert size distribution for orientation FF...
[M::mem_pestat] (25, 50, 75) percentile: (120, 172, 260)
[M::mem_pestat] low and high boundaries for computing mean and std.dev: (1, 540)
[M::mem_pestat] mean and std.dev: (168.89, 87.47)
[M::mem_pestat] low and high boundaries for proper pairs: (1, 680)
[M::mem_pestat] analyzing insert size distribution for orientation FR...
[M::mem_pestat] (25, 50, 75) percentile: (326, 508, 533)
[M::mem_pestat] low and high boundaries for computing mean and std.dev: (1, 947)
[M::mem_pestat] mean and std.dev: (435.53, 145.47)
[M::mem_pestat] low and high boundaries for proper pairs: (1, 1154)
[M::mem_pestat] skip orientation RF as there are not enough pairs
[M::mem_pestat] analyzing insert size distribution for orientation RR...
[M::mem_pestat] (25, 50, 75) percentile: (154, 252, 785)
[M::mem_pestat] low and high boundaries for computing mean and std.dev: (1, 2047)
[M::mem_pestat] mean and std.dev: (420.89, 447.17)
[M::mem_pestat] low and high boundaries for proper pairs: (1, 2678)
[M::mem_pestat] skip orientation FF
[M::mem_pestat] skip orientation RR
[M::mem_process_seqs] Processed 266668 reads in 283.502 CPU sec, 70.993 real sec
[M::process] read 266668 sequences (40000200 bp)...
[M::mem_pestat] # candidate unique pairs for (FF, FR, RF, RR): (46, 6503, 3, 20)
[M::mem_pestat] analyzing insert size distribution for orientation FF...
[M::mem_pestat] (25, 50, 75) percentile: (101, 175, 250)
[M::mem_pestat] low and high boundaries for computing mean and std.dev: (1, 548)
[M::mem_pestat] mean and std.dev: (175.05, 95.54)
[M::mem_pestat] low and high boundaries for proper pairs: (1, 697)
[M::mem_pestat] analyzing insert size distribution for orientation FR...
[M::mem_pestat] (25, 50, 75) percentile: (500, 517, 547)
[M::mem_pestat] low and high boundaries for computing mean and std.dev: (406, 641)
[M::mem_pestat] mean and std.dev: (534.99, 33.93)
[M::mem_pestat] low and high boundaries for proper pairs: (359, 688)
[M::mem_pestat] skip orientation RF as there are not enough pairs
[M::mem_pestat] analyzing insert size distribution for orientation RR...
[M::mem_pestat] (25, 50, 75) percentile: (83, 204, 502)
[M::mem_pestat] low and high boundaries for computing mean and std.dev: (1, 1340)
[M::mem_pestat] mean and std.dev: (189.76, 174.25)
[M::mem_pestat] low and high boundaries for proper pairs: (1, 1759)
[M::mem_pestat] skip orientation FF
[M::mem_pestat] skip orientation RR
[M::mem_process_seqs] Processed 266668 reads in 210.346 CPU sec, 52.672 real sec
[M::process] read 266668 sequences (40000200 bp)...
[M::mem_pestat] # candidate unique pairs for (FF, FR, RF, RR): (47, 6575, 4, 10)
[M::mem_pestat] analyzing insert size distribution for orientation FF...
[M::mem_pestat] (25, 50, 75) percentile: (98, 138, 198)
[M::mem_pestat] low and high boundaries for computing mean and std.dev: (1, 398)
[M::mem_pestat] mean and std.dev: (137.81, 63.70)
[M::mem_pestat] low and high boundaries for proper pairs: (1, 498)
[M::mem_pestat] analyzing insert size distribution for orientation FR...
[M::mem_pestat] (25, 50, 75) percentile: (500, 518, 545)
[M::mem_pestat] low and high boundaries for computing mean and std.dev: (410, 635)
[M::mem_pestat] mean and std.dev: (534.04, 32.84)
[M::mem_pestat] low and high boundaries for proper pairs: (365, 680)
[M::mem_pestat] skip orientation RF as there are not enough pairs
[M::mem_pestat] analyzing insert size distribution for orientation RR...
[M::mem_pestat] (25, 50, 75) percentile: (90, 273, 1532)
[M::mem_pestat] low and high boundaries for computing mean and std.dev: (1, 4416)
[M::mem_pestat] mean and std.dev: (799.10, 1096.00)
[M::mem_pestat] low and high boundaries for proper pairs: (1, 5858)
[M::mem_pestat] skip orientation FF
[M::mem_pestat] skip orientation RR
[M::mem_process_seqs] Processed 266668 reads in 211.900 CPU sec, 53.075 real sec
[M::process] read 266668 sequences (40000200 bp)...
[M::mem_pestat] # candidate unique pairs for (FF, FR, RF, RR): (45, 6566, 5, 10)
[M::mem_pestat] analyzing insert size distribution for orientation FF...
[M::mem_pestat] (25, 50, 75) percentile: (104, 169, 245)
[M::mem_pestat] low and high boundaries for computing mean and std.dev: (1, 527)
[M::mem_pestat] mean and std.dev: (165.26, 83.13)
[M::mem_pestat] low and high boundaries for proper pairs: (1, 668)
[M::mem_pestat] analyzing insert size distribution for orientation FR...
[M::mem_pestat] (25, 50, 75) percentile: (439, 516, 544)
[M::mem_pestat] low and high boundaries for computing mean and std.dev: (229, 754)
[M::mem_pestat] mean and std.dev: (503.55, 91.59)
[M::mem_pestat] low and high boundaries for proper pairs: (124, 870)
[M::mem_pestat] skip orientation RF as there are not enough pairs
[M::mem_pestat] analyzing insert size distribution for orientation RR...
[M::mem_pestat] (25, 50, 75) percentile: (67, 87, 401)
[M::mem_pestat] low and high boundaries for computing mean and std.dev: (1, 1069)
[M::mem_pestat] mean and std.dev: (145.50, 134.31)
[M::mem_pestat] low and high boundaries for proper pairs: (1, 1403)
[M::mem_pestat] skip orientation FF
[M::mem_pestat] skip orientation RR
[M::mem_process_seqs] Processed 266668 reads in 238.495 CPU sec, 59.782 real sec
[M::process] read 266668 sequences (40000200 bp)...
[M::mem_pestat] # candidate unique pairs for (FF, FR, RF, RR): (42, 6164, 3, 24)
[M::mem_pestat] analyzing insert size distribution for orientation FF...
[M::mem_pestat] (25, 50, 75) percentile: (90, 132, 267)
[M::mem_pestat] low and high boundaries for computing mean and std.dev: (1, 621)
[M::mem_pestat] mean and std.dev: (148.06, 105.22)
[M::mem_pestat] low and high boundaries for proper pairs: (1, 798)
[M::mem_pestat] analyzing insert size distribution for orientation FR...
[M::mem_pestat] (25, 50, 75) percentile: (460, 516, 543)
[M::mem_pestat] low and high boundaries for computing mean and std.dev: (294, 709)
[M::mem_pestat] mean and std.dev: (519.17, 65.57)
[M::mem_pestat] low and high boundaries for proper pairs: (211, 792)
[M::mem_pestat] skip orientation RF as there are not enough pairs
[M::mem_pestat] analyzing insert size distribution for orientation RR...
[M::mem_pestat] (25, 50, 75) percentile: (109, 194, 387)
[M::mem_pestat] low and high boundaries for computing mean and std.dev: (1, 943)
[M::mem_pestat] mean and std.dev: (280.78, 281.55)
[M::mem_pestat] low and high boundaries for proper pairs: (1, 1407)
[M::mem_pestat] skip orientation FF
[M::mem_pestat] skip orientation RR
[M::mem_process_seqs] Processed 266668 reads in 228.062 CPU sec, 57.143 real sec
[M::process] read 266668 sequences (40000200 bp)...
[M::mem_pestat] # candidate unique pairs for (FF, FR, RF, RR): (53, 5707, 3, 18)
[M::mem_pestat] analyzing insert size distribution for orientation FF...
[M::mem_pestat] (25, 50, 75) percentile: (90, 158, 234)
[M::mem_pestat] low and high boundaries for computing mean and std.dev: (1, 522)
[M::mem_pestat] mean and std.dev: (156.60, 85.89)
[M::mem_pestat] low and high boundaries for proper pairs: (1, 666)
[M::mem_pestat] analyzing insert size distribution for orientation FR...
[M::mem_pestat] (25, 50, 75) percentile: (351, 511, 536)
[M::mem_pestat] low and high boundaries for computing mean and std.dev: (1, 906)
[M::mem_pestat] mean and std.dev: (448.48, 142.94)
[M::mem_pestat] low and high boundaries for proper pairs: (1, 1091)
[M::mem_pestat] skip orientation RF as there are not enough pairs
[M::mem_pestat] analyzing insert size distribution for orientation RR...
[M::mem_pestat] (25, 50, 75) percentile: (92, 240, 1529)
[M::mem_pestat] low and high boundaries for computing mean and std.dev: (1, 4403)
[M::mem_pestat] mean and std.dev: (467.69, 680.22)
[M::mem_pestat] low and high boundaries for proper pairs: (1, 5840)
[M::mem_pestat] skip orientation FF
[M::mem_pestat] skip orientation RR
[M::mem_process_seqs] Processed 266668 reads in 265.227 CPU sec, 66.418 real sec
[M::process] read 266668 sequences (40000200 bp)...
[M::mem_pestat] # candidate unique pairs for (FF, FR, RF, RR): (41, 5967, 9, 18)
[M::mem_pestat] analyzing insert size distribution for orientation FF...
[M::mem_pestat] (25, 50, 75) percentile: (92, 133, 277)
[M::mem_pestat] low and high boundaries for computing mean and std.dev: (1, 647)
[M::mem_pestat] mean and std.dev: (179.39, 125.99)
[M::mem_pestat] low and high boundaries for proper pairs: (1, 832)
[M::mem_pestat] analyzing insert size distribution for orientation FR...
[M::mem_pestat] (25, 50, 75) percentile: (340, 511, 538)
[M::mem_pestat] low and high boundaries for computing mean and std.dev: (1, 934)
[M::mem_pestat] mean and std.dev: (446.94, 145.61)
[M::mem_pestat] low and high boundaries for proper pairs: (1, 1132)
[M::mem_pestat] skip orientation RF as there are not enough pairs
[M::mem_pestat] analyzing insert size distribution for orientation RR...
[M::mem_pestat] (25, 50, 75) percentile: (112, 393, 971)
[M::mem_pestat] low and high boundaries for computing mean and std.dev: (1, 2689)
[M::mem_pestat] mean and std.dev: (499.28, 493.05)
[M::mem_pestat] low and high boundaries for proper pairs: (1, 3548)
[M::mem_pestat] skip orientation FF
[M::mem_pestat] skip orientation RR
[M::mem_process_seqs] Processed 266668 reads in 272.813 CPU sec, 68.307 real sec
[M::process] read 266668 sequences (40000200 bp)...
[M::mem_pestat] # candidate unique pairs for (FF, FR, RF, RR): (40, 6737, 4, 20)
[M::mem_pestat] analyzing insert size distribution for orientation FF...
[M::mem_pestat] (25, 50, 75) percentile: (101, 136, 250)
[M::mem_pestat] low and high boundaries for computing mean and std.dev: (1, 548)
[M::mem_pestat] mean and std.dev: (150.39, 75.15)
[M::mem_pestat] low and high boundaries for proper pairs: (1, 697)
[M::mem_pestat] analyzing insert size distribution for orientation FR...
[M::mem_pestat] (25, 50, 75) percentile: (500, 517, 546)
[M::mem_pestat] low and high boundaries for computing mean and std.dev: (408, 638)
[M::mem_pestat] mean and std.dev: (533.89, 32.77)
[M::mem_pestat] low and high boundaries for proper pairs: (362, 684)
[M::mem_pestat] skip orientation RF as there are not enough pairs
[M::mem_pestat] analyzing insert size distribution for orientation RR...
[M::mem_pestat] (25, 50, 75) percentile: (132, 294, 1400)
[M::mem_pestat] low and high boundaries for computing mean and std.dev: (1, 3936)
[M::mem_pestat] mean and std.dev: (754.84, 955.51)
[M::mem_pestat] low and high boundaries for proper pairs: (1, 5204)
[M::mem_pestat] skip orientation FF
[M::mem_pestat] skip orientation RR
[M::mem_process_seqs] Processed 266668 reads in 210.821 CPU sec, 52.795 real sec
[M::process] read 266668 sequences (40000200 bp)...
[M::mem_pestat] # candidate unique pairs for (FF, FR, RF, RR): (51, 6561, 4, 9)
[M::mem_pestat] analyzing insert size distribution for orientation FF...
[M::mem_pestat] (25, 50, 75) percentile: (103, 161, 222)
[M::mem_pestat] low and high boundaries for computing mean and std.dev: (1, 460)
[M::mem_pestat] mean and std.dev: (160.24, 76.26)
[M::mem_pestat] low and high boundaries for proper pairs: (1, 579)
[M::mem_pestat] analyzing insert size distribution for orientation FR...
[M::mem_pestat] (25, 50, 75) percentile: (500, 517, 544)
[M::mem_pestat] low and high boundaries for computing mean and std.dev: (412, 632)
[M::mem_pestat] mean and std.dev: (532.78, 31.90)
[M::mem_pestat] low and high boundaries for proper pairs: (368, 676)
[M::mem_pestat] skip orientation RF as there are not enough pairs
[M::mem_pestat] skip orientation RR as there are not enough pairs
[M::mem_pestat] skip orientation FF
[M::mem_process_seqs] Processed 266668 reads in 209.391 CPU sec, 52.476 real sec
[M::process] read 266668 sequences (40000200 bp)...
[M::mem_pestat] # candidate unique pairs for (FF, FR, RF, RR): (44, 6257, 1, 15)
[M::mem_pestat] analyzing insert size distribution for orientation FF...
[M::mem_pestat] (25, 50, 75) percentile: (104, 141, 187)
[M::mem_pestat] low and high boundaries for computing mean and std.dev: (1, 353)
[M::mem_pestat] mean and std.dev: (144.33, 65.39)
[M::mem_pestat] low and high boundaries for proper pairs: (1, 436)
[M::mem_pestat] analyzing insert size distribution for orientation FR...
[M::mem_pestat] (25, 50, 75) percentile: (448, 516, 543)
[M::mem_pestat] low and high boundaries for computing mean and std.dev: (258, 733)
[M::mem_pestat] mean and std.dev: (511.94, 81.14)
[M::mem_pestat] low and high boundaries for proper pairs: (163, 837)
[M::mem_pestat] skip orientation RF as there are not enough pairs
[M::mem_pestat] analyzing insert size distribution for orientation RR...
[M::mem_pestat] (25, 50, 75) percentile: (161, 191, 598)
[M::mem_pestat] low and high boundaries for computing mean and std.dev: (1, 1472)
[M::mem_pestat] mean and std.dev: (212.83, 140.97)
[M::mem_pestat] low and high boundaries for proper pairs: (1, 1909)
[M::mem_pestat] skip orientation FF
[M::mem_pestat] skip orientation RR
[M::mem_process_seqs] Processed 266668 reads in 236.823 CPU sec, 59.314 real sec
[M::process] read 266668 sequences (40000200 bp)...
[M::mem_pestat] # candidate unique pairs for (FF, FR, RF, RR): (39, 6183, 5, 16)
[M::mem_pestat] analyzing insert size distribution for orientation FF...
[M::mem_pestat] (25, 50, 75) percentile: (100, 144, 195)
[M::mem_pestat] low and high boundaries for computing mean and std.dev: (1, 385)
[M::mem_pestat] mean and std.dev: (138.09, 63.30)
[M::mem_pestat] low and high boundaries for proper pairs: (1, 480)
[M::mem_pestat] analyzing insert size distribution for orientation FR...
[M::mem_pestat] (25, 50, 75) percentile: (437, 516, 542)
[M::mem_pestat] low and high boundaries for computing mean and std.dev: (227, 752)
[M::mem_pestat] mean and std.dev: (501.32, 90.92)
[M::mem_pestat] low and high boundaries for proper pairs: (122, 865)
[M::mem_pestat] skip orientation RF as there are not enough pairs
[M::mem_pestat] analyzing insert size distribution for orientation RR...
[M::mem_pestat] (25, 50, 75) percentile: (104, 237, 1134)
[M::mem_pestat] low and high boundaries for computing mean and std.dev: (1, 3194)
[M::mem_pestat] mean and std.dev: (407.13, 413.59)
[M::mem_pestat] low and high boundaries for proper pairs: (1, 4224)
[M::mem_pestat] skip orientation FF
[M::mem_pestat] skip orientation RR
[M::mem_process_seqs] Processed 266668 reads in 236.390 CPU sec, 59.202 real sec
[M::process] read 266668 sequences (40000200 bp)...
[M::mem_pestat] # candidate unique pairs for (FF, FR, RF, RR): (43, 5555, 4, 11)
[M::mem_pestat] analyzing insert size distribution for orientation FF...
[M::mem_pestat] (25, 50, 75) percentile: (99, 142, 232)
[M::mem_pestat] low and high boundaries for computing mean and std.dev: (1, 498)
[M::mem_pestat] mean and std.dev: (150.00, 83.01)
[M::mem_pestat] low and high boundaries for proper pairs: (1, 631)
[M::mem_pestat] analyzing insert size distribution for orientation FR...
[M::mem_pestat] (25, 50, 75) percentile: (342, 512, 536)
[M::mem_pestat] low and high boundaries for computing mean and std.dev: (1, 924)
[M::mem_pestat] mean and std.dev: (446.11, 145.70)
[M::mem_pestat] low and high boundaries for proper pairs: (1, 1118)
[M::mem_pestat] skip orientation RF as there are not enough pairs
[M::mem_pestat] analyzing insert size distribution for orientation RR...
[M::mem_pestat] (25, 50, 75) percentile: (143, 252, 1531)
[M::mem_pestat] low and high boundaries for computing mean and std.dev: (1, 4307)
[M::mem_pestat] mean and std.dev: (781.55, 961.21)
[M::mem_pestat] low and high boundaries for proper pairs: (1, 5695)
[M::mem_pestat] skip orientation FF
[M::mem_pestat] skip orientation RR
[M::mem_process_seqs] Processed 266668 reads in 269.884 CPU sec, 67.580 real sec
[M::process] read 266668 sequences (40000200 bp)...
[M::mem_pestat] # candidate unique pairs for (FF, FR, RF, RR): (39, 6213, 1, 16)
[M::mem_pestat] analyzing insert size distribution for orientation FF...
[M::mem_pestat] (25, 50, 75) percentile: (100, 129, 212)
[M::mem_pestat] low and high boundaries for computing mean and std.dev: (1, 436)
[M::mem_pestat] mean and std.dev: (135.44, 54.36)
[M::mem_pestat] low and high boundaries for proper pairs: (1, 548)
[M::mem_pestat] analyzing insert size distribution for orientation FR...
[M::mem_pestat] (25, 50, 75) percentile: (478, 516, 546)
[M::mem_pestat] low and high boundaries for computing mean and std.dev: (342, 682)
[M::mem_pestat] mean and std.dev: (529.91, 50.70)
[M::mem_pestat] low and high boundaries for proper pairs: (274, 750)
[M::mem_pestat] skip orientation RF as there are not enough pairs
[M::mem_pestat] analyzing insert size distribution for orientation RR...
[M::mem_pestat] (25, 50, 75) percentile: (91, 154, 1907)
[M::mem_pestat] low and high boundaries for computing mean and std.dev: (1, 5539)
[M::mem_pestat] mean and std.dev: (698.75, 874.50)
[M::mem_pestat] low and high boundaries for proper pairs: (1, 7355)
[M::mem_pestat] skip orientation FF
[M::mem_pestat] skip orientation RR
[M::mem_process_seqs] Processed 266668 reads in 230.628 CPU sec, 57.789 real sec
[M::process] read 266668 sequences (40000200 bp)...
[M::mem_pestat] # candidate unique pairs for (FF, FR, RF, RR): (44, 6526, 6, 12)
[M::mem_pestat] analyzing insert size distribution for orientation FF...
[M::mem_pestat] (25, 50, 75) percentile: (122, 159, 209)
[M::mem_pestat] low and high boundaries for computing mean and std.dev: (1, 383)
[M::mem_pestat] mean and std.dev: (157.32, 67.26)
[M::mem_pestat] low and high boundaries for proper pairs: (1, 470)
[M::mem_pestat] analyzing insert size distribution for orientation FR...
[M::mem_pestat] (25, 50, 75) percentile: (500, 516, 544)
[M::mem_pestat] low and high boundaries for computing mean and std.dev: (412, 632)
[M::mem_pestat] mean and std.dev: (532.99, 32.11)
[M::mem_pestat] low and high boundaries for proper pairs: (368, 676)
[M::mem_pestat] skip orientation RF as there are not enough pairs
[M::mem_pestat] analyzing insert size distribution for orientation RR...
[M::mem_pestat] (25, 50, 75) percentile: (77, 195, 338)
[M::mem_pestat] low and high boundaries for computing mean and std.dev: (1, 860)
[M::mem_pestat] mean and std.dev: (229.25, 197.79)
[M::mem_pestat] low and high boundaries for proper pairs: (1, 1121)
[M::mem_pestat] skip orientation FF
[M::mem_pestat] skip orientation RR
[M::mem_process_seqs] Processed 266668 reads in 213.890 CPU sec, 53.598 real sec
[M::process] read 266668 sequences (40000200 bp)...
[M::mem_pestat] # candidate unique pairs for (FF, FR, RF, RR): (45, 6458, 5, 13)
[M::mem_pestat] analyzing insert size distribution for orientation FF...
[M::mem_pestat] (25, 50, 75) percentile: (102, 162, 198)
[M::mem_pestat] low and high boundaries for computing mean and std.dev: (1, 390)
[M::mem_pestat] mean and std.dev: (143.15, 63.56)
[M::mem_pestat] low and high boundaries for proper pairs: (1, 486)
[M::mem_pestat] analyzing insert size distribution for orientation FR...
[M::mem_pestat] (25, 50, 75) percentile: (500, 517, 546)
[M::mem_pestat] low and high boundaries for computing mean and std.dev: (408, 638)
[M::mem_pestat] mean and std.dev: (534.31, 33.66)
[M::mem_pestat] low and high boundaries for proper pairs: (362, 684)
[M::mem_pestat] skip orientation RF as there are not enough pairs
[M::mem_pestat] analyzing insert size distribution for orientation RR...
[M::mem_pestat] (25, 50, 75) percentile: (86, 238, 1145)
[M::mem_pestat] low and high boundaries for computing mean and std.dev: (1, 3263)
[M::mem_pestat] mean and std.dev: (429.62, 460.58)
[M::mem_pestat] low and high boundaries for proper pairs: (1, 4322)
[M::mem_pestat] skip orientation FF
[M::mem_pestat] skip orientation RR
[M::mem_process_seqs] Processed 266668 reads in 212.674 CPU sec, 53.252 real sec
[M::process] read 266668 sequences (40000200 bp)...
[M::mem_pestat] # candidate unique pairs for (FF, FR, RF, RR): (31, 6439, 5, 13)
[M::mem_pestat] analyzing insert size distribution for orientation FF...
[M::mem_pestat] (25, 50, 75) percentile: (118, 153, 246)
[M::mem_pestat] low and high boundaries for computing mean and std.dev: (1, 502)
[M::mem_pestat] mean and std.dev: (155.07, 64.33)
[M::mem_pestat] low and high boundaries for proper pairs: (1, 630)
[M::mem_pestat] analyzing insert size distribution for orientation FR...
[M::mem_pestat] (25, 50, 75) percentile: (451, 516, 545)
[M::mem_pestat] low and high boundaries for computing mean and std.dev: (263, 733)
[M::mem_pestat] mean and std.dev: (513.07, 78.85)
[M::mem_pestat] low and high boundaries for proper pairs: (169, 828)
[M::mem_pestat] skip orientation RF as there are not enough pairs
[M::mem_pestat] analyzing insert size distribution for orientation RR...
[M::mem_pestat] (25, 50, 75) percentile: (255, 339, 1441)
[M::mem_pestat] low and high boundaries for computing mean and std.dev: (1, 3813)
[M::mem_pestat] mean and std.dev: (686.23, 667.17)
[M::mem_pestat] low and high boundaries for proper pairs: (1, 4999)
[M::mem_pestat] skip orientation FF
[M::mem_pestat] skip orientation RR
[M::mem_process_seqs] Processed 266668 reads in 231.349 CPU sec, 57.983 real sec
[M::process] read 266668 sequences (40000200 bp)...
[M::mem_pestat] # candidate unique pairs for (FF, FR, RF, RR): (53, 6334, 7, 19)
[M::mem_pestat] analyzing insert size distribution for orientation FF...
[M::mem_pestat] (25, 50, 75) percentile: (90, 153, 201)
[M::mem_pestat] low and high boundaries for computing mean and std.dev: (1, 423)
[M::mem_pestat] mean and std.dev: (151.66, 72.38)
[M::mem_pestat] low and high boundaries for proper pairs: (1, 534)
[M::mem_pestat] analyzing insert size distribution for orientation FR...
[M::mem_pestat] (25, 50, 75) percentile: (408, 515, 542)
[M::mem_pestat] low and high boundaries for computing mean and std.dev: (140, 810)
[M::mem_pestat] mean and std.dev: (467.69, 134.29)
[M::mem_pestat] low and high boundaries for proper pairs: (1, 1005)
[M::mem_pestat] skip orientation RF as there are not enough pairs
[M::mem_pestat] analyzing insert size distribution for orientation RR...
[M::mem_pestat] (25, 50, 75) percentile: (173, 230, 790)
[M::mem_pestat] low and high boundaries for computing mean and std.dev: (1, 2024)
[M::mem_pestat] mean and std.dev: (285.56, 295.10)
[M::mem_pestat] low and high boundaries for proper pairs: (1, 2641)
[M::mem_pestat] skip orientation FF
[M::mem_pestat] skip orientation RR
[M::mem_process_seqs] Processed 266668 reads in 250.661 CPU sec, 62.761 real sec
[M::process] read 266668 sequences (40000200 bp)...
[M::mem_pestat] # candidate unique pairs for (FF, FR, RF, RR): (48, 6106, 6, 16)
[M::mem_pestat] analyzing insert size distribution for orientation FF...
[M::mem_pestat] (25, 50, 75) percentile: (115, 189, 224)
[M::mem_pestat] low and high boundaries for computing mean and std.dev: (1, 442)
[M::mem_pestat] mean and std.dev: (161.19, 65.28)
[M::mem_pestat] low and high boundaries for proper pairs: (1, 551)
[M::mem_pestat] analyzing insert size distribution for orientation FR...
[M::mem_pestat] (25, 50, 75) percentile: (408, 515, 541)
[M::mem_pestat] low and high boundaries for computing mean and std.dev: (142, 807)
[M::mem_pestat] mean and std.dev: (469.63, 128.35)
[M::mem_pestat] low and high boundaries for proper pairs: (1, 983)
[M::mem_pestat] skip orientation RF as there are not enough pairs
[M::mem_pestat] analyzing insert size distribution for orientation RR...
[M::mem_pestat] (25, 50, 75) percentile: (168, 285, 907)
[M::mem_pestat] low and high boundaries for computing mean and std.dev: (1, 2385)
[M::mem_pestat] mean and std.dev: (493.07, 502.20)
[M::mem_pestat] low and high boundaries for proper pairs: (1, 3124)
[M::mem_pestat] skip orientation FF
[M::mem_pestat] skip orientation RR
