/home/bacphagenetwork/.bashrc: line 15: Custom: command not found
[M::bwa_idx_load_from_disk] read 0 ALT contigs
[M::process] read 266668 sequences (40000200 bp)...
[M::process] read 266668 sequences (40000200 bp)...
[M::mem_pestat] # candidate unique pairs for (FF, FR, RF, RR): (2, 3291, 3, 0)
[M::mem_pestat] skip orientation FF as there are not enough pairs
[M::mem_pestat] analyzing insert size distribution for orientation FR...
[M::mem_pestat] (25, 50, 75) percentile: (348, 512, 538)
[M::mem_pestat] low and high boundaries for computing mean and std.dev: (1, 918)
[M::mem_pestat] mean and std.dev: (442.47, 160.70)
[M::mem_pestat] low and high boundaries for proper pairs: (1, 1108)
[M::mem_pestat] skip orientation RF as there are not enough pairs
[M::mem_pestat] skip orientation RR as there are not enough pairs
[M::mem_process_seqs] Processed 266668 reads in 176.895 CPU sec, 44.365 real sec
[M::process] read 266668 sequences (40000200 bp)...
[M::mem_pestat] # candidate unique pairs for (FF, FR, RF, RR): (4, 3167, 1, 5)
[M::mem_pestat] skip orientation FF as there are not enough pairs
[M::mem_pestat] analyzing insert size distribution for orientation FR...
[M::mem_pestat] (25, 50, 75) percentile: (337, 512, 537)
[M::mem_pestat] low and high boundaries for computing mean and std.dev: (1, 937)
[M::mem_pestat] mean and std.dev: (440.05, 160.24)
[M::mem_pestat] low and high boundaries for proper pairs: (1, 1137)
[M::mem_pestat] skip orientation RF as there are not enough pairs
[M::mem_pestat] skip orientation RR as there are not enough pairs
[M::mem_process_seqs] Processed 266668 reads in 184.075 CPU sec, 46.092 real sec
[M::process] read 266668 sequences (40000200 bp)...
[M::mem_pestat] # candidate unique pairs for (FF, FR, RF, RR): (0, 3288, 2, 1)
[M::mem_pestat] skip orientation FF as there are not enough pairs
[M::mem_pestat] analyzing insert size distribution for orientation FR...
[M::mem_pestat] (25, 50, 75) percentile: (329, 512, 537)
[M::mem_pestat] low and high boundaries for computing mean and std.dev: (1, 953)
[M::mem_pestat] mean and std.dev: (438.84, 161.91)
[M::mem_pestat] low and high boundaries for proper pairs: (1, 1161)
[M::mem_pestat] skip orientation RF as there are not enough pairs
[M::mem_pestat] skip orientation RR as there are not enough pairs
[M::mem_process_seqs] Processed 266668 reads in 185.076 CPU sec, 46.353 real sec
[M::process] read 266668 sequences (40000200 bp)...
[M::mem_pestat] # candidate unique pairs for (FF, FR, RF, RR): (7, 3327, 2, 6)
[M::mem_pestat] skip orientation FF as there are not enough pairs
[M::mem_pestat] analyzing insert size distribution for orientation FR...
[M::mem_pestat] (25, 50, 75) percentile: (367, 514, 538)
[M::mem_pestat] low and high boundaries for computing mean and std.dev: (25, 880)
[M::mem_pestat] mean and std.dev: (449.08, 154.75)
[M::mem_pestat] low and high boundaries for proper pairs: (1, 1068)
[M::mem_pestat] skip orientation RF as there are not enough pairs
[M::mem_pestat] skip orientation RR as there are not enough pairs
[M::mem_process_seqs] Processed 266668 reads in 181.362 CPU sec, 45.435 real sec
[M::process] read 266668 sequences (40000200 bp)...
[M::mem_pestat] # candidate unique pairs for (FF, FR, RF, RR): (1, 3200, 1, 3)
[M::mem_pestat] skip orientation FF as there are not enough pairs
[M::mem_pestat] analyzing insert size distribution for orientation FR...
[M::mem_pestat] (25, 50, 75) percentile: (354, 513, 539)
[M::mem_pestat] low and high boundaries for computing mean and std.dev: (1, 909)
[M::mem_pestat] mean and std.dev: (443.41, 162.70)
[M::mem_pestat] low and high boundaries for proper pairs: (1, 1094)
[M::mem_pestat] skip orientation RF as there are not enough pairs
[M::mem_pestat] skip orientation RR as there are not enough pairs
[M::mem_process_seqs] Processed 266668 reads in 183.210 CPU sec, 45.891 real sec
[M::process] read 266668 sequences (40000200 bp)...
[M::mem_pestat] # candidate unique pairs for (FF, FR, RF, RR): (3, 3135, 2, 1)
[M::mem_pestat] skip orientation FF as there are not enough pairs
[M::mem_pestat] analyzing insert size distribution for orientation FR...
[M::mem_pestat] (25, 50, 75) percentile: (345, 512, 539)
[M::mem_pestat] low and high boundaries for computing mean and std.dev: (1, 927)
[M::mem_pestat] mean and std.dev: (442.01, 162.28)
[M::mem_pestat] low and high boundaries for proper pairs: (1, 1121)
[M::mem_pestat] skip orientation RF as there are not enough pairs
[M::mem_pestat] skip orientation RR as there are not enough pairs
[M::mem_process_seqs] Processed 266668 reads in 183.107 CPU sec, 45.873 real sec
[M::process] read 266668 sequences (40000200 bp)...
[M::mem_pestat] # candidate unique pairs for (FF, FR, RF, RR): (6, 3152, 4, 5)
[M::mem_pestat] skip orientation FF as there are not enough pairs
[M::mem_pestat] analyzing insert size distribution for orientation FR...
[M::mem_pestat] (25, 50, 75) percentile: (345, 513, 538)
[M::mem_pestat] low and high boundaries for computing mean and std.dev: (1, 924)
[M::mem_pestat] mean and std.dev: (441.12, 160.65)
[M::mem_pestat] low and high boundaries for proper pairs: (1, 1117)
[M::mem_pestat] skip orientation RF as there are not enough pairs
[M::mem_pestat] skip orientation RR as there are not enough pairs
[M::mem_process_seqs] Processed 266668 reads in 181.478 CPU sec, 45.457 real sec
[M::process] read 266668 sequences (40000200 bp)...
[M::mem_pestat] # candidate unique pairs for (FF, FR, RF, RR): (3, 3213, 2, 5)
[M::mem_pestat] skip orientation FF as there are not enough pairs
[M::mem_pestat] analyzing insert size distribution for orientation FR...
[M::mem_pestat] (25, 50, 75) percentile: (363, 514, 542)
[M::mem_pestat] low and high boundaries for computing mean and std.dev: (5, 900)
[M::mem_pestat] mean and std.dev: (447.19, 160.37)
[M::mem_pestat] low and high boundaries for proper pairs: (1, 1089)
[M::mem_pestat] skip orientation RF as there are not enough pairs
[M::mem_pestat] skip orientation RR as there are not enough pairs
[M::mem_process_seqs] Processed 266668 reads in 178.999 CPU sec, 44.827 real sec
[M::process] read 266668 sequences (40000200 bp)...
[M::mem_pestat] # candidate unique pairs for (FF, FR, RF, RR): (3, 3261, 2, 4)
[M::mem_pestat] skip orientation FF as there are not enough pairs
[M::mem_pestat] analyzing insert size distribution for orientation FR...
[M::mem_pestat] (25, 50, 75) percentile: (339, 512, 537)
[M::mem_pestat] low and high boundaries for computing mean and std.dev: (1, 933)
[M::mem_pestat] mean and std.dev: (439.63, 162.22)
[M::mem_pestat] low and high boundaries for proper pairs: (1, 1131)
[M::mem_pestat] skip orientation RF as there are not enough pairs
[M::mem_pestat] skip orientation RR as there are not enough pairs
[M::mem_process_seqs] Processed 266668 reads in 182.567 CPU sec, 45.706 real sec
[M::process] read 266668 sequences (40000200 bp)...
[M::mem_pestat] # candidate unique pairs for (FF, FR, RF, RR): (2, 3241, 4, 1)
[M::mem_pestat] skip orientation FF as there are not enough pairs
[M::mem_pestat] analyzing insert size distribution for orientation FR...
[M::mem_pestat] (25, 50, 75) percentile: (366, 512, 538)
[M::mem_pestat] low and high boundaries for computing mean and std.dev: (22, 882)
[M::mem_pestat] mean and std.dev: (446.12, 158.48)
[M::mem_pestat] low and high boundaries for proper pairs: (1, 1080)
[M::mem_pestat] skip orientation RF as there are not enough pairs
[M::mem_pestat] skip orientation RR as there are not enough pairs
[M::mem_process_seqs] Processed 266668 reads in 177.984 CPU sec, 44.573 real sec
[M::process] read 266668 sequences (40000200 bp)...
[M::mem_pestat] # candidate unique pairs for (FF, FR, RF, RR): (2, 3342, 3, 1)
[M::mem_pestat] skip orientation FF as there are not enough pairs
[M::mem_pestat] analyzing insert size distribution for orientation FR...
[M::mem_pestat] (25, 50, 75) percentile: (348, 513, 538)
[M::mem_pestat] low and high boundaries for computing mean and std.dev: (1, 918)
[M::mem_pestat] mean and std.dev: (442.81, 160.42)
[M::mem_pestat] low and high boundaries for proper pairs: (1, 1108)
[M::mem_pestat] skip orientation RF as there are not enough pairs
[M::mem_pestat] skip orientation RR as there are not enough pairs
[M::mem_process_seqs] Processed 266668 reads in 180.018 CPU sec, 45.088 real sec
[M::process] read 266668 sequences (40000200 bp)...
[M::mem_pestat] # candidate unique pairs for (FF, FR, RF, RR): (3, 3159, 6, 7)
[M::mem_pestat] skip orientation FF as there are not enough pairs
[M::mem_pestat] analyzing insert size distribution for orientation FR...
[M::mem_pestat] (25, 50, 75) percentile: (339, 514, 540)
[M::mem_pestat] low and high boundaries for computing mean and std.dev: (1, 942)
[M::mem_pestat] mean and std.dev: (441.19, 164.38)
[M::mem_pestat] low and high boundaries for proper pairs: (1, 1143)
[M::mem_pestat] skip orientation RF as there are not enough pairs
[M::mem_pestat] skip orientation RR as there are not enough pairs
[M::mem_process_seqs] Processed 266668 reads in 177.346 CPU sec, 44.412 real sec
[M::process] read 266668 sequences (40000200 bp)...
[M::mem_pestat] # candidate unique pairs for (FF, FR, RF, RR): (2, 3267, 1, 2)
[M::mem_pestat] skip orientation FF as there are not enough pairs
[M::mem_pestat] analyzing insert size distribution for orientation FR...
[M::mem_pestat] (25, 50, 75) percentile: (336, 512, 538)
[M::mem_pestat] low and high boundaries for computing mean and std.dev: (1, 942)
[M::mem_pestat] mean and std.dev: (441.15, 163.13)
[M::mem_pestat] low and high boundaries for proper pairs: (1, 1144)
[M::mem_pestat] skip orientation RF as there are not enough pairs
[M::mem_pestat] skip orientation RR as there are not enough pairs
[M::mem_process_seqs] Processed 266668 reads in 181.010 CPU sec, 45.331 real sec
[M::process] read 266668 sequences (40000200 bp)...
[M::mem_pestat] # candidate unique pairs for (FF, FR, RF, RR): (6, 3228, 4, 7)
[M::mem_pestat] skip orientation FF as there are not enough pairs
[M::mem_pestat] analyzing insert size distribution for orientation FR...
[M::mem_pestat] (25, 50, 75) percentile: (366, 514, 540)
[M::mem_pestat] low and high boundaries for computing mean and std.dev: (18, 888)
[M::mem_pestat] mean and std.dev: (446.71, 160.21)
[M::mem_pestat] low and high boundaries for proper pairs: (1, 1088)
[M::mem_pestat] skip orientation RF as there are not enough pairs
[M::mem_pestat] skip orientation RR as there are not enough pairs
[M::mem_process_seqs] Processed 266668 reads in 175.008 CPU sec, 43.817 real sec
[M::process] read 266668 sequences (40000200 bp)...
[M::mem_pestat] # candidate unique pairs for (FF, FR, RF, RR): (2, 3193, 4, 1)
[M::mem_pestat] skip orientation FF as there are not enough pairs
[M::mem_pestat] analyzing insert size distribution for orientation FR...
[M::mem_pestat] (25, 50, 75) percentile: (328, 512, 539)
[M::mem_pestat] low and high boundaries for computing mean and std.dev: (1, 961)
[M::mem_pestat] mean and std.dev: (437.91, 163.19)
[M::mem_pestat] low and high boundaries for proper pairs: (1, 1172)
[M::mem_pestat] skip orientation RF as there are not enough pairs
[M::mem_pestat] skip orientation RR as there are not enough pairs
[M::mem_process_seqs] Processed 266668 reads in 181.709 CPU sec, 45.510 real sec
[M::process] read 266668 sequences (40000200 bp)...
[M::mem_pestat] # candidate unique pairs for (FF, FR, RF, RR): (7, 3275, 0, 5)
[M::mem_pestat] skip orientation FF as there are not enough pairs
[M::mem_pestat] analyzing insert size distribution for orientation FR...
[M::mem_pestat] (25, 50, 75) percentile: (346, 513, 539)
[M::mem_pestat] low and high boundaries for computing mean and std.dev: (1, 925)
[M::mem_pestat] mean and std.dev: (440.69, 164.42)
[M::mem_pestat] low and high boundaries for proper pairs: (1, 1118)
[M::mem_pestat] skip orientation RF as there are not enough pairs
[M::mem_pestat] skip orientation RR as there are not enough pairs
[M::mem_process_seqs] Processed 266668 reads in 179.828 CPU sec, 45.038 real sec
[M::process] read 266668 sequences (40000200 bp)...
[M::mem_pestat] # candidate unique pairs for (FF, FR, RF, RR): (0, 3288, 4, 8)
[M::mem_pestat] skip orientation FF as there are not enough pairs
[M::mem_pestat] analyzing insert size distribution for orientation FR...
[M::mem_pestat] (25, 50, 75) percentile: (327, 512, 538)
[M::mem_pestat] low and high boundaries for computing mean and std.dev: (1, 960)
[M::mem_pestat] mean and std.dev: (437.13, 163.91)
[M::mem_pestat] low and high boundaries for proper pairs: (1, 1171)
[M::mem_pestat] skip orientation RF as there are not enough pairs
[M::mem_pestat] skip orientation RR as there are not enough pairs
[M::mem_process_seqs] Processed 266668 reads in 181.301 CPU sec, 45.439 real sec
[M::process] read 266668 sequences (40000200 bp)...
[M::mem_pestat] # candidate unique pairs for (FF, FR, RF, RR): (1, 3181, 2, 2)
[M::mem_pestat] skip orientation FF as there are not enough pairs
[M::mem_pestat] analyzing insert size distribution for orientation FR...
[M::mem_pestat] (25, 50, 75) percentile: (343, 513, 540)
[M::mem_pestat] low and high boundaries for computing mean and std.dev: (1, 934)
[M::mem_pestat] mean and std.dev: (444.63, 159.37)
[M::mem_pestat] low and high boundaries for proper pairs: (1, 1131)
[M::mem_pestat] skip orientation RF as there are not enough pairs
[M::mem_pestat] skip orientation RR as there are not enough pairs
[M::mem_process_seqs] Processed 266668 reads in 185.843 CPU sec, 46.563 real sec
[M::process] read 266668 sequences (40000200 bp)...
[M::mem_pestat] # candidate unique pairs for (FF, FR, RF, RR): (3, 3206, 4, 4)
[M::mem_pestat] skip orientation FF as there are not enough pairs
[M::mem_pestat] analyzing insert size distribution for orientation FR...
[M::mem_pestat] (25, 50, 75) percentile: (344, 512, 539)
[M::mem_pestat] low and high boundaries for computing mean and std.dev: (1, 929)
[M::mem_pestat] mean and std.dev: (442.13, 161.55)
[M::mem_pestat] low and high boundaries for proper pairs: (1, 1124)
[M::mem_pestat] skip orientation RF as there are not enough pairs
[M::mem_pestat] skip orientation RR as there are not enough pairs
[M::mem_process_seqs] Processed 266668 reads in 180.955 CPU sec, 45.362 real sec
[M::process] read 266668 sequences (40000200 bp)...
[M::mem_pestat] # candidate unique pairs for (FF, FR, RF, RR): (2, 3183, 3, 1)
[M::mem_pestat] skip orientation FF as there are not enough pairs
[M::mem_pestat] analyzing insert size distribution for orientation FR...
[M::mem_pestat] (25, 50, 75) percentile: (353, 512, 537)
[M::mem_pestat] low and high boundaries for computing mean and std.dev: (1, 905)
[M::mem_pestat] mean and std.dev: (443.22, 160.86)
[M::mem_pestat] low and high boundaries for proper pairs: (1, 1089)
[M::mem_pestat] skip orientation RF as there are not enough pairs
[M::mem_pestat] skip orientation RR as there are not enough pairs
[M::mem_process_seqs] Processed 266668 reads in 180.054 CPU sec, 45.114 real sec
[M::process] read 266668 sequences (40000200 bp)...
[M::mem_pestat] # candidate unique pairs for (FF, FR, RF, RR): (3, 3332, 4, 2)
[M::mem_pestat] skip orientation FF as there are not enough pairs
[M::mem_pestat] analyzing insert size distribution for orientation FR...
[M::mem_pestat] (25, 50, 75) percentile: (346, 513, 539)
[M::mem_pestat] low and high boundaries for computing mean and std.dev: (1, 925)
[M::mem_pestat] mean and std.dev: (443.32, 160.06)
[M::mem_pestat] low and high boundaries for proper pairs: (1, 1118)
[M::mem_pestat] skip orientation RF as there are not enough pairs
[M::mem_pestat] skip orientation RR as there are not enough pairs
[M::mem_process_seqs] Processed 266668 reads in 181.433 CPU sec, 45.452 real sec
[M::process] read 266668 sequences (40000200 bp)...
[M::mem_pestat] # candidate unique pairs for (FF, FR, RF, RR): (1, 3253, 2, 2)
[M::mem_pestat] skip orientation FF as there are not enough pairs
[M::mem_pestat] analyzing insert size distribution for orientation FR...
[M::mem_pestat] (25, 50, 75) percentile: (358, 512, 537)
[M::mem_pestat] low and high boundaries for computing mean and std.dev: (1, 895)
[M::mem_pestat] mean and std.dev: (443.96, 159.59)
[M::mem_pestat] low and high boundaries for proper pairs: (1, 1082)
[M::mem_pestat] skip orientation RF as there are not enough pairs
[M::mem_pestat] skip orientation RR as there are not enough pairs
[M::mem_process_seqs] Processed 266668 reads in 175.722 CPU sec, 43.991 real sec
[M::process] read 266668 sequences (40000200 bp)...
[M::mem_pestat] # candidate unique pairs for (FF, FR, RF, RR): (7, 3217, 0, 4)
[M::mem_pestat] skip orientation FF as there are not enough pairs
[M::mem_pestat] analyzing insert size distribution for orientation FR...
[M::mem_pestat] (25, 50, 75) percentile: (368, 513, 538)
[M::mem_pestat] low and high boundaries for computing mean and std.dev: (28, 878)
[M::mem_pestat] mean and std.dev: (446.74, 157.78)
[M::mem_pestat] low and high boundaries for proper pairs: (1, 1078)
[M::mem_pestat] skip orientation RF as there are not enough pairs
[M::mem_pestat] skip orientation RR as there are not enough pairs
[M::mem_process_seqs] Processed 266668 reads in 178.969 CPU sec, 44.816 real sec
[M::process] read 266668 sequences (40000200 bp)...
[M::mem_pestat] # candidate unique pairs for (FF, FR, RF, RR): (6, 3213, 1, 0)
[M::mem_pestat] skip orientation FF as there are not enough pairs
[M::mem_pestat] analyzing insert size distribution for orientation FR...
[M::mem_pestat] (25, 50, 75) percentile: (337, 513, 539)
[M::mem_pestat] low and high boundaries for computing mean and std.dev: (1, 943)
[M::mem_pestat] mean and std.dev: (439.29, 163.37)
[M::mem_pestat] low and high boundaries for proper pairs: (1, 1145)
[M::mem_pestat] skip orientation RF as there are not enough pairs
[M::mem_pestat] skip orientation RR as there are not enough pairs
[M::mem_process_seqs] Processed 266668 reads in 178.579 CPU sec, 44.729 real sec
[M::process] read 266668 sequences (40000200 bp)...
[M::mem_pestat] # candidate unique pairs for (FF, FR, RF, RR): (5, 3289, 4, 2)
[M::mem_pestat] skip orientation FF as there are not enough pairs
[M::mem_pestat] analyzing insert size distribution for orientation FR...
[M::mem_pestat] (25, 50, 75) percentile: (369, 513, 539)
[M::mem_pestat] low and high boundaries for computing mean and std.dev: (29, 879)
[M::mem_pestat] mean and std.dev: (448.23, 155.96)
[M::mem_pestat] low and high boundaries for proper pairs: (1, 1072)
[M::mem_pestat] skip orientation RF as there are not enough pairs
[M::mem_pestat] skip orientation RR as there are not enough pairs
[M::mem_process_seqs] Processed 266668 reads in 177.338 CPU sec, 44.401 real sec
[M::process] read 266668 sequences (40000200 bp)...
[M::mem_pestat] # candidate unique pairs for (FF, FR, RF, RR): (7, 3291, 1, 1)
[M::mem_pestat] skip orientation FF as there are not enough pairs
[M::mem_pestat] analyzing insert size distribution for orientation FR...
[M::mem_pestat] (25, 50, 75) percentile: (342, 513, 540)
[M::mem_pestat] low and high boundaries for computing mean and std.dev: (1, 936)
[M::mem_pestat] mean and std.dev: (442.97, 161.10)
[M::mem_pestat] low and high boundaries for proper pairs: (1, 1134)
[M::mem_pestat] skip orientation RF as there are not enough pairs
[M::mem_pestat] skip orientation RR as there are not enough pairs
[M::mem_process_seqs] Processed 266668 reads in 179.511 CPU sec, 44.966 real sec
[M::process] read 266668 sequences (40000200 bp)...
[M::mem_pestat] # candidate unique pairs for (FF, FR, RF, RR): (4, 3274, 4, 1)
[M::mem_pestat] skip orientation FF as there are not enough pairs
[M::mem_pestat] analyzing insert size distribution for orientation FR...
[M::mem_pestat] (25, 50, 75) percentile: (357, 513, 541)
[M::mem_pestat] low and high boundaries for computing mean and std.dev: (1, 909)
[M::mem_pestat] mean and std.dev: (446.42, 160.31)
[M::mem_pestat] low and high boundaries for proper pairs: (1, 1093)
[M::mem_pestat] skip orientation RF as there are not enough pairs
[M::mem_pestat] skip orientation RR as there are not enough pairs
[M::mem_process_seqs] Processed 266668 reads in 177.490 CPU sec, 44.449 real sec
[M::process] read 266668 sequences (40000200 bp)...
[M::mem_pestat] # candidate unique pairs for (FF, FR, RF, RR): (5, 3277, 3, 4)
[M::mem_pestat] skip orientation FF as there are not enough pairs
[M::mem_pestat] analyzing insert size distribution for orientation FR...
[M::mem_pestat] (25, 50, 75) percentile: (367, 514, 539)
[M::mem_pestat] low and high boundaries for computing mean and std.dev: (23, 883)
[M::mem_pestat] mean and std.dev: (448.08, 157.17)
[M::mem_pestat] low and high boundaries for proper pairs: (1, 1077)
[M::mem_pestat] skip orientation RF as there are not enough pairs
[M::mem_pestat] skip orientation RR as there are not enough pairs
[M::mem_process_seqs] Processed 266668 reads in 175.494 CPU sec, 43.946 real sec
[M::process] read 266668 sequences (40000200 bp)...
[M::mem_pestat] # candidate unique pairs for (FF, FR, RF, RR): (9, 3214, 2, 4)
[M::mem_pestat] skip orientation FF as there are not enough pairs
[M::mem_pestat] analyzing insert size distribution for orientation FR...
[M::mem_pestat] (25, 50, 75) percentile: (349, 514, 541)
[M::mem_pestat] low and high boundaries for computing mean and std.dev: (1, 925)
[M::mem_pestat] mean and std.dev: (444.31, 161.86)
[M::mem_pestat] low and high boundaries for proper pairs: (1, 1117)
[M::mem_pestat] skip orientation RF as there are not enough pairs
[M::mem_pestat] skip orientation RR as there are not enough pairs
[M::mem_process_seqs] Processed 266668 reads in 179.878 CPU sec, 45.062 real sec
[M::process] read 266668 sequences (40000200 bp)...
[M::mem_pestat] # candidate unique pairs for (FF, FR, RF, RR): (7, 3253, 4, 2)
[M::mem_pestat] skip orientation FF as there are not enough pairs
[M::mem_pestat] analyzing insert size distribution for orientation FR...
[M::mem_pestat] (25, 50, 75) percentile: (351, 514, 540)
[M::mem_pestat] low and high boundaries for computing mean and std.dev: (1, 918)
[M::mem_pestat] mean and std.dev: (442.41, 163.66)
[M::mem_pestat] low and high boundaries for proper pairs: (1, 1107)
[M::mem_pestat] skip orientation RF as there are not enough pairs
[M::mem_pestat] skip orientation RR as there are not enough pairs
[M::mem_process_seqs] Processed 266668 reads in 180.892 CPU sec, 45.298 real sec
[M::process] read 266668 sequences (40000200 bp)...
[M::mem_pestat] # candidate unique pairs for (FF, FR, RF, RR): (2, 3213, 4, 3)
[M::mem_pestat] skip orientation FF as there are not enough pairs
[M::mem_pestat] analyzing insert size distribution for orientation FR...
[M::mem_pestat] (25, 50, 75) percentile: (345, 512, 539)
[M::mem_pestat] low and high boundaries for computing mean and std.dev: (1, 927)
[M::mem_pestat] mean and std.dev: (443.07, 160.85)
[M::mem_pestat] low and high boundaries for proper pairs: (1, 1121)
[M::mem_pestat] skip orientation RF as there are not enough pairs
[M::mem_pestat] skip orientation RR as there are not enough pairs
[M::mem_process_seqs] Processed 266668 reads in 183.811 CPU sec, 46.046 real sec
[M::process] read 266668 sequences (40000200 bp)...
[M::mem_pestat] # candidate unique pairs for (FF, FR, RF, RR): (4, 3311, 2, 1)
[M::mem_pestat] skip orientation FF as there are not enough pairs
[M::mem_pestat] analyzing insert size distribution for orientation FR...
[M::mem_pestat] (25, 50, 75) percentile: (349, 513, 538)
[M::mem_pestat] low and high boundaries for computing mean and std.dev: (1, 916)
[M::mem_pestat] mean and std.dev: (443.81, 159.12)
[M::mem_pestat] low and high boundaries for proper pairs: (1, 1105)
[M::mem_pestat] skip orientation RF as there are not enough pairs
[M::mem_pestat] skip orientation RR as there are not enough pairs
[M::mem_process_seqs] Processed 266668 reads in 180.184 CPU sec, 45.129 real sec
[M::process] read 266668 sequences (40000200 bp)...
[M::mem_pestat] # candidate unique pairs for (FF, FR, RF, RR): (5, 3259, 3, 4)
[M::mem_pestat] skip orientation FF as there are not enough pairs
[M::mem_pestat] analyzing insert size distribution for orientation FR...
[M::mem_pestat] (25, 50, 75) percentile: (360, 514, 540)
[M::mem_pestat] low and high boundaries for computing mean and std.dev: (1, 900)
[M::mem_pestat] mean and std.dev: (446.28, 160.34)
[M::mem_pestat] low and high boundaries for proper pairs: (1, 1088)
[M::mem_pestat] skip orientation RF as there are not enough pairs
[M::mem_pestat] skip orientation RR as there are not enough pairs
[M::mem_process_seqs] Processed 266668 reads in 182.163 CPU sec, 45.620 real sec
[M::process] read 266668 sequences (40000200 bp)...
[M::mem_pestat] # candidate unique pairs for (FF, FR, RF, RR): (5, 3290, 3, 1)
[M::mem_pestat] skip orientation FF as there are not enough pairs
[M::mem_pestat] analyzing insert size distribution for orientation FR...
[M::mem_pestat] (25, 50, 75) percentile: (377, 515, 541)
[M::mem_pestat] low and high boundaries for computing mean and std.dev: (49, 869)
[M::mem_pestat] mean and std.dev: (452.80, 154.80)
[M::mem_pestat] low and high boundaries for proper pairs: (1, 1072)
[M::mem_pestat] skip orientation RF as there are not enough pairs
[M::mem_pestat] skip orientation RR as there are not enough pairs
[M::mem_process_seqs] Processed 266668 reads in 180.572 CPU sec, 45.227 real sec
[M::process] read 266668 sequences (40000200 bp)...
[M::mem_pestat] # candidate unique pairs for (FF, FR, RF, RR): (6, 3376, 1, 2)
[M::mem_pestat] skip orientation FF as there are not enough pairs
[M::mem_pestat] analyzing insert size distribution for orientation FR...
[M::mem_pestat] (25, 50, 75) percentile: (354, 513, 539)
[M::mem_pestat] low and high boundaries for computing mean and std.dev: (1, 909)
[M::mem_pestat] mean and std.dev: (444.17, 161.56)
[M::mem_pestat] low and high boundaries for proper pairs: (1, 1094)
[M::mem_pestat] skip orientation RF as there are not enough pairs
[M::mem_pestat] skip orientation RR as there are not enough pairs
[M::mem_process_seqs] Processed 266668 reads in 178.399 CPU sec, 44.662 real sec
[M::process] read 266668 sequences (40000200 bp)...
[M::mem_pestat] # candidate unique pairs for (FF, FR, RF, RR): (2, 3367, 2, 0)
[M::mem_pestat] skip orientation FF as there are not enough pairs
[M::mem_pestat] analyzing insert size distribution for orientation FR...
[M::mem_pestat] (25, 50, 75) percentile: (342, 513, 539)
[M::mem_pestat] low and high boundaries for computing mean and std.dev: (1, 933)
[M::mem_pestat] mean and std.dev: (442.60, 161.80)
[M::mem_pestat] low and high boundaries for proper pairs: (1, 1130)
[M::mem_pestat] skip orientation RF as there are not enough pairs
[M::mem_pestat] skip orientation RR as there are not enough pairs
[M::mem_process_seqs] Processed 266668 reads in 181.373 CPU sec, 45.433 real sec
[M::process] read 266668 sequences (40000200 bp)...
[M::mem_pestat] # candidate unique pairs for (FF, FR, RF, RR): (1, 3408, 3, 0)
[M::mem_pestat] skip orientation FF as there are not enough pairs
[M::mem_pestat] analyzing insert size distribution for orientation FR...
[M::mem_pestat] (25, 50, 75) percentile: (351, 513, 540)
[M::mem_pestat] low and high boundaries for computing mean and std.dev: (1, 918)
[M::mem_pestat] mean and std.dev: (443.29, 162.58)
[M::mem_pestat] low and high boundaries for proper pairs: (1, 1107)
[M::mem_pestat] skip orientation RF as there are not enough pairs
[M::mem_pestat] skip orientation RR as there are not enough pairs
[M::mem_process_seqs] Processed 266668 reads in 180.234 CPU sec, 45.134 real sec
[M::process] read 266668 sequences (40000200 bp)...
[M::mem_pestat] # candidate unique pairs for (FF, FR, RF, RR): (3, 3376, 1, 4)
[M::mem_pestat] skip orientation FF as there are not enough pairs
[M::mem_pestat] analyzing insert size distribution for orientation FR...
[M::mem_pestat] (25, 50, 75) percentile: (351, 513, 539)
[M::mem_pestat] low and high boundaries for computing mean and std.dev: (1, 915)
[M::mem_pestat] mean and std.dev: (443.70, 160.49)
[M::mem_pestat] low and high boundaries for proper pairs: (1, 1103)
[M::mem_pestat] skip orientation RF as there are not enough pairs
[M::mem_pestat] skip orientation RR as there are not enough pairs
[M::mem_process_seqs] Processed 266668 reads in 179.010 CPU sec, 44.819 real sec
[M::process] read 266668 sequences (40000200 bp)...
[M::mem_pestat] # candidate unique pairs for (FF, FR, RF, RR): (3, 3237, 3, 3)
[M::mem_pestat] skip orientation FF as there are not enough pairs
[M::mem_pestat] analyzing insert size distribution for orientation FR...
[M::mem_pestat] (25, 50, 75) percentile: (370, 514, 538)
[M::mem_pestat] low and high boundaries for computing mean and std.dev: (34, 874)
[M::mem_pestat] mean and std.dev: (448.11, 157.80)
[M::mem_pestat] low and high boundaries for proper pairs: (1, 1079)
[M::mem_pestat] skip orientation RF as there are not enough pairs
[M::mem_pestat] skip orientation RR as there are not enough pairs
[M::mem_process_seqs] Processed 266668 reads in 176.151 CPU sec, 44.132 real sec
[M::process] read 266668 sequences (40000200 bp)...
[M::mem_pestat] # candidate unique pairs for (FF, FR, RF, RR): (6, 3390, 3, 4)
[M::mem_pestat] skip orientation FF as there are not enough pairs
[M::mem_pestat] analyzing insert size distribution for orientation FR...
[M::mem_pestat] (25, 50, 75) percentile: (348, 513, 539)
[M::mem_pestat] low and high boundaries for computing mean and std.dev: (1, 921)
[M::mem_pestat] mean and std.dev: (445.30, 159.19)
[M::mem_pestat] low and high boundaries for proper pairs: (1, 1112)
[M::mem_pestat] skip orientation RF as there are not enough pairs
[M::mem_pestat] skip orientation RR as there are not enough pairs
[M::mem_process_seqs] Processed 266668 reads in 179.974 CPU sec, 45.065 real sec
[M::process] read 266668 sequences (40000200 bp)...
[M::mem_pestat] # candidate unique pairs for (FF, FR, RF, RR): (2, 3345, 4, 6)
[M::mem_pestat] skip orientation FF as there are not enough pairs
[M::mem_pestat] analyzing insert size distribution for orientation FR...
[M::mem_pestat] (25, 50, 75) percentile: (387, 514, 543)
[M::mem_pestat] low and high boundaries for computing mean and std.dev: (75, 855)
[M::mem_pestat] mean and std.dev: (454.18, 155.13)
[M::mem_pestat] low and high boundaries for proper pairs: (1, 1075)
[M::mem_pestat] skip orientation RF as there are not enough pairs
[M::mem_pestat] skip orientation RR as there are not enough pairs
[M::mem_process_seqs] Processed 266668 reads in 179.349 CPU sec, 44.902 real sec
[M::process] read 266668 sequences (40000200 bp)...
[M::mem_pestat] # candidate unique pairs for (FF, FR, RF, RR): (2, 3374, 1, 3)
[M::mem_pestat] skip orientation FF as there are not enough pairs
[M::mem_pestat] analyzing insert size distribution for orientation FR...
[M::mem_pestat] (25, 50, 75) percentile: (442, 515, 543)
[M::mem_pestat] low and high boundaries for computing mean and std.dev: (240, 745)
[M::mem_pestat] mean and std.dev: (512.67, 77.79)
[M::mem_pestat] low and high boundaries for proper pairs: (139, 846)
[M::mem_pestat] skip orientation RF as there are not enough pairs
[M::mem_pestat] skip orientation RR as there are not enough pairs
[M::mem_process_seqs] Processed 266668 reads in 164.104 CPU sec, 41.135 real sec
[M::process] read 266668 sequences (40000200 bp)...
[M::mem_pestat] # candidate unique pairs for (FF, FR, RF, RR): (1, 3312, 1, 3)
[M::mem_pestat] skip orientation FF as there are not enough pairs
[M::mem_pestat] analyzing insert size distribution for orientation FR...
[M::mem_pestat] (25, 50, 75) percentile: (340, 514, 539)
[M::mem_pestat] low and high boundaries for computing mean and std.dev: (1, 937)
[M::mem_pestat] mean and std.dev: (442.76, 161.95)
[M::mem_pestat] low and high boundaries for proper pairs: (1, 1136)
[M::mem_pestat] skip orientation RF as there are not enough pairs
[M::mem_pestat] skip orientation RR as there are not enough pairs
[M::mem_process_seqs] Processed 266668 reads in 181.224 CPU sec, 45.377 real sec
[M::process] read 266668 sequences (40000200 bp)...
[M::mem_pestat] # candidate unique pairs for (FF, FR, RF, RR): (1, 3259, 1, 4)
[M::mem_pestat] skip orientation FF as there are not enough pairs
[M::mem_pestat] analyzing insert size distribution for orientation FR...
[M::mem_pestat] (25, 50, 75) percentile: (352, 514, 541)
[M::mem_pestat] low and high boundaries for computing mean and std.dev: (1, 919)
[M::mem_pestat] mean and std.dev: (444.40, 160.74)
[M::mem_pestat] low and high boundaries for proper pairs: (1, 1108)
[M::mem_pestat] skip orientation RF as there are not enough pairs
[M::mem_pestat] skip orientation RR as there are not enough pairs
[M::mem_process_seqs] Processed 266668 reads in 180.080 CPU sec, 45.107 real sec
[M::process] read 266668 sequences (40000200 bp)...
[M::mem_pestat] # candidate unique pairs for (FF, FR, RF, RR): (1, 3405, 7, 2)
[M::mem_pestat] skip orientation FF as there are not enough pairs
[M::mem_pestat] analyzing insert size distribution for orientation FR...
[M::mem_pestat] (25, 50, 75) percentile: (351, 514, 540)
[M::mem_pestat] low and high boundaries for computing mean and std.dev: (1, 918)
[M::mem_pestat] mean and std.dev: (443.97, 161.69)
[M::mem_pestat] low and high boundaries for proper pairs: (1, 1107)
[M::mem_pestat] skip orientation RF as there are not enough pairs
[M::mem_pestat] skip orientation RR as there are not enough pairs
[M::mem_process_seqs] Processed 266668 reads in 182.145 CPU sec, 45.668 real sec
[M::process] read 266668 sequences (40000200 bp)...
[M::mem_pestat] # candidate unique pairs for (FF, FR, RF, RR): (4, 3214, 4, 3)
[M::mem_pestat] skip orientation FF as there are not enough pairs
[M::mem_pestat] analyzing insert size distribution for orientation FR...
[M::mem_pestat] (25, 50, 75) percentile: (373, 514, 541)
[M::mem_pestat] low and high boundaries for computing mean and std.dev: (37, 877)
[M::mem_pestat] mean and std.dev: (451.52, 155.91)
[M::mem_pestat] low and high boundaries for proper pairs: (1, 1075)
[M::mem_pestat] skip orientation RF as there are not enough pairs
[M::mem_pestat] skip orientation RR as there are not enough pairs
[M::mem_process_seqs] Processed 266668 reads in 181.977 CPU sec, 45.587 real sec
[M::process] read 266668 sequences (40000200 bp)...
[M::mem_pestat] # candidate unique pairs for (FF, FR, RF, RR): (8, 3297, 4, 4)
[M::mem_pestat] skip orientation FF as there are not enough pairs
[M::mem_pestat] analyzing insert size distribution for orientation FR...
[M::mem_pestat] (25, 50, 75) percentile: (350, 513, 539)
[M::mem_pestat] low and high boundaries for computing mean and std.dev: (1, 917)
[M::mem_pestat] mean and std.dev: (442.81, 162.42)
[M::mem_pestat] low and high boundaries for proper pairs: (1, 1106)
[M::mem_pestat] skip orientation RF as there are not enough pairs
[M::mem_pestat] skip orientation RR as there are not enough pairs
[M::mem_process_seqs] Processed 266668 reads in 180.455 CPU sec, 45.187 real sec
[M::process] read 266668 sequences (40000200 bp)...
[M::mem_pestat] # candidate unique pairs for (FF, FR, RF, RR): (6, 3234, 7, 4)
[M::mem_pestat] skip orientation FF as there are not enough pairs
[M::mem_pestat] analyzing insert size distribution for orientation FR...
[M::mem_pestat] (25, 50, 75) percentile: (381, 514, 540)
[M::mem_pestat] low and high boundaries for computing mean and std.dev: (63, 858)
[M::mem_pestat] mean and std.dev: (450.97, 154.98)
[M::mem_pestat] low and high boundaries for proper pairs: (1, 1071)
[M::mem_pestat] skip orientation RF as there are not enough pairs
[M::mem_pestat] skip orientation RR as there are not enough pairs
[M::mem_process_seqs] Processed 266668 reads in 176.741 CPU sec, 44.247 real sec
[M::process] read 266668 sequences (40000200 bp)...
[M::mem_pestat] # candidate unique pairs for (FF, FR, RF, RR): (2, 3177, 5, 3)
[M::mem_pestat] skip orientation FF as there are not enough pairs
[M::mem_pestat] analyzing insert size distribution for orientation FR...
[M::mem_pestat] (25, 50, 75) percentile: (373, 513, 539)
[M::mem_pestat] low and high boundaries for computing mean and std.dev: (41, 871)
[M::mem_pestat] mean and std.dev: (450.07, 155.72)
[M::mem_pestat] low and high boundaries for proper pairs: (1, 1073)
[M::mem_pestat] skip orientation RF as there are not enough pairs
[M::mem_pestat] skip orientation RR as there are not enough pairs
[M::mem_process_seqs] Processed 266668 reads in 178.965 CPU sec, 44.818 real sec
[M::process] read 266668 sequences (40000200 bp)...
[M::mem_pestat] # candidate unique pairs for (FF, FR, RF, RR): (2, 3302, 4, 5)
[M::mem_pestat] skip orientation FF as there are not enough pairs
[M::mem_pestat] analyzing insert size distribution for orientation FR...
[M::mem_pestat] (25, 50, 75) percentile: (331, 512, 537)
[M::mem_pestat] low and high boundaries for computing mean and std.dev: (1, 949)
[M::mem_pestat] mean and std.dev: (437.42, 162.02)
[M::mem_pestat] low and high boundaries for proper pairs: (1, 1155)
[M::mem_pestat] skip orientation RF as there are not enough pairs
[M::mem_pestat] skip orientation RR as there are not enough pairs
[M::mem_process_seqs] Processed 266668 reads in 177.514 CPU sec, 44.445 real sec
[M::process] read 266668 sequences (40000200 bp)...
[M::mem_pestat] # candidate unique pairs for (FF, FR, RF, RR): (4, 3215, 4, 5)
[M::mem_pestat] skip orientation FF as there are not enough pairs
[M::mem_pestat] analyzing insert size distribution for orientation FR...
[M::mem_pestat] (25, 50, 75) percentile: (362, 514, 540)
[M::mem_pestat] low and high boundaries for computing mean and std.dev: (6, 896)
[M::mem_pestat] mean and std.dev: (445.72, 161.11)
[M::mem_pestat] low and high boundaries for proper pairs: (1, 1090)
[M::mem_pestat] skip orientation RF as there are not enough pairs
[M::mem_pestat] skip orientation RR as there are not enough pairs
[M::mem_process_seqs] Processed 266668 reads in 176.139 CPU sec, 44.099 real sec
[M::process] read 266668 sequences (40000200 bp)...
[M::mem_pestat] # candidate unique pairs for (FF, FR, RF, RR): (4, 3303, 4, 3)
[M::mem_pestat] skip orientation FF as there are not enough pairs
[M::mem_pestat] analyzing insert size distribution for orientation FR...
[M::mem_pestat] (25, 50, 75) percentile: (375, 513, 541)
[M::mem_pestat] low and high boundaries for computing mean and std.dev: (43, 873)
[M::mem_pestat] mean and std.dev: (449.99, 157.93)
[M::mem_pestat] low and high boundaries for proper pairs: (1, 1082)
[M::mem_pestat] skip orientation RF as there are not enough pairs
[M::mem_pestat] skip orientation RR as there are not enough pairs
[M::mem_process_seqs] Processed 266668 reads in 179.465 CPU sec, 44.939 real sec
[M::process] read 266668 sequences (40000200 bp)...
[M::mem_pestat] # candidate unique pairs for (FF, FR, RF, RR): (5, 3288, 2, 3)
[M::mem_pestat] skip orientation FF as there are not enough pairs
[M::mem_pestat] analyzing insert size distribution for orientation FR...
[M::mem_pestat] (25, 50, 75) percentile: (358, 513, 539)
[M::mem_pestat] low and high boundaries for computing mean and std.dev: (1, 901)
[M::mem_pestat] mean and std.dev: (445.33, 158.79)
[M::mem_pestat] low and high boundaries for proper pairs: (1, 1082)
[M::mem_pestat] skip orientation RF as there are not enough pairs
[M::mem_pestat] skip orientation RR as there are not enough pairs
[M::mem_process_seqs] Processed 266668 reads in 178.605 CPU sec, 44.719 real sec
[M::process] read 266668 sequences (40000200 bp)...
[M::mem_pestat] # candidate unique pairs for (FF, FR, RF, RR): (1, 3366, 2, 2)
[M::mem_pestat] skip orientation FF as there are not enough pairs
[M::mem_pestat] analyzing insert size distribution for orientation FR...
[M::mem_pestat] (25, 50, 75) percentile: (352, 513, 539)
[M::mem_pestat] low and high boundaries for computing mean and std.dev: (1, 913)
[M::mem_pestat] mean and std.dev: (443.71, 161.29)
[M::mem_pestat] low and high boundaries for proper pairs: (1, 1100)
[M::mem_pestat] skip orientation RF as there are not enough pairs
[M::mem_pestat] skip orientation RR as there are not enough pairs
[M::mem_process_seqs] Processed 266668 reads in 182.275 CPU sec, 45.643 real sec
[M::process] read 266668 sequences (40000200 bp)...
[M::mem_pestat] # candidate unique pairs for (FF, FR, RF, RR): (2, 3325, 7, 4)
[M::mem_pestat] skip orientation FF as there are not enough pairs
[M::mem_pestat] analyzing insert size distribution for orientation FR...
[M::mem_pestat] (25, 50, 75) percentile: (352, 514, 541)
[M::mem_pestat] low and high boundaries for computing mean and std.dev: (1, 919)
[M::mem_pestat] mean and std.dev: (444.56, 161.57)
[M::mem_pestat] low and high boundaries for proper pairs: (1, 1108)
[M::mem_pestat] skip orientation RF as there are not enough pairs
[M::mem_pestat] skip orientation RR as there are not enough pairs
[M::mem_process_seqs] Processed 266668 reads in 177.972 CPU sec, 44.562 real sec
[M::process] read 266668 sequences (40000200 bp)...
[M::mem_pestat] # candidate unique pairs for (FF, FR, RF, RR): (5, 3412, 3, 4)
[M::mem_pestat] skip orientation FF as there are not enough pairs
[M::mem_pestat] analyzing insert size distribution for orientation FR...
[M::mem_pestat] (25, 50, 75) percentile: (400, 514, 542)
[M::mem_pestat] low and high boundaries for computing mean and std.dev: (116, 826)
[M::mem_pestat] mean and std.dev: (462.50, 146.27)
[M::mem_pestat] low and high boundaries for proper pairs: (1, 1048)
[M::mem_pestat] skip orientation RF as there are not enough pairs
[M::mem_pestat] skip orientation RR as there are not enough pairs
[M::mem_process_seqs] Processed 266668 reads in 176.837 CPU sec, 44.271 real sec
[M::process] read 266668 sequences (40000200 bp)...
[M::mem_pestat] # candidate unique pairs for (FF, FR, RF, RR): (2, 3360, 4, 0)
[M::mem_pestat] skip orientation FF as there are not enough pairs
[M::mem_pestat] analyzing insert size distribution for orientation FR...
[M::mem_pestat] (25, 50, 75) percentile: (372, 513, 540)
[M::mem_pestat] low and high boundaries for computing mean and std.dev: (36, 876)
[M::mem_pestat] mean and std.dev: (451.37, 154.29)
[M::mem_pestat] low and high boundaries for proper pairs: (1, 1069)
[M::mem_pestat] skip orientation RF as there are not enough pairs
[M::mem_pestat] skip orientation RR as there are not enough pairs
[M::mem_process_seqs] Processed 266668 reads in 177.277 CPU sec, 44.400 real sec
[M::process] read 266668 sequences (40000200 bp)...
[M::mem_pestat] # candidate unique pairs for (FF, FR, RF, RR): (3, 3266, 1, 3)
[M::mem_pestat] skip orientation FF as there are not enough pairs
[M::mem_pestat] analyzing insert size distribution for orientation FR...
[M::mem_pestat] (25, 50, 75) percentile: (368, 515, 541)
[M::mem_pestat] low and high boundaries for computing mean and std.dev: (22, 887)
[M::mem_pestat] mean and std.dev: (445.80, 161.57)
[M::mem_pestat] low and high boundaries for proper pairs: (1, 1092)
[M::mem_pestat] skip orientation RF as there are not enough pairs
[M::mem_pestat] skip orientation RR as there are not enough pairs
[M::mem_process_seqs] Processed 266668 reads in 182.424 CPU sec, 45.693 real sec
[M::process] read 33464 sequences (5019600 bp)...
[M::mem_pestat] # candidate unique pairs for (FF, FR, RF, RR): (1, 3386, 2, 1)
[M::mem_pestat] skip orientation FF as there are not enough pairs
[M::mem_pestat] analyzing insert size distribution for orientation FR...
[M::mem_pestat] (25, 50, 75) percentile: (380, 514, 540)
[M::mem_pestat] low and high boundaries for computing mean and std.dev: (60, 860)
[M::mem_pestat] mean and std.dev: (452.30, 154.69)
[M::mem_pestat] low and high boundaries for proper pairs: (1, 1071)
[M::mem_pestat] skip orientation RF as there are not enough pairs
[M::mem_pestat] skip orientation RR as there are not enough pairs
[M::mem_process_seqs] Processed 266668 reads in 181.711 CPU sec, 45.502 real sec
[M::mem_pestat] # candidate unique pairs for (FF, FR, RF, RR): (1, 426, 1, 0)
[M::mem_pestat] skip orientation FF as there are not enough pairs
[M::mem_pestat] analyzing insert size distribution for orientation FR...
[M::mem_pestat] (25, 50, 75) percentile: (343, 515, 543)
[M::mem_pestat] low and high boundaries for computing mean and std.dev: (1, 943)
[M::mem_pestat] mean and std.dev: (443.88, 164.66)
[M::mem_pestat] low and high boundaries for proper pairs: (1, 1143)
[M::mem_pestat] skip orientation RF as there are not enough pairs
[M::mem_pestat] skip orientation RR as there are not enough pairs
[M::mem_process_seqs] Processed 33464 reads in 23.934 CPU sec, 6.014 real sec
[main] Version: 0.7.17-r1188
[main] CMD: bwa mem -t 4 -a /mnt/raid6/bacphagenetwork/data/bwa_index/chm13v2.0_noY.fa /mnt/raid6/bacphagenetwork/data/skin_metagenome/Guangzhou/02_rm_host/65_1.fastq.gz /mnt/raid6/bacphagenetwork/data/skin_metagenome/Guangzhou/02_rm_host/65_2.fastq.gz
[main] Real time: 2666.440 sec; CPU: 10629.036 sec
