/home/bacphagenetwork/.bashrc: line 15: Custom: command not found
[M::bwa_idx_load_from_disk] read 0 ALT contigs
[M::process] read 266668 sequences (40000200 bp)...
[M::process] read 266668 sequences (40000200 bp)...
[M::mem_pestat] # candidate unique pairs for (FF, FR, RF, RR): (55, 28372, 1, 41)
[M::mem_pestat] analyzing insert size distribution for orientation FF...
[M::mem_pestat] (25, 50, 75) percentile: (243, 562, 1499)
[M::mem_pestat] low and high boundaries for computing mean and std.dev: (1, 4011)
[M::mem_pestat] mean and std.dev: (1017.59, 1083.69)
[M::mem_pestat] low and high boundaries for proper pairs: (1, 5352)
[M::mem_pestat] analyzing insert size distribution for orientation FR...
[M::mem_pestat] (25, 50, 75) percentile: (507, 523, 550)
[M::mem_pestat] low and high boundaries for computing mean and std.dev: (421, 636)
[M::mem_pestat] mean and std.dev: (533.58, 31.56)
[M::mem_pestat] low and high boundaries for proper pairs: (378, 679)
[M::mem_pestat] skip orientation RF as there are not enough pairs
[M::mem_pestat] analyzing insert size distribution for orientation RR...
[M::mem_pestat] (25, 50, 75) percentile: (602, 790, 1510)
[M::mem_pestat] low and high boundaries for computing mean and std.dev: (1, 3326)
[M::mem_pestat] mean and std.dev: (945.36, 564.31)
[M::mem_pestat] low and high boundaries for proper pairs: (1, 4234)
[M::mem_pestat] skip orientation FF
[M::mem_pestat] skip orientation RR
[M::mem_process_seqs] Processed 266668 reads in 300.607 CPU sec, 75.413 real sec
[M::process] read 266668 sequences (40000200 bp)...
[M::mem_pestat] # candidate unique pairs for (FF, FR, RF, RR): (35, 28738, 9, 42)
[M::mem_pestat] analyzing insert size distribution for orientation FF...
[M::mem_pestat] (25, 50, 75) percentile: (335, 723, 971)
[M::mem_pestat] low and high boundaries for computing mean and std.dev: (1, 2243)
[M::mem_pestat] mean and std.dev: (680.38, 460.47)
[M::mem_pestat] low and high boundaries for proper pairs: (1, 2879)
[M::mem_pestat] analyzing insert size distribution for orientation FR...
[M::mem_pestat] (25, 50, 75) percentile: (508, 524, 551)
[M::mem_pestat] low and high boundaries for computing mean and std.dev: (422, 637)
[M::mem_pestat] mean and std.dev: (533.80, 31.09)
[M::mem_pestat] low and high boundaries for proper pairs: (379, 680)
[M::mem_pestat] skip orientation RF as there are not enough pairs
[M::mem_pestat] analyzing insert size distribution for orientation RR...
[M::mem_pestat] (25, 50, 75) percentile: (317, 1190, 1884)
[M::mem_pestat] low and high boundaries for computing mean and std.dev: (1, 5018)
[M::mem_pestat] mean and std.dev: (1214.25, 928.58)
[M::mem_pestat] low and high boundaries for proper pairs: (1, 6585)
[M::mem_pestat] skip orientation FF
[M::mem_pestat] skip orientation RR
[M::mem_process_seqs] Processed 266668 reads in 272.728 CPU sec, 68.317 real sec
[M::process] read 266668 sequences (40000200 bp)...
[M::mem_pestat] # candidate unique pairs for (FF, FR, RF, RR): (42, 28391, 5, 49)
[M::mem_pestat] analyzing insert size distribution for orientation FF...
[M::mem_pestat] (25, 50, 75) percentile: (305, 667, 1031)
[M::mem_pestat] low and high boundaries for computing mean and std.dev: (1, 2483)
[M::mem_pestat] mean and std.dev: (704.73, 507.79)
[M::mem_pestat] low and high boundaries for proper pairs: (1, 3209)
[M::mem_pestat] analyzing insert size distribution for orientation FR...
[M::mem_pestat] (25, 50, 75) percentile: (508, 524, 551)
[M::mem_pestat] low and high boundaries for computing mean and std.dev: (422, 637)
[M::mem_pestat] mean and std.dev: (534.12, 31.11)
[M::mem_pestat] low and high boundaries for proper pairs: (379, 680)
[M::mem_pestat] skip orientation RF as there are not enough pairs
[M::mem_pestat] analyzing insert size distribution for orientation RR...
[M::mem_pestat] (25, 50, 75) percentile: (581, 1160, 1875)
[M::mem_pestat] low and high boundaries for computing mean and std.dev: (1, 4463)
[M::mem_pestat] mean and std.dev: (1224.61, 832.23)
[M::mem_pestat] low and high boundaries for proper pairs: (1, 5757)
[M::mem_pestat] skip orientation FF
[M::mem_pestat] skip orientation RR
[M::mem_process_seqs] Processed 266668 reads in 275.715 CPU sec, 69.029 real sec
[M::process] read 266668 sequences (40000200 bp)...
[M::mem_pestat] # candidate unique pairs for (FF, FR, RF, RR): (37, 28762, 8, 48)
[M::mem_pestat] analyzing insert size distribution for orientation FF...
[M::mem_pestat] (25, 50, 75) percentile: (476, 783, 1861)
[M::mem_pestat] low and high boundaries for computing mean and std.dev: (1, 4631)
[M::mem_pestat] mean and std.dev: (1031.74, 891.97)
[M::mem_pestat] low and high boundaries for proper pairs: (1, 6016)
[M::mem_pestat] analyzing insert size distribution for orientation FR...
[M::mem_pestat] (25, 50, 75) percentile: (508, 524, 551)
[M::mem_pestat] low and high boundaries for computing mean and std.dev: (422, 637)
[M::mem_pestat] mean and std.dev: (534.35, 31.61)
[M::mem_pestat] low and high boundaries for proper pairs: (379, 680)
[M::mem_pestat] skip orientation RF as there are not enough pairs
[M::mem_pestat] analyzing insert size distribution for orientation RR...
[M::mem_pestat] (25, 50, 75) percentile: (607, 1017, 1585)
[M::mem_pestat] low and high boundaries for computing mean and std.dev: (1, 3541)
[M::mem_pestat] mean and std.dev: (1049.76, 624.94)
[M::mem_pestat] low and high boundaries for proper pairs: (1, 4519)
[M::mem_pestat] skip orientation FF
[M::mem_pestat] skip orientation RR
[M::mem_process_seqs] Processed 266668 reads in 271.631 CPU sec, 68.020 real sec
[M::process] read 266668 sequences (40000200 bp)...
[M::mem_pestat] # candidate unique pairs for (FF, FR, RF, RR): (27, 28917, 4, 32)
[M::mem_pestat] analyzing insert size distribution for orientation FF...
[M::mem_pestat] (25, 50, 75) percentile: (323, 745, 1677)
[M::mem_pestat] low and high boundaries for computing mean and std.dev: (1, 4385)
[M::mem_pestat] mean and std.dev: (924.64, 833.00)
[M::mem_pestat] low and high boundaries for proper pairs: (1, 5739)
[M::mem_pestat] analyzing insert size distribution for orientation FR...
[M::mem_pestat] (25, 50, 75) percentile: (508, 524, 552)
[M::mem_pestat] low and high boundaries for computing mean and std.dev: (420, 640)
[M::mem_pestat] mean and std.dev: (534.61, 32.16)
[M::mem_pestat] low and high boundaries for proper pairs: (376, 684)
[M::mem_pestat] skip orientation RF as there are not enough pairs
[M::mem_pestat] analyzing insert size distribution for orientation RR...
[M::mem_pestat] (25, 50, 75) percentile: (334, 923, 2018)
[M::mem_pestat] low and high boundaries for computing mean and std.dev: (1, 5386)
[M::mem_pestat] mean and std.dev: (1139.81, 863.06)
[M::mem_pestat] low and high boundaries for proper pairs: (1, 7070)
[M::mem_pestat] skip orientation FF
[M::mem_pestat] skip orientation RR
[M::mem_process_seqs] Processed 266668 reads in 275.209 CPU sec, 68.901 real sec
[M::process] read 266668 sequences (40000200 bp)...
[M::mem_pestat] # candidate unique pairs for (FF, FR, RF, RR): (34, 28895, 5, 43)
[M::mem_pestat] analyzing insert size distribution for orientation FF...
[M::mem_pestat] (25, 50, 75) percentile: (236, 1071, 1632)
[M::mem_pestat] low and high boundaries for computing mean and std.dev: (1, 4424)
[M::mem_pestat] mean and std.dev: (1260.09, 1220.69)
[M::mem_pestat] low and high boundaries for proper pairs: (1, 6143)
[M::mem_pestat] analyzing insert size distribution for orientation FR...
[M::mem_pestat] (25, 50, 75) percentile: (508, 524, 552)
[M::mem_pestat] low and high boundaries for computing mean and std.dev: (420, 640)
[M::mem_pestat] mean and std.dev: (534.44, 31.91)
[M::mem_pestat] low and high boundaries for proper pairs: (376, 684)
[M::mem_pestat] skip orientation RF as there are not enough pairs
[M::mem_pestat] analyzing insert size distribution for orientation RR...
[M::mem_pestat] (25, 50, 75) percentile: (403, 1029, 2186)
[M::mem_pestat] low and high boundaries for computing mean and std.dev: (1, 5752)
[M::mem_pestat] mean and std.dev: (1339.51, 1197.63)
[M::mem_pestat] low and high boundaries for proper pairs: (1, 7535)
[M::mem_pestat] skip orientation FF
[M::mem_pestat] skip orientation RR
[M::mem_process_seqs] Processed 266668 reads in 275.319 CPU sec, 68.938 real sec
[M::process] read 266668 sequences (40000200 bp)...
[M::mem_pestat] # candidate unique pairs for (FF, FR, RF, RR): (40, 29125, 6, 35)
[M::mem_pestat] analyzing insert size distribution for orientation FF...
[M::mem_pestat] (25, 50, 75) percentile: (202, 496, 1127)
[M::mem_pestat] low and high boundaries for computing mean and std.dev: (1, 2977)
[M::mem_pestat] mean and std.dev: (694.41, 636.62)
[M::mem_pestat] low and high boundaries for proper pairs: (1, 3902)
[M::mem_pestat] analyzing insert size distribution for orientation FR...
[M::mem_pestat] (25, 50, 75) percentile: (508, 524, 552)
[M::mem_pestat] low and high boundaries for computing mean and std.dev: (420, 640)
[M::mem_pestat] mean and std.dev: (534.65, 32.05)
[M::mem_pestat] low and high boundaries for proper pairs: (376, 684)
[M::mem_pestat] skip orientation RF as there are not enough pairs
[M::mem_pestat] analyzing insert size distribution for orientation RR...
[M::mem_pestat] (25, 50, 75) percentile: (777, 1160, 1773)
[M::mem_pestat] low and high boundaries for computing mean and std.dev: (1, 3765)
[M::mem_pestat] mean and std.dev: (1137.44, 645.90)
[M::mem_pestat] low and high boundaries for proper pairs: (1, 4761)
[M::mem_pestat] skip orientation FF
[M::mem_pestat] skip orientation RR
[M::mem_process_seqs] Processed 266668 reads in 275.089 CPU sec, 68.917 real sec
[M::process] read 266668 sequences (40000200 bp)...
[M::mem_pestat] # candidate unique pairs for (FF, FR, RF, RR): (44, 28680, 4, 48)
[M::mem_pestat] analyzing insert size distribution for orientation FF...
[M::mem_pestat] (25, 50, 75) percentile: (409, 979, 1668)
[M::mem_pestat] low and high boundaries for computing mean and std.dev: (1, 4186)
[M::mem_pestat] mean and std.dev: (1024.39, 797.33)
[M::mem_pestat] low and high boundaries for proper pairs: (1, 5445)
[M::mem_pestat] analyzing insert size distribution for orientation FR...
[M::mem_pestat] (25, 50, 75) percentile: (508, 524, 552)
[M::mem_pestat] low and high boundaries for computing mean and std.dev: (420, 640)
[M::mem_pestat] mean and std.dev: (534.41, 31.95)
[M::mem_pestat] low and high boundaries for proper pairs: (376, 684)
[M::mem_pestat] skip orientation RF as there are not enough pairs
[M::mem_pestat] analyzing insert size distribution for orientation RR...
[M::mem_pestat] (25, 50, 75) percentile: (682, 1061, 1849)
[M::mem_pestat] low and high boundaries for computing mean and std.dev: (1, 4183)
[M::mem_pestat] mean and std.dev: (1147.00, 635.53)
[M::mem_pestat] low and high boundaries for proper pairs: (1, 5350)
[M::mem_pestat] skip orientation FF
[M::mem_pestat] skip orientation RR
[M::mem_process_seqs] Processed 266668 reads in 272.970 CPU sec, 68.370 real sec
[M::process] read 266668 sequences (40000200 bp)...
[M::mem_pestat] # candidate unique pairs for (FF, FR, RF, RR): (33, 28787, 9, 46)
[M::mem_pestat] analyzing insert size distribution for orientation FF...
[M::mem_pestat] (25, 50, 75) percentile: (401, 790, 1381)
[M::mem_pestat] low and high boundaries for computing mean and std.dev: (1, 3341)
[M::mem_pestat] mean and std.dev: (881.75, 639.57)
[M::mem_pestat] low and high boundaries for proper pairs: (1, 4321)
[M::mem_pestat] analyzing insert size distribution for orientation FR...
[M::mem_pestat] (25, 50, 75) percentile: (508, 524, 552)
[M::mem_pestat] low and high boundaries for computing mean and std.dev: (420, 640)
[M::mem_pestat] mean and std.dev: (534.78, 32.39)
[M::mem_pestat] low and high boundaries for proper pairs: (376, 684)
[M::mem_pestat] skip orientation RF as there are not enough pairs
[M::mem_pestat] analyzing insert size distribution for orientation RR...
[M::mem_pestat] (25, 50, 75) percentile: (534, 1120, 1814)
[M::mem_pestat] low and high boundaries for computing mean and std.dev: (1, 4374)
[M::mem_pestat] mean and std.dev: (1231.52, 934.09)
[M::mem_pestat] low and high boundaries for proper pairs: (1, 5654)
[M::mem_pestat] skip orientation FF
[M::mem_pestat] skip orientation RR
[M::mem_process_seqs] Processed 266668 reads in 276.345 CPU sec, 69.207 real sec
[M::process] read 266668 sequences (40000200 bp)...
[M::mem_pestat] # candidate unique pairs for (FF, FR, RF, RR): (41, 29080, 9, 34)
[M::mem_pestat] analyzing insert size distribution for orientation FF...
[M::mem_pestat] (25, 50, 75) percentile: (306, 742, 1468)
[M::mem_pestat] low and high boundaries for computing mean and std.dev: (1, 3792)
[M::mem_pestat] mean and std.dev: (907.12, 722.32)
[M::mem_pestat] low and high boundaries for proper pairs: (1, 4954)
[M::mem_pestat] analyzing insert size distribution for orientation FR...
[M::mem_pestat] (25, 50, 75) percentile: (508, 524, 551)
[M::mem_pestat] low and high boundaries for computing mean and std.dev: (422, 637)
[M::mem_pestat] mean and std.dev: (534.19, 31.37)
[M::mem_pestat] low and high boundaries for proper pairs: (379, 680)
[M::mem_pestat] skip orientation RF as there are not enough pairs
[M::mem_pestat] analyzing insert size distribution for orientation RR...
[M::mem_pestat] (25, 50, 75) percentile: (688, 1197, 1704)
[M::mem_pestat] low and high boundaries for computing mean and std.dev: (1, 3736)
[M::mem_pestat] mean and std.dev: (1152.70, 670.86)
[M::mem_pestat] low and high boundaries for proper pairs: (1, 4752)
[M::mem_pestat] skip orientation FF
[M::mem_pestat] skip orientation RR
[M::mem_process_seqs] Processed 266668 reads in 270.785 CPU sec, 67.813 real sec
[M::process] read 266668 sequences (40000200 bp)...
[M::mem_pestat] # candidate unique pairs for (FF, FR, RF, RR): (36, 29001, 2, 39)
[M::mem_pestat] analyzing insert size distribution for orientation FF...
[M::mem_pestat] (25, 50, 75) percentile: (481, 1123, 2256)
[M::mem_pestat] low and high boundaries for computing mean and std.dev: (1, 5806)
[M::mem_pestat] mean and std.dev: (1376.06, 1213.67)
[M::mem_pestat] low and high boundaries for proper pairs: (1, 7581)
[M::mem_pestat] analyzing insert size distribution for orientation FR...
[M::mem_pestat] (25, 50, 75) percentile: (508, 524, 552)
[M::mem_pestat] low and high boundaries for computing mean and std.dev: (420, 640)
[M::mem_pestat] mean and std.dev: (534.60, 31.94)
[M::mem_pestat] low and high boundaries for proper pairs: (376, 684)
[M::mem_pestat] skip orientation RF as there are not enough pairs
[M::mem_pestat] analyzing insert size distribution for orientation RR...
[M::mem_pestat] (25, 50, 75) percentile: (732, 1174, 2059)
[M::mem_pestat] low and high boundaries for computing mean and std.dev: (1, 4713)
[M::mem_pestat] mean and std.dev: (1287.26, 820.50)
[M::mem_pestat] low and high boundaries for proper pairs: (1, 6040)
[M::mem_pestat] skip orientation FF
[M::mem_pestat] skip orientation RR
[M::mem_process_seqs] Processed 266668 reads in 278.484 CPU sec, 69.821 real sec
[M::process] read 266668 sequences (40000200 bp)...
[M::mem_pestat] # candidate unique pairs for (FF, FR, RF, RR): (46, 29222, 11, 34)
[M::mem_pestat] analyzing insert size distribution for orientation FF...
[M::mem_pestat] (25, 50, 75) percentile: (524, 1272, 1862)
[M::mem_pestat] low and high boundaries for computing mean and std.dev: (1, 4538)
[M::mem_pestat] mean and std.dev: (1143.95, 760.30)
[M::mem_pestat] low and high boundaries for proper pairs: (1, 5876)
[M::mem_pestat] analyzing insert size distribution for orientation FR...
[M::mem_pestat] (25, 50, 75) percentile: (508, 524, 552)
[M::mem_pestat] low and high boundaries for computing mean and std.dev: (420, 640)
[M::mem_pestat] mean and std.dev: (534.57, 32.30)
[M::mem_pestat] low and high boundaries for proper pairs: (376, 684)
[M::mem_pestat] analyzing insert size distribution for orientation RF...
[M::mem_pestat] (25, 50, 75) percentile: (602, 847, 2092)
[M::mem_pestat] low and high boundaries for computing mean and std.dev: (1, 5072)
[M::mem_pestat] mean and std.dev: (1206.45, 915.50)
[M::mem_pestat] low and high boundaries for proper pairs: (1, 6562)
[M::mem_pestat] analyzing insert size distribution for orientation RR...
[M::mem_pestat] (25, 50, 75) percentile: (885, 1252, 2400)
[M::mem_pestat] low and high boundaries for computing mean and std.dev: (1, 5430)
[M::mem_pestat] mean and std.dev: (1555.84, 1182.79)
[M::mem_pestat] low and high boundaries for proper pairs: (1, 6945)
[M::mem_pestat] skip orientation FF
[M::mem_pestat] skip orientation RF
[M::mem_pestat] skip orientation RR
[M::mem_process_seqs] Processed 266668 reads in 272.833 CPU sec, 68.324 real sec
[M::process] read 266668 sequences (40000200 bp)...
[M::mem_pestat] # candidate unique pairs for (FF, FR, RF, RR): (38, 29108, 5, 42)
[M::mem_pestat] analyzing insert size distribution for orientation FF...
[M::mem_pestat] (25, 50, 75) percentile: (287, 899, 2014)
[M::mem_pestat] low and high boundaries for computing mean and std.dev: (1, 5468)
[M::mem_pestat] mean and std.dev: (1138.53, 1014.58)
[M::mem_pestat] low and high boundaries for proper pairs: (1, 7195)
[M::mem_pestat] analyzing insert size distribution for orientation FR...
[M::mem_pestat] (25, 50, 75) percentile: (508, 524, 552)
[M::mem_pestat] low and high boundaries for computing mean and std.dev: (420, 640)
[M::mem_pestat] mean and std.dev: (534.72, 31.89)
[M::mem_pestat] low and high boundaries for proper pairs: (376, 684)
[M::mem_pestat] skip orientation RF as there are not enough pairs
[M::mem_pestat] analyzing insert size distribution for orientation RR...
[M::mem_pestat] (25, 50, 75) percentile: (487, 1275, 1762)
[M::mem_pestat] low and high boundaries for computing mean and std.dev: (1, 4312)
[M::mem_pestat] mean and std.dev: (1309.76, 822.30)
[M::mem_pestat] low and high boundaries for proper pairs: (1, 5587)
[M::mem_pestat] skip orientation FF
[M::mem_pestat] skip orientation RR
[M::mem_process_seqs] Processed 266668 reads in 275.863 CPU sec, 69.070 real sec
[M::process] read 266668 sequences (40000200 bp)...
[M::mem_pestat] # candidate unique pairs for (FF, FR, RF, RR): (43, 28993, 7, 41)
[M::mem_pestat] analyzing insert size distribution for orientation FF...
[M::mem_pestat] (25, 50, 75) percentile: (241, 600, 1083)
[M::mem_pestat] low and high boundaries for computing mean and std.dev: (1, 2767)
[M::mem_pestat] mean and std.dev: (720.14, 581.90)
[M::mem_pestat] low and high boundaries for proper pairs: (1, 3609)
[M::mem_pestat] analyzing insert size distribution for orientation FR...
[M::mem_pestat] (25, 50, 75) percentile: (507, 524, 551)
[M::mem_pestat] low and high boundaries for computing mean and std.dev: (419, 639)
[M::mem_pestat] mean and std.dev: (534.29, 31.79)
[M::mem_pestat] low and high boundaries for proper pairs: (375, 683)
[M::mem_pestat] skip orientation RF as there are not enough pairs
[M::mem_pestat] analyzing insert size distribution for orientation RR...
[M::mem_pestat] (25, 50, 75) percentile: (505, 975, 1463)
[M::mem_pestat] low and high boundaries for computing mean and std.dev: (1, 3379)
[M::mem_pestat] mean and std.dev: (1025.78, 666.95)
[M::mem_pestat] low and high boundaries for proper pairs: (1, 4337)
[M::mem_pestat] skip orientation FF
[M::mem_pestat] skip orientation RR
[M::mem_process_seqs] Processed 266668 reads in 274.270 CPU sec, 68.687 real sec
[M::process] read 266668 sequences (40000200 bp)...
[M::mem_pestat] # candidate unique pairs for (FF, FR, RF, RR): (43, 29220, 4, 37)
[M::mem_pestat] analyzing insert size distribution for orientation FF...
[M::mem_pestat] (25, 50, 75) percentile: (267, 823, 1579)
[M::mem_pestat] low and high boundaries for computing mean and std.dev: (1, 4203)
[M::mem_pestat] mean and std.dev: (1028.88, 869.69)
[M::mem_pestat] low and high boundaries for proper pairs: (1, 5515)
[M::mem_pestat] analyzing insert size distribution for orientation FR...
[M::mem_pestat] (25, 50, 75) percentile: (508, 525, 553)
[M::mem_pestat] low and high boundaries for computing mean and std.dev: (418, 643)
[M::mem_pestat] mean and std.dev: (535.20, 32.53)
[M::mem_pestat] low and high boundaries for proper pairs: (373, 688)
[M::mem_pestat] skip orientation RF as there are not enough pairs
[M::mem_pestat] analyzing insert size distribution for orientation RR...
[M::mem_pestat] (25, 50, 75) percentile: (549, 937, 1762)
[M::mem_pestat] low and high boundaries for computing mean and std.dev: (1, 4188)
[M::mem_pestat] mean and std.dev: (1062.80, 853.08)
[M::mem_pestat] low and high boundaries for proper pairs: (1, 5401)
[M::mem_pestat] skip orientation FF
[M::mem_pestat] skip orientation RR
[M::mem_process_seqs] Processed 266668 reads in 271.952 CPU sec, 68.099 real sec
[M::process] read 266668 sequences (40000200 bp)...
[M::mem_pestat] # candidate unique pairs for (FF, FR, RF, RR): (34, 29143, 6, 41)
[M::mem_pestat] analyzing insert size distribution for orientation FF...
[M::mem_pestat] (25, 50, 75) percentile: (185, 736, 1486)
[M::mem_pestat] low and high boundaries for computing mean and std.dev: (1, 4088)
[M::mem_pestat] mean and std.dev: (905.29, 899.76)
[M::mem_pestat] low and high boundaries for proper pairs: (1, 5389)
[M::mem_pestat] analyzing insert size distribution for orientation FR...
[M::mem_pestat] (25, 50, 75) percentile: (508, 525, 552)
[M::mem_pestat] low and high boundaries for computing mean and std.dev: (420, 640)
[M::mem_pestat] mean and std.dev: (534.87, 32.28)
[M::mem_pestat] low and high boundaries for proper pairs: (376, 684)
[M::mem_pestat] skip orientation RF as there are not enough pairs
[M::mem_pestat] analyzing insert size distribution for orientation RR...
[M::mem_pestat] (25, 50, 75) percentile: (622, 1120, 1652)
[M::mem_pestat] low and high boundaries for computing mean and std.dev: (1, 3712)
[M::mem_pestat] mean and std.dev: (1152.63, 706.57)
[M::mem_pestat] low and high boundaries for proper pairs: (1, 4742)
[M::mem_pestat] skip orientation FF
[M::mem_pestat] skip orientation RR
[M::mem_process_seqs] Processed 266668 reads in 276.332 CPU sec, 69.218 real sec
[M::process] read 266668 sequences (40000200 bp)...
[M::mem_pestat] # candidate unique pairs for (FF, FR, RF, RR): (35, 29137, 8, 43)
[M::mem_pestat] analyzing insert size distribution for orientation FF...
[M::mem_pestat] (25, 50, 75) percentile: (504, 965, 1443)
[M::mem_pestat] low and high boundaries for computing mean and std.dev: (1, 3321)
[M::mem_pestat] mean and std.dev: (899.35, 646.24)
[M::mem_pestat] low and high boundaries for proper pairs: (1, 4260)
[M::mem_pestat] analyzing insert size distribution for orientation FR...
[M::mem_pestat] (25, 50, 75) percentile: (508, 525, 553)
[M::mem_pestat] low and high boundaries for computing mean and std.dev: (418, 643)
[M::mem_pestat] mean and std.dev: (535.07, 32.42)
[M::mem_pestat] low and high boundaries for proper pairs: (373, 688)
[M::mem_pestat] skip orientation RF as there are not enough pairs
[M::mem_pestat] analyzing insert size distribution for orientation RR...
[M::mem_pestat] (25, 50, 75) percentile: (427, 884, 1692)
[M::mem_pestat] low and high boundaries for computing mean and std.dev: (1, 4222)
[M::mem_pestat] mean and std.dev: (1140.30, 926.82)
[M::mem_pestat] low and high boundaries for proper pairs: (1, 5487)
[M::mem_pestat] skip orientation FF
[M::mem_pestat] skip orientation RR
[M::mem_process_seqs] Processed 266668 reads in 277.452 CPU sec, 69.499 real sec
[M::process] read 266668 sequences (40000200 bp)...
[M::mem_pestat] # candidate unique pairs for (FF, FR, RF, RR): (43, 29171, 5, 43)
[M::mem_pestat] analyzing insert size distribution for orientation FF...
[M::mem_pestat] (25, 50, 75) percentile: (344, 759, 1650)
[M::mem_pestat] low and high boundaries for computing mean and std.dev: (1, 4262)
[M::mem_pestat] mean and std.dev: (997.76, 819.13)
[M::mem_pestat] low and high boundaries for proper pairs: (1, 5568)
[M::mem_pestat] analyzing insert size distribution for orientation FR...
[M::mem_pestat] (25, 50, 75) percentile: (508, 524, 553)
[M::mem_pestat] low and high boundaries for computing mean and std.dev: (418, 643)
[M::mem_pestat] mean and std.dev: (535.04, 32.79)
[M::mem_pestat] low and high boundaries for proper pairs: (373, 688)
[M::mem_pestat] skip orientation RF as there are not enough pairs
[M::mem_pestat] analyzing insert size distribution for orientation RR...
[M::mem_pestat] (25, 50, 75) percentile: (680, 1004, 1704)
[M::mem_pestat] low and high boundaries for computing mean and std.dev: (1, 3752)
[M::mem_pestat] mean and std.dev: (1187.58, 770.14)
[M::mem_pestat] low and high boundaries for proper pairs: (1, 4776)
[M::mem_pestat] skip orientation FF
[M::mem_pestat] skip orientation RR
[M::mem_process_seqs] Processed 266668 reads in 266.508 CPU sec, 66.738 real sec
[M::process] read 266668 sequences (40000200 bp)...
[M::mem_pestat] # candidate unique pairs for (FF, FR, RF, RR): (44, 29245, 8, 42)
[M::mem_pestat] analyzing insert size distribution for orientation FF...
[M::mem_pestat] (25, 50, 75) percentile: (364, 1090, 2408)
[M::mem_pestat] low and high boundaries for computing mean and std.dev: (1, 6496)
[M::mem_pestat] mean and std.dev: (1327.50, 1172.58)
[M::mem_pestat] low and high boundaries for proper pairs: (1, 8540)
[M::mem_pestat] analyzing insert size distribution for orientation FR...
[M::mem_pestat] (25, 50, 75) percentile: (508, 524, 552)
[M::mem_pestat] low and high boundaries for computing mean and std.dev: (420, 640)
[M::mem_pestat] mean and std.dev: (534.76, 32.41)
[M::mem_pestat] low and high boundaries for proper pairs: (376, 684)
[M::mem_pestat] skip orientation RF as there are not enough pairs
[M::mem_pestat] analyzing insert size distribution for orientation RR...
[M::mem_pestat] (25, 50, 75) percentile: (548, 1135, 1623)
[M::mem_pestat] low and high boundaries for computing mean and std.dev: (1, 3773)
[M::mem_pestat] mean and std.dev: (1114.88, 681.92)
[M::mem_pestat] low and high boundaries for proper pairs: (1, 4848)
[M::mem_pestat] skip orientation FF
[M::mem_pestat] skip orientation RR
[M::mem_process_seqs] Processed 266668 reads in 269.809 CPU sec, 67.561 real sec
[M::process] read 266668 sequences (40000200 bp)...
[M::mem_pestat] # candidate unique pairs for (FF, FR, RF, RR): (30, 29451, 9, 37)
[M::mem_pestat] analyzing insert size distribution for orientation FF...
[M::mem_pestat] (25, 50, 75) percentile: (268, 682, 1338)
[M::mem_pestat] low and high boundaries for computing mean and std.dev: (1, 3478)
[M::mem_pestat] mean and std.dev: (851.86, 791.11)
[M::mem_pestat] low and high boundaries for proper pairs: (1, 4548)
[M::mem_pestat] analyzing insert size distribution for orientation FR...
[M::mem_pestat] (25, 50, 75) percentile: (508, 524, 552)
[M::mem_pestat] low and high boundaries for computing mean and std.dev: (420, 640)
[M::mem_pestat] mean and std.dev: (534.30, 32.00)
[M::mem_pestat] low and high boundaries for proper pairs: (376, 684)
[M::mem_pestat] skip orientation RF as there are not enough pairs
[M::mem_pestat] analyzing insert size distribution for orientation RR...
[M::mem_pestat] (25, 50, 75) percentile: (707, 1111, 1847)
[M::mem_pestat] low and high boundaries for computing mean and std.dev: (1, 4127)
[M::mem_pestat] mean and std.dev: (1222.92, 766.59)
[M::mem_pestat] low and high boundaries for proper pairs: (1, 5267)
[M::mem_pestat] skip orientation FF
[M::mem_pestat] skip orientation RR
[M::mem_process_seqs] Processed 266668 reads in 271.838 CPU sec, 68.059 real sec
[M::process] read 266668 sequences (40000200 bp)...
[M::mem_pestat] # candidate unique pairs for (FF, FR, RF, RR): (40, 29505, 8, 35)
[M::mem_pestat] analyzing insert size distribution for orientation FF...
[M::mem_pestat] (25, 50, 75) percentile: (357, 865, 2166)
[M::mem_pestat] low and high boundaries for computing mean and std.dev: (1, 5784)
[M::mem_pestat] mean and std.dev: (1080.74, 910.56)
[M::mem_pestat] low and high boundaries for proper pairs: (1, 7593)
[M::mem_pestat] analyzing insert size distribution for orientation FR...
[M::mem_pestat] (25, 50, 75) percentile: (508, 524, 552)
[M::mem_pestat] low and high boundaries for computing mean and std.dev: (420, 640)
[M::mem_pestat] mean and std.dev: (534.65, 32.15)
[M::mem_pestat] low and high boundaries for proper pairs: (376, 684)
[M::mem_pestat] skip orientation RF as there are not enough pairs
[M::mem_pestat] analyzing insert size distribution for orientation RR...
[M::mem_pestat] (25, 50, 75) percentile: (524, 897, 1596)
[M::mem_pestat] low and high boundaries for computing mean and std.dev: (1, 3740)
[M::mem_pestat] mean and std.dev: (1057.06, 716.71)
[M::mem_pestat] low and high boundaries for proper pairs: (1, 4812)
[M::mem_pestat] skip orientation FF
[M::mem_pestat] skip orientation RR
[M::mem_process_seqs] Processed 266668 reads in 280.909 CPU sec, 70.316 real sec
[M::process] read 266668 sequences (40000200 bp)...
[M::mem_pestat] # candidate unique pairs for (FF, FR, RF, RR): (34, 29352, 9, 41)
[M::mem_pestat] analyzing insert size distribution for orientation FF...
[M::mem_pestat] (25, 50, 75) percentile: (307, 1080, 1782)
[M::mem_pestat] low and high boundaries for computing mean and std.dev: (1, 4732)
[M::mem_pestat] mean and std.dev: (1095.06, 823.14)
[M::mem_pestat] low and high boundaries for proper pairs: (1, 6207)
[M::mem_pestat] analyzing insert size distribution for orientation FR...
[M::mem_pestat] (25, 50, 75) percentile: (508, 525, 552)
[M::mem_pestat] low and high boundaries for computing mean and std.dev: (420, 640)
[M::mem_pestat] mean and std.dev: (534.68, 31.89)
[M::mem_pestat] low and high boundaries for proper pairs: (376, 684)
[M::mem_pestat] skip orientation RF as there are not enough pairs
[M::mem_pestat] analyzing insert size distribution for orientation RR...
[M::mem_pestat] (25, 50, 75) percentile: (746, 1394, 2399)
[M::mem_pestat] low and high boundaries for computing mean and std.dev: (1, 5705)
[M::mem_pestat] mean and std.dev: (1658.10, 1278.51)
[M::mem_pestat] low and high boundaries for proper pairs: (1, 7358)
[M::mem_pestat] skip orientation FF
[M::mem_pestat] skip orientation RR
[M::mem_process_seqs] Processed 266668 reads in 266.893 CPU sec, 67.004 real sec
[M::process] read 266668 sequences (40000200 bp)...
[M::mem_pestat] # candidate unique pairs for (FF, FR, RF, RR): (40, 29611, 3, 30)
[M::mem_pestat] analyzing insert size distribution for orientation FF...
[M::mem_pestat] (25, 50, 75) percentile: (234, 748, 1835)
[M::mem_pestat] low and high boundaries for computing mean and std.dev: (1, 5037)
[M::mem_pestat] mean and std.dev: (1082.33, 1135.04)
[M::mem_pestat] low and high boundaries for proper pairs: (1, 6638)
[M::mem_pestat] analyzing insert size distribution for orientation FR...
[M::mem_pestat] (25, 50, 75) percentile: (508, 525, 553)
[M::mem_pestat] low and high boundaries for computing mean and std.dev: (418, 643)
[M::mem_pestat] mean and std.dev: (535.24, 32.98)
[M::mem_pestat] low and high boundaries for proper pairs: (373, 688)
[M::mem_pestat] skip orientation RF as there are not enough pairs
[M::mem_pestat] analyzing insert size distribution for orientation RR...
[M::mem_pestat] (25, 50, 75) percentile: (584, 1256, 1706)
[M::mem_pestat] low and high boundaries for computing mean and std.dev: (1, 3950)
[M::mem_pestat] mean and std.dev: (1241.18, 938.07)
[M::mem_pestat] low and high boundaries for proper pairs: (1, 5072)
[M::mem_pestat] skip orientation FF
[M::mem_pestat] skip orientation RR
[M::mem_process_seqs] Processed 266668 reads in 267.917 CPU sec, 67.086 real sec
[M::process] read 266668 sequences (40000200 bp)...
[M::mem_pestat] # candidate unique pairs for (FF, FR, RF, RR): (38, 29064, 7, 39)
[M::mem_pestat] analyzing insert size distribution for orientation FF...
[M::mem_pestat] (25, 50, 75) percentile: (211, 540, 1051)
[M::mem_pestat] low and high boundaries for computing mean and std.dev: (1, 2731)
[M::mem_pestat] mean and std.dev: (664.49, 605.58)
[M::mem_pestat] low and high boundaries for proper pairs: (1, 3571)
[M::mem_pestat] analyzing insert size distribution for orientation FR...
[M::mem_pestat] (25, 50, 75) percentile: (508, 525, 553)
[M::mem_pestat] low and high boundaries for computing mean and std.dev: (418, 643)
[M::mem_pestat] mean and std.dev: (535.33, 32.98)
[M::mem_pestat] low and high boundaries for proper pairs: (373, 688)
[M::mem_pestat] skip orientation RF as there are not enough pairs
[M::mem_pestat] analyzing insert size distribution for orientation RR...
[M::mem_pestat] (25, 50, 75) percentile: (547, 871, 1629)
[M::mem_pestat] low and high boundaries for computing mean and std.dev: (1, 3793)
[M::mem_pestat] mean and std.dev: (1139.72, 837.13)
[M::mem_pestat] low and high boundaries for proper pairs: (1, 4875)
[M::mem_pestat] skip orientation FF
[M::mem_pestat] skip orientation RR
[M::mem_process_seqs] Processed 266668 reads in 279.564 CPU sec, 70.001 real sec
[M::process] read 266668 sequences (40000200 bp)...
[M::mem_pestat] # candidate unique pairs for (FF, FR, RF, RR): (42, 29522, 10, 41)
[M::mem_pestat] analyzing insert size distribution for orientation FF...
[M::mem_pestat] (25, 50, 75) percentile: (338, 849, 1987)
[M::mem_pestat] low and high boundaries for computing mean and std.dev: (1, 5285)
[M::mem_pestat] mean and std.dev: (1251.74, 1215.33)
[M::mem_pestat] low and high boundaries for proper pairs: (1, 6934)
[M::mem_pestat] analyzing insert size distribution for orientation FR...
[M::mem_pestat] (25, 50, 75) percentile: (508, 524, 552)
[M::mem_pestat] low and high boundaries for computing mean and std.dev: (420, 640)
[M::mem_pestat] mean and std.dev: (534.70, 31.92)
[M::mem_pestat] low and high boundaries for proper pairs: (376, 684)
[M::mem_pestat] analyzing insert size distribution for orientation RF...
[M::mem_pestat] (25, 50, 75) percentile: (214, 1194, 1457)
[M::mem_pestat] low and high boundaries for computing mean and std.dev: (1, 3943)
[M::mem_pestat] mean and std.dev: (1240.50, 1356.55)
[M::mem_pestat] low and high boundaries for proper pairs: (1, 6667)
[M::mem_pestat] analyzing insert size distribution for orientation RR...
[M::mem_pestat] (25, 50, 75) percentile: (523, 1013, 1779)
[M::mem_pestat] low and high boundaries for computing mean and std.dev: (1, 4291)
[M::mem_pestat] mean and std.dev: (1171.59, 852.12)
[M::mem_pestat] low and high boundaries for proper pairs: (1, 5547)
[M::mem_pestat] skip orientation FF
[M::mem_pestat] skip orientation RF
[M::mem_pestat] skip orientation RR
[M::mem_process_seqs] Processed 266668 reads in 270.718 CPU sec, 67.823 real sec
[M::process] read 266668 sequences (40000200 bp)...
[M::mem_pestat] # candidate unique pairs for (FF, FR, RF, RR): (26, 29671, 4, 42)
[M::mem_pestat] analyzing insert size distribution for orientation FF...
[M::mem_pestat] (25, 50, 75) percentile: (548, 968, 1822)
[M::mem_pestat] low and high boundaries for computing mean and std.dev: (1, 4370)
[M::mem_pestat] mean and std.dev: (1122.09, 961.38)
[M::mem_pestat] low and high boundaries for proper pairs: (1, 5644)
[M::mem_pestat] analyzing insert size distribution for orientation FR...
[M::mem_pestat] (25, 50, 75) percentile: (508, 525, 552)
[M::mem_pestat] low and high boundaries for computing mean and std.dev: (420, 640)
[M::mem_pestat] mean and std.dev: (534.95, 32.36)
[M::mem_pestat] low and high boundaries for proper pairs: (376, 684)
[M::mem_pestat] skip orientation RF as there are not enough pairs
[M::mem_pestat] analyzing insert size distribution for orientation RR...
[M::mem_pestat] (25, 50, 75) percentile: (863, 1233, 1978)
[M::mem_pestat] low and high boundaries for computing mean and std.dev: (1, 4208)
[M::mem_pestat] mean and std.dev: (1384.61, 852.45)
[M::mem_pestat] low and high boundaries for proper pairs: (1, 5323)
[M::mem_pestat] skip orientation FF
[M::mem_pestat] skip orientation RR
[M::mem_process_seqs] Processed 266668 reads in 279.419 CPU sec, 69.973 real sec
[M::process] read 266668 sequences (40000200 bp)...
[M::mem_pestat] # candidate unique pairs for (FF, FR, RF, RR): (47, 29641, 5, 45)
[M::mem_pestat] analyzing insert size distribution for orientation FF...
[M::mem_pestat] (25, 50, 75) percentile: (409, 855, 1541)
[M::mem_pestat] low and high boundaries for computing mean and std.dev: (1, 3805)
[M::mem_pestat] mean and std.dev: (1080.04, 828.17)
[M::mem_pestat] low and high boundaries for proper pairs: (1, 4937)
[M::mem_pestat] analyzing insert size distribution for orientation FR...
[M::mem_pestat] (25, 50, 75) percentile: (508, 525, 552)
[M::mem_pestat] low and high boundaries for computing mean and std.dev: (420, 640)
[M::mem_pestat] mean and std.dev: (534.71, 32.09)
[M::mem_pestat] low and high boundaries for proper pairs: (376, 684)
[M::mem_pestat] skip orientation RF as there are not enough pairs
[M::mem_pestat] analyzing insert size distribution for orientation RR...
[M::mem_pestat] (25, 50, 75) percentile: (619, 936, 2018)
[M::mem_pestat] low and high boundaries for computing mean and std.dev: (1, 4816)
[M::mem_pestat] mean and std.dev: (1207.88, 778.72)
[M::mem_pestat] low and high boundaries for proper pairs: (1, 6215)
[M::mem_pestat] skip orientation FF
[M::mem_pestat] skip orientation RR
[M::mem_process_seqs] Processed 266668 reads in 272.531 CPU sec, 68.240 real sec
[M::process] read 266668 sequences (40000200 bp)...
[M::mem_pestat] # candidate unique pairs for (FF, FR, RF, RR): (38, 29474, 10, 53)
[M::mem_pestat] analyzing insert size distribution for orientation FF...
[M::mem_pestat] (25, 50, 75) percentile: (261, 813, 1601)
[M::mem_pestat] low and high boundaries for computing mean and std.dev: (1, 4281)
[M::mem_pestat] mean and std.dev: (1059.76, 965.89)
[M::mem_pestat] low and high boundaries for proper pairs: (1, 5621)
[M::mem_pestat] analyzing insert size distribution for orientation FR...
[M::mem_pestat] (25, 50, 75) percentile: (508, 525, 552)
[M::mem_pestat] low and high boundaries for computing mean and std.dev: (420, 640)
[M::mem_pestat] mean and std.dev: (534.90, 32.22)
[M::mem_pestat] low and high boundaries for proper pairs: (376, 684)
[M::mem_pestat] analyzing insert size distribution for orientation RF...
[M::mem_pestat] (25, 50, 75) percentile: (538, 1680, 4187)
[M::mem_pestat] low and high boundaries for computing mean and std.dev: (1, 11485)
[M::mem_pestat] mean and std.dev: (2220.40, 2226.28)
[M::mem_pestat] low and high boundaries for proper pairs: (1, 15134)
[M::mem_pestat] analyzing insert size distribution for orientation RR...
[M::mem_pestat] (25, 50, 75) percentile: (445, 973, 1584)
[M::mem_pestat] low and high boundaries for computing mean and std.dev: (1, 3862)
[M::mem_pestat] mean and std.dev: (1042.38, 823.22)
[M::mem_pestat] low and high boundaries for proper pairs: (1, 5001)
[M::mem_pestat] skip orientation FF
[M::mem_pestat] skip orientation RF
[M::mem_pestat] skip orientation RR
[M::mem_process_seqs] Processed 266668 reads in 268.463 CPU sec, 67.414 real sec
[M::process] read 266668 sequences (40000200 bp)...
[M::mem_pestat] # candidate unique pairs for (FF, FR, RF, RR): (36, 29389, 6, 46)
[M::mem_pestat] analyzing insert size distribution for orientation FF...
[M::mem_pestat] (25, 50, 75) percentile: (422, 920, 1397)
[M::mem_pestat] low and high boundaries for computing mean and std.dev: (1, 3347)
[M::mem_pestat] mean and std.dev: (920.69, 638.43)
[M::mem_pestat] low and high boundaries for proper pairs: (1, 4322)
[M::mem_pestat] analyzing insert size distribution for orientation FR...
[M::mem_pestat] (25, 50, 75) percentile: (508, 525, 553)
[M::mem_pestat] low and high boundaries for computing mean and std.dev: (418, 643)
[M::mem_pestat] mean and std.dev: (535.30, 32.77)
[M::mem_pestat] low and high boundaries for proper pairs: (373, 688)
[M::mem_pestat] skip orientation RF as there are not enough pairs
[M::mem_pestat] analyzing insert size distribution for orientation RR...
[M::mem_pestat] (25, 50, 75) percentile: (356, 818, 1312)
[M::mem_pestat] low and high boundaries for computing mean and std.dev: (1, 3224)
[M::mem_pestat] mean and std.dev: (966.52, 714.21)
[M::mem_pestat] low and high boundaries for proper pairs: (1, 4180)
[M::mem_pestat] skip orientation FF
[M::mem_pestat] skip orientation RR
[M::mem_process_seqs] Processed 266668 reads in 270.174 CPU sec, 67.657 real sec
[M::process] read 266668 sequences (40000200 bp)...
[M::mem_pestat] # candidate unique pairs for (FF, FR, RF, RR): (34, 29885, 6, 37)
[M::mem_pestat] analyzing insert size distribution for orientation FF...
[M::mem_pestat] (25, 50, 75) percentile: (268, 905, 1302)
[M::mem_pestat] low and high boundaries for computing mean and std.dev: (1, 3370)
[M::mem_pestat] mean and std.dev: (782.26, 529.60)
[M::mem_pestat] low and high boundaries for proper pairs: (1, 4404)
[M::mem_pestat] analyzing insert size distribution for orientation FR...
[M::mem_pestat] (25, 50, 75) percentile: (508, 525, 553)
[M::mem_pestat] low and high boundaries for computing mean and std.dev: (418, 643)
[M::mem_pestat] mean and std.dev: (535.23, 32.73)
[M::mem_pestat] low and high boundaries for proper pairs: (373, 688)
[M::mem_pestat] skip orientation RF as there are not enough pairs
[M::mem_pestat] analyzing insert size distribution for orientation RR...
[M::mem_pestat] (25, 50, 75) percentile: (592, 1136, 1792)
[M::mem_pestat] low and high boundaries for computing mean and std.dev: (1, 4192)
[M::mem_pestat] mean and std.dev: (1230.06, 919.57)
[M::mem_pestat] low and high boundaries for proper pairs: (1, 5392)
[M::mem_pestat] skip orientation FF
[M::mem_pestat] skip orientation RR
[M::mem_process_seqs] Processed 266668 reads in 270.315 CPU sec, 67.680 real sec
[M::process] read 2056 sequences (308400 bp)...
[M::mem_pestat] # candidate unique pairs for (FF, FR, RF, RR): (52, 29631, 10, 62)
[M::mem_pestat] analyzing insert size distribution for orientation FF...
[M::mem_pestat] (25, 50, 75) percentile: (233, 669, 1166)
[M::mem_pestat] low and high boundaries for computing mean and std.dev: (1, 3032)
[M::mem_pestat] mean and std.dev: (700.19, 610.44)
[M::mem_pestat] low and high boundaries for proper pairs: (1, 3965)
[M::mem_pestat] analyzing insert size distribution for orientation FR...
[M::mem_pestat] (25, 50, 75) percentile: (508, 525, 553)
[M::mem_pestat] low and high boundaries for computing mean and std.dev: (418, 643)
[M::mem_pestat] mean and std.dev: (535.14, 32.77)
[M::mem_pestat] low and high boundaries for proper pairs: (373, 688)
[M::mem_pestat] analyzing insert size distribution for orientation RF...
[M::mem_pestat] (25, 50, 75) percentile: (1286, 2039, 3297)
[M::mem_pestat] low and high boundaries for computing mean and std.dev: (1, 7319)
[M::mem_pestat] mean and std.dev: (2188.80, 1188.65)
[M::mem_pestat] low and high boundaries for proper pairs: (1, 9330)
[M::mem_pestat] analyzing insert size distribution for orientation RR...
[M::mem_pestat] (25, 50, 75) percentile: (732, 1120, 1743)
[M::mem_pestat] low and high boundaries for computing mean and std.dev: (1, 3765)
[M::mem_pestat] mean and std.dev: (1221.68, 728.39)
[M::mem_pestat] low and high boundaries for proper pairs: (1, 4776)
[M::mem_pestat] skip orientation FF
[M::mem_pestat] skip orientation RF
[M::mem_pestat] skip orientation RR
[M::mem_process_seqs] Processed 266668 reads in 275.061 CPU sec, 68.871 real sec
[M::mem_pestat] # candidate unique pairs for (FF, FR, RF, RR): (0, 245, 0, 0)
[M::mem_pestat] skip orientation FF as there are not enough pairs
[M::mem_pestat] analyzing insert size distribution for orientation FR...
[M::mem_pestat] (25, 50, 75) percentile: (507, 524, 551)
[M::mem_pestat] low and high boundaries for computing mean and std.dev: (419, 639)
[M::mem_pestat] mean and std.dev: (533.96, 32.48)
[M::mem_pestat] low and high boundaries for proper pairs: (375, 683)
[M::mem_pestat] skip orientation RF as there are not enough pairs
[M::mem_pestat] skip orientation RR as there are not enough pairs
[M::mem_process_seqs] Processed 2056 reads in 3.615 CPU sec, 0.912 real sec
[main] Version: 0.7.17-r1188
[main] CMD: bwa mem -t 4 -a /mnt/raid6/bacphagenetwork/data/bwa_index/chm13v2.0_noY.fa /mnt/raid6/bacphagenetwork/data/skin_metagenome/Guangzhou/02_rm_host/166_1.fastq.gz /mnt/raid6/bacphagenetwork/data/skin_metagenome/Guangzhou/02_rm_host/166_2.fastq.gz
[main] Real time: 2135.988 sec; CPU: 8511.828 sec
