/home/bacphagenetwork/.bashrc: line 15: Custom: command not found
[M::bwa_idx_load_from_disk] read 0 ALT contigs
[M::process] read 266668 sequences (40000200 bp)...
[M::process] read 266668 sequences (40000200 bp)...
[M::mem_pestat] # candidate unique pairs for (FF, FR, RF, RR): (20, 79572, 14, 30)
[M::mem_pestat] analyzing insert size distribution for orientation FF...
[M::mem_pestat] (25, 50, 75) percentile: (308, 882, 1329)
[M::mem_pestat] low and high boundaries for computing mean and std.dev: (1, 3371)
[M::mem_pestat] mean and std.dev: (851.53, 719.65)
[M::mem_pestat] low and high boundaries for proper pairs: (1, 4392)
[M::mem_pestat] analyzing insert size distribution for orientation FR...
[M::mem_pestat] (25, 50, 75) percentile: (509, 525, 551)
[M::mem_pestat] low and high boundaries for computing mean and std.dev: (425, 635)
[M::mem_pestat] mean and std.dev: (534.01, 30.71)
[M::mem_pestat] low and high boundaries for proper pairs: (383, 677)
[M::mem_pestat] analyzing insert size distribution for orientation RF...
[M::mem_pestat] (25, 50, 75) percentile: (367, 1185, 3560)
[M::mem_pestat] low and high boundaries for computing mean and std.dev: (1, 9946)
[M::mem_pestat] mean and std.dev: (1933.64, 1903.41)
[M::mem_pestat] low and high boundaries for proper pairs: (1, 13139)
[M::mem_pestat] analyzing insert size distribution for orientation RR...
[M::mem_pestat] (25, 50, 75) percentile: (489, 1207, 2335)
[M::mem_pestat] low and high boundaries for computing mean and std.dev: (1, 6027)
[M::mem_pestat] mean and std.dev: (1660.67, 1557.25)
[M::mem_pestat] low and high boundaries for proper pairs: (1, 7890)
[M::mem_pestat] skip orientation FF
[M::mem_pestat] skip orientation RF
[M::mem_pestat] skip orientation RR
[M::mem_process_seqs] Processed 266668 reads in 551.418 CPU sec, 138.331 real sec
[M::process] read 266668 sequences (40000200 bp)...
[M::mem_pestat] # candidate unique pairs for (FF, FR, RF, RR): (28, 79850, 9, 22)
[M::mem_pestat] analyzing insert size distribution for orientation FF...
[M::mem_pestat] (25, 50, 75) percentile: (232, 726, 1260)
[M::mem_pestat] low and high boundaries for computing mean and std.dev: (1, 3316)
[M::mem_pestat] mean and std.dev: (792.70, 693.18)
[M::mem_pestat] low and high boundaries for proper pairs: (1, 4344)
[M::mem_pestat] analyzing insert size distribution for orientation FR...
[M::mem_pestat] (25, 50, 75) percentile: (509, 525, 552)
[M::mem_pestat] low and high boundaries for computing mean and std.dev: (423, 638)
[M::mem_pestat] mean and std.dev: (534.36, 31.32)
[M::mem_pestat] low and high boundaries for proper pairs: (380, 681)
[M::mem_pestat] skip orientation RF as there are not enough pairs
[M::mem_pestat] analyzing insert size distribution for orientation RR...
[M::mem_pestat] (25, 50, 75) percentile: (615, 1580, 2014)
[M::mem_pestat] low and high boundaries for computing mean and std.dev: (1, 4812)
[M::mem_pestat] mean and std.dev: (1471.27, 993.89)
[M::mem_pestat] low and high boundaries for proper pairs: (1, 6211)
[M::mem_pestat] skip orientation FF
[M::mem_pestat] skip orientation RR
[M::mem_process_seqs] Processed 266668 reads in 510.457 CPU sec, 127.932 real sec
[M::process] read 266668 sequences (40000200 bp)...
[M::mem_pestat] # candidate unique pairs for (FF, FR, RF, RR): (14, 80745, 10, 28)
[M::mem_pestat] analyzing insert size distribution for orientation FF...
[M::mem_pestat] (25, 50, 75) percentile: (228, 422, 910)
[M::mem_pestat] low and high boundaries for computing mean and std.dev: (1, 2274)
[M::mem_pestat] mean and std.dev: (487.69, 340.42)
[M::mem_pestat] low and high boundaries for proper pairs: (1, 2956)
[M::mem_pestat] analyzing insert size distribution for orientation FR...
[M::mem_pestat] (25, 50, 75) percentile: (509, 526, 553)
[M::mem_pestat] low and high boundaries for computing mean and std.dev: (421, 641)
[M::mem_pestat] mean and std.dev: (534.94, 31.82)
[M::mem_pestat] low and high boundaries for proper pairs: (377, 685)
[M::mem_pestat] analyzing insert size distribution for orientation RF...
[M::mem_pestat] (25, 50, 75) percentile: (120, 566, 652)
[M::mem_pestat] low and high boundaries for computing mean and std.dev: (1, 1716)
[M::mem_pestat] mean and std.dev: (329.00, 240.96)
[M::mem_pestat] low and high boundaries for proper pairs: (1, 2248)
[M::mem_pestat] analyzing insert size distribution for orientation RR...
[M::mem_pestat] (25, 50, 75) percentile: (573, 1004, 1444)
[M::mem_pestat] low and high boundaries for computing mean and std.dev: (1, 3186)
[M::mem_pestat] mean and std.dev: (971.35, 588.76)
[M::mem_pestat] low and high boundaries for proper pairs: (1, 4057)
[M::mem_pestat] skip orientation FF
[M::mem_pestat] skip orientation RF
[M::mem_pestat] skip orientation RR
[M::mem_process_seqs] Processed 266668 reads in 489.533 CPU sec, 122.721 real sec
[M::process] read 266668 sequences (40000200 bp)...
[M::mem_pestat] # candidate unique pairs for (FF, FR, RF, RR): (25, 80421, 7, 17)
[M::mem_pestat] analyzing insert size distribution for orientation FF...
[M::mem_pestat] (25, 50, 75) percentile: (332, 774, 2121)
[M::mem_pestat] low and high boundaries for computing mean and std.dev: (1, 5699)
[M::mem_pestat] mean and std.dev: (1270.62, 1201.19)
[M::mem_pestat] low and high boundaries for proper pairs: (1, 7488)
[M::mem_pestat] analyzing insert size distribution for orientation FR...
[M::mem_pestat] (25, 50, 75) percentile: (509, 526, 553)
[M::mem_pestat] low and high boundaries for computing mean and std.dev: (421, 641)
[M::mem_pestat] mean and std.dev: (535.06, 31.84)
[M::mem_pestat] low and high boundaries for proper pairs: (377, 685)
[M::mem_pestat] skip orientation RF as there are not enough pairs
[M::mem_pestat] analyzing insert size distribution for orientation RR...
[M::mem_pestat] (25, 50, 75) percentile: (757, 1264, 2713)
[M::mem_pestat] low and high boundaries for computing mean and std.dev: (1, 6625)
[M::mem_pestat] mean and std.dev: (1543.75, 1498.16)
[M::mem_pestat] low and high boundaries for proper pairs: (1, 8581)
[M::mem_pestat] skip orientation FF
[M::mem_pestat] skip orientation RR
[M::mem_process_seqs] Processed 266668 reads in 490.657 CPU sec, 122.887 real sec
[M::process] read 266668 sequences (40000200 bp)...
[M::mem_pestat] # candidate unique pairs for (FF, FR, RF, RR): (19, 80805, 8, 20)
[M::mem_pestat] analyzing insert size distribution for orientation FF...
[M::mem_pestat] (25, 50, 75) percentile: (321, 712, 1234)
[M::mem_pestat] low and high boundaries for computing mean and std.dev: (1, 3060)
[M::mem_pestat] mean and std.dev: (632.44, 385.32)
[M::mem_pestat] low and high boundaries for proper pairs: (1, 3973)
[M::mem_pestat] analyzing insert size distribution for orientation FR...
[M::mem_pestat] (25, 50, 75) percentile: (509, 526, 553)
[M::mem_pestat] low and high boundaries for computing mean and std.dev: (421, 641)
[M::mem_pestat] mean and std.dev: (534.93, 31.76)
[M::mem_pestat] low and high boundaries for proper pairs: (377, 685)
[M::mem_pestat] skip orientation RF as there are not enough pairs
[M::mem_pestat] analyzing insert size distribution for orientation RR...
[M::mem_pestat] (25, 50, 75) percentile: (881, 1179, 1925)
[M::mem_pestat] low and high boundaries for computing mean and std.dev: (1, 4013)
[M::mem_pestat] mean and std.dev: (1262.37, 786.54)
[M::mem_pestat] low and high boundaries for proper pairs: (1, 5057)
[M::mem_pestat] skip orientation FF
[M::mem_pestat] skip orientation RR
[M::mem_process_seqs] Processed 266668 reads in 486.843 CPU sec, 121.939 real sec
[M::process] read 266668 sequences (40000200 bp)...
[M::mem_pestat] # candidate unique pairs for (FF, FR, RF, RR): (22, 81073, 9, 23)
[M::mem_pestat] analyzing insert size distribution for orientation FF...
[M::mem_pestat] (25, 50, 75) percentile: (343, 1063, 2109)
[M::mem_pestat] low and high boundaries for computing mean and std.dev: (1, 5641)
[M::mem_pestat] mean and std.dev: (1352.48, 1307.56)
[M::mem_pestat] low and high boundaries for proper pairs: (1, 7407)
[M::mem_pestat] analyzing insert size distribution for orientation FR...
[M::mem_pestat] (25, 50, 75) percentile: (509, 526, 554)
[M::mem_pestat] low and high boundaries for computing mean and std.dev: (419, 644)
[M::mem_pestat] mean and std.dev: (535.50, 32.34)
[M::mem_pestat] low and high boundaries for proper pairs: (374, 689)
[M::mem_pestat] skip orientation RF as there are not enough pairs
[M::mem_pestat] analyzing insert size distribution for orientation RR...
[M::mem_pestat] (25, 50, 75) percentile: (383, 649, 1611)
[M::mem_pestat] low and high boundaries for computing mean and std.dev: (1, 4067)
[M::mem_pestat] mean and std.dev: (982.17, 844.19)
[M::mem_pestat] low and high boundaries for proper pairs: (1, 5295)
[M::mem_pestat] skip orientation FF
[M::mem_pestat] skip orientation RR
[M::mem_process_seqs] Processed 266668 reads in 474.573 CPU sec, 119.277 real sec
[M::process] read 266668 sequences (40000200 bp)...
[M::mem_pestat] # candidate unique pairs for (FF, FR, RF, RR): (19, 81256, 11, 23)
[M::mem_pestat] analyzing insert size distribution for orientation FF...
[M::mem_pestat] (25, 50, 75) percentile: (349, 649, 2116)
[M::mem_pestat] low and high boundaries for computing mean and std.dev: (1, 5650)
[M::mem_pestat] mean and std.dev: (1193.58, 1052.78)
[M::mem_pestat] low and high boundaries for proper pairs: (1, 7417)
[M::mem_pestat] analyzing insert size distribution for orientation FR...
[M::mem_pestat] (25, 50, 75) percentile: (509, 526, 554)
[M::mem_pestat] low and high boundaries for computing mean and std.dev: (419, 644)
[M::mem_pestat] mean and std.dev: (535.35, 32.45)
[M::mem_pestat] low and high boundaries for proper pairs: (374, 689)
[M::mem_pestat] analyzing insert size distribution for orientation RF...
[M::mem_pestat] (25, 50, 75) percentile: (809, 955, 3118)
[M::mem_pestat] low and high boundaries for computing mean and std.dev: (1, 7736)
[M::mem_pestat] mean and std.dev: (1715.73, 1879.33)
[M::mem_pestat] low and high boundaries for proper pairs: (1, 10045)
[M::mem_pestat] analyzing insert size distribution for orientation RR...
[M::mem_pestat] (25, 50, 75) percentile: (578, 1306, 2309)
[M::mem_pestat] low and high boundaries for computing mean and std.dev: (1, 5771)
[M::mem_pestat] mean and std.dev: (1431.30, 930.67)
[M::mem_pestat] low and high boundaries for proper pairs: (1, 7502)
[M::mem_pestat] skip orientation FF
[M::mem_pestat] skip orientation RF
[M::mem_pestat] skip orientation RR
[M::mem_process_seqs] Processed 266668 reads in 476.412 CPU sec, 119.571 real sec
[M::process] read 266668 sequences (40000200 bp)...
[M::mem_pestat] # candidate unique pairs for (FF, FR, RF, RR): (20, 81186, 7, 18)
[M::mem_pestat] analyzing insert size distribution for orientation FF...
[M::mem_pestat] (25, 50, 75) percentile: (158, 777, 2816)
[M::mem_pestat] low and high boundaries for computing mean and std.dev: (1, 8132)
[M::mem_pestat] mean and std.dev: (1261.00, 1662.15)
[M::mem_pestat] low and high boundaries for proper pairs: (1, 10790)
[M::mem_pestat] analyzing insert size distribution for orientation FR...
[M::mem_pestat] (25, 50, 75) percentile: (509, 526, 553)
[M::mem_pestat] low and high boundaries for computing mean and std.dev: (421, 641)
[M::mem_pestat] mean and std.dev: (535.06, 31.96)
[M::mem_pestat] low and high boundaries for proper pairs: (377, 685)
[M::mem_pestat] skip orientation RF as there are not enough pairs
[M::mem_pestat] analyzing insert size distribution for orientation RR...
[M::mem_pestat] (25, 50, 75) percentile: (341, 1406, 2432)
[M::mem_pestat] low and high boundaries for computing mean and std.dev: (1, 6614)
[M::mem_pestat] mean and std.dev: (1551.67, 1487.43)
[M::mem_pestat] low and high boundaries for proper pairs: (1, 8705)
[M::mem_pestat] skip orientation FF
[M::mem_pestat] skip orientation RR
[M::mem_process_seqs] Processed 266668 reads in 478.026 CPU sec, 119.837 real sec
[M::process] read 266668 sequences (40000200 bp)...
[M::mem_pestat] # candidate unique pairs for (FF, FR, RF, RR): (20, 81163, 17, 17)
[M::mem_pestat] analyzing insert size distribution for orientation FF...
[M::mem_pestat] (25, 50, 75) percentile: (483, 999, 1514)
[M::mem_pestat] low and high boundaries for computing mean and std.dev: (1, 3576)
[M::mem_pestat] mean and std.dev: (1068.53, 848.14)
[M::mem_pestat] low and high boundaries for proper pairs: (1, 4607)
[M::mem_pestat] analyzing insert size distribution for orientation FR...
[M::mem_pestat] (25, 50, 75) percentile: (509, 526, 553)
[M::mem_pestat] low and high boundaries for computing mean and std.dev: (421, 641)
[M::mem_pestat] mean and std.dev: (535.16, 32.04)
[M::mem_pestat] low and high boundaries for proper pairs: (377, 685)
[M::mem_pestat] analyzing insert size distribution for orientation RF...
[M::mem_pestat] (25, 50, 75) percentile: (443, 1067, 3109)
[M::mem_pestat] low and high boundaries for computing mean and std.dev: (1, 8441)
[M::mem_pestat] mean and std.dev: (1683.47, 1645.30)
[M::mem_pestat] low and high boundaries for proper pairs: (1, 11107)
[M::mem_pestat] analyzing insert size distribution for orientation RR...
[M::mem_pestat] (25, 50, 75) percentile: (389, 831, 1228)
[M::mem_pestat] low and high boundaries for computing mean and std.dev: (1, 2906)
[M::mem_pestat] mean and std.dev: (818.53, 575.37)
[M::mem_pestat] low and high boundaries for proper pairs: (1, 3745)
[M::mem_pestat] skip orientation FF
[M::mem_pestat] skip orientation RF
[M::mem_pestat] skip orientation RR
[M::mem_process_seqs] Processed 266668 reads in 480.632 CPU sec, 120.436 real sec
[M::process] read 266668 sequences (40000200 bp)...
[M::mem_pestat] # candidate unique pairs for (FF, FR, RF, RR): (25, 80968, 14, 16)
[M::mem_pestat] analyzing insert size distribution for orientation FF...
[M::mem_pestat] (25, 50, 75) percentile: (274, 797, 1944)
[M::mem_pestat] low and high boundaries for computing mean and std.dev: (1, 5284)
[M::mem_pestat] mean and std.dev: (824.27, 719.42)
[M::mem_pestat] low and high boundaries for proper pairs: (1, 6954)
[M::mem_pestat] analyzing insert size distribution for orientation FR...
[M::mem_pestat] (25, 50, 75) percentile: (509, 526, 553)
[M::mem_pestat] low and high boundaries for computing mean and std.dev: (421, 641)
[M::mem_pestat] mean and std.dev: (534.93, 31.85)
[M::mem_pestat] low and high boundaries for proper pairs: (377, 685)
[M::mem_pestat] analyzing insert size distribution for orientation RF...
[M::mem_pestat] (25, 50, 75) percentile: (634, 3133, 3345)
[M::mem_pestat] low and high boundaries for computing mean and std.dev: (1, 8767)
[M::mem_pestat] mean and std.dev: (2103.46, 1509.31)
[M::mem_pestat] low and high boundaries for proper pairs: (1, 11478)
[M::mem_pestat] analyzing insert size distribution for orientation RR...
[M::mem_pestat] (25, 50, 75) percentile: (710, 882, 1599)
[M::mem_pestat] low and high boundaries for computing mean and std.dev: (1, 3377)
[M::mem_pestat] mean and std.dev: (1089.93, 830.72)
[M::mem_pestat] low and high boundaries for proper pairs: (1, 4413)
[M::mem_pestat] skip orientation FF
[M::mem_pestat] skip orientation RF
[M::mem_pestat] skip orientation RR
[M::mem_process_seqs] Processed 266668 reads in 480.175 CPU sec, 120.332 real sec
[M::process] read 266668 sequences (40000200 bp)...
[M::mem_pestat] # candidate unique pairs for (FF, FR, RF, RR): (35, 81121, 10, 26)
[M::mem_pestat] analyzing insert size distribution for orientation FF...
[M::mem_pestat] (25, 50, 75) percentile: (217, 401, 1483)
[M::mem_pestat] low and high boundaries for computing mean and std.dev: (1, 4015)
[M::mem_pestat] mean and std.dev: (668.65, 670.91)
[M::mem_pestat] low and high boundaries for proper pairs: (1, 5281)
[M::mem_pestat] analyzing insert size distribution for orientation FR...
[M::mem_pestat] (25, 50, 75) percentile: (509, 526, 553)
[M::mem_pestat] low and high boundaries for computing mean and std.dev: (421, 641)
[M::mem_pestat] mean and std.dev: (535.05, 31.84)
[M::mem_pestat] low and high boundaries for proper pairs: (377, 685)
[M::mem_pestat] analyzing insert size distribution for orientation RF...
[M::mem_pestat] (25, 50, 75) percentile: (1390, 3691, 5129)
[M::mem_pestat] low and high boundaries for computing mean and std.dev: (1, 12607)
[M::mem_pestat] mean and std.dev: (3701.60, 2430.58)
[M::mem_pestat] low and high boundaries for proper pairs: (1, 16346)
[M::mem_pestat] analyzing insert size distribution for orientation RR...
[M::mem_pestat] (25, 50, 75) percentile: (555, 1178, 1894)
[M::mem_pestat] low and high boundaries for computing mean and std.dev: (1, 4572)
[M::mem_pestat] mean and std.dev: (1242.16, 876.02)
[M::mem_pestat] low and high boundaries for proper pairs: (1, 5911)
[M::mem_pestat] skip orientation FF
[M::mem_pestat] skip orientation RF
[M::mem_pestat] skip orientation RR
[M::mem_process_seqs] Processed 266668 reads in 476.394 CPU sec, 119.331 real sec
[M::process] read 266668 sequences (40000200 bp)...
[M::mem_pestat] # candidate unique pairs for (FF, FR, RF, RR): (27, 81285, 7, 20)
[M::mem_pestat] analyzing insert size distribution for orientation FF...
[M::mem_pestat] (25, 50, 75) percentile: (220, 875, 2933)
[M::mem_pestat] low and high boundaries for computing mean and std.dev: (1, 8359)
[M::mem_pestat] mean and std.dev: (1253.36, 1279.00)
[M::mem_pestat] low and high boundaries for proper pairs: (1, 11072)
[M::mem_pestat] analyzing insert size distribution for orientation FR...
[M::mem_pestat] (25, 50, 75) percentile: (509, 526, 554)
[M::mem_pestat] low and high boundaries for computing mean and std.dev: (419, 644)
[M::mem_pestat] mean and std.dev: (535.58, 32.44)
[M::mem_pestat] low and high boundaries for proper pairs: (374, 689)
[M::mem_pestat] skip orientation RF as there are not enough pairs
[M::mem_pestat] analyzing insert size distribution for orientation RR...
[M::mem_pestat] (25, 50, 75) percentile: (449, 945, 2305)
[M::mem_pestat] low and high boundaries for computing mean and std.dev: (1, 6017)
[M::mem_pestat] mean and std.dev: (1132.05, 943.34)
[M::mem_pestat] low and high boundaries for proper pairs: (1, 7873)
[M::mem_pestat] skip orientation FF
[M::mem_pestat] skip orientation RR
[M::mem_process_seqs] Processed 266668 reads in 480.586 CPU sec, 120.422 real sec
[M::process] read 266668 sequences (40000200 bp)...
[M::mem_pestat] # candidate unique pairs for (FF, FR, RF, RR): (15, 81528, 8, 15)
[M::mem_pestat] analyzing insert size distribution for orientation FF...
[M::mem_pestat] (25, 50, 75) percentile: (174, 718, 1226)
[M::mem_pestat] low and high boundaries for computing mean and std.dev: (1, 3330)
[M::mem_pestat] mean and std.dev: (647.23, 598.01)
[M::mem_pestat] low and high boundaries for proper pairs: (1, 4382)
[M::mem_pestat] analyzing insert size distribution for orientation FR...
[M::mem_pestat] (25, 50, 75) percentile: (509, 526, 554)
[M::mem_pestat] low and high boundaries for computing mean and std.dev: (419, 644)
[M::mem_pestat] mean and std.dev: (535.63, 32.42)
[M::mem_pestat] low and high boundaries for proper pairs: (374, 689)
[M::mem_pestat] skip orientation RF as there are not enough pairs
[M::mem_pestat] analyzing insert size distribution for orientation RR...
[M::mem_pestat] (25, 50, 75) percentile: (888, 980, 1301)
[M::mem_pestat] low and high boundaries for computing mean and std.dev: (62, 2127)
[M::mem_pestat] mean and std.dev: (948.54, 334.46)
[M::mem_pestat] low and high boundaries for proper pairs: (1, 2540)
[M::mem_pestat] skip orientation FF
[M::mem_pestat] skip orientation RR
[M::mem_process_seqs] Processed 266668 reads in 476.801 CPU sec, 119.530 real sec
[M::process] read 266668 sequences (40000200 bp)...
[M::mem_pestat] # candidate unique pairs for (FF, FR, RF, RR): (30, 81124, 2, 21)
[M::mem_pestat] analyzing insert size distribution for orientation FF...
[M::mem_pestat] (25, 50, 75) percentile: (212, 640, 1416)
[M::mem_pestat] low and high boundaries for computing mean and std.dev: (1, 3824)
[M::mem_pestat] mean and std.dev: (855.04, 854.70)
[M::mem_pestat] low and high boundaries for proper pairs: (1, 5028)
[M::mem_pestat] analyzing insert size distribution for orientation FR...
[M::mem_pestat] (25, 50, 75) percentile: (509, 526, 553)
[M::mem_pestat] low and high boundaries for computing mean and std.dev: (421, 641)
[M::mem_pestat] mean and std.dev: (535.06, 31.89)
[M::mem_pestat] low and high boundaries for proper pairs: (377, 685)
[M::mem_pestat] skip orientation RF as there are not enough pairs
[M::mem_pestat] analyzing insert size distribution for orientation RR...
[M::mem_pestat] (25, 50, 75) percentile: (566, 847, 1313)
[M::mem_pestat] low and high boundaries for computing mean and std.dev: (1, 2807)
[M::mem_pestat] mean and std.dev: (777.83, 383.17)
[M::mem_pestat] low and high boundaries for proper pairs: (1, 3554)
[M::mem_pestat] skip orientation FF
[M::mem_pestat] skip orientation RR
[M::mem_process_seqs] Processed 266668 reads in 489.101 CPU sec, 122.551 real sec
[M::process] read 266668 sequences (40000200 bp)...
[M::mem_pestat] # candidate unique pairs for (FF, FR, RF, RR): (23, 80916, 10, 21)
[M::mem_pestat] analyzing insert size distribution for orientation FF...
[M::mem_pestat] (25, 50, 75) percentile: (307, 743, 1325)
[M::mem_pestat] low and high boundaries for computing mean and std.dev: (1, 3361)
[M::mem_pestat] mean and std.dev: (926.23, 768.94)
[M::mem_pestat] low and high boundaries for proper pairs: (1, 4379)
[M::mem_pestat] analyzing insert size distribution for orientation FR...
[M::mem_pestat] (25, 50, 75) percentile: (509, 526, 554)
[M::mem_pestat] low and high boundaries for computing mean and std.dev: (419, 644)
[M::mem_pestat] mean and std.dev: (535.58, 32.53)
[M::mem_pestat] low and high boundaries for proper pairs: (374, 689)
[M::mem_pestat] analyzing insert size distribution for orientation RF...
[M::mem_pestat] (25, 50, 75) percentile: (284, 1124, 1557)
[M::mem_pestat] low and high boundaries for computing mean and std.dev: (1, 4103)
[M::mem_pestat] mean and std.dev: (1085.30, 714.38)
[M::mem_pestat] low and high boundaries for proper pairs: (1, 5376)
[M::mem_pestat] analyzing insert size distribution for orientation RR...
[M::mem_pestat] (25, 50, 75) percentile: (596, 847, 1120)
[M::mem_pestat] low and high boundaries for computing mean and std.dev: (1, 2168)
[M::mem_pestat] mean and std.dev: (762.50, 365.77)
[M::mem_pestat] low and high boundaries for proper pairs: (1, 2692)
[M::mem_pestat] skip orientation FF
[M::mem_pestat] skip orientation RF
[M::mem_pestat] skip orientation RR
[M::mem_process_seqs] Processed 266668 reads in 487.275 CPU sec, 122.029 real sec
[M::process] read 266668 sequences (40000200 bp)...
[M::mem_pestat] # candidate unique pairs for (FF, FR, RF, RR): (17, 81121, 14, 18)
[M::mem_pestat] analyzing insert size distribution for orientation FF...
[M::mem_pestat] (25, 50, 75) percentile: (289, 501, 1434)
[M::mem_pestat] low and high boundaries for computing mean and std.dev: (1, 3724)
[M::mem_pestat] mean and std.dev: (846.82, 749.66)
[M::mem_pestat] low and high boundaries for proper pairs: (1, 4869)
[M::mem_pestat] analyzing insert size distribution for orientation FR...
[M::mem_pestat] (25, 50, 75) percentile: (509, 526, 553)
[M::mem_pestat] low and high boundaries for computing mean and std.dev: (421, 641)
[M::mem_pestat] mean and std.dev: (534.98, 31.83)
[M::mem_pestat] low and high boundaries for proper pairs: (377, 685)
[M::mem_pestat] analyzing insert size distribution for orientation RF...
[M::mem_pestat] (25, 50, 75) percentile: (228, 1403, 3374)
[M::mem_pestat] low and high boundaries for computing mean and std.dev: (1, 9666)
[M::mem_pestat] mean and std.dev: (1639.54, 1442.00)
[M::mem_pestat] low and high boundaries for proper pairs: (1, 12812)
[M::mem_pestat] analyzing insert size distribution for orientation RR...
[M::mem_pestat] (25, 50, 75) percentile: (650, 1554, 3080)
[M::mem_pestat] low and high boundaries for computing mean and std.dev: (1, 7940)
[M::mem_pestat] mean and std.dev: (1748.18, 1349.16)
[M::mem_pestat] low and high boundaries for proper pairs: (1, 10370)
[M::mem_pestat] skip orientation FF
[M::mem_pestat] skip orientation RF
[M::mem_pestat] skip orientation RR
[M::mem_process_seqs] Processed 266668 reads in 481.390 CPU sec, 120.564 real sec
[M::process] read 266668 sequences (40000200 bp)...
[M::mem_pestat] # candidate unique pairs for (FF, FR, RF, RR): (21, 81387, 9, 18)
[M::mem_pestat] analyzing insert size distribution for orientation FF...
[M::mem_pestat] (25, 50, 75) percentile: (295, 571, 1222)
[M::mem_pestat] low and high boundaries for computing mean and std.dev: (1, 3076)
[M::mem_pestat] mean and std.dev: (706.29, 444.08)
[M::mem_pestat] low and high boundaries for proper pairs: (1, 4003)
[M::mem_pestat] analyzing insert size distribution for orientation FR...
[M::mem_pestat] (25, 50, 75) percentile: (509, 526, 554)
[M::mem_pestat] low and high boundaries for computing mean and std.dev: (419, 644)
[M::mem_pestat] mean and std.dev: (535.36, 32.26)
[M::mem_pestat] low and high boundaries for proper pairs: (374, 689)
[M::mem_pestat] skip orientation RF as there are not enough pairs
[M::mem_pestat] analyzing insert size distribution for orientation RR...
[M::mem_pestat] (25, 50, 75) percentile: (697, 1266, 1986)
[M::mem_pestat] low and high boundaries for computing mean and std.dev: (1, 4564)
[M::mem_pestat] mean and std.dev: (1428.22, 1117.67)
[M::mem_pestat] low and high boundaries for proper pairs: (1, 5899)
[M::mem_pestat] skip orientation FF
[M::mem_pestat] skip orientation RR
[M::mem_process_seqs] Processed 266668 reads in 475.323 CPU sec, 119.112 real sec
[M::process] read 266668 sequences (40000200 bp)...
[M::mem_pestat] # candidate unique pairs for (FF, FR, RF, RR): (23, 81102, 13, 18)
[M::mem_pestat] analyzing insert size distribution for orientation FF...
[M::mem_pestat] (25, 50, 75) percentile: (312, 622, 890)
[M::mem_pestat] low and high boundaries for computing mean and std.dev: (1, 2046)
[M::mem_pestat] mean and std.dev: (568.38, 388.57)
[M::mem_pestat] low and high boundaries for proper pairs: (1, 2624)
[M::mem_pestat] analyzing insert size distribution for orientation FR...
[M::mem_pestat] (25, 50, 75) percentile: (509, 526, 553)
[M::mem_pestat] low and high boundaries for computing mean and std.dev: (421, 641)
[M::mem_pestat] mean and std.dev: (535.11, 31.81)
[M::mem_pestat] low and high boundaries for proper pairs: (377, 685)
[M::mem_pestat] analyzing insert size distribution for orientation RF...
[M::mem_pestat] (25, 50, 75) percentile: (435, 1497, 3612)
[M::mem_pestat] low and high boundaries for computing mean and std.dev: (1, 9966)
[M::mem_pestat] mean and std.dev: (1797.38, 1620.22)
[M::mem_pestat] low and high boundaries for proper pairs: (1, 13143)
[M::mem_pestat] analyzing insert size distribution for orientation RR...
[M::mem_pestat] (25, 50, 75) percentile: (272, 1005, 1260)
[M::mem_pestat] low and high boundaries for computing mean and std.dev: (1, 3236)
[M::mem_pestat] mean and std.dev: (881.82, 678.08)
[M::mem_pestat] low and high boundaries for proper pairs: (1, 4224)
[M::mem_pestat] skip orientation FF
[M::mem_pestat] skip orientation RF
[M::mem_pestat] skip orientation RR
[M::mem_process_seqs] Processed 266668 reads in 481.897 CPU sec, 120.838 real sec
[M::process] read 266668 sequences (40000200 bp)...
[M::mem_pestat] # candidate unique pairs for (FF, FR, RF, RR): (23, 81085, 6, 19)
[M::mem_pestat] analyzing insert size distribution for orientation FF...
[M::mem_pestat] (25, 50, 75) percentile: (289, 637, 1438)
[M::mem_pestat] low and high boundaries for computing mean and std.dev: (1, 3736)
[M::mem_pestat] mean and std.dev: (839.86, 821.88)
[M::mem_pestat] low and high boundaries for proper pairs: (1, 4885)
[M::mem_pestat] analyzing insert size distribution for orientation FR...
[M::mem_pestat] (25, 50, 75) percentile: (509, 526, 554)
[M::mem_pestat] low and high boundaries for computing mean and std.dev: (419, 644)
[M::mem_pestat] mean and std.dev: (535.44, 32.41)
[M::mem_pestat] low and high boundaries for proper pairs: (374, 689)
[M::mem_pestat] skip orientation RF as there are not enough pairs
[M::mem_pestat] analyzing insert size distribution for orientation RR...
[M::mem_pestat] (25, 50, 75) percentile: (617, 978, 2687)
[M::mem_pestat] low and high boundaries for computing mean and std.dev: (1, 6827)
[M::mem_pestat] mean and std.dev: (1933.89, 1933.14)
[M::mem_pestat] low and high boundaries for proper pairs: (1, 9666)
[M::mem_pestat] skip orientation FF
[M::mem_pestat] skip orientation RR
[M::mem_process_seqs] Processed 266668 reads in 480.622 CPU sec, 120.442 real sec
[M::process] read 266668 sequences (40000200 bp)...
[M::mem_pestat] # candidate unique pairs for (FF, FR, RF, RR): (19, 81305, 8, 23)
[M::mem_pestat] analyzing insert size distribution for orientation FF...
[M::mem_pestat] (25, 50, 75) percentile: (301, 649, 1815)
[M::mem_pestat] low and high boundaries for computing mean and std.dev: (1, 4843)
[M::mem_pestat] mean and std.dev: (976.53, 840.34)
[M::mem_pestat] low and high boundaries for proper pairs: (1, 6357)
[M::mem_pestat] analyzing insert size distribution for orientation FR...
[M::mem_pestat] (25, 50, 75) percentile: (510, 526, 554)
[M::mem_pestat] low and high boundaries for computing mean and std.dev: (422, 642)
[M::mem_pestat] mean and std.dev: (535.47, 32.00)
[M::mem_pestat] low and high boundaries for proper pairs: (378, 686)
[M::mem_pestat] skip orientation RF as there are not enough pairs
[M::mem_pestat] analyzing insert size distribution for orientation RR...
[M::mem_pestat] (25, 50, 75) percentile: (795, 1076, 1844)
[M::mem_pestat] low and high boundaries for computing mean and std.dev: (1, 3942)
[M::mem_pestat] mean and std.dev: (1112.50, 757.10)
[M::mem_pestat] low and high boundaries for proper pairs: (1, 4991)
[M::mem_pestat] skip orientation FF
[M::mem_pestat] skip orientation RR
[M::mem_process_seqs] Processed 266668 reads in 474.050 CPU sec, 118.727 real sec
[M::process] read 266668 sequences (40000200 bp)...
[M::mem_pestat] # candidate unique pairs for (FF, FR, RF, RR): (21, 81066, 9, 16)
[M::mem_pestat] analyzing insert size distribution for orientation FF...
[M::mem_pestat] (25, 50, 75) percentile: (293, 777, 1164)
[M::mem_pestat] low and high boundaries for computing mean and std.dev: (1, 2906)
[M::mem_pestat] mean and std.dev: (638.67, 402.66)
[M::mem_pestat] low and high boundaries for proper pairs: (1, 3777)
[M::mem_pestat] analyzing insert size distribution for orientation FR...
[M::mem_pestat] (25, 50, 75) percentile: (509, 526, 554)
[M::mem_pestat] low and high boundaries for computing mean and std.dev: (419, 644)
[M::mem_pestat] mean and std.dev: (535.40, 32.49)
[M::mem_pestat] low and high boundaries for proper pairs: (374, 689)
[M::mem_pestat] skip orientation RF as there are not enough pairs
[M::mem_pestat] analyzing insert size distribution for orientation RR...
[M::mem_pestat] (25, 50, 75) percentile: (384, 804, 1258)
[M::mem_pestat] low and high boundaries for computing mean and std.dev: (1, 3006)
[M::mem_pestat] mean and std.dev: (818.27, 489.64)
[M::mem_pestat] low and high boundaries for proper pairs: (1, 3880)
[M::mem_pestat] skip orientation FF
[M::mem_pestat] skip orientation RR
[M::mem_process_seqs] Processed 266668 reads in 478.854 CPU sec, 119.903 real sec
[M::process] read 266668 sequences (40000200 bp)...
[M::mem_pestat] # candidate unique pairs for (FF, FR, RF, RR): (25, 80962, 10, 16)
[M::mem_pestat] analyzing insert size distribution for orientation FF...
[M::mem_pestat] (25, 50, 75) percentile: (194, 587, 1280)
[M::mem_pestat] low and high boundaries for computing mean and std.dev: (1, 3452)
[M::mem_pestat] mean and std.dev: (796.28, 765.72)
[M::mem_pestat] low and high boundaries for proper pairs: (1, 4538)
[M::mem_pestat] analyzing insert size distribution for orientation FR...
[M::mem_pestat] (25, 50, 75) percentile: (509, 526, 554)
[M::mem_pestat] low and high boundaries for computing mean and std.dev: (419, 644)
[M::mem_pestat] mean and std.dev: (535.32, 32.40)
[M::mem_pestat] low and high boundaries for proper pairs: (374, 689)
[M::mem_pestat] analyzing insert size distribution for orientation RF...
[M::mem_pestat] (25, 50, 75) percentile: (329, 2536, 3256)
[M::mem_pestat] low and high boundaries for computing mean and std.dev: (1, 9110)
[M::mem_pestat] mean and std.dev: (2749.80, 2334.40)
[M::mem_pestat] low and high boundaries for proper pairs: (1, 12087)
[M::mem_pestat] analyzing insert size distribution for orientation RR...
[M::mem_pestat] (25, 50, 75) percentile: (795, 1393, 5189)
[M::mem_pestat] low and high boundaries for computing mean and std.dev: (1, 13977)
[M::mem_pestat] mean and std.dev: (2602.31, 2483.18)
[M::mem_pestat] low and high boundaries for proper pairs: (1, 18371)
[M::mem_pestat] skip orientation FF
[M::mem_pestat] skip orientation RF
[M::mem_pestat] skip orientation RR
[M::mem_process_seqs] Processed 266668 reads in 485.859 CPU sec, 121.739 real sec
[M::process] read 266668 sequences (40000200 bp)...
[M::mem_pestat] # candidate unique pairs for (FF, FR, RF, RR): (21, 81638, 9, 16)
[M::mem_pestat] analyzing insert size distribution for orientation FF...
[M::mem_pestat] (25, 50, 75) percentile: (176, 323, 1163)
[M::mem_pestat] low and high boundaries for computing mean and std.dev: (1, 3137)
[M::mem_pestat] mean and std.dev: (716.80, 762.53)
[M::mem_pestat] low and high boundaries for proper pairs: (1, 4124)
[M::mem_pestat] analyzing insert size distribution for orientation FR...
[M::mem_pestat] (25, 50, 75) percentile: (509, 526, 554)
[M::mem_pestat] low and high boundaries for computing mean and std.dev: (419, 644)
[M::mem_pestat] mean and std.dev: (535.64, 32.42)
[M::mem_pestat] low and high boundaries for proper pairs: (374, 689)
[M::mem_pestat] skip orientation RF as there are not enough pairs
[M::mem_pestat] analyzing insert size distribution for orientation RR...
[M::mem_pestat] (25, 50, 75) percentile: (541, 1508, 2593)
[M::mem_pestat] low and high boundaries for computing mean and std.dev: (1, 6697)
[M::mem_pestat] mean and std.dev: (1533.88, 1065.82)
[M::mem_pestat] low and high boundaries for proper pairs: (1, 8749)
[M::mem_pestat] skip orientation FF
[M::mem_pestat] skip orientation RR
[M::mem_process_seqs] Processed 266668 reads in 473.564 CPU sec, 118.721 real sec
[M::process] read 266668 sequences (40000200 bp)...
[M::mem_pestat] # candidate unique pairs for (FF, FR, RF, RR): (18, 81190, 4, 32)
[M::mem_pestat] analyzing insert size distribution for orientation FF...
[M::mem_pestat] (25, 50, 75) percentile: (236, 462, 1377)
[M::mem_pestat] low and high boundaries for computing mean and std.dev: (1, 3659)
[M::mem_pestat] mean and std.dev: (592.47, 563.60)
[M::mem_pestat] low and high boundaries for proper pairs: (1, 4800)
[M::mem_pestat] analyzing insert size distribution for orientation FR...
[M::mem_pestat] (25, 50, 75) percentile: (509, 526, 554)
[M::mem_pestat] low and high boundaries for computing mean and std.dev: (419, 644)
[M::mem_pestat] mean and std.dev: (535.60, 32.57)
[M::mem_pestat] low and high boundaries for proper pairs: (374, 689)
[M::mem_pestat] skip orientation RF as there are not enough pairs
[M::mem_pestat] analyzing insert size distribution for orientation RR...
[M::mem_pestat] (25, 50, 75) percentile: (393, 987, 1641)
[M::mem_pestat] low and high boundaries for computing mean and std.dev: (1, 4137)
[M::mem_pestat] mean and std.dev: (1011.33, 869.20)
[M::mem_pestat] low and high boundaries for proper pairs: (1, 5385)
[M::mem_pestat] skip orientation FF
[M::mem_pestat] skip orientation RR
[M::mem_process_seqs] Processed 266668 reads in 480.469 CPU sec, 120.357 real sec
[M::process] read 266668 sequences (40000200 bp)...
[M::mem_pestat] # candidate unique pairs for (FF, FR, RF, RR): (20, 81477, 5, 16)
[M::mem_pestat] analyzing insert size distribution for orientation FF...
[M::mem_pestat] (25, 50, 75) percentile: (269, 934, 1745)
[M::mem_pestat] low and high boundaries for computing mean and std.dev: (1, 4697)
[M::mem_pestat] mean and std.dev: (953.05, 765.51)
[M::mem_pestat] low and high boundaries for proper pairs: (1, 6173)
[M::mem_pestat] analyzing insert size distribution for orientation FR...
[M::mem_pestat] (25, 50, 75) percentile: (509, 526, 554)
[M::mem_pestat] low and high boundaries for computing mean and std.dev: (419, 644)
[M::mem_pestat] mean and std.dev: (535.37, 32.29)
[M::mem_pestat] low and high boundaries for proper pairs: (374, 689)
[M::mem_pestat] skip orientation RF as there are not enough pairs
[M::mem_pestat] analyzing insert size distribution for orientation RR...
[M::mem_pestat] (25, 50, 75) percentile: (689, 915, 1193)
[M::mem_pestat] low and high boundaries for computing mean and std.dev: (1, 2201)
[M::mem_pestat] mean and std.dev: (918.75, 439.11)
[M::mem_pestat] low and high boundaries for proper pairs: (1, 2705)
[M::mem_pestat] skip orientation FF
[M::mem_pestat] skip orientation RR
[M::mem_process_seqs] Processed 266668 reads in 470.036 CPU sec, 117.723 real sec
[M::process] read 266668 sequences (40000200 bp)...
[M::mem_pestat] # candidate unique pairs for (FF, FR, RF, RR): (21, 81330, 10, 22)
[M::mem_pestat] analyzing insert size distribution for orientation FF...
[M::mem_pestat] (25, 50, 75) percentile: (225, 639, 1401)
[M::mem_pestat] low and high boundaries for computing mean and std.dev: (1, 3753)
[M::mem_pestat] mean and std.dev: (866.67, 855.91)
[M::mem_pestat] low and high boundaries for proper pairs: (1, 4929)
[M::mem_pestat] analyzing insert size distribution for orientation FR...
[M::mem_pestat] (25, 50, 75) percentile: (509, 526, 553)
[M::mem_pestat] low and high boundaries for computing mean and std.dev: (421, 641)
[M::mem_pestat] mean and std.dev: (535.23, 31.94)
[M::mem_pestat] low and high boundaries for proper pairs: (377, 685)
[M::mem_pestat] analyzing insert size distribution for orientation RF...
[M::mem_pestat] (25, 50, 75) percentile: (391, 1488, 3981)
[M::mem_pestat] low and high boundaries for computing mean and std.dev: (1, 11161)
[M::mem_pestat] mean and std.dev: (2377.90, 2236.45)
[M::mem_pestat] low and high boundaries for proper pairs: (1, 14751)
[M::mem_pestat] analyzing insert size distribution for orientation RR...
[M::mem_pestat] (25, 50, 75) percentile: (227, 777, 1786)
[M::mem_pestat] low and high boundaries for computing mean and std.dev: (1, 4904)
[M::mem_pestat] mean and std.dev: (1078.62, 1076.63)
[M::mem_pestat] low and high boundaries for proper pairs: (1, 6463)
[M::mem_pestat] skip orientation FF
[M::mem_pestat] skip orientation RF
[M::mem_pestat] skip orientation RR
[M::mem_process_seqs] Processed 266668 reads in 476.290 CPU sec, 119.277 real sec
[M::process] read 266668 sequences (40000200 bp)...
[M::mem_pestat] # candidate unique pairs for (FF, FR, RF, RR): (21, 80841, 8, 21)
[M::mem_pestat] analyzing insert size distribution for orientation FF...
[M::mem_pestat] (25, 50, 75) percentile: (210, 260, 1024)
[M::mem_pestat] low and high boundaries for computing mean and std.dev: (1, 2652)
[M::mem_pestat] mean and std.dev: (444.44, 489.70)
[M::mem_pestat] low and high boundaries for proper pairs: (1, 3466)
[M::mem_pestat] analyzing insert size distribution for orientation FR...
[M::mem_pestat] (25, 50, 75) percentile: (509, 526, 554)
[M::mem_pestat] low and high boundaries for computing mean and std.dev: (419, 644)
[M::mem_pestat] mean and std.dev: (535.43, 32.31)
[M::mem_pestat] low and high boundaries for proper pairs: (374, 689)
[M::mem_pestat] skip orientation RF as there are not enough pairs
[M::mem_pestat] analyzing insert size distribution for orientation RR...
[M::mem_pestat] (25, 50, 75) percentile: (570, 908, 1266)
[M::mem_pestat] low and high boundaries for computing mean and std.dev: (1, 2658)
[M::mem_pestat] mean and std.dev: (915.14, 520.74)
[M::mem_pestat] low and high boundaries for proper pairs: (1, 3354)
[M::mem_pestat] skip orientation FF
[M::mem_pestat] skip orientation RR
[M::mem_process_seqs] Processed 266668 reads in 481.157 CPU sec, 120.564 real sec
[M::process] read 266668 sequences (40000200 bp)...
[M::mem_pestat] # candidate unique pairs for (FF, FR, RF, RR): (23, 81203, 9, 30)
[M::mem_pestat] analyzing insert size distribution for orientation FF...
[M::mem_pestat] (25, 50, 75) percentile: (209, 585, 1782)
[M::mem_pestat] low and high boundaries for computing mean and std.dev: (1, 4928)
[M::mem_pestat] mean and std.dev: (1009.50, 1066.08)
[M::mem_pestat] low and high boundaries for proper pairs: (1, 6501)
[M::mem_pestat] analyzing insert size distribution for orientation FR...
[M::mem_pestat] (25, 50, 75) percentile: (509, 526, 553)
[M::mem_pestat] low and high boundaries for computing mean and std.dev: (421, 641)
[M::mem_pestat] mean and std.dev: (535.25, 32.05)
[M::mem_pestat] low and high boundaries for proper pairs: (377, 685)
[M::mem_pestat] skip orientation RF as there are not enough pairs
[M::mem_pestat] analyzing insert size distribution for orientation RR...
[M::mem_pestat] (25, 50, 75) percentile: (301, 734, 1547)
[M::mem_pestat] low and high boundaries for computing mean and std.dev: (1, 4039)
[M::mem_pestat] mean and std.dev: (960.79, 836.11)
[M::mem_pestat] low and high boundaries for proper pairs: (1, 5285)
[M::mem_pestat] skip orientation FF
[M::mem_pestat] skip orientation RR
[M::mem_process_seqs] Processed 266668 reads in 480.334 CPU sec, 120.389 real sec
[M::process] read 266668 sequences (40000200 bp)...
[M::mem_pestat] # candidate unique pairs for (FF, FR, RF, RR): (20, 81714, 15, 14)
[M::mem_pestat] analyzing insert size distribution for orientation FF...
[M::mem_pestat] (25, 50, 75) percentile: (315, 753, 942)
[M::mem_pestat] low and high boundaries for computing mean and std.dev: (1, 2196)
[M::mem_pestat] mean and std.dev: (654.26, 496.82)
[M::mem_pestat] low and high boundaries for proper pairs: (1, 2823)
[M::mem_pestat] analyzing insert size distribution for orientation FR...
[M::mem_pestat] (25, 50, 75) percentile: (509, 526, 554)
[M::mem_pestat] low and high boundaries for computing mean and std.dev: (419, 644)
[M::mem_pestat] mean and std.dev: (535.35, 32.62)
[M::mem_pestat] low and high boundaries for proper pairs: (374, 689)
[M::mem_pestat] analyzing insert size distribution for orientation RF...
[M::mem_pestat] (25, 50, 75) percentile: (270, 956, 1904)
[M::mem_pestat] low and high boundaries for computing mean and std.dev: (1, 5172)
[M::mem_pestat] mean and std.dev: (1472.33, 1516.81)
[M::mem_pestat] low and high boundaries for proper pairs: (1, 7540)
[M::mem_pestat] analyzing insert size distribution for orientation RR...
[M::mem_pestat] (25, 50, 75) percentile: (273, 738, 1107)
[M::mem_pestat] low and high boundaries for computing mean and std.dev: (1, 2775)
[M::mem_pestat] mean and std.dev: (753.36, 525.39)
[M::mem_pestat] low and high boundaries for proper pairs: (1, 3609)
[M::mem_pestat] skip orientation FF
[M::mem_pestat] skip orientation RF
[M::mem_pestat] skip orientation RR
[M::mem_process_seqs] Processed 266668 reads in 479.783 CPU sec, 120.152 real sec
[M::process] read 266668 sequences (40000200 bp)...
[M::mem_pestat] # candidate unique pairs for (FF, FR, RF, RR): (22, 81520, 4, 15)
[M::mem_pestat] analyzing insert size distribution for orientation FF...
[M::mem_pestat] (25, 50, 75) percentile: (422, 806, 2603)
[M::mem_pestat] low and high boundaries for computing mean and std.dev: (1, 6965)
[M::mem_pestat] mean and std.dev: (1390.19, 1459.28)
[M::mem_pestat] low and high boundaries for proper pairs: (1, 9146)
[M::mem_pestat] analyzing insert size distribution for orientation FR...
[M::mem_pestat] (25, 50, 75) percentile: (510, 526, 554)
[M::mem_pestat] low and high boundaries for computing mean and std.dev: (422, 642)
[M::mem_pestat] mean and std.dev: (535.43, 31.95)
[M::mem_pestat] low and high boundaries for proper pairs: (378, 686)
[M::mem_pestat] skip orientation RF as there are not enough pairs
[M::mem_pestat] analyzing insert size distribution for orientation RR...
[M::mem_pestat] (25, 50, 75) percentile: (755, 987, 1468)
[M::mem_pestat] low and high boundaries for computing mean and std.dev: (1, 2894)
[M::mem_pestat] mean and std.dev: (996.93, 601.61)
[M::mem_pestat] low and high boundaries for proper pairs: (1, 3607)
[M::mem_pestat] skip orientation FF
[M::mem_pestat] skip orientation RR
[M::mem_process_seqs] Processed 266668 reads in 468.018 CPU sec, 117.247 real sec
[M::process] read 266668 sequences (40000200 bp)...
[M::mem_pestat] # candidate unique pairs for (FF, FR, RF, RR): (22, 81161, 10, 23)
[M::mem_pestat] analyzing insert size distribution for orientation FF...
[M::mem_pestat] (25, 50, 75) percentile: (204, 1007, 1892)
[M::mem_pestat] low and high boundaries for computing mean and std.dev: (1, 5268)
[M::mem_pestat] mean and std.dev: (1145.95, 1187.63)
[M::mem_pestat] low and high boundaries for proper pairs: (1, 6956)
[M::mem_pestat] analyzing insert size distribution for orientation FR...
[M::mem_pestat] (25, 50, 75) percentile: (510, 526, 554)
[M::mem_pestat] low and high boundaries for computing mean and std.dev: (422, 642)
[M::mem_pestat] mean and std.dev: (535.50, 32.12)
[M::mem_pestat] low and high boundaries for proper pairs: (378, 686)
[M::mem_pestat] analyzing insert size distribution for orientation RF...
[M::mem_pestat] (25, 50, 75) percentile: (557, 984, 2988)
[M::mem_pestat] low and high boundaries for computing mean and std.dev: (1, 7850)
[M::mem_pestat] mean and std.dev: (1717.20, 1744.53)
[M::mem_pestat] low and high boundaries for proper pairs: (1, 10281)
[M::mem_pestat] analyzing insert size distribution for orientation RR...
[M::mem_pestat] (25, 50, 75) percentile: (678, 1185, 2244)
[M::mem_pestat] low and high boundaries for computing mean and std.dev: (1, 5376)
[M::mem_pestat] mean and std.dev: (1383.00, 1134.35)
[M::mem_pestat] low and high boundaries for proper pairs: (1, 6942)
[M::mem_pestat] skip orientation FF
[M::mem_pestat] skip orientation RF
[M::mem_pestat] skip orientation RR
[M::mem_process_seqs] Processed 266668 reads in 471.778 CPU sec, 118.168 real sec
[M::process] read 266668 sequences (40000200 bp)...
[M::mem_pestat] # candidate unique pairs for (FF, FR, RF, RR): (23, 81086, 12, 17)
[M::mem_pestat] analyzing insert size distribution for orientation FF...
[M::mem_pestat] (25, 50, 75) percentile: (150, 260, 1024)
[M::mem_pestat] low and high boundaries for computing mean and std.dev: (1, 2772)
[M::mem_pestat] mean and std.dev: (697.91, 809.32)
[M::mem_pestat] low and high boundaries for proper pairs: (1, 3935)
[M::mem_pestat] analyzing insert size distribution for orientation FR...
[M::mem_pestat] (25, 50, 75) percentile: (509, 526, 554)
[M::mem_pestat] low and high boundaries for computing mean and std.dev: (419, 644)
[M::mem_pestat] mean and std.dev: (535.53, 32.46)
[M::mem_pestat] low and high boundaries for proper pairs: (374, 689)
[M::mem_pestat] analyzing insert size distribution for orientation RF...
[M::mem_pestat] (25, 50, 75) percentile: (1111, 2428, 3212)
[M::mem_pestat] low and high boundaries for computing mean and std.dev: (1, 7414)
[M::mem_pestat] mean and std.dev: (2122.42, 1666.32)
[M::mem_pestat] low and high boundaries for proper pairs: (1, 9515)
[M::mem_pestat] analyzing insert size distribution for orientation RR...
[M::mem_pestat] (25, 50, 75) percentile: (290, 842, 1753)
[M::mem_pestat] low and high boundaries for computing mean and std.dev: (1, 4679)
[M::mem_pestat] mean and std.dev: (1070.50, 1160.20)
[M::mem_pestat] low and high boundaries for proper pairs: (1, 6142)
[M::mem_pestat] skip orientation FF
[M::mem_pestat] skip orientation RF
[M::mem_pestat] skip orientation RR
[M::mem_process_seqs] Processed 266668 reads in 473.909 CPU sec, 118.736 real sec
[M::process] read 266668 sequences (40000200 bp)...
[M::mem_pestat] # candidate unique pairs for (FF, FR, RF, RR): (19, 81615, 8, 21)
[M::mem_pestat] analyzing insert size distribution for orientation FF...
[M::mem_pestat] (25, 50, 75) percentile: (341, 987, 2022)
[M::mem_pestat] low and high boundaries for computing mean and std.dev: (1, 5384)
[M::mem_pestat] mean and std.dev: (1184.72, 1139.61)
[M::mem_pestat] low and high boundaries for proper pairs: (1, 7065)
[M::mem_pestat] analyzing insert size distribution for orientation FR...
[M::mem_pestat] (25, 50, 75) percentile: (509, 526, 553)
[M::mem_pestat] low and high boundaries for computing mean and std.dev: (421, 641)
[M::mem_pestat] mean and std.dev: (535.04, 31.85)
[M::mem_pestat] low and high boundaries for proper pairs: (377, 685)
[M::mem_pestat] skip orientation RF as there are not enough pairs
[M::mem_pestat] analyzing insert size distribution for orientation RR...
[M::mem_pestat] (25, 50, 75) percentile: (408, 993, 1413)
[M::mem_pestat] low and high boundaries for computing mean and std.dev: (1, 3423)
[M::mem_pestat] mean and std.dev: (954.00, 617.64)
[M::mem_pestat] low and high boundaries for proper pairs: (1, 4428)
[M::mem_pestat] skip orientation FF
[M::mem_pestat] skip orientation RR
[M::mem_process_seqs] Processed 266668 reads in 477.341 CPU sec, 119.655 real sec
[M::process] read 266668 sequences (40000200 bp)...
[M::mem_pestat] # candidate unique pairs for (FF, FR, RF, RR): (32, 81684, 7, 15)
[M::mem_pestat] analyzing insert size distribution for orientation FF...
[M::mem_pestat] (25, 50, 75) percentile: (577, 900, 2437)
[M::mem_pestat] low and high boundaries for computing mean and std.dev: (1, 6157)
[M::mem_pestat] mean and std.dev: (1293.77, 1108.11)
[M::mem_pestat] low and high boundaries for proper pairs: (1, 8017)
[M::mem_pestat] analyzing insert size distribution for orientation FR...
[M::mem_pestat] (25, 50, 75) percentile: (509, 526, 554)
[M::mem_pestat] low and high boundaries for computing mean and std.dev: (419, 644)
[M::mem_pestat] mean and std.dev: (535.46, 32.43)
[M::mem_pestat] low and high boundaries for proper pairs: (374, 689)
[M::mem_pestat] skip orientation RF as there are not enough pairs
[M::mem_pestat] analyzing insert size distribution for orientation RR...
[M::mem_pestat] (25, 50, 75) percentile: (675, 946, 1218)
[M::mem_pestat] low and high boundaries for computing mean and std.dev: (1, 2304)
[M::mem_pestat] mean and std.dev: (862.29, 564.23)
[M::mem_pestat] low and high boundaries for proper pairs: (1, 3119)
[M::mem_pestat] skip orientation FF
[M::mem_pestat] skip orientation RR
[M::mem_process_seqs] Processed 266668 reads in 464.044 CPU sec, 116.246 real sec
[M::process] read 266668 sequences (40000200 bp)...
[M::mem_pestat] # candidate unique pairs for (FF, FR, RF, RR): (24, 81019, 8, 17)
[M::mem_pestat] analyzing insert size distribution for orientation FF...
[M::mem_pestat] (25, 50, 75) percentile: (237, 410, 2316)
[M::mem_pestat] low and high boundaries for computing mean and std.dev: (1, 6474)
[M::mem_pestat] mean and std.dev: (1025.24, 1383.94)
[M::mem_pestat] low and high boundaries for proper pairs: (1, 8553)
[M::mem_pestat] analyzing insert size distribution for orientation FR...
[M::mem_pestat] (25, 50, 75) percentile: (509, 526, 554)
[M::mem_pestat] low and high boundaries for computing mean and std.dev: (419, 644)
[M::mem_pestat] mean and std.dev: (535.39, 32.36)
[M::mem_pestat] low and high boundaries for proper pairs: (374, 689)
[M::mem_pestat] skip orientation RF as there are not enough pairs
[M::mem_pestat] analyzing insert size distribution for orientation RR...
[M::mem_pestat] (25, 50, 75) percentile: (426, 771, 1403)
[M::mem_pestat] low and high boundaries for computing mean and std.dev: (1, 3357)
[M::mem_pestat] mean and std.dev: (803.80, 568.56)
[M::mem_pestat] low and high boundaries for proper pairs: (1, 4334)
[M::mem_pestat] skip orientation FF
[M::mem_pestat] skip orientation RR
[M::mem_process_seqs] Processed 266668 reads in 471.498 CPU sec, 118.091 real sec
[M::process] read 266668 sequences (40000200 bp)...
[M::mem_pestat] # candidate unique pairs for (FF, FR, RF, RR): (23, 81611, 11, 16)
[M::mem_pestat] analyzing insert size distribution for orientation FF...
[M::mem_pestat] (25, 50, 75) percentile: (218, 682, 1164)
[M::mem_pestat] low and high boundaries for computing mean and std.dev: (1, 3056)
[M::mem_pestat] mean and std.dev: (857.14, 786.67)
[M::mem_pestat] low and high boundaries for proper pairs: (1, 4004)
[M::mem_pestat] analyzing insert size distribution for orientation FR...
[M::mem_pestat] (25, 50, 75) percentile: (509, 526, 554)
[M::mem_pestat] low and high boundaries for computing mean and std.dev: (419, 644)
[M::mem_pestat] mean and std.dev: (535.66, 32.61)
[M::mem_pestat] low and high boundaries for proper pairs: (374, 689)
[M::mem_pestat] analyzing insert size distribution for orientation RF...
[M::mem_pestat] (25, 50, 75) percentile: (814, 859, 1520)
[M::mem_pestat] low and high boundaries for computing mean and std.dev: (1, 2932)
[M::mem_pestat] mean and std.dev: (906.00, 652.73)
[M::mem_pestat] low and high boundaries for proper pairs: (1, 3638)
[M::mem_pestat] analyzing insert size distribution for orientation RR...
[M::mem_pestat] (25, 50, 75) percentile: (303, 814, 1260)
[M::mem_pestat] low and high boundaries for computing mean and std.dev: (1, 3174)
[M::mem_pestat] mean and std.dev: (666.43, 422.01)
[M::mem_pestat] low and high boundaries for proper pairs: (1, 4131)
[M::mem_pestat] skip orientation FF
[M::mem_pestat] skip orientation RF
[M::mem_pestat] skip orientation RR
[M::mem_process_seqs] Processed 266668 reads in 474.887 CPU sec, 118.943 real sec
[M::process] read 266668 sequences (40000200 bp)...
[M::mem_pestat] # candidate unique pairs for (FF, FR, RF, RR): (11, 81722, 12, 14)
[M::mem_pestat] analyzing insert size distribution for orientation FF...
[M::mem_pestat] (25, 50, 75) percentile: (212, 481, 2585)
[M::mem_pestat] low and high boundaries for computing mean and std.dev: (1, 7331)
[M::mem_pestat] mean and std.dev: (1368.00, 1862.19)
[M::mem_pestat] low and high boundaries for proper pairs: (1, 9704)
[M::mem_pestat] analyzing insert size distribution for orientation FR...
[M::mem_pestat] (25, 50, 75) percentile: (509, 526, 554)
[M::mem_pestat] low and high boundaries for computing mean and std.dev: (419, 644)
[M::mem_pestat] mean and std.dev: (535.60, 32.38)
[M::mem_pestat] low and high boundaries for proper pairs: (374, 689)
[M::mem_pestat] analyzing insert size distribution for orientation RF...
[M::mem_pestat] (25, 50, 75) percentile: (227, 1006, 3731)
[M::mem_pestat] low and high boundaries for computing mean and std.dev: (1, 10739)
[M::mem_pestat] mean and std.dev: (1762.17, 2095.68)
[M::mem_pestat] low and high boundaries for proper pairs: (1, 14243)
[M::mem_pestat] analyzing insert size distribution for orientation RR...
[M::mem_pestat] (25, 50, 75) percentile: (767, 1332, 1527)
[M::mem_pestat] low and high boundaries for computing mean and std.dev: (1, 3047)
[M::mem_pestat] mean and std.dev: (993.50, 470.77)
[M::mem_pestat] low and high boundaries for proper pairs: (1, 3807)
[M::mem_pestat] skip orientation FF
[M::mem_pestat] skip orientation RF
[M::mem_pestat] skip orientation RR
[M::mem_process_seqs] Processed 266668 reads in 462.501 CPU sec, 115.843 real sec
[M::process] read 266668 sequences (40000200 bp)...
[M::mem_pestat] # candidate unique pairs for (FF, FR, RF, RR): (19, 81336, 10, 24)
[M::mem_pestat] analyzing insert size distribution for orientation FF...
[M::mem_pestat] (25, 50, 75) percentile: (217, 433, 1247)
[M::mem_pestat] low and high boundaries for computing mean and std.dev: (1, 3307)
[M::mem_pestat] mean and std.dev: (709.47, 624.09)
[M::mem_pestat] low and high boundaries for proper pairs: (1, 4337)
[M::mem_pestat] analyzing insert size distribution for orientation FR...
[M::mem_pestat] (25, 50, 75) percentile: (509, 526, 554)
[M::mem_pestat] low and high boundaries for computing mean and std.dev: (419, 644)
[M::mem_pestat] mean and std.dev: (535.54, 32.61)
[M::mem_pestat] low and high boundaries for proper pairs: (374, 689)
[M::mem_pestat] analyzing insert size distribution for orientation RF...
[M::mem_pestat] (25, 50, 75) percentile: (725, 2297, 6786)
[M::mem_pestat] low and high boundaries for computing mean and std.dev: (1, 18908)
[M::mem_pestat] mean and std.dev: (3185.60, 3028.41)
[M::mem_pestat] low and high boundaries for proper pairs: (1, 24969)
[M::mem_pestat] analyzing insert size distribution for orientation RR...
[M::mem_pestat] (25, 50, 75) percentile: (617, 1280, 2011)
[M::mem_pestat] low and high boundaries for computing mean and std.dev: (1, 4799)
[M::mem_pestat] mean and std.dev: (1248.39, 985.66)
[M::mem_pestat] low and high boundaries for proper pairs: (1, 6193)
[M::mem_pestat] skip orientation FF
[M::mem_pestat] skip orientation RF
[M::mem_pestat] skip orientation RR
[M::mem_process_seqs] Processed 266668 reads in 474.666 CPU sec, 118.916 real sec
[M::process] read 266668 sequences (40000200 bp)...
[M::mem_pestat] # candidate unique pairs for (FF, FR, RF, RR): (21, 81725, 10, 15)
[M::mem_pestat] analyzing insert size distribution for orientation FF...
[M::mem_pestat] (25, 50, 75) percentile: (274, 704, 1449)
[M::mem_pestat] low and high boundaries for computing mean and std.dev: (1, 3799)
[M::mem_pestat] mean and std.dev: (895.95, 856.43)
[M::mem_pestat] low and high boundaries for proper pairs: (1, 4974)
[M::mem_pestat] analyzing insert size distribution for orientation FR...
[M::mem_pestat] (25, 50, 75) percentile: (509, 526, 554)
[M::mem_pestat] low and high boundaries for computing mean and std.dev: (419, 644)
[M::mem_pestat] mean and std.dev: (535.43, 32.38)
[M::mem_pestat] low and high boundaries for proper pairs: (374, 689)
[M::mem_pestat] analyzing insert size distribution for orientation RF...
[M::mem_pestat] (25, 50, 75) percentile: (339, 1493, 3731)
[M::mem_pestat] low and high boundaries for computing mean and std.dev: (1, 10515)
[M::mem_pestat] mean and std.dev: (1929.80, 1851.09)
[M::mem_pestat] low and high boundaries for proper pairs: (1, 13907)
[M::mem_pestat] analyzing insert size distribution for orientation RR...
[M::mem_pestat] (25, 50, 75) percentile: (407, 1018, 3716)
[M::mem_pestat] low and high boundaries for computing mean and std.dev: (1, 10334)
[M::mem_pestat] mean and std.dev: (1932.13, 2209.95)
[M::mem_pestat] low and high boundaries for proper pairs: (1, 13643)
[M::mem_pestat] skip orientation FF
[M::mem_pestat] skip orientation RF
[M::mem_pestat] skip orientation RR
[M::mem_process_seqs] Processed 266668 reads in 473.842 CPU sec, 118.700 real sec
[M::process] read 266668 sequences (40000200 bp)...
[M::mem_pestat] # candidate unique pairs for (FF, FR, RF, RR): (23, 81199, 13, 26)
[M::mem_pestat] analyzing insert size distribution for orientation FF...
[M::mem_pestat] (25, 50, 75) percentile: (304, 818, 1382)
[M::mem_pestat] low and high boundaries for computing mean and std.dev: (1, 3538)
[M::mem_pestat] mean and std.dev: (730.40, 534.61)
[M::mem_pestat] low and high boundaries for proper pairs: (1, 4616)
[M::mem_pestat] analyzing insert size distribution for orientation FR...
[M::mem_pestat] (25, 50, 75) percentile: (509, 526, 554)
[M::mem_pestat] low and high boundaries for computing mean and std.dev: (419, 644)
[M::mem_pestat] mean and std.dev: (535.57, 32.60)
[M::mem_pestat] low and high boundaries for proper pairs: (374, 689)
[M::mem_pestat] analyzing insert size distribution for orientation RF...
[M::mem_pestat] (25, 50, 75) percentile: (290, 3278, 4332)
[M::mem_pestat] low and high boundaries for computing mean and std.dev: (1, 12416)
[M::mem_pestat] mean and std.dev: (2778.62, 1944.87)
[M::mem_pestat] low and high boundaries for proper pairs: (1, 16458)
[M::mem_pestat] analyzing insert size distribution for orientation RR...
[M::mem_pestat] (25, 50, 75) percentile: (283, 1058, 1372)
[M::mem_pestat] low and high boundaries for computing mean and std.dev: (1, 3550)
[M::mem_pestat] mean and std.dev: (785.32, 493.95)
[M::mem_pestat] low and high boundaries for proper pairs: (1, 4639)
[M::mem_pestat] skip orientation FF
[M::mem_pestat] skip orientation RF
[M::mem_pestat] skip orientation RR
[M::mem_process_seqs] Processed 266668 reads in 475.285 CPU sec, 119.034 real sec
[M::process] read 266668 sequences (40000200 bp)...
[M::mem_pestat] # candidate unique pairs for (FF, FR, RF, RR): (19, 81289, 10, 23)
[M::mem_pestat] analyzing insert size distribution for orientation FF...
[M::mem_pestat] (25, 50, 75) percentile: (385, 725, 1687)
[M::mem_pestat] low and high boundaries for computing mean and std.dev: (1, 4291)
[M::mem_pestat] mean and std.dev: (1008.58, 863.17)
[M::mem_pestat] low and high boundaries for proper pairs: (1, 5593)
[M::mem_pestat] analyzing insert size distribution for orientation FR...
[M::mem_pestat] (25, 50, 75) percentile: (510, 526, 554)
[M::mem_pestat] low and high boundaries for computing mean and std.dev: (422, 642)
[M::mem_pestat] mean and std.dev: (535.34, 32.00)
[M::mem_pestat] low and high boundaries for proper pairs: (378, 686)
[M::mem_pestat] analyzing insert size distribution for orientation RF...
[M::mem_pestat] (25, 50, 75) percentile: (287, 3074, 4393)
[M::mem_pestat] low and high boundaries for computing mean and std.dev: (1, 12605)
[M::mem_pestat] mean and std.dev: (2712.40, 2519.80)
[M::mem_pestat] low and high boundaries for proper pairs: (1, 16711)
[M::mem_pestat] analyzing insert size distribution for orientation RR...
[M::mem_pestat] (25, 50, 75) percentile: (315, 909, 1491)
[M::mem_pestat] low and high boundaries for computing mean and std.dev: (1, 3843)
[M::mem_pestat] mean and std.dev: (1022.36, 971.97)
[M::mem_pestat] low and high boundaries for proper pairs: (1, 5019)
[M::mem_pestat] skip orientation FF
[M::mem_pestat] skip orientation RF
[M::mem_pestat] skip orientation RR
[M::mem_process_seqs] Processed 266668 reads in 476.296 CPU sec, 119.318 real sec
[M::process] read 64396 sequences (9659400 bp)...
[M::mem_pestat] # candidate unique pairs for (FF, FR, RF, RR): (19, 81175, 12, 22)
[M::mem_pestat] analyzing insert size distribution for orientation FF...
[M::mem_pestat] (25, 50, 75) percentile: (548, 802, 2290)
[M::mem_pestat] low and high boundaries for computing mean and std.dev: (1, 5774)
[M::mem_pestat] mean and std.dev: (1266.39, 1210.61)
[M::mem_pestat] low and high boundaries for proper pairs: (1, 7516)
[M::mem_pestat] analyzing insert size distribution for orientation FR...
[M::mem_pestat] (25, 50, 75) percentile: (509, 526, 553)
[M::mem_pestat] low and high boundaries for computing mean and std.dev: (421, 641)
[M::mem_pestat] mean and std.dev: (535.08, 31.98)
[M::mem_pestat] low and high boundaries for proper pairs: (377, 685)
[M::mem_pestat] analyzing insert size distribution for orientation RF...
[M::mem_pestat] (25, 50, 75) percentile: (1290, 2982, 3525)
[M::mem_pestat] low and high boundaries for computing mean and std.dev: (1, 7995)
[M::mem_pestat] mean and std.dev: (2318.42, 1356.30)
[M::mem_pestat] low and high boundaries for proper pairs: (1, 10230)
[M::mem_pestat] analyzing insert size distribution for orientation RR...
[M::mem_pestat] (25, 50, 75) percentile: (449, 1278, 1956)
[M::mem_pestat] low and high boundaries for computing mean and std.dev: (1, 4970)
[M::mem_pestat] mean and std.dev: (1486.59, 1304.01)
[M::mem_pestat] low and high boundaries for proper pairs: (1, 6703)
[M::mem_pestat] skip orientation FF
[M::mem_pestat] skip orientation RF
[M::mem_pestat] skip orientation RR
[M::mem_process_seqs] Processed 266668 reads in 484.643 CPU sec, 121.430 real sec
[M::mem_pestat] # candidate unique pairs for (FF, FR, RF, RR): (8, 19574, 4, 3)
[M::mem_pestat] skip orientation FF as there are not enough pairs
[M::mem_pestat] analyzing insert size distribution for orientation FR...
[M::mem_pestat] (25, 50, 75) percentile: (509, 525, 553)
[M::mem_pestat] low and high boundaries for computing mean and std.dev: (421, 641)
[M::mem_pestat] mean and std.dev: (534.92, 32.04)
[M::mem_pestat] low and high boundaries for proper pairs: (377, 685)
[M::mem_pestat] skip orientation RF as there are not enough pairs
[M::mem_pestat] skip orientation RR as there are not enough pairs
[M::mem_process_seqs] Processed 64396 reads in 119.334 CPU sec, 29.938 real sec
[main] Version: 0.7.17-r1188
[main] CMD: bwa mem -t 4 -a /mnt/raid6/bacphagenetwork/data/bwa_index/chm13v2.0_noY.fa /mnt/raid6/bacphagenetwork/data/skin_metagenome/Guangzhou/02_rm_host/235_1.fastq.gz /mnt/raid6/bacphagenetwork/data/skin_metagenome/Guangzhou/02_rm_host/235_2.fastq.gz
[main] Real time: 5099.383 sec; CPU: 20302.000 sec
