/home/bacphagenetwork/.bashrc: line 15: Custom: command not found
[M::bwa_idx_load_from_disk] read 0 ALT contigs
[M::process] read 266668 sequences (40000200 bp)...
[M::process] read 266668 sequences (40000200 bp)...
[M::mem_pestat] # candidate unique pairs for (FF, FR, RF, RR): (1, 1311, 1, 0)
[M::mem_pestat] skip orientation FF as there are not enough pairs
[M::mem_pestat] analyzing insert size distribution for orientation FR...
[M::mem_pestat] (25, 50, 75) percentile: (504, 519, 542)
[M::mem_pestat] low and high boundaries for computing mean and std.dev: (428, 618)
[M::mem_pestat] mean and std.dev: (530.02, 28.03)
[M::mem_pestat] low and high boundaries for proper pairs: (390, 656)
[M::mem_pestat] skip orientation RF as there are not enough pairs
[M::mem_pestat] skip orientation RR as there are not enough pairs
[M::mem_process_seqs] Processed 266668 reads in 124.868 CPU sec, 31.322 real sec
[M::process] read 266668 sequences (40000200 bp)...
[M::mem_pestat] # candidate unique pairs for (FF, FR, RF, RR): (2, 1346, 0, 2)
[M::mem_pestat] skip orientation FF as there are not enough pairs
[M::mem_pestat] analyzing insert size distribution for orientation FR...
[M::mem_pestat] (25, 50, 75) percentile: (504, 519, 542)
[M::mem_pestat] low and high boundaries for computing mean and std.dev: (428, 618)
[M::mem_pestat] mean and std.dev: (528.73, 26.74)
[M::mem_pestat] low and high boundaries for proper pairs: (390, 656)
[M::mem_pestat] skip orientation RF as there are not enough pairs
[M::mem_pestat] skip orientation RR as there are not enough pairs
[M::mem_process_seqs] Processed 266668 reads in 121.447 CPU sec, 30.415 real sec
[M::process] read 266668 sequences (40000200 bp)...
[M::mem_pestat] # candidate unique pairs for (FF, FR, RF, RR): (0, 1244, 0, 1)
[M::mem_pestat] skip orientation FF as there are not enough pairs
[M::mem_pestat] analyzing insert size distribution for orientation FR...
[M::mem_pestat] (25, 50, 75) percentile: (503, 516, 540)
[M::mem_pestat] low and high boundaries for computing mean and std.dev: (429, 614)
[M::mem_pestat] mean and std.dev: (527.47, 26.73)
[M::mem_pestat] low and high boundaries for proper pairs: (392, 651)
[M::mem_pestat] skip orientation RF as there are not enough pairs
[M::mem_pestat] skip orientation RR as there are not enough pairs
[M::mem_process_seqs] Processed 266668 reads in 124.561 CPU sec, 31.695 real sec
[M::process] read 266668 sequences (40000200 bp)...
[M::mem_pestat] # candidate unique pairs for (FF, FR, RF, RR): (0, 1344, 0, 0)
[M::mem_pestat] skip orientation FF as there are not enough pairs
[M::mem_pestat] analyzing insert size distribution for orientation FR...
[M::mem_pestat] (25, 50, 75) percentile: (504, 517, 539)
[M::mem_pestat] low and high boundaries for computing mean and std.dev: (434, 609)
[M::mem_pestat] mean and std.dev: (527.60, 25.22)
[M::mem_pestat] low and high boundaries for proper pairs: (399, 644)
[M::mem_pestat] skip orientation RF as there are not enough pairs
[M::mem_pestat] skip orientation RR as there are not enough pairs
[M::mem_process_seqs] Processed 266668 reads in 123.339 CPU sec, 30.899 real sec
[M::process] read 266668 sequences (40000200 bp)...
[M::mem_pestat] # candidate unique pairs for (FF, FR, RF, RR): (3, 1375, 0, 2)
[M::mem_pestat] skip orientation FF as there are not enough pairs
[M::mem_pestat] analyzing insert size distribution for orientation FR...
[M::mem_pestat] (25, 50, 75) percentile: (504, 519, 541)
[M::mem_pestat] low and high boundaries for computing mean and std.dev: (430, 615)
[M::mem_pestat] mean and std.dev: (529.36, 26.67)
[M::mem_pestat] low and high boundaries for proper pairs: (393, 652)
[M::mem_pestat] skip orientation RF as there are not enough pairs
[M::mem_pestat] skip orientation RR as there are not enough pairs
[M::mem_process_seqs] Processed 266668 reads in 123.326 CPU sec, 30.887 real sec
[M::process] read 266668 sequences (40000200 bp)...
[M::mem_pestat] # candidate unique pairs for (FF, FR, RF, RR): (1, 1412, 0, 0)
[M::mem_pestat] skip orientation FF as there are not enough pairs
[M::mem_pestat] analyzing insert size distribution for orientation FR...
[M::mem_pestat] (25, 50, 75) percentile: (503, 517, 541)
[M::mem_pestat] low and high boundaries for computing mean and std.dev: (427, 617)
[M::mem_pestat] mean and std.dev: (528.94, 26.83)
[M::mem_pestat] low and high boundaries for proper pairs: (389, 655)
[M::mem_pestat] skip orientation RF as there are not enough pairs
[M::mem_pestat] skip orientation RR as there are not enough pairs
[M::mem_process_seqs] Processed 266668 reads in 123.349 CPU sec, 30.889 real sec
[M::process] read 266668 sequences (40000200 bp)...
[M::mem_pestat] # candidate unique pairs for (FF, FR, RF, RR): (1, 1310, 0, 0)
[M::mem_pestat] skip orientation FF as there are not enough pairs
[M::mem_pestat] analyzing insert size distribution for orientation FR...
[M::mem_pestat] (25, 50, 75) percentile: (504, 519, 543)
[M::mem_pestat] low and high boundaries for computing mean and std.dev: (426, 621)
[M::mem_pestat] mean and std.dev: (529.63, 27.48)
[M::mem_pestat] low and high boundaries for proper pairs: (387, 660)
[M::mem_pestat] skip orientation RF as there are not enough pairs
[M::mem_pestat] skip orientation RR as there are not enough pairs
[M::mem_process_seqs] Processed 266668 reads in 125.543 CPU sec, 31.447 real sec
[M::process] read 266668 sequences (40000200 bp)...
[M::mem_pestat] # candidate unique pairs for (FF, FR, RF, RR): (1, 1380, 0, 0)
[M::mem_pestat] skip orientation FF as there are not enough pairs
[M::mem_pestat] analyzing insert size distribution for orientation FR...
[M::mem_pestat] (25, 50, 75) percentile: (504, 520, 544)
[M::mem_pestat] low and high boundaries for computing mean and std.dev: (424, 624)
[M::mem_pestat] mean and std.dev: (530.75, 28.12)
[M::mem_pestat] low and high boundaries for proper pairs: (384, 664)
[M::mem_pestat] skip orientation RF as there are not enough pairs
[M::mem_pestat] skip orientation RR as there are not enough pairs
[M::mem_process_seqs] Processed 266668 reads in 123.975 CPU sec, 31.051 real sec
[M::process] read 266668 sequences (40000200 bp)...
[M::mem_pestat] # candidate unique pairs for (FF, FR, RF, RR): (0, 1243, 0, 0)
[M::mem_pestat] skip orientation FF as there are not enough pairs
[M::mem_pestat] analyzing insert size distribution for orientation FR...
[M::mem_pestat] (25, 50, 75) percentile: (503, 518, 540)
[M::mem_pestat] low and high boundaries for computing mean and std.dev: (429, 614)
[M::mem_pestat] mean and std.dev: (528.61, 26.49)
[M::mem_pestat] low and high boundaries for proper pairs: (392, 651)
[M::mem_pestat] skip orientation RF as there are not enough pairs
[M::mem_pestat] skip orientation RR as there are not enough pairs
[M::mem_process_seqs] Processed 266668 reads in 123.186 CPU sec, 30.851 real sec
[M::process] read 266668 sequences (40000200 bp)...
[M::mem_pestat] # candidate unique pairs for (FF, FR, RF, RR): (1, 1289, 0, 1)
[M::mem_pestat] skip orientation FF as there are not enough pairs
[M::mem_pestat] analyzing insert size distribution for orientation FR...
[M::mem_pestat] (25, 50, 75) percentile: (504, 518, 543)
[M::mem_pestat] low and high boundaries for computing mean and std.dev: (426, 621)
[M::mem_pestat] mean and std.dev: (530.84, 28.51)
[M::mem_pestat] low and high boundaries for proper pairs: (387, 660)
[M::mem_pestat] skip orientation RF as there are not enough pairs
[M::mem_pestat] skip orientation RR as there are not enough pairs
[M::mem_process_seqs] Processed 266668 reads in 124.302 CPU sec, 31.130 real sec
[M::process] read 266668 sequences (40000200 bp)...
[M::mem_pestat] # candidate unique pairs for (FF, FR, RF, RR): (2, 1358, 0, 1)
[M::mem_pestat] skip orientation FF as there are not enough pairs
[M::mem_pestat] analyzing insert size distribution for orientation FR...
[M::mem_pestat] (25, 50, 75) percentile: (504, 518, 541)
[M::mem_pestat] low and high boundaries for computing mean and std.dev: (430, 615)
[M::mem_pestat] mean and std.dev: (528.42, 25.84)
[M::mem_pestat] low and high boundaries for proper pairs: (393, 652)
[M::mem_pestat] skip orientation RF as there are not enough pairs
[M::mem_pestat] skip orientation RR as there are not enough pairs
[M::mem_process_seqs] Processed 266668 reads in 121.448 CPU sec, 30.397 real sec
[M::process] read 266668 sequences (40000200 bp)...
[M::mem_pestat] # candidate unique pairs for (FF, FR, RF, RR): (0, 1202, 1, 0)
[M::mem_pestat] skip orientation FF as there are not enough pairs
[M::mem_pestat] analyzing insert size distribution for orientation FR...
[M::mem_pestat] (25, 50, 75) percentile: (504, 517, 541)
[M::mem_pestat] low and high boundaries for computing mean and std.dev: (430, 615)
[M::mem_pestat] mean and std.dev: (528.71, 26.98)
[M::mem_pestat] low and high boundaries for proper pairs: (393, 652)
[M::mem_pestat] skip orientation RF as there are not enough pairs
[M::mem_pestat] skip orientation RR as there are not enough pairs
[M::mem_process_seqs] Processed 266668 reads in 124.901 CPU sec, 31.288 real sec
[M::process] read 266668 sequences (40000200 bp)...
[M::mem_pestat] # candidate unique pairs for (FF, FR, RF, RR): (2, 1366, 0, 1)
[M::mem_pestat] skip orientation FF as there are not enough pairs
[M::mem_pestat] analyzing insert size distribution for orientation FR...
[M::mem_pestat] (25, 50, 75) percentile: (503, 518, 543)
[M::mem_pestat] low and high boundaries for computing mean and std.dev: (423, 623)
[M::mem_pestat] mean and std.dev: (529.57, 29.27)
[M::mem_pestat] low and high boundaries for proper pairs: (383, 663)
[M::mem_pestat] skip orientation RF as there are not enough pairs
[M::mem_pestat] skip orientation RR as there are not enough pairs
[M::mem_process_seqs] Processed 266668 reads in 122.343 CPU sec, 30.637 real sec
[M::process] read 266668 sequences (40000200 bp)...
[M::mem_pestat] # candidate unique pairs for (FF, FR, RF, RR): (1, 1371, 1, 0)
[M::mem_pestat] skip orientation FF as there are not enough pairs
[M::mem_pestat] analyzing insert size distribution for orientation FR...
[M::mem_pestat] (25, 50, 75) percentile: (503, 516, 540)
[M::mem_pestat] low and high boundaries for computing mean and std.dev: (429, 614)
[M::mem_pestat] mean and std.dev: (527.36, 26.65)
[M::mem_pestat] low and high boundaries for proper pairs: (392, 651)
[M::mem_pestat] skip orientation RF as there are not enough pairs
[M::mem_pestat] skip orientation RR as there are not enough pairs
[M::mem_process_seqs] Processed 266668 reads in 124.145 CPU sec, 31.083 real sec
[M::process] read 266668 sequences (40000200 bp)...
[M::mem_pestat] # candidate unique pairs for (FF, FR, RF, RR): (0, 1342, 1, 3)
[M::mem_pestat] skip orientation FF as there are not enough pairs
[M::mem_pestat] analyzing insert size distribution for orientation FR...
[M::mem_pestat] (25, 50, 75) percentile: (503, 517, 540)
[M::mem_pestat] low and high boundaries for computing mean and std.dev: (429, 614)
[M::mem_pestat] mean and std.dev: (528.05, 26.68)
[M::mem_pestat] low and high boundaries for proper pairs: (392, 651)
[M::mem_pestat] skip orientation RF as there are not enough pairs
[M::mem_pestat] skip orientation RR as there are not enough pairs
[M::mem_process_seqs] Processed 266668 reads in 122.781 CPU sec, 30.740 real sec
[M::process] read 266668 sequences (40000200 bp)...
[M::mem_pestat] # candidate unique pairs for (FF, FR, RF, RR): (1, 1368, 1, 0)
[M::mem_pestat] skip orientation FF as there are not enough pairs
[M::mem_pestat] analyzing insert size distribution for orientation FR...
[M::mem_pestat] (25, 50, 75) percentile: (504, 517, 541)
[M::mem_pestat] low and high boundaries for computing mean and std.dev: (430, 615)
[M::mem_pestat] mean and std.dev: (529.07, 27.40)
[M::mem_pestat] low and high boundaries for proper pairs: (393, 652)
[M::mem_pestat] skip orientation RF as there are not enough pairs
[M::mem_pestat] skip orientation RR as there are not enough pairs
[M::mem_process_seqs] Processed 266668 reads in 122.259 CPU sec, 30.606 real sec
[M::process] read 266668 sequences (40000200 bp)...
[M::mem_pestat] # candidate unique pairs for (FF, FR, RF, RR): (3, 1354, 0, 2)
[M::mem_pestat] skip orientation FF as there are not enough pairs
[M::mem_pestat] analyzing insert size distribution for orientation FR...
[M::mem_pestat] (25, 50, 75) percentile: (504, 518, 542)
[M::mem_pestat] low and high boundaries for computing mean and std.dev: (428, 618)
[M::mem_pestat] mean and std.dev: (530.19, 27.41)
[M::mem_pestat] low and high boundaries for proper pairs: (390, 656)
[M::mem_pestat] skip orientation RF as there are not enough pairs
[M::mem_pestat] skip orientation RR as there are not enough pairs
[M::mem_process_seqs] Processed 266668 reads in 122.853 CPU sec, 30.751 real sec
[M::process] read 266668 sequences (40000200 bp)...
[M::mem_pestat] # candidate unique pairs for (FF, FR, RF, RR): (0, 1304, 0, 1)
[M::mem_pestat] skip orientation FF as there are not enough pairs
[M::mem_pestat] analyzing insert size distribution for orientation FR...
[M::mem_pestat] (25, 50, 75) percentile: (504, 519, 542)
[M::mem_pestat] low and high boundaries for computing mean and std.dev: (428, 618)
[M::mem_pestat] mean and std.dev: (529.61, 26.61)
[M::mem_pestat] low and high boundaries for proper pairs: (390, 656)
[M::mem_pestat] skip orientation RF as there are not enough pairs
[M::mem_pestat] skip orientation RR as there are not enough pairs
[M::mem_process_seqs] Processed 266668 reads in 124.282 CPU sec, 31.121 real sec
[M::process] read 266668 sequences (40000200 bp)...
[M::mem_pestat] # candidate unique pairs for (FF, FR, RF, RR): (1, 1357, 0, 0)
[M::mem_pestat] skip orientation FF as there are not enough pairs
[M::mem_pestat] analyzing insert size distribution for orientation FR...
[M::mem_pestat] (25, 50, 75) percentile: (504, 517, 541)
[M::mem_pestat] low and high boundaries for computing mean and std.dev: (430, 615)
[M::mem_pestat] mean and std.dev: (528.59, 26.37)
[M::mem_pestat] low and high boundaries for proper pairs: (393, 652)
[M::mem_pestat] skip orientation RF as there are not enough pairs
[M::mem_pestat] skip orientation RR as there are not enough pairs
[M::mem_process_seqs] Processed 266668 reads in 119.551 CPU sec, 29.962 real sec
[M::process] read 266668 sequences (40000200 bp)...
[M::mem_pestat] # candidate unique pairs for (FF, FR, RF, RR): (1, 1372, 0, 0)
[M::mem_pestat] skip orientation FF as there are not enough pairs
[M::mem_pestat] analyzing insert size distribution for orientation FR...
[M::mem_pestat] (25, 50, 75) percentile: (504, 517, 541)
[M::mem_pestat] low and high boundaries for computing mean and std.dev: (430, 615)
[M::mem_pestat] mean and std.dev: (527.83, 26.80)
[M::mem_pestat] low and high boundaries for proper pairs: (393, 652)
[M::mem_pestat] skip orientation RF as there are not enough pairs
[M::mem_pestat] skip orientation RR as there are not enough pairs
[M::mem_process_seqs] Processed 266668 reads in 125.087 CPU sec, 31.336 real sec
[M::process] read 266668 sequences (40000200 bp)...
[M::mem_pestat] # candidate unique pairs for (FF, FR, RF, RR): (3, 1402, 2, 1)
[M::mem_pestat] skip orientation FF as there are not enough pairs
[M::mem_pestat] analyzing insert size distribution for orientation FR...
[M::mem_pestat] (25, 50, 75) percentile: (504, 520, 543)
[M::mem_pestat] low and high boundaries for computing mean and std.dev: (426, 621)
[M::mem_pestat] mean and std.dev: (530.50, 27.09)
[M::mem_pestat] low and high boundaries for proper pairs: (387, 660)
[M::mem_pestat] skip orientation RF as there are not enough pairs
[M::mem_pestat] skip orientation RR as there are not enough pairs
[M::mem_process_seqs] Processed 266668 reads in 120.465 CPU sec, 30.151 real sec
[M::process] read 266668 sequences (40000200 bp)...
[M::mem_pestat] # candidate unique pairs for (FF, FR, RF, RR): (0, 1371, 1, 1)
[M::mem_pestat] skip orientation FF as there are not enough pairs
[M::mem_pestat] analyzing insert size distribution for orientation FR...
[M::mem_pestat] (25, 50, 75) percentile: (503, 518, 543)
[M::mem_pestat] low and high boundaries for computing mean and std.dev: (423, 623)
[M::mem_pestat] mean and std.dev: (530.54, 29.23)
[M::mem_pestat] low and high boundaries for proper pairs: (383, 663)
[M::mem_pestat] skip orientation RF as there are not enough pairs
[M::mem_pestat] skip orientation RR as there are not enough pairs
[M::mem_process_seqs] Processed 266668 reads in 124.439 CPU sec, 31.160 real sec
[M::process] read 266668 sequences (40000200 bp)...
[M::mem_pestat] # candidate unique pairs for (FF, FR, RF, RR): (1, 1342, 2, 1)
[M::mem_pestat] skip orientation FF as there are not enough pairs
[M::mem_pestat] analyzing insert size distribution for orientation FR...
[M::mem_pestat] (25, 50, 75) percentile: (505, 521, 545)
[M::mem_pestat] low and high boundaries for computing mean and std.dev: (425, 625)
[M::mem_pestat] mean and std.dev: (531.77, 28.98)
[M::mem_pestat] low and high boundaries for proper pairs: (385, 665)
[M::mem_pestat] skip orientation RF as there are not enough pairs
[M::mem_pestat] skip orientation RR as there are not enough pairs
[M::mem_process_seqs] Processed 266668 reads in 122.775 CPU sec, 30.741 real sec
[M::process] read 266668 sequences (40000200 bp)...
[M::mem_pestat] # candidate unique pairs for (FF, FR, RF, RR): (1, 1288, 0, 1)
[M::mem_pestat] skip orientation FF as there are not enough pairs
[M::mem_pestat] analyzing insert size distribution for orientation FR...
[M::mem_pestat] (25, 50, 75) percentile: (505, 521, 543)
[M::mem_pestat] low and high boundaries for computing mean and std.dev: (429, 619)
[M::mem_pestat] mean and std.dev: (530.38, 27.59)
[M::mem_pestat] low and high boundaries for proper pairs: (391, 657)
[M::mem_pestat] skip orientation RF as there are not enough pairs
[M::mem_pestat] skip orientation RR as there are not enough pairs
[M::mem_process_seqs] Processed 266668 reads in 124.012 CPU sec, 31.058 real sec
[M::process] read 266668 sequences (40000200 bp)...
[M::mem_pestat] # candidate unique pairs for (FF, FR, RF, RR): (1, 1305, 0, 1)
[M::mem_pestat] skip orientation FF as there are not enough pairs
[M::mem_pestat] analyzing insert size distribution for orientation FR...
[M::mem_pestat] (25, 50, 75) percentile: (503, 517, 542)
[M::mem_pestat] low and high boundaries for computing mean and std.dev: (425, 620)
[M::mem_pestat] mean and std.dev: (529.12, 27.77)
[M::mem_pestat] low and high boundaries for proper pairs: (386, 659)
[M::mem_pestat] skip orientation RF as there are not enough pairs
[M::mem_pestat] skip orientation RR as there are not enough pairs
[M::mem_process_seqs] Processed 266668 reads in 126.404 CPU sec, 31.681 real sec
[M::process] read 266668 sequences (40000200 bp)...
[M::mem_pestat] # candidate unique pairs for (FF, FR, RF, RR): (1, 1319, 1, 0)
[M::mem_pestat] skip orientation FF as there are not enough pairs
[M::mem_pestat] analyzing insert size distribution for orientation FR...
[M::mem_pestat] (25, 50, 75) percentile: (503, 519, 541)
[M::mem_pestat] low and high boundaries for computing mean and std.dev: (427, 617)
[M::mem_pestat] mean and std.dev: (529.34, 25.94)
[M::mem_pestat] low and high boundaries for proper pairs: (389, 655)
[M::mem_pestat] skip orientation RF as there are not enough pairs
[M::mem_pestat] skip orientation RR as there are not enough pairs
[M::mem_process_seqs] Processed 266668 reads in 123.515 CPU sec, 30.930 real sec
[M::process] read 266668 sequences (40000200 bp)...
[M::mem_pestat] # candidate unique pairs for (FF, FR, RF, RR): (1, 1343, 1, 1)
[M::mem_pestat] skip orientation FF as there are not enough pairs
[M::mem_pestat] analyzing insert size distribution for orientation FR...
[M::mem_pestat] (25, 50, 75) percentile: (504, 518, 542)
[M::mem_pestat] low and high boundaries for computing mean and std.dev: (428, 618)
[M::mem_pestat] mean and std.dev: (530.06, 28.38)
[M::mem_pestat] low and high boundaries for proper pairs: (390, 656)
[M::mem_pestat] skip orientation RF as there are not enough pairs
[M::mem_pestat] skip orientation RR as there are not enough pairs
[M::mem_process_seqs] Processed 266668 reads in 128.373 CPU sec, 32.158 real sec
[M::process] read 266668 sequences (40000200 bp)...
[M::mem_pestat] # candidate unique pairs for (FF, FR, RF, RR): (1, 1377, 1, 0)
[M::mem_pestat] skip orientation FF as there are not enough pairs
[M::mem_pestat] analyzing insert size distribution for orientation FR...
[M::mem_pestat] (25, 50, 75) percentile: (504, 518, 542)
[M::mem_pestat] low and high boundaries for computing mean and std.dev: (428, 618)
[M::mem_pestat] mean and std.dev: (528.83, 27.40)
[M::mem_pestat] low and high boundaries for proper pairs: (390, 656)
[M::mem_pestat] skip orientation RF as there are not enough pairs
[M::mem_pestat] skip orientation RR as there are not enough pairs
[M::mem_process_seqs] Processed 266668 reads in 121.612 CPU sec, 30.451 real sec
[M::process] read 266668 sequences (40000200 bp)...
[M::mem_pestat] # candidate unique pairs for (FF, FR, RF, RR): (0, 1306, 1, 1)
[M::mem_pestat] skip orientation FF as there are not enough pairs
[M::mem_pestat] analyzing insert size distribution for orientation FR...
[M::mem_pestat] (25, 50, 75) percentile: (504, 518, 543)
[M::mem_pestat] low and high boundaries for computing mean and std.dev: (426, 621)
[M::mem_pestat] mean and std.dev: (529.68, 28.62)
[M::mem_pestat] low and high boundaries for proper pairs: (387, 660)
[M::mem_pestat] skip orientation RF as there are not enough pairs
[M::mem_pestat] skip orientation RR as there are not enough pairs
[M::mem_process_seqs] Processed 266668 reads in 128.263 CPU sec, 32.150 real sec
[M::process] read 266668 sequences (40000200 bp)...
[M::mem_pestat] # candidate unique pairs for (FF, FR, RF, RR): (0, 1397, 0, 1)
[M::mem_pestat] skip orientation FF as there are not enough pairs
[M::mem_pestat] analyzing insert size distribution for orientation FR...
[M::mem_pestat] (25, 50, 75) percentile: (504, 519, 544)
[M::mem_pestat] low and high boundaries for computing mean and std.dev: (424, 624)
[M::mem_pestat] mean and std.dev: (531.07, 28.74)
[M::mem_pestat] low and high boundaries for proper pairs: (384, 664)
[M::mem_pestat] skip orientation RF as there are not enough pairs
[M::mem_pestat] skip orientation RR as there are not enough pairs
[M::mem_process_seqs] Processed 266668 reads in 120.750 CPU sec, 30.231 real sec
[M::process] read 266668 sequences (40000200 bp)...
[M::mem_pestat] # candidate unique pairs for (FF, FR, RF, RR): (1, 1338, 1, 1)
[M::mem_pestat] skip orientation FF as there are not enough pairs
[M::mem_pestat] analyzing insert size distribution for orientation FR...
[M::mem_pestat] (25, 50, 75) percentile: (504, 518, 543)
[M::mem_pestat] low and high boundaries for computing mean and std.dev: (426, 621)
[M::mem_pestat] mean and std.dev: (530.33, 28.74)
[M::mem_pestat] low and high boundaries for proper pairs: (387, 660)
[M::mem_pestat] skip orientation RF as there are not enough pairs
[M::mem_pestat] skip orientation RR as there are not enough pairs
[M::mem_process_seqs] Processed 266668 reads in 125.592 CPU sec, 31.439 real sec
[M::process] read 266668 sequences (40000200 bp)...
[M::mem_pestat] # candidate unique pairs for (FF, FR, RF, RR): (1, 1297, 0, 1)
[M::mem_pestat] skip orientation FF as there are not enough pairs
[M::mem_pestat] analyzing insert size distribution for orientation FR...
[M::mem_pestat] (25, 50, 75) percentile: (503, 517, 540)
[M::mem_pestat] low and high boundaries for computing mean and std.dev: (429, 614)
[M::mem_pestat] mean and std.dev: (527.43, 26.82)
[M::mem_pestat] low and high boundaries for proper pairs: (392, 651)
[M::mem_pestat] skip orientation RF as there are not enough pairs
[M::mem_pestat] skip orientation RR as there are not enough pairs
[M::mem_process_seqs] Processed 266668 reads in 121.629 CPU sec, 30.451 real sec
[M::process] read 266668 sequences (40000200 bp)...
[M::mem_pestat] # candidate unique pairs for (FF, FR, RF, RR): (1, 1370, 0, 2)
[M::mem_pestat] skip orientation FF as there are not enough pairs
[M::mem_pestat] analyzing insert size distribution for orientation FR...
[M::mem_pestat] (25, 50, 75) percentile: (504, 519, 542)
[M::mem_pestat] low and high boundaries for computing mean and std.dev: (428, 618)
[M::mem_pestat] mean and std.dev: (529.38, 27.20)
[M::mem_pestat] low and high boundaries for proper pairs: (390, 656)
[M::mem_pestat] skip orientation RF as there are not enough pairs
[M::mem_pestat] skip orientation RR as there are not enough pairs
[M::mem_process_seqs] Processed 266668 reads in 125.536 CPU sec, 31.461 real sec
[M::process] read 266668 sequences (40000200 bp)...
[M::mem_pestat] # candidate unique pairs for (FF, FR, RF, RR): (1, 1342, 2, 1)
[M::mem_pestat] skip orientation FF as there are not enough pairs
[M::mem_pestat] analyzing insert size distribution for orientation FR...
[M::mem_pestat] (25, 50, 75) percentile: (503, 518, 541)
[M::mem_pestat] low and high boundaries for computing mean and std.dev: (427, 617)
[M::mem_pestat] mean and std.dev: (528.88, 26.86)
[M::mem_pestat] low and high boundaries for proper pairs: (389, 655)
[M::mem_pestat] skip orientation RF as there are not enough pairs
[M::mem_pestat] skip orientation RR as there are not enough pairs
[M::mem_process_seqs] Processed 266668 reads in 120.299 CPU sec, 30.120 real sec
[M::process] read 266668 sequences (40000200 bp)...
[M::mem_pestat] # candidate unique pairs for (FF, FR, RF, RR): (0, 1316, 0, 0)
[M::mem_pestat] skip orientation FF as there are not enough pairs
[M::mem_pestat] analyzing insert size distribution for orientation FR...
[M::mem_pestat] (25, 50, 75) percentile: (503, 518, 544)
[M::mem_pestat] low and high boundaries for computing mean and std.dev: (421, 626)
[M::mem_pestat] mean and std.dev: (531.63, 30.45)
[M::mem_pestat] low and high boundaries for proper pairs: (380, 667)
[M::mem_pestat] skip orientation RF as there are not enough pairs
[M::mem_pestat] skip orientation RR as there are not enough pairs
[M::mem_process_seqs] Processed 266668 reads in 125.830 CPU sec, 31.502 real sec
[M::process] read 266668 sequences (40000200 bp)...
[M::mem_pestat] # candidate unique pairs for (FF, FR, RF, RR): (0, 1413, 0, 1)
[M::mem_pestat] skip orientation FF as there are not enough pairs
[M::mem_pestat] analyzing insert size distribution for orientation FR...
[M::mem_pestat] (25, 50, 75) percentile: (504, 519, 543)
[M::mem_pestat] low and high boundaries for computing mean and std.dev: (426, 621)
[M::mem_pestat] mean and std.dev: (529.66, 27.14)
[M::mem_pestat] low and high boundaries for proper pairs: (387, 660)
[M::mem_pestat] skip orientation RF as there are not enough pairs
[M::mem_pestat] skip orientation RR as there are not enough pairs
[M::mem_process_seqs] Processed 266668 reads in 120.189 CPU sec, 30.083 real sec
[M::process] read 266668 sequences (40000200 bp)...
[M::mem_pestat] # candidate unique pairs for (FF, FR, RF, RR): (1, 1382, 0, 2)
[M::mem_pestat] skip orientation FF as there are not enough pairs
[M::mem_pestat] analyzing insert size distribution for orientation FR...
[M::mem_pestat] (25, 50, 75) percentile: (503, 518, 542)
[M::mem_pestat] low and high boundaries for computing mean and std.dev: (425, 620)
[M::mem_pestat] mean and std.dev: (530.03, 29.29)
[M::mem_pestat] low and high boundaries for proper pairs: (386, 659)
[M::mem_pestat] skip orientation RF as there are not enough pairs
[M::mem_pestat] skip orientation RR as there are not enough pairs
[M::mem_process_seqs] Processed 266668 reads in 127.521 CPU sec, 31.944 real sec
[M::process] read 266668 sequences (40000200 bp)...
[M::mem_pestat] # candidate unique pairs for (FF, FR, RF, RR): (2, 1325, 0, 0)
[M::mem_pestat] skip orientation FF as there are not enough pairs
[M::mem_pestat] analyzing insert size distribution for orientation FR...
[M::mem_pestat] (25, 50, 75) percentile: (505, 519, 543)
[M::mem_pestat] low and high boundaries for computing mean and std.dev: (429, 619)
[M::mem_pestat] mean and std.dev: (529.74, 27.57)
[M::mem_pestat] low and high boundaries for proper pairs: (391, 657)
[M::mem_pestat] skip orientation RF as there are not enough pairs
[M::mem_pestat] skip orientation RR as there are not enough pairs
[M::mem_process_seqs] Processed 266668 reads in 120.676 CPU sec, 30.210 real sec
[M::process] read 266668 sequences (40000200 bp)...
[M::mem_pestat] # candidate unique pairs for (FF, FR, RF, RR): (1, 1374, 1, 1)
[M::mem_pestat] skip orientation FF as there are not enough pairs
[M::mem_pestat] analyzing insert size distribution for orientation FR...
[M::mem_pestat] (25, 50, 75) percentile: (506, 518, 542)
[M::mem_pestat] low and high boundaries for computing mean and std.dev: (434, 614)
[M::mem_pestat] mean and std.dev: (529.70, 27.40)
[M::mem_pestat] low and high boundaries for proper pairs: (398, 650)
[M::mem_pestat] skip orientation RF as there are not enough pairs
[M::mem_pestat] skip orientation RR as there are not enough pairs
[M::mem_process_seqs] Processed 266668 reads in 127.469 CPU sec, 31.928 real sec
[M::process] read 266668 sequences (40000200 bp)...
[M::mem_pestat] # candidate unique pairs for (FF, FR, RF, RR): (1, 1380, 2, 0)
[M::mem_pestat] skip orientation FF as there are not enough pairs
[M::mem_pestat] analyzing insert size distribution for orientation FR...
[M::mem_pestat] (25, 50, 75) percentile: (504, 518, 542)
[M::mem_pestat] low and high boundaries for computing mean and std.dev: (428, 618)
[M::mem_pestat] mean and std.dev: (529.61, 27.12)
[M::mem_pestat] low and high boundaries for proper pairs: (390, 656)
[M::mem_pestat] skip orientation RF as there are not enough pairs
[M::mem_pestat] skip orientation RR as there are not enough pairs
[M::mem_process_seqs] Processed 266668 reads in 118.380 CPU sec, 29.681 real sec
[M::process] read 266668 sequences (40000200 bp)...
[M::mem_pestat] # candidate unique pairs for (FF, FR, RF, RR): (0, 1341, 1, 0)
[M::mem_pestat] skip orientation FF as there are not enough pairs
[M::mem_pestat] analyzing insert size distribution for orientation FR...
[M::mem_pestat] (25, 50, 75) percentile: (503, 517, 539)
[M::mem_pestat] low and high boundaries for computing mean and std.dev: (431, 611)
[M::mem_pestat] mean and std.dev: (527.77, 26.86)
[M::mem_pestat] low and high boundaries for proper pairs: (395, 647)
[M::mem_pestat] skip orientation RF as there are not enough pairs
[M::mem_pestat] skip orientation RR as there are not enough pairs
[M::mem_process_seqs] Processed 266668 reads in 126.089 CPU sec, 31.563 real sec
[M::process] read 266668 sequences (40000200 bp)...
[M::mem_pestat] # candidate unique pairs for (FF, FR, RF, RR): (2, 1379, 2, 1)
[M::mem_pestat] skip orientation FF as there are not enough pairs
[M::mem_pestat] analyzing insert size distribution for orientation FR...
[M::mem_pestat] (25, 50, 75) percentile: (504, 518, 540)
[M::mem_pestat] low and high boundaries for computing mean and std.dev: (432, 612)
[M::mem_pestat] mean and std.dev: (528.58, 25.86)
[M::mem_pestat] low and high boundaries for proper pairs: (396, 648)
[M::mem_pestat] skip orientation RF as there are not enough pairs
[M::mem_pestat] skip orientation RR as there are not enough pairs
[M::mem_process_seqs] Processed 266668 reads in 119.657 CPU sec, 29.954 real sec
[M::process] read 266668 sequences (40000200 bp)...
[M::mem_pestat] # candidate unique pairs for (FF, FR, RF, RR): (1, 1355, 0, 0)
[M::mem_pestat] skip orientation FF as there are not enough pairs
[M::mem_pestat] analyzing insert size distribution for orientation FR...
[M::mem_pestat] (25, 50, 75) percentile: (503, 520, 544)
[M::mem_pestat] low and high boundaries for computing mean and std.dev: (421, 626)
[M::mem_pestat] mean and std.dev: (530.81, 29.95)
[M::mem_pestat] low and high boundaries for proper pairs: (380, 667)
[M::mem_pestat] skip orientation RF as there are not enough pairs
[M::mem_pestat] skip orientation RR as there are not enough pairs
[M::mem_process_seqs] Processed 266668 reads in 128.115 CPU sec, 32.082 real sec
[M::process] read 266668 sequences (40000200 bp)...
[M::mem_pestat] # candidate unique pairs for (FF, FR, RF, RR): (0, 1312, 2, 0)
[M::mem_pestat] skip orientation FF as there are not enough pairs
[M::mem_pestat] analyzing insert size distribution for orientation FR...
[M::mem_pestat] (25, 50, 75) percentile: (504, 518, 542)
[M::mem_pestat] low and high boundaries for computing mean and std.dev: (428, 618)
[M::mem_pestat] mean and std.dev: (529.21, 27.31)
[M::mem_pestat] low and high boundaries for proper pairs: (390, 656)
[M::mem_pestat] skip orientation RF as there are not enough pairs
[M::mem_pestat] skip orientation RR as there are not enough pairs
[M::mem_process_seqs] Processed 266668 reads in 123.581 CPU sec, 30.949 real sec
[M::process] read 266668 sequences (40000200 bp)...
[M::mem_pestat] # candidate unique pairs for (FF, FR, RF, RR): (0, 1342, 0, 3)
[M::mem_pestat] skip orientation FF as there are not enough pairs
[M::mem_pestat] analyzing insert size distribution for orientation FR...
[M::mem_pestat] (25, 50, 75) percentile: (503, 518, 541)
[M::mem_pestat] low and high boundaries for computing mean and std.dev: (427, 617)
[M::mem_pestat] mean and std.dev: (529.07, 27.95)
[M::mem_pestat] low and high boundaries for proper pairs: (389, 655)
[M::mem_pestat] skip orientation RF as there are not enough pairs
[M::mem_pestat] skip orientation RR as there are not enough pairs
[M::mem_process_seqs] Processed 266668 reads in 127.192 CPU sec, 31.859 real sec
[M::process] read 266668 sequences (40000200 bp)...
[M::mem_pestat] # candidate unique pairs for (FF, FR, RF, RR): (3, 1341, 1, 1)
[M::mem_pestat] skip orientation FF as there are not enough pairs
[M::mem_pestat] analyzing insert size distribution for orientation FR...
[M::mem_pestat] (25, 50, 75) percentile: (504, 520, 544)
[M::mem_pestat] low and high boundaries for computing mean and std.dev: (424, 624)
[M::mem_pestat] mean and std.dev: (531.46, 29.27)
[M::mem_pestat] low and high boundaries for proper pairs: (384, 664)
[M::mem_pestat] skip orientation RF as there are not enough pairs
[M::mem_pestat] skip orientation RR as there are not enough pairs
[M::mem_process_seqs] Processed 266668 reads in 122.933 CPU sec, 30.787 real sec
[M::process] read 266668 sequences (40000200 bp)...
[M::mem_pestat] # candidate unique pairs for (FF, FR, RF, RR): (1, 1363, 0, 0)
[M::mem_pestat] skip orientation FF as there are not enough pairs
[M::mem_pestat] analyzing insert size distribution for orientation FR...
[M::mem_pestat] (25, 50, 75) percentile: (504, 520, 541)
[M::mem_pestat] low and high boundaries for computing mean and std.dev: (430, 615)
[M::mem_pestat] mean and std.dev: (528.96, 26.09)
[M::mem_pestat] low and high boundaries for proper pairs: (393, 652)
[M::mem_pestat] skip orientation RF as there are not enough pairs
[M::mem_pestat] skip orientation RR as there are not enough pairs
[M::mem_process_seqs] Processed 266668 reads in 123.151 CPU sec, 30.839 real sec
[M::process] read 266668 sequences (40000200 bp)...
[M::mem_pestat] # candidate unique pairs for (FF, FR, RF, RR): (1, 1273, 2, 0)
[M::mem_pestat] skip orientation FF as there are not enough pairs
[M::mem_pestat] analyzing insert size distribution for orientation FR...
[M::mem_pestat] (25, 50, 75) percentile: (504, 519, 540)
[M::mem_pestat] low and high boundaries for computing mean and std.dev: (432, 612)
[M::mem_pestat] mean and std.dev: (528.98, 26.99)
[M::mem_pestat] low and high boundaries for proper pairs: (396, 648)
[M::mem_pestat] skip orientation RF as there are not enough pairs
[M::mem_pestat] skip orientation RR as there are not enough pairs
[M::mem_process_seqs] Processed 266668 reads in 122.798 CPU sec, 30.755 real sec
[M::process] read 266668 sequences (40000200 bp)...
[M::mem_pestat] # candidate unique pairs for (FF, FR, RF, RR): (1, 1358, 0, 1)
[M::mem_pestat] skip orientation FF as there are not enough pairs
[M::mem_pestat] analyzing insert size distribution for orientation FR...
[M::mem_pestat] (25, 50, 75) percentile: (504, 520, 545)
[M::mem_pestat] low and high boundaries for computing mean and std.dev: (422, 627)
[M::mem_pestat] mean and std.dev: (531.96, 29.16)
[M::mem_pestat] low and high boundaries for proper pairs: (381, 668)
[M::mem_pestat] skip orientation RF as there are not enough pairs
[M::mem_pestat] skip orientation RR as there are not enough pairs
[M::mem_process_seqs] Processed 266668 reads in 124.857 CPU sec, 31.258 real sec
[M::process] read 266668 sequences (40000200 bp)...
[M::mem_pestat] # candidate unique pairs for (FF, FR, RF, RR): (2, 1336, 0, 0)
[M::mem_pestat] skip orientation FF as there are not enough pairs
[M::mem_pestat] analyzing insert size distribution for orientation FR...
[M::mem_pestat] (25, 50, 75) percentile: (504, 518, 544)
[M::mem_pestat] low and high boundaries for computing mean and std.dev: (424, 624)
[M::mem_pestat] mean and std.dev: (530.65, 29.62)
[M::mem_pestat] low and high boundaries for proper pairs: (384, 664)
[M::mem_pestat] skip orientation RF as there are not enough pairs
[M::mem_pestat] skip orientation RR as there are not enough pairs
[M::mem_process_seqs] Processed 266668 reads in 122.418 CPU sec, 30.645 real sec
[M::process] read 266668 sequences (40000200 bp)...
[M::mem_pestat] # candidate unique pairs for (FF, FR, RF, RR): (2, 1306, 1, 1)
[M::mem_pestat] skip orientation FF as there are not enough pairs
[M::mem_pestat] analyzing insert size distribution for orientation FR...
[M::mem_pestat] (25, 50, 75) percentile: (504, 519, 543)
[M::mem_pestat] low and high boundaries for computing mean and std.dev: (426, 621)
[M::mem_pestat] mean and std.dev: (530.71, 27.49)
[M::mem_pestat] low and high boundaries for proper pairs: (387, 660)
[M::mem_pestat] skip orientation RF as there are not enough pairs
[M::mem_pestat] skip orientation RR as there are not enough pairs
[M::mem_process_seqs] Processed 266668 reads in 127.298 CPU sec, 31.870 real sec
[M::process] read 266668 sequences (40000200 bp)...
[M::mem_pestat] # candidate unique pairs for (FF, FR, RF, RR): (2, 1369, 1, 1)
[M::mem_pestat] skip orientation FF as there are not enough pairs
[M::mem_pestat] analyzing insert size distribution for orientation FR...
[M::mem_pestat] (25, 50, 75) percentile: (503, 518, 544)
[M::mem_pestat] low and high boundaries for computing mean and std.dev: (421, 626)
[M::mem_pestat] mean and std.dev: (531.79, 29.17)
[M::mem_pestat] low and high boundaries for proper pairs: (380, 667)
[M::mem_pestat] skip orientation RF as there are not enough pairs
[M::mem_pestat] skip orientation RR as there are not enough pairs
[M::mem_process_seqs] Processed 266668 reads in 125.154 CPU sec, 31.335 real sec
[M::process] read 266668 sequences (40000200 bp)...
[M::mem_pestat] # candidate unique pairs for (FF, FR, RF, RR): (1, 1478, 0, 1)
[M::mem_pestat] skip orientation FF as there are not enough pairs
[M::mem_pestat] analyzing insert size distribution for orientation FR...
[M::mem_pestat] (25, 50, 75) percentile: (504, 518, 544)
[M::mem_pestat] low and high boundaries for computing mean and std.dev: (424, 624)
[M::mem_pestat] mean and std.dev: (530.51, 28.55)
[M::mem_pestat] low and high boundaries for proper pairs: (384, 664)
[M::mem_pestat] skip orientation RF as there are not enough pairs
[M::mem_pestat] skip orientation RR as there are not enough pairs
[M::mem_process_seqs] Processed 266668 reads in 120.214 CPU sec, 30.095 real sec
[M::process] read 266668 sequences (40000200 bp)...
[M::mem_pestat] # candidate unique pairs for (FF, FR, RF, RR): (1, 1246, 0, 1)
[M::mem_pestat] skip orientation FF as there are not enough pairs
[M::mem_pestat] analyzing insert size distribution for orientation FR...
[M::mem_pestat] (25, 50, 75) percentile: (504, 519, 542)
[M::mem_pestat] low and high boundaries for computing mean and std.dev: (428, 618)
[M::mem_pestat] mean and std.dev: (529.28, 26.03)
[M::mem_pestat] low and high boundaries for proper pairs: (390, 656)
[M::mem_pestat] skip orientation RF as there are not enough pairs
[M::mem_pestat] skip orientation RR as there are not enough pairs
[M::mem_process_seqs] Processed 266668 reads in 124.579 CPU sec, 31.194 real sec
[M::process] read 266668 sequences (40000200 bp)...
[M::mem_pestat] # candidate unique pairs for (FF, FR, RF, RR): (0, 1388, 0, 0)
[M::mem_pestat] skip orientation FF as there are not enough pairs
[M::mem_pestat] analyzing insert size distribution for orientation FR...
[M::mem_pestat] (25, 50, 75) percentile: (504, 520, 543)
[M::mem_pestat] low and high boundaries for computing mean and std.dev: (426, 621)
[M::mem_pestat] mean and std.dev: (530.32, 28.84)
[M::mem_pestat] low and high boundaries for proper pairs: (387, 660)
[M::mem_pestat] skip orientation RF as there are not enough pairs
[M::mem_pestat] skip orientation RR as there are not enough pairs
[M::mem_process_seqs] Processed 266668 reads in 118.600 CPU sec, 29.700 real sec
[M::process] read 266668 sequences (40000200 bp)...
[M::mem_pestat] # candidate unique pairs for (FF, FR, RF, RR): (1, 1374, 0, 2)
[M::mem_pestat] skip orientation FF as there are not enough pairs
[M::mem_pestat] analyzing insert size distribution for orientation FR...
[M::mem_pestat] (25, 50, 75) percentile: (505, 518, 542)
[M::mem_pestat] low and high boundaries for computing mean and std.dev: (431, 616)
[M::mem_pestat] mean and std.dev: (529.63, 27.29)
[M::mem_pestat] low and high boundaries for proper pairs: (394, 653)
[M::mem_pestat] skip orientation RF as there are not enough pairs
[M::mem_pestat] skip orientation RR as there are not enough pairs
[M::mem_process_seqs] Processed 266668 reads in 123.338 CPU sec, 30.879 real sec
[M::process] read 266668 sequences (40000200 bp)...
[M::mem_pestat] # candidate unique pairs for (FF, FR, RF, RR): (0, 1317, 0, 1)
[M::mem_pestat] skip orientation FF as there are not enough pairs
[M::mem_pestat] analyzing insert size distribution for orientation FR...
[M::mem_pestat] (25, 50, 75) percentile: (504, 518, 539)
[M::mem_pestat] low and high boundaries for computing mean and std.dev: (434, 609)
[M::mem_pestat] mean and std.dev: (528.24, 25.53)
[M::mem_pestat] low and high boundaries for proper pairs: (399, 644)
[M::mem_pestat] skip orientation RF as there are not enough pairs
[M::mem_pestat] skip orientation RR as there are not enough pairs
[M::mem_process_seqs] Processed 266668 reads in 117.335 CPU sec, 29.369 real sec
[M::process] read 266668 sequences (40000200 bp)...
[M::mem_pestat] # candidate unique pairs for (FF, FR, RF, RR): (0, 1424, 0, 0)
[M::mem_pestat] skip orientation FF as there are not enough pairs
[M::mem_pestat] analyzing insert size distribution for orientation FR...
[M::mem_pestat] (25, 50, 75) percentile: (504, 518, 542)
[M::mem_pestat] low and high boundaries for computing mean and std.dev: (428, 618)
[M::mem_pestat] mean and std.dev: (529.93, 27.03)
[M::mem_pestat] low and high boundaries for proper pairs: (390, 656)
[M::mem_pestat] skip orientation RF as there are not enough pairs
[M::mem_pestat] skip orientation RR as there are not enough pairs
[M::mem_process_seqs] Processed 266668 reads in 124.258 CPU sec, 31.272 real sec
[M::process] read 266668 sequences (40000200 bp)...
[M::mem_pestat] # candidate unique pairs for (FF, FR, RF, RR): (2, 1446, 0, 1)
[M::mem_pestat] skip orientation FF as there are not enough pairs
[M::mem_pestat] analyzing insert size distribution for orientation FR...
[M::mem_pestat] (25, 50, 75) percentile: (504, 518, 543)
[M::mem_pestat] low and high boundaries for computing mean and std.dev: (426, 621)
[M::mem_pestat] mean and std.dev: (530.08, 27.64)
[M::mem_pestat] low and high boundaries for proper pairs: (387, 660)
[M::mem_pestat] skip orientation RF as there are not enough pairs
[M::mem_pestat] skip orientation RR as there are not enough pairs
[M::mem_process_seqs] Processed 266668 reads in 120.313 CPU sec, 30.124 real sec
[M::process] read 266668 sequences (40000200 bp)...
[M::mem_pestat] # candidate unique pairs for (FF, FR, RF, RR): (2, 1389, 1, 0)
[M::mem_pestat] skip orientation FF as there are not enough pairs
[M::mem_pestat] analyzing insert size distribution for orientation FR...
[M::mem_pestat] (25, 50, 75) percentile: (503, 517, 544)
[M::mem_pestat] low and high boundaries for computing mean and std.dev: (421, 626)
[M::mem_pestat] mean and std.dev: (530.20, 28.88)
[M::mem_pestat] low and high boundaries for proper pairs: (380, 667)
[M::mem_pestat] skip orientation RF as there are not enough pairs
[M::mem_pestat] skip orientation RR as there are not enough pairs
[M::mem_process_seqs] Processed 266668 reads in 125.057 CPU sec, 31.309 real sec
[M::process] read 266668 sequences (40000200 bp)...
[M::mem_pestat] # candidate unique pairs for (FF, FR, RF, RR): (1, 1301, 0, 0)
[M::mem_pestat] skip orientation FF as there are not enough pairs
[M::mem_pestat] analyzing insert size distribution for orientation FR...
[M::mem_pestat] (25, 50, 75) percentile: (503, 518, 542)
[M::mem_pestat] low and high boundaries for computing mean and std.dev: (425, 620)
[M::mem_pestat] mean and std.dev: (530.11, 28.54)
[M::mem_pestat] low and high boundaries for proper pairs: (386, 659)
[M::mem_pestat] skip orientation RF as there are not enough pairs
[M::mem_pestat] skip orientation RR as there are not enough pairs
[M::mem_process_seqs] Processed 266668 reads in 122.351 CPU sec, 30.635 real sec
[M::process] read 266668 sequences (40000200 bp)...
[M::mem_pestat] # candidate unique pairs for (FF, FR, RF, RR): (2, 1385, 0, 2)
[M::mem_pestat] skip orientation FF as there are not enough pairs
[M::mem_pestat] analyzing insert size distribution for orientation FR...
[M::mem_pestat] (25, 50, 75) percentile: (504, 520, 542)
[M::mem_pestat] low and high boundaries for computing mean and std.dev: (428, 618)
[M::mem_pestat] mean and std.dev: (530.43, 28.04)
[M::mem_pestat] low and high boundaries for proper pairs: (390, 656)
[M::mem_pestat] skip orientation RF as there are not enough pairs
[M::mem_pestat] skip orientation RR as there are not enough pairs
[M::mem_process_seqs] Processed 266668 reads in 123.686 CPU sec, 30.979 real sec
[M::process] read 266668 sequences (40000200 bp)...
[M::mem_pestat] # candidate unique pairs for (FF, FR, RF, RR): (0, 1383, 2, 2)
[M::mem_pestat] skip orientation FF as there are not enough pairs
[M::mem_pestat] analyzing insert size distribution for orientation FR...
[M::mem_pestat] (25, 50, 75) percentile: (504, 519, 544)
[M::mem_pestat] low and high boundaries for computing mean and std.dev: (424, 624)
[M::mem_pestat] mean and std.dev: (529.71, 29.36)
[M::mem_pestat] low and high boundaries for proper pairs: (384, 664)
[M::mem_pestat] skip orientation RF as there are not enough pairs
[M::mem_pestat] skip orientation RR as there are not enough pairs
[M::mem_process_seqs] Processed 266668 reads in 122.280 CPU sec, 30.643 real sec
[M::process] read 266668 sequences (40000200 bp)...
[M::mem_pestat] # candidate unique pairs for (FF, FR, RF, RR): (1, 1290, 0, 2)
[M::mem_pestat] skip orientation FF as there are not enough pairs
[M::mem_pestat] analyzing insert size distribution for orientation FR...
[M::mem_pestat] (25, 50, 75) percentile: (504, 518, 543)
[M::mem_pestat] low and high boundaries for computing mean and std.dev: (426, 621)
[M::mem_pestat] mean and std.dev: (529.77, 27.85)
[M::mem_pestat] low and high boundaries for proper pairs: (387, 660)
[M::mem_pestat] skip orientation RF as there are not enough pairs
[M::mem_pestat] skip orientation RR as there are not enough pairs
[M::mem_process_seqs] Processed 266668 reads in 124.230 CPU sec, 31.120 real sec
[M::process] read 266668 sequences (40000200 bp)...
[M::mem_pestat] # candidate unique pairs for (FF, FR, RF, RR): (3, 1395, 1, 0)
[M::mem_pestat] skip orientation FF as there are not enough pairs
[M::mem_pestat] analyzing insert size distribution for orientation FR...
[M::mem_pestat] (25, 50, 75) percentile: (503, 520, 544)
[M::mem_pestat] low and high boundaries for computing mean and std.dev: (421, 626)
[M::mem_pestat] mean and std.dev: (531.31, 28.30)
[M::mem_pestat] low and high boundaries for proper pairs: (380, 667)
[M::mem_pestat] skip orientation RF as there are not enough pairs
[M::mem_pestat] skip orientation RR as there are not enough pairs
[M::mem_process_seqs] Processed 266668 reads in 125.913 CPU sec, 31.542 real sec
[M::process] read 266668 sequences (40000200 bp)...
[M::mem_pestat] # candidate unique pairs for (FF, FR, RF, RR): (0, 1355, 1, 0)
[M::mem_pestat] skip orientation FF as there are not enough pairs
[M::mem_pestat] analyzing insert size distribution for orientation FR...
[M::mem_pestat] (25, 50, 75) percentile: (503, 518, 541)
[M::mem_pestat] low and high boundaries for computing mean and std.dev: (427, 617)
[M::mem_pestat] mean and std.dev: (529.05, 27.02)
[M::mem_pestat] low and high boundaries for proper pairs: (389, 655)
[M::mem_pestat] skip orientation RF as there are not enough pairs
[M::mem_pestat] skip orientation RR as there are not enough pairs
[M::mem_process_seqs] Processed 266668 reads in 124.003 CPU sec, 31.067 real sec
[M::process] read 266668 sequences (40000200 bp)...
[M::mem_pestat] # candidate unique pairs for (FF, FR, RF, RR): (0, 1382, 0, 0)
[M::mem_pestat] skip orientation FF as there are not enough pairs
[M::mem_pestat] analyzing insert size distribution for orientation FR...
[M::mem_pestat] (25, 50, 75) percentile: (504, 518, 542)
[M::mem_pestat] low and high boundaries for computing mean and std.dev: (428, 618)
[M::mem_pestat] mean and std.dev: (530.05, 28.04)
[M::mem_pestat] low and high boundaries for proper pairs: (390, 656)
[M::mem_pestat] skip orientation RF as there are not enough pairs
[M::mem_pestat] skip orientation RR as there are not enough pairs
[M::mem_process_seqs] Processed 266668 reads in 122.513 CPU sec, 30.685 real sec
[M::process] read 266668 sequences (40000200 bp)...
[M::mem_pestat] # candidate unique pairs for (FF, FR, RF, RR): (3, 1357, 0, 0)
[M::mem_pestat] skip orientation FF as there are not enough pairs
[M::mem_pestat] analyzing insert size distribution for orientation FR...
[M::mem_pestat] (25, 50, 75) percentile: (504, 519, 544)
[M::mem_pestat] low and high boundaries for computing mean and std.dev: (424, 624)
[M::mem_pestat] mean and std.dev: (529.57, 27.54)
[M::mem_pestat] low and high boundaries for proper pairs: (384, 664)
[M::mem_pestat] skip orientation RF as there are not enough pairs
[M::mem_pestat] skip orientation RR as there are not enough pairs
[M::mem_process_seqs] Processed 266668 reads in 123.072 CPU sec, 30.827 real sec
[M::process] read 266668 sequences (40000200 bp)...
[M::mem_pestat] # candidate unique pairs for (FF, FR, RF, RR): (2, 1321, 0, 0)
[M::mem_pestat] skip orientation FF as there are not enough pairs
[M::mem_pestat] analyzing insert size distribution for orientation FR...
[M::mem_pestat] (25, 50, 75) percentile: (504, 518, 542)
[M::mem_pestat] low and high boundaries for computing mean and std.dev: (428, 618)
[M::mem_pestat] mean and std.dev: (529.83, 28.14)
[M::mem_pestat] low and high boundaries for proper pairs: (390, 656)
[M::mem_pestat] skip orientation RF as there are not enough pairs
[M::mem_pestat] skip orientation RR as there are not enough pairs
[M::mem_process_seqs] Processed 266668 reads in 122.505 CPU sec, 30.739 real sec
[M::process] read 266668 sequences (40000200 bp)...
[M::mem_pestat] # candidate unique pairs for (FF, FR, RF, RR): (1, 1385, 0, 1)
[M::mem_pestat] skip orientation FF as there are not enough pairs
[M::mem_pestat] analyzing insert size distribution for orientation FR...
[M::mem_pestat] (25, 50, 75) percentile: (504, 518, 541)
[M::mem_pestat] low and high boundaries for computing mean and std.dev: (430, 615)
[M::mem_pestat] mean and std.dev: (528.65, 26.86)
[M::mem_pestat] low and high boundaries for proper pairs: (393, 652)
[M::mem_pestat] skip orientation RF as there are not enough pairs
[M::mem_pestat] skip orientation RR as there are not enough pairs
[M::mem_process_seqs] Processed 266668 reads in 123.418 CPU sec, 30.923 real sec
[M::process] read 266668 sequences (40000200 bp)...
[M::mem_pestat] # candidate unique pairs for (FF, FR, RF, RR): (0, 1383, 0, 2)
[M::mem_pestat] skip orientation FF as there are not enough pairs
[M::mem_pestat] analyzing insert size distribution for orientation FR...
[M::mem_pestat] (25, 50, 75) percentile: (504, 518, 545)
[M::mem_pestat] low and high boundaries for computing mean and std.dev: (422, 627)
[M::mem_pestat] mean and std.dev: (531.64, 31.01)
[M::mem_pestat] low and high boundaries for proper pairs: (381, 668)
[M::mem_pestat] skip orientation RF as there are not enough pairs
[M::mem_pestat] skip orientation RR as there are not enough pairs
[M::mem_process_seqs] Processed 266668 reads in 123.112 CPU sec, 30.821 real sec
[M::process] read 266668 sequences (40000200 bp)...
[M::mem_pestat] # candidate unique pairs for (FF, FR, RF, RR): (1, 1463, 2, 2)
[M::mem_pestat] skip orientation FF as there are not enough pairs
[M::mem_pestat] analyzing insert size distribution for orientation FR...
[M::mem_pestat] (25, 50, 75) percentile: (504, 519, 543)
[M::mem_pestat] low and high boundaries for computing mean and std.dev: (426, 621)
[M::mem_pestat] mean and std.dev: (530.53, 27.95)
[M::mem_pestat] low and high boundaries for proper pairs: (387, 660)
[M::mem_pestat] skip orientation RF as there are not enough pairs
[M::mem_pestat] skip orientation RR as there are not enough pairs
[M::mem_process_seqs] Processed 266668 reads in 122.026 CPU sec, 30.560 real sec
[M::process] read 266668 sequences (40000200 bp)...
[M::mem_pestat] # candidate unique pairs for (FF, FR, RF, RR): (2, 1385, 1, 0)
[M::mem_pestat] skip orientation FF as there are not enough pairs
[M::mem_pestat] analyzing insert size distribution for orientation FR...
[M::mem_pestat] (25, 50, 75) percentile: (504, 517, 540)
[M::mem_pestat] low and high boundaries for computing mean and std.dev: (432, 612)
[M::mem_pestat] mean and std.dev: (527.95, 26.52)
[M::mem_pestat] low and high boundaries for proper pairs: (396, 648)
[M::mem_pestat] skip orientation RF as there are not enough pairs
[M::mem_pestat] skip orientation RR as there are not enough pairs
[M::mem_process_seqs] Processed 266668 reads in 122.225 CPU sec, 30.605 real sec
[M::process] read 266668 sequences (40000200 bp)...
[M::mem_pestat] # candidate unique pairs for (FF, FR, RF, RR): (3, 1355, 1, 0)
[M::mem_pestat] skip orientation FF as there are not enough pairs
[M::mem_pestat] analyzing insert size distribution for orientation FR...
[M::mem_pestat] (25, 50, 75) percentile: (504, 518, 541)
[M::mem_pestat] low and high boundaries for computing mean and std.dev: (430, 615)
[M::mem_pestat] mean and std.dev: (529.60, 27.83)
[M::mem_pestat] low and high boundaries for proper pairs: (393, 652)
[M::mem_pestat] skip orientation RF as there are not enough pairs
[M::mem_pestat] skip orientation RR as there are not enough pairs
[M::mem_process_seqs] Processed 266668 reads in 121.262 CPU sec, 30.357 real sec
[M::process] read 266668 sequences (40000200 bp)...
[M::mem_pestat] # candidate unique pairs for (FF, FR, RF, RR): (1, 1362, 0, 0)
[M::mem_pestat] skip orientation FF as there are not enough pairs
[M::mem_pestat] analyzing insert size distribution for orientation FR...
[M::mem_pestat] (25, 50, 75) percentile: (504, 519, 543)
[M::mem_pestat] low and high boundaries for computing mean and std.dev: (426, 621)
[M::mem_pestat] mean and std.dev: (530.02, 28.25)
[M::mem_pestat] low and high boundaries for proper pairs: (387, 660)
[M::mem_pestat] skip orientation RF as there are not enough pairs
[M::mem_pestat] skip orientation RR as there are not enough pairs
[M::mem_process_seqs] Processed 266668 reads in 123.729 CPU sec, 30.976 real sec
[M::process] read 266668 sequences (40000200 bp)...
[M::mem_pestat] # candidate unique pairs for (FF, FR, RF, RR): (3, 1372, 1, 1)
[M::mem_pestat] skip orientation FF as there are not enough pairs
[M::mem_pestat] analyzing insert size distribution for orientation FR...
[M::mem_pestat] (25, 50, 75) percentile: (503, 517, 540)
[M::mem_pestat] low and high boundaries for computing mean and std.dev: (429, 614)
[M::mem_pestat] mean and std.dev: (527.76, 26.05)
[M::mem_pestat] low and high boundaries for proper pairs: (392, 651)
[M::mem_pestat] skip orientation RF as there are not enough pairs
[M::mem_pestat] skip orientation RR as there are not enough pairs
[M::mem_process_seqs] Processed 266668 reads in 119.062 CPU sec, 29.810 real sec
[M::process] read 266668 sequences (40000200 bp)...
[M::mem_pestat] # candidate unique pairs for (FF, FR, RF, RR): (0, 1365, 0, 2)
[M::mem_pestat] skip orientation FF as there are not enough pairs
[M::mem_pestat] analyzing insert size distribution for orientation FR...
[M::mem_pestat] (25, 50, 75) percentile: (503, 518, 540)
[M::mem_pestat] low and high boundaries for computing mean and std.dev: (429, 614)
[M::mem_pestat] mean and std.dev: (529.78, 27.25)
[M::mem_pestat] low and high boundaries for proper pairs: (392, 651)
[M::mem_pestat] skip orientation RF as there are not enough pairs
[M::mem_pestat] skip orientation RR as there are not enough pairs
[M::mem_process_seqs] Processed 266668 reads in 123.269 CPU sec, 30.870 real sec
[M::process] read 266668 sequences (40000200 bp)...
[M::mem_pestat] # candidate unique pairs for (FF, FR, RF, RR): (2, 1454, 0, 1)
[M::mem_pestat] skip orientation FF as there are not enough pairs
[M::mem_pestat] analyzing insert size distribution for orientation FR...
[M::mem_pestat] (25, 50, 75) percentile: (503, 517, 541)
[M::mem_pestat] low and high boundaries for computing mean and std.dev: (427, 617)
[M::mem_pestat] mean and std.dev: (529.50, 27.80)
[M::mem_pestat] low and high boundaries for proper pairs: (389, 655)
[M::mem_pestat] skip orientation RF as there are not enough pairs
[M::mem_pestat] skip orientation RR as there are not enough pairs
[M::mem_process_seqs] Processed 266668 reads in 120.390 CPU sec, 30.134 real sec
[M::process] read 266668 sequences (40000200 bp)...
[M::mem_pestat] # candidate unique pairs for (FF, FR, RF, RR): (1, 1251, 0, 1)
[M::mem_pestat] skip orientation FF as there are not enough pairs
[M::mem_pestat] analyzing insert size distribution for orientation FR...
[M::mem_pestat] (25, 50, 75) percentile: (504, 518, 542)
[M::mem_pestat] low and high boundaries for computing mean and std.dev: (428, 618)
[M::mem_pestat] mean and std.dev: (528.90, 27.61)
[M::mem_pestat] low and high boundaries for proper pairs: (390, 656)
[M::mem_pestat] skip orientation RF as there are not enough pairs
[M::mem_pestat] skip orientation RR as there are not enough pairs
[M::mem_process_seqs] Processed 266668 reads in 124.499 CPU sec, 31.188 real sec
[M::process] read 266668 sequences (40000200 bp)...
[M::mem_pestat] # candidate unique pairs for (FF, FR, RF, RR): (1, 1413, 0, 0)
[M::mem_pestat] skip orientation FF as there are not enough pairs
[M::mem_pestat] analyzing insert size distribution for orientation FR...
[M::mem_pestat] (25, 50, 75) percentile: (504, 518, 541)
[M::mem_pestat] low and high boundaries for computing mean and std.dev: (430, 615)
[M::mem_pestat] mean and std.dev: (528.45, 26.40)
[M::mem_pestat] low and high boundaries for proper pairs: (393, 652)
[M::mem_pestat] skip orientation RF as there are not enough pairs
[M::mem_pestat] skip orientation RR as there are not enough pairs
[M::mem_process_seqs] Processed 266668 reads in 121.538 CPU sec, 30.439 real sec
[M::process] read 266668 sequences (40000200 bp)...
[M::mem_pestat] # candidate unique pairs for (FF, FR, RF, RR): (0, 1426, 2, 1)
[M::mem_pestat] skip orientation FF as there are not enough pairs
[M::mem_pestat] analyzing insert size distribution for orientation FR...
[M::mem_pestat] (25, 50, 75) percentile: (505, 520, 543)
[M::mem_pestat] low and high boundaries for computing mean and std.dev: (429, 619)
[M::mem_pestat] mean and std.dev: (529.95, 28.63)
[M::mem_pestat] low and high boundaries for proper pairs: (391, 657)
[M::mem_pestat] skip orientation RF as there are not enough pairs
[M::mem_pestat] skip orientation RR as there are not enough pairs
[M::mem_process_seqs] Processed 266668 reads in 123.247 CPU sec, 30.861 real sec
[M::process] read 266668 sequences (40000200 bp)...
[M::mem_pestat] # candidate unique pairs for (FF, FR, RF, RR): (0, 1351, 0, 0)
[M::mem_pestat] skip orientation FF as there are not enough pairs
[M::mem_pestat] analyzing insert size distribution for orientation FR...
[M::mem_pestat] (25, 50, 75) percentile: (503, 518, 541)
[M::mem_pestat] low and high boundaries for computing mean and std.dev: (427, 617)
[M::mem_pestat] mean and std.dev: (529.37, 27.75)
[M::mem_pestat] low and high boundaries for proper pairs: (389, 655)
[M::mem_pestat] skip orientation RF as there are not enough pairs
[M::mem_pestat] skip orientation RR as there are not enough pairs
[M::mem_process_seqs] Processed 266668 reads in 122.963 CPU sec, 30.817 real sec
[M::process] read 266668 sequences (40000200 bp)...
[M::mem_pestat] # candidate unique pairs for (FF, FR, RF, RR): (2, 1372, 0, 0)
[M::mem_pestat] skip orientation FF as there are not enough pairs
[M::mem_pestat] analyzing insert size distribution for orientation FR...
[M::mem_pestat] (25, 50, 75) percentile: (504, 519, 543)
[M::mem_pestat] low and high boundaries for computing mean and std.dev: (426, 621)
[M::mem_pestat] mean and std.dev: (530.17, 27.63)
[M::mem_pestat] low and high boundaries for proper pairs: (387, 660)
[M::mem_pestat] skip orientation RF as there are not enough pairs
[M::mem_pestat] skip orientation RR as there are not enough pairs
[M::mem_process_seqs] Processed 266668 reads in 124.724 CPU sec, 31.243 real sec
[M::process] read 266668 sequences (40000200 bp)...
[M::mem_pestat] # candidate unique pairs for (FF, FR, RF, RR): (2, 1403, 0, 1)
[M::mem_pestat] skip orientation FF as there are not enough pairs
[M::mem_pestat] analyzing insert size distribution for orientation FR...
[M::mem_pestat] (25, 50, 75) percentile: (504, 519, 543)
[M::mem_pestat] low and high boundaries for computing mean and std.dev: (426, 621)
[M::mem_pestat] mean and std.dev: (530.28, 27.42)
[M::mem_pestat] low and high boundaries for proper pairs: (387, 660)
[M::mem_pestat] skip orientation RF as there are not enough pairs
[M::mem_pestat] skip orientation RR as there are not enough pairs
[M::mem_process_seqs] Processed 266668 reads in 124.703 CPU sec, 31.230 real sec
[M::process] read 266668 sequences (40000200 bp)...
[M::mem_pestat] # candidate unique pairs for (FF, FR, RF, RR): (2, 1296, 0, 1)
[M::mem_pestat] skip orientation FF as there are not enough pairs
[M::mem_pestat] analyzing insert size distribution for orientation FR...
[M::mem_pestat] (25, 50, 75) percentile: (503, 518, 542)
[M::mem_pestat] low and high boundaries for computing mean and std.dev: (425, 620)
[M::mem_pestat] mean and std.dev: (529.00, 27.09)
[M::mem_pestat] low and high boundaries for proper pairs: (386, 659)
[M::mem_pestat] skip orientation RF as there are not enough pairs
[M::mem_pestat] skip orientation RR as there are not enough pairs
[M::mem_process_seqs] Processed 266668 reads in 126.668 CPU sec, 31.720 real sec
[M::process] read 266668 sequences (40000200 bp)...
[M::mem_pestat] # candidate unique pairs for (FF, FR, RF, RR): (1, 1361, 2, 0)
[M::mem_pestat] skip orientation FF as there are not enough pairs
[M::mem_pestat] analyzing insert size distribution for orientation FR...
[M::mem_pestat] (25, 50, 75) percentile: (504, 519, 543)
[M::mem_pestat] low and high boundaries for computing mean and std.dev: (426, 621)
[M::mem_pestat] mean and std.dev: (530.21, 27.76)
[M::mem_pestat] low and high boundaries for proper pairs: (387, 660)
[M::mem_pestat] skip orientation RF as there are not enough pairs
[M::mem_pestat] skip orientation RR as there are not enough pairs
[M::mem_process_seqs] Processed 266668 reads in 123.597 CPU sec, 30.955 real sec
[M::process] read 266668 sequences (40000200 bp)...
[M::mem_pestat] # candidate unique pairs for (FF, FR, RF, RR): (0, 1408, 0, 3)
[M::mem_pestat] skip orientation FF as there are not enough pairs
[M::mem_pestat] analyzing insert size distribution for orientation FR...
[M::mem_pestat] (25, 50, 75) percentile: (503, 518, 542)
[M::mem_pestat] low and high boundaries for computing mean and std.dev: (425, 620)
[M::mem_pestat] mean and std.dev: (530.02, 27.57)
[M::mem_pestat] low and high boundaries for proper pairs: (386, 659)
[M::mem_pestat] skip orientation RF as there are not enough pairs
[M::mem_pestat] skip orientation RR as there are not enough pairs
[M::mem_process_seqs] Processed 266668 reads in 124.404 CPU sec, 31.157 real sec
[M::process] read 266668 sequences (40000200 bp)...
[M::mem_pestat] # candidate unique pairs for (FF, FR, RF, RR): (2, 1430, 0, 1)
[M::mem_pestat] skip orientation FF as there are not enough pairs
[M::mem_pestat] analyzing insert size distribution for orientation FR...
[M::mem_pestat] (25, 50, 75) percentile: (503, 517, 541)
[M::mem_pestat] low and high boundaries for computing mean and std.dev: (427, 617)
[M::mem_pestat] mean and std.dev: (528.63, 27.34)
[M::mem_pestat] low and high boundaries for proper pairs: (389, 655)
[M::mem_pestat] skip orientation RF as there are not enough pairs
[M::mem_pestat] skip orientation RR as there are not enough pairs
[M::mem_process_seqs] Processed 266668 reads in 121.870 CPU sec, 30.516 real sec
[M::process] read 266668 sequences (40000200 bp)...
[M::mem_pestat] # candidate unique pairs for (FF, FR, RF, RR): (2, 1373, 0, 2)
[M::mem_pestat] skip orientation FF as there are not enough pairs
[M::mem_pestat] analyzing insert size distribution for orientation FR...
[M::mem_pestat] (25, 50, 75) percentile: (504, 519, 544)
[M::mem_pestat] low and high boundaries for computing mean and std.dev: (424, 624)
[M::mem_pestat] mean and std.dev: (530.57, 29.06)
[M::mem_pestat] low and high boundaries for proper pairs: (384, 664)
[M::mem_pestat] skip orientation RF as there are not enough pairs
[M::mem_pestat] skip orientation RR as there are not enough pairs
[M::mem_process_seqs] Processed 266668 reads in 122.633 CPU sec, 30.706 real sec
[M::process] read 266668 sequences (40000200 bp)...
[M::mem_pestat] # candidate unique pairs for (FF, FR, RF, RR): (1, 1371, 1, 0)
[M::mem_pestat] skip orientation FF as there are not enough pairs
[M::mem_pestat] analyzing insert size distribution for orientation FR...
[M::mem_pestat] (25, 50, 75) percentile: (505, 521, 544)
[M::mem_pestat] low and high boundaries for computing mean and std.dev: (427, 622)
[M::mem_pestat] mean and std.dev: (531.28, 27.32)
[M::mem_pestat] low and high boundaries for proper pairs: (388, 661)
[M::mem_pestat] skip orientation RF as there are not enough pairs
[M::mem_pestat] skip orientation RR as there are not enough pairs
[M::mem_process_seqs] Processed 266668 reads in 122.120 CPU sec, 30.576 real sec
[M::process] read 266668 sequences (40000200 bp)...
[M::mem_pestat] # candidate unique pairs for (FF, FR, RF, RR): (3, 1376, 0, 1)
[M::mem_pestat] skip orientation FF as there are not enough pairs
[M::mem_pestat] analyzing insert size distribution for orientation FR...
[M::mem_pestat] (25, 50, 75) percentile: (503, 519, 544)
[M::mem_pestat] low and high boundaries for computing mean and std.dev: (421, 626)
[M::mem_pestat] mean and std.dev: (531.04, 30.54)
[M::mem_pestat] low and high boundaries for proper pairs: (380, 667)
[M::mem_pestat] skip orientation RF as there are not enough pairs
[M::mem_pestat] skip orientation RR as there are not enough pairs
[M::mem_process_seqs] Processed 266668 reads in 124.688 CPU sec, 31.218 real sec
[M::process] read 266668 sequences (40000200 bp)...
[M::mem_pestat] # candidate unique pairs for (FF, FR, RF, RR): (2, 1400, 0, 1)
[M::mem_pestat] skip orientation FF as there are not enough pairs
[M::mem_pestat] analyzing insert size distribution for orientation FR...
[M::mem_pestat] (25, 50, 75) percentile: (504, 519, 541)
[M::mem_pestat] low and high boundaries for computing mean and std.dev: (430, 615)
[M::mem_pestat] mean and std.dev: (529.26, 27.34)
[M::mem_pestat] low and high boundaries for proper pairs: (393, 652)
[M::mem_pestat] skip orientation RF as there are not enough pairs
[M::mem_pestat] skip orientation RR as there are not enough pairs
[M::mem_process_seqs] Processed 266668 reads in 122.739 CPU sec, 30.735 real sec
[M::process] read 266668 sequences (40000200 bp)...
[M::mem_pestat] # candidate unique pairs for (FF, FR, RF, RR): (1, 1388, 1, 1)
[M::mem_pestat] skip orientation FF as there are not enough pairs
[M::mem_pestat] analyzing insert size distribution for orientation FR...
[M::mem_pestat] (25, 50, 75) percentile: (504, 517, 542)
[M::mem_pestat] low and high boundaries for computing mean and std.dev: (428, 618)
[M::mem_pestat] mean and std.dev: (529.17, 27.32)
[M::mem_pestat] low and high boundaries for proper pairs: (390, 656)
[M::mem_pestat] skip orientation RF as there are not enough pairs
[M::mem_pestat] skip orientation RR as there are not enough pairs
[M::mem_process_seqs] Processed 266668 reads in 122.139 CPU sec, 30.576 real sec
[M::process] read 266668 sequences (40000200 bp)...
[M::mem_pestat] # candidate unique pairs for (FF, FR, RF, RR): (1, 1425, 0, 2)
[M::mem_pestat] skip orientation FF as there are not enough pairs
[M::mem_pestat] analyzing insert size distribution for orientation FR...
[M::mem_pestat] (25, 50, 75) percentile: (504, 519, 542)
[M::mem_pestat] low and high boundaries for computing mean and std.dev: (428, 618)
[M::mem_pestat] mean and std.dev: (529.37, 27.03)
[M::mem_pestat] low and high boundaries for proper pairs: (390, 656)
[M::mem_pestat] skip orientation RF as there are not enough pairs
[M::mem_pestat] skip orientation RR as there are not enough pairs
[M::mem_process_seqs] Processed 266668 reads in 122.259 CPU sec, 30.629 real sec
[M::process] read 266668 sequences (40000200 bp)...
[M::mem_pestat] # candidate unique pairs for (FF, FR, RF, RR): (1, 1428, 1, 2)
[M::mem_pestat] skip orientation FF as there are not enough pairs
[M::mem_pestat] analyzing insert size distribution for orientation FR...
[M::mem_pestat] (25, 50, 75) percentile: (503, 518, 541)
[M::mem_pestat] low and high boundaries for computing mean and std.dev: (427, 617)
[M::mem_pestat] mean and std.dev: (528.55, 26.55)
[M::mem_pestat] low and high boundaries for proper pairs: (389, 655)
[M::mem_pestat] skip orientation RF as there are not enough pairs
[M::mem_pestat] skip orientation RR as there are not enough pairs
[M::mem_process_seqs] Processed 266668 reads in 121.449 CPU sec, 30.405 real sec
[M::process] read 266668 sequences (40000200 bp)...
[M::mem_pestat] # candidate unique pairs for (FF, FR, RF, RR): (2, 1396, 1, 1)
[M::mem_pestat] skip orientation FF as there are not enough pairs
[M::mem_pestat] analyzing insert size distribution for orientation FR...
[M::mem_pestat] (25, 50, 75) percentile: (504, 521, 545)
[M::mem_pestat] low and high boundaries for computing mean and std.dev: (422, 627)
[M::mem_pestat] mean and std.dev: (532.99, 29.27)
[M::mem_pestat] low and high boundaries for proper pairs: (381, 668)
[M::mem_pestat] skip orientation RF as there are not enough pairs
[M::mem_pestat] skip orientation RR as there are not enough pairs
[M::mem_process_seqs] Processed 266668 reads in 125.586 CPU sec, 31.445 real sec
[M::process] read 266668 sequences (40000200 bp)...
[M::mem_pestat] # candidate unique pairs for (FF, FR, RF, RR): (1, 1370, 1, 0)
[M::mem_pestat] skip orientation FF as there are not enough pairs
[M::mem_pestat] analyzing insert size distribution for orientation FR...
[M::mem_pestat] (25, 50, 75) percentile: (504, 520, 543)
[M::mem_pestat] low and high boundaries for computing mean and std.dev: (426, 621)
[M::mem_pestat] mean and std.dev: (530.12, 27.49)
[M::mem_pestat] low and high boundaries for proper pairs: (387, 660)
[M::mem_pestat] skip orientation RF as there are not enough pairs
[M::mem_pestat] skip orientation RR as there are not enough pairs
[M::mem_process_seqs] Processed 266668 reads in 122.098 CPU sec, 30.572 real sec
[M::process] read 266668 sequences (40000200 bp)...
[M::mem_pestat] # candidate unique pairs for (FF, FR, RF, RR): (0, 1386, 1, 1)
[M::mem_pestat] skip orientation FF as there are not enough pairs
[M::mem_pestat] analyzing insert size distribution for orientation FR...
[M::mem_pestat] (25, 50, 75) percentile: (503, 517, 542)
[M::mem_pestat] low and high boundaries for computing mean and std.dev: (425, 620)
[M::mem_pestat] mean and std.dev: (529.91, 28.87)
[M::mem_pestat] low and high boundaries for proper pairs: (386, 659)
[M::mem_pestat] skip orientation RF as there are not enough pairs
[M::mem_pestat] skip orientation RR as there are not enough pairs
[M::mem_process_seqs] Processed 266668 reads in 121.409 CPU sec, 30.393 real sec
[M::process] read 266668 sequences (40000200 bp)...
[M::mem_pestat] # candidate unique pairs for (FF, FR, RF, RR): (2, 1412, 0, 0)
[M::mem_pestat] skip orientation FF as there are not enough pairs
[M::mem_pestat] analyzing insert size distribution for orientation FR...
[M::mem_pestat] (25, 50, 75) percentile: (504, 518, 542)
[M::mem_pestat] low and high boundaries for computing mean and std.dev: (428, 618)
[M::mem_pestat] mean and std.dev: (530.10, 27.91)
[M::mem_pestat] low and high boundaries for proper pairs: (390, 656)
[M::mem_pestat] skip orientation RF as there are not enough pairs
[M::mem_pestat] skip orientation RR as there are not enough pairs
[M::mem_process_seqs] Processed 266668 reads in 123.886 CPU sec, 31.023 real sec
[M::process] read 266668 sequences (40000200 bp)...
[M::mem_pestat] # candidate unique pairs for (FF, FR, RF, RR): (2, 1404, 0, 1)
[M::mem_pestat] skip orientation FF as there are not enough pairs
[M::mem_pestat] analyzing insert size distribution for orientation FR...
[M::mem_pestat] (25, 50, 75) percentile: (504, 518, 539)
[M::mem_pestat] low and high boundaries for computing mean and std.dev: (434, 609)
[M::mem_pestat] mean and std.dev: (527.68, 24.84)
[M::mem_pestat] low and high boundaries for proper pairs: (399, 644)
[M::mem_pestat] skip orientation RF as there are not enough pairs
[M::mem_pestat] skip orientation RR as there are not enough pairs
[M::mem_process_seqs] Processed 266668 reads in 120.631 CPU sec, 30.202 real sec
[M::process] read 266668 sequences (40000200 bp)...
[M::mem_pestat] # candidate unique pairs for (FF, FR, RF, RR): (1, 1420, 0, 2)
[M::mem_pestat] skip orientation FF as there are not enough pairs
[M::mem_pestat] analyzing insert size distribution for orientation FR...
[M::mem_pestat] (25, 50, 75) percentile: (504, 519, 546)
[M::mem_pestat] low and high boundaries for computing mean and std.dev: (420, 630)
[M::mem_pestat] mean and std.dev: (531.06, 28.94)
[M::mem_pestat] low and high boundaries for proper pairs: (378, 672)
[M::mem_pestat] skip orientation RF as there are not enough pairs
[M::mem_pestat] skip orientation RR as there are not enough pairs
[M::mem_process_seqs] Processed 266668 reads in 124.341 CPU sec, 31.139 real sec
[M::process] read 266668 sequences (40000200 bp)...
[M::mem_pestat] # candidate unique pairs for (FF, FR, RF, RR): (0, 1423, 0, 2)
[M::mem_pestat] skip orientation FF as there are not enough pairs
[M::mem_pestat] analyzing insert size distribution for orientation FR...
[M::mem_pestat] (25, 50, 75) percentile: (504, 518, 541)
[M::mem_pestat] low and high boundaries for computing mean and std.dev: (430, 615)
[M::mem_pestat] mean and std.dev: (528.86, 27.59)
[M::mem_pestat] low and high boundaries for proper pairs: (393, 652)
[M::mem_pestat] skip orientation RF as there are not enough pairs
[M::mem_pestat] skip orientation RR as there are not enough pairs
[M::mem_process_seqs] Processed 266668 reads in 121.984 CPU sec, 30.553 real sec
[M::process] read 266668 sequences (40000200 bp)...
[M::mem_pestat] # candidate unique pairs for (FF, FR, RF, RR): (2, 1367, 0, 0)
[M::mem_pestat] skip orientation FF as there are not enough pairs
[M::mem_pestat] analyzing insert size distribution for orientation FR...
[M::mem_pestat] (25, 50, 75) percentile: (505, 520, 544)
[M::mem_pestat] low and high boundaries for computing mean and std.dev: (427, 622)
[M::mem_pestat] mean and std.dev: (531.03, 28.11)
[M::mem_pestat] low and high boundaries for proper pairs: (388, 661)
[M::mem_pestat] skip orientation RF as there are not enough pairs
[M::mem_pestat] skip orientation RR as there are not enough pairs
[M::mem_process_seqs] Processed 266668 reads in 124.554 CPU sec, 31.191 real sec
[M::process] read 266668 sequences (40000200 bp)...
[M::mem_pestat] # candidate unique pairs for (FF, FR, RF, RR): (1, 1451, 1, 2)
[M::mem_pestat] skip orientation FF as there are not enough pairs
[M::mem_pestat] analyzing insert size distribution for orientation FR...
[M::mem_pestat] (25, 50, 75) percentile: (505, 519, 543)
[M::mem_pestat] low and high boundaries for computing mean and std.dev: (429, 619)
[M::mem_pestat] mean and std.dev: (530.09, 26.92)
[M::mem_pestat] low and high boundaries for proper pairs: (391, 657)
[M::mem_pestat] skip orientation RF as there are not enough pairs
[M::mem_pestat] skip orientation RR as there are not enough pairs
[M::mem_process_seqs] Processed 266668 reads in 122.732 CPU sec, 30.739 real sec
[M::process] read 266668 sequences (40000200 bp)...
[M::mem_pestat] # candidate unique pairs for (FF, FR, RF, RR): (1, 1443, 1, 0)
[M::mem_pestat] skip orientation FF as there are not enough pairs
[M::mem_pestat] analyzing insert size distribution for orientation FR...
[M::mem_pestat] (25, 50, 75) percentile: (504, 518, 543)
[M::mem_pestat] low and high boundaries for computing mean and std.dev: (426, 621)
[M::mem_pestat] mean and std.dev: (530.21, 29.34)
[M::mem_pestat] low and high boundaries for proper pairs: (387, 660)
[M::mem_pestat] skip orientation RF as there are not enough pairs
[M::mem_pestat] skip orientation RR as there are not enough pairs
[M::mem_process_seqs] Processed 266668 reads in 125.343 CPU sec, 31.394 real sec
[M::process] read 266668 sequences (40000200 bp)...
[M::mem_pestat] # candidate unique pairs for (FF, FR, RF, RR): (1, 1428, 0, 2)
[M::mem_pestat] skip orientation FF as there are not enough pairs
[M::mem_pestat] analyzing insert size distribution for orientation FR...
[M::mem_pestat] (25, 50, 75) percentile: (504, 519, 541)
[M::mem_pestat] low and high boundaries for computing mean and std.dev: (430, 615)
[M::mem_pestat] mean and std.dev: (528.66, 27.18)
[M::mem_pestat] low and high boundaries for proper pairs: (393, 652)
[M::mem_pestat] skip orientation RF as there are not enough pairs
[M::mem_pestat] skip orientation RR as there are not enough pairs
[M::mem_process_seqs] Processed 266668 reads in 123.302 CPU sec, 30.878 real sec
[M::process] read 266668 sequences (40000200 bp)...
[M::mem_pestat] # candidate unique pairs for (FF, FR, RF, RR): (1, 1417, 1, 1)
[M::mem_pestat] skip orientation FF as there are not enough pairs
[M::mem_pestat] analyzing insert size distribution for orientation FR...
[M::mem_pestat] (25, 50, 75) percentile: (504, 520, 546)
[M::mem_pestat] low and high boundaries for computing mean and std.dev: (420, 630)
[M::mem_pestat] mean and std.dev: (531.39, 29.72)
[M::mem_pestat] low and high boundaries for proper pairs: (378, 672)
[M::mem_pestat] skip orientation RF as there are not enough pairs
[M::mem_pestat] skip orientation RR as there are not enough pairs
[M::mem_process_seqs] Processed 266668 reads in 123.093 CPU sec, 30.829 real sec
[M::process] read 266668 sequences (40000200 bp)...
[M::mem_pestat] # candidate unique pairs for (FF, FR, RF, RR): (2, 1371, 0, 0)
[M::mem_pestat] skip orientation FF as there are not enough pairs
[M::mem_pestat] analyzing insert size distribution for orientation FR...
[M::mem_pestat] (25, 50, 75) percentile: (504, 519, 544)
[M::mem_pestat] low and high boundaries for computing mean and std.dev: (424, 624)
[M::mem_pestat] mean and std.dev: (530.82, 28.37)
[M::mem_pestat] low and high boundaries for proper pairs: (384, 664)
[M::mem_pestat] skip orientation RF as there are not enough pairs
[M::mem_pestat] skip orientation RR as there are not enough pairs
[M::mem_process_seqs] Processed 266668 reads in 124.318 CPU sec, 31.128 real sec
[M::process] read 266668 sequences (40000200 bp)...
[M::mem_pestat] # candidate unique pairs for (FF, FR, RF, RR): (0, 1338, 1, 2)
[M::mem_pestat] skip orientation FF as there are not enough pairs
[M::mem_pestat] analyzing insert size distribution for orientation FR...
[M::mem_pestat] (25, 50, 75) percentile: (504, 519, 543)
[M::mem_pestat] low and high boundaries for computing mean and std.dev: (426, 621)
[M::mem_pestat] mean and std.dev: (529.83, 28.83)
[M::mem_pestat] low and high boundaries for proper pairs: (387, 660)
[M::mem_pestat] skip orientation RF as there are not enough pairs
[M::mem_pestat] skip orientation RR as there are not enough pairs
[M::mem_process_seqs] Processed 266668 reads in 123.119 CPU sec, 30.831 real sec
[M::process] read 266668 sequences (40000200 bp)...
[M::mem_pestat] # candidate unique pairs for (FF, FR, RF, RR): (1, 1504, 0, 0)
[M::mem_pestat] skip orientation FF as there are not enough pairs
[M::mem_pestat] analyzing insert size distribution for orientation FR...
[M::mem_pestat] (25, 50, 75) percentile: (505, 518, 542)
[M::mem_pestat] low and high boundaries for computing mean and std.dev: (431, 616)
[M::mem_pestat] mean and std.dev: (528.86, 26.95)
[M::mem_pestat] low and high boundaries for proper pairs: (394, 653)
[M::mem_pestat] skip orientation RF as there are not enough pairs
[M::mem_pestat] skip orientation RR as there are not enough pairs
[M::mem_process_seqs] Processed 266668 reads in 123.991 CPU sec, 31.069 real sec
[M::process] read 266668 sequences (40000200 bp)...
[M::mem_pestat] # candidate unique pairs for (FF, FR, RF, RR): (2, 1495, 0, 1)
[M::mem_pestat] skip orientation FF as there are not enough pairs
[M::mem_pestat] analyzing insert size distribution for orientation FR...
[M::mem_pestat] (25, 50, 75) percentile: (505, 520, 542)
[M::mem_pestat] low and high boundaries for computing mean and std.dev: (431, 616)
[M::mem_pestat] mean and std.dev: (529.61, 26.75)
[M::mem_pestat] low and high boundaries for proper pairs: (394, 653)
[M::mem_pestat] skip orientation RF as there are not enough pairs
[M::mem_pestat] skip orientation RR as there are not enough pairs
[M::mem_process_seqs] Processed 266668 reads in 122.972 CPU sec, 30.798 real sec
[M::process] read 266668 sequences (40000200 bp)...
[M::mem_pestat] # candidate unique pairs for (FF, FR, RF, RR): (0, 1390, 3, 1)
[M::mem_pestat] skip orientation FF as there are not enough pairs
[M::mem_pestat] analyzing insert size distribution for orientation FR...
[M::mem_pestat] (25, 50, 75) percentile: (504, 518, 541)
[M::mem_pestat] low and high boundaries for computing mean and std.dev: (430, 615)
[M::mem_pestat] mean and std.dev: (529.35, 27.64)
[M::mem_pestat] low and high boundaries for proper pairs: (393, 652)
[M::mem_pestat] skip orientation RF as there are not enough pairs
[M::mem_pestat] skip orientation RR as there are not enough pairs
[M::mem_process_seqs] Processed 266668 reads in 121.739 CPU sec, 30.484 real sec
[M::process] read 266668 sequences (40000200 bp)...
[M::mem_pestat] # candidate unique pairs for (FF, FR, RF, RR): (1, 1401, 1, 3)
[M::mem_pestat] skip orientation FF as there are not enough pairs
[M::mem_pestat] analyzing insert size distribution for orientation FR...
[M::mem_pestat] (25, 50, 75) percentile: (504, 519, 543)
[M::mem_pestat] low and high boundaries for computing mean and std.dev: (426, 621)
[M::mem_pestat] mean and std.dev: (531.00, 28.47)
[M::mem_pestat] low and high boundaries for proper pairs: (387, 660)
[M::mem_pestat] skip orientation RF as there are not enough pairs
[M::mem_pestat] skip orientation RR as there are not enough pairs
[M::mem_process_seqs] Processed 266668 reads in 123.038 CPU sec, 30.803 real sec
[M::process] read 266668 sequences (40000200 bp)...
[M::mem_pestat] # candidate unique pairs for (FF, FR, RF, RR): (1, 1432, 1, 1)
[M::mem_pestat] skip orientation FF as there are not enough pairs
[M::mem_pestat] analyzing insert size distribution for orientation FR...
[M::mem_pestat] (25, 50, 75) percentile: (504, 519, 542)
[M::mem_pestat] low and high boundaries for computing mean and std.dev: (428, 618)
[M::mem_pestat] mean and std.dev: (530.45, 27.90)
[M::mem_pestat] low and high boundaries for proper pairs: (390, 656)
[M::mem_pestat] skip orientation RF as there are not enough pairs
[M::mem_pestat] skip orientation RR as there are not enough pairs
[M::mem_process_seqs] Processed 266668 reads in 122.337 CPU sec, 30.632 real sec
[M::process] read 266668 sequences (40000200 bp)...
[M::mem_pestat] # candidate unique pairs for (FF, FR, RF, RR): (2, 1406, 0, 2)
[M::mem_pestat] skip orientation FF as there are not enough pairs
[M::mem_pestat] analyzing insert size distribution for orientation FR...
[M::mem_pestat] (25, 50, 75) percentile: (504, 520, 541)
[M::mem_pestat] low and high boundaries for computing mean and std.dev: (430, 615)
[M::mem_pestat] mean and std.dev: (528.54, 25.34)
[M::mem_pestat] low and high boundaries for proper pairs: (393, 652)
[M::mem_pestat] skip orientation RF as there are not enough pairs
[M::mem_pestat] skip orientation RR as there are not enough pairs
[M::mem_process_seqs] Processed 266668 reads in 122.503 CPU sec, 30.667 real sec
[M::process] read 266668 sequences (40000200 bp)...
[M::mem_pestat] # candidate unique pairs for (FF, FR, RF, RR): (0, 1338, 1, 1)
[M::mem_pestat] skip orientation FF as there are not enough pairs
[M::mem_pestat] analyzing insert size distribution for orientation FR...
[M::mem_pestat] (25, 50, 75) percentile: (504, 520, 542)
[M::mem_pestat] low and high boundaries for computing mean and std.dev: (428, 618)
[M::mem_pestat] mean and std.dev: (529.31, 26.30)
[M::mem_pestat] low and high boundaries for proper pairs: (390, 656)
[M::mem_pestat] skip orientation RF as there are not enough pairs
[M::mem_pestat] skip orientation RR as there are not enough pairs
[M::mem_process_seqs] Processed 266668 reads in 123.589 CPU sec, 30.940 real sec
[M::process] read 266668 sequences (40000200 bp)...
[M::mem_pestat] # candidate unique pairs for (FF, FR, RF, RR): (2, 1389, 1, 0)
[M::mem_pestat] skip orientation FF as there are not enough pairs
[M::mem_pestat] analyzing insert size distribution for orientation FR...
[M::mem_pestat] (25, 50, 75) percentile: (504, 519, 543)
[M::mem_pestat] low and high boundaries for computing mean and std.dev: (426, 621)
[M::mem_pestat] mean and std.dev: (529.85, 28.94)
[M::mem_pestat] low and high boundaries for proper pairs: (387, 660)
[M::mem_pestat] skip orientation RF as there are not enough pairs
[M::mem_pestat] skip orientation RR as there are not enough pairs
[M::mem_process_seqs] Processed 266668 reads in 121.976 CPU sec, 30.537 real sec
[M::process] read 266668 sequences (40000200 bp)...
[M::mem_pestat] # candidate unique pairs for (FF, FR, RF, RR): (1, 1471, 2, 1)
[M::mem_pestat] skip orientation FF as there are not enough pairs
[M::mem_pestat] analyzing insert size distribution for orientation FR...
[M::mem_pestat] (25, 50, 75) percentile: (504, 518, 541)
[M::mem_pestat] low and high boundaries for computing mean and std.dev: (430, 615)
[M::mem_pestat] mean and std.dev: (527.70, 26.01)
[M::mem_pestat] low and high boundaries for proper pairs: (393, 652)
[M::mem_pestat] skip orientation RF as there are not enough pairs
[M::mem_pestat] skip orientation RR as there are not enough pairs
[M::mem_process_seqs] Processed 266668 reads in 123.874 CPU sec, 31.014 real sec
[M::process] read 266668 sequences (40000200 bp)...
[M::mem_pestat] # candidate unique pairs for (FF, FR, RF, RR): (1, 1416, 0, 2)
[M::mem_pestat] skip orientation FF as there are not enough pairs
[M::mem_pestat] analyzing insert size distribution for orientation FR...
[M::mem_pestat] (25, 50, 75) percentile: (505, 519, 543)
[M::mem_pestat] low and high boundaries for computing mean and std.dev: (429, 619)
[M::mem_pestat] mean and std.dev: (530.05, 27.30)
[M::mem_pestat] low and high boundaries for proper pairs: (391, 657)
[M::mem_pestat] skip orientation RF as there are not enough pairs
[M::mem_pestat] skip orientation RR as there are not enough pairs
[M::mem_process_seqs] Processed 266668 reads in 117.112 CPU sec, 29.319 real sec
[M::process] read 266668 sequences (40000200 bp)...
[M::mem_pestat] # candidate unique pairs for (FF, FR, RF, RR): (2, 1491, 0, 4)
[M::mem_pestat] skip orientation FF as there are not enough pairs
[M::mem_pestat] analyzing insert size distribution for orientation FR...
[M::mem_pestat] (25, 50, 75) percentile: (504, 520, 543)
[M::mem_pestat] low and high boundaries for computing mean and std.dev: (426, 621)
[M::mem_pestat] mean and std.dev: (530.56, 28.35)
[M::mem_pestat] low and high boundaries for proper pairs: (387, 660)
[M::mem_pestat] skip orientation RF as there are not enough pairs
[M::mem_pestat] skip orientation RR as there are not enough pairs
[M::mem_process_seqs] Processed 266668 reads in 126.287 CPU sec, 31.616 real sec
[M::process] read 266668 sequences (40000200 bp)...
[M::mem_pestat] # candidate unique pairs for (FF, FR, RF, RR): (2, 1433, 0, 2)
[M::mem_pestat] skip orientation FF as there are not enough pairs
[M::mem_pestat] analyzing insert size distribution for orientation FR...
[M::mem_pestat] (25, 50, 75) percentile: (504, 519, 541)
[M::mem_pestat] low and high boundaries for computing mean and std.dev: (430, 615)
[M::mem_pestat] mean and std.dev: (528.88, 25.67)
[M::mem_pestat] low and high boundaries for proper pairs: (393, 652)
[M::mem_pestat] skip orientation RF as there are not enough pairs
[M::mem_pestat] skip orientation RR as there are not enough pairs
[M::mem_process_seqs] Processed 266668 reads in 121.737 CPU sec, 30.500 real sec
[M::process] read 266668 sequences (40000200 bp)...
[M::mem_pestat] # candidate unique pairs for (FF, FR, RF, RR): (0, 1436, 0, 2)
[M::mem_pestat] skip orientation FF as there are not enough pairs
[M::mem_pestat] analyzing insert size distribution for orientation FR...
[M::mem_pestat] (25, 50, 75) percentile: (504, 518, 542)
[M::mem_pestat] low and high boundaries for computing mean and std.dev: (428, 618)
[M::mem_pestat] mean and std.dev: (528.55, 27.45)
[M::mem_pestat] low and high boundaries for proper pairs: (390, 656)
[M::mem_pestat] skip orientation RF as there are not enough pairs
[M::mem_pestat] skip orientation RR as there are not enough pairs
[M::mem_process_seqs] Processed 266668 reads in 127.045 CPU sec, 31.816 real sec
[M::process] read 266668 sequences (40000200 bp)...
[M::mem_pestat] # candidate unique pairs for (FF, FR, RF, RR): (0, 1480, 1, 0)
[M::mem_pestat] skip orientation FF as there are not enough pairs
[M::mem_pestat] analyzing insert size distribution for orientation FR...
[M::mem_pestat] (25, 50, 75) percentile: (503, 517, 542)
[M::mem_pestat] low and high boundaries for computing mean and std.dev: (425, 620)
[M::mem_pestat] mean and std.dev: (529.77, 28.23)
[M::mem_pestat] low and high boundaries for proper pairs: (386, 659)
[M::mem_pestat] skip orientation RF as there are not enough pairs
[M::mem_pestat] skip orientation RR as there are not enough pairs
[M::mem_process_seqs] Processed 266668 reads in 122.444 CPU sec, 30.679 real sec
[M::process] read 266668 sequences (40000200 bp)...
[M::mem_pestat] # candidate unique pairs for (FF, FR, RF, RR): (2, 1299, 0, 1)
[M::mem_pestat] skip orientation FF as there are not enough pairs
[M::mem_pestat] analyzing insert size distribution for orientation FR...
[M::mem_pestat] (25, 50, 75) percentile: (503, 516, 540)
[M::mem_pestat] low and high boundaries for computing mean and std.dev: (429, 614)
[M::mem_pestat] mean and std.dev: (528.00, 26.74)
[M::mem_pestat] low and high boundaries for proper pairs: (392, 651)
[M::mem_pestat] skip orientation RF as there are not enough pairs
[M::mem_pestat] skip orientation RR as there are not enough pairs
[M::mem_process_seqs] Processed 266668 reads in 125.794 CPU sec, 31.519 real sec
[M::process] read 266668 sequences (40000200 bp)...
[M::mem_pestat] # candidate unique pairs for (FF, FR, RF, RR): (1, 1396, 1, 0)
[M::mem_pestat] skip orientation FF as there are not enough pairs
[M::mem_pestat] analyzing insert size distribution for orientation FR...
[M::mem_pestat] (25, 50, 75) percentile: (505, 518, 543)
[M::mem_pestat] low and high boundaries for computing mean and std.dev: (429, 619)
[M::mem_pestat] mean and std.dev: (528.87, 28.11)
[M::mem_pestat] low and high boundaries for proper pairs: (391, 657)
[M::mem_pestat] skip orientation RF as there are not enough pairs
[M::mem_pestat] skip orientation RR as there are not enough pairs
[M::mem_process_seqs] Processed 266668 reads in 122.805 CPU sec, 30.758 real sec
[M::process] read 169898 sequences (25484700 bp)...
[M::mem_pestat] # candidate unique pairs for (FF, FR, RF, RR): (0, 1447, 0, 1)
[M::mem_pestat] skip orientation FF as there are not enough pairs
[M::mem_pestat] analyzing insert size distribution for orientation FR...
[M::mem_pestat] (25, 50, 75) percentile: (504, 519, 544)
[M::mem_pestat] low and high boundaries for computing mean and std.dev: (424, 624)
[M::mem_pestat] mean and std.dev: (530.83, 28.80)
[M::mem_pestat] low and high boundaries for proper pairs: (384, 664)
[M::mem_pestat] skip orientation RF as there are not enough pairs
[M::mem_pestat] skip orientation RR as there are not enough pairs
[M::mem_process_seqs] Processed 266668 reads in 124.828 CPU sec, 31.268 real sec
[M::mem_pestat] # candidate unique pairs for (FF, FR, RF, RR): (0, 909, 0, 5)
[M::mem_pestat] skip orientation FF as there are not enough pairs
[M::mem_pestat] analyzing insert size distribution for orientation FR...
[M::mem_pestat] (25, 50, 75) percentile: (504, 519, 542)
[M::mem_pestat] low and high boundaries for computing mean and std.dev: (428, 618)
[M::mem_pestat] mean and std.dev: (529.99, 26.94)
[M::mem_pestat] low and high boundaries for proper pairs: (390, 656)
[M::mem_pestat] skip orientation RF as there are not enough pairs
[M::mem_pestat] skip orientation RR as there are not enough pairs
[M::mem_process_seqs] Processed 169898 reads in 78.521 CPU sec, 19.663 real sec
[main] Version: 0.7.17-r1188
[main] CMD: bwa mem -t 4 -a /mnt/raid6/bacphagenetwork/data/bwa_index/chm13v2.0_noY.fa /mnt/raid6/bacphagenetwork/data/skin_metagenome/Guangzhou/02_rm_host/149_1.fastq.gz /mnt/raid6/bacphagenetwork/data/skin_metagenome/Guangzhou/02_rm_host/149_2.fastq.gz
[main] Real time: 3925.043 sec; CPU: 15619.439 sec
