/home/bacphagenetwork/.bashrc: line 15: Custom: command not found
[M::bwa_idx_load_from_disk] read 0 ALT contigs
[M::process] read 266668 sequences (40000200 bp)...
[M::process] read 266668 sequences (40000200 bp)...
[M::mem_pestat] # candidate unique pairs for (FF, FR, RF, RR): (31, 15153, 5, 30)
[M::mem_pestat] analyzing insert size distribution for orientation FF...
[M::mem_pestat] (25, 50, 75) percentile: (164, 295, 986)
[M::mem_pestat] low and high boundaries for computing mean and std.dev: (1, 2630)
[M::mem_pestat] mean and std.dev: (570.82, 648.95)
[M::mem_pestat] low and high boundaries for proper pairs: (1, 3452)
[M::mem_pestat] analyzing insert size distribution for orientation FR...
[M::mem_pestat] (25, 50, 75) percentile: (500, 515, 541)
[M::mem_pestat] low and high boundaries for computing mean and std.dev: (418, 623)
[M::mem_pestat] mean and std.dev: (530.88, 29.70)
[M::mem_pestat] low and high boundaries for proper pairs: (377, 664)
[M::mem_pestat] skip orientation RF as there are not enough pairs
[M::mem_pestat] analyzing insert size distribution for orientation RR...
[M::mem_pestat] (25, 50, 75) percentile: (298, 1201, 1977)
[M::mem_pestat] low and high boundaries for computing mean and std.dev: (1, 5335)
[M::mem_pestat] mean and std.dev: (1476.57, 1353.06)
[M::mem_pestat] low and high boundaries for proper pairs: (1, 7014)
[M::mem_pestat] skip orientation FF
[M::mem_pestat] skip orientation RR
[M::mem_process_seqs] Processed 266668 reads in 382.030 CPU sec, 95.838 real sec
[M::process] read 266668 sequences (40000200 bp)...
[M::mem_pestat] # candidate unique pairs for (FF, FR, RF, RR): (34, 14979, 7, 23)
[M::mem_pestat] analyzing insert size distribution for orientation FF...
[M::mem_pestat] (25, 50, 75) percentile: (179, 410, 981)
[M::mem_pestat] low and high boundaries for computing mean and std.dev: (1, 2585)
[M::mem_pestat] mean and std.dev: (538.12, 457.34)
[M::mem_pestat] low and high boundaries for proper pairs: (1, 3387)
[M::mem_pestat] analyzing insert size distribution for orientation FR...
[M::mem_pestat] (25, 50, 75) percentile: (446, 514, 540)
[M::mem_pestat] low and high boundaries for computing mean and std.dev: (258, 728)
[M::mem_pestat] mean and std.dev: (502.70, 83.66)
[M::mem_pestat] low and high boundaries for proper pairs: (164, 837)
[M::mem_pestat] skip orientation RF as there are not enough pairs
[M::mem_pestat] analyzing insert size distribution for orientation RR...
[M::mem_pestat] (25, 50, 75) percentile: (308, 932, 1530)
[M::mem_pestat] low and high boundaries for computing mean and std.dev: (1, 3974)
[M::mem_pestat] mean and std.dev: (1036.00, 755.43)
[M::mem_pestat] low and high boundaries for proper pairs: (1, 5196)
[M::mem_pestat] skip orientation FF
[M::mem_pestat] skip orientation RR
[M::mem_process_seqs] Processed 266668 reads in 412.668 CPU sec, 103.404 real sec
[M::process] read 266668 sequences (40000200 bp)...
[M::mem_pestat] # candidate unique pairs for (FF, FR, RF, RR): (41, 15458, 15, 30)
[M::mem_pestat] analyzing insert size distribution for orientation FF...
[M::mem_pestat] (25, 50, 75) percentile: (141, 248, 447)
[M::mem_pestat] low and high boundaries for computing mean and std.dev: (1, 1059)
[M::mem_pestat] mean and std.dev: (214.82, 104.12)
[M::mem_pestat] low and high boundaries for proper pairs: (1, 1365)
[M::mem_pestat] analyzing insert size distribution for orientation FR...
[M::mem_pestat] (25, 50, 75) percentile: (487, 515, 540)
[M::mem_pestat] low and high boundaries for computing mean and std.dev: (381, 646)
[M::mem_pestat] mean and std.dev: (529.08, 37.39)
[M::mem_pestat] low and high boundaries for proper pairs: (328, 699)
[M::mem_pestat] analyzing insert size distribution for orientation RF...
[M::mem_pestat] (25, 50, 75) percentile: (130, 382, 4695)
[M::mem_pestat] low and high boundaries for computing mean and std.dev: (1, 13825)
[M::mem_pestat] mean and std.dev: (1995.20, 2502.54)
[M::mem_pestat] low and high boundaries for proper pairs: (1, 18390)
[M::mem_pestat] analyzing insert size distribution for orientation RR...
[M::mem_pestat] (25, 50, 75) percentile: (622, 1030, 1541)
[M::mem_pestat] low and high boundaries for computing mean and std.dev: (1, 3379)
[M::mem_pestat] mean and std.dev: (987.11, 558.89)
[M::mem_pestat] low and high boundaries for proper pairs: (1, 4298)
[M::mem_pestat] skip orientation FF
[M::mem_pestat] skip orientation RF
[M::mem_pestat] skip orientation RR
[M::mem_process_seqs] Processed 266668 reads in 384.894 CPU sec, 96.402 real sec
[M::process] read 266668 sequences (40000200 bp)...
[M::mem_pestat] # candidate unique pairs for (FF, FR, RF, RR): (35, 15461, 12, 27)
[M::mem_pestat] analyzing insert size distribution for orientation FF...
[M::mem_pestat] (25, 50, 75) percentile: (221, 481, 1278)
[M::mem_pestat] low and high boundaries for computing mean and std.dev: (1, 3392)
[M::mem_pestat] mean and std.dev: (759.94, 743.37)
[M::mem_pestat] low and high boundaries for proper pairs: (1, 4449)
[M::mem_pestat] analyzing insert size distribution for orientation FR...
[M::mem_pestat] (25, 50, 75) percentile: (499, 515, 542)
[M::mem_pestat] low and high boundaries for computing mean and std.dev: (413, 628)
[M::mem_pestat] mean and std.dev: (531.07, 30.89)
[M::mem_pestat] low and high boundaries for proper pairs: (370, 671)
[M::mem_pestat] analyzing insert size distribution for orientation RF...
[M::mem_pestat] (25, 50, 75) percentile: (90, 405, 1557)
[M::mem_pestat] low and high boundaries for computing mean and std.dev: (1, 4491)
[M::mem_pestat] mean and std.dev: (614.73, 741.02)
[M::mem_pestat] low and high boundaries for proper pairs: (1, 5958)
[M::mem_pestat] analyzing insert size distribution for orientation RR...
[M::mem_pestat] (25, 50, 75) percentile: (213, 866, 1773)
[M::mem_pestat] low and high boundaries for computing mean and std.dev: (1, 4893)
[M::mem_pestat] mean and std.dev: (933.48, 781.65)
[M::mem_pestat] low and high boundaries for proper pairs: (1, 6453)
[M::mem_pestat] skip orientation FF
[M::mem_pestat] skip orientation RF
[M::mem_pestat] skip orientation RR
[M::mem_process_seqs] Processed 266668 reads in 382.505 CPU sec, 95.794 real sec
[M::process] read 266668 sequences (40000200 bp)...
[M::mem_pestat] # candidate unique pairs for (FF, FR, RF, RR): (32, 15158, 6, 33)
[M::mem_pestat] analyzing insert size distribution for orientation FF...
[M::mem_pestat] (25, 50, 75) percentile: (147, 509, 1426)
[M::mem_pestat] low and high boundaries for computing mean and std.dev: (1, 3984)
[M::mem_pestat] mean and std.dev: (742.29, 826.77)
[M::mem_pestat] low and high boundaries for proper pairs: (1, 5263)
[M::mem_pestat] analyzing insert size distribution for orientation FR...
[M::mem_pestat] (25, 50, 75) percentile: (500, 515, 541)
[M::mem_pestat] low and high boundaries for computing mean and std.dev: (418, 623)
[M::mem_pestat] mean and std.dev: (530.37, 29.92)
[M::mem_pestat] low and high boundaries for proper pairs: (377, 664)
[M::mem_pestat] skip orientation RF as there are not enough pairs
[M::mem_pestat] analyzing insert size distribution for orientation RR...
[M::mem_pestat] (25, 50, 75) percentile: (504, 927, 1302)
[M::mem_pestat] low and high boundaries for computing mean and std.dev: (1, 2898)
[M::mem_pestat] mean and std.dev: (949.94, 642.43)
[M::mem_pestat] low and high boundaries for proper pairs: (1, 3696)
[M::mem_pestat] skip orientation FF
[M::mem_pestat] skip orientation RR
[M::mem_process_seqs] Processed 266668 reads in 386.493 CPU sec, 96.770 real sec
[M::process] read 266668 sequences (40000200 bp)...
[M::mem_pestat] # candidate unique pairs for (FF, FR, RF, RR): (33, 15619, 9, 18)
[M::mem_pestat] analyzing insert size distribution for orientation FF...
[M::mem_pestat] (25, 50, 75) percentile: (204, 492, 1084)
[M::mem_pestat] low and high boundaries for computing mean and std.dev: (1, 2844)
[M::mem_pestat] mean and std.dev: (590.39, 491.05)
[M::mem_pestat] low and high boundaries for proper pairs: (1, 3724)
[M::mem_pestat] analyzing insert size distribution for orientation FR...
[M::mem_pestat] (25, 50, 75) percentile: (500, 515, 541)
[M::mem_pestat] low and high boundaries for computing mean and std.dev: (418, 623)
[M::mem_pestat] mean and std.dev: (530.68, 29.90)
[M::mem_pestat] low and high boundaries for proper pairs: (377, 664)
[M::mem_pestat] skip orientation RF as there are not enough pairs
[M::mem_pestat] analyzing insert size distribution for orientation RR...
[M::mem_pestat] (25, 50, 75) percentile: (799, 1501, 1837)
[M::mem_pestat] low and high boundaries for computing mean and std.dev: (1, 3913)
[M::mem_pestat] mean and std.dev: (1334.83, 712.30)
[M::mem_pestat] low and high boundaries for proper pairs: (1, 4951)
[M::mem_pestat] skip orientation FF
[M::mem_pestat] skip orientation RR
[M::mem_process_seqs] Processed 266668 reads in 380.406 CPU sec, 95.251 real sec
[M::process] read 266668 sequences (40000200 bp)...
[M::mem_pestat] # candidate unique pairs for (FF, FR, RF, RR): (34, 15570, 9, 36)
[M::mem_pestat] analyzing insert size distribution for orientation FF...
[M::mem_pestat] (25, 50, 75) percentile: (157, 293, 809)
[M::mem_pestat] low and high boundaries for computing mean and std.dev: (1, 2113)
[M::mem_pestat] mean and std.dev: (407.71, 393.79)
[M::mem_pestat] low and high boundaries for proper pairs: (1, 2765)
[M::mem_pestat] analyzing insert size distribution for orientation FR...
[M::mem_pestat] (25, 50, 75) percentile: (500, 515, 542)
[M::mem_pestat] low and high boundaries for computing mean and std.dev: (416, 626)
[M::mem_pestat] mean and std.dev: (530.70, 30.28)
[M::mem_pestat] low and high boundaries for proper pairs: (374, 668)
[M::mem_pestat] skip orientation RF as there are not enough pairs
[M::mem_pestat] analyzing insert size distribution for orientation RR...
[M::mem_pestat] (25, 50, 75) percentile: (327, 1170, 1974)
[M::mem_pestat] low and high boundaries for computing mean and std.dev: (1, 5268)
[M::mem_pestat] mean and std.dev: (1306.03, 1202.52)
[M::mem_pestat] low and high boundaries for proper pairs: (1, 6915)
[M::mem_pestat] skip orientation FF
[M::mem_pestat] skip orientation RR
[M::mem_process_seqs] Processed 266668 reads in 380.327 CPU sec, 95.256 real sec
[M::process] read 266668 sequences (40000200 bp)...
[M::mem_pestat] # candidate unique pairs for (FF, FR, RF, RR): (42, 15453, 8, 29)
[M::mem_pestat] analyzing insert size distribution for orientation FF...
[M::mem_pestat] (25, 50, 75) percentile: (120, 458, 2011)
[M::mem_pestat] low and high boundaries for computing mean and std.dev: (1, 5793)
[M::mem_pestat] mean and std.dev: (1073.15, 1334.12)
[M::mem_pestat] low and high boundaries for proper pairs: (1, 7684)
[M::mem_pestat] analyzing insert size distribution for orientation FR...
[M::mem_pestat] (25, 50, 75) percentile: (500, 515, 542)
[M::mem_pestat] low and high boundaries for computing mean and std.dev: (416, 626)
[M::mem_pestat] mean and std.dev: (530.81, 29.95)
[M::mem_pestat] low and high boundaries for proper pairs: (374, 668)
[M::mem_pestat] skip orientation RF as there are not enough pairs
[M::mem_pestat] analyzing insert size distribution for orientation RR...
[M::mem_pestat] (25, 50, 75) percentile: (574, 1226, 1741)
[M::mem_pestat] low and high boundaries for computing mean and std.dev: (1, 4075)
[M::mem_pestat] mean and std.dev: (1148.00, 741.32)
[M::mem_pestat] low and high boundaries for proper pairs: (1, 5242)
[M::mem_pestat] skip orientation FF
[M::mem_pestat] skip orientation RR
[M::mem_process_seqs] Processed 266668 reads in 388.659 CPU sec, 97.386 real sec
[M::process] read 266668 sequences (40000200 bp)...
[M::mem_pestat] # candidate unique pairs for (FF, FR, RF, RR): (41, 15233, 7, 35)
[M::mem_pestat] analyzing insert size distribution for orientation FF...
[M::mem_pestat] (25, 50, 75) percentile: (178, 535, 965)
[M::mem_pestat] low and high boundaries for computing mean and std.dev: (1, 2539)
[M::mem_pestat] mean and std.dev: (620.92, 545.87)
[M::mem_pestat] low and high boundaries for proper pairs: (1, 3326)
[M::mem_pestat] analyzing insert size distribution for orientation FR...
[M::mem_pestat] (25, 50, 75) percentile: (500, 515, 542)
[M::mem_pestat] low and high boundaries for computing mean and std.dev: (416, 626)
[M::mem_pestat] mean and std.dev: (530.81, 30.73)
[M::mem_pestat] low and high boundaries for proper pairs: (374, 668)
[M::mem_pestat] skip orientation RF as there are not enough pairs
[M::mem_pestat] analyzing insert size distribution for orientation RR...
[M::mem_pestat] (25, 50, 75) percentile: (378, 1001, 1552)
[M::mem_pestat] low and high boundaries for computing mean and std.dev: (1, 3900)
[M::mem_pestat] mean and std.dev: (1069.15, 877.47)
[M::mem_pestat] low and high boundaries for proper pairs: (1, 5074)
[M::mem_pestat] skip orientation FF
[M::mem_pestat] skip orientation RR
[M::mem_process_seqs] Processed 266668 reads in 382.208 CPU sec, 95.745 real sec
[M::process] read 266668 sequences (40000200 bp)...
[M::mem_pestat] # candidate unique pairs for (FF, FR, RF, RR): (31, 15376, 5, 31)
[M::mem_pestat] analyzing insert size distribution for orientation FF...
[M::mem_pestat] (25, 50, 75) percentile: (152, 226, 780)
[M::mem_pestat] low and high boundaries for computing mean and std.dev: (1, 2036)
[M::mem_pestat] mean and std.dev: (407.64, 478.10)
[M::mem_pestat] low and high boundaries for proper pairs: (1, 2664)
[M::mem_pestat] analyzing insert size distribution for orientation FR...
[M::mem_pestat] (25, 50, 75) percentile: (500, 515, 542)
[M::mem_pestat] low and high boundaries for computing mean and std.dev: (416, 626)
[M::mem_pestat] mean and std.dev: (531.17, 30.73)
[M::mem_pestat] low and high boundaries for proper pairs: (374, 668)
[M::mem_pestat] skip orientation RF as there are not enough pairs
[M::mem_pestat] analyzing insert size distribution for orientation RR...
[M::mem_pestat] (25, 50, 75) percentile: (716, 1042, 3304)
[M::mem_pestat] low and high boundaries for computing mean and std.dev: (1, 8480)
[M::mem_pestat] mean and std.dev: (1938.10, 1972.18)
[M::mem_pestat] low and high boundaries for proper pairs: (1, 11068)
[M::mem_pestat] skip orientation FF
[M::mem_pestat] skip orientation RR
[M::mem_process_seqs] Processed 266668 reads in 380.286 CPU sec, 95.233 real sec
[M::process] read 266668 sequences (40000200 bp)...
[M::mem_pestat] # candidate unique pairs for (FF, FR, RF, RR): (32, 15514, 9, 24)
[M::mem_pestat] analyzing insert size distribution for orientation FF...
[M::mem_pestat] (25, 50, 75) percentile: (152, 591, 1344)
[M::mem_pestat] low and high boundaries for computing mean and std.dev: (1, 3728)
[M::mem_pestat] mean and std.dev: (788.48, 877.73)
[M::mem_pestat] low and high boundaries for proper pairs: (1, 4920)
[M::mem_pestat] analyzing insert size distribution for orientation FR...
[M::mem_pestat] (25, 50, 75) percentile: (500, 515, 542)
[M::mem_pestat] low and high boundaries for computing mean and std.dev: (416, 626)
[M::mem_pestat] mean and std.dev: (530.77, 30.27)
[M::mem_pestat] low and high boundaries for proper pairs: (374, 668)
[M::mem_pestat] skip orientation RF as there are not enough pairs
[M::mem_pestat] analyzing insert size distribution for orientation RR...
[M::mem_pestat] (25, 50, 75) percentile: (481, 924, 2463)
[M::mem_pestat] low and high boundaries for computing mean and std.dev: (1, 6427)
[M::mem_pestat] mean and std.dev: (1410.26, 1343.21)
[M::mem_pestat] low and high boundaries for proper pairs: (1, 8409)
[M::mem_pestat] skip orientation FF
[M::mem_pestat] skip orientation RR
[M::mem_process_seqs] Processed 266668 reads in 379.702 CPU sec, 95.080 real sec
[M::process] read 266668 sequences (40000200 bp)...
[M::mem_pestat] # candidate unique pairs for (FF, FR, RF, RR): (40, 15381, 7, 41)
[M::mem_pestat] analyzing insert size distribution for orientation FF...
[M::mem_pestat] (25, 50, 75) percentile: (166, 255, 1131)
[M::mem_pestat] low and high boundaries for computing mean and std.dev: (1, 3061)
[M::mem_pestat] mean and std.dev: (579.41, 681.00)
[M::mem_pestat] low and high boundaries for proper pairs: (1, 4026)
[M::mem_pestat] analyzing insert size distribution for orientation FR...
[M::mem_pestat] (25, 50, 75) percentile: (500, 516, 542)
[M::mem_pestat] low and high boundaries for computing mean and std.dev: (416, 626)
[M::mem_pestat] mean and std.dev: (531.47, 30.61)
[M::mem_pestat] low and high boundaries for proper pairs: (374, 668)
[M::mem_pestat] skip orientation RF as there are not enough pairs
[M::mem_pestat] analyzing insert size distribution for orientation RR...
[M::mem_pestat] (25, 50, 75) percentile: (578, 1268, 1701)
[M::mem_pestat] low and high boundaries for computing mean and std.dev: (1, 3947)
[M::mem_pestat] mean and std.dev: (1147.65, 859.72)
[M::mem_pestat] low and high boundaries for proper pairs: (1, 5070)
[M::mem_pestat] skip orientation FF
[M::mem_pestat] skip orientation RR
[M::mem_process_seqs] Processed 266668 reads in 379.846 CPU sec, 95.120 real sec
[M::process] read 266668 sequences (40000200 bp)...
[M::mem_pestat] # candidate unique pairs for (FF, FR, RF, RR): (42, 15515, 12, 28)
[M::mem_pestat] analyzing insert size distribution for orientation FF...
[M::mem_pestat] (25, 50, 75) percentile: (161, 334, 835)
[M::mem_pestat] low and high boundaries for computing mean and std.dev: (1, 2183)
[M::mem_pestat] mean and std.dev: (481.72, 476.56)
[M::mem_pestat] low and high boundaries for proper pairs: (1, 2857)
[M::mem_pestat] analyzing insert size distribution for orientation FR...
[M::mem_pestat] (25, 50, 75) percentile: (500, 515, 541)
[M::mem_pestat] low and high boundaries for computing mean and std.dev: (418, 623)
[M::mem_pestat] mean and std.dev: (530.90, 29.89)
[M::mem_pestat] low and high boundaries for proper pairs: (377, 664)
[M::mem_pestat] analyzing insert size distribution for orientation RF...
[M::mem_pestat] (25, 50, 75) percentile: (266, 837, 3966)
[M::mem_pestat] low and high boundaries for computing mean and std.dev: (1, 11366)
[M::mem_pestat] mean and std.dev: (1532.75, 1578.93)
[M::mem_pestat] low and high boundaries for proper pairs: (1, 15066)
[M::mem_pestat] analyzing insert size distribution for orientation RR...
[M::mem_pestat] (25, 50, 75) percentile: (366, 972, 1479)
[M::mem_pestat] low and high boundaries for computing mean and std.dev: (1, 3705)
[M::mem_pestat] mean and std.dev: (1081.54, 910.23)
[M::mem_pestat] low and high boundaries for proper pairs: (1, 4818)
[M::mem_pestat] skip orientation FF
[M::mem_pestat] skip orientation RF
[M::mem_pestat] skip orientation RR
[M::mem_process_seqs] Processed 266668 reads in 374.695 CPU sec, 93.827 real sec
[M::process] read 266668 sequences (40000200 bp)...
[M::mem_pestat] # candidate unique pairs for (FF, FR, RF, RR): (24, 15559, 5, 27)
[M::mem_pestat] analyzing insert size distribution for orientation FF...
[M::mem_pestat] (25, 50, 75) percentile: (162, 246, 1134)
[M::mem_pestat] low and high boundaries for computing mean and std.dev: (1, 3078)
[M::mem_pestat] mean and std.dev: (526.09, 575.20)
[M::mem_pestat] low and high boundaries for proper pairs: (1, 4050)
[M::mem_pestat] analyzing insert size distribution for orientation FR...
[M::mem_pestat] (25, 50, 75) percentile: (500, 515, 542)
[M::mem_pestat] low and high boundaries for computing mean and std.dev: (416, 626)
[M::mem_pestat] mean and std.dev: (531.30, 30.29)
[M::mem_pestat] low and high boundaries for proper pairs: (374, 668)
[M::mem_pestat] skip orientation RF as there are not enough pairs
[M::mem_pestat] analyzing insert size distribution for orientation RR...
[M::mem_pestat] (25, 50, 75) percentile: (435, 883, 1298)
[M::mem_pestat] low and high boundaries for computing mean and std.dev: (1, 3024)
[M::mem_pestat] mean and std.dev: (936.12, 756.82)
[M::mem_pestat] low and high boundaries for proper pairs: (1, 3963)
[M::mem_pestat] skip orientation FF
[M::mem_pestat] skip orientation RR
[M::mem_process_seqs] Processed 266668 reads in 383.363 CPU sec, 96.057 real sec
[M::process] read 266668 sequences (40000200 bp)...
[M::mem_pestat] # candidate unique pairs for (FF, FR, RF, RR): (28, 15519, 10, 30)
[M::mem_pestat] analyzing insert size distribution for orientation FF...
[M::mem_pestat] (25, 50, 75) percentile: (168, 721, 1478)
[M::mem_pestat] low and high boundaries for computing mean and std.dev: (1, 4098)
[M::mem_pestat] mean and std.dev: (866.29, 795.42)
[M::mem_pestat] low and high boundaries for proper pairs: (1, 5408)
[M::mem_pestat] analyzing insert size distribution for orientation FR...
[M::mem_pestat] (25, 50, 75) percentile: (500, 515, 542)
[M::mem_pestat] low and high boundaries for computing mean and std.dev: (416, 626)
[M::mem_pestat] mean and std.dev: (530.91, 30.27)
[M::mem_pestat] low and high boundaries for proper pairs: (374, 668)
[M::mem_pestat] analyzing insert size distribution for orientation RF...
[M::mem_pestat] (25, 50, 75) percentile: (88, 1146, 3245)
[M::mem_pestat] low and high boundaries for computing mean and std.dev: (1, 9559)
[M::mem_pestat] mean and std.dev: (2116.30, 2634.64)
[M::mem_pestat] low and high boundaries for proper pairs: (1, 12716)
[M::mem_pestat] analyzing insert size distribution for orientation RR...
[M::mem_pestat] (25, 50, 75) percentile: (500, 899, 1590)
[M::mem_pestat] low and high boundaries for computing mean and std.dev: (1, 3770)
[M::mem_pestat] mean and std.dev: (933.50, 715.06)
[M::mem_pestat] low and high boundaries for proper pairs: (1, 4860)
[M::mem_pestat] skip orientation FF
[M::mem_pestat] skip orientation RF
[M::mem_pestat] skip orientation RR
[M::mem_process_seqs] Processed 266668 reads in 382.114 CPU sec, 95.739 real sec
[M::process] read 266668 sequences (40000200 bp)...
[M::mem_pestat] # candidate unique pairs for (FF, FR, RF, RR): (27, 15445, 9, 39)
[M::mem_pestat] analyzing insert size distribution for orientation FF...
[M::mem_pestat] (25, 50, 75) percentile: (209, 330, 864)
[M::mem_pestat] low and high boundaries for computing mean and std.dev: (1, 2174)
[M::mem_pestat] mean and std.dev: (564.15, 483.53)
[M::mem_pestat] low and high boundaries for proper pairs: (1, 2829)
[M::mem_pestat] analyzing insert size distribution for orientation FR...
[M::mem_pestat] (25, 50, 75) percentile: (500, 515, 543)
[M::mem_pestat] low and high boundaries for computing mean and std.dev: (414, 629)
[M::mem_pestat] mean and std.dev: (531.62, 31.51)
[M::mem_pestat] low and high boundaries for proper pairs: (371, 672)
[M::mem_pestat] skip orientation RF as there are not enough pairs
[M::mem_pestat] analyzing insert size distribution for orientation RR...
[M::mem_pestat] (25, 50, 75) percentile: (391, 874, 1476)
[M::mem_pestat] low and high boundaries for computing mean and std.dev: (1, 3646)
[M::mem_pestat] mean and std.dev: (935.17, 758.55)
[M::mem_pestat] low and high boundaries for proper pairs: (1, 4731)
[M::mem_pestat] skip orientation FF
[M::mem_pestat] skip orientation RR
[M::mem_process_seqs] Processed 266668 reads in 380.055 CPU sec, 95.202 real sec
[M::process] read 266668 sequences (40000200 bp)...
[M::mem_pestat] # candidate unique pairs for (FF, FR, RF, RR): (37, 15514, 7, 35)
[M::mem_pestat] analyzing insert size distribution for orientation FF...
[M::mem_pestat] (25, 50, 75) percentile: (179, 400, 1262)
[M::mem_pestat] low and high boundaries for computing mean and std.dev: (1, 3428)
[M::mem_pestat] mean and std.dev: (676.34, 695.28)
[M::mem_pestat] low and high boundaries for proper pairs: (1, 4511)
[M::mem_pestat] analyzing insert size distribution for orientation FR...
[M::mem_pestat] (25, 50, 75) percentile: (500, 515, 542)
[M::mem_pestat] low and high boundaries for computing mean and std.dev: (416, 626)
[M::mem_pestat] mean and std.dev: (531.34, 30.35)
[M::mem_pestat] low and high boundaries for proper pairs: (374, 668)
[M::mem_pestat] skip orientation RF as there are not enough pairs
[M::mem_pestat] analyzing insert size distribution for orientation RR...
[M::mem_pestat] (25, 50, 75) percentile: (244, 963, 1644)
[M::mem_pestat] low and high boundaries for computing mean and std.dev: (1, 4444)
[M::mem_pestat] mean and std.dev: (949.53, 780.50)
[M::mem_pestat] low and high boundaries for proper pairs: (1, 5844)
[M::mem_pestat] skip orientation FF
[M::mem_pestat] skip orientation RR
[M::mem_process_seqs] Processed 266668 reads in 380.646 CPU sec, 95.328 real sec
[M::process] read 266668 sequences (40000200 bp)...
[M::mem_pestat] # candidate unique pairs for (FF, FR, RF, RR): (37, 15430, 7, 34)
[M::mem_pestat] analyzing insert size distribution for orientation FF...
[M::mem_pestat] (25, 50, 75) percentile: (219, 379, 1617)
[M::mem_pestat] low and high boundaries for computing mean and std.dev: (1, 4413)
[M::mem_pestat] mean and std.dev: (871.74, 1049.86)
[M::mem_pestat] low and high boundaries for proper pairs: (1, 5811)
[M::mem_pestat] analyzing insert size distribution for orientation FR...
[M::mem_pestat] (25, 50, 75) percentile: (500, 515, 542)
[M::mem_pestat] low and high boundaries for computing mean and std.dev: (416, 626)
[M::mem_pestat] mean and std.dev: (530.92, 29.99)
[M::mem_pestat] low and high boundaries for proper pairs: (374, 668)
[M::mem_pestat] skip orientation RF as there are not enough pairs
[M::mem_pestat] analyzing insert size distribution for orientation RR...
[M::mem_pestat] (25, 50, 75) percentile: (358, 864, 1281)
[M::mem_pestat] low and high boundaries for computing mean and std.dev: (1, 3127)
[M::mem_pestat] mean and std.dev: (815.48, 501.72)
[M::mem_pestat] low and high boundaries for proper pairs: (1, 4050)
[M::mem_pestat] skip orientation FF
[M::mem_pestat] skip orientation RR
[M::mem_process_seqs] Processed 266668 reads in 372.931 CPU sec, 93.394 real sec
[M::process] read 266668 sequences (40000200 bp)...
[M::mem_pestat] # candidate unique pairs for (FF, FR, RF, RR): (17, 15630, 5, 23)
[M::mem_pestat] analyzing insert size distribution for orientation FF...
[M::mem_pestat] (25, 50, 75) percentile: (168, 269, 1275)
[M::mem_pestat] low and high boundaries for computing mean and std.dev: (1, 3489)
[M::mem_pestat] mean and std.dev: (551.88, 558.38)
[M::mem_pestat] low and high boundaries for proper pairs: (1, 4596)
[M::mem_pestat] analyzing insert size distribution for orientation FR...
[M::mem_pestat] (25, 50, 75) percentile: (500, 515, 541)
[M::mem_pestat] low and high boundaries for computing mean and std.dev: (418, 623)
[M::mem_pestat] mean and std.dev: (531.01, 29.96)
[M::mem_pestat] low and high boundaries for proper pairs: (377, 664)
[M::mem_pestat] skip orientation RF as there are not enough pairs
[M::mem_pestat] analyzing insert size distribution for orientation RR...
[M::mem_pestat] (25, 50, 75) percentile: (638, 1006, 1581)
[M::mem_pestat] low and high boundaries for computing mean and std.dev: (1, 3467)
[M::mem_pestat] mean and std.dev: (1006.00, 619.53)
[M::mem_pestat] low and high boundaries for proper pairs: (1, 4410)
[M::mem_pestat] skip orientation FF
[M::mem_pestat] skip orientation RR
[M::mem_process_seqs] Processed 266668 reads in 372.751 CPU sec, 93.347 real sec
[M::process] read 266668 sequences (40000200 bp)...
[M::mem_pestat] # candidate unique pairs for (FF, FR, RF, RR): (36, 15557, 9, 36)
[M::mem_pestat] analyzing insert size distribution for orientation FF...
[M::mem_pestat] (25, 50, 75) percentile: (143, 191, 870)
[M::mem_pestat] low and high boundaries for computing mean and std.dev: (1, 2324)
[M::mem_pestat] mean and std.dev: (457.54, 555.31)
[M::mem_pestat] low and high boundaries for proper pairs: (1, 3051)
[M::mem_pestat] analyzing insert size distribution for orientation FR...
[M::mem_pestat] (25, 50, 75) percentile: (500, 515, 542)
[M::mem_pestat] low and high boundaries for computing mean and std.dev: (416, 626)
[M::mem_pestat] mean and std.dev: (531.07, 30.21)
[M::mem_pestat] low and high boundaries for proper pairs: (374, 668)
[M::mem_pestat] skip orientation RF as there are not enough pairs
[M::mem_pestat] analyzing insert size distribution for orientation RR...
[M::mem_pestat] (25, 50, 75) percentile: (386, 970, 1659)
[M::mem_pestat] low and high boundaries for computing mean and std.dev: (1, 4205)
[M::mem_pestat] mean and std.dev: (1100.85, 1043.21)
[M::mem_pestat] low and high boundaries for proper pairs: (1, 5478)
[M::mem_pestat] skip orientation FF
[M::mem_pestat] skip orientation RR
[M::mem_process_seqs] Processed 266668 reads in 381.139 CPU sec, 95.468 real sec
[M::process] read 266668 sequences (40000200 bp)...
[M::mem_pestat] # candidate unique pairs for (FF, FR, RF, RR): (34, 15704, 6, 28)
[M::mem_pestat] analyzing insert size distribution for orientation FF...
[M::mem_pestat] (25, 50, 75) percentile: (185, 315, 945)
[M::mem_pestat] low and high boundaries for computing mean and std.dev: (1, 2465)
[M::mem_pestat] mean and std.dev: (612.56, 609.53)
[M::mem_pestat] low and high boundaries for proper pairs: (1, 3225)
[M::mem_pestat] analyzing insert size distribution for orientation FR...
[M::mem_pestat] (25, 50, 75) percentile: (500, 516, 542)
[M::mem_pestat] low and high boundaries for computing mean and std.dev: (416, 626)
[M::mem_pestat] mean and std.dev: (531.32, 29.82)
[M::mem_pestat] low and high boundaries for proper pairs: (374, 668)
[M::mem_pestat] skip orientation RF as there are not enough pairs
[M::mem_pestat] analyzing insert size distribution for orientation RR...
[M::mem_pestat] (25, 50, 75) percentile: (409, 1015, 1913)
[M::mem_pestat] low and high boundaries for computing mean and std.dev: (1, 4921)
[M::mem_pestat] mean and std.dev: (1082.38, 902.64)
[M::mem_pestat] low and high boundaries for proper pairs: (1, 6425)
[M::mem_pestat] skip orientation FF
[M::mem_pestat] skip orientation RR
[M::mem_process_seqs] Processed 266668 reads in 381.516 CPU sec, 95.579 real sec
[M::process] read 266668 sequences (40000200 bp)...
[M::mem_pestat] # candidate unique pairs for (FF, FR, RF, RR): (41, 15346, 13, 29)
[M::mem_pestat] analyzing insert size distribution for orientation FF...
[M::mem_pestat] (25, 50, 75) percentile: (174, 331, 1152)
[M::mem_pestat] low and high boundaries for computing mean and std.dev: (1, 3108)
[M::mem_pestat] mean and std.dev: (700.85, 746.26)
[M::mem_pestat] low and high boundaries for proper pairs: (1, 4086)
[M::mem_pestat] analyzing insert size distribution for orientation FR...
[M::mem_pestat] (25, 50, 75) percentile: (500, 515, 542)
[M::mem_pestat] low and high boundaries for computing mean and std.dev: (416, 626)
[M::mem_pestat] mean and std.dev: (531.10, 30.27)
[M::mem_pestat] low and high boundaries for proper pairs: (374, 668)
[M::mem_pestat] analyzing insert size distribution for orientation RF...
[M::mem_pestat] (25, 50, 75) percentile: (89, 517, 2867)
[M::mem_pestat] low and high boundaries for computing mean and std.dev: (1, 8423)
[M::mem_pestat] mean and std.dev: (1198.77, 1711.72)
[M::mem_pestat] low and high boundaries for proper pairs: (1, 11201)
[M::mem_pestat] analyzing insert size distribution for orientation RR...
[M::mem_pestat] (25, 50, 75) percentile: (171, 692, 1390)
[M::mem_pestat] low and high boundaries for computing mean and std.dev: (1, 3828)
[M::mem_pestat] mean and std.dev: (708.59, 642.17)
[M::mem_pestat] low and high boundaries for proper pairs: (1, 5047)
[M::mem_pestat] skip orientation FF
[M::mem_pestat] skip orientation RF
[M::mem_pestat] skip orientation RR
[M::mem_process_seqs] Processed 266668 reads in 377.769 CPU sec, 94.626 real sec
[M::process] read 266668 sequences (40000200 bp)...
[M::mem_pestat] # candidate unique pairs for (FF, FR, RF, RR): (38, 15715, 7, 23)
[M::mem_pestat] analyzing insert size distribution for orientation FF...
[M::mem_pestat] (25, 50, 75) percentile: (124, 308, 1195)
[M::mem_pestat] low and high boundaries for computing mean and std.dev: (1, 3337)
[M::mem_pestat] mean and std.dev: (695.16, 758.03)
[M::mem_pestat] low and high boundaries for proper pairs: (1, 4408)
[M::mem_pestat] analyzing insert size distribution for orientation FR...
[M::mem_pestat] (25, 50, 75) percentile: (500, 515, 541)
[M::mem_pestat] low and high boundaries for computing mean and std.dev: (418, 623)
[M::mem_pestat] mean and std.dev: (530.81, 29.95)
[M::mem_pestat] low and high boundaries for proper pairs: (377, 664)
[M::mem_pestat] skip orientation RF as there are not enough pairs
[M::mem_pestat] analyzing insert size distribution for orientation RR...
[M::mem_pestat] (25, 50, 75) percentile: (741, 969, 1493)
[M::mem_pestat] low and high boundaries for computing mean and std.dev: (1, 2997)
[M::mem_pestat] mean and std.dev: (1043.22, 602.88)
[M::mem_pestat] low and high boundaries for proper pairs: (1, 3749)
[M::mem_pestat] skip orientation FF
[M::mem_pestat] skip orientation RR
[M::mem_process_seqs] Processed 266668 reads in 376.925 CPU sec, 94.427 real sec
[M::process] read 266668 sequences (40000200 bp)...
[M::mem_pestat] # candidate unique pairs for (FF, FR, RF, RR): (31, 15540, 11, 25)
[M::mem_pestat] analyzing insert size distribution for orientation FF...
[M::mem_pestat] (25, 50, 75) percentile: (153, 202, 1019)
[M::mem_pestat] low and high boundaries for computing mean and std.dev: (1, 2751)
[M::mem_pestat] mean and std.dev: (463.23, 535.28)
[M::mem_pestat] low and high boundaries for proper pairs: (1, 3617)
[M::mem_pestat] analyzing insert size distribution for orientation FR...
[M::mem_pestat] (25, 50, 75) percentile: (500, 515, 541)
[M::mem_pestat] low and high boundaries for computing mean and std.dev: (418, 623)
[M::mem_pestat] mean and std.dev: (530.73, 30.27)
[M::mem_pestat] low and high boundaries for proper pairs: (377, 664)
[M::mem_pestat] analyzing insert size distribution for orientation RF...
[M::mem_pestat] (25, 50, 75) percentile: (474, 865, 1495)
[M::mem_pestat] low and high boundaries for computing mean and std.dev: (1, 3537)
[M::mem_pestat] mean and std.dev: (987.64, 594.01)
[M::mem_pestat] low and high boundaries for proper pairs: (1, 4558)
[M::mem_pestat] analyzing insert size distribution for orientation RR...
[M::mem_pestat] (25, 50, 75) percentile: (230, 1016, 2036)
[M::mem_pestat] low and high boundaries for computing mean and std.dev: (1, 5648)
[M::mem_pestat] mean and std.dev: (1180.88, 987.16)
[M::mem_pestat] low and high boundaries for proper pairs: (1, 7454)
[M::mem_pestat] skip orientation FF
[M::mem_pestat] skip orientation RF
[M::mem_pestat] skip orientation RR
[M::mem_process_seqs] Processed 266668 reads in 383.318 CPU sec, 95.988 real sec
[M::process] read 266668 sequences (40000200 bp)...
[M::mem_pestat] # candidate unique pairs for (FF, FR, RF, RR): (31, 15760, 8, 21)
[M::mem_pestat] analyzing insert size distribution for orientation FF...
[M::mem_pestat] (25, 50, 75) percentile: (158, 534, 1160)
[M::mem_pestat] low and high boundaries for computing mean and std.dev: (1, 3164)
[M::mem_pestat] mean and std.dev: (644.11, 724.79)
[M::mem_pestat] low and high boundaries for proper pairs: (1, 4166)
[M::mem_pestat] analyzing insert size distribution for orientation FR...
[M::mem_pestat] (25, 50, 75) percentile: (500, 515, 542)
[M::mem_pestat] low and high boundaries for computing mean and std.dev: (416, 626)
[M::mem_pestat] mean and std.dev: (531.41, 30.39)
[M::mem_pestat] low and high boundaries for proper pairs: (374, 668)
[M::mem_pestat] skip orientation RF as there are not enough pairs
[M::mem_pestat] analyzing insert size distribution for orientation RR...
[M::mem_pestat] (25, 50, 75) percentile: (297, 1022, 3155)
[M::mem_pestat] low and high boundaries for computing mean and std.dev: (1, 8871)
[M::mem_pestat] mean and std.dev: (1724.00, 2001.91)
[M::mem_pestat] low and high boundaries for proper pairs: (1, 11729)
[M::mem_pestat] skip orientation FF
[M::mem_pestat] skip orientation RR
[M::mem_process_seqs] Processed 266668 reads in 381.409 CPU sec, 95.511 real sec
[M::process] read 266668 sequences (40000200 bp)...
[M::mem_pestat] # candidate unique pairs for (FF, FR, RF, RR): (38, 15403, 4, 29)
[M::mem_pestat] analyzing insert size distribution for orientation FF...
[M::mem_pestat] (25, 50, 75) percentile: (185, 704, 1325)
[M::mem_pestat] low and high boundaries for computing mean and std.dev: (1, 3605)
[M::mem_pestat] mean and std.dev: (761.92, 709.17)
[M::mem_pestat] low and high boundaries for proper pairs: (1, 4745)
[M::mem_pestat] analyzing insert size distribution for orientation FR...
[M::mem_pestat] (25, 50, 75) percentile: (500, 516, 542)
[M::mem_pestat] low and high boundaries for computing mean and std.dev: (416, 626)
[M::mem_pestat] mean and std.dev: (531.41, 30.73)
[M::mem_pestat] low and high boundaries for proper pairs: (374, 668)
[M::mem_pestat] skip orientation RF as there are not enough pairs
[M::mem_pestat] analyzing insert size distribution for orientation RR...
[M::mem_pestat] (25, 50, 75) percentile: (321, 773, 1592)
[M::mem_pestat] low and high boundaries for computing mean and std.dev: (1, 4134)
[M::mem_pestat] mean and std.dev: (782.69, 577.54)
[M::mem_pestat] low and high boundaries for proper pairs: (1, 5405)
[M::mem_pestat] skip orientation FF
[M::mem_pestat] skip orientation RR
[M::mem_process_seqs] Processed 266668 reads in 378.663 CPU sec, 94.836 real sec
[M::process] read 266668 sequences (40000200 bp)...
[M::mem_pestat] # candidate unique pairs for (FF, FR, RF, RR): (29, 15450, 11, 28)
[M::mem_pestat] analyzing insert size distribution for orientation FF...
[M::mem_pestat] (25, 50, 75) percentile: (196, 529, 1424)
[M::mem_pestat] low and high boundaries for computing mean and std.dev: (1, 3880)
[M::mem_pestat] mean and std.dev: (815.22, 897.46)
[M::mem_pestat] low and high boundaries for proper pairs: (1, 5108)
[M::mem_pestat] analyzing insert size distribution for orientation FR...
[M::mem_pestat] (25, 50, 75) percentile: (500, 516, 541)
[M::mem_pestat] low and high boundaries for computing mean and std.dev: (418, 623)
[M::mem_pestat] mean and std.dev: (531.02, 29.90)
[M::mem_pestat] low and high boundaries for proper pairs: (377, 664)
[M::mem_pestat] analyzing insert size distribution for orientation RF...
[M::mem_pestat] (25, 50, 75) percentile: (371, 547, 1111)
[M::mem_pestat] low and high boundaries for computing mean and std.dev: (1, 2591)
[M::mem_pestat] mean and std.dev: (632.60, 549.15)
[M::mem_pestat] low and high boundaries for proper pairs: (1, 3331)
[M::mem_pestat] analyzing insert size distribution for orientation RR...
[M::mem_pestat] (25, 50, 75) percentile: (256, 1342, 2348)
[M::mem_pestat] low and high boundaries for computing mean and std.dev: (1, 6532)
[M::mem_pestat] mean and std.dev: (1311.19, 1346.43)
[M::mem_pestat] low and high boundaries for proper pairs: (1, 8624)
[M::mem_pestat] skip orientation FF
[M::mem_pestat] skip orientation RF
[M::mem_pestat] skip orientation RR
[M::mem_process_seqs] Processed 266668 reads in 382.666 CPU sec, 95.864 real sec
[M::process] read 266668 sequences (40000200 bp)...
[M::mem_pestat] # candidate unique pairs for (FF, FR, RF, RR): (39, 15708, 7, 27)
[M::mem_pestat] analyzing insert size distribution for orientation FF...
[M::mem_pestat] (25, 50, 75) percentile: (148, 468, 1618)
[M::mem_pestat] low and high boundaries for computing mean and std.dev: (1, 4558)
[M::mem_pestat] mean and std.dev: (1008.34, 1177.01)
[M::mem_pestat] low and high boundaries for proper pairs: (1, 6028)
[M::mem_pestat] analyzing insert size distribution for orientation FR...
[M::mem_pestat] (25, 50, 75) percentile: (500, 516, 543)
[M::mem_pestat] low and high boundaries for computing mean and std.dev: (414, 629)
[M::mem_pestat] mean and std.dev: (532.06, 31.45)
[M::mem_pestat] low and high boundaries for proper pairs: (371, 672)
[M::mem_pestat] skip orientation RF as there are not enough pairs
[M::mem_pestat] analyzing insert size distribution for orientation RR...
[M::mem_pestat] (25, 50, 75) percentile: (347, 977, 1285)
[M::mem_pestat] low and high boundaries for computing mean and std.dev: (1, 3161)
[M::mem_pestat] mean and std.dev: (917.27, 711.30)
[M::mem_pestat] low and high boundaries for proper pairs: (1, 4099)
[M::mem_pestat] skip orientation FF
[M::mem_pestat] skip orientation RR
[M::mem_process_seqs] Processed 266668 reads in 389.188 CPU sec, 97.487 real sec
[M::process] read 266668 sequences (40000200 bp)...
[M::mem_pestat] # candidate unique pairs for (FF, FR, RF, RR): (36, 15656, 11, 25)
[M::mem_pestat] analyzing insert size distribution for orientation FF...
[M::mem_pestat] (25, 50, 75) percentile: (162, 564, 1478)
[M::mem_pestat] low and high boundaries for computing mean and std.dev: (1, 4110)
[M::mem_pestat] mean and std.dev: (773.71, 789.92)
[M::mem_pestat] low and high boundaries for proper pairs: (1, 5426)
[M::mem_pestat] analyzing insert size distribution for orientation FR...
[M::mem_pestat] (25, 50, 75) percentile: (500, 515, 542)
[M::mem_pestat] low and high boundaries for computing mean and std.dev: (416, 626)
[M::mem_pestat] mean and std.dev: (530.88, 30.48)
[M::mem_pestat] low and high boundaries for proper pairs: (374, 668)
[M::mem_pestat] analyzing insert size distribution for orientation RF...
[M::mem_pestat] (25, 50, 75) percentile: (301, 489, 2716)
[M::mem_pestat] low and high boundaries for computing mean and std.dev: (1, 7546)
[M::mem_pestat] mean and std.dev: (1521.00, 1456.63)
[M::mem_pestat] low and high boundaries for proper pairs: (1, 9961)
[M::mem_pestat] analyzing insert size distribution for orientation RR...
[M::mem_pestat] (25, 50, 75) percentile: (167, 282, 1042)
[M::mem_pestat] low and high boundaries for computing mean and std.dev: (1, 2792)
[M::mem_pestat] mean and std.dev: (501.83, 432.16)
[M::mem_pestat] low and high boundaries for proper pairs: (1, 3667)
[M::mem_pestat] skip orientation FF
[M::mem_pestat] skip orientation RF
[M::mem_pestat] skip orientation RR
[M::mem_process_seqs] Processed 266668 reads in 371.126 CPU sec, 92.921 real sec
[M::process] read 266668 sequences (40000200 bp)...
[M::mem_pestat] # candidate unique pairs for (FF, FR, RF, RR): (34, 15677, 4, 39)
[M::mem_pestat] analyzing insert size distribution for orientation FF...
[M::mem_pestat] (25, 50, 75) percentile: (139, 206, 1237)
[M::mem_pestat] low and high boundaries for computing mean and std.dev: (1, 3433)
[M::mem_pestat] mean and std.dev: (487.69, 627.51)
[M::mem_pestat] low and high boundaries for proper pairs: (1, 4531)
[M::mem_pestat] analyzing insert size distribution for orientation FR...
[M::mem_pestat] (25, 50, 75) percentile: (500, 515, 542)
[M::mem_pestat] low and high boundaries for computing mean and std.dev: (416, 626)
[M::mem_pestat] mean and std.dev: (531.20, 30.85)
[M::mem_pestat] low and high boundaries for proper pairs: (374, 668)
[M::mem_pestat] skip orientation RF as there are not enough pairs
[M::mem_pestat] analyzing insert size distribution for orientation RR...
[M::mem_pestat] (25, 50, 75) percentile: (301, 780, 1208)
[M::mem_pestat] low and high boundaries for computing mean and std.dev: (1, 3022)
[M::mem_pestat] mean and std.dev: (916.19, 765.07)
[M::mem_pestat] low and high boundaries for proper pairs: (1, 3976)
[M::mem_pestat] skip orientation FF
[M::mem_pestat] skip orientation RR
[M::mem_process_seqs] Processed 266668 reads in 378.384 CPU sec, 94.756 real sec
[M::process] read 266668 sequences (40000200 bp)...
[M::mem_pestat] # candidate unique pairs for (FF, FR, RF, RR): (43, 15527, 8, 26)
[M::mem_pestat] analyzing insert size distribution for orientation FF...
[M::mem_pestat] (25, 50, 75) percentile: (149, 225, 907)
[M::mem_pestat] low and high boundaries for computing mean and std.dev: (1, 2423)
[M::mem_pestat] mean and std.dev: (444.27, 455.31)
[M::mem_pestat] low and high boundaries for proper pairs: (1, 3181)
[M::mem_pestat] analyzing insert size distribution for orientation FR...
[M::mem_pestat] (25, 50, 75) percentile: (500, 515, 541)
[M::mem_pestat] low and high boundaries for computing mean and std.dev: (418, 623)
[M::mem_pestat] mean and std.dev: (530.55, 29.38)
[M::mem_pestat] low and high boundaries for proper pairs: (377, 664)
[M::mem_pestat] skip orientation RF as there are not enough pairs
[M::mem_pestat] analyzing insert size distribution for orientation RR...
[M::mem_pestat] (25, 50, 75) percentile: (231, 742, 1548)
[M::mem_pestat] low and high boundaries for computing mean and std.dev: (1, 4182)
[M::mem_pestat] mean and std.dev: (761.35, 640.23)
[M::mem_pestat] low and high boundaries for proper pairs: (1, 5499)
[M::mem_pestat] skip orientation FF
[M::mem_pestat] skip orientation RR
[M::mem_process_seqs] Processed 266668 reads in 377.818 CPU sec, 94.629 real sec
[M::process] read 266668 sequences (40000200 bp)...
[M::mem_pestat] # candidate unique pairs for (FF, FR, RF, RR): (35, 15864, 6, 30)
[M::mem_pestat] analyzing insert size distribution for orientation FF...
[M::mem_pestat] (25, 50, 75) percentile: (170, 483, 1822)
[M::mem_pestat] low and high boundaries for computing mean and std.dev: (1, 5126)
[M::mem_pestat] mean and std.dev: (1015.86, 1079.76)
[M::mem_pestat] low and high boundaries for proper pairs: (1, 6778)
[M::mem_pestat] analyzing insert size distribution for orientation FR...
[M::mem_pestat] (25, 50, 75) percentile: (500, 516, 542)
[M::mem_pestat] low and high boundaries for computing mean and std.dev: (416, 626)
[M::mem_pestat] mean and std.dev: (531.33, 30.72)
[M::mem_pestat] low and high boundaries for proper pairs: (374, 668)
[M::mem_pestat] skip orientation RF as there are not enough pairs
[M::mem_pestat] analyzing insert size distribution for orientation RR...
[M::mem_pestat] (25, 50, 75) percentile: (192, 585, 1246)
[M::mem_pestat] low and high boundaries for computing mean and std.dev: (1, 3354)
[M::mem_pestat] mean and std.dev: (619.96, 561.49)
[M::mem_pestat] low and high boundaries for proper pairs: (1, 4408)
[M::mem_pestat] skip orientation FF
[M::mem_pestat] skip orientation RR
[M::mem_process_seqs] Processed 266668 reads in 380.866 CPU sec, 95.373 real sec
[M::process] read 266668 sequences (40000200 bp)...
[M::mem_pestat] # candidate unique pairs for (FF, FR, RF, RR): (46, 15240, 4, 19)
[M::mem_pestat] analyzing insert size distribution for orientation FF...
[M::mem_pestat] (25, 50, 75) percentile: (191, 582, 1126)
[M::mem_pestat] low and high boundaries for computing mean and std.dev: (1, 2996)
[M::mem_pestat] mean and std.dev: (719.11, 711.10)
[M::mem_pestat] low and high boundaries for proper pairs: (1, 3931)
[M::mem_pestat] analyzing insert size distribution for orientation FR...
[M::mem_pestat] (25, 50, 75) percentile: (500, 515, 541)
[M::mem_pestat] low and high boundaries for computing mean and std.dev: (418, 623)
[M::mem_pestat] mean and std.dev: (530.72, 29.75)
[M::mem_pestat] low and high boundaries for proper pairs: (377, 664)
[M::mem_pestat] skip orientation RF as there are not enough pairs
[M::mem_pestat] analyzing insert size distribution for orientation RR...
[M::mem_pestat] (25, 50, 75) percentile: (658, 1766, 2394)
[M::mem_pestat] low and high boundaries for computing mean and std.dev: (1, 5866)
[M::mem_pestat] mean and std.dev: (1485.33, 1010.53)
[M::mem_pestat] low and high boundaries for proper pairs: (1, 7602)
[M::mem_pestat] skip orientation FF
[M::mem_pestat] skip orientation RR
[M::mem_process_seqs] Processed 266668 reads in 385.570 CPU sec, 96.586 real sec
[M::process] read 266668 sequences (40000200 bp)...
[M::mem_pestat] # candidate unique pairs for (FF, FR, RF, RR): (35, 15457, 10, 32)
[M::mem_pestat] analyzing insert size distribution for orientation FF...
[M::mem_pestat] (25, 50, 75) percentile: (177, 372, 1608)
[M::mem_pestat] low and high boundaries for computing mean and std.dev: (1, 4470)
[M::mem_pestat] mean and std.dev: (803.19, 865.74)
[M::mem_pestat] low and high boundaries for proper pairs: (1, 5901)
[M::mem_pestat] analyzing insert size distribution for orientation FR...
[M::mem_pestat] (25, 50, 75) percentile: (500, 515, 541)
[M::mem_pestat] low and high boundaries for computing mean and std.dev: (418, 623)
[M::mem_pestat] mean and std.dev: (530.61, 29.92)
[M::mem_pestat] low and high boundaries for proper pairs: (377, 664)
[M::mem_pestat] analyzing insert size distribution for orientation RF...
[M::mem_pestat] (25, 50, 75) percentile: (217, 413, 1283)
[M::mem_pestat] low and high boundaries for computing mean and std.dev: (1, 3415)
[M::mem_pestat] mean and std.dev: (748.67, 998.48)
[M::mem_pestat] low and high boundaries for proper pairs: (1, 4743)
[M::mem_pestat] analyzing insert size distribution for orientation RR...
[M::mem_pestat] (25, 50, 75) percentile: (353, 810, 1080)
[M::mem_pestat] low and high boundaries for computing mean and std.dev: (1, 2534)
[M::mem_pestat] mean and std.dev: (811.60, 596.16)
[M::mem_pestat] low and high boundaries for proper pairs: (1, 3261)
[M::mem_pestat] skip orientation FF
[M::mem_pestat] skip orientation RF
[M::mem_pestat] skip orientation RR
[M::mem_process_seqs] Processed 266668 reads in 381.701 CPU sec, 95.621 real sec
[M::process] read 266668 sequences (40000200 bp)...
[M::mem_pestat] # candidate unique pairs for (FF, FR, RF, RR): (36, 15360, 8, 33)
[M::mem_pestat] analyzing insert size distribution for orientation FF...
[M::mem_pestat] (25, 50, 75) percentile: (161, 284, 1164)
[M::mem_pestat] low and high boundaries for computing mean and std.dev: (1, 3170)
[M::mem_pestat] mean and std.dev: (632.00, 710.11)
[M::mem_pestat] low and high boundaries for proper pairs: (1, 4173)
[M::mem_pestat] analyzing insert size distribution for orientation FR...
[M::mem_pestat] (25, 50, 75) percentile: (500, 515, 543)
[M::mem_pestat] low and high boundaries for computing mean and std.dev: (414, 629)
[M::mem_pestat] mean and std.dev: (531.69, 31.27)
[M::mem_pestat] low and high boundaries for proper pairs: (371, 672)
[M::mem_pestat] skip orientation RF as there are not enough pairs
[M::mem_pestat] analyzing insert size distribution for orientation RR...
[M::mem_pestat] (25, 50, 75) percentile: (295, 793, 1313)
[M::mem_pestat] low and high boundaries for computing mean and std.dev: (1, 3349)
[M::mem_pestat] mean and std.dev: (780.07, 603.70)
[M::mem_pestat] low and high boundaries for proper pairs: (1, 4367)
[M::mem_pestat] skip orientation FF
[M::mem_pestat] skip orientation RR
[M::mem_process_seqs] Processed 266668 reads in 376.742 CPU sec, 94.348 real sec
[M::process] read 266668 sequences (40000200 bp)...
[M::mem_pestat] # candidate unique pairs for (FF, FR, RF, RR): (40, 15392, 7, 32)
[M::mem_pestat] analyzing insert size distribution for orientation FF...
[M::mem_pestat] (25, 50, 75) percentile: (159, 270, 1004)
[M::mem_pestat] low and high boundaries for computing mean and std.dev: (1, 2694)
[M::mem_pestat] mean and std.dev: (560.46, 545.55)
[M::mem_pestat] low and high boundaries for proper pairs: (1, 3539)
[M::mem_pestat] analyzing insert size distribution for orientation FR...
[M::mem_pestat] (25, 50, 75) percentile: (500, 516, 542)
[M::mem_pestat] low and high boundaries for computing mean and std.dev: (416, 626)
[M::mem_pestat] mean and std.dev: (531.22, 30.04)
[M::mem_pestat] low and high boundaries for proper pairs: (374, 668)
[M::mem_pestat] skip orientation RF as there are not enough pairs
[M::mem_pestat] analyzing insert size distribution for orientation RR...
[M::mem_pestat] (25, 50, 75) percentile: (221, 753, 1800)
[M::mem_pestat] low and high boundaries for computing mean and std.dev: (1, 4958)
[M::mem_pestat] mean and std.dev: (1180.06, 1210.16)
[M::mem_pestat] low and high boundaries for proper pairs: (1, 6537)
[M::mem_pestat] skip orientation FF
[M::mem_pestat] skip orientation RR
[M::mem_process_seqs] Processed 266668 reads in 379.618 CPU sec, 95.091 real sec
[M::process] read 266668 sequences (40000200 bp)...
[M::mem_pestat] # candidate unique pairs for (FF, FR, RF, RR): (33, 15516, 6, 18)
[M::mem_pestat] analyzing insert size distribution for orientation FF...
[M::mem_pestat] (25, 50, 75) percentile: (173, 317, 1392)
[M::mem_pestat] low and high boundaries for computing mean and std.dev: (1, 3830)
[M::mem_pestat] mean and std.dev: (678.45, 761.97)
[M::mem_pestat] low and high boundaries for proper pairs: (1, 5049)
[M::mem_pestat] analyzing insert size distribution for orientation FR...
[M::mem_pestat] (25, 50, 75) percentile: (500, 515, 542)
[M::mem_pestat] low and high boundaries for computing mean and std.dev: (416, 626)
[M::mem_pestat] mean and std.dev: (530.96, 30.02)
[M::mem_pestat] low and high boundaries for proper pairs: (374, 668)
[M::mem_pestat] skip orientation RF as there are not enough pairs
[M::mem_pestat] analyzing insert size distribution for orientation RR...
[M::mem_pestat] (25, 50, 75) percentile: (326, 1167, 1831)
[M::mem_pestat] low and high boundaries for computing mean and std.dev: (1, 4841)
[M::mem_pestat] mean and std.dev: (1145.24, 977.84)
[M::mem_pestat] low and high boundaries for proper pairs: (1, 6346)
[M::mem_pestat] skip orientation FF
[M::mem_pestat] skip orientation RR
[M::mem_process_seqs] Processed 266668 reads in 377.966 CPU sec, 94.795 real sec
[M::process] read 266668 sequences (40000200 bp)...
[M::mem_pestat] # candidate unique pairs for (FF, FR, RF, RR): (35, 15540, 8, 26)
[M::mem_pestat] analyzing insert size distribution for orientation FF...
[M::mem_pestat] (25, 50, 75) percentile: (155, 238, 650)
[M::mem_pestat] low and high boundaries for computing mean and std.dev: (1, 1640)
[M::mem_pestat] mean and std.dev: (393.18, 376.55)
[M::mem_pestat] low and high boundaries for proper pairs: (1, 2135)
[M::mem_pestat] analyzing insert size distribution for orientation FR...
[M::mem_pestat] (25, 50, 75) percentile: (500, 515, 541)
[M::mem_pestat] low and high boundaries for computing mean and std.dev: (418, 623)
[M::mem_pestat] mean and std.dev: (530.41, 30.06)
[M::mem_pestat] low and high boundaries for proper pairs: (377, 664)
[M::mem_pestat] skip orientation RF as there are not enough pairs
[M::mem_pestat] analyzing insert size distribution for orientation RR...
[M::mem_pestat] (25, 50, 75) percentile: (526, 870, 1595)
[M::mem_pestat] low and high boundaries for computing mean and std.dev: (1, 3733)
[M::mem_pestat] mean and std.dev: (1040.44, 753.91)
[M::mem_pestat] low and high boundaries for proper pairs: (1, 4802)
[M::mem_pestat] skip orientation FF
[M::mem_pestat] skip orientation RR
[M::mem_process_seqs] Processed 266668 reads in 377.744 CPU sec, 94.613 real sec
[M::process] read 266668 sequences (40000200 bp)...
[M::mem_pestat] # candidate unique pairs for (FF, FR, RF, RR): (37, 15436, 6, 22)
[M::mem_pestat] analyzing insert size distribution for orientation FF...
[M::mem_pestat] (25, 50, 75) percentile: (164, 253, 1336)
[M::mem_pestat] low and high boundaries for computing mean and std.dev: (1, 3680)
[M::mem_pestat] mean and std.dev: (614.03, 698.14)
[M::mem_pestat] low and high boundaries for proper pairs: (1, 4852)
[M::mem_pestat] analyzing insert size distribution for orientation FR...
[M::mem_pestat] (25, 50, 75) percentile: (500, 515, 541)
[M::mem_pestat] low and high boundaries for computing mean and std.dev: (418, 623)
[M::mem_pestat] mean and std.dev: (530.50, 29.85)
[M::mem_pestat] low and high boundaries for proper pairs: (377, 664)
[M::mem_pestat] skip orientation RF as there are not enough pairs
[M::mem_pestat] analyzing insert size distribution for orientation RR...
[M::mem_pestat] (25, 50, 75) percentile: (223, 941, 2231)
[M::mem_pestat] low and high boundaries for computing mean and std.dev: (1, 6247)
[M::mem_pestat] mean and std.dev: (1490.91, 1564.47)
[M::mem_pestat] low and high boundaries for proper pairs: (1, 8255)
[M::mem_pestat] skip orientation FF
[M::mem_pestat] skip orientation RR
[M::mem_process_seqs] Processed 266668 reads in 381.429 CPU sec, 95.553 real sec
[M::process] read 266668 sequences (40000200 bp)...
[M::mem_pestat] # candidate unique pairs for (FF, FR, RF, RR): (42, 15606, 4, 27)
[M::mem_pestat] analyzing insert size distribution for orientation FF...
[M::mem_pestat] (25, 50, 75) percentile: (140, 264, 913)
[M::mem_pestat] low and high boundaries for computing mean and std.dev: (1, 2459)
[M::mem_pestat] mean and std.dev: (410.46, 384.58)
[M::mem_pestat] low and high boundaries for proper pairs: (1, 3232)
[M::mem_pestat] analyzing insert size distribution for orientation FR...
[M::mem_pestat] (25, 50, 75) percentile: (500, 515, 541)
[M::mem_pestat] low and high boundaries for computing mean and std.dev: (418, 623)
[M::mem_pestat] mean and std.dev: (530.57, 29.63)
[M::mem_pestat] low and high boundaries for proper pairs: (377, 664)
[M::mem_pestat] skip orientation RF as there are not enough pairs
[M::mem_pestat] analyzing insert size distribution for orientation RR...
[M::mem_pestat] (25, 50, 75) percentile: (312, 742, 1062)
[M::mem_pestat] low and high boundaries for computing mean and std.dev: (1, 2562)
[M::mem_pestat] mean and std.dev: (741.20, 551.50)
[M::mem_pestat] low and high boundaries for proper pairs: (1, 3312)
[M::mem_pestat] skip orientation FF
[M::mem_pestat] skip orientation RR
[M::mem_process_seqs] Processed 266668 reads in 381.871 CPU sec, 95.694 real sec
[M::process] read 266668 sequences (40000200 bp)...
[M::mem_pestat] # candidate unique pairs for (FF, FR, RF, RR): (35, 15943, 14, 29)
[M::mem_pestat] analyzing insert size distribution for orientation FF...
[M::mem_pestat] (25, 50, 75) percentile: (186, 324, 1121)
[M::mem_pestat] low and high boundaries for computing mean and std.dev: (1, 2991)
[M::mem_pestat] mean and std.dev: (652.09, 568.60)
[M::mem_pestat] low and high boundaries for proper pairs: (1, 3926)
[M::mem_pestat] analyzing insert size distribution for orientation FR...
[M::mem_pestat] (25, 50, 75) percentile: (500, 515, 542)
[M::mem_pestat] low and high boundaries for computing mean and std.dev: (416, 626)
[M::mem_pestat] mean and std.dev: (531.15, 30.34)
[M::mem_pestat] low and high boundaries for proper pairs: (374, 668)
[M::mem_pestat] analyzing insert size distribution for orientation RF...
[M::mem_pestat] (25, 50, 75) percentile: (58, 649, 1307)
[M::mem_pestat] low and high boundaries for computing mean and std.dev: (1, 3805)
[M::mem_pestat] mean and std.dev: (793.86, 899.80)
[M::mem_pestat] low and high boundaries for proper pairs: (1, 5054)
[M::mem_pestat] analyzing insert size distribution for orientation RR...
[M::mem_pestat] (25, 50, 75) percentile: (289, 734, 1186)
[M::mem_pestat] low and high boundaries for computing mean and std.dev: (1, 2980)
[M::mem_pestat] mean and std.dev: (716.85, 440.88)
[M::mem_pestat] low and high boundaries for proper pairs: (1, 3877)
[M::mem_pestat] skip orientation FF
[M::mem_pestat] skip orientation RF
[M::mem_pestat] skip orientation RR
[M::mem_process_seqs] Processed 266668 reads in 383.644 CPU sec, 96.100 real sec
[M::process] read 266668 sequences (40000200 bp)...
[M::mem_pestat] # candidate unique pairs for (FF, FR, RF, RR): (39, 15786, 2, 33)
[M::mem_pestat] analyzing insert size distribution for orientation FF...
[M::mem_pestat] (25, 50, 75) percentile: (147, 771, 1438)
[M::mem_pestat] low and high boundaries for computing mean and std.dev: (1, 4020)
[M::mem_pestat] mean and std.dev: (864.03, 930.03)
[M::mem_pestat] low and high boundaries for proper pairs: (1, 5311)
[M::mem_pestat] analyzing insert size distribution for orientation FR...
[M::mem_pestat] (25, 50, 75) percentile: (500, 515, 541)
[M::mem_pestat] low and high boundaries for computing mean and std.dev: (418, 623)
[M::mem_pestat] mean and std.dev: (530.97, 29.82)
[M::mem_pestat] low and high boundaries for proper pairs: (377, 664)
[M::mem_pestat] skip orientation RF as there are not enough pairs
[M::mem_pestat] analyzing insert size distribution for orientation RR...
[M::mem_pestat] (25, 50, 75) percentile: (328, 1064, 2243)
[M::mem_pestat] low and high boundaries for computing mean and std.dev: (1, 6073)
[M::mem_pestat] mean and std.dev: (1400.53, 1267.75)
[M::mem_pestat] low and high boundaries for proper pairs: (1, 7988)
[M::mem_pestat] skip orientation FF
[M::mem_pestat] skip orientation RR
[M::mem_process_seqs] Processed 266668 reads in 368.505 CPU sec, 92.278 real sec
[M::process] read 266668 sequences (40000200 bp)...
[M::mem_pestat] # candidate unique pairs for (FF, FR, RF, RR): (28, 15364, 9, 25)
[M::mem_pestat] analyzing insert size distribution for orientation FF...
[M::mem_pestat] (25, 50, 75) percentile: (197, 407, 1173)
[M::mem_pestat] low and high boundaries for computing mean and std.dev: (1, 3125)
[M::mem_pestat] mean and std.dev: (543.12, 467.15)
[M::mem_pestat] low and high boundaries for proper pairs: (1, 4101)
[M::mem_pestat] analyzing insert size distribution for orientation FR...
[M::mem_pestat] (25, 50, 75) percentile: (500, 516, 542)
[M::mem_pestat] low and high boundaries for computing mean and std.dev: (416, 626)
[M::mem_pestat] mean and std.dev: (531.39, 30.35)
[M::mem_pestat] low and high boundaries for proper pairs: (374, 668)
[M::mem_pestat] skip orientation RF as there are not enough pairs
[M::mem_pestat] analyzing insert size distribution for orientation RR...
[M::mem_pestat] (25, 50, 75) percentile: (221, 732, 1650)
[M::mem_pestat] low and high boundaries for computing mean and std.dev: (1, 4508)
[M::mem_pestat] mean and std.dev: (888.38, 708.12)
[M::mem_pestat] low and high boundaries for proper pairs: (1, 5937)
[M::mem_pestat] skip orientation FF
[M::mem_pestat] skip orientation RR
[M::mem_process_seqs] Processed 266668 reads in 383.757 CPU sec, 96.088 real sec
[M::process] read 266668 sequences (40000200 bp)...
[M::mem_pestat] # candidate unique pairs for (FF, FR, RF, RR): (43, 15616, 5, 30)
[M::mem_pestat] analyzing insert size distribution for orientation FF...
[M::mem_pestat] (25, 50, 75) percentile: (191, 265, 1291)
[M::mem_pestat] low and high boundaries for computing mean and std.dev: (1, 3491)
[M::mem_pestat] mean and std.dev: (651.61, 704.37)
[M::mem_pestat] low and high boundaries for proper pairs: (1, 4591)
[M::mem_pestat] analyzing insert size distribution for orientation FR...
[M::mem_pestat] (25, 50, 75) percentile: (500, 516, 542)
[M::mem_pestat] low and high boundaries for computing mean and std.dev: (416, 626)
[M::mem_pestat] mean and std.dev: (531.42, 30.18)
[M::mem_pestat] low and high boundaries for proper pairs: (374, 668)
[M::mem_pestat] skip orientation RF as there are not enough pairs
[M::mem_pestat] analyzing insert size distribution for orientation RR...
[M::mem_pestat] (25, 50, 75) percentile: (506, 1189, 1995)
[M::mem_pestat] low and high boundaries for computing mean and std.dev: (1, 4973)
[M::mem_pestat] mean and std.dev: (1396.70, 1127.70)
[M::mem_pestat] low and high boundaries for proper pairs: (1, 6462)
[M::mem_pestat] skip orientation FF
[M::mem_pestat] skip orientation RR
[M::mem_process_seqs] Processed 266668 reads in 377.048 CPU sec, 94.420 real sec
[M::process] read 266668 sequences (40000200 bp)...
[M::mem_pestat] # candidate unique pairs for (FF, FR, RF, RR): (31, 15607, 9, 25)
[M::mem_pestat] analyzing insert size distribution for orientation FF...
[M::mem_pestat] (25, 50, 75) percentile: (163, 232, 681)
[M::mem_pestat] low and high boundaries for computing mean and std.dev: (1, 1717)
[M::mem_pestat] mean and std.dev: (357.72, 334.62)
[M::mem_pestat] low and high boundaries for proper pairs: (1, 2235)
[M::mem_pestat] analyzing insert size distribution for orientation FR...
[M::mem_pestat] (25, 50, 75) percentile: (500, 515, 542)
[M::mem_pestat] low and high boundaries for computing mean and std.dev: (416, 626)
[M::mem_pestat] mean and std.dev: (531.41, 30.14)
[M::mem_pestat] low and high boundaries for proper pairs: (374, 668)
[M::mem_pestat] skip orientation RF as there are not enough pairs
[M::mem_pestat] analyzing insert size distribution for orientation RR...
[M::mem_pestat] (25, 50, 75) percentile: (314, 1139, 1930)
[M::mem_pestat] low and high boundaries for computing mean and std.dev: (1, 5162)
[M::mem_pestat] mean and std.dev: (1315.48, 1076.07)
[M::mem_pestat] low and high boundaries for proper pairs: (1, 6778)
[M::mem_pestat] skip orientation FF
[M::mem_pestat] skip orientation RR
[M::mem_process_seqs] Processed 266668 reads in 373.633 CPU sec, 93.573 real sec
[M::process] read 266668 sequences (40000200 bp)...
[M::mem_pestat] # candidate unique pairs for (FF, FR, RF, RR): (39, 15588, 8, 27)
[M::mem_pestat] analyzing insert size distribution for orientation FF...
[M::mem_pestat] (25, 50, 75) percentile: (218, 463, 1070)
[M::mem_pestat] low and high boundaries for computing mean and std.dev: (1, 2774)
[M::mem_pestat] mean and std.dev: (651.26, 594.04)
[M::mem_pestat] low and high boundaries for proper pairs: (1, 3626)
[M::mem_pestat] analyzing insert size distribution for orientation FR...
[M::mem_pestat] (25, 50, 75) percentile: (500, 515, 541)
[M::mem_pestat] low and high boundaries for computing mean and std.dev: (418, 623)
[M::mem_pestat] mean and std.dev: (530.36, 29.86)
[M::mem_pestat] low and high boundaries for proper pairs: (377, 664)
[M::mem_pestat] skip orientation RF as there are not enough pairs
[M::mem_pestat] analyzing insert size distribution for orientation RR...
[M::mem_pestat] (25, 50, 75) percentile: (351, 987, 1628)
[M::mem_pestat] low and high boundaries for computing mean and std.dev: (1, 4182)
[M::mem_pestat] mean and std.dev: (1021.28, 749.20)
[M::mem_pestat] low and high boundaries for proper pairs: (1, 5459)
[M::mem_pestat] skip orientation FF
[M::mem_pestat] skip orientation RR
[M::mem_process_seqs] Processed 266668 reads in 372.477 CPU sec, 93.331 real sec
[M::process] read 266668 sequences (40000200 bp)...
[M::mem_pestat] # candidate unique pairs for (FF, FR, RF, RR): (29, 15959, 4, 34)
[M::mem_pestat] analyzing insert size distribution for orientation FF...
[M::mem_pestat] (25, 50, 75) percentile: (136, 247, 874)
[M::mem_pestat] low and high boundaries for computing mean and std.dev: (1, 2350)
[M::mem_pestat] mean and std.dev: (530.36, 538.62)
[M::mem_pestat] low and high boundaries for proper pairs: (1, 3088)
[M::mem_pestat] analyzing insert size distribution for orientation FR...
[M::mem_pestat] (25, 50, 75) percentile: (500, 515, 542)
[M::mem_pestat] low and high boundaries for computing mean and std.dev: (416, 626)
[M::mem_pestat] mean and std.dev: (531.13, 30.45)
[M::mem_pestat] low and high boundaries for proper pairs: (374, 668)
[M::mem_pestat] skip orientation RF as there are not enough pairs
[M::mem_pestat] analyzing insert size distribution for orientation RR...
[M::mem_pestat] (25, 50, 75) percentile: (217, 1165, 1851)
[M::mem_pestat] low and high boundaries for computing mean and std.dev: (1, 5119)
[M::mem_pestat] mean and std.dev: (1216.06, 1028.22)
[M::mem_pestat] low and high boundaries for proper pairs: (1, 6753)
[M::mem_pestat] skip orientation FF
[M::mem_pestat] skip orientation RR
[M::mem_process_seqs] Processed 266668 reads in 384.181 CPU sec, 96.249 real sec
[M::process] read 266668 sequences (40000200 bp)...
[M::mem_pestat] # candidate unique pairs for (FF, FR, RF, RR): (43, 15582, 9, 25)
[M::mem_pestat] analyzing insert size distribution for orientation FF...
[M::mem_pestat] (25, 50, 75) percentile: (145, 334, 1153)
[M::mem_pestat] low and high boundaries for computing mean and std.dev: (1, 3169)
[M::mem_pestat] mean and std.dev: (589.90, 652.98)
[M::mem_pestat] low and high boundaries for proper pairs: (1, 4177)
[M::mem_pestat] analyzing insert size distribution for orientation FR...
[M::mem_pestat] (25, 50, 75) percentile: (499, 515, 542)
[M::mem_pestat] low and high boundaries for computing mean and std.dev: (413, 628)
[M::mem_pestat] mean and std.dev: (531.22, 30.95)
[M::mem_pestat] low and high boundaries for proper pairs: (370, 671)
[M::mem_pestat] skip orientation RF as there are not enough pairs
[M::mem_pestat] analyzing insert size distribution for orientation RR...
[M::mem_pestat] (25, 50, 75) percentile: (230, 771, 1658)
[M::mem_pestat] low and high boundaries for computing mean and std.dev: (1, 4514)
[M::mem_pestat] mean and std.dev: (1057.24, 950.69)
[M::mem_pestat] low and high boundaries for proper pairs: (1, 5942)
[M::mem_pestat] skip orientation FF
[M::mem_pestat] skip orientation RR
[M::mem_process_seqs] Processed 266668 reads in 378.298 CPU sec, 94.877 real sec
[M::process] read 266668 sequences (40000200 bp)...
[M::mem_pestat] # candidate unique pairs for (FF, FR, RF, RR): (42, 15531, 9, 33)
[M::mem_pestat] analyzing insert size distribution for orientation FF...
[M::mem_pestat] (25, 50, 75) percentile: (175, 501, 1351)
[M::mem_pestat] low and high boundaries for computing mean and std.dev: (1, 3703)
[M::mem_pestat] mean and std.dev: (749.22, 773.18)
[M::mem_pestat] low and high boundaries for proper pairs: (1, 4879)
[M::mem_pestat] analyzing insert size distribution for orientation FR...
[M::mem_pestat] (25, 50, 75) percentile: (500, 515, 542)
[M::mem_pestat] low and high boundaries for computing mean and std.dev: (416, 626)
[M::mem_pestat] mean and std.dev: (531.02, 30.88)
[M::mem_pestat] low and high boundaries for proper pairs: (374, 668)
[M::mem_pestat] skip orientation RF as there are not enough pairs
[M::mem_pestat] analyzing insert size distribution for orientation RR...
[M::mem_pestat] (25, 50, 75) percentile: (212, 768, 1269)
[M::mem_pestat] low and high boundaries for computing mean and std.dev: (1, 3383)
[M::mem_pestat] mean and std.dev: (803.09, 650.17)
[M::mem_pestat] low and high boundaries for proper pairs: (1, 4440)
[M::mem_pestat] skip orientation FF
[M::mem_pestat] skip orientation RR
[M::mem_process_seqs] Processed 266668 reads in 375.364 CPU sec, 94.008 real sec
[M::process] read 266668 sequences (40000200 bp)...
[M::mem_pestat] # candidate unique pairs for (FF, FR, RF, RR): (44, 15752, 6, 29)
[M::mem_pestat] analyzing insert size distribution for orientation FF...
[M::mem_pestat] (25, 50, 75) percentile: (162, 647, 1499)
[M::mem_pestat] low and high boundaries for computing mean and std.dev: (1, 4173)
[M::mem_pestat] mean and std.dev: (820.10, 850.21)
[M::mem_pestat] low and high boundaries for proper pairs: (1, 5510)
[M::mem_pestat] analyzing insert size distribution for orientation FR...
[M::mem_pestat] (25, 50, 75) percentile: (500, 516, 543)
[M::mem_pestat] low and high boundaries for computing mean and std.dev: (414, 629)
[M::mem_pestat] mean and std.dev: (531.77, 30.89)
[M::mem_pestat] low and high boundaries for proper pairs: (371, 672)
[M::mem_pestat] skip orientation RF as there are not enough pairs
[M::mem_pestat] analyzing insert size distribution for orientation RR...
[M::mem_pestat] (25, 50, 75) percentile: (293, 554, 1366)
[M::mem_pestat] low and high boundaries for computing mean and std.dev: (1, 3512)
[M::mem_pestat] mean and std.dev: (814.57, 779.33)
[M::mem_pestat] low and high boundaries for proper pairs: (1, 4585)
[M::mem_pestat] skip orientation FF
[M::mem_pestat] skip orientation RR
[M::mem_process_seqs] Processed 266668 reads in 376.915 CPU sec, 94.409 real sec
[M::process] read 266668 sequences (40000200 bp)...
[M::mem_pestat] # candidate unique pairs for (FF, FR, RF, RR): (37, 15653, 4, 31)
[M::mem_pestat] analyzing insert size distribution for orientation FF...
[M::mem_pestat] (25, 50, 75) percentile: (153, 217, 764)
[M::mem_pestat] low and high boundaries for computing mean and std.dev: (1, 1986)
[M::mem_pestat] mean and std.dev: (425.89, 430.64)
[M::mem_pestat] low and high boundaries for proper pairs: (1, 2597)
[M::mem_pestat] analyzing insert size distribution for orientation FR...
[M::mem_pestat] (25, 50, 75) percentile: (500, 515, 542)
[M::mem_pestat] low and high boundaries for computing mean and std.dev: (416, 626)
[M::mem_pestat] mean and std.dev: (531.38, 30.54)
[M::mem_pestat] low and high boundaries for proper pairs: (374, 668)
[M::mem_pestat] skip orientation RF as there are not enough pairs
[M::mem_pestat] analyzing insert size distribution for orientation RR...
[M::mem_pestat] (25, 50, 75) percentile: (582, 1179, 1649)
[M::mem_pestat] low and high boundaries for computing mean and std.dev: (1, 3783)
[M::mem_pestat] mean and std.dev: (1106.10, 741.15)
[M::mem_pestat] low and high boundaries for proper pairs: (1, 4850)
[M::mem_pestat] skip orientation FF
[M::mem_pestat] skip orientation RR
[M::mem_process_seqs] Processed 266668 reads in 377.390 CPU sec, 94.522 real sec
[M::process] read 266668 sequences (40000200 bp)...
[M::mem_pestat] # candidate unique pairs for (FF, FR, RF, RR): (34, 15531, 10, 31)
[M::mem_pestat] analyzing insert size distribution for orientation FF...
[M::mem_pestat] (25, 50, 75) percentile: (151, 298, 744)
[M::mem_pestat] low and high boundaries for computing mean and std.dev: (1, 1930)
[M::mem_pestat] mean and std.dev: (373.84, 328.74)
[M::mem_pestat] low and high boundaries for proper pairs: (1, 2523)
[M::mem_pestat] analyzing insert size distribution for orientation FR...
[M::mem_pestat] (25, 50, 75) percentile: (500, 516, 543)
[M::mem_pestat] low and high boundaries for computing mean and std.dev: (414, 629)
[M::mem_pestat] mean and std.dev: (531.48, 31.31)
[M::mem_pestat] low and high boundaries for proper pairs: (371, 672)
[M::mem_pestat] analyzing insert size distribution for orientation RF...
[M::mem_pestat] (25, 50, 75) percentile: (120, 638, 905)
[M::mem_pestat] low and high boundaries for computing mean and std.dev: (1, 2475)
[M::mem_pestat] mean and std.dev: (479.78, 380.44)
[M::mem_pestat] low and high boundaries for proper pairs: (1, 3260)
[M::mem_pestat] analyzing insert size distribution for orientation RR...
[M::mem_pestat] (25, 50, 75) percentile: (446, 976, 1604)
[M::mem_pestat] low and high boundaries for computing mean and std.dev: (1, 3920)
[M::mem_pestat] mean and std.dev: (968.86, 674.82)
[M::mem_pestat] low and high boundaries for proper pairs: (1, 5078)
[M::mem_pestat] skip orientation FF
[M::mem_pestat] skip orientation RF
[M::mem_pestat] skip orientation RR
[M::mem_process_seqs] Processed 266668 reads in 377.414 CPU sec, 94.541 real sec
[M::process] read 266668 sequences (40000200 bp)...
[M::mem_pestat] # candidate unique pairs for (FF, FR, RF, RR): (33, 15664, 6, 26)
[M::mem_pestat] analyzing insert size distribution for orientation FF...
[M::mem_pestat] (25, 50, 75) percentile: (183, 725, 1894)
[M::mem_pestat] low and high boundaries for computing mean and std.dev: (1, 5316)
[M::mem_pestat] mean and std.dev: (961.94, 993.00)
[M::mem_pestat] low and high boundaries for proper pairs: (1, 7027)
[M::mem_pestat] analyzing insert size distribution for orientation FR...
[M::mem_pestat] (25, 50, 75) percentile: (500, 516, 542)
[M::mem_pestat] low and high boundaries for computing mean and std.dev: (416, 626)
[M::mem_pestat] mean and std.dev: (531.32, 30.42)
[M::mem_pestat] low and high boundaries for proper pairs: (374, 668)
[M::mem_pestat] skip orientation RF as there are not enough pairs
[M::mem_pestat] analyzing insert size distribution for orientation RR...
[M::mem_pestat] (25, 50, 75) percentile: (568, 1073, 2055)
[M::mem_pestat] low and high boundaries for computing mean and std.dev: (1, 5029)
[M::mem_pestat] mean and std.dev: (1410.84, 1233.45)
[M::mem_pestat] low and high boundaries for proper pairs: (1, 6516)
[M::mem_pestat] skip orientation FF
[M::mem_pestat] skip orientation RR
[M::mem_process_seqs] Processed 266668 reads in 374.915 CPU sec, 93.914 real sec
[M::process] read 266668 sequences (40000200 bp)...
[M::mem_pestat] # candidate unique pairs for (FF, FR, RF, RR): (38, 16000, 2, 35)
[M::mem_pestat] analyzing insert size distribution for orientation FF...
[M::mem_pestat] (25, 50, 75) percentile: (142, 222, 708)
[M::mem_pestat] low and high boundaries for computing mean and std.dev: (1, 1840)
[M::mem_pestat] mean and std.dev: (459.71, 433.14)
[M::mem_pestat] low and high boundaries for proper pairs: (1, 2406)
[M::mem_pestat] analyzing insert size distribution for orientation FR...
[M::mem_pestat] (25, 50, 75) percentile: (500, 516, 542)
[M::mem_pestat] low and high boundaries for computing mean and std.dev: (416, 626)
[M::mem_pestat] mean and std.dev: (531.12, 30.31)
[M::mem_pestat] low and high boundaries for proper pairs: (374, 668)
[M::mem_pestat] skip orientation RF as there are not enough pairs
[M::mem_pestat] analyzing insert size distribution for orientation RR...
[M::mem_pestat] (25, 50, 75) percentile: (505, 1055, 1438)
[M::mem_pestat] low and high boundaries for computing mean and std.dev: (1, 3304)
[M::mem_pestat] mean and std.dev: (977.38, 648.51)
[M::mem_pestat] low and high boundaries for proper pairs: (1, 4237)
[M::mem_pestat] skip orientation FF
[M::mem_pestat] skip orientation RR
[M::mem_process_seqs] Processed 266668 reads in 380.966 CPU sec, 95.432 real sec
[M::process] read 266668 sequences (40000200 bp)...
[M::mem_pestat] # candidate unique pairs for (FF, FR, RF, RR): (47, 15744, 11, 30)
[M::mem_pestat] analyzing insert size distribution for orientation FF...
[M::mem_pestat] (25, 50, 75) percentile: (156, 336, 1566)
[M::mem_pestat] low and high boundaries for computing mean and std.dev: (1, 4386)
[M::mem_pestat] mean and std.dev: (772.65, 942.13)
[M::mem_pestat] low and high boundaries for proper pairs: (1, 5796)
[M::mem_pestat] analyzing insert size distribution for orientation FR...
[M::mem_pestat] (25, 50, 75) percentile: (500, 515, 542)
[M::mem_pestat] low and high boundaries for computing mean and std.dev: (416, 626)
[M::mem_pestat] mean and std.dev: (531.47, 30.55)
[M::mem_pestat] low and high boundaries for proper pairs: (374, 668)
[M::mem_pestat] analyzing insert size distribution for orientation RF...
[M::mem_pestat] (25, 50, 75) percentile: (102, 191, 458)
[M::mem_pestat] low and high boundaries for computing mean and std.dev: (1, 1170)
[M::mem_pestat] mean and std.dev: (157.33, 135.86)
[M::mem_pestat] low and high boundaries for proper pairs: (1, 1526)
[M::mem_pestat] analyzing insert size distribution for orientation RR...
[M::mem_pestat] (25, 50, 75) percentile: (238, 893, 1287)
[M::mem_pestat] low and high boundaries for computing mean and std.dev: (1, 3385)
[M::mem_pestat] mean and std.dev: (782.41, 591.33)
[M::mem_pestat] low and high boundaries for proper pairs: (1, 4434)
[M::mem_pestat] skip orientation FF
[M::mem_pestat] skip orientation RF
[M::mem_pestat] skip orientation RR
[M::mem_process_seqs] Processed 266668 reads in 378.193 CPU sec, 94.755 real sec
[M::process] read 266668 sequences (40000200 bp)...
[M::mem_pestat] # candidate unique pairs for (FF, FR, RF, RR): (36, 15632, 8, 26)
[M::mem_pestat] analyzing insert size distribution for orientation FF...
[M::mem_pestat] (25, 50, 75) percentile: (154, 284, 745)
[M::mem_pestat] low and high boundaries for computing mean and std.dev: (1, 1927)
[M::mem_pestat] mean and std.dev: (362.66, 294.46)
[M::mem_pestat] low and high boundaries for proper pairs: (1, 2518)
[M::mem_pestat] analyzing insert size distribution for orientation FR...
[M::mem_pestat] (25, 50, 75) percentile: (500, 516, 542)
[M::mem_pestat] low and high boundaries for computing mean and std.dev: (416, 626)
[M::mem_pestat] mean and std.dev: (531.24, 30.24)
[M::mem_pestat] low and high boundaries for proper pairs: (374, 668)
[M::mem_pestat] skip orientation RF as there are not enough pairs
[M::mem_pestat] analyzing insert size distribution for orientation RR...
[M::mem_pestat] (25, 50, 75) percentile: (211, 1040, 1576)
[M::mem_pestat] low and high boundaries for computing mean and std.dev: (1, 4306)
[M::mem_pestat] mean and std.dev: (997.46, 963.30)
[M::mem_pestat] low and high boundaries for proper pairs: (1, 5671)
[M::mem_pestat] skip orientation FF
[M::mem_pestat] skip orientation RR
[M::mem_process_seqs] Processed 266668 reads in 375.872 CPU sec, 94.143 real sec
[M::process] read 266668 sequences (40000200 bp)...
[M::mem_pestat] # candidate unique pairs for (FF, FR, RF, RR): (29, 15766, 8, 27)
[M::mem_pestat] analyzing insert size distribution for orientation FF...
[M::mem_pestat] (25, 50, 75) percentile: (198, 321, 1357)
[M::mem_pestat] low and high boundaries for computing mean and std.dev: (1, 3675)
[M::mem_pestat] mean and std.dev: (672.59, 715.31)
[M::mem_pestat] low and high boundaries for proper pairs: (1, 4834)
[M::mem_pestat] analyzing insert size distribution for orientation FR...
[M::mem_pestat] (25, 50, 75) percentile: (500, 516, 542)
[M::mem_pestat] low and high boundaries for computing mean and std.dev: (416, 626)
[M::mem_pestat] mean and std.dev: (531.42, 30.23)
[M::mem_pestat] low and high boundaries for proper pairs: (374, 668)
[M::mem_pestat] skip orientation RF as there are not enough pairs
[M::mem_pestat] analyzing insert size distribution for orientation RR...
[M::mem_pestat] (25, 50, 75) percentile: (226, 832, 1558)
[M::mem_pestat] low and high boundaries for computing mean and std.dev: (1, 4222)
[M::mem_pestat] mean and std.dev: (955.73, 864.08)
[M::mem_pestat] low and high boundaries for proper pairs: (1, 5554)
[M::mem_pestat] skip orientation FF
[M::mem_pestat] skip orientation RR
[M::mem_process_seqs] Processed 266668 reads in 374.766 CPU sec, 93.856 real sec
[M::process] read 266668 sequences (40000200 bp)...
[M::mem_pestat] # candidate unique pairs for (FF, FR, RF, RR): (27, 15727, 11, 25)
[M::mem_pestat] analyzing insert size distribution for orientation FF...
[M::mem_pestat] (25, 50, 75) percentile: (196, 847, 1814)
[M::mem_pestat] low and high boundaries for computing mean and std.dev: (1, 5050)
[M::mem_pestat] mean and std.dev: (917.27, 843.26)
[M::mem_pestat] low and high boundaries for proper pairs: (1, 6668)
[M::mem_pestat] analyzing insert size distribution for orientation FR...
[M::mem_pestat] (25, 50, 75) percentile: (500, 515, 543)
[M::mem_pestat] low and high boundaries for computing mean and std.dev: (414, 629)
[M::mem_pestat] mean and std.dev: (531.49, 31.20)
[M::mem_pestat] low and high boundaries for proper pairs: (371, 672)
[M::mem_pestat] analyzing insert size distribution for orientation RF...
[M::mem_pestat] (25, 50, 75) percentile: (114, 1109, 2658)
[M::mem_pestat] low and high boundaries for computing mean and std.dev: (1, 7746)
[M::mem_pestat] mean and std.dev: (1528.82, 1502.70)
[M::mem_pestat] low and high boundaries for proper pairs: (1, 10290)
[M::mem_pestat] analyzing insert size distribution for orientation RR...
[M::mem_pestat] (25, 50, 75) percentile: (535, 891, 1478)
[M::mem_pestat] low and high boundaries for computing mean and std.dev: (1, 3364)
[M::mem_pestat] mean and std.dev: (947.40, 611.78)
[M::mem_pestat] low and high boundaries for proper pairs: (1, 4307)
[M::mem_pestat] skip orientation FF
[M::mem_pestat] skip orientation RF
[M::mem_pestat] skip orientation RR
[M::mem_process_seqs] Processed 266668 reads in 388.722 CPU sec, 97.377 real sec
[M::process] read 266668 sequences (40000200 bp)...
[M::mem_pestat] # candidate unique pairs for (FF, FR, RF, RR): (35, 15559, 8, 34)
[M::mem_pestat] analyzing insert size distribution for orientation FF...
[M::mem_pestat] (25, 50, 75) percentile: (155, 249, 807)
[M::mem_pestat] low and high boundaries for computing mean and std.dev: (1, 2111)
[M::mem_pestat] mean and std.dev: (507.43, 487.82)
[M::mem_pestat] low and high boundaries for proper pairs: (1, 2763)
[M::mem_pestat] analyzing insert size distribution for orientation FR...
[M::mem_pestat] (25, 50, 75) percentile: (500, 516, 542)
[M::mem_pestat] low and high boundaries for computing mean and std.dev: (416, 626)
[M::mem_pestat] mean and std.dev: (531.41, 30.66)
[M::mem_pestat] low and high boundaries for proper pairs: (374, 668)
[M::mem_pestat] skip orientation RF as there are not enough pairs
[M::mem_pestat] analyzing insert size distribution for orientation RR...
[M::mem_pestat] (25, 50, 75) percentile: (259, 818, 1434)
[M::mem_pestat] low and high boundaries for computing mean and std.dev: (1, 3784)
[M::mem_pestat] mean and std.dev: (981.76, 760.02)
[M::mem_pestat] low and high boundaries for proper pairs: (1, 4959)
[M::mem_pestat] skip orientation FF
[M::mem_pestat] skip orientation RR
[M::mem_process_seqs] Processed 266668 reads in 381.148 CPU sec, 95.490 real sec
[M::process] read 266668 sequences (40000200 bp)...
[M::mem_pestat] # candidate unique pairs for (FF, FR, RF, RR): (26, 15594, 8, 27)
[M::mem_pestat] analyzing insert size distribution for orientation FF...
[M::mem_pestat] (25, 50, 75) percentile: (131, 293, 686)
[M::mem_pestat] low and high boundaries for computing mean and std.dev: (1, 1796)
[M::mem_pestat] mean and std.dev: (430.38, 407.50)
[M::mem_pestat] low and high boundaries for proper pairs: (1, 2351)
[M::mem_pestat] analyzing insert size distribution for orientation FR...
[M::mem_pestat] (25, 50, 75) percentile: (499, 515, 541)
[M::mem_pestat] low and high boundaries for computing mean and std.dev: (415, 625)
[M::mem_pestat] mean and std.dev: (530.57, 30.66)
[M::mem_pestat] low and high boundaries for proper pairs: (373, 667)
[M::mem_pestat] skip orientation RF as there are not enough pairs
[M::mem_pestat] analyzing insert size distribution for orientation RR...
[M::mem_pestat] (25, 50, 75) percentile: (407, 1146, 2132)
[M::mem_pestat] low and high boundaries for computing mean and std.dev: (1, 5582)
[M::mem_pestat] mean and std.dev: (1495.41, 1337.76)
[M::mem_pestat] low and high boundaries for proper pairs: (1, 7307)
[M::mem_pestat] skip orientation FF
[M::mem_pestat] skip orientation RR
[M::mem_process_seqs] Processed 266668 reads in 398.581 CPU sec, 99.859 real sec
[M::process] read 117484 sequences (17622600 bp)...
[M::mem_pestat] # candidate unique pairs for (FF, FR, RF, RR): (34, 15615, 4, 34)
[M::mem_pestat] analyzing insert size distribution for orientation FF...
[M::mem_pestat] (25, 50, 75) percentile: (225, 325, 1200)
[M::mem_pestat] low and high boundaries for computing mean and std.dev: (1, 3150)
[M::mem_pestat] mean and std.dev: (577.12, 517.66)
[M::mem_pestat] low and high boundaries for proper pairs: (1, 4125)
[M::mem_pestat] analyzing insert size distribution for orientation FR...
[M::mem_pestat] (25, 50, 75) percentile: (499, 514, 541)
[M::mem_pestat] low and high boundaries for computing mean and std.dev: (415, 625)
[M::mem_pestat] mean and std.dev: (530.45, 30.03)
[M::mem_pestat] low and high boundaries for proper pairs: (373, 667)
[M::mem_pestat] skip orientation RF as there are not enough pairs
[M::mem_pestat] analyzing insert size distribution for orientation RR...
[M::mem_pestat] (25, 50, 75) percentile: (309, 978, 1495)
[M::mem_pestat] low and high boundaries for computing mean and std.dev: (1, 3867)
[M::mem_pestat] mean and std.dev: (962.70, 818.38)
[M::mem_pestat] low and high boundaries for proper pairs: (1, 5053)
[M::mem_pestat] skip orientation FF
[M::mem_pestat] skip orientation RR
[M::mem_process_seqs] Processed 266668 reads in 388.292 CPU sec, 97.249 real sec
[M::mem_pestat] # candidate unique pairs for (FF, FR, RF, RR): (22, 6824, 1, 15)
[M::mem_pestat] analyzing insert size distribution for orientation FF...
[M::mem_pestat] (25, 50, 75) percentile: (305, 733, 903)
[M::mem_pestat] low and high boundaries for computing mean and std.dev: (1, 2099)
[M::mem_pestat] mean and std.dev: (659.50, 409.97)
[M::mem_pestat] low and high boundaries for proper pairs: (1, 2697)
[M::mem_pestat] analyzing insert size distribution for orientation FR...
[M::mem_pestat] (25, 50, 75) percentile: (433, 514, 540)
[M::mem_pestat] low and high boundaries for computing mean and std.dev: (219, 754)
[M::mem_pestat] mean and std.dev: (495.98, 94.56)
[M::mem_pestat] low and high boundaries for proper pairs: (112, 874)
[M::mem_pestat] skip orientation RF as there are not enough pairs
[M::mem_pestat] analyzing insert size distribution for orientation RR...
[M::mem_pestat] (25, 50, 75) percentile: (598, 933, 1387)
[M::mem_pestat] low and high boundaries for computing mean and std.dev: (1, 2965)
[M::mem_pestat] mean and std.dev: (857.93, 477.43)
[M::mem_pestat] low and high boundaries for proper pairs: (1, 3754)
[M::mem_pestat] skip orientation FF
[M::mem_pestat] skip orientation RR
[M::mem_process_seqs] Processed 117484 reads in 188.805 CPU sec, 47.285 real sec
[main] Version: 0.7.17-r1188
[main] CMD: bwa mem -t 4 -a /mnt/raid6/bacphagenetwork/data/bwa_index/chm13v2.0_noY.fa /mnt/raid6/bacphagenetwork/data/skin_metagenome/Guangzhou/02_rm_host/173_1.fastq.gz /mnt/raid6/bacphagenetwork/data/skin_metagenome/Guangzhou/02_rm_host/173_2.fastq.gz
[main] Real time: 5870.605 sec; CPU: 23413.725 sec
