/home/bacphagenetwork/.bashrc: line 15: Custom: command not found
[M::bwa_idx_load_from_disk] read 0 ALT contigs
[M::process] read 266668 sequences (40000200 bp)...
[M::process] read 266668 sequences (40000200 bp)...
[M::mem_pestat] # candidate unique pairs for (FF, FR, RF, RR): (10, 28508, 7, 13)
[M::mem_pestat] analyzing insert size distribution for orientation FF...
[M::mem_pestat] (25, 50, 75) percentile: (166, 763, 1139)
[M::mem_pestat] low and high boundaries for computing mean and std.dev: (1, 3085)
[M::mem_pestat] mean and std.dev: (584.00, 461.50)
[M::mem_pestat] low and high boundaries for proper pairs: (1, 4058)
[M::mem_pestat] analyzing insert size distribution for orientation FR...
[M::mem_pestat] (25, 50, 75) percentile: (504, 519, 544)
[M::mem_pestat] low and high boundaries for computing mean and std.dev: (424, 624)
[M::mem_pestat] mean and std.dev: (530.73, 29.32)
[M::mem_pestat] low and high boundaries for proper pairs: (384, 664)
[M::mem_pestat] skip orientation RF as there are not enough pairs
[M::mem_pestat] analyzing insert size distribution for orientation RR...
[M::mem_pestat] (25, 50, 75) percentile: (362, 710, 1003)
[M::mem_pestat] low and high boundaries for computing mean and std.dev: (1, 2285)
[M::mem_pestat] mean and std.dev: (673.00, 387.94)
[M::mem_pestat] low and high boundaries for proper pairs: (1, 2926)
[M::mem_pestat] skip orientation FF
[M::mem_pestat] skip orientation RR
[M::mem_process_seqs] Processed 266668 reads in 682.994 CPU sec, 171.192 real sec
[M::process] read 266668 sequences (40000200 bp)...
[M::mem_pestat] # candidate unique pairs for (FF, FR, RF, RR): (5, 28928, 8, 10)
[M::mem_pestat] skip orientation FF as there are not enough pairs
[M::mem_pestat] analyzing insert size distribution for orientation FR...
[M::mem_pestat] (25, 50, 75) percentile: (504, 519, 545)
[M::mem_pestat] low and high boundaries for computing mean and std.dev: (422, 627)
[M::mem_pestat] mean and std.dev: (531.18, 29.68)
[M::mem_pestat] low and high boundaries for proper pairs: (381, 668)
[M::mem_pestat] skip orientation RF as there are not enough pairs
[M::mem_pestat] analyzing insert size distribution for orientation RR...
[M::mem_pestat] (25, 50, 75) percentile: (660, 832, 902)
[M::mem_pestat] low and high boundaries for computing mean and std.dev: (176, 1386)
[M::mem_pestat] mean and std.dev: (789.12, 153.74)
[M::mem_pestat] low and high boundaries for proper pairs: (1, 1628)
[M::mem_pestat] skip orientation RR
[M::mem_process_seqs] Processed 266668 reads in 626.105 CPU sec, 156.811 real sec
[M::process] read 266668 sequences (40000200 bp)...
[M::mem_pestat] # candidate unique pairs for (FF, FR, RF, RR): (10, 29037, 9, 11)
[M::mem_pestat] analyzing insert size distribution for orientation FF...
[M::mem_pestat] (25, 50, 75) percentile: (209, 832, 1097)
[M::mem_pestat] low and high boundaries for computing mean and std.dev: (1, 2873)
[M::mem_pestat] mean and std.dev: (870.60, 695.02)
[M::mem_pestat] low and high boundaries for proper pairs: (1, 3761)
[M::mem_pestat] analyzing insert size distribution for orientation FR...
[M::mem_pestat] (25, 50, 75) percentile: (504, 519, 545)
[M::mem_pestat] low and high boundaries for computing mean and std.dev: (422, 627)
[M::mem_pestat] mean and std.dev: (531.13, 29.61)
[M::mem_pestat] low and high boundaries for proper pairs: (381, 668)
[M::mem_pestat] skip orientation RF as there are not enough pairs
[M::mem_pestat] analyzing insert size distribution for orientation RR...
[M::mem_pestat] (25, 50, 75) percentile: (831, 941, 1975)
[M::mem_pestat] low and high boundaries for computing mean and std.dev: (1, 4263)
[M::mem_pestat] mean and std.dev: (1311.73, 928.11)
[M::mem_pestat] low and high boundaries for proper pairs: (1, 5407)
[M::mem_pestat] skip orientation FF
[M::mem_pestat] skip orientation RR
[M::mem_process_seqs] Processed 266668 reads in 620.077 CPU sec, 155.262 real sec
[M::process] read 266668 sequences (40000200 bp)...
[M::mem_pestat] # candidate unique pairs for (FF, FR, RF, RR): (13, 29156, 6, 12)
[M::mem_pestat] analyzing insert size distribution for orientation FF...
[M::mem_pestat] (25, 50, 75) percentile: (336, 617, 2145)
[M::mem_pestat] low and high boundaries for computing mean and std.dev: (1, 5763)
[M::mem_pestat] mean and std.dev: (1178.38, 1393.20)
[M::mem_pestat] low and high boundaries for proper pairs: (1, 7572)
[M::mem_pestat] analyzing insert size distribution for orientation FR...
[M::mem_pestat] (25, 50, 75) percentile: (504, 519, 545)
[M::mem_pestat] low and high boundaries for computing mean and std.dev: (422, 627)
[M::mem_pestat] mean and std.dev: (531.24, 29.85)
[M::mem_pestat] low and high boundaries for proper pairs: (381, 668)
[M::mem_pestat] skip orientation RF as there are not enough pairs
[M::mem_pestat] analyzing insert size distribution for orientation RR...
[M::mem_pestat] (25, 50, 75) percentile: (873, 1938, 2775)
[M::mem_pestat] low and high boundaries for computing mean and std.dev: (1, 6579)
[M::mem_pestat] mean and std.dev: (1786.67, 949.12)
[M::mem_pestat] low and high boundaries for proper pairs: (1, 8481)
[M::mem_pestat] skip orientation FF
[M::mem_pestat] skip orientation RR
[M::mem_process_seqs] Processed 266668 reads in 631.855 CPU sec, 158.246 real sec
[M::process] read 266668 sequences (40000200 bp)...
[M::mem_pestat] # candidate unique pairs for (FF, FR, RF, RR): (7, 29451, 7, 7)
[M::mem_pestat] skip orientation FF as there are not enough pairs
[M::mem_pestat] analyzing insert size distribution for orientation FR...
[M::mem_pestat] (25, 50, 75) percentile: (504, 519, 545)
[M::mem_pestat] low and high boundaries for computing mean and std.dev: (422, 627)
[M::mem_pestat] mean and std.dev: (531.40, 30.19)
[M::mem_pestat] low and high boundaries for proper pairs: (381, 668)
[M::mem_pestat] skip orientation RF as there are not enough pairs
[M::mem_pestat] skip orientation RR as there are not enough pairs
[M::mem_process_seqs] Processed 266668 reads in 623.528 CPU sec, 156.204 real sec
[M::process] read 266668 sequences (40000200 bp)...
[M::mem_pestat] # candidate unique pairs for (FF, FR, RF, RR): (13, 29345, 10, 11)
[M::mem_pestat] analyzing insert size distribution for orientation FF...
[M::mem_pestat] (25, 50, 75) percentile: (203, 766, 2035)
[M::mem_pestat] low and high boundaries for computing mean and std.dev: (1, 5699)
[M::mem_pestat] mean and std.dev: (1175.46, 1214.01)
[M::mem_pestat] low and high boundaries for proper pairs: (1, 7531)
[M::mem_pestat] analyzing insert size distribution for orientation FR...
[M::mem_pestat] (25, 50, 75) percentile: (504, 519, 544)
[M::mem_pestat] low and high boundaries for computing mean and std.dev: (424, 624)
[M::mem_pestat] mean and std.dev: (530.74, 29.22)
[M::mem_pestat] low and high boundaries for proper pairs: (384, 664)
[M::mem_pestat] analyzing insert size distribution for orientation RF...
[M::mem_pestat] (25, 50, 75) percentile: (1151, 2611, 3266)
[M::mem_pestat] low and high boundaries for computing mean and std.dev: (1, 7496)
[M::mem_pestat] mean and std.dev: (2735.80, 2100.84)
[M::mem_pestat] low and high boundaries for proper pairs: (1, 11139)
[M::mem_pestat] analyzing insert size distribution for orientation RR...
[M::mem_pestat] (25, 50, 75) percentile: (388, 809, 1162)
[M::mem_pestat] low and high boundaries for computing mean and std.dev: (1, 2710)
[M::mem_pestat] mean and std.dev: (654.30, 417.51)
[M::mem_pestat] low and high boundaries for proper pairs: (1, 3484)
[M::mem_pestat] skip orientation FF
[M::mem_pestat] skip orientation RF
[M::mem_pestat] skip orientation RR
[M::mem_process_seqs] Processed 266668 reads in 619.945 CPU sec, 155.361 real sec
[M::process] read 266668 sequences (40000200 bp)...
[M::mem_pestat] # candidate unique pairs for (FF, FR, RF, RR): (9, 29312, 10, 14)
[M::mem_pestat] skip orientation FF as there are not enough pairs
[M::mem_pestat] analyzing insert size distribution for orientation FR...
[M::mem_pestat] (25, 50, 75) percentile: (504, 519, 544)
[M::mem_pestat] low and high boundaries for computing mean and std.dev: (424, 624)
[M::mem_pestat] mean and std.dev: (530.98, 29.10)
[M::mem_pestat] low and high boundaries for proper pairs: (384, 664)
[M::mem_pestat] analyzing insert size distribution for orientation RF...
[M::mem_pestat] (25, 50, 75) percentile: (368, 1021, 3307)
[M::mem_pestat] low and high boundaries for computing mean and std.dev: (1, 9185)
[M::mem_pestat] mean and std.dev: (1709.10, 1653.00)
[M::mem_pestat] low and high boundaries for proper pairs: (1, 12124)
[M::mem_pestat] analyzing insert size distribution for orientation RR...
[M::mem_pestat] (25, 50, 75) percentile: (265, 1024, 2411)
[M::mem_pestat] low and high boundaries for computing mean and std.dev: (1, 6703)
[M::mem_pestat] mean and std.dev: (1557.00, 1685.52)
[M::mem_pestat] low and high boundaries for proper pairs: (1, 8849)
[M::mem_pestat] skip orientation RF
[M::mem_pestat] skip orientation RR
[M::mem_process_seqs] Processed 266668 reads in 614.158 CPU sec, 153.788 real sec
[M::process] read 266668 sequences (40000200 bp)...
[M::mem_pestat] # candidate unique pairs for (FF, FR, RF, RR): (8, 29386, 11, 10)
[M::mem_pestat] skip orientation FF as there are not enough pairs
[M::mem_pestat] analyzing insert size distribution for orientation FR...
[M::mem_pestat] (25, 50, 75) percentile: (504, 519, 545)
[M::mem_pestat] low and high boundaries for computing mean and std.dev: (422, 627)
[M::mem_pestat] mean and std.dev: (531.31, 29.87)
[M::mem_pestat] low and high boundaries for proper pairs: (381, 668)
[M::mem_pestat] analyzing insert size distribution for orientation RF...
[M::mem_pestat] (25, 50, 75) percentile: (1045, 1446, 1818)
[M::mem_pestat] low and high boundaries for computing mean and std.dev: (1, 3364)
[M::mem_pestat] mean and std.dev: (1157.90, 788.94)
[M::mem_pestat] low and high boundaries for proper pairs: (1, 4314)
[M::mem_pestat] analyzing insert size distribution for orientation RR...
[M::mem_pestat] (25, 50, 75) percentile: (168, 598, 1658)
[M::mem_pestat] low and high boundaries for computing mean and std.dev: (1, 4638)
[M::mem_pestat] mean and std.dev: (1041.20, 1309.55)
[M::mem_pestat] low and high boundaries for proper pairs: (1, 6279)
[M::mem_pestat] skip orientation RF
[M::mem_pestat] skip orientation RR
[M::mem_process_seqs] Processed 266668 reads in 625.130 CPU sec, 156.591 real sec
[M::process] read 266668 sequences (40000200 bp)...
[M::mem_pestat] # candidate unique pairs for (FF, FR, RF, RR): (10, 29105, 8, 7)
[M::mem_pestat] analyzing insert size distribution for orientation FF...
[M::mem_pestat] (25, 50, 75) percentile: (790, 1018, 1150)
[M::mem_pestat] low and high boundaries for computing mean and std.dev: (70, 1870)
[M::mem_pestat] mean and std.dev: (880.78, 440.62)
[M::mem_pestat] low and high boundaries for proper pairs: (1, 2643)
[M::mem_pestat] analyzing insert size distribution for orientation FR...
[M::mem_pestat] (25, 50, 75) percentile: (504, 519, 546)
[M::mem_pestat] low and high boundaries for computing mean and std.dev: (420, 630)
[M::mem_pestat] mean and std.dev: (531.86, 30.55)
[M::mem_pestat] low and high boundaries for proper pairs: (378, 672)
[M::mem_pestat] skip orientation RF as there are not enough pairs
[M::mem_pestat] skip orientation RR as there are not enough pairs
[M::mem_pestat] skip orientation FF
[M::mem_process_seqs] Processed 266668 reads in 642.934 CPU sec, 161.018 real sec
[M::process] read 266668 sequences (40000200 bp)...
[M::mem_pestat] # candidate unique pairs for (FF, FR, RF, RR): (8, 29307, 8, 9)
[M::mem_pestat] skip orientation FF as there are not enough pairs
[M::mem_pestat] analyzing insert size distribution for orientation FR...
[M::mem_pestat] (25, 50, 75) percentile: (504, 519, 546)
[M::mem_pestat] low and high boundaries for computing mean and std.dev: (420, 630)
[M::mem_pestat] mean and std.dev: (531.77, 30.56)
[M::mem_pestat] low and high boundaries for proper pairs: (378, 672)
[M::mem_pestat] skip orientation RF as there are not enough pairs
[M::mem_pestat] skip orientation RR as there are not enough pairs
[M::mem_process_seqs] Processed 266668 reads in 629.474 CPU sec, 157.572 real sec
[M::process] read 266668 sequences (40000200 bp)...
[M::mem_pestat] # candidate unique pairs for (FF, FR, RF, RR): (12, 29229, 5, 14)
[M::mem_pestat] analyzing insert size distribution for orientation FF...
[M::mem_pestat] (25, 50, 75) percentile: (393, 608, 1932)
[M::mem_pestat] low and high boundaries for computing mean and std.dev: (1, 5010)
[M::mem_pestat] mean and std.dev: (1023.08, 959.55)
[M::mem_pestat] low and high boundaries for proper pairs: (1, 6549)
[M::mem_pestat] analyzing insert size distribution for orientation FR...
[M::mem_pestat] (25, 50, 75) percentile: (504, 519, 545)
[M::mem_pestat] low and high boundaries for computing mean and std.dev: (422, 627)
[M::mem_pestat] mean and std.dev: (531.00, 29.94)
[M::mem_pestat] low and high boundaries for proper pairs: (381, 668)
[M::mem_pestat] skip orientation RF as there are not enough pairs
[M::mem_pestat] analyzing insert size distribution for orientation RR...
[M::mem_pestat] (25, 50, 75) percentile: (915, 1960, 2430)
[M::mem_pestat] low and high boundaries for computing mean and std.dev: (1, 5460)
[M::mem_pestat] mean and std.dev: (1710.85, 977.05)
[M::mem_pestat] low and high boundaries for proper pairs: (1, 6975)
[M::mem_pestat] skip orientation FF
[M::mem_pestat] skip orientation RR
[M::mem_process_seqs] Processed 266668 reads in 618.882 CPU sec, 154.955 real sec
[M::process] read 266668 sequences (40000200 bp)...
[M::mem_pestat] # candidate unique pairs for (FF, FR, RF, RR): (11, 29367, 3, 10)
[M::mem_pestat] analyzing insert size distribution for orientation FF...
[M::mem_pestat] (25, 50, 75) percentile: (638, 724, 1072)
[M::mem_pestat] low and high boundaries for computing mean and std.dev: (1, 1940)
[M::mem_pestat] mean and std.dev: (675.40, 316.10)
[M::mem_pestat] low and high boundaries for proper pairs: (1, 2374)
[M::mem_pestat] analyzing insert size distribution for orientation FR...
[M::mem_pestat] (25, 50, 75) percentile: (504, 519, 545)
[M::mem_pestat] low and high boundaries for computing mean and std.dev: (422, 627)
[M::mem_pestat] mean and std.dev: (531.30, 29.96)
[M::mem_pestat] low and high boundaries for proper pairs: (381, 668)
[M::mem_pestat] skip orientation RF as there are not enough pairs
[M::mem_pestat] analyzing insert size distribution for orientation RR...
[M::mem_pestat] (25, 50, 75) percentile: (995, 1382, 3309)
[M::mem_pestat] low and high boundaries for computing mean and std.dev: (1, 7937)
[M::mem_pestat] mean and std.dev: (1793.00, 1323.13)
[M::mem_pestat] low and high boundaries for proper pairs: (1, 10251)
[M::mem_pestat] skip orientation FF
[M::mem_pestat] skip orientation RR
[M::mem_process_seqs] Processed 266668 reads in 626.313 CPU sec, 156.852 real sec
[M::process] read 266668 sequences (40000200 bp)...
[M::mem_pestat] # candidate unique pairs for (FF, FR, RF, RR): (8, 29424, 9, 9)
[M::mem_pestat] skip orientation FF as there are not enough pairs
[M::mem_pestat] analyzing insert size distribution for orientation FR...
[M::mem_pestat] (25, 50, 75) percentile: (504, 519, 545)
[M::mem_pestat] low and high boundaries for computing mean and std.dev: (422, 627)
[M::mem_pestat] mean and std.dev: (531.29, 29.61)
[M::mem_pestat] low and high boundaries for proper pairs: (381, 668)
[M::mem_pestat] skip orientation RF as there are not enough pairs
[M::mem_pestat] skip orientation RR as there are not enough pairs
[M::mem_process_seqs] Processed 266668 reads in 614.964 CPU sec, 154.225 real sec
[M::process] read 266668 sequences (40000200 bp)...
[M::mem_pestat] # candidate unique pairs for (FF, FR, RF, RR): (15, 29534, 9, 6)
[M::mem_pestat] analyzing insert size distribution for orientation FF...
[M::mem_pestat] (25, 50, 75) percentile: (179, 889, 1864)
[M::mem_pestat] low and high boundaries for computing mean and std.dev: (1, 5234)
[M::mem_pestat] mean and std.dev: (1066.50, 1189.36)
[M::mem_pestat] low and high boundaries for proper pairs: (1, 6919)
[M::mem_pestat] analyzing insert size distribution for orientation FR...
[M::mem_pestat] (25, 50, 75) percentile: (504, 519, 545)
[M::mem_pestat] low and high boundaries for computing mean and std.dev: (422, 627)
[M::mem_pestat] mean and std.dev: (531.47, 30.07)
[M::mem_pestat] low and high boundaries for proper pairs: (381, 668)
[M::mem_pestat] skip orientation RF as there are not enough pairs
[M::mem_pestat] skip orientation RR as there are not enough pairs
[M::mem_pestat] skip orientation FF
[M::mem_process_seqs] Processed 266668 reads in 622.127 CPU sec, 155.757 real sec
[M::process] read 266668 sequences (40000200 bp)...
[M::mem_pestat] # candidate unique pairs for (FF, FR, RF, RR): (5, 29694, 3, 13)
[M::mem_pestat] skip orientation FF as there are not enough pairs
[M::mem_pestat] analyzing insert size distribution for orientation FR...
[M::mem_pestat] (25, 50, 75) percentile: (504, 519, 546)
[M::mem_pestat] low and high boundaries for computing mean and std.dev: (420, 630)
[M::mem_pestat] mean and std.dev: (531.82, 30.59)
[M::mem_pestat] low and high boundaries for proper pairs: (378, 672)
[M::mem_pestat] skip orientation RF as there are not enough pairs
[M::mem_pestat] analyzing insert size distribution for orientation RR...
[M::mem_pestat] (25, 50, 75) percentile: (924, 1087, 2918)
[M::mem_pestat] low and high boundaries for computing mean and std.dev: (1, 6906)
[M::mem_pestat] mean and std.dev: (1648.62, 1087.16)
[M::mem_pestat] low and high boundaries for proper pairs: (1, 8900)
[M::mem_pestat] skip orientation RR
[M::mem_process_seqs] Processed 266668 reads in 616.254 CPU sec, 154.782 real sec
[M::process] read 266668 sequences (40000200 bp)...
[M::mem_pestat] # candidate unique pairs for (FF, FR, RF, RR): (8, 29490, 11, 7)
[M::mem_pestat] skip orientation FF as there are not enough pairs
[M::mem_pestat] analyzing insert size distribution for orientation FR...
[M::mem_pestat] (25, 50, 75) percentile: (504, 519, 545)
[M::mem_pestat] low and high boundaries for computing mean and std.dev: (422, 627)
[M::mem_pestat] mean and std.dev: (531.16, 29.72)
[M::mem_pestat] low and high boundaries for proper pairs: (381, 668)
[M::mem_pestat] analyzing insert size distribution for orientation RF...
[M::mem_pestat] (25, 50, 75) percentile: (368, 414, 1700)
[M::mem_pestat] low and high boundaries for computing mean and std.dev: (1, 4364)
[M::mem_pestat] mean and std.dev: (809.50, 957.06)
[M::mem_pestat] low and high boundaries for proper pairs: (1, 5696)
[M::mem_pestat] skip orientation RR as there are not enough pairs
[M::mem_pestat] skip orientation RF
[M::mem_process_seqs] Processed 266668 reads in 631.482 CPU sec, 158.164 real sec
[M::process] read 266668 sequences (40000200 bp)...
[M::mem_pestat] # candidate unique pairs for (FF, FR, RF, RR): (8, 29167, 9, 8)
[M::mem_pestat] skip orientation FF as there are not enough pairs
[M::mem_pestat] analyzing insert size distribution for orientation FR...
[M::mem_pestat] (25, 50, 75) percentile: (504, 519, 546)
[M::mem_pestat] low and high boundaries for computing mean and std.dev: (420, 630)
[M::mem_pestat] mean and std.dev: (531.92, 30.55)
[M::mem_pestat] low and high boundaries for proper pairs: (378, 672)
[M::mem_pestat] skip orientation RF as there are not enough pairs
[M::mem_pestat] skip orientation RR as there are not enough pairs
[M::mem_process_seqs] Processed 266668 reads in 618.108 CPU sec, 154.783 real sec
[M::process] read 266668 sequences (40000200 bp)...
[M::mem_pestat] # candidate unique pairs for (FF, FR, RF, RR): (10, 29538, 9, 8)
[M::mem_pestat] analyzing insert size distribution for orientation FF...
[M::mem_pestat] (25, 50, 75) percentile: (238, 826, 1018)
[M::mem_pestat] low and high boundaries for computing mean and std.dev: (1, 2578)
[M::mem_pestat] mean and std.dev: (727.80, 415.60)
[M::mem_pestat] low and high boundaries for proper pairs: (1, 3358)
[M::mem_pestat] analyzing insert size distribution for orientation FR...
[M::mem_pestat] (25, 50, 75) percentile: (504, 519, 546)
[M::mem_pestat] low and high boundaries for computing mean and std.dev: (420, 630)
[M::mem_pestat] mean and std.dev: (531.67, 30.36)
[M::mem_pestat] low and high boundaries for proper pairs: (378, 672)
[M::mem_pestat] skip orientation RF as there are not enough pairs
[M::mem_pestat] skip orientation RR as there are not enough pairs
[M::mem_pestat] skip orientation FF
[M::mem_process_seqs] Processed 266668 reads in 620.092 CPU sec, 155.266 real sec
[M::process] read 266668 sequences (40000200 bp)...
[M::mem_pestat] # candidate unique pairs for (FF, FR, RF, RR): (9, 29770, 10, 3)
[M::mem_pestat] skip orientation FF as there are not enough pairs
[M::mem_pestat] analyzing insert size distribution for orientation FR...
[M::mem_pestat] (25, 50, 75) percentile: (504, 519, 545)
[M::mem_pestat] low and high boundaries for computing mean and std.dev: (422, 627)
[M::mem_pestat] mean and std.dev: (531.49, 30.11)
[M::mem_pestat] low and high boundaries for proper pairs: (381, 668)
[M::mem_pestat] analyzing insert size distribution for orientation RF...
[M::mem_pestat] (25, 50, 75) percentile: (257, 775, 1441)
[M::mem_pestat] low and high boundaries for computing mean and std.dev: (1, 3809)
[M::mem_pestat] mean and std.dev: (998.70, 901.93)
[M::mem_pestat] low and high boundaries for proper pairs: (1, 4993)
[M::mem_pestat] skip orientation RR as there are not enough pairs
[M::mem_pestat] skip orientation RF
[M::mem_process_seqs] Processed 266668 reads in 613.015 CPU sec, 153.456 real sec
[M::process] read 266668 sequences (40000200 bp)...
[M::mem_pestat] # candidate unique pairs for (FF, FR, RF, RR): (7, 29764, 6, 10)
[M::mem_pestat] skip orientation FF as there are not enough pairs
[M::mem_pestat] analyzing insert size distribution for orientation FR...
[M::mem_pestat] (25, 50, 75) percentile: (504, 520, 546)
[M::mem_pestat] low and high boundaries for computing mean and std.dev: (420, 630)
[M::mem_pestat] mean and std.dev: (531.80, 30.67)
[M::mem_pestat] low and high boundaries for proper pairs: (378, 672)
[M::mem_pestat] skip orientation RF as there are not enough pairs
[M::mem_pestat] analyzing insert size distribution for orientation RR...
[M::mem_pestat] (25, 50, 75) percentile: (265, 1494, 2244)
[M::mem_pestat] low and high boundaries for computing mean and std.dev: (1, 6202)
[M::mem_pestat] mean and std.dev: (1582.80, 1392.62)
[M::mem_pestat] low and high boundaries for proper pairs: (1, 8181)
[M::mem_pestat] skip orientation RR
[M::mem_process_seqs] Processed 266668 reads in 619.255 CPU sec, 155.090 real sec
[M::process] read 266668 sequences (40000200 bp)...
[M::mem_pestat] # candidate unique pairs for (FF, FR, RF, RR): (7, 29362, 7, 6)
[M::mem_pestat] skip orientation FF as there are not enough pairs
[M::mem_pestat] analyzing insert size distribution for orientation FR...
[M::mem_pestat] (25, 50, 75) percentile: (504, 519, 545)
[M::mem_pestat] low and high boundaries for computing mean and std.dev: (422, 627)
[M::mem_pestat] mean and std.dev: (531.25, 29.92)
[M::mem_pestat] low and high boundaries for proper pairs: (381, 668)
[M::mem_pestat] skip orientation RF as there are not enough pairs
[M::mem_pestat] skip orientation RR as there are not enough pairs
[M::mem_process_seqs] Processed 266668 reads in 618.874 CPU sec, 154.961 real sec
[M::process] read 266668 sequences (40000200 bp)...
[M::mem_pestat] # candidate unique pairs for (FF, FR, RF, RR): (7, 29614, 8, 8)
[M::mem_pestat] skip orientation FF as there are not enough pairs
[M::mem_pestat] analyzing insert size distribution for orientation FR...
[M::mem_pestat] (25, 50, 75) percentile: (504, 520, 546)
[M::mem_pestat] low and high boundaries for computing mean and std.dev: (420, 630)
[M::mem_pestat] mean and std.dev: (531.95, 30.41)
[M::mem_pestat] low and high boundaries for proper pairs: (378, 672)
[M::mem_pestat] skip orientation RF as there are not enough pairs
[M::mem_pestat] skip orientation RR as there are not enough pairs
[M::mem_process_seqs] Processed 266668 reads in 612.716 CPU sec, 153.456 real sec
[M::process] read 266668 sequences (40000200 bp)...
[M::mem_pestat] # candidate unique pairs for (FF, FR, RF, RR): (10, 29704, 7, 9)
[M::mem_pestat] analyzing insert size distribution for orientation FF...
[M::mem_pestat] (25, 50, 75) percentile: (287, 1781, 2430)
[M::mem_pestat] low and high boundaries for computing mean and std.dev: (1, 6716)
[M::mem_pestat] mean and std.dev: (1201.33, 998.93)
[M::mem_pestat] low and high boundaries for proper pairs: (1, 8859)
[M::mem_pestat] analyzing insert size distribution for orientation FR...
[M::mem_pestat] (25, 50, 75) percentile: (504, 519, 546)
[M::mem_pestat] low and high boundaries for computing mean and std.dev: (420, 630)
[M::mem_pestat] mean and std.dev: (531.97, 30.74)
[M::mem_pestat] low and high boundaries for proper pairs: (378, 672)
[M::mem_pestat] skip orientation RF as there are not enough pairs
[M::mem_pestat] skip orientation RR as there are not enough pairs
[M::mem_pestat] skip orientation FF
[M::mem_process_seqs] Processed 266668 reads in 616.035 CPU sec, 154.252 real sec
[M::process] read 266668 sequences (40000200 bp)...
[M::mem_pestat] # candidate unique pairs for (FF, FR, RF, RR): (6, 29556, 3, 7)
[M::mem_pestat] skip orientation FF as there are not enough pairs
[M::mem_pestat] analyzing insert size distribution for orientation FR...
[M::mem_pestat] (25, 50, 75) percentile: (504, 519, 546)
[M::mem_pestat] low and high boundaries for computing mean and std.dev: (420, 630)
[M::mem_pestat] mean and std.dev: (531.83, 30.59)
[M::mem_pestat] low and high boundaries for proper pairs: (378, 672)
[M::mem_pestat] skip orientation RF as there are not enough pairs
[M::mem_pestat] skip orientation RR as there are not enough pairs
[M::mem_process_seqs] Processed 266668 reads in 616.895 CPU sec, 154.533 real sec
[M::process] read 266668 sequences (40000200 bp)...
[M::mem_pestat] # candidate unique pairs for (FF, FR, RF, RR): (10, 29447, 5, 14)
[M::mem_pestat] analyzing insert size distribution for orientation FF...
[M::mem_pestat] (25, 50, 75) percentile: (238, 682, 1458)
[M::mem_pestat] low and high boundaries for computing mean and std.dev: (1, 3898)
[M::mem_pestat] mean and std.dev: (726.67, 609.05)
[M::mem_pestat] low and high boundaries for proper pairs: (1, 5118)
[M::mem_pestat] analyzing insert size distribution for orientation FR...
[M::mem_pestat] (25, 50, 75) percentile: (504, 519, 545)
[M::mem_pestat] low and high boundaries for computing mean and std.dev: (422, 627)
[M::mem_pestat] mean and std.dev: (531.47, 29.73)
[M::mem_pestat] low and high boundaries for proper pairs: (381, 668)
[M::mem_pestat] skip orientation RF as there are not enough pairs
[M::mem_pestat] analyzing insert size distribution for orientation RR...
[M::mem_pestat] (25, 50, 75) percentile: (401, 1187, 2430)
[M::mem_pestat] low and high boundaries for computing mean and std.dev: (1, 6488)
[M::mem_pestat] mean and std.dev: (1562.86, 1427.21)
[M::mem_pestat] low and high boundaries for proper pairs: (1, 8517)
[M::mem_pestat] skip orientation FF
[M::mem_pestat] skip orientation RR
[M::mem_process_seqs] Processed 266668 reads in 607.561 CPU sec, 152.137 real sec
[M::process] read 109748 sequences (16462200 bp)...
[M::mem_pestat] # candidate unique pairs for (FF, FR, RF, RR): (9, 29453, 14, 11)
[M::mem_pestat] skip orientation FF as there are not enough pairs
[M::mem_pestat] analyzing insert size distribution for orientation FR...
[M::mem_pestat] (25, 50, 75) percentile: (504, 519, 545)
[M::mem_pestat] low and high boundaries for computing mean and std.dev: (422, 627)
[M::mem_pestat] mean and std.dev: (531.43, 29.85)
[M::mem_pestat] low and high boundaries for proper pairs: (381, 668)
[M::mem_pestat] analyzing insert size distribution for orientation RF...
[M::mem_pestat] (25, 50, 75) percentile: (278, 1493, 3040)
[M::mem_pestat] low and high boundaries for computing mean and std.dev: (1, 8564)
[M::mem_pestat] mean and std.dev: (1926.93, 1695.67)
[M::mem_pestat] low and high boundaries for proper pairs: (1, 11326)
[M::mem_pestat] analyzing insert size distribution for orientation RR...
[M::mem_pestat] (25, 50, 75) percentile: (763, 875, 1351)
[M::mem_pestat] low and high boundaries for computing mean and std.dev: (1, 2527)
[M::mem_pestat] mean and std.dev: (903.20, 592.41)
[M::mem_pestat] low and high boundaries for proper pairs: (1, 3273)
[M::mem_pestat] skip orientation RF
[M::mem_pestat] skip orientation RR
[M::mem_process_seqs] Processed 266668 reads in 629.560 CPU sec, 157.606 real sec
[M::mem_pestat] # candidate unique pairs for (FF, FR, RF, RR): (3, 12251, 5, 3)
[M::mem_pestat] skip orientation FF as there are not enough pairs
[M::mem_pestat] analyzing insert size distribution for orientation FR...
[M::mem_pestat] (25, 50, 75) percentile: (504, 519, 545)
[M::mem_pestat] low and high boundaries for computing mean and std.dev: (422, 627)
[M::mem_pestat] mean and std.dev: (531.15, 29.59)
[M::mem_pestat] low and high boundaries for proper pairs: (381, 668)
[M::mem_pestat] skip orientation RF as there are not enough pairs
[M::mem_pestat] skip orientation RR as there are not enough pairs
[M::mem_process_seqs] Processed 109748 reads in 259.114 CPU sec, 64.868 real sec
[main] Version: 0.7.17-r1188
[main] CMD: bwa mem -t 4 -a /mnt/raid6/bacphagenetwork/data/bwa_index/chm13v2.0_noY.fa /mnt/raid6/bacphagenetwork/data/skin_metagenome/Guangzhou/02_rm_host/231_1.fastq.gz /mnt/raid6/bacphagenetwork/data/skin_metagenome/Guangzhou/02_rm_host/231_2.fastq.gz
[main] Real time: 4132.947 sec; CPU: 16482.610 sec
