/home/bacphagenetwork/.bashrc: line 15: Custom: command not found
[M::bwa_idx_load_from_disk] read 0 ALT contigs
[M::process] read 266668 sequences (40000200 bp)...
[M::process] read 266668 sequences (40000200 bp)...
[M::mem_pestat] # candidate unique pairs for (FF, FR, RF, RR): (53, 20437, 13, 60)
[M::mem_pestat] analyzing insert size distribution for orientation FF...
[M::mem_pestat] (25, 50, 75) percentile: (480, 847, 1497)
[M::mem_pestat] low and high boundaries for computing mean and std.dev: (1, 3531)
[M::mem_pestat] mean and std.dev: (857.39, 611.29)
[M::mem_pestat] low and high boundaries for proper pairs: (1, 4548)
[M::mem_pestat] analyzing insert size distribution for orientation FR...
[M::mem_pestat] (25, 50, 75) percentile: (322, 511, 534)
[M::mem_pestat] low and high boundaries for computing mean and std.dev: (1, 958)
[M::mem_pestat] mean and std.dev: (433.25, 161.22)
[M::mem_pestat] low and high boundaries for proper pairs: (1, 1170)
[M::mem_pestat] analyzing insert size distribution for orientation RF...
[M::mem_pestat] (25, 50, 75) percentile: (114, 520, 1439)
[M::mem_pestat] low and high boundaries for computing mean and std.dev: (1, 4089)
[M::mem_pestat] mean and std.dev: (699.83, 844.44)
[M::mem_pestat] low and high boundaries for proper pairs: (1, 5414)
[M::mem_pestat] analyzing insert size distribution for orientation RR...
[M::mem_pestat] (25, 50, 75) percentile: (631, 871, 1298)
[M::mem_pestat] low and high boundaries for computing mean and std.dev: (1, 2632)
[M::mem_pestat] mean and std.dev: (857.31, 484.70)
[M::mem_pestat] low and high boundaries for proper pairs: (1, 3299)
[M::mem_pestat] skip orientation FF
[M::mem_pestat] skip orientation RF
[M::mem_pestat] skip orientation RR
[M::mem_process_seqs] Processed 266668 reads in 446.187 CPU sec, 112.059 real sec
[M::process] read 266668 sequences (40000200 bp)...
[M::mem_pestat] # candidate unique pairs for (FF, FR, RF, RR): (64, 19994, 8, 66)
[M::mem_pestat] analyzing insert size distribution for orientation FF...
[M::mem_pestat] (25, 50, 75) percentile: (364, 1040, 1848)
[M::mem_pestat] low and high boundaries for computing mean and std.dev: (1, 4816)
[M::mem_pestat] mean and std.dev: (1171.73, 1001.65)
[M::mem_pestat] low and high boundaries for proper pairs: (1, 6300)
[M::mem_pestat] analyzing insert size distribution for orientation FR...
[M::mem_pestat] (25, 50, 75) percentile: (319, 510, 533)
[M::mem_pestat] low and high boundaries for computing mean and std.dev: (1, 961)
[M::mem_pestat] mean and std.dev: (432.03, 160.78)
[M::mem_pestat] low and high boundaries for proper pairs: (1, 1175)
[M::mem_pestat] skip orientation RF as there are not enough pairs
[M::mem_pestat] analyzing insert size distribution for orientation RR...
[M::mem_pestat] (25, 50, 75) percentile: (744, 1157, 1742)
[M::mem_pestat] low and high boundaries for computing mean and std.dev: (1, 3738)
[M::mem_pestat] mean and std.dev: (1208.77, 721.24)
[M::mem_pestat] low and high boundaries for proper pairs: (1, 4736)
[M::mem_pestat] skip orientation FF
[M::mem_pestat] skip orientation RR
[M::mem_process_seqs] Processed 266668 reads in 469.568 CPU sec, 117.576 real sec
[M::process] read 266668 sequences (40000200 bp)...
[M::mem_pestat] # candidate unique pairs for (FF, FR, RF, RR): (49, 20564, 11, 59)
[M::mem_pestat] analyzing insert size distribution for orientation FF...
[M::mem_pestat] (25, 50, 75) percentile: (412, 877, 1800)
[M::mem_pestat] low and high boundaries for computing mean and std.dev: (1, 4576)
[M::mem_pestat] mean and std.dev: (1200.10, 1038.50)
[M::mem_pestat] low and high boundaries for proper pairs: (1, 5964)
[M::mem_pestat] analyzing insert size distribution for orientation FR...
[M::mem_pestat] (25, 50, 75) percentile: (322, 510, 533)
[M::mem_pestat] low and high boundaries for computing mean and std.dev: (1, 955)
[M::mem_pestat] mean and std.dev: (433.54, 160.17)
[M::mem_pestat] low and high boundaries for proper pairs: (1, 1166)
[M::mem_pestat] analyzing insert size distribution for orientation RF...
[M::mem_pestat] (25, 50, 75) percentile: (138, 737, 1960)
[M::mem_pestat] low and high boundaries for computing mean and std.dev: (1, 5604)
[M::mem_pestat] mean and std.dev: (1031.30, 1124.37)
[M::mem_pestat] low and high boundaries for proper pairs: (1, 7426)
[M::mem_pestat] analyzing insert size distribution for orientation RR...
[M::mem_pestat] (25, 50, 75) percentile: (936, 1309, 1902)
[M::mem_pestat] low and high boundaries for computing mean and std.dev: (1, 3834)
[M::mem_pestat] mean and std.dev: (1271.90, 621.31)
[M::mem_pestat] low and high boundaries for proper pairs: (1, 4800)
[M::mem_pestat] skip orientation FF
[M::mem_pestat] skip orientation RF
[M::mem_pestat] skip orientation RR
[M::mem_process_seqs] Processed 266668 reads in 453.303 CPU sec, 113.878 real sec
[M::process] read 266668 sequences (40000200 bp)...
[M::mem_pestat] # candidate unique pairs for (FF, FR, RF, RR): (50, 21034, 12, 54)
[M::mem_pestat] analyzing insert size distribution for orientation FF...
[M::mem_pestat] (25, 50, 75) percentile: (534, 1269, 2620)
[M::mem_pestat] low and high boundaries for computing mean and std.dev: (1, 6792)
[M::mem_pestat] mean and std.dev: (1620.60, 1612.49)
[M::mem_pestat] low and high boundaries for proper pairs: (1, 8878)
[M::mem_pestat] analyzing insert size distribution for orientation FR...
[M::mem_pestat] (25, 50, 75) percentile: (330, 511, 534)
[M::mem_pestat] low and high boundaries for computing mean and std.dev: (1, 942)
[M::mem_pestat] mean and std.dev: (435.92, 160.13)
[M::mem_pestat] low and high boundaries for proper pairs: (1, 1146)
[M::mem_pestat] analyzing insert size distribution for orientation RF...
[M::mem_pestat] (25, 50, 75) percentile: (141, 1063, 4130)
[M::mem_pestat] low and high boundaries for computing mean and std.dev: (1, 12108)
[M::mem_pestat] mean and std.dev: (1871.25, 2496.32)
[M::mem_pestat] low and high boundaries for proper pairs: (1, 16097)
[M::mem_pestat] analyzing insert size distribution for orientation RR...
[M::mem_pestat] (25, 50, 75) percentile: (670, 1100, 2411)
[M::mem_pestat] low and high boundaries for computing mean and std.dev: (1, 5893)
[M::mem_pestat] mean and std.dev: (1439.20, 1053.51)
[M::mem_pestat] low and high boundaries for proper pairs: (1, 7634)
[M::mem_pestat] skip orientation FF
[M::mem_pestat] skip orientation RF
[M::mem_pestat] skip orientation RR
[M::mem_process_seqs] Processed 266668 reads in 448.572 CPU sec, 112.372 real sec
[M::process] read 266668 sequences (40000200 bp)...
[M::mem_pestat] # candidate unique pairs for (FF, FR, RF, RR): (58, 20534, 12, 64)
[M::mem_pestat] analyzing insert size distribution for orientation FF...
[M::mem_pestat] (25, 50, 75) percentile: (421, 1026, 1527)
[M::mem_pestat] low and high boundaries for computing mean and std.dev: (1, 3739)
[M::mem_pestat] mean and std.dev: (1078.68, 843.62)
[M::mem_pestat] low and high boundaries for proper pairs: (1, 4845)
[M::mem_pestat] analyzing insert size distribution for orientation FR...
[M::mem_pestat] (25, 50, 75) percentile: (325, 510, 533)
[M::mem_pestat] low and high boundaries for computing mean and std.dev: (1, 949)
[M::mem_pestat] mean and std.dev: (434.22, 159.93)
[M::mem_pestat] low and high boundaries for proper pairs: (1, 1157)
[M::mem_pestat] analyzing insert size distribution for orientation RF...
[M::mem_pestat] (25, 50, 75) percentile: (230, 714, 1632)
[M::mem_pestat] low and high boundaries for computing mean and std.dev: (1, 4436)
[M::mem_pestat] mean and std.dev: (1042.67, 1120.57)
[M::mem_pestat] low and high boundaries for proper pairs: (1, 5838)
[M::mem_pestat] analyzing insert size distribution for orientation RR...
[M::mem_pestat] (25, 50, 75) percentile: (754, 1264, 2013)
[M::mem_pestat] low and high boundaries for computing mean and std.dev: (1, 4531)
[M::mem_pestat] mean and std.dev: (1295.74, 782.56)
[M::mem_pestat] low and high boundaries for proper pairs: (1, 5790)
[M::mem_pestat] skip orientation FF
[M::mem_pestat] skip orientation RF
[M::mem_pestat] skip orientation RR
[M::mem_process_seqs] Processed 266668 reads in 455.377 CPU sec, 114.094 real sec
[M::process] read 266668 sequences (40000200 bp)...
[M::mem_pestat] # candidate unique pairs for (FF, FR, RF, RR): (70, 20688, 19, 54)
[M::mem_pestat] analyzing insert size distribution for orientation FF...
[M::mem_pestat] (25, 50, 75) percentile: (393, 1074, 2018)
[M::mem_pestat] low and high boundaries for computing mean and std.dev: (1, 5268)
[M::mem_pestat] mean and std.dev: (1180.11, 1068.88)
[M::mem_pestat] low and high boundaries for proper pairs: (1, 6893)
[M::mem_pestat] analyzing insert size distribution for orientation FR...
[M::mem_pestat] (25, 50, 75) percentile: (318, 510, 533)
[M::mem_pestat] low and high boundaries for computing mean and std.dev: (1, 963)
[M::mem_pestat] mean and std.dev: (431.90, 161.63)
[M::mem_pestat] low and high boundaries for proper pairs: (1, 1178)
[M::mem_pestat] analyzing insert size distribution for orientation RF...
[M::mem_pestat] (25, 50, 75) percentile: (328, 591, 1064)
[M::mem_pestat] low and high boundaries for computing mean and std.dev: (1, 2536)
[M::mem_pestat] mean and std.dev: (552.44, 418.31)
[M::mem_pestat] low and high boundaries for proper pairs: (1, 3272)
[M::mem_pestat] analyzing insert size distribution for orientation RR...
[M::mem_pestat] (25, 50, 75) percentile: (710, 928, 1794)
[M::mem_pestat] low and high boundaries for computing mean and std.dev: (1, 3962)
[M::mem_pestat] mean and std.dev: (1155.66, 750.89)
[M::mem_pestat] low and high boundaries for proper pairs: (1, 5046)
[M::mem_pestat] skip orientation FF
[M::mem_pestat] skip orientation RF
[M::mem_pestat] skip orientation RR
[M::mem_process_seqs] Processed 266668 reads in 460.127 CPU sec, 115.225 real sec
[M::process] read 266668 sequences (40000200 bp)...
[M::mem_pestat] # candidate unique pairs for (FF, FR, RF, RR): (60, 20734, 8, 49)
[M::mem_pestat] analyzing insert size distribution for orientation FF...
[M::mem_pestat] (25, 50, 75) percentile: (466, 836, 1587)
[M::mem_pestat] low and high boundaries for computing mean and std.dev: (1, 3829)
[M::mem_pestat] mean and std.dev: (1048.25, 825.23)
[M::mem_pestat] low and high boundaries for proper pairs: (1, 4950)
[M::mem_pestat] analyzing insert size distribution for orientation FR...
[M::mem_pestat] (25, 50, 75) percentile: (332, 511, 534)
[M::mem_pestat] low and high boundaries for computing mean and std.dev: (1, 938)
[M::mem_pestat] mean and std.dev: (436.90, 160.04)
[M::mem_pestat] low and high boundaries for proper pairs: (1, 1140)
[M::mem_pestat] skip orientation RF as there are not enough pairs
[M::mem_pestat] analyzing insert size distribution for orientation RR...
[M::mem_pestat] (25, 50, 75) percentile: (805, 1170, 2347)
[M::mem_pestat] low and high boundaries for computing mean and std.dev: (1, 5431)
[M::mem_pestat] mean and std.dev: (1589.36, 1141.81)
[M::mem_pestat] low and high boundaries for proper pairs: (1, 6973)
[M::mem_pestat] skip orientation FF
[M::mem_pestat] skip orientation RR
[M::mem_process_seqs] Processed 266668 reads in 439.527 CPU sec, 110.056 real sec
[M::process] read 266668 sequences (40000200 bp)...
[M::mem_pestat] # candidate unique pairs for (FF, FR, RF, RR): (52, 20764, 11, 48)
[M::mem_pestat] analyzing insert size distribution for orientation FF...
[M::mem_pestat] (25, 50, 75) percentile: (523, 1064, 2102)
[M::mem_pestat] low and high boundaries for computing mean and std.dev: (1, 5260)
[M::mem_pestat] mean and std.dev: (1233.16, 989.14)
[M::mem_pestat] low and high boundaries for proper pairs: (1, 6839)
[M::mem_pestat] analyzing insert size distribution for orientation FR...
[M::mem_pestat] (25, 50, 75) percentile: (329, 511, 534)
[M::mem_pestat] low and high boundaries for computing mean and std.dev: (1, 944)
[M::mem_pestat] mean and std.dev: (435.33, 159.83)
[M::mem_pestat] low and high boundaries for proper pairs: (1, 1149)
[M::mem_pestat] analyzing insert size distribution for orientation RF...
[M::mem_pestat] (25, 50, 75) percentile: (302, 362, 866)
[M::mem_pestat] low and high boundaries for computing mean and std.dev: (1, 1994)
[M::mem_pestat] mean and std.dev: (493.20, 542.15)
[M::mem_pestat] low and high boundaries for proper pairs: (1, 2662)
[M::mem_pestat] analyzing insert size distribution for orientation RR...
[M::mem_pestat] (25, 50, 75) percentile: (766, 1093, 1753)
[M::mem_pestat] low and high boundaries for computing mean and std.dev: (1, 3727)
[M::mem_pestat] mean and std.dev: (1165.62, 713.10)
[M::mem_pestat] low and high boundaries for proper pairs: (1, 4714)
[M::mem_pestat] skip orientation FF
[M::mem_pestat] skip orientation RF
[M::mem_pestat] skip orientation RR
[M::mem_process_seqs] Processed 266668 reads in 445.236 CPU sec, 111.479 real sec
[M::process] read 266668 sequences (40000200 bp)...
[M::mem_pestat] # candidate unique pairs for (FF, FR, RF, RR): (58, 20529, 11, 44)
[M::mem_pestat] analyzing insert size distribution for orientation FF...
[M::mem_pestat] (25, 50, 75) percentile: (534, 856, 1429)
[M::mem_pestat] low and high boundaries for computing mean and std.dev: (1, 3219)
[M::mem_pestat] mean and std.dev: (939.49, 631.80)
[M::mem_pestat] low and high boundaries for proper pairs: (1, 4114)
[M::mem_pestat] analyzing insert size distribution for orientation FR...
[M::mem_pestat] (25, 50, 75) percentile: (333, 511, 534)
[M::mem_pestat] low and high boundaries for computing mean and std.dev: (1, 936)
[M::mem_pestat] mean and std.dev: (436.05, 159.54)
[M::mem_pestat] low and high boundaries for proper pairs: (1, 1137)
[M::mem_pestat] analyzing insert size distribution for orientation RF...
[M::mem_pestat] (25, 50, 75) percentile: (272, 479, 1327)
[M::mem_pestat] low and high boundaries for computing mean and std.dev: (1, 3437)
[M::mem_pestat] mean and std.dev: (782.09, 840.22)
[M::mem_pestat] low and high boundaries for proper pairs: (1, 4492)
[M::mem_pestat] analyzing insert size distribution for orientation RR...
[M::mem_pestat] (25, 50, 75) percentile: (821, 1080, 2373)
[M::mem_pestat] low and high boundaries for computing mean and std.dev: (1, 5477)
[M::mem_pestat] mean and std.dev: (1465.43, 1061.09)
[M::mem_pestat] low and high boundaries for proper pairs: (1, 7029)
[M::mem_pestat] skip orientation FF
[M::mem_pestat] skip orientation RF
[M::mem_pestat] skip orientation RR
[M::mem_process_seqs] Processed 266668 reads in 450.611 CPU sec, 113.251 real sec
[M::process] read 266668 sequences (40000200 bp)...
[M::mem_pestat] # candidate unique pairs for (FF, FR, RF, RR): (62, 20448, 17, 59)
[M::mem_pestat] analyzing insert size distribution for orientation FF...
[M::mem_pestat] (25, 50, 75) percentile: (451, 1006, 1693)
[M::mem_pestat] low and high boundaries for computing mean and std.dev: (1, 4177)
[M::mem_pestat] mean and std.dev: (1066.68, 845.21)
[M::mem_pestat] low and high boundaries for proper pairs: (1, 5419)
[M::mem_pestat] analyzing insert size distribution for orientation FR...
[M::mem_pestat] (25, 50, 75) percentile: (334, 511, 535)
[M::mem_pestat] low and high boundaries for computing mean and std.dev: (1, 937)
[M::mem_pestat] mean and std.dev: (436.70, 159.41)
[M::mem_pestat] low and high boundaries for proper pairs: (1, 1138)
[M::mem_pestat] analyzing insert size distribution for orientation RF...
[M::mem_pestat] (25, 50, 75) percentile: (426, 722, 2075)
[M::mem_pestat] low and high boundaries for computing mean and std.dev: (1, 5373)
[M::mem_pestat] mean and std.dev: (1146.47, 1070.55)
[M::mem_pestat] low and high boundaries for proper pairs: (1, 7022)
[M::mem_pestat] analyzing insert size distribution for orientation RR...
[M::mem_pestat] (25, 50, 75) percentile: (791, 1300, 1842)
[M::mem_pestat] low and high boundaries for computing mean and std.dev: (1, 3944)
[M::mem_pestat] mean and std.dev: (1298.58, 730.41)
[M::mem_pestat] low and high boundaries for proper pairs: (1, 4995)
[M::mem_pestat] skip orientation FF
[M::mem_pestat] skip orientation RF
[M::mem_pestat] skip orientation RR
[M::mem_process_seqs] Processed 266668 reads in 441.079 CPU sec, 110.467 real sec
[M::process] read 266668 sequences (40000200 bp)...
[M::mem_pestat] # candidate unique pairs for (FF, FR, RF, RR): (58, 20439, 13, 63)
[M::mem_pestat] analyzing insert size distribution for orientation FF...
[M::mem_pestat] (25, 50, 75) percentile: (384, 869, 1468)
[M::mem_pestat] low and high boundaries for computing mean and std.dev: (1, 3636)
[M::mem_pestat] mean and std.dev: (857.71, 650.02)
[M::mem_pestat] low and high boundaries for proper pairs: (1, 4720)
[M::mem_pestat] analyzing insert size distribution for orientation FR...
[M::mem_pestat] (25, 50, 75) percentile: (333, 511, 534)
[M::mem_pestat] low and high boundaries for computing mean and std.dev: (1, 936)
[M::mem_pestat] mean and std.dev: (436.89, 159.06)
[M::mem_pestat] low and high boundaries for proper pairs: (1, 1137)
[M::mem_pestat] analyzing insert size distribution for orientation RF...
[M::mem_pestat] (25, 50, 75) percentile: (370, 819, 2784)
[M::mem_pestat] low and high boundaries for computing mean and std.dev: (1, 7612)
[M::mem_pestat] mean and std.dev: (1530.62, 1641.02)
[M::mem_pestat] low and high boundaries for proper pairs: (1, 10026)
[M::mem_pestat] analyzing insert size distribution for orientation RR...
[M::mem_pestat] (25, 50, 75) percentile: (758, 1064, 1811)
[M::mem_pestat] low and high boundaries for computing mean and std.dev: (1, 3917)
[M::mem_pestat] mean and std.dev: (1195.78, 813.39)
[M::mem_pestat] low and high boundaries for proper pairs: (1, 4970)
[M::mem_pestat] skip orientation FF
[M::mem_pestat] skip orientation RF
[M::mem_pestat] skip orientation RR
[M::mem_process_seqs] Processed 266668 reads in 447.101 CPU sec, 112.014 real sec
[M::process] read 266668 sequences (40000200 bp)...
[M::mem_pestat] # candidate unique pairs for (FF, FR, RF, RR): (41, 20507, 8, 58)
[M::mem_pestat] analyzing insert size distribution for orientation FF...
[M::mem_pestat] (25, 50, 75) percentile: (463, 774, 1927)
[M::mem_pestat] low and high boundaries for computing mean and std.dev: (1, 4855)
[M::mem_pestat] mean and std.dev: (1008.42, 874.59)
[M::mem_pestat] low and high boundaries for proper pairs: (1, 6319)
[M::mem_pestat] analyzing insert size distribution for orientation FR...
[M::mem_pestat] (25, 50, 75) percentile: (338, 512, 536)
[M::mem_pestat] low and high boundaries for computing mean and std.dev: (1, 932)
[M::mem_pestat] mean and std.dev: (438.66, 159.29)
[M::mem_pestat] low and high boundaries for proper pairs: (1, 1130)
[M::mem_pestat] skip orientation RF as there are not enough pairs
[M::mem_pestat] analyzing insert size distribution for orientation RR...
[M::mem_pestat] (25, 50, 75) percentile: (840, 1306, 2081)
[M::mem_pestat] low and high boundaries for computing mean and std.dev: (1, 4563)
[M::mem_pestat] mean and std.dev: (1471.36, 973.14)
[M::mem_pestat] low and high boundaries for proper pairs: (1, 5804)
[M::mem_pestat] skip orientation FF
[M::mem_pestat] skip orientation RR
[M::mem_process_seqs] Processed 266668 reads in 446.277 CPU sec, 111.792 real sec
[M::process] read 266668 sequences (40000200 bp)...
[M::mem_pestat] # candidate unique pairs for (FF, FR, RF, RR): (71, 20704, 7, 57)
[M::mem_pestat] analyzing insert size distribution for orientation FF...
[M::mem_pestat] (25, 50, 75) percentile: (518, 1099, 2208)
[M::mem_pestat] low and high boundaries for computing mean and std.dev: (1, 5588)
[M::mem_pestat] mean and std.dev: (1409.90, 1225.56)
[M::mem_pestat] low and high boundaries for proper pairs: (1, 7278)
[M::mem_pestat] analyzing insert size distribution for orientation FR...
[M::mem_pestat] (25, 50, 75) percentile: (343, 511, 535)
[M::mem_pestat] low and high boundaries for computing mean and std.dev: (1, 919)
[M::mem_pestat] mean and std.dev: (438.92, 158.84)
[M::mem_pestat] low and high boundaries for proper pairs: (1, 1111)
[M::mem_pestat] skip orientation RF as there are not enough pairs
[M::mem_pestat] analyzing insert size distribution for orientation RR...
[M::mem_pestat] (25, 50, 75) percentile: (691, 1044, 1919)
[M::mem_pestat] low and high boundaries for computing mean and std.dev: (1, 4375)
[M::mem_pestat] mean and std.dev: (1267.66, 919.88)
[M::mem_pestat] low and high boundaries for proper pairs: (1, 5603)
[M::mem_pestat] skip orientation FF
[M::mem_pestat] skip orientation RR
[M::mem_process_seqs] Processed 266668 reads in 442.809 CPU sec, 110.878 real sec
[M::process] read 266668 sequences (40000200 bp)...
[M::mem_pestat] # candidate unique pairs for (FF, FR, RF, RR): (49, 20837, 13, 56)
[M::mem_pestat] analyzing insert size distribution for orientation FF...
[M::mem_pestat] (25, 50, 75) percentile: (400, 1233, 2035)
[M::mem_pestat] low and high boundaries for computing mean and std.dev: (1, 5305)
[M::mem_pestat] mean and std.dev: (1301.17, 1103.60)
[M::mem_pestat] low and high boundaries for proper pairs: (1, 6940)
[M::mem_pestat] analyzing insert size distribution for orientation FR...
[M::mem_pestat] (25, 50, 75) percentile: (338, 511, 535)
[M::mem_pestat] low and high boundaries for computing mean and std.dev: (1, 929)
[M::mem_pestat] mean and std.dev: (438.14, 158.62)
[M::mem_pestat] low and high boundaries for proper pairs: (1, 1126)
[M::mem_pestat] analyzing insert size distribution for orientation RF...
[M::mem_pestat] (25, 50, 75) percentile: (254, 631, 2134)
[M::mem_pestat] low and high boundaries for computing mean and std.dev: (1, 5894)
[M::mem_pestat] mean and std.dev: (1330.46, 1665.56)
[M::mem_pestat] low and high boundaries for proper pairs: (1, 7993)
[M::mem_pestat] analyzing insert size distribution for orientation RR...
[M::mem_pestat] (25, 50, 75) percentile: (739, 1078, 1888)
[M::mem_pestat] low and high boundaries for computing mean and std.dev: (1, 4186)
[M::mem_pestat] mean and std.dev: (1241.24, 821.62)
[M::mem_pestat] low and high boundaries for proper pairs: (1, 5335)
[M::mem_pestat] skip orientation FF
[M::mem_pestat] skip orientation RF
[M::mem_pestat] skip orientation RR
[M::mem_process_seqs] Processed 266668 reads in 444.639 CPU sec, 111.374 real sec
[M::process] read 266668 sequences (40000200 bp)...
[M::mem_pestat] # candidate unique pairs for (FF, FR, RF, RR): (65, 20516, 6, 67)
[M::mem_pestat] analyzing insert size distribution for orientation FF...
[M::mem_pestat] (25, 50, 75) percentile: (301, 940, 1824)
[M::mem_pestat] low and high boundaries for computing mean and std.dev: (1, 4870)
[M::mem_pestat] mean and std.dev: (1180.44, 1113.96)
[M::mem_pestat] low and high boundaries for proper pairs: (1, 6393)
[M::mem_pestat] analyzing insert size distribution for orientation FR...
[M::mem_pestat] (25, 50, 75) percentile: (334, 511, 534)
[M::mem_pestat] low and high boundaries for computing mean and std.dev: (1, 934)
[M::mem_pestat] mean and std.dev: (436.59, 159.64)
[M::mem_pestat] low and high boundaries for proper pairs: (1, 1134)
[M::mem_pestat] skip orientation RF as there are not enough pairs
[M::mem_pestat] analyzing insert size distribution for orientation RR...
[M::mem_pestat] (25, 50, 75) percentile: (785, 1057, 1915)
[M::mem_pestat] low and high boundaries for computing mean and std.dev: (1, 4175)
[M::mem_pestat] mean and std.dev: (1346.75, 931.54)
[M::mem_pestat] low and high boundaries for proper pairs: (1, 5305)
[M::mem_pestat] skip orientation FF
[M::mem_pestat] skip orientation RR
[M::mem_process_seqs] Processed 266668 reads in 451.629 CPU sec, 114.030 real sec
[M::process] read 266668 sequences (40000200 bp)...
[M::mem_pestat] # candidate unique pairs for (FF, FR, RF, RR): (68, 20938, 8, 56)
[M::mem_pestat] analyzing insert size distribution for orientation FF...
[M::mem_pestat] (25, 50, 75) percentile: (584, 1105, 1820)
[M::mem_pestat] low and high boundaries for computing mean and std.dev: (1, 4292)
[M::mem_pestat] mean and std.dev: (1259.87, 1005.19)
[M::mem_pestat] low and high boundaries for proper pairs: (1, 5528)
[M::mem_pestat] analyzing insert size distribution for orientation FR...
[M::mem_pestat] (25, 50, 75) percentile: (326, 511, 534)
[M::mem_pestat] low and high boundaries for computing mean and std.dev: (1, 950)
[M::mem_pestat] mean and std.dev: (434.40, 160.41)
[M::mem_pestat] low and high boundaries for proper pairs: (1, 1158)
[M::mem_pestat] skip orientation RF as there are not enough pairs
[M::mem_pestat] analyzing insert size distribution for orientation RR...
[M::mem_pestat] (25, 50, 75) percentile: (932, 1446, 2026)
[M::mem_pestat] low and high boundaries for computing mean and std.dev: (1, 4214)
[M::mem_pestat] mean and std.dev: (1495.62, 865.49)
[M::mem_pestat] low and high boundaries for proper pairs: (1, 5308)
[M::mem_pestat] skip orientation FF
[M::mem_pestat] skip orientation RR
[M::mem_process_seqs] Processed 266668 reads in 448.579 CPU sec, 112.369 real sec
[M::process] read 266668 sequences (40000200 bp)...
[M::mem_pestat] # candidate unique pairs for (FF, FR, RF, RR): (52, 20877, 18, 70)
[M::mem_pestat] analyzing insert size distribution for orientation FF...
[M::mem_pestat] (25, 50, 75) percentile: (446, 1012, 1502)
[M::mem_pestat] low and high boundaries for computing mean and std.dev: (1, 3614)
[M::mem_pestat] mean and std.dev: (1074.12, 845.51)
[M::mem_pestat] low and high boundaries for proper pairs: (1, 4670)
[M::mem_pestat] analyzing insert size distribution for orientation FR...
[M::mem_pestat] (25, 50, 75) percentile: (331, 511, 534)
[M::mem_pestat] low and high boundaries for computing mean and std.dev: (1, 940)
[M::mem_pestat] mean and std.dev: (436.24, 159.30)
[M::mem_pestat] low and high boundaries for proper pairs: (1, 1143)
[M::mem_pestat] analyzing insert size distribution for orientation RF...
[M::mem_pestat] (25, 50, 75) percentile: (206, 780, 1953)
[M::mem_pestat] low and high boundaries for computing mean and std.dev: (1, 5447)
[M::mem_pestat] mean and std.dev: (930.94, 1033.57)
[M::mem_pestat] low and high boundaries for proper pairs: (1, 7194)
[M::mem_pestat] analyzing insert size distribution for orientation RR...
[M::mem_pestat] (25, 50, 75) percentile: (521, 926, 1494)
[M::mem_pestat] low and high boundaries for computing mean and std.dev: (1, 3440)
[M::mem_pestat] mean and std.dev: (1003.11, 705.41)
[M::mem_pestat] low and high boundaries for proper pairs: (1, 4413)
[M::mem_pestat] skip orientation FF
[M::mem_pestat] skip orientation RF
[M::mem_pestat] skip orientation RR
[M::mem_process_seqs] Processed 266668 reads in 445.598 CPU sec, 111.584 real sec
[M::process] read 266668 sequences (40000200 bp)...
[M::mem_pestat] # candidate unique pairs for (FF, FR, RF, RR): (62, 20706, 15, 53)
[M::mem_pestat] analyzing insert size distribution for orientation FF...
[M::mem_pestat] (25, 50, 75) percentile: (589, 1145, 2422)
[M::mem_pestat] low and high boundaries for computing mean and std.dev: (1, 6088)
[M::mem_pestat] mean and std.dev: (1355.82, 1230.74)
[M::mem_pestat] low and high boundaries for proper pairs: (1, 7921)
[M::mem_pestat] analyzing insert size distribution for orientation FR...
[M::mem_pestat] (25, 50, 75) percentile: (330, 511, 534)
[M::mem_pestat] low and high boundaries for computing mean and std.dev: (1, 942)
[M::mem_pestat] mean and std.dev: (435.55, 160.18)
[M::mem_pestat] low and high boundaries for proper pairs: (1, 1146)
[M::mem_pestat] analyzing insert size distribution for orientation RF...
[M::mem_pestat] (25, 50, 75) percentile: (493, 927, 3353)
[M::mem_pestat] low and high boundaries for computing mean and std.dev: (1, 9073)
[M::mem_pestat] mean and std.dev: (1651.20, 1800.65)
[M::mem_pestat] low and high boundaries for proper pairs: (1, 11933)
[M::mem_pestat] analyzing insert size distribution for orientation RR...
[M::mem_pestat] (25, 50, 75) percentile: (938, 1201, 2207)
[M::mem_pestat] low and high boundaries for computing mean and std.dev: (1, 4745)
[M::mem_pestat] mean and std.dev: (1558.21, 973.61)
[M::mem_pestat] low and high boundaries for proper pairs: (1, 6014)
[M::mem_pestat] skip orientation FF
[M::mem_pestat] skip orientation RF
[M::mem_pestat] skip orientation RR
[M::mem_process_seqs] Processed 266668 reads in 440.515 CPU sec, 110.782 real sec
[M::process] read 266668 sequences (40000200 bp)...
[M::mem_pestat] # candidate unique pairs for (FF, FR, RF, RR): (53, 20898, 10, 55)
[M::mem_pestat] analyzing insert size distribution for orientation FF...
[M::mem_pestat] (25, 50, 75) percentile: (494, 919, 2682)
[M::mem_pestat] low and high boundaries for computing mean and std.dev: (1, 7058)
[M::mem_pestat] mean and std.dev: (1527.46, 1387.30)
[M::mem_pestat] low and high boundaries for proper pairs: (1, 9246)
[M::mem_pestat] analyzing insert size distribution for orientation FR...
[M::mem_pestat] (25, 50, 75) percentile: (326, 511, 534)
[M::mem_pestat] low and high boundaries for computing mean and std.dev: (1, 950)
[M::mem_pestat] mean and std.dev: (434.88, 160.72)
[M::mem_pestat] low and high boundaries for proper pairs: (1, 1158)
[M::mem_pestat] analyzing insert size distribution for orientation RF...
[M::mem_pestat] (25, 50, 75) percentile: (394, 524, 687)
[M::mem_pestat] low and high boundaries for computing mean and std.dev: (1, 1273)
[M::mem_pestat] mean and std.dev: (454.50, 180.23)
[M::mem_pestat] low and high boundaries for proper pairs: (1, 1566)
[M::mem_pestat] analyzing insert size distribution for orientation RR...
[M::mem_pestat] (25, 50, 75) percentile: (800, 1234, 2413)
[M::mem_pestat] low and high boundaries for computing mean and std.dev: (1, 5639)
[M::mem_pestat] mean and std.dev: (1501.75, 1039.27)
[M::mem_pestat] low and high boundaries for proper pairs: (1, 7252)
[M::mem_pestat] skip orientation FF
[M::mem_pestat] skip orientation RF
[M::mem_pestat] skip orientation RR
[M::mem_process_seqs] Processed 266668 reads in 450.810 CPU sec, 112.919 real sec
[M::process] read 266668 sequences (40000200 bp)...
[M::mem_pestat] # candidate unique pairs for (FF, FR, RF, RR): (57, 20816, 14, 65)
[M::mem_pestat] analyzing insert size distribution for orientation FF...
[M::mem_pestat] (25, 50, 75) percentile: (458, 752, 1150)
[M::mem_pestat] low and high boundaries for computing mean and std.dev: (1, 2534)
[M::mem_pestat] mean and std.dev: (730.60, 440.97)
[M::mem_pestat] low and high boundaries for proper pairs: (1, 3226)
[M::mem_pestat] analyzing insert size distribution for orientation FR...
[M::mem_pestat] (25, 50, 75) percentile: (330, 511, 534)
[M::mem_pestat] low and high boundaries for computing mean and std.dev: (1, 942)
[M::mem_pestat] mean and std.dev: (436.42, 159.57)
[M::mem_pestat] low and high boundaries for proper pairs: (1, 1146)
[M::mem_pestat] analyzing insert size distribution for orientation RF...
[M::mem_pestat] (25, 50, 75) percentile: (373, 791, 995)
[M::mem_pestat] low and high boundaries for computing mean and std.dev: (1, 2239)
[M::mem_pestat] mean and std.dev: (637.00, 360.29)
[M::mem_pestat] low and high boundaries for proper pairs: (1, 2861)
[M::mem_pestat] analyzing insert size distribution for orientation RR...
[M::mem_pestat] (25, 50, 75) percentile: (761, 1138, 1797)
[M::mem_pestat] low and high boundaries for computing mean and std.dev: (1, 3869)
[M::mem_pestat] mean and std.dev: (1231.69, 819.30)
[M::mem_pestat] low and high boundaries for proper pairs: (1, 4905)
[M::mem_pestat] skip orientation FF
[M::mem_pestat] skip orientation RF
[M::mem_pestat] skip orientation RR
[M::mem_process_seqs] Processed 266668 reads in 441.565 CPU sec, 110.714 real sec
[M::process] read 266668 sequences (40000200 bp)...
[M::mem_pestat] # candidate unique pairs for (FF, FR, RF, RR): (50, 20725, 15, 42)
[M::mem_pestat] analyzing insert size distribution for orientation FF...
[M::mem_pestat] (25, 50, 75) percentile: (388, 928, 1254)
[M::mem_pestat] low and high boundaries for computing mean and std.dev: (1, 2986)
[M::mem_pestat] mean and std.dev: (852.62, 570.03)
[M::mem_pestat] low and high boundaries for proper pairs: (1, 3852)
[M::mem_pestat] analyzing insert size distribution for orientation FR...
[M::mem_pestat] (25, 50, 75) percentile: (326, 511, 534)
[M::mem_pestat] low and high boundaries for computing mean and std.dev: (1, 950)
[M::mem_pestat] mean and std.dev: (434.44, 161.37)
[M::mem_pestat] low and high boundaries for proper pairs: (1, 1158)
[M::mem_pestat] analyzing insert size distribution for orientation RF...
[M::mem_pestat] (25, 50, 75) percentile: (284, 964, 1515)
[M::mem_pestat] low and high boundaries for computing mean and std.dev: (1, 3977)
[M::mem_pestat] mean and std.dev: (750.21, 606.60)
[M::mem_pestat] low and high boundaries for proper pairs: (1, 5208)
[M::mem_pestat] analyzing insert size distribution for orientation RR...
[M::mem_pestat] (25, 50, 75) percentile: (736, 1349, 1866)
[M::mem_pestat] low and high boundaries for computing mean and std.dev: (1, 4126)
[M::mem_pestat] mean and std.dev: (1331.10, 922.09)
[M::mem_pestat] low and high boundaries for proper pairs: (1, 5256)
[M::mem_pestat] skip orientation FF
[M::mem_pestat] skip orientation RF
[M::mem_pestat] skip orientation RR
[M::mem_process_seqs] Processed 266668 reads in 445.007 CPU sec, 111.479 real sec
[M::process] read 266668 sequences (40000200 bp)...
[M::mem_pestat] # candidate unique pairs for (FF, FR, RF, RR): (61, 20698, 7, 45)
[M::mem_pestat] analyzing insert size distribution for orientation FF...
[M::mem_pestat] (25, 50, 75) percentile: (609, 1116, 2077)
[M::mem_pestat] low and high boundaries for computing mean and std.dev: (1, 5013)
[M::mem_pestat] mean and std.dev: (1348.90, 1019.98)
[M::mem_pestat] low and high boundaries for proper pairs: (1, 6481)
[M::mem_pestat] analyzing insert size distribution for orientation FR...
[M::mem_pestat] (25, 50, 75) percentile: (330, 511, 534)
[M::mem_pestat] low and high boundaries for computing mean and std.dev: (1, 942)
[M::mem_pestat] mean and std.dev: (436.56, 159.53)
[M::mem_pestat] low and high boundaries for proper pairs: (1, 1146)
[M::mem_pestat] skip orientation RF as there are not enough pairs
[M::mem_pestat] analyzing insert size distribution for orientation RR...
[M::mem_pestat] (25, 50, 75) percentile: (739, 1056, 2493)
[M::mem_pestat] low and high boundaries for computing mean and std.dev: (1, 6001)
[M::mem_pestat] mean and std.dev: (1400.56, 1054.00)
[M::mem_pestat] low and high boundaries for proper pairs: (1, 7755)
[M::mem_pestat] skip orientation FF
[M::mem_pestat] skip orientation RR
[M::mem_process_seqs] Processed 266668 reads in 445.265 CPU sec, 111.521 real sec
[M::process] read 266668 sequences (40000200 bp)...
[M::mem_pestat] # candidate unique pairs for (FF, FR, RF, RR): (61, 20758, 8, 58)
[M::mem_pestat] analyzing insert size distribution for orientation FF...
[M::mem_pestat] (25, 50, 75) percentile: (334, 711, 1684)
[M::mem_pestat] low and high boundaries for computing mean and std.dev: (1, 4384)
[M::mem_pestat] mean and std.dev: (1103.29, 1047.54)
[M::mem_pestat] low and high boundaries for proper pairs: (1, 5734)
[M::mem_pestat] analyzing insert size distribution for orientation FR...
[M::mem_pestat] (25, 50, 75) percentile: (328, 511, 535)
[M::mem_pestat] low and high boundaries for computing mean and std.dev: (1, 949)
[M::mem_pestat] mean and std.dev: (435.42, 160.15)
[M::mem_pestat] low and high boundaries for proper pairs: (1, 1156)
[M::mem_pestat] skip orientation RF as there are not enough pairs
[M::mem_pestat] analyzing insert size distribution for orientation RR...
[M::mem_pestat] (25, 50, 75) percentile: (724, 1148, 1546)
[M::mem_pestat] low and high boundaries for computing mean and std.dev: (1, 3190)
[M::mem_pestat] mean and std.dev: (1112.43, 645.71)
[M::mem_pestat] low and high boundaries for proper pairs: (1, 4012)
[M::mem_pestat] skip orientation FF
[M::mem_pestat] skip orientation RR
[M::mem_process_seqs] Processed 266668 reads in 449.147 CPU sec, 112.540 real sec
[M::process] read 266668 sequences (40000200 bp)...
[M::mem_pestat] # candidate unique pairs for (FF, FR, RF, RR): (64, 20843, 10, 64)
[M::mem_pestat] analyzing insert size distribution for orientation FF...
[M::mem_pestat] (25, 50, 75) percentile: (530, 1107, 1593)
[M::mem_pestat] low and high boundaries for computing mean and std.dev: (1, 3719)
[M::mem_pestat] mean and std.dev: (1135.58, 798.66)
[M::mem_pestat] low and high boundaries for proper pairs: (1, 4782)
[M::mem_pestat] analyzing insert size distribution for orientation FR...
[M::mem_pestat] (25, 50, 75) percentile: (326, 511, 535)
[M::mem_pestat] low and high boundaries for computing mean and std.dev: (1, 953)
[M::mem_pestat] mean and std.dev: (434.66, 161.29)
[M::mem_pestat] low and high boundaries for proper pairs: (1, 1162)
[M::mem_pestat] analyzing insert size distribution for orientation RF...
[M::mem_pestat] (25, 50, 75) percentile: (114, 893, 1453)
[M::mem_pestat] low and high boundaries for computing mean and std.dev: (1, 4131)
[M::mem_pestat] mean and std.dev: (941.70, 834.72)
[M::mem_pestat] low and high boundaries for proper pairs: (1, 5470)
[M::mem_pestat] analyzing insert size distribution for orientation RR...
[M::mem_pestat] (25, 50, 75) percentile: (826, 1180, 2215)
[M::mem_pestat] low and high boundaries for computing mean and std.dev: (1, 4993)
[M::mem_pestat] mean and std.dev: (1424.78, 1078.07)
[M::mem_pestat] low and high boundaries for proper pairs: (1, 6382)
[M::mem_pestat] skip orientation FF
[M::mem_pestat] skip orientation RF
[M::mem_pestat] skip orientation RR
[M::mem_process_seqs] Processed 266668 reads in 439.920 CPU sec, 110.567 real sec
[M::process] read 266668 sequences (40000200 bp)...
[M::mem_pestat] # candidate unique pairs for (FF, FR, RF, RR): (65, 20929, 17, 70)
[M::mem_pestat] analyzing insert size distribution for orientation FF...
[M::mem_pestat] (25, 50, 75) percentile: (634, 935, 1622)
[M::mem_pestat] low and high boundaries for computing mean and std.dev: (1, 3598)
[M::mem_pestat] mean and std.dev: (1150.66, 759.10)
[M::mem_pestat] low and high boundaries for proper pairs: (1, 4586)
[M::mem_pestat] analyzing insert size distribution for orientation FR...
[M::mem_pestat] (25, 50, 75) percentile: (329, 511, 534)
[M::mem_pestat] low and high boundaries for computing mean and std.dev: (1, 944)
[M::mem_pestat] mean and std.dev: (435.53, 160.87)
[M::mem_pestat] low and high boundaries for proper pairs: (1, 1149)
[M::mem_pestat] analyzing insert size distribution for orientation RF...
[M::mem_pestat] (25, 50, 75) percentile: (266, 602, 1979)
[M::mem_pestat] low and high boundaries for computing mean and std.dev: (1, 5405)
[M::mem_pestat] mean and std.dev: (912.88, 789.03)
[M::mem_pestat] low and high boundaries for proper pairs: (1, 7118)
[M::mem_pestat] analyzing insert size distribution for orientation RR...
[M::mem_pestat] (25, 50, 75) percentile: (875, 1248, 2392)
[M::mem_pestat] low and high boundaries for computing mean and std.dev: (1, 5426)
[M::mem_pestat] mean and std.dev: (1528.31, 1074.87)
[M::mem_pestat] low and high boundaries for proper pairs: (1, 6943)
[M::mem_pestat] skip orientation FF
[M::mem_pestat] skip orientation RF
[M::mem_pestat] skip orientation RR
[M::mem_process_seqs] Processed 266668 reads in 445.093 CPU sec, 111.462 real sec
[M::process] read 266668 sequences (40000200 bp)...
[M::mem_pestat] # candidate unique pairs for (FF, FR, RF, RR): (55, 20628, 10, 51)
[M::mem_pestat] analyzing insert size distribution for orientation FF...
[M::mem_pestat] (25, 50, 75) percentile: (603, 972, 2098)
[M::mem_pestat] low and high boundaries for computing mean and std.dev: (1, 5088)
[M::mem_pestat] mean and std.dev: (1333.63, 1112.61)
[M::mem_pestat] low and high boundaries for proper pairs: (1, 6583)
[M::mem_pestat] analyzing insert size distribution for orientation FR...
[M::mem_pestat] (25, 50, 75) percentile: (324, 511, 535)
[M::mem_pestat] low and high boundaries for computing mean and std.dev: (1, 957)
[M::mem_pestat] mean and std.dev: (434.84, 161.22)
[M::mem_pestat] low and high boundaries for proper pairs: (1, 1168)
[M::mem_pestat] analyzing insert size distribution for orientation RF...
[M::mem_pestat] (25, 50, 75) percentile: (386, 1775, 2087)
[M::mem_pestat] low and high boundaries for computing mean and std.dev: (1, 5489)
[M::mem_pestat] mean and std.dev: (1489.70, 1308.48)
[M::mem_pestat] low and high boundaries for proper pairs: (1, 7190)
[M::mem_pestat] analyzing insert size distribution for orientation RR...
[M::mem_pestat] (25, 50, 75) percentile: (759, 1045, 2184)
[M::mem_pestat] low and high boundaries for computing mean and std.dev: (1, 5034)
[M::mem_pestat] mean and std.dev: (1373.22, 1031.23)
[M::mem_pestat] low and high boundaries for proper pairs: (1, 6459)
[M::mem_pestat] skip orientation FF
[M::mem_pestat] skip orientation RF
[M::mem_pestat] skip orientation RR
[M::mem_process_seqs] Processed 266668 reads in 450.541 CPU sec, 112.847 real sec
[M::process] read 266668 sequences (40000200 bp)...
[M::mem_pestat] # candidate unique pairs for (FF, FR, RF, RR): (57, 20802, 11, 57)
[M::mem_pestat] analyzing insert size distribution for orientation FF...
[M::mem_pestat] (25, 50, 75) percentile: (465, 1134, 2050)
[M::mem_pestat] low and high boundaries for computing mean and std.dev: (1, 5220)
[M::mem_pestat] mean and std.dev: (1348.72, 1126.95)
[M::mem_pestat] low and high boundaries for proper pairs: (1, 6805)
[M::mem_pestat] analyzing insert size distribution for orientation FR...
[M::mem_pestat] (25, 50, 75) percentile: (326, 511, 534)
[M::mem_pestat] low and high boundaries for computing mean and std.dev: (1, 950)
[M::mem_pestat] mean and std.dev: (434.11, 160.91)
[M::mem_pestat] low and high boundaries for proper pairs: (1, 1158)
[M::mem_pestat] analyzing insert size distribution for orientation RF...
[M::mem_pestat] (25, 50, 75) percentile: (376, 398, 838)
[M::mem_pestat] low and high boundaries for computing mean and std.dev: (1, 1762)
[M::mem_pestat] mean and std.dev: (539.60, 412.63)
[M::mem_pestat] low and high boundaries for proper pairs: (1, 2224)
[M::mem_pestat] analyzing insert size distribution for orientation RR...
[M::mem_pestat] (25, 50, 75) percentile: (712, 1214, 2060)
[M::mem_pestat] low and high boundaries for computing mean and std.dev: (1, 4756)
[M::mem_pestat] mean and std.dev: (1318.10, 883.59)
[M::mem_pestat] low and high boundaries for proper pairs: (1, 6104)
[M::mem_pestat] skip orientation FF
[M::mem_pestat] skip orientation RF
[M::mem_pestat] skip orientation RR
[M::mem_process_seqs] Processed 266668 reads in 444.537 CPU sec, 111.334 real sec
[M::process] read 266668 sequences (40000200 bp)...
[M::mem_pestat] # candidate unique pairs for (FF, FR, RF, RR): (46, 20650, 13, 52)
[M::mem_pestat] analyzing insert size distribution for orientation FF...
[M::mem_pestat] (25, 50, 75) percentile: (457, 1022, 2436)
[M::mem_pestat] low and high boundaries for computing mean and std.dev: (1, 6394)
[M::mem_pestat] mean and std.dev: (1473.59, 1516.04)
[M::mem_pestat] low and high boundaries for proper pairs: (1, 8373)
[M::mem_pestat] analyzing insert size distribution for orientation FR...
[M::mem_pestat] (25, 50, 75) percentile: (330, 511, 534)
[M::mem_pestat] low and high boundaries for computing mean and std.dev: (1, 942)
[M::mem_pestat] mean and std.dev: (435.61, 159.85)
[M::mem_pestat] low and high boundaries for proper pairs: (1, 1146)
[M::mem_pestat] analyzing insert size distribution for orientation RF...
[M::mem_pestat] (25, 50, 75) percentile: (1011, 1088, 3854)
[M::mem_pestat] low and high boundaries for computing mean and std.dev: (1, 9540)
[M::mem_pestat] mean and std.dev: (1936.69, 1834.44)
[M::mem_pestat] low and high boundaries for proper pairs: (1, 12383)
[M::mem_pestat] analyzing insert size distribution for orientation RR...
[M::mem_pestat] (25, 50, 75) percentile: (682, 1092, 2655)
[M::mem_pestat] low and high boundaries for computing mean and std.dev: (1, 6601)
[M::mem_pestat] mean and std.dev: (1593.68, 1520.36)
[M::mem_pestat] low and high boundaries for proper pairs: (1, 8574)
[M::mem_pestat] skip orientation FF
[M::mem_pestat] skip orientation RF
[M::mem_pestat] skip orientation RR
[M::mem_process_seqs] Processed 266668 reads in 446.696 CPU sec, 111.845 real sec
[M::process] read 266668 sequences (40000200 bp)...
[M::mem_pestat] # candidate unique pairs for (FF, FR, RF, RR): (60, 20619, 9, 55)
[M::mem_pestat] analyzing insert size distribution for orientation FF...
[M::mem_pestat] (25, 50, 75) percentile: (568, 971, 1848)
[M::mem_pestat] low and high boundaries for computing mean and std.dev: (1, 4408)
[M::mem_pestat] mean and std.dev: (1204.63, 1026.92)
[M::mem_pestat] low and high boundaries for proper pairs: (1, 5688)
[M::mem_pestat] analyzing insert size distribution for orientation FR...
[M::mem_pestat] (25, 50, 75) percentile: (329, 511, 534)
[M::mem_pestat] low and high boundaries for computing mean and std.dev: (1, 944)
[M::mem_pestat] mean and std.dev: (435.85, 159.72)
[M::mem_pestat] low and high boundaries for proper pairs: (1, 1149)
[M::mem_pestat] skip orientation RF as there are not enough pairs
[M::mem_pestat] analyzing insert size distribution for orientation RR...
[M::mem_pestat] (25, 50, 75) percentile: (919, 1253, 1723)
[M::mem_pestat] low and high boundaries for computing mean and std.dev: (1, 3331)
[M::mem_pestat] mean and std.dev: (1258.86, 626.72)
[M::mem_pestat] low and high boundaries for proper pairs: (1, 4135)
[M::mem_pestat] skip orientation FF
[M::mem_pestat] skip orientation RR
[M::mem_process_seqs] Processed 266668 reads in 444.767 CPU sec, 111.366 real sec
[M::process] read 266668 sequences (40000200 bp)...
[M::mem_pestat] # candidate unique pairs for (FF, FR, RF, RR): (56, 20604, 13, 54)
[M::mem_pestat] analyzing insert size distribution for orientation FF...
[M::mem_pestat] (25, 50, 75) percentile: (479, 791, 1417)
[M::mem_pestat] low and high boundaries for computing mean and std.dev: (1, 3293)
[M::mem_pestat] mean and std.dev: (894.24, 649.61)
[M::mem_pestat] low and high boundaries for proper pairs: (1, 4231)
[M::mem_pestat] analyzing insert size distribution for orientation FR...
[M::mem_pestat] (25, 50, 75) percentile: (330, 511, 535)
[M::mem_pestat] low and high boundaries for computing mean and std.dev: (1, 945)
[M::mem_pestat] mean and std.dev: (435.98, 159.64)
[M::mem_pestat] low and high boundaries for proper pairs: (1, 1150)
[M::mem_pestat] analyzing insert size distribution for orientation RF...
[M::mem_pestat] (25, 50, 75) percentile: (117, 351, 835)
[M::mem_pestat] low and high boundaries for computing mean and std.dev: (1, 2271)
[M::mem_pestat] mean and std.dev: (415.83, 451.70)
[M::mem_pestat] low and high boundaries for proper pairs: (1, 2989)
[M::mem_pestat] analyzing insert size distribution for orientation RR...
[M::mem_pestat] (25, 50, 75) percentile: (771, 1278, 2808)
[M::mem_pestat] low and high boundaries for computing mean and std.dev: (1, 6882)
[M::mem_pestat] mean and std.dev: (1682.59, 1186.52)
[M::mem_pestat] low and high boundaries for proper pairs: (1, 8919)
[M::mem_pestat] skip orientation FF
[M::mem_pestat] skip orientation RF
[M::mem_pestat] skip orientation RR
[M::mem_process_seqs] Processed 266668 reads in 448.603 CPU sec, 112.726 real sec
[M::process] read 266668 sequences (40000200 bp)...
[M::mem_pestat] # candidate unique pairs for (FF, FR, RF, RR): (52, 20861, 14, 59)
[M::mem_pestat] analyzing insert size distribution for orientation FF...
[M::mem_pestat] (25, 50, 75) percentile: (483, 1354, 2680)
[M::mem_pestat] low and high boundaries for computing mean and std.dev: (1, 7074)
[M::mem_pestat] mean and std.dev: (1609.56, 1530.61)
[M::mem_pestat] low and high boundaries for proper pairs: (1, 9271)
[M::mem_pestat] analyzing insert size distribution for orientation FR...
[M::mem_pestat] (25, 50, 75) percentile: (334, 511, 535)
[M::mem_pestat] low and high boundaries for computing mean and std.dev: (1, 937)
[M::mem_pestat] mean and std.dev: (437.01, 159.58)
[M::mem_pestat] low and high boundaries for proper pairs: (1, 1138)
[M::mem_pestat] analyzing insert size distribution for orientation RF...
[M::mem_pestat] (25, 50, 75) percentile: (353, 878, 1482)
[M::mem_pestat] low and high boundaries for computing mean and std.dev: (1, 3740)
[M::mem_pestat] mean and std.dev: (802.50, 719.81)
[M::mem_pestat] low and high boundaries for proper pairs: (1, 4869)
[M::mem_pestat] analyzing insert size distribution for orientation RR...
[M::mem_pestat] (25, 50, 75) percentile: (758, 1269, 2222)
[M::mem_pestat] low and high boundaries for computing mean and std.dev: (1, 5150)
[M::mem_pestat] mean and std.dev: (1340.09, 800.81)
[M::mem_pestat] low and high boundaries for proper pairs: (1, 6614)
[M::mem_pestat] skip orientation FF
[M::mem_pestat] skip orientation RF
[M::mem_pestat] skip orientation RR
[M::mem_process_seqs] Processed 266668 reads in 448.985 CPU sec, 112.458 real sec
[M::process] read 266668 sequences (40000200 bp)...
[M::mem_pestat] # candidate unique pairs for (FF, FR, RF, RR): (61, 20709, 13, 55)
[M::mem_pestat] analyzing insert size distribution for orientation FF...
[M::mem_pestat] (25, 50, 75) percentile: (455, 791, 1353)
[M::mem_pestat] low and high boundaries for computing mean and std.dev: (1, 3149)
[M::mem_pestat] mean and std.dev: (904.23, 662.88)
[M::mem_pestat] low and high boundaries for proper pairs: (1, 4047)
[M::mem_pestat] analyzing insert size distribution for orientation FR...
[M::mem_pestat] (25, 50, 75) percentile: (330, 511, 535)
[M::mem_pestat] low and high boundaries for computing mean and std.dev: (1, 945)
[M::mem_pestat] mean and std.dev: (436.32, 160.17)
[M::mem_pestat] low and high boundaries for proper pairs: (1, 1150)
[M::mem_pestat] analyzing insert size distribution for orientation RF...
[M::mem_pestat] (25, 50, 75) percentile: (29, 498, 1413)
[M::mem_pestat] low and high boundaries for computing mean and std.dev: (1, 4181)
[M::mem_pestat] mean and std.dev: (672.54, 718.70)
[M::mem_pestat] low and high boundaries for proper pairs: (1, 5565)
[M::mem_pestat] analyzing insert size distribution for orientation RR...
[M::mem_pestat] (25, 50, 75) percentile: (1002, 1454, 2752)
[M::mem_pestat] low and high boundaries for computing mean and std.dev: (1, 6252)
[M::mem_pestat] mean and std.dev: (1885.69, 1450.93)
[M::mem_pestat] low and high boundaries for proper pairs: (1, 8002)
[M::mem_pestat] skip orientation FF
[M::mem_pestat] skip orientation RF
[M::mem_pestat] skip orientation RR
[M::mem_process_seqs] Processed 266668 reads in 448.726 CPU sec, 112.390 real sec
[M::process] read 266668 sequences (40000200 bp)...
[M::mem_pestat] # candidate unique pairs for (FF, FR, RF, RR): (73, 20690, 12, 55)
[M::mem_pestat] analyzing insert size distribution for orientation FF...
[M::mem_pestat] (25, 50, 75) percentile: (400, 961, 1742)
[M::mem_pestat] low and high boundaries for computing mean and std.dev: (1, 4426)
[M::mem_pestat] mean and std.dev: (1013.09, 760.44)
[M::mem_pestat] low and high boundaries for proper pairs: (1, 5768)
[M::mem_pestat] analyzing insert size distribution for orientation FR...
[M::mem_pestat] (25, 50, 75) percentile: (333, 511, 535)
[M::mem_pestat] low and high boundaries for computing mean and std.dev: (1, 939)
[M::mem_pestat] mean and std.dev: (436.73, 159.58)
[M::mem_pestat] low and high boundaries for proper pairs: (1, 1141)
[M::mem_pestat] analyzing insert size distribution for orientation RF...
[M::mem_pestat] (25, 50, 75) percentile: (280, 678, 1678)
[M::mem_pestat] low and high boundaries for computing mean and std.dev: (1, 4474)
[M::mem_pestat] mean and std.dev: (532.00, 500.25)
[M::mem_pestat] low and high boundaries for proper pairs: (1, 5872)
[M::mem_pestat] analyzing insert size distribution for orientation RR...
[M::mem_pestat] (25, 50, 75) percentile: (696, 948, 1543)
[M::mem_pestat] low and high boundaries for computing mean and std.dev: (1, 3237)
[M::mem_pestat] mean and std.dev: (1119.85, 686.54)
[M::mem_pestat] low and high boundaries for proper pairs: (1, 4084)
[M::mem_pestat] skip orientation FF
[M::mem_pestat] skip orientation RF
[M::mem_pestat] skip orientation RR
[M::mem_process_seqs] Processed 266668 reads in 445.418 CPU sec, 111.525 real sec
[M::process] read 266668 sequences (40000200 bp)...
[M::mem_pestat] # candidate unique pairs for (FF, FR, RF, RR): (48, 20548, 9, 57)
[M::mem_pestat] analyzing insert size distribution for orientation FF...
[M::mem_pestat] (25, 50, 75) percentile: (608, 903, 1307)
[M::mem_pestat] low and high boundaries for computing mean and std.dev: (1, 2705)
[M::mem_pestat] mean and std.dev: (851.67, 510.29)
[M::mem_pestat] low and high boundaries for proper pairs: (1, 3404)
[M::mem_pestat] analyzing insert size distribution for orientation FR...
[M::mem_pestat] (25, 50, 75) percentile: (332, 511, 534)
[M::mem_pestat] low and high boundaries for computing mean and std.dev: (1, 938)
[M::mem_pestat] mean and std.dev: (436.70, 159.53)
[M::mem_pestat] low and high boundaries for proper pairs: (1, 1140)
[M::mem_pestat] skip orientation RF as there are not enough pairs
[M::mem_pestat] analyzing insert size distribution for orientation RR...
[M::mem_pestat] (25, 50, 75) percentile: (670, 942, 1553)
[M::mem_pestat] low and high boundaries for computing mean and std.dev: (1, 3319)
[M::mem_pestat] mean and std.dev: (992.37, 549.94)
[M::mem_pestat] low and high boundaries for proper pairs: (1, 4202)
[M::mem_pestat] skip orientation FF
[M::mem_pestat] skip orientation RR
[M::mem_process_seqs] Processed 266668 reads in 442.856 CPU sec, 110.907 real sec
[M::process] read 266668 sequences (40000200 bp)...
[M::mem_pestat] # candidate unique pairs for (FF, FR, RF, RR): (60, 20779, 14, 50)
[M::mem_pestat] analyzing insert size distribution for orientation FF...
[M::mem_pestat] (25, 50, 75) percentile: (407, 1027, 1685)
[M::mem_pestat] low and high boundaries for computing mean and std.dev: (1, 4241)
[M::mem_pestat] mean and std.dev: (1114.71, 948.94)
[M::mem_pestat] low and high boundaries for proper pairs: (1, 5519)
[M::mem_pestat] analyzing insert size distribution for orientation FR...
[M::mem_pestat] (25, 50, 75) percentile: (332, 511, 535)
[M::mem_pestat] low and high boundaries for computing mean and std.dev: (1, 941)
[M::mem_pestat] mean and std.dev: (436.62, 159.29)
[M::mem_pestat] low and high boundaries for proper pairs: (1, 1144)
[M::mem_pestat] analyzing insert size distribution for orientation RF...
[M::mem_pestat] (25, 50, 75) percentile: (144, 889, 1770)
[M::mem_pestat] low and high boundaries for computing mean and std.dev: (1, 5022)
[M::mem_pestat] mean and std.dev: (804.85, 754.86)
[M::mem_pestat] low and high boundaries for proper pairs: (1, 6648)
[M::mem_pestat] analyzing insert size distribution for orientation RR...
[M::mem_pestat] (25, 50, 75) percentile: (725, 1214, 1883)
[M::mem_pestat] low and high boundaries for computing mean and std.dev: (1, 4199)
[M::mem_pestat] mean and std.dev: (1318.06, 831.91)
[M::mem_pestat] low and high boundaries for proper pairs: (1, 5357)
[M::mem_pestat] skip orientation FF
[M::mem_pestat] skip orientation RF
[M::mem_pestat] skip orientation RR
[M::mem_process_seqs] Processed 266668 reads in 443.356 CPU sec, 111.015 real sec
[M::process] read 266668 sequences (40000200 bp)...
[M::mem_pestat] # candidate unique pairs for (FF, FR, RF, RR): (52, 20982, 8, 57)
[M::mem_pestat] analyzing insert size distribution for orientation FF...
[M::mem_pestat] (25, 50, 75) percentile: (551, 1229, 2433)
[M::mem_pestat] low and high boundaries for computing mean and std.dev: (1, 6197)
[M::mem_pestat] mean and std.dev: (1496.16, 1245.43)
[M::mem_pestat] low and high boundaries for proper pairs: (1, 8079)
[M::mem_pestat] analyzing insert size distribution for orientation FR...
[M::mem_pestat] (25, 50, 75) percentile: (334, 511, 534)
[M::mem_pestat] low and high boundaries for computing mean and std.dev: (1, 934)
[M::mem_pestat] mean and std.dev: (436.97, 159.22)
[M::mem_pestat] low and high boundaries for proper pairs: (1, 1134)
[M::mem_pestat] skip orientation RF as there are not enough pairs
[M::mem_pestat] analyzing insert size distribution for orientation RR...
[M::mem_pestat] (25, 50, 75) percentile: (798, 1314, 2507)
[M::mem_pestat] low and high boundaries for computing mean and std.dev: (1, 5925)
[M::mem_pestat] mean and std.dev: (1610.49, 1224.63)
[M::mem_pestat] low and high boundaries for proper pairs: (1, 7634)
[M::mem_pestat] skip orientation FF
[M::mem_pestat] skip orientation RR
[M::mem_process_seqs] Processed 266668 reads in 441.704 CPU sec, 110.669 real sec
[M::process] read 266668 sequences (40000200 bp)...
[M::mem_pestat] # candidate unique pairs for (FF, FR, RF, RR): (48, 20807, 10, 55)
[M::mem_pestat] analyzing insert size distribution for orientation FF...
[M::mem_pestat] (25, 50, 75) percentile: (585, 1114, 2454)
[M::mem_pestat] low and high boundaries for computing mean and std.dev: (1, 6192)
[M::mem_pestat] mean and std.dev: (1463.58, 1179.27)
[M::mem_pestat] low and high boundaries for proper pairs: (1, 8061)
[M::mem_pestat] analyzing insert size distribution for orientation FR...
[M::mem_pestat] (25, 50, 75) percentile: (328, 511, 534)
[M::mem_pestat] low and high boundaries for computing mean and std.dev: (1, 946)
[M::mem_pestat] mean and std.dev: (435.28, 159.99)
[M::mem_pestat] low and high boundaries for proper pairs: (1, 1152)
[M::mem_pestat] analyzing insert size distribution for orientation RF...
[M::mem_pestat] (25, 50, 75) percentile: (575, 838, 886)
[M::mem_pestat] low and high boundaries for computing mean and std.dev: (1, 1508)
[M::mem_pestat] mean and std.dev: (769.40, 336.94)
[M::mem_pestat] low and high boundaries for proper pairs: (1, 2117)
[M::mem_pestat] analyzing insert size distribution for orientation RR...
[M::mem_pestat] (25, 50, 75) percentile: (779, 1414, 2014)
[M::mem_pestat] low and high boundaries for computing mean and std.dev: (1, 4484)
[M::mem_pestat] mean and std.dev: (1469.60, 964.15)
[M::mem_pestat] low and high boundaries for proper pairs: (1, 5719)
[M::mem_pestat] skip orientation FF
[M::mem_pestat] skip orientation RF
[M::mem_pestat] skip orientation RR
[M::mem_process_seqs] Processed 266668 reads in 448.068 CPU sec, 112.252 real sec
[M::process] read 266668 sequences (40000200 bp)...
[M::mem_pestat] # candidate unique pairs for (FF, FR, RF, RR): (58, 20443, 12, 52)
[M::mem_pestat] analyzing insert size distribution for orientation FF...
[M::mem_pestat] (25, 50, 75) percentile: (399, 730, 1455)
[M::mem_pestat] low and high boundaries for computing mean and std.dev: (1, 3567)
[M::mem_pestat] mean and std.dev: (979.59, 766.73)
[M::mem_pestat] low and high boundaries for proper pairs: (1, 4623)
[M::mem_pestat] analyzing insert size distribution for orientation FR...
[M::mem_pestat] (25, 50, 75) percentile: (329, 511, 535)
[M::mem_pestat] low and high boundaries for computing mean and std.dev: (1, 947)
[M::mem_pestat] mean and std.dev: (435.59, 161.11)
[M::mem_pestat] low and high boundaries for proper pairs: (1, 1153)
[M::mem_pestat] analyzing insert size distribution for orientation RF...
[M::mem_pestat] (25, 50, 75) percentile: (665, 1753, 2067)
[M::mem_pestat] low and high boundaries for computing mean and std.dev: (1, 4871)
[M::mem_pestat] mean and std.dev: (1478.00, 1074.99)
[M::mem_pestat] low and high boundaries for proper pairs: (1, 6273)
[M::mem_pestat] analyzing insert size distribution for orientation RR...
[M::mem_pestat] (25, 50, 75) percentile: (707, 1357, 2365)
[M::mem_pestat] low and high boundaries for computing mean and std.dev: (1, 5681)
[M::mem_pestat] mean and std.dev: (1412.50, 980.19)
[M::mem_pestat] low and high boundaries for proper pairs: (1, 7339)
[M::mem_pestat] skip orientation FF
[M::mem_pestat] skip orientation RF
[M::mem_pestat] skip orientation RR
[M::mem_process_seqs] Processed 266668 reads in 455.072 CPU sec, 113.989 real sec
[M::process] read 266668 sequences (40000200 bp)...
[M::mem_pestat] # candidate unique pairs for (FF, FR, RF, RR): (57, 20828, 7, 69)
[M::mem_pestat] analyzing insert size distribution for orientation FF...
[M::mem_pestat] (25, 50, 75) percentile: (575, 1063, 2414)
[M::mem_pestat] low and high boundaries for computing mean and std.dev: (1, 6092)
[M::mem_pestat] mean and std.dev: (1470.51, 1212.12)
[M::mem_pestat] low and high boundaries for proper pairs: (1, 7931)
[M::mem_pestat] analyzing insert size distribution for orientation FR...
[M::mem_pestat] (25, 50, 75) percentile: (333, 511, 535)
[M::mem_pestat] low and high boundaries for computing mean and std.dev: (1, 939)
[M::mem_pestat] mean and std.dev: (437.02, 160.12)
[M::mem_pestat] low and high boundaries for proper pairs: (1, 1141)
[M::mem_pestat] skip orientation RF as there are not enough pairs
[M::mem_pestat] analyzing insert size distribution for orientation RR...
[M::mem_pestat] (25, 50, 75) percentile: (881, 1218, 1894)
[M::mem_pestat] low and high boundaries for computing mean and std.dev: (1, 3920)
[M::mem_pestat] mean and std.dev: (1308.00, 655.28)
[M::mem_pestat] low and high boundaries for proper pairs: (1, 4933)
[M::mem_pestat] skip orientation FF
[M::mem_pestat] skip orientation RR
[M::mem_process_seqs] Processed 266668 reads in 444.793 CPU sec, 111.431 real sec
[M::process] read 266668 sequences (40000200 bp)...
[M::mem_pestat] # candidate unique pairs for (FF, FR, RF, RR): (49, 20716, 9, 64)
[M::mem_pestat] analyzing insert size distribution for orientation FF...
[M::mem_pestat] (25, 50, 75) percentile: (457, 868, 1683)
[M::mem_pestat] low and high boundaries for computing mean and std.dev: (1, 4135)
[M::mem_pestat] mean and std.dev: (1066.60, 913.78)
[M::mem_pestat] low and high boundaries for proper pairs: (1, 5361)
[M::mem_pestat] analyzing insert size distribution for orientation FR...
[M::mem_pestat] (25, 50, 75) percentile: (327, 511, 534)
[M::mem_pestat] low and high boundaries for computing mean and std.dev: (1, 948)
[M::mem_pestat] mean and std.dev: (434.25, 160.71)
[M::mem_pestat] low and high boundaries for proper pairs: (1, 1155)
[M::mem_pestat] skip orientation RF as there are not enough pairs
[M::mem_pestat] analyzing insert size distribution for orientation RR...
[M::mem_pestat] (25, 50, 75) percentile: (770, 1267, 2244)
[M::mem_pestat] low and high boundaries for computing mean and std.dev: (1, 5192)
[M::mem_pestat] mean and std.dev: (1599.76, 1228.40)
[M::mem_pestat] low and high boundaries for proper pairs: (1, 6666)
[M::mem_pestat] skip orientation FF
[M::mem_pestat] skip orientation RR
[M::mem_process_seqs] Processed 266668 reads in 442.618 CPU sec, 110.827 real sec
[M::process] read 266668 sequences (40000200 bp)...
[M::mem_pestat] # candidate unique pairs for (FF, FR, RF, RR): (60, 20745, 17, 59)
[M::mem_pestat] analyzing insert size distribution for orientation FF...
[M::mem_pestat] (25, 50, 75) percentile: (376, 1056, 1754)
[M::mem_pestat] low and high boundaries for computing mean and std.dev: (1, 4510)
[M::mem_pestat] mean and std.dev: (1054.05, 805.66)
[M::mem_pestat] low and high boundaries for proper pairs: (1, 5888)
[M::mem_pestat] analyzing insert size distribution for orientation FR...
[M::mem_pestat] (25, 50, 75) percentile: (330, 511, 534)
[M::mem_pestat] low and high boundaries for computing mean and std.dev: (1, 942)
[M::mem_pestat] mean and std.dev: (435.49, 160.15)
[M::mem_pestat] low and high boundaries for proper pairs: (1, 1146)
[M::mem_pestat] analyzing insert size distribution for orientation RF...
[M::mem_pestat] (25, 50, 75) percentile: (16, 378, 3389)
[M::mem_pestat] low and high boundaries for computing mean and std.dev: (1, 10135)
[M::mem_pestat] mean and std.dev: (1862.88, 2855.07)
[M::mem_pestat] low and high boundaries for proper pairs: (1, 13508)
[M::mem_pestat] analyzing insert size distribution for orientation RR...
[M::mem_pestat] (25, 50, 75) percentile: (815, 1097, 2003)
[M::mem_pestat] low and high boundaries for computing mean and std.dev: (1, 4379)
[M::mem_pestat] mean and std.dev: (1331.39, 814.69)
[M::mem_pestat] low and high boundaries for proper pairs: (1, 5567)
[M::mem_pestat] skip orientation FF
[M::mem_pestat] skip orientation RF
[M::mem_pestat] skip orientation RR
[M::mem_process_seqs] Processed 266668 reads in 448.648 CPU sec, 112.327 real sec
[M::process] read 266668 sequences (40000200 bp)...
[M::mem_pestat] # candidate unique pairs for (FF, FR, RF, RR): (48, 20743, 7, 53)
[M::mem_pestat] analyzing insert size distribution for orientation FF...
[M::mem_pestat] (25, 50, 75) percentile: (376, 870, 1921)
[M::mem_pestat] low and high boundaries for computing mean and std.dev: (1, 5011)
[M::mem_pestat] mean and std.dev: (1063.86, 1057.11)
[M::mem_pestat] low and high boundaries for proper pairs: (1, 6556)
[M::mem_pestat] analyzing insert size distribution for orientation FR...
[M::mem_pestat] (25, 50, 75) percentile: (325, 511, 534)
[M::mem_pestat] low and high boundaries for computing mean and std.dev: (1, 952)
[M::mem_pestat] mean and std.dev: (434.24, 160.98)
[M::mem_pestat] low and high boundaries for proper pairs: (1, 1161)
[M::mem_pestat] skip orientation RF as there are not enough pairs
[M::mem_pestat] analyzing insert size distribution for orientation RR...
[M::mem_pestat] (25, 50, 75) percentile: (805, 1268, 2859)
[M::mem_pestat] low and high boundaries for computing mean and std.dev: (1, 6967)
[M::mem_pestat] mean and std.dev: (1584.30, 1447.06)
[M::mem_pestat] low and high boundaries for proper pairs: (1, 9021)
[M::mem_pestat] skip orientation FF
[M::mem_pestat] skip orientation RR
[M::mem_process_seqs] Processed 266668 reads in 449.358 CPU sec, 112.548 real sec
[M::process] read 266668 sequences (40000200 bp)...
[M::mem_pestat] # candidate unique pairs for (FF, FR, RF, RR): (58, 20898, 7, 73)
[M::mem_pestat] analyzing insert size distribution for orientation FF...
[M::mem_pestat] (25, 50, 75) percentile: (538, 978, 1677)
[M::mem_pestat] low and high boundaries for computing mean and std.dev: (1, 3955)
[M::mem_pestat] mean and std.dev: (1056.22, 840.99)
[M::mem_pestat] low and high boundaries for proper pairs: (1, 5094)
[M::mem_pestat] analyzing insert size distribution for orientation FR...
[M::mem_pestat] (25, 50, 75) percentile: (338, 511, 535)
[M::mem_pestat] low and high boundaries for computing mean and std.dev: (1, 929)
[M::mem_pestat] mean and std.dev: (438.45, 159.42)
[M::mem_pestat] low and high boundaries for proper pairs: (1, 1126)
[M::mem_pestat] skip orientation RF as there are not enough pairs
[M::mem_pestat] analyzing insert size distribution for orientation RR...
[M::mem_pestat] (25, 50, 75) percentile: (695, 1160, 2939)
[M::mem_pestat] low and high boundaries for computing mean and std.dev: (1, 7427)
[M::mem_pestat] mean and std.dev: (1626.75, 1287.66)
[M::mem_pestat] low and high boundaries for proper pairs: (1, 9671)
[M::mem_pestat] skip orientation FF
[M::mem_pestat] skip orientation RR
[M::mem_process_seqs] Processed 266668 reads in 441.859 CPU sec, 110.658 real sec
[M::process] read 266668 sequences (40000200 bp)...
[M::mem_pestat] # candidate unique pairs for (FF, FR, RF, RR): (56, 20583, 9, 52)
[M::mem_pestat] analyzing insert size distribution for orientation FF...
[M::mem_pestat] (25, 50, 75) percentile: (528, 958, 2246)
[M::mem_pestat] low and high boundaries for computing mean and std.dev: (1, 5682)
[M::mem_pestat] mean and std.dev: (1416.55, 1392.26)
[M::mem_pestat] low and high boundaries for proper pairs: (1, 7400)
[M::mem_pestat] analyzing insert size distribution for orientation FR...
[M::mem_pestat] (25, 50, 75) percentile: (328, 511, 535)
[M::mem_pestat] low and high boundaries for computing mean and std.dev: (1, 949)
[M::mem_pestat] mean and std.dev: (435.01, 160.27)
[M::mem_pestat] low and high boundaries for proper pairs: (1, 1156)
[M::mem_pestat] skip orientation RF as there are not enough pairs
[M::mem_pestat] analyzing insert size distribution for orientation RR...
[M::mem_pestat] (25, 50, 75) percentile: (849, 1481, 2137)
[M::mem_pestat] low and high boundaries for computing mean and std.dev: (1, 4713)
[M::mem_pestat] mean and std.dev: (1598.08, 947.63)
[M::mem_pestat] low and high boundaries for proper pairs: (1, 6001)
[M::mem_pestat] skip orientation FF
[M::mem_pestat] skip orientation RR
[M::mem_process_seqs] Processed 266668 reads in 445.448 CPU sec, 111.532 real sec
[M::process] read 266668 sequences (40000200 bp)...
[M::mem_pestat] # candidate unique pairs for (FF, FR, RF, RR): (55, 20813, 9, 65)
[M::mem_pestat] analyzing insert size distribution for orientation FF...
[M::mem_pestat] (25, 50, 75) percentile: (602, 1009, 1931)
[M::mem_pestat] low and high boundaries for computing mean and std.dev: (1, 4589)
[M::mem_pestat] mean and std.dev: (1310.83, 1067.15)
[M::mem_pestat] low and high boundaries for proper pairs: (1, 5918)
[M::mem_pestat] analyzing insert size distribution for orientation FR...
[M::mem_pestat] (25, 50, 75) percentile: (327, 511, 535)
[M::mem_pestat] low and high boundaries for computing mean and std.dev: (1, 951)
[M::mem_pestat] mean and std.dev: (434.83, 160.83)
[M::mem_pestat] low and high boundaries for proper pairs: (1, 1159)
[M::mem_pestat] skip orientation RF as there are not enough pairs
[M::mem_pestat] analyzing insert size distribution for orientation RR...
[M::mem_pestat] (25, 50, 75) percentile: (839, 1327, 2590)
[M::mem_pestat] low and high boundaries for computing mean and std.dev: (1, 6092)
[M::mem_pestat] mean and std.dev: (1641.82, 1227.37)
[M::mem_pestat] low and high boundaries for proper pairs: (1, 7843)
[M::mem_pestat] skip orientation FF
[M::mem_pestat] skip orientation RR
[M::mem_process_seqs] Processed 266668 reads in 443.377 CPU sec, 111.025 real sec
[M::process] read 266668 sequences (40000200 bp)...
[M::mem_pestat] # candidate unique pairs for (FF, FR, RF, RR): (71, 20792, 16, 46)
[M::mem_pestat] analyzing insert size distribution for orientation FF...
[M::mem_pestat] (25, 50, 75) percentile: (750, 1120, 2145)
[M::mem_pestat] low and high boundaries for computing mean and std.dev: (1, 4935)
[M::mem_pestat] mean and std.dev: (1359.94, 1107.67)
[M::mem_pestat] low and high boundaries for proper pairs: (1, 6330)
[M::mem_pestat] analyzing insert size distribution for orientation FR...
[M::mem_pestat] (25, 50, 75) percentile: (327, 511, 534)
[M::mem_pestat] low and high boundaries for computing mean and std.dev: (1, 948)
[M::mem_pestat] mean and std.dev: (434.82, 160.60)
[M::mem_pestat] low and high boundaries for proper pairs: (1, 1155)
[M::mem_pestat] analyzing insert size distribution for orientation RF...
[M::mem_pestat] (25, 50, 75) percentile: (435, 1008, 1480)
[M::mem_pestat] low and high boundaries for computing mean and std.dev: (1, 3570)
[M::mem_pestat] mean and std.dev: (816.79, 544.02)
[M::mem_pestat] low and high boundaries for proper pairs: (1, 4615)
[M::mem_pestat] analyzing insert size distribution for orientation RR...
[M::mem_pestat] (25, 50, 75) percentile: (683, 1097, 1984)
[M::mem_pestat] low and high boundaries for computing mean and std.dev: (1, 4586)
[M::mem_pestat] mean and std.dev: (1295.81, 1011.19)
[M::mem_pestat] low and high boundaries for proper pairs: (1, 5887)
[M::mem_pestat] skip orientation FF
[M::mem_pestat] skip orientation RF
[M::mem_pestat] skip orientation RR
[M::mem_process_seqs] Processed 266668 reads in 440.588 CPU sec, 110.305 real sec
[M::process] read 266668 sequences (40000200 bp)...
[M::mem_pestat] # candidate unique pairs for (FF, FR, RF, RR): (47, 20790, 14, 57)
[M::mem_pestat] analyzing insert size distribution for orientation FF...
[M::mem_pestat] (25, 50, 75) percentile: (583, 1204, 2079)
[M::mem_pestat] low and high boundaries for computing mean and std.dev: (1, 5071)
[M::mem_pestat] mean and std.dev: (1259.73, 1041.80)
[M::mem_pestat] low and high boundaries for proper pairs: (1, 6567)
[M::mem_pestat] analyzing insert size distribution for orientation FR...
[M::mem_pestat] (25, 50, 75) percentile: (328, 511, 534)
[M::mem_pestat] low and high boundaries for computing mean and std.dev: (1, 946)
[M::mem_pestat] mean and std.dev: (435.00, 160.71)
[M::mem_pestat] low and high boundaries for proper pairs: (1, 1152)
[M::mem_pestat] analyzing insert size distribution for orientation RF...
[M::mem_pestat] (25, 50, 75) percentile: (269, 408, 2147)
[M::mem_pestat] low and high boundaries for computing mean and std.dev: (1, 5903)
[M::mem_pestat] mean and std.dev: (1183.85, 1619.42)
[M::mem_pestat] low and high boundaries for proper pairs: (1, 7781)
[M::mem_pestat] analyzing insert size distribution for orientation RR...
[M::mem_pestat] (25, 50, 75) percentile: (859, 1498, 2619)
[M::mem_pestat] low and high boundaries for computing mean and std.dev: (1, 6139)
[M::mem_pestat] mean and std.dev: (1737.41, 1242.56)
[M::mem_pestat] low and high boundaries for proper pairs: (1, 7899)
[M::mem_pestat] skip orientation FF
[M::mem_pestat] skip orientation RF
[M::mem_pestat] skip orientation RR
[M::mem_process_seqs] Processed 266668 reads in 444.219 CPU sec, 111.267 real sec
[M::process] read 266668 sequences (40000200 bp)...
[M::mem_pestat] # candidate unique pairs for (FF, FR, RF, RR): (50, 20878, 18, 57)
[M::mem_pestat] analyzing insert size distribution for orientation FF...
[M::mem_pestat] (25, 50, 75) percentile: (389, 1005, 1500)
[M::mem_pestat] low and high boundaries for computing mean and std.dev: (1, 3722)
[M::mem_pestat] mean and std.dev: (935.59, 669.67)
[M::mem_pestat] low and high boundaries for proper pairs: (1, 4833)
[M::mem_pestat] analyzing insert size distribution for orientation FR...
[M::mem_pestat] (25, 50, 75) percentile: (322, 510, 534)
[M::mem_pestat] low and high boundaries for computing mean and std.dev: (1, 958)
[M::mem_pestat] mean and std.dev: (433.60, 161.15)
[M::mem_pestat] low and high boundaries for proper pairs: (1, 1170)
[M::mem_pestat] analyzing insert size distribution for orientation RF...
[M::mem_pestat] (25, 50, 75) percentile: (141, 775, 1034)
[M::mem_pestat] low and high boundaries for computing mean and std.dev: (1, 2820)
[M::mem_pestat] mean and std.dev: (619.59, 522.02)
[M::mem_pestat] low and high boundaries for proper pairs: (1, 3713)
[M::mem_pestat] analyzing insert size distribution for orientation RR...
[M::mem_pestat] (25, 50, 75) percentile: (804, 1517, 2817)
[M::mem_pestat] low and high boundaries for computing mean and std.dev: (1, 6843)
[M::mem_pestat] mean and std.dev: (1753.81, 1335.91)
[M::mem_pestat] low and high boundaries for proper pairs: (1, 8856)
[M::mem_pestat] skip orientation FF
[M::mem_pestat] skip orientation RF
[M::mem_pestat] skip orientation RR
[M::mem_process_seqs] Processed 266668 reads in 457.206 CPU sec, 114.508 real sec
[M::process] read 266668 sequences (40000200 bp)...
[M::mem_pestat] # candidate unique pairs for (FF, FR, RF, RR): (59, 20676, 15, 58)
[M::mem_pestat] analyzing insert size distribution for orientation FF...
[M::mem_pestat] (25, 50, 75) percentile: (690, 1014, 1881)
[M::mem_pestat] low and high boundaries for computing mean and std.dev: (1, 4263)
[M::mem_pestat] mean and std.dev: (1206.64, 891.80)
[M::mem_pestat] low and high boundaries for proper pairs: (1, 5454)
[M::mem_pestat] analyzing insert size distribution for orientation FR...
[M::mem_pestat] (25, 50, 75) percentile: (334, 511, 535)
[M::mem_pestat] low and high boundaries for computing mean and std.dev: (1, 937)
[M::mem_pestat] mean and std.dev: (437.55, 159.53)
[M::mem_pestat] low and high boundaries for proper pairs: (1, 1138)
[M::mem_pestat] analyzing insert size distribution for orientation RF...
[M::mem_pestat] (25, 50, 75) percentile: (400, 798, 2105)
[M::mem_pestat] low and high boundaries for computing mean and std.dev: (1, 5515)
[M::mem_pestat] mean and std.dev: (1301.00, 1245.23)
[M::mem_pestat] low and high boundaries for proper pairs: (1, 7220)
[M::mem_pestat] analyzing insert size distribution for orientation RR...
[M::mem_pestat] (25, 50, 75) percentile: (583, 927, 1806)
[M::mem_pestat] low and high boundaries for computing mean and std.dev: (1, 4252)
[M::mem_pestat] mean and std.dev: (1190.65, 882.49)
[M::mem_pestat] low and high boundaries for proper pairs: (1, 5475)
[M::mem_pestat] skip orientation FF
[M::mem_pestat] skip orientation RF
[M::mem_pestat] skip orientation RR
[M::mem_process_seqs] Processed 266668 reads in 429.544 CPU sec, 107.576 real sec
[M::process] read 266668 sequences (40000200 bp)...
[M::mem_pestat] # candidate unique pairs for (FF, FR, RF, RR): (64, 20692, 14, 64)
[M::mem_pestat] analyzing insert size distribution for orientation FF...
[M::mem_pestat] (25, 50, 75) percentile: (527, 957, 1672)
[M::mem_pestat] low and high boundaries for computing mean and std.dev: (1, 3962)
[M::mem_pestat] mean and std.dev: (1147.59, 827.00)
[M::mem_pestat] low and high boundaries for proper pairs: (1, 5107)
[M::mem_pestat] analyzing insert size distribution for orientation FR...
[M::mem_pestat] (25, 50, 75) percentile: (339, 511, 535)
[M::mem_pestat] low and high boundaries for computing mean and std.dev: (1, 927)
[M::mem_pestat] mean and std.dev: (439.15, 158.36)
[M::mem_pestat] low and high boundaries for proper pairs: (1, 1123)
[M::mem_pestat] analyzing insert size distribution for orientation RF...
[M::mem_pestat] (25, 50, 75) percentile: (247, 524, 1137)
[M::mem_pestat] low and high boundaries for computing mean and std.dev: (1, 2917)
[M::mem_pestat] mean and std.dev: (421.09, 313.75)
[M::mem_pestat] low and high boundaries for proper pairs: (1, 3807)
[M::mem_pestat] analyzing insert size distribution for orientation RR...
[M::mem_pestat] (25, 50, 75) percentile: (788, 1293, 2229)
[M::mem_pestat] low and high boundaries for computing mean and std.dev: (1, 5111)
[M::mem_pestat] mean and std.dev: (1656.78, 1192.55)
[M::mem_pestat] low and high boundaries for proper pairs: (1, 6552)
[M::mem_pestat] skip orientation FF
[M::mem_pestat] skip orientation RF
[M::mem_pestat] skip orientation RR
[M::mem_process_seqs] Processed 266668 reads in 436.944 CPU sec, 109.417 real sec
[M::process] read 266668 sequences (40000200 bp)...
[M::mem_pestat] # candidate unique pairs for (FF, FR, RF, RR): (67, 21115, 10, 53)
[M::mem_pestat] analyzing insert size distribution for orientation FF...
[M::mem_pestat] (25, 50, 75) percentile: (624, 1164, 1759)
[M::mem_pestat] low and high boundaries for computing mean and std.dev: (1, 4029)
[M::mem_pestat] mean and std.dev: (1197.78, 811.81)
[M::mem_pestat] low and high boundaries for proper pairs: (1, 5164)
[M::mem_pestat] analyzing insert size distribution for orientation FR...
[M::mem_pestat] (25, 50, 75) percentile: (331, 511, 535)
[M::mem_pestat] low and high boundaries for computing mean and std.dev: (1, 943)
[M::mem_pestat] mean and std.dev: (436.36, 160.03)
[M::mem_pestat] low and high boundaries for proper pairs: (1, 1147)
[M::mem_pestat] analyzing insert size distribution for orientation RF...
[M::mem_pestat] (25, 50, 75) percentile: (63, 1648, 2167)
[M::mem_pestat] low and high boundaries for computing mean and std.dev: (1, 6375)
[M::mem_pestat] mean and std.dev: (1356.40, 1038.22)
[M::mem_pestat] low and high boundaries for proper pairs: (1, 8479)
[M::mem_pestat] analyzing insert size distribution for orientation RR...
[M::mem_pestat] (25, 50, 75) percentile: (960, 1268, 2125)
[M::mem_pestat] low and high boundaries for computing mean and std.dev: (1, 4455)
[M::mem_pestat] mean and std.dev: (1501.61, 1028.25)
[M::mem_pestat] low and high boundaries for proper pairs: (1, 5620)
[M::mem_pestat] skip orientation FF
[M::mem_pestat] skip orientation RF
[M::mem_pestat] skip orientation RR
[M::mem_process_seqs] Processed 266668 reads in 439.620 CPU sec, 110.069 real sec
[M::process] read 266668 sequences (40000200 bp)...
[M::mem_pestat] # candidate unique pairs for (FF, FR, RF, RR): (46, 20884, 16, 53)
[M::mem_pestat] analyzing insert size distribution for orientation FF...
[M::mem_pestat] (25, 50, 75) percentile: (500, 1013, 1787)
[M::mem_pestat] low and high boundaries for computing mean and std.dev: (1, 4361)
[M::mem_pestat] mean and std.dev: (1167.77, 926.39)
[M::mem_pestat] low and high boundaries for proper pairs: (1, 5648)
[M::mem_pestat] analyzing insert size distribution for orientation FR...
[M::mem_pestat] (25, 50, 75) percentile: (323, 511, 535)
[M::mem_pestat] low and high boundaries for computing mean and std.dev: (1, 959)
[M::mem_pestat] mean and std.dev: (434.78, 161.08)
[M::mem_pestat] low and high boundaries for proper pairs: (1, 1171)
[M::mem_pestat] analyzing insert size distribution for orientation RF...
[M::mem_pestat] (25, 50, 75) percentile: (555, 1122, 2424)
[M::mem_pestat] low and high boundaries for computing mean and std.dev: (1, 6162)
[M::mem_pestat] mean and std.dev: (1248.27, 1094.58)
[M::mem_pestat] low and high boundaries for proper pairs: (1, 8031)
[M::mem_pestat] analyzing insert size distribution for orientation RR...
[M::mem_pestat] (25, 50, 75) percentile: (734, 1328, 2342)
[M::mem_pestat] low and high boundaries for computing mean and std.dev: (1, 5558)
[M::mem_pestat] mean and std.dev: (1414.94, 930.03)
[M::mem_pestat] low and high boundaries for proper pairs: (1, 7166)
[M::mem_pestat] skip orientation FF
[M::mem_pestat] skip orientation RF
[M::mem_pestat] skip orientation RR
[M::mem_process_seqs] Processed 266668 reads in 443.314 CPU sec, 111.273 real sec
[M::process] read 266668 sequences (40000200 bp)...
[M::mem_pestat] # candidate unique pairs for (FF, FR, RF, RR): (47, 20937, 6, 49)
[M::mem_pestat] analyzing insert size distribution for orientation FF...
[M::mem_pestat] (25, 50, 75) percentile: (803, 1306, 2165)
[M::mem_pestat] low and high boundaries for computing mean and std.dev: (1, 4889)
[M::mem_pestat] mean and std.dev: (1324.09, 874.00)
[M::mem_pestat] low and high boundaries for proper pairs: (1, 6251)
[M::mem_pestat] analyzing insert size distribution for orientation FR...
[M::mem_pestat] (25, 50, 75) percentile: (341, 511, 535)
[M::mem_pestat] low and high boundaries for computing mean and std.dev: (1, 923)
[M::mem_pestat] mean and std.dev: (438.11, 159.74)
[M::mem_pestat] low and high boundaries for proper pairs: (1, 1117)
[M::mem_pestat] skip orientation RF as there are not enough pairs
[M::mem_pestat] analyzing insert size distribution for orientation RR...
[M::mem_pestat] (25, 50, 75) percentile: (756, 1231, 2290)
[M::mem_pestat] low and high boundaries for computing mean and std.dev: (1, 5358)
[M::mem_pestat] mean and std.dev: (1404.83, 1068.90)
[M::mem_pestat] low and high boundaries for proper pairs: (1, 6892)
[M::mem_pestat] skip orientation FF
[M::mem_pestat] skip orientation RR
[M::mem_process_seqs] Processed 266668 reads in 437.831 CPU sec, 109.674 real sec
[M::process] read 266668 sequences (40000200 bp)...
[M::mem_pestat] # candidate unique pairs for (FF, FR, RF, RR): (60, 20830, 14, 58)
[M::mem_pestat] analyzing insert size distribution for orientation FF...
[M::mem_pestat] (25, 50, 75) percentile: (684, 1166, 2897)
[M::mem_pestat] low and high boundaries for computing mean and std.dev: (1, 7323)
[M::mem_pestat] mean and std.dev: (1610.89, 1420.63)
[M::mem_pestat] low and high boundaries for proper pairs: (1, 9536)
[M::mem_pestat] analyzing insert size distribution for orientation FR...
[M::mem_pestat] (25, 50, 75) percentile: (334, 511, 535)
[M::mem_pestat] low and high boundaries for computing mean and std.dev: (1, 937)
[M::mem_pestat] mean and std.dev: (437.16, 159.61)
[M::mem_pestat] low and high boundaries for proper pairs: (1, 1138)
[M::mem_pestat] analyzing insert size distribution for orientation RF...
[M::mem_pestat] (25, 50, 75) percentile: (346, 458, 1326)
[M::mem_pestat] low and high boundaries for computing mean and std.dev: (1, 3286)
[M::mem_pestat] mean and std.dev: (527.27, 397.28)
[M::mem_pestat] low and high boundaries for proper pairs: (1, 4266)
[M::mem_pestat] analyzing insert size distribution for orientation RR...
[M::mem_pestat] (25, 50, 75) percentile: (554, 939, 1956)
[M::mem_pestat] low and high boundaries for computing mean and std.dev: (1, 4760)
[M::mem_pestat] mean and std.dev: (1357.27, 1089.48)
[M::mem_pestat] low and high boundaries for proper pairs: (1, 6162)
[M::mem_pestat] skip orientation FF
[M::mem_pestat] skip orientation RF
[M::mem_pestat] skip orientation RR
[M::mem_process_seqs] Processed 266668 reads in 442.600 CPU sec, 110.875 real sec
[M::process] read 266668 sequences (40000200 bp)...
[M::mem_pestat] # candidate unique pairs for (FF, FR, RF, RR): (44, 21067, 14, 62)
[M::mem_pestat] analyzing insert size distribution for orientation FF...
[M::mem_pestat] (25, 50, 75) percentile: (597, 1049, 1979)
[M::mem_pestat] low and high boundaries for computing mean and std.dev: (1, 4743)
[M::mem_pestat] mean and std.dev: (1190.12, 1020.47)
[M::mem_pestat] low and high boundaries for proper pairs: (1, 6125)
[M::mem_pestat] analyzing insert size distribution for orientation FR...
[M::mem_pestat] (25, 50, 75) percentile: (332, 511, 535)
[M::mem_pestat] low and high boundaries for computing mean and std.dev: (1, 941)
[M::mem_pestat] mean and std.dev: (436.44, 160.08)
[M::mem_pestat] low and high boundaries for proper pairs: (1, 1144)
[M::mem_pestat] analyzing insert size distribution for orientation RF...
[M::mem_pestat] (25, 50, 75) percentile: (302, 925, 1936)
[M::mem_pestat] low and high boundaries for computing mean and std.dev: (1, 5204)
[M::mem_pestat] mean and std.dev: (1063.77, 947.44)
[M::mem_pestat] low and high boundaries for proper pairs: (1, 6838)
[M::mem_pestat] analyzing insert size distribution for orientation RR...
[M::mem_pestat] (25, 50, 75) percentile: (823, 1165, 1720)
[M::mem_pestat] low and high boundaries for computing mean and std.dev: (1, 3514)
[M::mem_pestat] mean and std.dev: (1291.72, 688.61)
[M::mem_pestat] low and high boundaries for proper pairs: (1, 4411)
[M::mem_pestat] skip orientation FF
[M::mem_pestat] skip orientation RF
[M::mem_pestat] skip orientation RR
[M::mem_process_seqs] Processed 266668 reads in 442.028 CPU sec, 110.666 real sec
[M::process] read 266668 sequences (40000200 bp)...
[M::mem_pestat] # candidate unique pairs for (FF, FR, RF, RR): (54, 20844, 9, 57)
[M::mem_pestat] analyzing insert size distribution for orientation FF...
[M::mem_pestat] (25, 50, 75) percentile: (543, 913, 1748)
[M::mem_pestat] low and high boundaries for computing mean and std.dev: (1, 4158)
[M::mem_pestat] mean and std.dev: (1109.98, 797.11)
[M::mem_pestat] low and high boundaries for proper pairs: (1, 5363)
[M::mem_pestat] analyzing insert size distribution for orientation FR...
[M::mem_pestat] (25, 50, 75) percentile: (331, 511, 535)
[M::mem_pestat] low and high boundaries for computing mean and std.dev: (1, 943)
[M::mem_pestat] mean and std.dev: (436.19, 160.83)
[M::mem_pestat] low and high boundaries for proper pairs: (1, 1147)
[M::mem_pestat] skip orientation RF as there are not enough pairs
[M::mem_pestat] analyzing insert size distribution for orientation RR...
[M::mem_pestat] (25, 50, 75) percentile: (810, 1113, 2087)
[M::mem_pestat] low and high boundaries for computing mean and std.dev: (1, 4641)
[M::mem_pestat] mean and std.dev: (1311.75, 907.22)
[M::mem_pestat] low and high boundaries for proper pairs: (1, 5918)
[M::mem_pestat] skip orientation FF
[M::mem_pestat] skip orientation RR
[M::mem_process_seqs] Processed 266668 reads in 446.860 CPU sec, 111.895 real sec
[M::process] read 266668 sequences (40000200 bp)...
[M::mem_pestat] # candidate unique pairs for (FF, FR, RF, RR): (50, 20871, 12, 57)
[M::mem_pestat] analyzing insert size distribution for orientation FF...
[M::mem_pestat] (25, 50, 75) percentile: (302, 818, 1320)
[M::mem_pestat] low and high boundaries for computing mean and std.dev: (1, 3356)
[M::mem_pestat] mean and std.dev: (797.64, 631.29)
[M::mem_pestat] low and high boundaries for proper pairs: (1, 4374)
[M::mem_pestat] analyzing insert size distribution for orientation FR...
[M::mem_pestat] (25, 50, 75) percentile: (326, 511, 534)
[M::mem_pestat] low and high boundaries for computing mean and std.dev: (1, 950)
[M::mem_pestat] mean and std.dev: (435.34, 160.36)
[M::mem_pestat] low and high boundaries for proper pairs: (1, 1158)
[M::mem_pestat] analyzing insert size distribution for orientation RF...
[M::mem_pestat] (25, 50, 75) percentile: (778, 1557, 2769)
[M::mem_pestat] low and high boundaries for computing mean and std.dev: (1, 6751)
[M::mem_pestat] mean and std.dev: (1812.83, 1669.54)
[M::mem_pestat] low and high boundaries for proper pairs: (1, 8742)
[M::mem_pestat] analyzing insert size distribution for orientation RR...
[M::mem_pestat] (25, 50, 75) percentile: (951, 1265, 1821)
[M::mem_pestat] low and high boundaries for computing mean and std.dev: (1, 3561)
[M::mem_pestat] mean and std.dev: (1334.21, 665.17)
[M::mem_pestat] low and high boundaries for proper pairs: (1, 4431)
[M::mem_pestat] skip orientation FF
[M::mem_pestat] skip orientation RF
[M::mem_pestat] skip orientation RR
[M::mem_process_seqs] Processed 266668 reads in 454.402 CPU sec, 113.781 real sec
[M::process] read 266668 sequences (40000200 bp)...
[M::mem_pestat] # candidate unique pairs for (FF, FR, RF, RR): (60, 20882, 10, 59)
[M::mem_pestat] analyzing insert size distribution for orientation FF...
[M::mem_pestat] (25, 50, 75) percentile: (606, 1048, 1896)
[M::mem_pestat] low and high boundaries for computing mean and std.dev: (1, 4476)
[M::mem_pestat] mean and std.dev: (1221.73, 923.99)
[M::mem_pestat] low and high boundaries for proper pairs: (1, 5766)
[M::mem_pestat] analyzing insert size distribution for orientation FR...
[M::mem_pestat] (25, 50, 75) percentile: (335, 511, 535)
[M::mem_pestat] low and high boundaries for computing mean and std.dev: (1, 935)
[M::mem_pestat] mean and std.dev: (437.03, 160.14)
[M::mem_pestat] low and high boundaries for proper pairs: (1, 1135)
[M::mem_pestat] analyzing insert size distribution for orientation RF...
[M::mem_pestat] (25, 50, 75) percentile: (439, 1182, 2574)
[M::mem_pestat] low and high boundaries for computing mean and std.dev: (1, 6844)
[M::mem_pestat] mean and std.dev: (1176.67, 1062.82)
[M::mem_pestat] low and high boundaries for proper pairs: (1, 8979)
[M::mem_pestat] analyzing insert size distribution for orientation RR...
[M::mem_pestat] (25, 50, 75) percentile: (643, 1206, 2049)
[M::mem_pestat] low and high boundaries for computing mean and std.dev: (1, 4861)
[M::mem_pestat] mean and std.dev: (1272.64, 949.80)
[M::mem_pestat] low and high boundaries for proper pairs: (1, 6267)
[M::mem_pestat] skip orientation FF
[M::mem_pestat] skip orientation RF
[M::mem_pestat] skip orientation RR
[M::mem_process_seqs] Processed 266668 reads in 442.127 CPU sec, 110.747 real sec
[M::process] read 266668 sequences (40000200 bp)...
[M::mem_pestat] # candidate unique pairs for (FF, FR, RF, RR): (63, 20930, 8, 59)
[M::mem_pestat] analyzing insert size distribution for orientation FF...
[M::mem_pestat] (25, 50, 75) percentile: (635, 929, 1619)
[M::mem_pestat] low and high boundaries for computing mean and std.dev: (1, 3587)
[M::mem_pestat] mean and std.dev: (1081.39, 797.08)
[M::mem_pestat] low and high boundaries for proper pairs: (1, 4571)
[M::mem_pestat] analyzing insert size distribution for orientation FR...
[M::mem_pestat] (25, 50, 75) percentile: (334, 512, 535)
[M::mem_pestat] low and high boundaries for computing mean and std.dev: (1, 937)
[M::mem_pestat] mean and std.dev: (436.98, 159.85)
[M::mem_pestat] low and high boundaries for proper pairs: (1, 1138)
[M::mem_pestat] skip orientation RF as there are not enough pairs
[M::mem_pestat] analyzing insert size distribution for orientation RR...
[M::mem_pestat] (25, 50, 75) percentile: (790, 1281, 1918)
[M::mem_pestat] low and high boundaries for computing mean and std.dev: (1, 4174)
[M::mem_pestat] mean and std.dev: (1386.79, 802.58)
[M::mem_pestat] low and high boundaries for proper pairs: (1, 5302)
[M::mem_pestat] skip orientation FF
[M::mem_pestat] skip orientation RR
[M::mem_process_seqs] Processed 266668 reads in 445.452 CPU sec, 111.563 real sec
[M::process] read 246336 sequences (36950400 bp)...
[M::mem_pestat] # candidate unique pairs for (FF, FR, RF, RR): (53, 20394, 17, 74)
[M::mem_pestat] analyzing insert size distribution for orientation FF...
[M::mem_pestat] (25, 50, 75) percentile: (505, 802, 1600)
[M::mem_pestat] low and high boundaries for computing mean and std.dev: (1, 3790)
[M::mem_pestat] mean and std.dev: (945.90, 690.87)
[M::mem_pestat] low and high boundaries for proper pairs: (1, 4885)
[M::mem_pestat] analyzing insert size distribution for orientation FR...
[M::mem_pestat] (25, 50, 75) percentile: (329, 510, 533)
[M::mem_pestat] low and high boundaries for computing mean and std.dev: (1, 941)
[M::mem_pestat] mean and std.dev: (434.42, 159.51)
[M::mem_pestat] low and high boundaries for proper pairs: (1, 1145)
[M::mem_pestat] analyzing insert size distribution for orientation RF...
[M::mem_pestat] (25, 50, 75) percentile: (337, 612, 2166)
[M::mem_pestat] low and high boundaries for computing mean and std.dev: (1, 5824)
[M::mem_pestat] mean and std.dev: (784.67, 686.50)
[M::mem_pestat] low and high boundaries for proper pairs: (1, 7653)
[M::mem_pestat] analyzing insert size distribution for orientation RR...
[M::mem_pestat] (25, 50, 75) percentile: (698, 1171, 1811)
[M::mem_pestat] low and high boundaries for computing mean and std.dev: (1, 4037)
[M::mem_pestat] mean and std.dev: (1274.91, 866.17)
[M::mem_pestat] low and high boundaries for proper pairs: (1, 5150)
[M::mem_pestat] skip orientation FF
[M::mem_pestat] skip orientation RF
[M::mem_pestat] skip orientation RR
[M::mem_process_seqs] Processed 266668 reads in 459.240 CPU sec, 114.983 real sec
[M::mem_pestat] # candidate unique pairs for (FF, FR, RF, RR): (55, 19200, 20, 47)
[M::mem_pestat] analyzing insert size distribution for orientation FF...
[M::mem_pestat] (25, 50, 75) percentile: (532, 1076, 2130)
[M::mem_pestat] low and high boundaries for computing mean and std.dev: (1, 5326)
[M::mem_pestat] mean and std.dev: (1329.90, 1128.08)
[M::mem_pestat] low and high boundaries for proper pairs: (1, 6924)
[M::mem_pestat] analyzing insert size distribution for orientation FR...
[M::mem_pestat] (25, 50, 75) percentile: (319, 511, 534)
[M::mem_pestat] low and high boundaries for computing mean and std.dev: (1, 964)
[M::mem_pestat] mean and std.dev: (433.29, 161.10)
[M::mem_pestat] low and high boundaries for proper pairs: (1, 1179)
[M::mem_pestat] analyzing insert size distribution for orientation RF...
[M::mem_pestat] (25, 50, 75) percentile: (257, 580, 1470)
[M::mem_pestat] low and high boundaries for computing mean and std.dev: (1, 3896)
[M::mem_pestat] mean and std.dev: (657.61, 588.33)
[M::mem_pestat] low and high boundaries for proper pairs: (1, 5109)
[M::mem_pestat] analyzing insert size distribution for orientation RR...
[M::mem_pestat] (25, 50, 75) percentile: (943, 1399, 2416)
[M::mem_pestat] low and high boundaries for computing mean and std.dev: (1, 5362)
[M::mem_pestat] mean and std.dev: (1535.84, 967.54)
[M::mem_pestat] low and high boundaries for proper pairs: (1, 6835)
[M::mem_pestat] skip orientation FF
[M::mem_pestat] skip orientation RF
[M::mem_pestat] skip orientation RR
[M::mem_process_seqs] Processed 246336 reads in 429.596 CPU sec, 107.567 real sec
[main] Version: 0.7.17-r1188
[main] CMD: bwa mem -t 4 -a /mnt/raid6/bacphagenetwork/data/bwa_index/chm13v2.0_noY.fa /mnt/raid6/bacphagenetwork/data/skin_metagenome/Guangzhou/02_rm_host/152_1.fastq.gz /mnt/raid6/bacphagenetwork/data/skin_metagenome/Guangzhou/02_rm_host/152_2.fastq.gz
[main] Real time: 6823.769 sec; CPU: 27215.392 sec
