/home/bacphagenetwork/.bashrc: line 15: Custom: command not found
[M::bwa_idx_load_from_disk] read 0 ALT contigs
[M::process] read 266668 sequences (40000200 bp)...
[M::process] read 266668 sequences (40000200 bp)...
[M::mem_pestat] # candidate unique pairs for (FF, FR, RF, RR): (70, 71548, 17, 68)
[M::mem_pestat] analyzing insert size distribution for orientation FF...
[M::mem_pestat] (25, 50, 75) percentile: (491, 1012, 1987)
[M::mem_pestat] low and high boundaries for computing mean and std.dev: (1, 4979)
[M::mem_pestat] mean and std.dev: (1300.04, 1141.35)
[M::mem_pestat] low and high boundaries for proper pairs: (1, 6475)
[M::mem_pestat] analyzing insert size distribution for orientation FR...
[M::mem_pestat] (25, 50, 75) percentile: (508, 524, 550)
[M::mem_pestat] low and high boundaries for computing mean and std.dev: (424, 634)
[M::mem_pestat] mean and std.dev: (533.21, 30.77)
[M::mem_pestat] low and high boundaries for proper pairs: (382, 676)
[M::mem_pestat] analyzing insert size distribution for orientation RF...
[M::mem_pestat] (25, 50, 75) percentile: (266, 646, 3050)
[M::mem_pestat] low and high boundaries for computing mean and std.dev: (1, 8618)
[M::mem_pestat] mean and std.dev: (1558.24, 1707.57)
[M::mem_pestat] low and high boundaries for proper pairs: (1, 11402)
[M::mem_pestat] analyzing insert size distribution for orientation RR...
[M::mem_pestat] (25, 50, 75) percentile: (801, 1154, 1776)
[M::mem_pestat] low and high boundaries for computing mean and std.dev: (1, 3726)
[M::mem_pestat] mean and std.dev: (1155.05, 686.36)
[M::mem_pestat] low and high boundaries for proper pairs: (1, 4701)
[M::mem_pestat] skip orientation FF
[M::mem_pestat] skip orientation RF
[M::mem_pestat] skip orientation RR
[M::mem_process_seqs] Processed 266668 reads in 579.429 CPU sec, 145.197 real sec
[M::process] read 266668 sequences (40000200 bp)...
[M::mem_pestat] # candidate unique pairs for (FF, FR, RF, RR): (64, 71250, 12, 79)
[M::mem_pestat] analyzing insert size distribution for orientation FF...
[M::mem_pestat] (25, 50, 75) percentile: (594, 1169, 1807)
[M::mem_pestat] low and high boundaries for computing mean and std.dev: (1, 4233)
[M::mem_pestat] mean and std.dev: (1213.75, 837.26)
[M::mem_pestat] low and high boundaries for proper pairs: (1, 5446)
[M::mem_pestat] analyzing insert size distribution for orientation FR...
[M::mem_pestat] (25, 50, 75) percentile: (508, 523, 551)
[M::mem_pestat] low and high boundaries for computing mean and std.dev: (422, 637)
[M::mem_pestat] mean and std.dev: (533.50, 31.38)
[M::mem_pestat] low and high boundaries for proper pairs: (379, 680)
[M::mem_pestat] analyzing insert size distribution for orientation RF...
[M::mem_pestat] (25, 50, 75) percentile: (325, 657, 2385)
[M::mem_pestat] low and high boundaries for computing mean and std.dev: (1, 6505)
[M::mem_pestat] mean and std.dev: (1236.17, 1427.93)
[M::mem_pestat] low and high boundaries for proper pairs: (1, 8565)
[M::mem_pestat] analyzing insert size distribution for orientation RR...
[M::mem_pestat] (25, 50, 75) percentile: (952, 1391, 2456)
[M::mem_pestat] low and high boundaries for computing mean and std.dev: (1, 5464)
[M::mem_pestat] mean and std.dev: (1598.64, 1073.41)
[M::mem_pestat] low and high boundaries for proper pairs: (1, 6968)
[M::mem_pestat] skip orientation FF
[M::mem_pestat] skip orientation RF
[M::mem_pestat] skip orientation RR
[M::mem_process_seqs] Processed 266668 reads in 572.418 CPU sec, 143.323 real sec
[M::process] read 266668 sequences (40000200 bp)...
[M::mem_pestat] # candidate unique pairs for (FF, FR, RF, RR): (78, 71155, 21, 78)
[M::mem_pestat] analyzing insert size distribution for orientation FF...
[M::mem_pestat] (25, 50, 75) percentile: (561, 1158, 1783)
[M::mem_pestat] low and high boundaries for computing mean and std.dev: (1, 4227)
[M::mem_pestat] mean and std.dev: (1152.00, 877.30)
[M::mem_pestat] low and high boundaries for proper pairs: (1, 5449)
[M::mem_pestat] analyzing insert size distribution for orientation FR...
[M::mem_pestat] (25, 50, 75) percentile: (508, 523, 550)
[M::mem_pestat] low and high boundaries for computing mean and std.dev: (424, 634)
[M::mem_pestat] mean and std.dev: (533.24, 30.84)
[M::mem_pestat] low and high boundaries for proper pairs: (382, 676)
[M::mem_pestat] analyzing insert size distribution for orientation RF...
[M::mem_pestat] (25, 50, 75) percentile: (229, 616, 4424)
[M::mem_pestat] low and high boundaries for computing mean and std.dev: (1, 12814)
[M::mem_pestat] mean and std.dev: (2051.00, 2468.57)
[M::mem_pestat] low and high boundaries for proper pairs: (1, 17009)
[M::mem_pestat] analyzing insert size distribution for orientation RR...
[M::mem_pestat] (25, 50, 75) percentile: (845, 1312, 2633)
[M::mem_pestat] low and high boundaries for computing mean and std.dev: (1, 6209)
[M::mem_pestat] mean and std.dev: (1593.64, 1013.87)
[M::mem_pestat] low and high boundaries for proper pairs: (1, 7997)
[M::mem_pestat] skip orientation FF
[M::mem_pestat] skip orientation RF
[M::mem_pestat] skip orientation RR
[M::mem_process_seqs] Processed 266668 reads in 576.906 CPU sec, 144.432 real sec
[M::process] read 266668 sequences (40000200 bp)...
[M::mem_pestat] # candidate unique pairs for (FF, FR, RF, RR): (63, 71872, 18, 65)
[M::mem_pestat] analyzing insert size distribution for orientation FF...
[M::mem_pestat] (25, 50, 75) percentile: (662, 1063, 1755)
[M::mem_pestat] low and high boundaries for computing mean and std.dev: (1, 3941)
[M::mem_pestat] mean and std.dev: (1085.18, 684.01)
[M::mem_pestat] low and high boundaries for proper pairs: (1, 5034)
[M::mem_pestat] analyzing insert size distribution for orientation FR...
[M::mem_pestat] (25, 50, 75) percentile: (508, 524, 551)
[M::mem_pestat] low and high boundaries for computing mean and std.dev: (422, 637)
[M::mem_pestat] mean and std.dev: (533.62, 31.57)
[M::mem_pestat] low and high boundaries for proper pairs: (379, 680)
[M::mem_pestat] analyzing insert size distribution for orientation RF...
[M::mem_pestat] (25, 50, 75) percentile: (329, 838, 1521)
[M::mem_pestat] low and high boundaries for computing mean and std.dev: (1, 3905)
[M::mem_pestat] mean and std.dev: (895.44, 794.05)
[M::mem_pestat] low and high boundaries for proper pairs: (1, 5097)
[M::mem_pestat] analyzing insert size distribution for orientation RR...
[M::mem_pestat] (25, 50, 75) percentile: (872, 1284, 2004)
[M::mem_pestat] low and high boundaries for computing mean and std.dev: (1, 4268)
[M::mem_pestat] mean and std.dev: (1356.22, 846.52)
[M::mem_pestat] low and high boundaries for proper pairs: (1, 5400)
[M::mem_pestat] skip orientation FF
[M::mem_pestat] skip orientation RF
[M::mem_pestat] skip orientation RR
[M::mem_process_seqs] Processed 266668 reads in 574.637 CPU sec, 143.875 real sec
[M::process] read 266668 sequences (40000200 bp)...
[M::mem_pestat] # candidate unique pairs for (FF, FR, RF, RR): (62, 70943, 20, 63)
[M::mem_pestat] analyzing insert size distribution for orientation FF...
[M::mem_pestat] (25, 50, 75) percentile: (338, 1108, 1772)
[M::mem_pestat] low and high boundaries for computing mean and std.dev: (1, 4640)
[M::mem_pestat] mean and std.dev: (1054.93, 764.68)
[M::mem_pestat] low and high boundaries for proper pairs: (1, 6074)
[M::mem_pestat] analyzing insert size distribution for orientation FR...
[M::mem_pestat] (25, 50, 75) percentile: (508, 524, 551)
[M::mem_pestat] low and high boundaries for computing mean and std.dev: (422, 637)
[M::mem_pestat] mean and std.dev: (533.49, 31.35)
[M::mem_pestat] low and high boundaries for proper pairs: (379, 680)
[M::mem_pestat] analyzing insert size distribution for orientation RF...
[M::mem_pestat] (25, 50, 75) percentile: (515, 1046, 4574)
[M::mem_pestat] low and high boundaries for computing mean and std.dev: (1, 12692)
[M::mem_pestat] mean and std.dev: (2306.20, 2802.96)
[M::mem_pestat] low and high boundaries for proper pairs: (1, 16751)
[M::mem_pestat] analyzing insert size distribution for orientation RR...
[M::mem_pestat] (25, 50, 75) percentile: (975, 1513, 2832)
[M::mem_pestat] low and high boundaries for computing mean and std.dev: (1, 6546)
[M::mem_pestat] mean and std.dev: (1876.12, 1292.35)
[M::mem_pestat] low and high boundaries for proper pairs: (1, 8403)
[M::mem_pestat] skip orientation FF
[M::mem_pestat] skip orientation RF
[M::mem_pestat] skip orientation RR
[M::mem_process_seqs] Processed 266668 reads in 578.363 CPU sec, 145.005 real sec
[M::process] read 266668 sequences (40000200 bp)...
[M::mem_pestat] # candidate unique pairs for (FF, FR, RF, RR): (68, 71521, 21, 82)
[M::mem_pestat] analyzing insert size distribution for orientation FF...
[M::mem_pestat] (25, 50, 75) percentile: (749, 1116, 1813)
[M::mem_pestat] low and high boundaries for computing mean and std.dev: (1, 3941)
[M::mem_pestat] mean and std.dev: (1184.38, 785.55)
[M::mem_pestat] low and high boundaries for proper pairs: (1, 5005)
[M::mem_pestat] analyzing insert size distribution for orientation FR...
[M::mem_pestat] (25, 50, 75) percentile: (508, 523, 550)
[M::mem_pestat] low and high boundaries for computing mean and std.dev: (424, 634)
[M::mem_pestat] mean and std.dev: (533.02, 30.79)
[M::mem_pestat] low and high boundaries for proper pairs: (382, 676)
[M::mem_pestat] analyzing insert size distribution for orientation RF...
[M::mem_pestat] (25, 50, 75) percentile: (274, 685, 2460)
[M::mem_pestat] low and high boundaries for computing mean and std.dev: (1, 6832)
[M::mem_pestat] mean and std.dev: (1200.95, 1248.38)
[M::mem_pestat] low and high boundaries for proper pairs: (1, 9018)
[M::mem_pestat] analyzing insert size distribution for orientation RR...
[M::mem_pestat] (25, 50, 75) percentile: (853, 1148, 1629)
[M::mem_pestat] low and high boundaries for computing mean and std.dev: (1, 3181)
[M::mem_pestat] mean and std.dev: (1144.95, 624.94)
[M::mem_pestat] low and high boundaries for proper pairs: (1, 3957)
[M::mem_pestat] skip orientation FF
[M::mem_pestat] skip orientation RF
[M::mem_pestat] skip orientation RR
[M::mem_process_seqs] Processed 266668 reads in 578.069 CPU sec, 144.726 real sec
[M::process] read 266668 sequences (40000200 bp)...
[M::mem_pestat] # candidate unique pairs for (FF, FR, RF, RR): (70, 71863, 21, 63)
[M::mem_pestat] analyzing insert size distribution for orientation FF...
[M::mem_pestat] (25, 50, 75) percentile: (639, 1378, 2361)
[M::mem_pestat] low and high boundaries for computing mean and std.dev: (1, 5805)
[M::mem_pestat] mean and std.dev: (1723.39, 1447.44)
[M::mem_pestat] low and high boundaries for proper pairs: (1, 7527)
[M::mem_pestat] analyzing insert size distribution for orientation FR...
[M::mem_pestat] (25, 50, 75) percentile: (508, 524, 551)
[M::mem_pestat] low and high boundaries for computing mean and std.dev: (422, 637)
[M::mem_pestat] mean and std.dev: (533.70, 31.33)
[M::mem_pestat] low and high boundaries for proper pairs: (379, 680)
[M::mem_pestat] analyzing insert size distribution for orientation RF...
[M::mem_pestat] (25, 50, 75) percentile: (401, 974, 3893)
[M::mem_pestat] low and high boundaries for computing mean and std.dev: (1, 10877)
[M::mem_pestat] mean and std.dev: (2027.19, 2221.88)
[M::mem_pestat] low and high boundaries for proper pairs: (1, 14369)
[M::mem_pestat] analyzing insert size distribution for orientation RR...
[M::mem_pestat] (25, 50, 75) percentile: (815, 1245, 2082)
[M::mem_pestat] low and high boundaries for computing mean and std.dev: (1, 4616)
[M::mem_pestat] mean and std.dev: (1302.07, 893.98)
[M::mem_pestat] low and high boundaries for proper pairs: (1, 5883)
[M::mem_pestat] skip orientation FF
[M::mem_pestat] skip orientation RF
[M::mem_pestat] skip orientation RR
[M::mem_process_seqs] Processed 266668 reads in 561.590 CPU sec, 140.577 real sec
[M::process] read 266668 sequences (40000200 bp)...
[M::mem_pestat] # candidate unique pairs for (FF, FR, RF, RR): (58, 71516, 13, 82)
[M::mem_pestat] analyzing insert size distribution for orientation FF...
[M::mem_pestat] (25, 50, 75) percentile: (601, 1105, 2161)
[M::mem_pestat] low and high boundaries for computing mean and std.dev: (1, 5281)
[M::mem_pestat] mean and std.dev: (1474.09, 1321.21)
[M::mem_pestat] low and high boundaries for proper pairs: (1, 6841)
[M::mem_pestat] analyzing insert size distribution for orientation FR...
[M::mem_pestat] (25, 50, 75) percentile: (508, 524, 551)
[M::mem_pestat] low and high boundaries for computing mean and std.dev: (422, 637)
[M::mem_pestat] mean and std.dev: (533.69, 31.53)
[M::mem_pestat] low and high boundaries for proper pairs: (379, 680)
[M::mem_pestat] analyzing insert size distribution for orientation RF...
[M::mem_pestat] (25, 50, 75) percentile: (848, 1303, 2883)
[M::mem_pestat] low and high boundaries for computing mean and std.dev: (1, 6953)
[M::mem_pestat] mean and std.dev: (1820.77, 1528.59)
[M::mem_pestat] low and high boundaries for proper pairs: (1, 8988)
[M::mem_pestat] analyzing insert size distribution for orientation RR...
[M::mem_pestat] (25, 50, 75) percentile: (741, 1258, 2129)
[M::mem_pestat] low and high boundaries for computing mean and std.dev: (1, 4905)
[M::mem_pestat] mean and std.dev: (1387.26, 973.46)
[M::mem_pestat] low and high boundaries for proper pairs: (1, 6293)
[M::mem_pestat] skip orientation FF
[M::mem_pestat] skip orientation RF
[M::mem_pestat] skip orientation RR
[M::mem_process_seqs] Processed 266668 reads in 563.123 CPU sec, 141.083 real sec
[M::process] read 266668 sequences (40000200 bp)...
[M::mem_pestat] # candidate unique pairs for (FF, FR, RF, RR): (64, 71672, 12, 71)
[M::mem_pestat] analyzing insert size distribution for orientation FF...
[M::mem_pestat] (25, 50, 75) percentile: (512, 1228, 2391)
[M::mem_pestat] low and high boundaries for computing mean and std.dev: (1, 6149)
[M::mem_pestat] mean and std.dev: (1575.40, 1316.99)
[M::mem_pestat] low and high boundaries for proper pairs: (1, 8028)
[M::mem_pestat] analyzing insert size distribution for orientation FR...
[M::mem_pestat] (25, 50, 75) percentile: (508, 524, 551)
[M::mem_pestat] low and high boundaries for computing mean and std.dev: (422, 637)
[M::mem_pestat] mean and std.dev: (533.63, 31.27)
[M::mem_pestat] low and high boundaries for proper pairs: (379, 680)
[M::mem_pestat] analyzing insert size distribution for orientation RF...
[M::mem_pestat] (25, 50, 75) percentile: (248, 831, 2910)
[M::mem_pestat] low and high boundaries for computing mean and std.dev: (1, 8234)
[M::mem_pestat] mean and std.dev: (1752.50, 2121.09)
[M::mem_pestat] low and high boundaries for proper pairs: (1, 10896)
[M::mem_pestat] analyzing insert size distribution for orientation RR...
[M::mem_pestat] (25, 50, 75) percentile: (869, 1326, 2481)
[M::mem_pestat] low and high boundaries for computing mean and std.dev: (1, 5705)
[M::mem_pestat] mean and std.dev: (1559.45, 1103.94)
[M::mem_pestat] low and high boundaries for proper pairs: (1, 7317)
[M::mem_pestat] skip orientation FF
[M::mem_pestat] skip orientation RF
[M::mem_pestat] skip orientation RR
[M::mem_process_seqs] Processed 266668 reads in 564.179 CPU sec, 141.247 real sec
[M::process] read 266668 sequences (40000200 bp)...
[M::mem_pestat] # candidate unique pairs for (FF, FR, RF, RR): (73, 71496, 23, 64)
[M::mem_pestat] analyzing insert size distribution for orientation FF...
[M::mem_pestat] (25, 50, 75) percentile: (479, 1081, 2127)
[M::mem_pestat] low and high boundaries for computing mean and std.dev: (1, 5423)
[M::mem_pestat] mean and std.dev: (1487.61, 1338.72)
[M::mem_pestat] low and high boundaries for proper pairs: (1, 7071)
[M::mem_pestat] analyzing insert size distribution for orientation FR...
[M::mem_pestat] (25, 50, 75) percentile: (508, 524, 551)
[M::mem_pestat] low and high boundaries for computing mean and std.dev: (422, 637)
[M::mem_pestat] mean and std.dev: (533.51, 31.31)
[M::mem_pestat] low and high boundaries for proper pairs: (379, 680)
[M::mem_pestat] analyzing insert size distribution for orientation RF...
[M::mem_pestat] (25, 50, 75) percentile: (782, 1336, 2890)
[M::mem_pestat] low and high boundaries for computing mean and std.dev: (1, 7106)
[M::mem_pestat] mean and std.dev: (1643.67, 1263.54)
[M::mem_pestat] low and high boundaries for proper pairs: (1, 9214)
[M::mem_pestat] analyzing insert size distribution for orientation RR...
[M::mem_pestat] (25, 50, 75) percentile: (855, 1310, 2377)
[M::mem_pestat] low and high boundaries for computing mean and std.dev: (1, 5421)
[M::mem_pestat] mean and std.dev: (1487.52, 1034.55)
[M::mem_pestat] low and high boundaries for proper pairs: (1, 6943)
[M::mem_pestat] skip orientation FF
[M::mem_pestat] skip orientation RF
[M::mem_pestat] skip orientation RR
[M::mem_process_seqs] Processed 266668 reads in 567.805 CPU sec, 142.159 real sec
[M::process] read 266668 sequences (40000200 bp)...
[M::mem_pestat] # candidate unique pairs for (FF, FR, RF, RR): (84, 71226, 13, 84)
[M::mem_pestat] analyzing insert size distribution for orientation FF...
[M::mem_pestat] (25, 50, 75) percentile: (695, 1167, 1617)
[M::mem_pestat] low and high boundaries for computing mean and std.dev: (1, 3461)
[M::mem_pestat] mean and std.dev: (1060.40, 620.41)
[M::mem_pestat] low and high boundaries for proper pairs: (1, 4383)
[M::mem_pestat] analyzing insert size distribution for orientation FR...
[M::mem_pestat] (25, 50, 75) percentile: (508, 524, 551)
[M::mem_pestat] low and high boundaries for computing mean and std.dev: (422, 637)
[M::mem_pestat] mean and std.dev: (533.58, 31.42)
[M::mem_pestat] low and high boundaries for proper pairs: (379, 680)
[M::mem_pestat] analyzing insert size distribution for orientation RF...
[M::mem_pestat] (25, 50, 75) percentile: (359, 1208, 7298)
[M::mem_pestat] low and high boundaries for computing mean and std.dev: (1, 21176)
[M::mem_pestat] mean and std.dev: (2451.69, 3066.33)
[M::mem_pestat] low and high boundaries for proper pairs: (1, 28115)
[M::mem_pestat] analyzing insert size distribution for orientation RR...
[M::mem_pestat] (25, 50, 75) percentile: (714, 1251, 2377)
[M::mem_pestat] low and high boundaries for computing mean and std.dev: (1, 5703)
[M::mem_pestat] mean and std.dev: (1563.04, 1262.35)
[M::mem_pestat] low and high boundaries for proper pairs: (1, 7366)
[M::mem_pestat] skip orientation FF
[M::mem_pestat] skip orientation RF
[M::mem_pestat] skip orientation RR
[M::mem_process_seqs] Processed 266668 reads in 579.216 CPU sec, 145.125 real sec
[M::process] read 266668 sequences (40000200 bp)...
[M::mem_pestat] # candidate unique pairs for (FF, FR, RF, RR): (65, 71377, 17, 81)
[M::mem_pestat] analyzing insert size distribution for orientation FF...
[M::mem_pestat] (25, 50, 75) percentile: (354, 986, 1443)
[M::mem_pestat] low and high boundaries for computing mean and std.dev: (1, 3621)
[M::mem_pestat] mean and std.dev: (933.38, 703.87)
[M::mem_pestat] low and high boundaries for proper pairs: (1, 4710)
[M::mem_pestat] analyzing insert size distribution for orientation FR...
[M::mem_pestat] (25, 50, 75) percentile: (508, 524, 551)
[M::mem_pestat] low and high boundaries for computing mean and std.dev: (422, 637)
[M::mem_pestat] mean and std.dev: (533.77, 31.43)
[M::mem_pestat] low and high boundaries for proper pairs: (379, 680)
[M::mem_pestat] analyzing insert size distribution for orientation RF...
[M::mem_pestat] (25, 50, 75) percentile: (352, 1112, 3606)
[M::mem_pestat] low and high boundaries for computing mean and std.dev: (1, 10114)
[M::mem_pestat] mean and std.dev: (2025.94, 1984.17)
[M::mem_pestat] low and high boundaries for proper pairs: (1, 13368)
[M::mem_pestat] analyzing insert size distribution for orientation RR...
[M::mem_pestat] (25, 50, 75) percentile: (655, 1117, 2216)
[M::mem_pestat] low and high boundaries for computing mean and std.dev: (1, 5338)
[M::mem_pestat] mean and std.dev: (1416.71, 1058.54)
[M::mem_pestat] low and high boundaries for proper pairs: (1, 6899)
[M::mem_pestat] skip orientation FF
[M::mem_pestat] skip orientation RF
[M::mem_pestat] skip orientation RR
[M::mem_process_seqs] Processed 266668 reads in 563.889 CPU sec, 141.269 real sec
[M::process] read 266668 sequences (40000200 bp)...
[M::mem_pestat] # candidate unique pairs for (FF, FR, RF, RR): (69, 71207, 14, 60)
[M::mem_pestat] analyzing insert size distribution for orientation FF...
[M::mem_pestat] (25, 50, 75) percentile: (547, 1059, 2057)
[M::mem_pestat] low and high boundaries for computing mean and std.dev: (1, 5077)
[M::mem_pestat] mean and std.dev: (1294.53, 999.99)
[M::mem_pestat] low and high boundaries for proper pairs: (1, 6587)
[M::mem_pestat] analyzing insert size distribution for orientation FR...
[M::mem_pestat] (25, 50, 75) percentile: (508, 523, 551)
[M::mem_pestat] low and high boundaries for computing mean and std.dev: (422, 637)
[M::mem_pestat] mean and std.dev: (533.51, 31.21)
[M::mem_pestat] low and high boundaries for proper pairs: (379, 680)
[M::mem_pestat] analyzing insert size distribution for orientation RF...
[M::mem_pestat] (25, 50, 75) percentile: (331, 776, 4139)
[M::mem_pestat] low and high boundaries for computing mean and std.dev: (1, 11755)
[M::mem_pestat] mean and std.dev: (2448.00, 2840.92)
[M::mem_pestat] low and high boundaries for proper pairs: (1, 15563)
[M::mem_pestat] analyzing insert size distribution for orientation RR...
[M::mem_pestat] (25, 50, 75) percentile: (931, 1487, 2318)
[M::mem_pestat] low and high boundaries for computing mean and std.dev: (1, 5092)
[M::mem_pestat] mean and std.dev: (1716.45, 1173.09)
[M::mem_pestat] low and high boundaries for proper pairs: (1, 6479)
[M::mem_pestat] skip orientation FF
[M::mem_pestat] skip orientation RF
[M::mem_pestat] skip orientation RR
[M::mem_process_seqs] Processed 266668 reads in 569.283 CPU sec, 142.541 real sec
[M::process] read 266668 sequences (40000200 bp)...
[M::mem_pestat] # candidate unique pairs for (FF, FR, RF, RR): (72, 71408, 14, 74)
[M::mem_pestat] analyzing insert size distribution for orientation FF...
[M::mem_pestat] (25, 50, 75) percentile: (323, 984, 1766)
[M::mem_pestat] low and high boundaries for computing mean and std.dev: (1, 4652)
[M::mem_pestat] mean and std.dev: (1177.68, 1090.58)
[M::mem_pestat] low and high boundaries for proper pairs: (1, 6095)
[M::mem_pestat] analyzing insert size distribution for orientation FR...
[M::mem_pestat] (25, 50, 75) percentile: (508, 524, 551)
[M::mem_pestat] low and high boundaries for computing mean and std.dev: (422, 637)
[M::mem_pestat] mean and std.dev: (533.69, 31.55)
[M::mem_pestat] low and high boundaries for proper pairs: (379, 680)
[M::mem_pestat] analyzing insert size distribution for orientation RF...
[M::mem_pestat] (25, 50, 75) percentile: (370, 909, 1711)
[M::mem_pestat] low and high boundaries for computing mean and std.dev: (1, 4393)
[M::mem_pestat] mean and std.dev: (884.25, 877.94)
[M::mem_pestat] low and high boundaries for proper pairs: (1, 5734)
[M::mem_pestat] analyzing insert size distribution for orientation RR...
[M::mem_pestat] (25, 50, 75) percentile: (844, 1281, 2337)
[M::mem_pestat] low and high boundaries for computing mean and std.dev: (1, 5323)
[M::mem_pestat] mean and std.dev: (1488.33, 1040.96)
[M::mem_pestat] low and high boundaries for proper pairs: (1, 6816)
[M::mem_pestat] skip orientation FF
[M::mem_pestat] skip orientation RF
[M::mem_pestat] skip orientation RR
[M::mem_process_seqs] Processed 266668 reads in 568.778 CPU sec, 142.445 real sec
[M::process] read 266668 sequences (40000200 bp)...
[M::mem_pestat] # candidate unique pairs for (FF, FR, RF, RR): (67, 71316, 20, 58)
[M::mem_pestat] analyzing insert size distribution for orientation FF...
[M::mem_pestat] (25, 50, 75) percentile: (578, 1174, 2264)
[M::mem_pestat] low and high boundaries for computing mean and std.dev: (1, 5636)
[M::mem_pestat] mean and std.dev: (1470.95, 1190.88)
[M::mem_pestat] low and high boundaries for proper pairs: (1, 7322)
[M::mem_pestat] analyzing insert size distribution for orientation FR...
[M::mem_pestat] (25, 50, 75) percentile: (508, 524, 551)
[M::mem_pestat] low and high boundaries for computing mean and std.dev: (422, 637)
[M::mem_pestat] mean and std.dev: (533.56, 31.40)
[M::mem_pestat] low and high boundaries for proper pairs: (379, 680)
[M::mem_pestat] analyzing insert size distribution for orientation RF...
[M::mem_pestat] (25, 50, 75) percentile: (310, 918, 3023)
[M::mem_pestat] low and high boundaries for computing mean and std.dev: (1, 8449)
[M::mem_pestat] mean and std.dev: (1577.35, 1743.55)
[M::mem_pestat] low and high boundaries for proper pairs: (1, 11162)
[M::mem_pestat] analyzing insert size distribution for orientation RR...
[M::mem_pestat] (25, 50, 75) percentile: (728, 1246, 2874)
[M::mem_pestat] low and high boundaries for computing mean and std.dev: (1, 7166)
[M::mem_pestat] mean and std.dev: (1950.26, 1804.24)
[M::mem_pestat] low and high boundaries for proper pairs: (1, 9312)
[M::mem_pestat] skip orientation FF
[M::mem_pestat] skip orientation RF
[M::mem_pestat] skip orientation RR
[M::mem_process_seqs] Processed 266668 reads in 575.457 CPU sec, 144.136 real sec
[M::process] read 266668 sequences (40000200 bp)...
[M::mem_pestat] # candidate unique pairs for (FF, FR, RF, RR): (72, 71447, 15, 67)
[M::mem_pestat] analyzing insert size distribution for orientation FF...
[M::mem_pestat] (25, 50, 75) percentile: (577, 1058, 2239)
[M::mem_pestat] low and high boundaries for computing mean and std.dev: (1, 5563)
[M::mem_pestat] mean and std.dev: (1433.84, 1198.18)
[M::mem_pestat] low and high boundaries for proper pairs: (1, 7225)
[M::mem_pestat] analyzing insert size distribution for orientation FR...
[M::mem_pestat] (25, 50, 75) percentile: (508, 524, 551)
[M::mem_pestat] low and high boundaries for computing mean and std.dev: (422, 637)
[M::mem_pestat] mean and std.dev: (533.65, 31.47)
[M::mem_pestat] low and high boundaries for proper pairs: (379, 680)
[M::mem_pestat] analyzing insert size distribution for orientation RF...
[M::mem_pestat] (25, 50, 75) percentile: (274, 1546, 2782)
[M::mem_pestat] low and high boundaries for computing mean and std.dev: (1, 7798)
[M::mem_pestat] mean and std.dev: (1815.73, 1607.71)
[M::mem_pestat] low and high boundaries for proper pairs: (1, 10306)
[M::mem_pestat] analyzing insert size distribution for orientation RR...
[M::mem_pestat] (25, 50, 75) percentile: (682, 1032, 1594)
[M::mem_pestat] low and high boundaries for computing mean and std.dev: (1, 3418)
[M::mem_pestat] mean and std.dev: (1082.08, 705.56)
[M::mem_pestat] low and high boundaries for proper pairs: (1, 4330)
[M::mem_pestat] skip orientation FF
[M::mem_pestat] skip orientation RF
[M::mem_pestat] skip orientation RR
[M::mem_process_seqs] Processed 266668 reads in 576.857 CPU sec, 144.479 real sec
[M::process] read 266668 sequences (40000200 bp)...
[M::mem_pestat] # candidate unique pairs for (FF, FR, RF, RR): (56, 70769, 19, 73)
[M::mem_pestat] analyzing insert size distribution for orientation FF...
[M::mem_pestat] (25, 50, 75) percentile: (753, 1310, 2560)
[M::mem_pestat] low and high boundaries for computing mean and std.dev: (1, 6174)
[M::mem_pestat] mean and std.dev: (1557.88, 1182.55)
[M::mem_pestat] low and high boundaries for proper pairs: (1, 7981)
[M::mem_pestat] analyzing insert size distribution for orientation FR...
[M::mem_pestat] (25, 50, 75) percentile: (508, 523, 550)
[M::mem_pestat] low and high boundaries for computing mean and std.dev: (424, 634)
[M::mem_pestat] mean and std.dev: (533.19, 30.91)
[M::mem_pestat] low and high boundaries for proper pairs: (382, 676)
[M::mem_pestat] analyzing insert size distribution for orientation RF...
[M::mem_pestat] (25, 50, 75) percentile: (36, 1060, 3990)
[M::mem_pestat] low and high boundaries for computing mean and std.dev: (1, 11898)
[M::mem_pestat] mean and std.dev: (1994.05, 2331.83)
[M::mem_pestat] low and high boundaries for proper pairs: (1, 15852)
[M::mem_pestat] analyzing insert size distribution for orientation RR...
[M::mem_pestat] (25, 50, 75) percentile: (821, 1322, 2410)
[M::mem_pestat] low and high boundaries for computing mean and std.dev: (1, 5588)
[M::mem_pestat] mean and std.dev: (1664.28, 1293.83)
[M::mem_pestat] low and high boundaries for proper pairs: (1, 7177)
[M::mem_pestat] skip orientation FF
[M::mem_pestat] skip orientation RF
[M::mem_pestat] skip orientation RR
[M::mem_process_seqs] Processed 266668 reads in 573.810 CPU sec, 143.733 real sec
[M::process] read 266668 sequences (40000200 bp)...
[M::mem_pestat] # candidate unique pairs for (FF, FR, RF, RR): (70, 71631, 17, 60)
[M::mem_pestat] analyzing insert size distribution for orientation FF...
[M::mem_pestat] (25, 50, 75) percentile: (584, 982, 1722)
[M::mem_pestat] low and high boundaries for computing mean and std.dev: (1, 3998)
[M::mem_pestat] mean and std.dev: (1014.78, 707.02)
[M::mem_pestat] low and high boundaries for proper pairs: (1, 5136)
[M::mem_pestat] analyzing insert size distribution for orientation FR...
[M::mem_pestat] (25, 50, 75) percentile: (508, 524, 551)
[M::mem_pestat] low and high boundaries for computing mean and std.dev: (422, 637)
[M::mem_pestat] mean and std.dev: (533.53, 31.37)
[M::mem_pestat] low and high boundaries for proper pairs: (379, 680)
[M::mem_pestat] analyzing insert size distribution for orientation RF...
[M::mem_pestat] (25, 50, 75) percentile: (597, 2387, 5225)
[M::mem_pestat] low and high boundaries for computing mean and std.dev: (1, 14481)
[M::mem_pestat] mean and std.dev: (2642.06, 2415.23)
[M::mem_pestat] low and high boundaries for proper pairs: (1, 19109)
[M::mem_pestat] analyzing insert size distribution for orientation RR...
[M::mem_pestat] (25, 50, 75) percentile: (946, 1460, 2360)
[M::mem_pestat] low and high boundaries for computing mean and std.dev: (1, 5188)
[M::mem_pestat] mean and std.dev: (1512.06, 862.96)
[M::mem_pestat] low and high boundaries for proper pairs: (1, 6602)
[M::mem_pestat] skip orientation FF
[M::mem_pestat] skip orientation RF
[M::mem_pestat] skip orientation RR
[M::mem_process_seqs] Processed 266668 reads in 573.361 CPU sec, 143.675 real sec
[M::process] read 266668 sequences (40000200 bp)...
[M::mem_pestat] # candidate unique pairs for (FF, FR, RF, RR): (61, 71164, 14, 69)
[M::mem_pestat] analyzing insert size distribution for orientation FF...
[M::mem_pestat] (25, 50, 75) percentile: (273, 961, 2169)
[M::mem_pestat] low and high boundaries for computing mean and std.dev: (1, 5961)
[M::mem_pestat] mean and std.dev: (1281.09, 1328.33)
[M::mem_pestat] low and high boundaries for proper pairs: (1, 7857)
[M::mem_pestat] analyzing insert size distribution for orientation FR...
[M::mem_pestat] (25, 50, 75) percentile: (508, 524, 551)
[M::mem_pestat] low and high boundaries for computing mean and std.dev: (422, 637)
[M::mem_pestat] mean and std.dev: (533.62, 31.40)
[M::mem_pestat] low and high boundaries for proper pairs: (379, 680)
[M::mem_pestat] analyzing insert size distribution for orientation RF...
[M::mem_pestat] (25, 50, 75) percentile: (579, 2824, 3137)
[M::mem_pestat] low and high boundaries for computing mean and std.dev: (1, 8253)
[M::mem_pestat] mean and std.dev: (2634.93, 2104.26)
[M::mem_pestat] low and high boundaries for proper pairs: (1, 11052)
[M::mem_pestat] analyzing insert size distribution for orientation RR...
[M::mem_pestat] (25, 50, 75) percentile: (766, 1445, 2729)
[M::mem_pestat] low and high boundaries for computing mean and std.dev: (1, 6655)
[M::mem_pestat] mean and std.dev: (1862.22, 1524.86)
[M::mem_pestat] low and high boundaries for proper pairs: (1, 8618)
[M::mem_pestat] skip orientation FF
[M::mem_pestat] skip orientation RF
[M::mem_pestat] skip orientation RR
[M::mem_process_seqs] Processed 266668 reads in 572.641 CPU sec, 143.344 real sec
[M::process] read 266668 sequences (40000200 bp)...
[M::mem_pestat] # candidate unique pairs for (FF, FR, RF, RR): (72, 71803, 13, 44)
[M::mem_pestat] analyzing insert size distribution for orientation FF...
[M::mem_pestat] (25, 50, 75) percentile: (525, 1278, 2577)
[M::mem_pestat] low and high boundaries for computing mean and std.dev: (1, 6681)
[M::mem_pestat] mean and std.dev: (1598.65, 1436.66)
[M::mem_pestat] low and high boundaries for proper pairs: (1, 8733)
[M::mem_pestat] analyzing insert size distribution for orientation FR...
[M::mem_pestat] (25, 50, 75) percentile: (508, 524, 551)
[M::mem_pestat] low and high boundaries for computing mean and std.dev: (422, 637)
[M::mem_pestat] mean and std.dev: (533.78, 31.54)
[M::mem_pestat] low and high boundaries for proper pairs: (379, 680)
[M::mem_pestat] analyzing insert size distribution for orientation RF...
[M::mem_pestat] (25, 50, 75) percentile: (630, 1119, 3625)
[M::mem_pestat] low and high boundaries for computing mean and std.dev: (1, 9615)
[M::mem_pestat] mean and std.dev: (1838.46, 1715.37)
[M::mem_pestat] low and high boundaries for proper pairs: (1, 12610)
[M::mem_pestat] analyzing insert size distribution for orientation RR...
[M::mem_pestat] (25, 50, 75) percentile: (535, 1127, 2098)
[M::mem_pestat] low and high boundaries for computing mean and std.dev: (1, 5224)
[M::mem_pestat] mean and std.dev: (1341.07, 1005.90)
[M::mem_pestat] low and high boundaries for proper pairs: (1, 6787)
[M::mem_pestat] skip orientation FF
[M::mem_pestat] skip orientation RF
[M::mem_pestat] skip orientation RR
[M::mem_process_seqs] Processed 266668 reads in 574.034 CPU sec, 143.723 real sec
[M::process] read 266668 sequences (40000200 bp)...
[M::mem_pestat] # candidate unique pairs for (FF, FR, RF, RR): (57, 71424, 13, 70)
[M::mem_pestat] analyzing insert size distribution for orientation FF...
[M::mem_pestat] (25, 50, 75) percentile: (740, 1188, 1688)
[M::mem_pestat] low and high boundaries for computing mean and std.dev: (1, 3584)
[M::mem_pestat] mean and std.dev: (1160.58, 703.15)
[M::mem_pestat] low and high boundaries for proper pairs: (1, 4532)
[M::mem_pestat] analyzing insert size distribution for orientation FR...
[M::mem_pestat] (25, 50, 75) percentile: (508, 523, 550)
[M::mem_pestat] low and high boundaries for computing mean and std.dev: (424, 634)
[M::mem_pestat] mean and std.dev: (533.36, 30.93)
[M::mem_pestat] low and high boundaries for proper pairs: (382, 676)
[M::mem_pestat] analyzing insert size distribution for orientation RF...
[M::mem_pestat] (25, 50, 75) percentile: (298, 1388, 3021)
[M::mem_pestat] low and high boundaries for computing mean and std.dev: (1, 8467)
[M::mem_pestat] mean and std.dev: (2016.00, 2279.68)
[M::mem_pestat] low and high boundaries for proper pairs: (1, 11190)
[M::mem_pestat] analyzing insert size distribution for orientation RR...
[M::mem_pestat] (25, 50, 75) percentile: (801, 1443, 2205)
[M::mem_pestat] low and high boundaries for computing mean and std.dev: (1, 5013)
[M::mem_pestat] mean and std.dev: (1559.22, 1073.91)
[M::mem_pestat] low and high boundaries for proper pairs: (1, 6417)
[M::mem_pestat] skip orientation FF
[M::mem_pestat] skip orientation RF
[M::mem_pestat] skip orientation RR
[M::mem_process_seqs] Processed 266668 reads in 575.416 CPU sec, 144.109 real sec
[M::process] read 266668 sequences (40000200 bp)...
[M::mem_pestat] # candidate unique pairs for (FF, FR, RF, RR): (78, 71583, 13, 67)
[M::mem_pestat] analyzing insert size distribution for orientation FF...
[M::mem_pestat] (25, 50, 75) percentile: (711, 1382, 2513)
[M::mem_pestat] low and high boundaries for computing mean and std.dev: (1, 6117)
[M::mem_pestat] mean and std.dev: (1659.00, 1495.35)
[M::mem_pestat] low and high boundaries for proper pairs: (1, 7919)
[M::mem_pestat] analyzing insert size distribution for orientation FR...
[M::mem_pestat] (25, 50, 75) percentile: (508, 523, 551)
[M::mem_pestat] low and high boundaries for computing mean and std.dev: (422, 637)
[M::mem_pestat] mean and std.dev: (533.41, 31.36)
[M::mem_pestat] low and high boundaries for proper pairs: (379, 680)
[M::mem_pestat] analyzing insert size distribution for orientation RF...
[M::mem_pestat] (25, 50, 75) percentile: (274, 365, 1619)
[M::mem_pestat] low and high boundaries for computing mean and std.dev: (1, 4309)
[M::mem_pestat] mean and std.dev: (856.08, 1065.62)
[M::mem_pestat] low and high boundaries for proper pairs: (1, 5654)
[M::mem_pestat] analyzing insert size distribution for orientation RR...
[M::mem_pestat] (25, 50, 75) percentile: (900, 1272, 2258)
[M::mem_pestat] low and high boundaries for computing mean and std.dev: (1, 4974)
[M::mem_pestat] mean and std.dev: (1522.77, 996.97)
[M::mem_pestat] low and high boundaries for proper pairs: (1, 6332)
[M::mem_pestat] skip orientation FF
[M::mem_pestat] skip orientation RF
[M::mem_pestat] skip orientation RR
[M::mem_process_seqs] Processed 266668 reads in 575.780 CPU sec, 144.279 real sec
[M::process] read 266668 sequences (40000200 bp)...
[M::mem_pestat] # candidate unique pairs for (FF, FR, RF, RR): (75, 71811, 16, 57)
[M::mem_pestat] analyzing insert size distribution for orientation FF...
[M::mem_pestat] (25, 50, 75) percentile: (577, 1250, 2014)
[M::mem_pestat] low and high boundaries for computing mean and std.dev: (1, 4888)
[M::mem_pestat] mean and std.dev: (1329.09, 948.67)
[M::mem_pestat] low and high boundaries for proper pairs: (1, 6325)
[M::mem_pestat] analyzing insert size distribution for orientation FR...
[M::mem_pestat] (25, 50, 75) percentile: (508, 524, 551)
[M::mem_pestat] low and high boundaries for computing mean and std.dev: (422, 637)
[M::mem_pestat] mean and std.dev: (533.65, 31.50)
[M::mem_pestat] low and high boundaries for proper pairs: (379, 680)
[M::mem_pestat] analyzing insert size distribution for orientation RF...
[M::mem_pestat] (25, 50, 75) percentile: (494, 1584, 2751)
[M::mem_pestat] low and high boundaries for computing mean and std.dev: (1, 7265)
[M::mem_pestat] mean and std.dev: (1966.69, 2068.43)
[M::mem_pestat] low and high boundaries for proper pairs: (1, 10240)
[M::mem_pestat] analyzing insert size distribution for orientation RR...
[M::mem_pestat] (25, 50, 75) percentile: (755, 1057, 1908)
[M::mem_pestat] low and high boundaries for computing mean and std.dev: (1, 4214)
[M::mem_pestat] mean and std.dev: (1274.13, 873.53)
[M::mem_pestat] low and high boundaries for proper pairs: (1, 5367)
[M::mem_pestat] skip orientation FF
[M::mem_pestat] skip orientation RF
[M::mem_pestat] skip orientation RR
[M::mem_process_seqs] Processed 266668 reads in 571.460 CPU sec, 143.064 real sec
[M::process] read 103368 sequences (15505200 bp)...
[M::mem_pestat] # candidate unique pairs for (FF, FR, RF, RR): (62, 71665, 25, 73)
[M::mem_pestat] analyzing insert size distribution for orientation FF...
[M::mem_pestat] (25, 50, 75) percentile: (580, 1057, 2100)
[M::mem_pestat] low and high boundaries for computing mean and std.dev: (1, 5140)
[M::mem_pestat] mean and std.dev: (1409.80, 1135.09)
[M::mem_pestat] low and high boundaries for proper pairs: (1, 6660)
[M::mem_pestat] analyzing insert size distribution for orientation FR...
[M::mem_pestat] (25, 50, 75) percentile: (508, 524, 551)
[M::mem_pestat] low and high boundaries for computing mean and std.dev: (422, 637)
[M::mem_pestat] mean and std.dev: (533.63, 31.47)
[M::mem_pestat] low and high boundaries for proper pairs: (379, 680)
[M::mem_pestat] analyzing insert size distribution for orientation RF...
[M::mem_pestat] (25, 50, 75) percentile: (299, 893, 3231)
[M::mem_pestat] low and high boundaries for computing mean and std.dev: (1, 9095)
[M::mem_pestat] mean and std.dev: (1974.48, 2341.83)
[M::mem_pestat] low and high boundaries for proper pairs: (1, 12027)
[M::mem_pestat] analyzing insert size distribution for orientation RR...
[M::mem_pestat] (25, 50, 75) percentile: (754, 1240, 2375)
[M::mem_pestat] low and high boundaries for computing mean and std.dev: (1, 5617)
[M::mem_pestat] mean and std.dev: (1485.79, 1182.72)
[M::mem_pestat] low and high boundaries for proper pairs: (1, 7238)
[M::mem_pestat] skip orientation FF
[M::mem_pestat] skip orientation RF
[M::mem_pestat] skip orientation RR
[M::mem_process_seqs] Processed 266668 reads in 570.696 CPU sec, 142.883 real sec
[M::mem_pestat] # candidate unique pairs for (FF, FR, RF, RR): (25, 27964, 1, 22)
[M::mem_pestat] analyzing insert size distribution for orientation FF...
[M::mem_pestat] (25, 50, 75) percentile: (282, 1095, 2320)
[M::mem_pestat] low and high boundaries for computing mean and std.dev: (1, 6396)
[M::mem_pestat] mean and std.dev: (1308.88, 1388.75)
[M::mem_pestat] low and high boundaries for proper pairs: (1, 8434)
[M::mem_pestat] analyzing insert size distribution for orientation FR...
[M::mem_pestat] (25, 50, 75) percentile: (507, 523, 551)
[M::mem_pestat] low and high boundaries for computing mean and std.dev: (419, 639)
[M::mem_pestat] mean and std.dev: (533.46, 31.62)
[M::mem_pestat] low and high boundaries for proper pairs: (375, 683)
[M::mem_pestat] skip orientation RF as there are not enough pairs
[M::mem_pestat] analyzing insert size distribution for orientation RR...
[M::mem_pestat] (25, 50, 75) percentile: (1056, 1330, 1555)
[M::mem_pestat] low and high boundaries for computing mean and std.dev: (58, 2553)
[M::mem_pestat] mean and std.dev: (1306.53, 324.29)
[M::mem_pestat] low and high boundaries for proper pairs: (1, 3052)
[M::mem_pestat] skip orientation FF
[M::mem_pestat] skip orientation RR
[M::mem_process_seqs] Processed 103368 reads in 218.494 CPU sec, 54.721 real sec
[main] Version: 0.7.17-r1188
[main] CMD: bwa mem -t 4 -a /mnt/raid6/bacphagenetwork/data/bwa_index/chm13v2.0_noY.fa /mnt/raid6/bacphagenetwork/data/skin_metagenome/Guangzhou/02_rm_host/53_1.fastq.gz /mnt/raid6/bacphagenetwork/data/skin_metagenome/Guangzhou/02_rm_host/53_2.fastq.gz
[main] Real time: 3510.106 sec; CPU: 13963.158 sec
