/home/bacphagenetwork/.bashrc: line 15: Custom: command not found
[M::bwa_idx_load_from_disk] read 0 ALT contigs
[M::process] read 266668 sequences (40000200 bp)...
[M::process] read 266668 sequences (40000200 bp)...
[M::mem_pestat] # candidate unique pairs for (FF, FR, RF, RR): (7, 3716, 1, 1)
[M::mem_pestat] skip orientation FF as there are not enough pairs
[M::mem_pestat] analyzing insert size distribution for orientation FR...
[M::mem_pestat] (25, 50, 75) percentile: (284, 513, 541)
[M::mem_pestat] low and high boundaries for computing mean and std.dev: (1, 1055)
[M::mem_pestat] mean and std.dev: (430.69, 171.96)
[M::mem_pestat] low and high boundaries for proper pairs: (1, 1312)
[M::mem_pestat] skip orientation RF as there are not enough pairs
[M::mem_pestat] skip orientation RR as there are not enough pairs
[M::mem_process_seqs] Processed 266668 reads in 206.201 CPU sec, 51.679 real sec
[M::process] read 266668 sequences (40000200 bp)...
[M::mem_pestat] # candidate unique pairs for (FF, FR, RF, RR): (12, 3669, 2, 3)
[M::mem_pestat] analyzing insert size distribution for orientation FF...
[M::mem_pestat] (25, 50, 75) percentile: (153, 199, 781)
[M::mem_pestat] low and high boundaries for computing mean and std.dev: (1, 2037)
[M::mem_pestat] mean and std.dev: (231.40, 190.87)
[M::mem_pestat] low and high boundaries for proper pairs: (1, 2665)
[M::mem_pestat] analyzing insert size distribution for orientation FR...
[M::mem_pestat] (25, 50, 75) percentile: (284, 511, 540)
[M::mem_pestat] low and high boundaries for computing mean and std.dev: (1, 1052)
[M::mem_pestat] mean and std.dev: (427.90, 172.40)
[M::mem_pestat] low and high boundaries for proper pairs: (1, 1308)
[M::mem_pestat] skip orientation RF as there are not enough pairs
[M::mem_pestat] skip orientation RR as there are not enough pairs
[M::mem_pestat] skip orientation FF
[M::mem_process_seqs] Processed 266668 reads in 209.482 CPU sec, 52.475 real sec
[M::process] read 266668 sequences (40000200 bp)...
[M::mem_pestat] # candidate unique pairs for (FF, FR, RF, RR): (6, 3556, 2, 1)
[M::mem_pestat] skip orientation FF as there are not enough pairs
[M::mem_pestat] analyzing insert size distribution for orientation FR...
[M::mem_pestat] (25, 50, 75) percentile: (269, 510, 538)
[M::mem_pestat] low and high boundaries for computing mean and std.dev: (1, 1076)
[M::mem_pestat] mean and std.dev: (423.15, 173.22)
[M::mem_pestat] low and high boundaries for proper pairs: (1, 1345)
[M::mem_pestat] skip orientation RF as there are not enough pairs
[M::mem_pestat] skip orientation RR as there are not enough pairs
[M::mem_process_seqs] Processed 266668 reads in 216.286 CPU sec, 54.135 real sec
[M::process] read 266668 sequences (40000200 bp)...
[M::mem_pestat] # candidate unique pairs for (FF, FR, RF, RR): (10, 3589, 4, 3)
[M::mem_pestat] analyzing insert size distribution for orientation FF...
[M::mem_pestat] (25, 50, 75) percentile: (141, 318, 629)
[M::mem_pestat] low and high boundaries for computing mean and std.dev: (1, 1605)
[M::mem_pestat] mean and std.dev: (313.44, 244.33)
[M::mem_pestat] low and high boundaries for proper pairs: (1, 2093)
[M::mem_pestat] analyzing insert size distribution for orientation FR...
[M::mem_pestat] (25, 50, 75) percentile: (287, 511, 541)
[M::mem_pestat] low and high boundaries for computing mean and std.dev: (1, 1049)
[M::mem_pestat] mean and std.dev: (430.70, 171.86)
[M::mem_pestat] low and high boundaries for proper pairs: (1, 1303)
[M::mem_pestat] skip orientation RF as there are not enough pairs
[M::mem_pestat] skip orientation RR as there are not enough pairs
[M::mem_pestat] skip orientation FF
[M::mem_process_seqs] Processed 266668 reads in 210.317 CPU sec, 52.644 real sec
[M::process] read 266668 sequences (40000200 bp)...
[M::mem_pestat] # candidate unique pairs for (FF, FR, RF, RR): (7, 3600, 1, 4)
[M::mem_pestat] skip orientation FF as there are not enough pairs
[M::mem_pestat] analyzing insert size distribution for orientation FR...
[M::mem_pestat] (25, 50, 75) percentile: (277, 511, 540)
[M::mem_pestat] low and high boundaries for computing mean and std.dev: (1, 1066)
[M::mem_pestat] mean and std.dev: (429.06, 173.06)
[M::mem_pestat] low and high boundaries for proper pairs: (1, 1329)
[M::mem_pestat] skip orientation RF as there are not enough pairs
[M::mem_pestat] skip orientation RR as there are not enough pairs
[M::mem_process_seqs] Processed 266668 reads in 210.773 CPU sec, 52.770 real sec
[M::process] read 266668 sequences (40000200 bp)...
[M::mem_pestat] # candidate unique pairs for (FF, FR, RF, RR): (4, 3623, 1, 3)
[M::mem_pestat] skip orientation FF as there are not enough pairs
[M::mem_pestat] analyzing insert size distribution for orientation FR...
[M::mem_pestat] (25, 50, 75) percentile: (265, 510, 540)
[M::mem_pestat] low and high boundaries for computing mean and std.dev: (1, 1090)
[M::mem_pestat] mean and std.dev: (420.87, 176.89)
[M::mem_pestat] low and high boundaries for proper pairs: (1, 1365)
[M::mem_pestat] skip orientation RF as there are not enough pairs
[M::mem_pestat] skip orientation RR as there are not enough pairs
[M::mem_process_seqs] Processed 266668 reads in 213.171 CPU sec, 53.357 real sec
[M::process] read 266668 sequences (40000200 bp)...
[M::mem_pestat] # candidate unique pairs for (FF, FR, RF, RR): (12, 3702, 2, 3)
[M::mem_pestat] analyzing insert size distribution for orientation FF...
[M::mem_pestat] (25, 50, 75) percentile: (129, 203, 463)
[M::mem_pestat] low and high boundaries for computing mean and std.dev: (1, 1131)
[M::mem_pestat] mean and std.dev: (287.83, 232.96)
[M::mem_pestat] low and high boundaries for proper pairs: (1, 1465)
[M::mem_pestat] analyzing insert size distribution for orientation FR...
[M::mem_pestat] (25, 50, 75) percentile: (291, 512, 540)
[M::mem_pestat] low and high boundaries for computing mean and std.dev: (1, 1038)
[M::mem_pestat] mean and std.dev: (428.73, 172.08)
[M::mem_pestat] low and high boundaries for proper pairs: (1, 1287)
[M::mem_pestat] skip orientation RF as there are not enough pairs
[M::mem_pestat] skip orientation RR as there are not enough pairs
[M::mem_pestat] skip orientation FF
[M::mem_process_seqs] Processed 266668 reads in 210.742 CPU sec, 52.752 real sec
[M::process] read 266668 sequences (40000200 bp)...
[M::mem_pestat] # candidate unique pairs for (FF, FR, RF, RR): (5, 3552, 3, 6)
[M::mem_pestat] skip orientation FF as there are not enough pairs
[M::mem_pestat] analyzing insert size distribution for orientation FR...
[M::mem_pestat] (25, 50, 75) percentile: (281, 512, 540)
[M::mem_pestat] low and high boundaries for computing mean and std.dev: (1, 1058)
[M::mem_pestat] mean and std.dev: (428.43, 173.13)
[M::mem_pestat] low and high boundaries for proper pairs: (1, 1317)
[M::mem_pestat] skip orientation RF as there are not enough pairs
[M::mem_pestat] skip orientation RR as there are not enough pairs
[M::mem_process_seqs] Processed 266668 reads in 216.043 CPU sec, 54.089 real sec
[M::process] read 266668 sequences (40000200 bp)...
[M::mem_pestat] # candidate unique pairs for (FF, FR, RF, RR): (3, 3612, 3, 3)
[M::mem_pestat] skip orientation FF as there are not enough pairs
[M::mem_pestat] analyzing insert size distribution for orientation FR...
[M::mem_pestat] (25, 50, 75) percentile: (280, 511, 539)
[M::mem_pestat] low and high boundaries for computing mean and std.dev: (1, 1057)
[M::mem_pestat] mean and std.dev: (425.99, 173.74)
[M::mem_pestat] low and high boundaries for proper pairs: (1, 1316)
[M::mem_pestat] skip orientation RF as there are not enough pairs
[M::mem_pestat] skip orientation RR as there are not enough pairs
[M::mem_process_seqs] Processed 266668 reads in 213.185 CPU sec, 53.431 real sec
[M::process] read 266668 sequences (40000200 bp)...
[M::mem_pestat] # candidate unique pairs for (FF, FR, RF, RR): (7, 3641, 1, 3)
[M::mem_pestat] skip orientation FF as there are not enough pairs
[M::mem_pestat] analyzing insert size distribution for orientation FR...
[M::mem_pestat] (25, 50, 75) percentile: (288, 513, 542)
[M::mem_pestat] low and high boundaries for computing mean and std.dev: (1, 1050)
[M::mem_pestat] mean and std.dev: (433.01, 171.73)
[M::mem_pestat] low and high boundaries for proper pairs: (1, 1304)
[M::mem_pestat] skip orientation RF as there are not enough pairs
[M::mem_pestat] skip orientation RR as there are not enough pairs
[M::mem_process_seqs] Processed 266668 reads in 208.973 CPU sec, 52.318 real sec
[M::process] read 266668 sequences (40000200 bp)...
[M::mem_pestat] # candidate unique pairs for (FF, FR, RF, RR): (9, 3583, 0, 0)
[M::mem_pestat] skip orientation FF as there are not enough pairs
[M::mem_pestat] analyzing insert size distribution for orientation FR...
[M::mem_pestat] (25, 50, 75) percentile: (277, 510, 538)
[M::mem_pestat] low and high boundaries for computing mean and std.dev: (1, 1060)
[M::mem_pestat] mean and std.dev: (425.00, 172.45)
[M::mem_pestat] low and high boundaries for proper pairs: (1, 1321)
[M::mem_pestat] skip orientation RF as there are not enough pairs
[M::mem_pestat] skip orientation RR as there are not enough pairs
[M::mem_process_seqs] Processed 266668 reads in 216.233 CPU sec, 54.134 real sec
[M::process] read 266668 sequences (40000200 bp)...
[M::mem_pestat] # candidate unique pairs for (FF, FR, RF, RR): (7, 3606, 3, 5)
[M::mem_pestat] skip orientation FF as there are not enough pairs
[M::mem_pestat] analyzing insert size distribution for orientation FR...
[M::mem_pestat] (25, 50, 75) percentile: (274, 511, 540)
[M::mem_pestat] low and high boundaries for computing mean and std.dev: (1, 1072)
[M::mem_pestat] mean and std.dev: (427.06, 172.76)
[M::mem_pestat] low and high boundaries for proper pairs: (1, 1338)
[M::mem_pestat] skip orientation RF as there are not enough pairs
[M::mem_pestat] skip orientation RR as there are not enough pairs
[M::mem_process_seqs] Processed 266668 reads in 210.883 CPU sec, 52.784 real sec
[M::process] read 266668 sequences (40000200 bp)...
[M::mem_pestat] # candidate unique pairs for (FF, FR, RF, RR): (5, 3610, 2, 9)
[M::mem_pestat] skip orientation FF as there are not enough pairs
[M::mem_pestat] analyzing insert size distribution for orientation FR...
[M::mem_pestat] (25, 50, 75) percentile: (298, 514, 545)
[M::mem_pestat] low and high boundaries for computing mean and std.dev: (1, 1039)
[M::mem_pestat] mean and std.dev: (435.04, 171.64)
[M::mem_pestat] low and high boundaries for proper pairs: (1, 1286)
[M::mem_pestat] skip orientation RF as there are not enough pairs
[M::mem_pestat] skip orientation RR as there are not enough pairs
[M::mem_process_seqs] Processed 266668 reads in 211.463 CPU sec, 53.002 real sec
[M::process] read 266668 sequences (40000200 bp)...
[M::mem_pestat] # candidate unique pairs for (FF, FR, RF, RR): (9, 3538, 3, 8)
[M::mem_pestat] skip orientation FF as there are not enough pairs
[M::mem_pestat] analyzing insert size distribution for orientation FR...
[M::mem_pestat] (25, 50, 75) percentile: (281, 511, 539)
[M::mem_pestat] low and high boundaries for computing mean and std.dev: (1, 1055)
[M::mem_pestat] mean and std.dev: (426.15, 172.96)
[M::mem_pestat] low and high boundaries for proper pairs: (1, 1313)
[M::mem_pestat] skip orientation RF as there are not enough pairs
[M::mem_pestat] skip orientation RR as there are not enough pairs
[M::mem_process_seqs] Processed 266668 reads in 213.901 CPU sec, 53.544 real sec
[M::process] read 266668 sequences (40000200 bp)...
[M::mem_pestat] # candidate unique pairs for (FF, FR, RF, RR): (7, 3581, 2, 3)
[M::mem_pestat] skip orientation FF as there are not enough pairs
[M::mem_pestat] analyzing insert size distribution for orientation FR...
[M::mem_pestat] (25, 50, 75) percentile: (290, 511, 541)
[M::mem_pestat] low and high boundaries for computing mean and std.dev: (1, 1043)
[M::mem_pestat] mean and std.dev: (431.60, 170.58)
[M::mem_pestat] low and high boundaries for proper pairs: (1, 1294)
[M::mem_pestat] skip orientation RF as there are not enough pairs
[M::mem_pestat] skip orientation RR as there are not enough pairs
[M::mem_process_seqs] Processed 266668 reads in 210.461 CPU sec, 52.683 real sec
[M::process] read 266668 sequences (40000200 bp)...
[M::mem_pestat] # candidate unique pairs for (FF, FR, RF, RR): (10, 3641, 2, 5)
[M::mem_pestat] analyzing insert size distribution for orientation FF...
[M::mem_pestat] (25, 50, 75) percentile: (125, 223, 1970)
[M::mem_pestat] low and high boundaries for computing mean and std.dev: (1, 5660)
[M::mem_pestat] mean and std.dev: (728.67, 860.97)
[M::mem_pestat] low and high boundaries for proper pairs: (1, 7505)
[M::mem_pestat] analyzing insert size distribution for orientation FR...
[M::mem_pestat] (25, 50, 75) percentile: (298, 512, 540)
[M::mem_pestat] low and high boundaries for computing mean and std.dev: (1, 1024)
[M::mem_pestat] mean and std.dev: (434.41, 171.10)
[M::mem_pestat] low and high boundaries for proper pairs: (1, 1266)
[M::mem_pestat] skip orientation RF as there are not enough pairs
[M::mem_pestat] skip orientation RR as there are not enough pairs
[M::mem_pestat] skip orientation FF
[M::mem_process_seqs] Processed 266668 reads in 209.149 CPU sec, 52.359 real sec
[M::process] read 266668 sequences (40000200 bp)...
[M::mem_pestat] # candidate unique pairs for (FF, FR, RF, RR): (9, 3531, 1, 2)
[M::mem_pestat] skip orientation FF as there are not enough pairs
[M::mem_pestat] analyzing insert size distribution for orientation FR...
[M::mem_pestat] (25, 50, 75) percentile: (269, 510, 538)
[M::mem_pestat] low and high boundaries for computing mean and std.dev: (1, 1076)
[M::mem_pestat] mean and std.dev: (422.73, 175.39)
[M::mem_pestat] low and high boundaries for proper pairs: (1, 1345)
[M::mem_pestat] skip orientation RF as there are not enough pairs
[M::mem_pestat] skip orientation RR as there are not enough pairs
[M::mem_process_seqs] Processed 266668 reads in 214.546 CPU sec, 53.715 real sec
[M::process] read 266668 sequences (40000200 bp)...
[M::mem_pestat] # candidate unique pairs for (FF, FR, RF, RR): (9, 3531, 3, 2)
[M::mem_pestat] skip orientation FF as there are not enough pairs
[M::mem_pestat] analyzing insert size distribution for orientation FR...
[M::mem_pestat] (25, 50, 75) percentile: (286, 512, 539)
[M::mem_pestat] low and high boundaries for computing mean and std.dev: (1, 1045)
[M::mem_pestat] mean and std.dev: (431.41, 172.32)
[M::mem_pestat] low and high boundaries for proper pairs: (1, 1298)
[M::mem_pestat] skip orientation RF as there are not enough pairs
[M::mem_pestat] skip orientation RR as there are not enough pairs
[M::mem_process_seqs] Processed 266668 reads in 209.692 CPU sec, 52.485 real sec
[M::process] read 266668 sequences (40000200 bp)...
[M::mem_pestat] # candidate unique pairs for (FF, FR, RF, RR): (3, 3667, 1, 4)
[M::mem_pestat] skip orientation FF as there are not enough pairs
[M::mem_pestat] analyzing insert size distribution for orientation FR...
[M::mem_pestat] (25, 50, 75) percentile: (286, 512, 541)
[M::mem_pestat] low and high boundaries for computing mean and std.dev: (1, 1051)
[M::mem_pestat] mean and std.dev: (429.38, 173.49)
[M::mem_pestat] low and high boundaries for proper pairs: (1, 1306)
[M::mem_pestat] skip orientation RF as there are not enough pairs
[M::mem_pestat] skip orientation RR as there are not enough pairs
[M::mem_process_seqs] Processed 266668 reads in 210.656 CPU sec, 52.754 real sec
[M::process] read 266668 sequences (40000200 bp)...
[M::mem_pestat] # candidate unique pairs for (FF, FR, RF, RR): (6, 3534, 3, 2)
[M::mem_pestat] skip orientation FF as there are not enough pairs
[M::mem_pestat] analyzing insert size distribution for orientation FR...
[M::mem_pestat] (25, 50, 75) percentile: (275, 510, 539)
[M::mem_pestat] low and high boundaries for computing mean and std.dev: (1, 1067)
[M::mem_pestat] mean and std.dev: (425.19, 174.38)
[M::mem_pestat] low and high boundaries for proper pairs: (1, 1331)
[M::mem_pestat] skip orientation RF as there are not enough pairs
[M::mem_pestat] skip orientation RR as there are not enough pairs
[M::mem_process_seqs] Processed 266668 reads in 213.025 CPU sec, 53.350 real sec
[M::process] read 266668 sequences (40000200 bp)...
[M::mem_pestat] # candidate unique pairs for (FF, FR, RF, RR): (12, 3609, 4, 9)
[M::mem_pestat] analyzing insert size distribution for orientation FF...
[M::mem_pestat] (25, 50, 75) percentile: (132, 142, 270)
[M::mem_pestat] low and high boundaries for computing mean and std.dev: (1, 546)
[M::mem_pestat] mean and std.dev: (144.80, 52.14)
[M::mem_pestat] low and high boundaries for proper pairs: (1, 684)
[M::mem_pestat] analyzing insert size distribution for orientation FR...
[M::mem_pestat] (25, 50, 75) percentile: (284, 513, 542)
[M::mem_pestat] low and high boundaries for computing mean and std.dev: (1, 1058)
[M::mem_pestat] mean and std.dev: (430.31, 174.58)
[M::mem_pestat] low and high boundaries for proper pairs: (1, 1316)
[M::mem_pestat] skip orientation RF as there are not enough pairs
[M::mem_pestat] skip orientation RR as there are not enough pairs
[M::mem_pestat] skip orientation FF
[M::mem_process_seqs] Processed 266668 reads in 211.862 CPU sec, 53.042 real sec
[M::process] read 266668 sequences (40000200 bp)...
[M::mem_pestat] # candidate unique pairs for (FF, FR, RF, RR): (5, 3698, 2, 5)
[M::mem_pestat] skip orientation FF as there are not enough pairs
[M::mem_pestat] analyzing insert size distribution for orientation FR...
[M::mem_pestat] (25, 50, 75) percentile: (281, 511, 539)
[M::mem_pestat] low and high boundaries for computing mean and std.dev: (1, 1055)
[M::mem_pestat] mean and std.dev: (428.12, 173.41)
[M::mem_pestat] low and high boundaries for proper pairs: (1, 1313)
[M::mem_pestat] skip orientation RF as there are not enough pairs
[M::mem_pestat] skip orientation RR as there are not enough pairs
[M::mem_process_seqs] Processed 266668 reads in 213.257 CPU sec, 53.403 real sec
[M::process] read 266668 sequences (40000200 bp)...
[M::mem_pestat] # candidate unique pairs for (FF, FR, RF, RR): (6, 3532, 4, 2)
[M::mem_pestat] skip orientation FF as there are not enough pairs
[M::mem_pestat] analyzing insert size distribution for orientation FR...
[M::mem_pestat] (25, 50, 75) percentile: (285, 512, 540)
[M::mem_pestat] low and high boundaries for computing mean and std.dev: (1, 1050)
[M::mem_pestat] mean and std.dev: (429.94, 172.32)
[M::mem_pestat] low and high boundaries for proper pairs: (1, 1305)
[M::mem_pestat] skip orientation RF as there are not enough pairs
[M::mem_pestat] skip orientation RR as there are not enough pairs
[M::mem_process_seqs] Processed 266668 reads in 213.667 CPU sec, 53.488 real sec
[M::process] read 266668 sequences (40000200 bp)...
[M::mem_pestat] # candidate unique pairs for (FF, FR, RF, RR): (2, 3669, 2, 3)
[M::mem_pestat] skip orientation FF as there are not enough pairs
[M::mem_pestat] analyzing insert size distribution for orientation FR...
[M::mem_pestat] (25, 50, 75) percentile: (278, 511, 541)
[M::mem_pestat] low and high boundaries for computing mean and std.dev: (1, 1067)
[M::mem_pestat] mean and std.dev: (427.42, 173.60)
[M::mem_pestat] low and high boundaries for proper pairs: (1, 1330)
[M::mem_pestat] skip orientation RF as there are not enough pairs
[M::mem_pestat] skip orientation RR as there are not enough pairs
[M::mem_process_seqs] Processed 266668 reads in 210.643 CPU sec, 52.726 real sec
[M::process] read 266668 sequences (40000200 bp)...
[M::mem_pestat] # candidate unique pairs for (FF, FR, RF, RR): (8, 3677, 3, 1)
[M::mem_pestat] skip orientation FF as there are not enough pairs
[M::mem_pestat] analyzing insert size distribution for orientation FR...
[M::mem_pestat] (25, 50, 75) percentile: (282, 511, 540)
[M::mem_pestat] low and high boundaries for computing mean and std.dev: (1, 1056)
[M::mem_pestat] mean and std.dev: (428.00, 174.03)
[M::mem_pestat] low and high boundaries for proper pairs: (1, 1314)
[M::mem_pestat] skip orientation RF as there are not enough pairs
[M::mem_pestat] skip orientation RR as there are not enough pairs
[M::mem_process_seqs] Processed 266668 reads in 212.384 CPU sec, 53.161 real sec
[M::process] read 266668 sequences (40000200 bp)...
[M::mem_pestat] # candidate unique pairs for (FF, FR, RF, RR): (7, 3666, 2, 1)
[M::mem_pestat] skip orientation FF as there are not enough pairs
[M::mem_pestat] analyzing insert size distribution for orientation FR...
[M::mem_pestat] (25, 50, 75) percentile: (277, 511, 541)
[M::mem_pestat] low and high boundaries for computing mean and std.dev: (1, 1069)
[M::mem_pestat] mean and std.dev: (426.51, 175.08)
[M::mem_pestat] low and high boundaries for proper pairs: (1, 1333)
[M::mem_pestat] skip orientation RF as there are not enough pairs
[M::mem_pestat] skip orientation RR as there are not enough pairs
[M::mem_process_seqs] Processed 266668 reads in 209.195 CPU sec, 52.371 real sec
[M::process] read 266668 sequences (40000200 bp)...
[M::mem_pestat] # candidate unique pairs for (FF, FR, RF, RR): (7, 3747, 2, 4)
[M::mem_pestat] skip orientation FF as there are not enough pairs
[M::mem_pestat] analyzing insert size distribution for orientation FR...
[M::mem_pestat] (25, 50, 75) percentile: (279, 512, 542)
[M::mem_pestat] low and high boundaries for computing mean and std.dev: (1, 1068)
[M::mem_pestat] mean and std.dev: (429.82, 173.15)
[M::mem_pestat] low and high boundaries for proper pairs: (1, 1331)
[M::mem_pestat] skip orientation RF as there are not enough pairs
[M::mem_pestat] skip orientation RR as there are not enough pairs
[M::mem_process_seqs] Processed 266668 reads in 211.363 CPU sec, 52.908 real sec
[M::process] read 266668 sequences (40000200 bp)...
[M::mem_pestat] # candidate unique pairs for (FF, FR, RF, RR): (8, 3548, 4, 2)
[M::mem_pestat] skip orientation FF as there are not enough pairs
[M::mem_pestat] analyzing insert size distribution for orientation FR...
[M::mem_pestat] (25, 50, 75) percentile: (292, 511, 540)
[M::mem_pestat] low and high boundaries for computing mean and std.dev: (1, 1036)
[M::mem_pestat] mean and std.dev: (428.34, 173.88)
[M::mem_pestat] low and high boundaries for proper pairs: (1, 1284)
[M::mem_pestat] skip orientation RF as there are not enough pairs
[M::mem_pestat] skip orientation RR as there are not enough pairs
[M::mem_process_seqs] Processed 266668 reads in 210.356 CPU sec, 52.658 real sec
[M::process] read 266668 sequences (40000200 bp)...
[M::mem_pestat] # candidate unique pairs for (FF, FR, RF, RR): (8, 3580, 2, 6)
[M::mem_pestat] skip orientation FF as there are not enough pairs
[M::mem_pestat] analyzing insert size distribution for orientation FR...
[M::mem_pestat] (25, 50, 75) percentile: (272, 510, 541)
[M::mem_pestat] low and high boundaries for computing mean and std.dev: (1, 1079)
[M::mem_pestat] mean and std.dev: (425.90, 174.92)
[M::mem_pestat] low and high boundaries for proper pairs: (1, 1348)
[M::mem_pestat] skip orientation RF as there are not enough pairs
[M::mem_pestat] skip orientation RR as there are not enough pairs
[M::mem_process_seqs] Processed 266668 reads in 213.251 CPU sec, 53.383 real sec
[M::process] read 266668 sequences (40000200 bp)...
[M::mem_pestat] # candidate unique pairs for (FF, FR, RF, RR): (10, 3618, 3, 3)
[M::mem_pestat] analyzing insert size distribution for orientation FF...
[M::mem_pestat] (25, 50, 75) percentile: (136, 178, 538)
[M::mem_pestat] low and high boundaries for computing mean and std.dev: (1, 1342)
[M::mem_pestat] mean and std.dev: (377.70, 361.10)
[M::mem_pestat] low and high boundaries for proper pairs: (1, 1822)
[M::mem_pestat] analyzing insert size distribution for orientation FR...
[M::mem_pestat] (25, 50, 75) percentile: (299, 514, 543)
[M::mem_pestat] low and high boundaries for computing mean and std.dev: (1, 1031)
[M::mem_pestat] mean and std.dev: (435.76, 171.92)
[M::mem_pestat] low and high boundaries for proper pairs: (1, 1275)
[M::mem_pestat] skip orientation RF as there are not enough pairs
[M::mem_pestat] skip orientation RR as there are not enough pairs
[M::mem_pestat] skip orientation FF
[M::mem_process_seqs] Processed 266668 reads in 206.124 CPU sec, 51.602 real sec
[M::process] read 266668 sequences (40000200 bp)...
[M::mem_pestat] # candidate unique pairs for (FF, FR, RF, RR): (10, 3541, 1, 3)
[M::mem_pestat] analyzing insert size distribution for orientation FF...
[M::mem_pestat] (25, 50, 75) percentile: (143, 216, 2183)
[M::mem_pestat] low and high boundaries for computing mean and std.dev: (1, 6263)
[M::mem_pestat] mean and std.dev: (1175.70, 1828.71)
[M::mem_pestat] low and high boundaries for proper pairs: (1, 8491)
[M::mem_pestat] analyzing insert size distribution for orientation FR...
[M::mem_pestat] (25, 50, 75) percentile: (297, 513, 542)
[M::mem_pestat] low and high boundaries for computing mean and std.dev: (1, 1032)
[M::mem_pestat] mean and std.dev: (433.33, 172.14)
[M::mem_pestat] low and high boundaries for proper pairs: (1, 1277)
[M::mem_pestat] skip orientation RF as there are not enough pairs
[M::mem_pestat] skip orientation RR as there are not enough pairs
[M::mem_pestat] skip orientation FF
[M::mem_process_seqs] Processed 266668 reads in 210.786 CPU sec, 52.788 real sec
[M::process] read 266668 sequences (40000200 bp)...
[M::mem_pestat] # candidate unique pairs for (FF, FR, RF, RR): (3, 3685, 2, 7)
[M::mem_pestat] skip orientation FF as there are not enough pairs
[M::mem_pestat] analyzing insert size distribution for orientation FR...
[M::mem_pestat] (25, 50, 75) percentile: (282, 512, 543)
[M::mem_pestat] low and high boundaries for computing mean and std.dev: (1, 1065)
[M::mem_pestat] mean and std.dev: (430.28, 173.42)
[M::mem_pestat] low and high boundaries for proper pairs: (1, 1326)
[M::mem_pestat] skip orientation RF as there are not enough pairs
[M::mem_pestat] skip orientation RR as there are not enough pairs
[M::mem_process_seqs] Processed 266668 reads in 212.030 CPU sec, 53.088 real sec
[M::process] read 266668 sequences (40000200 bp)...
[M::mem_pestat] # candidate unique pairs for (FF, FR, RF, RR): (8, 3649, 1, 2)
[M::mem_pestat] skip orientation FF as there are not enough pairs
[M::mem_pestat] analyzing insert size distribution for orientation FR...
[M::mem_pestat] (25, 50, 75) percentile: (282, 511, 543)
[M::mem_pestat] low and high boundaries for computing mean and std.dev: (1, 1065)
[M::mem_pestat] mean and std.dev: (428.65, 175.46)
[M::mem_pestat] low and high boundaries for proper pairs: (1, 1326)
[M::mem_pestat] skip orientation RF as there are not enough pairs
[M::mem_pestat] skip orientation RR as there are not enough pairs
[M::mem_process_seqs] Processed 266668 reads in 215.013 CPU sec, 53.837 real sec
[M::process] read 266668 sequences (40000200 bp)...
[M::mem_pestat] # candidate unique pairs for (FF, FR, RF, RR): (6, 3650, 2, 3)
[M::mem_pestat] skip orientation FF as there are not enough pairs
[M::mem_pestat] analyzing insert size distribution for orientation FR...
[M::mem_pestat] (25, 50, 75) percentile: (283, 510, 539)
[M::mem_pestat] low and high boundaries for computing mean and std.dev: (1, 1051)
[M::mem_pestat] mean and std.dev: (426.77, 171.29)
[M::mem_pestat] low and high boundaries for proper pairs: (1, 1307)
[M::mem_pestat] skip orientation RF as there are not enough pairs
[M::mem_pestat] skip orientation RR as there are not enough pairs
[M::mem_process_seqs] Processed 266668 reads in 214.493 CPU sec, 53.703 real sec
[M::process] read 266668 sequences (40000200 bp)...
[M::mem_pestat] # candidate unique pairs for (FF, FR, RF, RR): (8, 3540, 0, 2)
[M::mem_pestat] skip orientation FF as there are not enough pairs
[M::mem_pestat] analyzing insert size distribution for orientation FR...
[M::mem_pestat] (25, 50, 75) percentile: (263, 510, 540)
[M::mem_pestat] low and high boundaries for computing mean and std.dev: (1, 1094)
[M::mem_pestat] mean and std.dev: (421.93, 177.10)
[M::mem_pestat] low and high boundaries for proper pairs: (1, 1371)
[M::mem_pestat] skip orientation RF as there are not enough pairs
[M::mem_pestat] skip orientation RR as there are not enough pairs
[M::mem_process_seqs] Processed 266668 reads in 211.235 CPU sec, 52.884 real sec
[M::process] read 266668 sequences (40000200 bp)...
[M::mem_pestat] # candidate unique pairs for (FF, FR, RF, RR): (8, 3659, 5, 2)
[M::mem_pestat] skip orientation FF as there are not enough pairs
[M::mem_pestat] analyzing insert size distribution for orientation FR...
[M::mem_pestat] (25, 50, 75) percentile: (265, 511, 541)
[M::mem_pestat] low and high boundaries for computing mean and std.dev: (1, 1093)
[M::mem_pestat] mean and std.dev: (425.87, 175.70)
[M::mem_pestat] low and high boundaries for proper pairs: (1, 1369)
[M::mem_pestat] skip orientation RF as there are not enough pairs
[M::mem_pestat] skip orientation RR as there are not enough pairs
[M::mem_process_seqs] Processed 266668 reads in 212.533 CPU sec, 53.192 real sec
[M::process] read 266668 sequences (40000200 bp)...
[M::mem_pestat] # candidate unique pairs for (FF, FR, RF, RR): (6, 3565, 2, 3)
[M::mem_pestat] skip orientation FF as there are not enough pairs
[M::mem_pestat] analyzing insert size distribution for orientation FR...
[M::mem_pestat] (25, 50, 75) percentile: (274, 511, 539)
[M::mem_pestat] low and high boundaries for computing mean and std.dev: (1, 1069)
[M::mem_pestat] mean and std.dev: (425.32, 176.68)
[M::mem_pestat] low and high boundaries for proper pairs: (1, 1334)
[M::mem_pestat] skip orientation RF as there are not enough pairs
[M::mem_pestat] skip orientation RR as there are not enough pairs
[M::mem_process_seqs] Processed 266668 reads in 212.073 CPU sec, 53.082 real sec
[M::process] read 266668 sequences (40000200 bp)...
[M::mem_pestat] # candidate unique pairs for (FF, FR, RF, RR): (12, 3691, 3, 4)
[M::mem_pestat] analyzing insert size distribution for orientation FF...
[M::mem_pestat] (25, 50, 75) percentile: (163, 282, 1387)
[M::mem_pestat] low and high boundaries for computing mean and std.dev: (1, 3835)
[M::mem_pestat] mean and std.dev: (782.58, 885.64)
[M::mem_pestat] low and high boundaries for proper pairs: (1, 5059)
[M::mem_pestat] analyzing insert size distribution for orientation FR...
[M::mem_pestat] (25, 50, 75) percentile: (288, 512, 541)
[M::mem_pestat] low and high boundaries for computing mean and std.dev: (1, 1047)
[M::mem_pestat] mean and std.dev: (428.92, 172.43)
[M::mem_pestat] low and high boundaries for proper pairs: (1, 1300)
[M::mem_pestat] skip orientation RF as there are not enough pairs
[M::mem_pestat] skip orientation RR as there are not enough pairs
[M::mem_pestat] skip orientation FF
[M::mem_process_seqs] Processed 266668 reads in 212.184 CPU sec, 53.105 real sec
[M::process] read 266668 sequences (40000200 bp)...
[M::mem_pestat] # candidate unique pairs for (FF, FR, RF, RR): (7, 3693, 1, 2)
[M::mem_pestat] skip orientation FF as there are not enough pairs
[M::mem_pestat] analyzing insert size distribution for orientation FR...
[M::mem_pestat] (25, 50, 75) percentile: (277, 511, 540)
[M::mem_pestat] low and high boundaries for computing mean and std.dev: (1, 1066)
[M::mem_pestat] mean and std.dev: (427.47, 173.75)
[M::mem_pestat] low and high boundaries for proper pairs: (1, 1329)
[M::mem_pestat] skip orientation RF as there are not enough pairs
[M::mem_pestat] skip orientation RR as there are not enough pairs
[M::mem_process_seqs] Processed 266668 reads in 210.782 CPU sec, 52.760 real sec
[M::process] read 266668 sequences (40000200 bp)...
[M::mem_pestat] # candidate unique pairs for (FF, FR, RF, RR): (3, 3488, 2, 0)
[M::mem_pestat] skip orientation FF as there are not enough pairs
[M::mem_pestat] analyzing insert size distribution for orientation FR...
[M::mem_pestat] (25, 50, 75) percentile: (269, 511, 539)
[M::mem_pestat] low and high boundaries for computing mean and std.dev: (1, 1079)
[M::mem_pestat] mean and std.dev: (425.31, 174.63)
[M::mem_pestat] low and high boundaries for proper pairs: (1, 1349)
[M::mem_pestat] skip orientation RF as there are not enough pairs
[M::mem_pestat] skip orientation RR as there are not enough pairs
[M::mem_process_seqs] Processed 266668 reads in 211.875 CPU sec, 53.273 real sec
[M::process] read 266668 sequences (40000200 bp)...
[M::mem_pestat] # candidate unique pairs for (FF, FR, RF, RR): (3, 3713, 3, 3)
[M::mem_pestat] skip orientation FF as there are not enough pairs
[M::mem_pestat] analyzing insert size distribution for orientation FR...
[M::mem_pestat] (25, 50, 75) percentile: (292, 511, 541)
[M::mem_pestat] low and high boundaries for computing mean and std.dev: (1, 1039)
[M::mem_pestat] mean and std.dev: (430.18, 171.76)
[M::mem_pestat] low and high boundaries for proper pairs: (1, 1288)
[M::mem_pestat] skip orientation RF as there are not enough pairs
[M::mem_pestat] skip orientation RR as there are not enough pairs
[M::mem_process_seqs] Processed 266668 reads in 207.693 CPU sec, 51.980 real sec
[M::process] read 266668 sequences (40000200 bp)...
[M::mem_pestat] # candidate unique pairs for (FF, FR, RF, RR): (7, 3694, 3, 4)
[M::mem_pestat] skip orientation FF as there are not enough pairs
[M::mem_pestat] analyzing insert size distribution for orientation FR...
[M::mem_pestat] (25, 50, 75) percentile: (292, 512, 540)
[M::mem_pestat] low and high boundaries for computing mean and std.dev: (1, 1036)
[M::mem_pestat] mean and std.dev: (431.00, 170.06)
[M::mem_pestat] low and high boundaries for proper pairs: (1, 1284)
[M::mem_pestat] skip orientation RF as there are not enough pairs
[M::mem_pestat] skip orientation RR as there are not enough pairs
[M::mem_process_seqs] Processed 266668 reads in 211.138 CPU sec, 52.881 real sec
[M::process] read 266668 sequences (40000200 bp)...
[M::mem_pestat] # candidate unique pairs for (FF, FR, RF, RR): (8, 3624, 1, 1)
[M::mem_pestat] skip orientation FF as there are not enough pairs
[M::mem_pestat] analyzing insert size distribution for orientation FR...
[M::mem_pestat] (25, 50, 75) percentile: (283, 512, 540)
[M::mem_pestat] low and high boundaries for computing mean and std.dev: (1, 1054)
[M::mem_pestat] mean and std.dev: (430.46, 173.63)
[M::mem_pestat] low and high boundaries for proper pairs: (1, 1311)
[M::mem_pestat] skip orientation RF as there are not enough pairs
[M::mem_pestat] skip orientation RR as there are not enough pairs
[M::mem_process_seqs] Processed 266668 reads in 211.080 CPU sec, 52.882 real sec
[M::process] read 266668 sequences (40000200 bp)...
[M::mem_pestat] # candidate unique pairs for (FF, FR, RF, RR): (6, 3572, 2, 5)
[M::mem_pestat] skip orientation FF as there are not enough pairs
[M::mem_pestat] analyzing insert size distribution for orientation FR...
[M::mem_pestat] (25, 50, 75) percentile: (279, 510, 539)
[M::mem_pestat] low and high boundaries for computing mean and std.dev: (1, 1059)
[M::mem_pestat] mean and std.dev: (427.20, 172.96)
[M::mem_pestat] low and high boundaries for proper pairs: (1, 1319)
[M::mem_pestat] skip orientation RF as there are not enough pairs
[M::mem_pestat] skip orientation RR as there are not enough pairs
[M::mem_process_seqs] Processed 266668 reads in 218.000 CPU sec, 54.601 real sec
[M::process] read 266668 sequences (40000200 bp)...
[M::mem_pestat] # candidate unique pairs for (FF, FR, RF, RR): (8, 3701, 1, 5)
[M::mem_pestat] skip orientation FF as there are not enough pairs
[M::mem_pestat] analyzing insert size distribution for orientation FR...
[M::mem_pestat] (25, 50, 75) percentile: (277, 512, 540)
[M::mem_pestat] low and high boundaries for computing mean and std.dev: (1, 1066)
[M::mem_pestat] mean and std.dev: (427.16, 173.82)
[M::mem_pestat] low and high boundaries for proper pairs: (1, 1329)
[M::mem_pestat] skip orientation RF as there are not enough pairs
[M::mem_pestat] skip orientation RR as there are not enough pairs
[M::mem_process_seqs] Processed 266668 reads in 212.568 CPU sec, 53.244 real sec
[M::process] read 266668 sequences (40000200 bp)...
[M::mem_pestat] # candidate unique pairs for (FF, FR, RF, RR): (10, 3586, 1, 2)
[M::mem_pestat] analyzing insert size distribution for orientation FF...
[M::mem_pestat] (25, 50, 75) percentile: (139, 233, 300)
[M::mem_pestat] low and high boundaries for computing mean and std.dev: (1, 622)
[M::mem_pestat] mean and std.dev: (229.11, 148.40)
[M::mem_pestat] low and high boundaries for proper pairs: (1, 823)
[M::mem_pestat] analyzing insert size distribution for orientation FR...
[M::mem_pestat] (25, 50, 75) percentile: (293, 512, 542)
[M::mem_pestat] low and high boundaries for computing mean and std.dev: (1, 1040)
[M::mem_pestat] mean and std.dev: (433.50, 172.00)
[M::mem_pestat] low and high boundaries for proper pairs: (1, 1289)
[M::mem_pestat] skip orientation RF as there are not enough pairs
[M::mem_pestat] skip orientation RR as there are not enough pairs
[M::mem_pestat] skip orientation FF
[M::mem_process_seqs] Processed 266668 reads in 210.116 CPU sec, 52.622 real sec
[M::process] read 266668 sequences (40000200 bp)...
[M::mem_pestat] # candidate unique pairs for (FF, FR, RF, RR): (12, 3606, 3, 5)
[M::mem_pestat] analyzing insert size distribution for orientation FF...
[M::mem_pestat] (25, 50, 75) percentile: (106, 182, 201)
[M::mem_pestat] low and high boundaries for computing mean and std.dev: (1, 391)
[M::mem_pestat] mean and std.dev: (145.00, 50.81)
[M::mem_pestat] low and high boundaries for proper pairs: (1, 486)
[M::mem_pestat] analyzing insert size distribution for orientation FR...
[M::mem_pestat] (25, 50, 75) percentile: (262, 510, 539)
[M::mem_pestat] low and high boundaries for computing mean and std.dev: (1, 1093)
[M::mem_pestat] mean and std.dev: (422.85, 174.85)
[M::mem_pestat] low and high boundaries for proper pairs: (1, 1370)
[M::mem_pestat] skip orientation RF as there are not enough pairs
[M::mem_pestat] skip orientation RR as there are not enough pairs
[M::mem_pestat] skip orientation FF
[M::mem_process_seqs] Processed 266668 reads in 211.404 CPU sec, 52.923 real sec
[M::process] read 266668 sequences (40000200 bp)...
[M::mem_pestat] # candidate unique pairs for (FF, FR, RF, RR): (11, 3680, 2, 2)
[M::mem_pestat] analyzing insert size distribution for orientation FF...
[M::mem_pestat] (25, 50, 75) percentile: (164, 185, 830)
[M::mem_pestat] low and high boundaries for computing mean and std.dev: (1, 2162)
[M::mem_pestat] mean and std.dev: (345.60, 364.69)
[M::mem_pestat] low and high boundaries for proper pairs: (1, 2828)
[M::mem_pestat] analyzing insert size distribution for orientation FR...
[M::mem_pestat] (25, 50, 75) percentile: (286, 511, 539)
[M::mem_pestat] low and high boundaries for computing mean and std.dev: (1, 1045)
[M::mem_pestat] mean and std.dev: (429.98, 170.88)
[M::mem_pestat] low and high boundaries for proper pairs: (1, 1298)
[M::mem_pestat] skip orientation RF as there are not enough pairs
[M::mem_pestat] skip orientation RR as there are not enough pairs
[M::mem_pestat] skip orientation FF
[M::mem_process_seqs] Processed 266668 reads in 213.325 CPU sec, 53.402 real sec
[M::process] read 266668 sequences (40000200 bp)...
[M::mem_pestat] # candidate unique pairs for (FF, FR, RF, RR): (6, 3602, 2, 2)
[M::mem_pestat] skip orientation FF as there are not enough pairs
[M::mem_pestat] analyzing insert size distribution for orientation FR...
[M::mem_pestat] (25, 50, 75) percentile: (268, 511, 539)
[M::mem_pestat] low and high boundaries for computing mean and std.dev: (1, 1081)
[M::mem_pestat] mean and std.dev: (424.44, 174.21)
[M::mem_pestat] low and high boundaries for proper pairs: (1, 1352)
[M::mem_pestat] skip orientation RF as there are not enough pairs
[M::mem_pestat] skip orientation RR as there are not enough pairs
[M::mem_process_seqs] Processed 266668 reads in 213.077 CPU sec, 53.363 real sec
[M::process] read 266668 sequences (40000200 bp)...
[M::mem_pestat] # candidate unique pairs for (FF, FR, RF, RR): (6, 3550, 1, 2)
[M::mem_pestat] skip orientation FF as there are not enough pairs
[M::mem_pestat] analyzing insert size distribution for orientation FR...
[M::mem_pestat] (25, 50, 75) percentile: (277, 512, 541)
[M::mem_pestat] low and high boundaries for computing mean and std.dev: (1, 1069)
[M::mem_pestat] mean and std.dev: (428.43, 174.86)
[M::mem_pestat] low and high boundaries for proper pairs: (1, 1333)
[M::mem_pestat] skip orientation RF as there are not enough pairs
[M::mem_pestat] skip orientation RR as there are not enough pairs
[M::mem_process_seqs] Processed 266668 reads in 213.714 CPU sec, 53.528 real sec
[M::process] read 266668 sequences (40000200 bp)...
[M::mem_pestat] # candidate unique pairs for (FF, FR, RF, RR): (5, 3657, 0, 7)
[M::mem_pestat] skip orientation FF as there are not enough pairs
[M::mem_pestat] analyzing insert size distribution for orientation FR...
[M::mem_pestat] (25, 50, 75) percentile: (280, 513, 540)
[M::mem_pestat] low and high boundaries for computing mean and std.dev: (1, 1060)
[M::mem_pestat] mean and std.dev: (429.10, 172.10)
[M::mem_pestat] low and high boundaries for proper pairs: (1, 1320)
[M::mem_pestat] skip orientation RF as there are not enough pairs
[M::mem_pestat] skip orientation RR as there are not enough pairs
[M::mem_process_seqs] Processed 266668 reads in 207.822 CPU sec, 52.057 real sec
[M::process] read 266668 sequences (40000200 bp)...
[M::mem_pestat] # candidate unique pairs for (FF, FR, RF, RR): (9, 3685, 4, 2)
[M::mem_pestat] skip orientation FF as there are not enough pairs
[M::mem_pestat] analyzing insert size distribution for orientation FR...
[M::mem_pestat] (25, 50, 75) percentile: (289, 512, 542)
[M::mem_pestat] low and high boundaries for computing mean and std.dev: (1, 1048)
[M::mem_pestat] mean and std.dev: (432.66, 173.02)
[M::mem_pestat] low and high boundaries for proper pairs: (1, 1301)
[M::mem_pestat] skip orientation RF as there are not enough pairs
[M::mem_pestat] skip orientation RR as there are not enough pairs
[M::mem_process_seqs] Processed 266668 reads in 206.925 CPU sec, 51.789 real sec
[M::process] read 266668 sequences (40000200 bp)...
[M::mem_pestat] # candidate unique pairs for (FF, FR, RF, RR): (9, 3594, 0, 4)
[M::mem_pestat] skip orientation FF as there are not enough pairs
[M::mem_pestat] analyzing insert size distribution for orientation FR...
[M::mem_pestat] (25, 50, 75) percentile: (271, 512, 540)
[M::mem_pestat] low and high boundaries for computing mean and std.dev: (1, 1078)
[M::mem_pestat] mean and std.dev: (425.08, 175.18)
[M::mem_pestat] low and high boundaries for proper pairs: (1, 1347)
[M::mem_pestat] skip orientation RF as there are not enough pairs
[M::mem_pestat] skip orientation RR as there are not enough pairs
[M::mem_process_seqs] Processed 266668 reads in 214.300 CPU sec, 53.655 real sec
[M::process] read 266668 sequences (40000200 bp)...
[M::mem_pestat] # candidate unique pairs for (FF, FR, RF, RR): (8, 3616, 0, 2)
[M::mem_pestat] skip orientation FF as there are not enough pairs
[M::mem_pestat] analyzing insert size distribution for orientation FR...
[M::mem_pestat] (25, 50, 75) percentile: (272, 511, 539)
[M::mem_pestat] low and high boundaries for computing mean and std.dev: (1, 1073)
[M::mem_pestat] mean and std.dev: (423.94, 174.42)
[M::mem_pestat] low and high boundaries for proper pairs: (1, 1340)
[M::mem_pestat] skip orientation RF as there are not enough pairs
[M::mem_pestat] skip orientation RR as there are not enough pairs
[M::mem_process_seqs] Processed 266668 reads in 216.673 CPU sec, 54.254 real sec
[M::process] read 266668 sequences (40000200 bp)...
[M::mem_pestat] # candidate unique pairs for (FF, FR, RF, RR): (7, 3651, 1, 2)
[M::mem_pestat] skip orientation FF as there are not enough pairs
[M::mem_pestat] analyzing insert size distribution for orientation FR...
[M::mem_pestat] (25, 50, 75) percentile: (289, 511, 540)
[M::mem_pestat] low and high boundaries for computing mean and std.dev: (1, 1042)
[M::mem_pestat] mean and std.dev: (428.05, 172.03)
[M::mem_pestat] low and high boundaries for proper pairs: (1, 1293)
[M::mem_pestat] skip orientation RF as there are not enough pairs
[M::mem_pestat] skip orientation RR as there are not enough pairs
[M::mem_process_seqs] Processed 266668 reads in 217.234 CPU sec, 54.410 real sec
[M::process] read 266668 sequences (40000200 bp)...
[M::mem_pestat] # candidate unique pairs for (FF, FR, RF, RR): (10, 3715, 2, 4)
[M::mem_pestat] analyzing insert size distribution for orientation FF...
[M::mem_pestat] (25, 50, 75) percentile: (94, 131, 185)
[M::mem_pestat] low and high boundaries for computing mean and std.dev: (1, 367)
[M::mem_pestat] mean and std.dev: (127.80, 56.48)
[M::mem_pestat] low and high boundaries for proper pairs: (1, 458)
[M::mem_pestat] analyzing insert size distribution for orientation FR...
[M::mem_pestat] (25, 50, 75) percentile: (274, 511, 539)
[M::mem_pestat] low and high boundaries for computing mean and std.dev: (1, 1069)
[M::mem_pestat] mean and std.dev: (424.08, 175.50)
[M::mem_pestat] low and high boundaries for proper pairs: (1, 1334)
[M::mem_pestat] skip orientation RF as there are not enough pairs
[M::mem_pestat] skip orientation RR as there are not enough pairs
[M::mem_pestat] skip orientation FF
[M::mem_process_seqs] Processed 266668 reads in 212.575 CPU sec, 53.222 real sec
[M::process] read 266668 sequences (40000200 bp)...
[M::mem_pestat] # candidate unique pairs for (FF, FR, RF, RR): (3, 3542, 2, 8)
[M::mem_pestat] skip orientation FF as there are not enough pairs
[M::mem_pestat] analyzing insert size distribution for orientation FR...
[M::mem_pestat] (25, 50, 75) percentile: (280, 512, 540)
[M::mem_pestat] low and high boundaries for computing mean and std.dev: (1, 1060)
[M::mem_pestat] mean and std.dev: (427.34, 171.86)
[M::mem_pestat] low and high boundaries for proper pairs: (1, 1320)
[M::mem_pestat] skip orientation RF as there are not enough pairs
[M::mem_pestat] skip orientation RR as there are not enough pairs
[M::mem_process_seqs] Processed 266668 reads in 213.134 CPU sec, 53.349 real sec
[M::process] read 266668 sequences (40000200 bp)...
[M::mem_pestat] # candidate unique pairs for (FF, FR, RF, RR): (6, 3649, 0, 7)
[M::mem_pestat] skip orientation FF as there are not enough pairs
[M::mem_pestat] analyzing insert size distribution for orientation FR...
[M::mem_pestat] (25, 50, 75) percentile: (284, 512, 543)
[M::mem_pestat] low and high boundaries for computing mean and std.dev: (1, 1061)
[M::mem_pestat] mean and std.dev: (431.45, 172.56)
[M::mem_pestat] low and high boundaries for proper pairs: (1, 1320)
[M::mem_pestat] skip orientation RF as there are not enough pairs
[M::mem_pestat] skip orientation RR as there are not enough pairs
[M::mem_process_seqs] Processed 266668 reads in 210.775 CPU sec, 52.765 real sec
[M::process] read 266668 sequences (40000200 bp)...
[M::mem_pestat] # candidate unique pairs for (FF, FR, RF, RR): (12, 3694, 5, 1)
[M::mem_pestat] analyzing insert size distribution for orientation FF...
[M::mem_pestat] (25, 50, 75) percentile: (98, 129, 293)
[M::mem_pestat] low and high boundaries for computing mean and std.dev: (1, 683)
[M::mem_pestat] mean and std.dev: (133.10, 70.97)
[M::mem_pestat] low and high boundaries for proper pairs: (1, 878)
[M::mem_pestat] analyzing insert size distribution for orientation FR...
[M::mem_pestat] (25, 50, 75) percentile: (281, 511, 541)
[M::mem_pestat] low and high boundaries for computing mean and std.dev: (1, 1061)
[M::mem_pestat] mean and std.dev: (428.02, 173.27)
[M::mem_pestat] low and high boundaries for proper pairs: (1, 1321)
[M::mem_pestat] skip orientation RF as there are not enough pairs
[M::mem_pestat] skip orientation RR as there are not enough pairs
[M::mem_pestat] skip orientation FF
[M::mem_process_seqs] Processed 266668 reads in 215.506 CPU sec, 53.958 real sec
[M::process] read 266668 sequences (40000200 bp)...
[M::mem_pestat] # candidate unique pairs for (FF, FR, RF, RR): (5, 3610, 2, 5)
[M::mem_pestat] skip orientation FF as there are not enough pairs
[M::mem_pestat] analyzing insert size distribution for orientation FR...
[M::mem_pestat] (25, 50, 75) percentile: (279, 511, 539)
[M::mem_pestat] low and high boundaries for computing mean and std.dev: (1, 1059)
[M::mem_pestat] mean and std.dev: (429.04, 172.24)
[M::mem_pestat] low and high boundaries for proper pairs: (1, 1319)
[M::mem_pestat] skip orientation RF as there are not enough pairs
[M::mem_pestat] skip orientation RR as there are not enough pairs
[M::mem_process_seqs] Processed 266668 reads in 210.256 CPU sec, 52.623 real sec
[M::process] read 266668 sequences (40000200 bp)...
[M::mem_pestat] # candidate unique pairs for (FF, FR, RF, RR): (6, 3720, 2, 3)
[M::mem_pestat] skip orientation FF as there are not enough pairs
[M::mem_pestat] analyzing insert size distribution for orientation FR...
[M::mem_pestat] (25, 50, 75) percentile: (288, 512, 541)
[M::mem_pestat] low and high boundaries for computing mean and std.dev: (1, 1047)
[M::mem_pestat] mean and std.dev: (430.13, 172.84)
[M::mem_pestat] low and high boundaries for proper pairs: (1, 1300)
[M::mem_pestat] skip orientation RF as there are not enough pairs
[M::mem_pestat] skip orientation RR as there are not enough pairs
[M::mem_process_seqs] Processed 266668 reads in 210.036 CPU sec, 52.568 real sec
[M::process] read 266668 sequences (40000200 bp)...
[M::mem_pestat] # candidate unique pairs for (FF, FR, RF, RR): (8, 3680, 3, 3)
[M::mem_pestat] skip orientation FF as there are not enough pairs
[M::mem_pestat] analyzing insert size distribution for orientation FR...
[M::mem_pestat] (25, 50, 75) percentile: (270, 512, 541)
[M::mem_pestat] low and high boundaries for computing mean and std.dev: (1, 1083)
[M::mem_pestat] mean and std.dev: (426.54, 174.67)
[M::mem_pestat] low and high boundaries for proper pairs: (1, 1354)
[M::mem_pestat] skip orientation RF as there are not enough pairs
[M::mem_pestat] skip orientation RR as there are not enough pairs
[M::mem_process_seqs] Processed 266668 reads in 211.045 CPU sec, 52.841 real sec
[M::process] read 266668 sequences (40000200 bp)...
[M::mem_pestat] # candidate unique pairs for (FF, FR, RF, RR): (6, 3591, 1, 5)
[M::mem_pestat] skip orientation FF as there are not enough pairs
[M::mem_pestat] analyzing insert size distribution for orientation FR...
[M::mem_pestat] (25, 50, 75) percentile: (274, 511, 540)
[M::mem_pestat] low and high boundaries for computing mean and std.dev: (1, 1072)
[M::mem_pestat] mean and std.dev: (426.53, 173.64)
[M::mem_pestat] low and high boundaries for proper pairs: (1, 1338)
[M::mem_pestat] skip orientation RF as there are not enough pairs
[M::mem_pestat] skip orientation RR as there are not enough pairs
[M::mem_process_seqs] Processed 266668 reads in 213.268 CPU sec, 53.375 real sec
[M::process] read 266668 sequences (40000200 bp)...
[M::mem_pestat] # candidate unique pairs for (FF, FR, RF, RR): (5, 3537, 5, 6)
[M::mem_pestat] skip orientation FF as there are not enough pairs
[M::mem_pestat] analyzing insert size distribution for orientation FR...
[M::mem_pestat] (25, 50, 75) percentile: (285, 512, 542)
[M::mem_pestat] low and high boundaries for computing mean and std.dev: (1, 1056)
[M::mem_pestat] mean and std.dev: (429.79, 174.98)
[M::mem_pestat] low and high boundaries for proper pairs: (1, 1313)
[M::mem_pestat] skip orientation RF as there are not enough pairs
[M::mem_pestat] skip orientation RR as there are not enough pairs
[M::mem_process_seqs] Processed 266668 reads in 212.942 CPU sec, 53.299 real sec
[M::process] read 266668 sequences (40000200 bp)...
[M::mem_pestat] # candidate unique pairs for (FF, FR, RF, RR): (6, 3803, 1, 2)
[M::mem_pestat] skip orientation FF as there are not enough pairs
[M::mem_pestat] analyzing insert size distribution for orientation FR...
[M::mem_pestat] (25, 50, 75) percentile: (274, 511, 540)
[M::mem_pestat] low and high boundaries for computing mean and std.dev: (1, 1072)
[M::mem_pestat] mean and std.dev: (426.85, 173.91)
[M::mem_pestat] low and high boundaries for proper pairs: (1, 1338)
[M::mem_pestat] skip orientation RF as there are not enough pairs
[M::mem_pestat] skip orientation RR as there are not enough pairs
[M::mem_process_seqs] Processed 266668 reads in 214.931 CPU sec, 53.833 real sec
[M::process] read 266668 sequences (40000200 bp)...
[M::mem_pestat] # candidate unique pairs for (FF, FR, RF, RR): (7, 3702, 2, 7)
[M::mem_pestat] skip orientation FF as there are not enough pairs
[M::mem_pestat] analyzing insert size distribution for orientation FR...
[M::mem_pestat] (25, 50, 75) percentile: (274, 512, 540)
[M::mem_pestat] low and high boundaries for computing mean and std.dev: (1, 1072)
[M::mem_pestat] mean and std.dev: (426.89, 175.88)
[M::mem_pestat] low and high boundaries for proper pairs: (1, 1338)
[M::mem_pestat] skip orientation RF as there are not enough pairs
[M::mem_pestat] skip orientation RR as there are not enough pairs
[M::mem_process_seqs] Processed 266668 reads in 215.340 CPU sec, 53.917 real sec
[M::process] read 266668 sequences (40000200 bp)...
[M::mem_pestat] # candidate unique pairs for (FF, FR, RF, RR): (9, 3481, 2, 6)
[M::mem_pestat] skip orientation FF as there are not enough pairs
[M::mem_pestat] analyzing insert size distribution for orientation FR...
[M::mem_pestat] (25, 50, 75) percentile: (274, 511, 540)
[M::mem_pestat] low and high boundaries for computing mean and std.dev: (1, 1072)
[M::mem_pestat] mean and std.dev: (425.83, 173.94)
[M::mem_pestat] low and high boundaries for proper pairs: (1, 1338)
[M::mem_pestat] skip orientation RF as there are not enough pairs
[M::mem_pestat] skip orientation RR as there are not enough pairs
[M::mem_process_seqs] Processed 266668 reads in 215.843 CPU sec, 54.096 real sec
[M::process] read 266668 sequences (40000200 bp)...
[M::mem_pestat] # candidate unique pairs for (FF, FR, RF, RR): (4, 3677, 0, 8)
[M::mem_pestat] skip orientation FF as there are not enough pairs
[M::mem_pestat] analyzing insert size distribution for orientation FR...
[M::mem_pestat] (25, 50, 75) percentile: (293, 511, 539)
[M::mem_pestat] low and high boundaries for computing mean and std.dev: (1, 1031)
[M::mem_pestat] mean and std.dev: (430.38, 171.15)
[M::mem_pestat] low and high boundaries for proper pairs: (1, 1277)
[M::mem_pestat] skip orientation RF as there are not enough pairs
[M::mem_pestat] skip orientation RR as there are not enough pairs
[M::mem_process_seqs] Processed 266668 reads in 211.591 CPU sec, 52.987 real sec
[M::process] read 266668 sequences (40000200 bp)...
[M::mem_pestat] # candidate unique pairs for (FF, FR, RF, RR): (9, 3542, 0, 6)
[M::mem_pestat] skip orientation FF as there are not enough pairs
[M::mem_pestat] analyzing insert size distribution for orientation FR...
[M::mem_pestat] (25, 50, 75) percentile: (266, 511, 538)
[M::mem_pestat] low and high boundaries for computing mean and std.dev: (1, 1082)
[M::mem_pestat] mean and std.dev: (423.45, 174.92)
[M::mem_pestat] low and high boundaries for proper pairs: (1, 1354)
[M::mem_pestat] skip orientation RF as there are not enough pairs
[M::mem_pestat] skip orientation RR as there are not enough pairs
[M::mem_process_seqs] Processed 266668 reads in 216.457 CPU sec, 54.183 real sec
[M::process] read 266668 sequences (40000200 bp)...
[M::mem_pestat] # candidate unique pairs for (FF, FR, RF, RR): (8, 3749, 2, 5)
[M::mem_pestat] skip orientation FF as there are not enough pairs
[M::mem_pestat] analyzing insert size distribution for orientation FR...
[M::mem_pestat] (25, 50, 75) percentile: (292, 511, 541)
[M::mem_pestat] low and high boundaries for computing mean and std.dev: (1, 1039)
[M::mem_pestat] mean and std.dev: (431.86, 171.81)
[M::mem_pestat] low and high boundaries for proper pairs: (1, 1288)
[M::mem_pestat] skip orientation RF as there are not enough pairs
[M::mem_pestat] skip orientation RR as there are not enough pairs
[M::mem_process_seqs] Processed 266668 reads in 206.689 CPU sec, 51.838 real sec
[M::process] read 266668 sequences (40000200 bp)...
[M::mem_pestat] # candidate unique pairs for (FF, FR, RF, RR): (9, 3678, 4, 5)
[M::mem_pestat] skip orientation FF as there are not enough pairs
[M::mem_pestat] analyzing insert size distribution for orientation FR...
[M::mem_pestat] (25, 50, 75) percentile: (270, 513, 542)
[M::mem_pestat] low and high boundaries for computing mean and std.dev: (1, 1086)
[M::mem_pestat] mean and std.dev: (426.62, 175.25)
[M::mem_pestat] low and high boundaries for proper pairs: (1, 1358)
[M::mem_pestat] skip orientation RF as there are not enough pairs
[M::mem_pestat] skip orientation RR as there are not enough pairs
[M::mem_process_seqs] Processed 266668 reads in 209.411 CPU sec, 52.421 real sec
[M::process] read 266668 sequences (40000200 bp)...
[M::mem_pestat] # candidate unique pairs for (FF, FR, RF, RR): (5, 3617, 3, 2)
[M::mem_pestat] skip orientation FF as there are not enough pairs
[M::mem_pestat] analyzing insert size distribution for orientation FR...
[M::mem_pestat] (25, 50, 75) percentile: (281, 511, 541)
[M::mem_pestat] low and high boundaries for computing mean and std.dev: (1, 1061)
[M::mem_pestat] mean and std.dev: (429.45, 174.09)
[M::mem_pestat] low and high boundaries for proper pairs: (1, 1321)
[M::mem_pestat] skip orientation RF as there are not enough pairs
[M::mem_pestat] skip orientation RR as there are not enough pairs
[M::mem_process_seqs] Processed 266668 reads in 210.427 CPU sec, 52.671 real sec
[M::process] read 266668 sequences (40000200 bp)...
[M::mem_pestat] # candidate unique pairs for (FF, FR, RF, RR): (15, 3621, 2, 1)
[M::mem_pestat] analyzing insert size distribution for orientation FF...
[M::mem_pestat] (25, 50, 75) percentile: (167, 184, 283)
[M::mem_pestat] low and high boundaries for computing mean and std.dev: (1, 515)
[M::mem_pestat] mean and std.dev: (177.67, 48.13)
[M::mem_pestat] low and high boundaries for proper pairs: (1, 631)
[M::mem_pestat] analyzing insert size distribution for orientation FR...
[M::mem_pestat] (25, 50, 75) percentile: (268, 511, 541)
[M::mem_pestat] low and high boundaries for computing mean and std.dev: (1, 1087)
[M::mem_pestat] mean and std.dev: (424.41, 175.26)
[M::mem_pestat] low and high boundaries for proper pairs: (1, 1360)
[M::mem_pestat] skip orientation RF as there are not enough pairs
[M::mem_pestat] skip orientation RR as there are not enough pairs
[M::mem_pestat] skip orientation FF
[M::mem_process_seqs] Processed 266668 reads in 213.093 CPU sec, 53.353 real sec
[M::process] read 266668 sequences (40000200 bp)...
[M::mem_pestat] # candidate unique pairs for (FF, FR, RF, RR): (4, 3517, 4, 3)
[M::mem_pestat] skip orientation FF as there are not enough pairs
[M::mem_pestat] analyzing insert size distribution for orientation FR...
[M::mem_pestat] (25, 50, 75) percentile: (268, 511, 539)
[M::mem_pestat] low and high boundaries for computing mean and std.dev: (1, 1081)
[M::mem_pestat] mean and std.dev: (422.13, 176.06)
[M::mem_pestat] low and high boundaries for proper pairs: (1, 1352)
[M::mem_pestat] skip orientation RF as there are not enough pairs
[M::mem_pestat] skip orientation RR as there are not enough pairs
[M::mem_process_seqs] Processed 266668 reads in 211.945 CPU sec, 53.068 real sec
[M::process] read 266668 sequences (40000200 bp)...
[M::mem_pestat] # candidate unique pairs for (FF, FR, RF, RR): (7, 3613, 3, 3)
[M::mem_pestat] skip orientation FF as there are not enough pairs
[M::mem_pestat] analyzing insert size distribution for orientation FR...
[M::mem_pestat] (25, 50, 75) percentile: (295, 512, 540)
[M::mem_pestat] low and high boundaries for computing mean and std.dev: (1, 1030)
[M::mem_pestat] mean and std.dev: (432.25, 169.66)
[M::mem_pestat] low and high boundaries for proper pairs: (1, 1275)
[M::mem_pestat] skip orientation RF as there are not enough pairs
[M::mem_pestat] skip orientation RR as there are not enough pairs
[M::mem_process_seqs] Processed 266668 reads in 210.189 CPU sec, 52.617 real sec
[M::process] read 266668 sequences (40000200 bp)...
[M::mem_pestat] # candidate unique pairs for (FF, FR, RF, RR): (16, 3576, 0, 5)
[M::mem_pestat] analyzing insert size distribution for orientation FF...
[M::mem_pestat] (25, 50, 75) percentile: (115, 293, 758)
[M::mem_pestat] low and high boundaries for computing mean and std.dev: (1, 2044)
[M::mem_pestat] mean and std.dev: (352.07, 300.76)
[M::mem_pestat] low and high boundaries for proper pairs: (1, 2687)
[M::mem_pestat] analyzing insert size distribution for orientation FR...
[M::mem_pestat] (25, 50, 75) percentile: (265, 511, 540)
[M::mem_pestat] low and high boundaries for computing mean and std.dev: (1, 1090)
[M::mem_pestat] mean and std.dev: (425.29, 174.86)
[M::mem_pestat] low and high boundaries for proper pairs: (1, 1365)
[M::mem_pestat] skip orientation RF as there are not enough pairs
[M::mem_pestat] skip orientation RR as there are not enough pairs
[M::mem_pestat] skip orientation FF
[M::mem_process_seqs] Processed 266668 reads in 220.854 CPU sec, 55.298 real sec
[M::process] read 266668 sequences (40000200 bp)...
[M::mem_pestat] # candidate unique pairs for (FF, FR, RF, RR): (4, 3644, 3, 3)
[M::mem_pestat] skip orientation FF as there are not enough pairs
[M::mem_pestat] analyzing insert size distribution for orientation FR...
[M::mem_pestat] (25, 50, 75) percentile: (273, 511, 540)
[M::mem_pestat] low and high boundaries for computing mean and std.dev: (1, 1074)
[M::mem_pestat] mean and std.dev: (424.89, 174.17)
[M::mem_pestat] low and high boundaries for proper pairs: (1, 1341)
[M::mem_pestat] skip orientation RF as there are not enough pairs
[M::mem_pestat] skip orientation RR as there are not enough pairs
[M::mem_process_seqs] Processed 266668 reads in 217.389 CPU sec, 54.456 real sec
[M::process] read 266668 sequences (40000200 bp)...
[M::mem_pestat] # candidate unique pairs for (FF, FR, RF, RR): (14, 3738, 3, 3)
[M::mem_pestat] analyzing insert size distribution for orientation FF...
[M::mem_pestat] (25, 50, 75) percentile: (104, 137, 184)
[M::mem_pestat] low and high boundaries for computing mean and std.dev: (1, 344)
[M::mem_pestat] mean and std.dev: (147.36, 56.85)
[M::mem_pestat] low and high boundaries for proper pairs: (1, 424)
[M::mem_pestat] analyzing insert size distribution for orientation FR...
[M::mem_pestat] (25, 50, 75) percentile: (300, 512, 541)
[M::mem_pestat] low and high boundaries for computing mean and std.dev: (1, 1023)
[M::mem_pestat] mean and std.dev: (432.96, 171.63)
[M::mem_pestat] low and high boundaries for proper pairs: (1, 1264)
[M::mem_pestat] skip orientation RF as there are not enough pairs
[M::mem_pestat] skip orientation RR as there are not enough pairs
[M::mem_pestat] skip orientation FF
[M::mem_process_seqs] Processed 266668 reads in 212.777 CPU sec, 53.280 real sec
[M::process] read 266668 sequences (40000200 bp)...
[M::mem_pestat] # candidate unique pairs for (FF, FR, RF, RR): (9, 3795, 1, 5)
[M::mem_pestat] skip orientation FF as there are not enough pairs
[M::mem_pestat] analyzing insert size distribution for orientation FR...
[M::mem_pestat] (25, 50, 75) percentile: (270, 511, 540)
[M::mem_pestat] low and high boundaries for computing mean and std.dev: (1, 1080)
[M::mem_pestat] mean and std.dev: (425.60, 173.64)
[M::mem_pestat] low and high boundaries for proper pairs: (1, 1350)
[M::mem_pestat] skip orientation RF as there are not enough pairs
[M::mem_pestat] skip orientation RR as there are not enough pairs
[M::mem_process_seqs] Processed 266668 reads in 217.527 CPU sec, 54.472 real sec
[M::process] read 266668 sequences (40000200 bp)...
[M::mem_pestat] # candidate unique pairs for (FF, FR, RF, RR): (7, 3587, 0, 2)
[M::mem_pestat] skip orientation FF as there are not enough pairs
[M::mem_pestat] analyzing insert size distribution for orientation FR...
[M::mem_pestat] (25, 50, 75) percentile: (281, 511, 542)
[M::mem_pestat] low and high boundaries for computing mean and std.dev: (1, 1064)
[M::mem_pestat] mean and std.dev: (428.79, 173.21)
[M::mem_pestat] low and high boundaries for proper pairs: (1, 1325)
[M::mem_pestat] skip orientation RF as there are not enough pairs
[M::mem_pestat] skip orientation RR as there are not enough pairs
[M::mem_process_seqs] Processed 266668 reads in 215.689 CPU sec, 53.983 real sec
[M::process] read 266668 sequences (40000200 bp)...
[M::mem_pestat] # candidate unique pairs for (FF, FR, RF, RR): (9, 3705, 0, 3)
[M::mem_pestat] skip orientation FF as there are not enough pairs
[M::mem_pestat] analyzing insert size distribution for orientation FR...
[M::mem_pestat] (25, 50, 75) percentile: (280, 511, 541)
[M::mem_pestat] low and high boundaries for computing mean and std.dev: (1, 1063)
[M::mem_pestat] mean and std.dev: (428.21, 173.66)
[M::mem_pestat] low and high boundaries for proper pairs: (1, 1324)
[M::mem_pestat] skip orientation RF as there are not enough pairs
[M::mem_pestat] skip orientation RR as there are not enough pairs
[M::mem_process_seqs] Processed 266668 reads in 210.904 CPU sec, 52.790 real sec
[M::process] read 266668 sequences (40000200 bp)...
[M::mem_pestat] # candidate unique pairs for (FF, FR, RF, RR): (4, 3648, 2, 3)
[M::mem_pestat] skip orientation FF as there are not enough pairs
[M::mem_pestat] analyzing insert size distribution for orientation FR...
[M::mem_pestat] (25, 50, 75) percentile: (271, 511, 541)
[M::mem_pestat] low and high boundaries for computing mean and std.dev: (1, 1081)
[M::mem_pestat] mean and std.dev: (426.50, 174.45)
[M::mem_pestat] low and high boundaries for proper pairs: (1, 1351)
[M::mem_pestat] skip orientation RF as there are not enough pairs
[M::mem_pestat] skip orientation RR as there are not enough pairs
[M::mem_process_seqs] Processed 266668 reads in 211.183 CPU sec, 52.871 real sec
[M::process] read 266668 sequences (40000200 bp)...
[M::mem_pestat] # candidate unique pairs for (FF, FR, RF, RR): (6, 3562, 5, 3)
[M::mem_pestat] skip orientation FF as there are not enough pairs
[M::mem_pestat] analyzing insert size distribution for orientation FR...
[M::mem_pestat] (25, 50, 75) percentile: (292, 511, 539)
[M::mem_pestat] low and high boundaries for computing mean and std.dev: (1, 1033)
[M::mem_pestat] mean and std.dev: (429.90, 171.15)
[M::mem_pestat] low and high boundaries for proper pairs: (1, 1280)
[M::mem_pestat] skip orientation RF as there are not enough pairs
[M::mem_pestat] skip orientation RR as there are not enough pairs
[M::mem_process_seqs] Processed 266668 reads in 206.536 CPU sec, 51.696 real sec
[M::process] read 266668 sequences (40000200 bp)...
[M::mem_pestat] # candidate unique pairs for (FF, FR, RF, RR): (8, 3705, 3, 3)
[M::mem_pestat] skip orientation FF as there are not enough pairs
[M::mem_pestat] analyzing insert size distribution for orientation FR...
[M::mem_pestat] (25, 50, 75) percentile: (275, 511, 544)
[M::mem_pestat] low and high boundaries for computing mean and std.dev: (1, 1082)
[M::mem_pestat] mean and std.dev: (428.67, 174.61)
[M::mem_pestat] low and high boundaries for proper pairs: (1, 1351)
[M::mem_pestat] skip orientation RF as there are not enough pairs
[M::mem_pestat] skip orientation RR as there are not enough pairs
[M::mem_process_seqs] Processed 266668 reads in 213.119 CPU sec, 53.346 real sec
[M::process] read 266668 sequences (40000200 bp)...
[M::mem_pestat] # candidate unique pairs for (FF, FR, RF, RR): (11, 3633, 0, 3)
[M::mem_pestat] analyzing insert size distribution for orientation FF...
[M::mem_pestat] (25, 50, 75) percentile: (130, 159, 1754)
[M::mem_pestat] low and high boundaries for computing mean and std.dev: (1, 5002)
[M::mem_pestat] mean and std.dev: (967.18, 1179.16)
[M::mem_pestat] low and high boundaries for proper pairs: (1, 6626)
[M::mem_pestat] analyzing insert size distribution for orientation FR...
[M::mem_pestat] (25, 50, 75) percentile: (296, 511, 540)
[M::mem_pestat] low and high boundaries for computing mean and std.dev: (1, 1028)
[M::mem_pestat] mean and std.dev: (431.82, 169.60)
[M::mem_pestat] low and high boundaries for proper pairs: (1, 1272)
[M::mem_pestat] skip orientation RF as there are not enough pairs
[M::mem_pestat] skip orientation RR as there are not enough pairs
[M::mem_pestat] skip orientation FF
[M::mem_process_seqs] Processed 266668 reads in 210.599 CPU sec, 52.722 real sec
[M::process] read 266668 sequences (40000200 bp)...
[M::mem_pestat] # candidate unique pairs for (FF, FR, RF, RR): (6, 3648, 5, 5)
[M::mem_pestat] skip orientation FF as there are not enough pairs
[M::mem_pestat] analyzing insert size distribution for orientation FR...
[M::mem_pestat] (25, 50, 75) percentile: (272, 512, 540)
[M::mem_pestat] low and high boundaries for computing mean and std.dev: (1, 1076)
[M::mem_pestat] mean and std.dev: (427.69, 176.58)
[M::mem_pestat] low and high boundaries for proper pairs: (1, 1344)
[M::mem_pestat] skip orientation RF as there are not enough pairs
[M::mem_pestat] skip orientation RR as there are not enough pairs
[M::mem_process_seqs] Processed 266668 reads in 214.469 CPU sec, 53.693 real sec
[M::process] read 266668 sequences (40000200 bp)...
[M::mem_pestat] # candidate unique pairs for (FF, FR, RF, RR): (11, 3662, 3, 3)
[M::mem_pestat] analyzing insert size distribution for orientation FF...
[M::mem_pestat] (25, 50, 75) percentile: (189, 204, 282)
[M::mem_pestat] low and high boundaries for computing mean and std.dev: (3, 468)
[M::mem_pestat] mean and std.dev: (189.78, 65.35)
[M::mem_pestat] low and high boundaries for proper pairs: (1, 561)
[M::mem_pestat] analyzing insert size distribution for orientation FR...
[M::mem_pestat] (25, 50, 75) percentile: (281, 511, 539)
[M::mem_pestat] low and high boundaries for computing mean and std.dev: (1, 1055)
[M::mem_pestat] mean and std.dev: (427.16, 173.43)
[M::mem_pestat] low and high boundaries for proper pairs: (1, 1313)
[M::mem_pestat] skip orientation RF as there are not enough pairs
[M::mem_pestat] skip orientation RR as there are not enough pairs
[M::mem_pestat] skip orientation FF
[M::mem_process_seqs] Processed 266668 reads in 213.052 CPU sec, 53.336 real sec
[M::process] read 266668 sequences (40000200 bp)...
[M::mem_pestat] # candidate unique pairs for (FF, FR, RF, RR): (5, 3660, 4, 3)
[M::mem_pestat] skip orientation FF as there are not enough pairs
[M::mem_pestat] analyzing insert size distribution for orientation FR...
[M::mem_pestat] (25, 50, 75) percentile: (274, 512, 539)
[M::mem_pestat] low and high boundaries for computing mean and std.dev: (1, 1069)
[M::mem_pestat] mean and std.dev: (425.83, 172.43)
[M::mem_pestat] low and high boundaries for proper pairs: (1, 1334)
[M::mem_pestat] skip orientation RF as there are not enough pairs
[M::mem_pestat] skip orientation RR as there are not enough pairs
[M::mem_process_seqs] Processed 266668 reads in 213.798 CPU sec, 53.536 real sec
[M::process] read 266668 sequences (40000200 bp)...
[M::mem_pestat] # candidate unique pairs for (FF, FR, RF, RR): (7, 3596, 0, 4)
[M::mem_pestat] skip orientation FF as there are not enough pairs
[M::mem_pestat] analyzing insert size distribution for orientation FR...
[M::mem_pestat] (25, 50, 75) percentile: (274, 511, 540)
[M::mem_pestat] low and high boundaries for computing mean and std.dev: (1, 1072)
[M::mem_pestat] mean and std.dev: (425.43, 175.60)
[M::mem_pestat] low and high boundaries for proper pairs: (1, 1338)
[M::mem_pestat] skip orientation RF as there are not enough pairs
[M::mem_pestat] skip orientation RR as there are not enough pairs
[M::mem_process_seqs] Processed 266668 reads in 214.842 CPU sec, 53.800 real sec
[M::process] read 266668 sequences (40000200 bp)...
[M::mem_pestat] # candidate unique pairs for (FF, FR, RF, RR): (6, 3631, 3, 4)
[M::mem_pestat] skip orientation FF as there are not enough pairs
[M::mem_pestat] analyzing insert size distribution for orientation FR...
[M::mem_pestat] (25, 50, 75) percentile: (289, 512, 541)
[M::mem_pestat] low and high boundaries for computing mean and std.dev: (1, 1045)
[M::mem_pestat] mean and std.dev: (431.65, 172.02)
[M::mem_pestat] low and high boundaries for proper pairs: (1, 1297)
[M::mem_pestat] skip orientation RF as there are not enough pairs
[M::mem_pestat] skip orientation RR as there are not enough pairs
[M::mem_process_seqs] Processed 266668 reads in 214.293 CPU sec, 53.670 real sec
[M::process] read 266668 sequences (40000200 bp)...
[M::mem_pestat] # candidate unique pairs for (FF, FR, RF, RR): (14, 3653, 2, 5)
[M::mem_pestat] analyzing insert size distribution for orientation FF...
[M::mem_pestat] (25, 50, 75) percentile: (111, 218, 287)
[M::mem_pestat] low and high boundaries for computing mean and std.dev: (1, 639)
[M::mem_pestat] mean and std.dev: (205.92, 123.71)
[M::mem_pestat] low and high boundaries for proper pairs: (1, 815)
[M::mem_pestat] analyzing insert size distribution for orientation FR...
[M::mem_pestat] (25, 50, 75) percentile: (277, 512, 542)
[M::mem_pestat] low and high boundaries for computing mean and std.dev: (1, 1072)
[M::mem_pestat] mean and std.dev: (428.66, 173.55)
[M::mem_pestat] low and high boundaries for proper pairs: (1, 1337)
[M::mem_pestat] skip orientation RF as there are not enough pairs
[M::mem_pestat] skip orientation RR as there are not enough pairs
[M::mem_pestat] skip orientation FF
[M::mem_process_seqs] Processed 266668 reads in 213.031 CPU sec, 53.321 real sec
[M::process] read 266668 sequences (40000200 bp)...
[M::mem_pestat] # candidate unique pairs for (FF, FR, RF, RR): (6, 3546, 3, 3)
[M::mem_pestat] skip orientation FF as there are not enough pairs
[M::mem_pestat] analyzing insert size distribution for orientation FR...
[M::mem_pestat] (25, 50, 75) percentile: (273, 510, 541)
[M::mem_pestat] low and high boundaries for computing mean and std.dev: (1, 1077)
[M::mem_pestat] mean and std.dev: (424.69, 174.08)
[M::mem_pestat] low and high boundaries for proper pairs: (1, 1345)
[M::mem_pestat] skip orientation RF as there are not enough pairs
[M::mem_pestat] skip orientation RR as there are not enough pairs
[M::mem_process_seqs] Processed 266668 reads in 212.139 CPU sec, 53.122 real sec
[M::process] read 266668 sequences (40000200 bp)...
[M::mem_pestat] # candidate unique pairs for (FF, FR, RF, RR): (9, 3701, 1, 6)
[M::mem_pestat] skip orientation FF as there are not enough pairs
[M::mem_pestat] analyzing insert size distribution for orientation FR...
[M::mem_pestat] (25, 50, 75) percentile: (277, 511, 539)
[M::mem_pestat] low and high boundaries for computing mean and std.dev: (1, 1063)
[M::mem_pestat] mean and std.dev: (426.47, 173.02)
[M::mem_pestat] low and high boundaries for proper pairs: (1, 1325)
[M::mem_pestat] skip orientation RF as there are not enough pairs
[M::mem_pestat] skip orientation RR as there are not enough pairs
[M::mem_process_seqs] Processed 266668 reads in 210.633 CPU sec, 52.727 real sec
[M::process] read 266668 sequences (40000200 bp)...
[M::mem_pestat] # candidate unique pairs for (FF, FR, RF, RR): (7, 3565, 5, 4)
[M::mem_pestat] skip orientation FF as there are not enough pairs
[M::mem_pestat] analyzing insert size distribution for orientation FR...
[M::mem_pestat] (25, 50, 75) percentile: (275, 512, 540)
[M::mem_pestat] low and high boundaries for computing mean and std.dev: (1, 1070)
[M::mem_pestat] mean and std.dev: (427.09, 174.51)
[M::mem_pestat] low and high boundaries for proper pairs: (1, 1335)
[M::mem_pestat] skip orientation RF as there are not enough pairs
[M::mem_pestat] skip orientation RR as there are not enough pairs
[M::mem_process_seqs] Processed 266668 reads in 214.778 CPU sec, 53.765 real sec
[M::process] read 266668 sequences (40000200 bp)...
[M::mem_pestat] # candidate unique pairs for (FF, FR, RF, RR): (5, 3625, 4, 4)
[M::mem_pestat] skip orientation FF as there are not enough pairs
[M::mem_pestat] analyzing insert size distribution for orientation FR...
[M::mem_pestat] (25, 50, 75) percentile: (277, 512, 542)
[M::mem_pestat] low and high boundaries for computing mean and std.dev: (1, 1072)
[M::mem_pestat] mean and std.dev: (427.13, 175.10)
[M::mem_pestat] low and high boundaries for proper pairs: (1, 1337)
[M::mem_pestat] skip orientation RF as there are not enough pairs
[M::mem_pestat] skip orientation RR as there are not enough pairs
[M::mem_process_seqs] Processed 266668 reads in 214.988 CPU sec, 53.957 real sec
[M::process] read 266668 sequences (40000200 bp)...
[M::mem_pestat] # candidate unique pairs for (FF, FR, RF, RR): (9, 3626, 0, 6)
[M::mem_pestat] skip orientation FF as there are not enough pairs
[M::mem_pestat] analyzing insert size distribution for orientation FR...
[M::mem_pestat] (25, 50, 75) percentile: (282, 512, 541)
[M::mem_pestat] low and high boundaries for computing mean and std.dev: (1, 1059)
[M::mem_pestat] mean and std.dev: (428.03, 173.90)
[M::mem_pestat] low and high boundaries for proper pairs: (1, 1318)
[M::mem_pestat] skip orientation RF as there are not enough pairs
[M::mem_pestat] skip orientation RR as there are not enough pairs
[M::mem_process_seqs] Processed 266668 reads in 215.993 CPU sec, 54.075 real sec
[M::process] read 266668 sequences (40000200 bp)...
[M::mem_pestat] # candidate unique pairs for (FF, FR, RF, RR): (7, 3572, 4, 8)
[M::mem_pestat] skip orientation FF as there are not enough pairs
[M::mem_pestat] analyzing insert size distribution for orientation FR...
[M::mem_pestat] (25, 50, 75) percentile: (296, 512, 540)
[M::mem_pestat] low and high boundaries for computing mean and std.dev: (1, 1028)
[M::mem_pestat] mean and std.dev: (433.65, 171.47)
[M::mem_pestat] low and high boundaries for proper pairs: (1, 1272)
[M::mem_pestat] skip orientation RF as there are not enough pairs
[M::mem_pestat] skip orientation RR as there are not enough pairs
[M::mem_process_seqs] Processed 266668 reads in 211.045 CPU sec, 52.826 real sec
[M::process] read 266668 sequences (40000200 bp)...
[M::mem_pestat] # candidate unique pairs for (FF, FR, RF, RR): (10, 3668, 4, 3)
[M::mem_pestat] analyzing insert size distribution for orientation FF...
[M::mem_pestat] (25, 50, 75) percentile: (116, 161, 260)
[M::mem_pestat] low and high boundaries for computing mean and std.dev: (1, 548)
[M::mem_pestat] mean and std.dev: (166.78, 67.52)
[M::mem_pestat] low and high boundaries for proper pairs: (1, 692)
[M::mem_pestat] analyzing insert size distribution for orientation FR...
[M::mem_pestat] (25, 50, 75) percentile: (285, 511, 539)
[M::mem_pestat] low and high boundaries for computing mean and std.dev: (1, 1047)
[M::mem_pestat] mean and std.dev: (427.05, 172.47)
[M::mem_pestat] low and high boundaries for proper pairs: (1, 1301)
[M::mem_pestat] skip orientation RF as there are not enough pairs
[M::mem_pestat] skip orientation RR as there are not enough pairs
[M::mem_pestat] skip orientation FF
[M::mem_process_seqs] Processed 266668 reads in 211.403 CPU sec, 52.936 real sec
[M::process] read 266668 sequences (40000200 bp)...
[M::mem_pestat] # candidate unique pairs for (FF, FR, RF, RR): (9, 3618, 1, 3)
[M::mem_pestat] skip orientation FF as there are not enough pairs
[M::mem_pestat] analyzing insert size distribution for orientation FR...
[M::mem_pestat] (25, 50, 75) percentile: (284, 511, 540)
[M::mem_pestat] low and high boundaries for computing mean and std.dev: (1, 1052)
[M::mem_pestat] mean and std.dev: (429.83, 173.42)
[M::mem_pestat] low and high boundaries for proper pairs: (1, 1308)
[M::mem_pestat] skip orientation RF as there are not enough pairs
[M::mem_pestat] skip orientation RR as there are not enough pairs
[M::mem_process_seqs] Processed 266668 reads in 214.756 CPU sec, 53.782 real sec
[M::process] read 266668 sequences (40000200 bp)...
[M::mem_pestat] # candidate unique pairs for (FF, FR, RF, RR): (10, 3636, 1, 7)
[M::mem_pestat] analyzing insert size distribution for orientation FF...
[M::mem_pestat] (25, 50, 75) percentile: (105, 193, 443)
[M::mem_pestat] low and high boundaries for computing mean and std.dev: (1, 1119)
[M::mem_pestat] mean and std.dev: (228.22, 169.13)
[M::mem_pestat] low and high boundaries for proper pairs: (1, 1457)
[M::mem_pestat] analyzing insert size distribution for orientation FR...
[M::mem_pestat] (25, 50, 75) percentile: (268, 511, 541)
[M::mem_pestat] low and high boundaries for computing mean and std.dev: (1, 1087)
[M::mem_pestat] mean and std.dev: (424.14, 175.54)
[M::mem_pestat] low and high boundaries for proper pairs: (1, 1360)
[M::mem_pestat] skip orientation RF as there are not enough pairs
[M::mem_pestat] skip orientation RR as there are not enough pairs
[M::mem_pestat] skip orientation FF
[M::mem_process_seqs] Processed 266668 reads in 215.618 CPU sec, 53.985 real sec
[M::process] read 266668 sequences (40000200 bp)...
[M::mem_pestat] # candidate unique pairs for (FF, FR, RF, RR): (5, 3786, 1, 5)
[M::mem_pestat] skip orientation FF as there are not enough pairs
[M::mem_pestat] analyzing insert size distribution for orientation FR...
[M::mem_pestat] (25, 50, 75) percentile: (276, 512, 540)
[M::mem_pestat] low and high boundaries for computing mean and std.dev: (1, 1068)
[M::mem_pestat] mean and std.dev: (427.55, 174.05)
[M::mem_pestat] low and high boundaries for proper pairs: (1, 1332)
[M::mem_pestat] skip orientation RF as there are not enough pairs
[M::mem_pestat] skip orientation RR as there are not enough pairs
[M::mem_process_seqs] Processed 266668 reads in 212.689 CPU sec, 53.258 real sec
[M::process] read 266668 sequences (40000200 bp)...
[M::mem_pestat] # candidate unique pairs for (FF, FR, RF, RR): (13, 3686, 6, 4)
[M::mem_pestat] analyzing insert size distribution for orientation FF...
[M::mem_pestat] (25, 50, 75) percentile: (131, 218, 1391)
[M::mem_pestat] low and high boundaries for computing mean and std.dev: (1, 3911)
[M::mem_pestat] mean and std.dev: (659.46, 741.12)
[M::mem_pestat] low and high boundaries for proper pairs: (1, 5171)
[M::mem_pestat] analyzing insert size distribution for orientation FR...
[M::mem_pestat] (25, 50, 75) percentile: (272, 511, 541)
[M::mem_pestat] low and high boundaries for computing mean and std.dev: (1, 1079)
[M::mem_pestat] mean and std.dev: (426.34, 174.71)
[M::mem_pestat] low and high boundaries for proper pairs: (1, 1348)
[M::mem_pestat] skip orientation RF as there are not enough pairs
[M::mem_pestat] skip orientation RR as there are not enough pairs
[M::mem_pestat] skip orientation FF
[M::mem_process_seqs] Processed 266668 reads in 215.848 CPU sec, 54.037 real sec
[M::process] read 266668 sequences (40000200 bp)...
[M::mem_pestat] # candidate unique pairs for (FF, FR, RF, RR): (5, 3667, 1, 6)
[M::mem_pestat] skip orientation FF as there are not enough pairs
[M::mem_pestat] analyzing insert size distribution for orientation FR...
[M::mem_pestat] (25, 50, 75) percentile: (278, 511, 541)
[M::mem_pestat] low and high boundaries for computing mean and std.dev: (1, 1067)
[M::mem_pestat] mean and std.dev: (427.58, 175.61)
[M::mem_pestat] low and high boundaries for proper pairs: (1, 1330)
[M::mem_pestat] skip orientation RF as there are not enough pairs
[M::mem_pestat] skip orientation RR as there are not enough pairs
[M::mem_process_seqs] Processed 266668 reads in 211.534 CPU sec, 52.941 real sec
[M::process] read 266668 sequences (40000200 bp)...
[M::mem_pestat] # candidate unique pairs for (FF, FR, RF, RR): (7, 3734, 3, 3)
[M::mem_pestat] skip orientation FF as there are not enough pairs
[M::mem_pestat] analyzing insert size distribution for orientation FR...
[M::mem_pestat] (25, 50, 75) percentile: (279, 512, 539)
[M::mem_pestat] low and high boundaries for computing mean and std.dev: (1, 1059)
[M::mem_pestat] mean and std.dev: (428.19, 174.73)
[M::mem_pestat] low and high boundaries for proper pairs: (1, 1319)
[M::mem_pestat] skip orientation RF as there are not enough pairs
[M::mem_pestat] skip orientation RR as there are not enough pairs
[M::mem_process_seqs] Processed 266668 reads in 212.980 CPU sec, 53.306 real sec
[M::process] read 266668 sequences (40000200 bp)...
[M::mem_pestat] # candidate unique pairs for (FF, FR, RF, RR): (13, 3607, 2, 2)
[M::mem_pestat] analyzing insert size distribution for orientation FF...
[M::mem_pestat] (25, 50, 75) percentile: (128, 186, 1522)
[M::mem_pestat] low and high boundaries for computing mean and std.dev: (1, 4310)
[M::mem_pestat] mean and std.dev: (495.67, 678.51)
[M::mem_pestat] low and high boundaries for proper pairs: (1, 5704)
[M::mem_pestat] analyzing insert size distribution for orientation FR...
[M::mem_pestat] (25, 50, 75) percentile: (292, 514, 542)
[M::mem_pestat] low and high boundaries for computing mean and std.dev: (1, 1042)
[M::mem_pestat] mean and std.dev: (432.57, 173.10)
[M::mem_pestat] low and high boundaries for proper pairs: (1, 1292)
[M::mem_pestat] skip orientation RF as there are not enough pairs
[M::mem_pestat] skip orientation RR as there are not enough pairs
[M::mem_pestat] skip orientation FF
[M::mem_process_seqs] Processed 266668 reads in 209.993 CPU sec, 52.606 real sec
[M::process] read 266668 sequences (40000200 bp)...
[M::mem_pestat] # candidate unique pairs for (FF, FR, RF, RR): (9, 3661, 1, 7)
[M::mem_pestat] skip orientation FF as there are not enough pairs
[M::mem_pestat] analyzing insert size distribution for orientation FR...
[M::mem_pestat] (25, 50, 75) percentile: (273, 511, 539)
[M::mem_pestat] low and high boundaries for computing mean and std.dev: (1, 1071)
[M::mem_pestat] mean and std.dev: (426.86, 173.94)
[M::mem_pestat] low and high boundaries for proper pairs: (1, 1337)
[M::mem_pestat] skip orientation RF as there are not enough pairs
[M::mem_pestat] skip orientation RR as there are not enough pairs
[M::mem_process_seqs] Processed 266668 reads in 213.180 CPU sec, 53.365 real sec
[M::process] read 266668 sequences (40000200 bp)...
[M::mem_pestat] # candidate unique pairs for (FF, FR, RF, RR): (5, 3605, 2, 4)
[M::mem_pestat] skip orientation FF as there are not enough pairs
[M::mem_pestat] analyzing insert size distribution for orientation FR...
[M::mem_pestat] (25, 50, 75) percentile: (299, 513, 542)
[M::mem_pestat] low and high boundaries for computing mean and std.dev: (1, 1028)
[M::mem_pestat] mean and std.dev: (434.88, 169.93)
[M::mem_pestat] low and high boundaries for proper pairs: (1, 1271)
[M::mem_pestat] skip orientation RF as there are not enough pairs
[M::mem_pestat] skip orientation RR as there are not enough pairs
[M::mem_process_seqs] Processed 266668 reads in 210.299 CPU sec, 52.640 real sec
[M::process] read 266668 sequences (40000200 bp)...
[M::mem_pestat] # candidate unique pairs for (FF, FR, RF, RR): (5, 3618, 2, 1)
[M::mem_pestat] skip orientation FF as there are not enough pairs
[M::mem_pestat] analyzing insert size distribution for orientation FR...
[M::mem_pestat] (25, 50, 75) percentile: (276, 510, 540)
[M::mem_pestat] low and high boundaries for computing mean and std.dev: (1, 1068)
[M::mem_pestat] mean and std.dev: (425.25, 175.11)
[M::mem_pestat] low and high boundaries for proper pairs: (1, 1332)
[M::mem_pestat] skip orientation RF as there are not enough pairs
[M::mem_pestat] skip orientation RR as there are not enough pairs
[M::mem_process_seqs] Processed 266668 reads in 209.607 CPU sec, 52.482 real sec
[M::process] read 266668 sequences (40000200 bp)...
[M::mem_pestat] # candidate unique pairs for (FF, FR, RF, RR): (7, 3659, 2, 3)
[M::mem_pestat] skip orientation FF as there are not enough pairs
[M::mem_pestat] analyzing insert size distribution for orientation FR...
[M::mem_pestat] (25, 50, 75) percentile: (284, 512, 540)
[M::mem_pestat] low and high boundaries for computing mean and std.dev: (1, 1052)
[M::mem_pestat] mean and std.dev: (428.71, 173.27)
[M::mem_pestat] low and high boundaries for proper pairs: (1, 1308)
[M::mem_pestat] skip orientation RF as there are not enough pairs
[M::mem_pestat] skip orientation RR as there are not enough pairs
[M::mem_process_seqs] Processed 266668 reads in 212.304 CPU sec, 53.156 real sec
[M::process] read 266668 sequences (40000200 bp)...
[M::mem_pestat] # candidate unique pairs for (FF, FR, RF, RR): (4, 3637, 3, 7)
[M::mem_pestat] skip orientation FF as there are not enough pairs
[M::mem_pestat] analyzing insert size distribution for orientation FR...
[M::mem_pestat] (25, 50, 75) percentile: (260, 511, 541)
[M::mem_pestat] low and high boundaries for computing mean and std.dev: (1, 1103)
[M::mem_pestat] mean and std.dev: (423.89, 176.04)
[M::mem_pestat] low and high boundaries for proper pairs: (1, 1384)
[M::mem_pestat] skip orientation RF as there are not enough pairs
[M::mem_pestat] skip orientation RR as there are not enough pairs
[M::mem_process_seqs] Processed 266668 reads in 218.036 CPU sec, 54.610 real sec
[M::process] read 266668 sequences (40000200 bp)...
[M::mem_pestat] # candidate unique pairs for (FF, FR, RF, RR): (7, 3625, 1, 1)
[M::mem_pestat] skip orientation FF as there are not enough pairs
[M::mem_pestat] analyzing insert size distribution for orientation FR...
[M::mem_pestat] (25, 50, 75) percentile: (289, 511, 540)
[M::mem_pestat] low and high boundaries for computing mean and std.dev: (1, 1042)
[M::mem_pestat] mean and std.dev: (430.57, 171.83)
[M::mem_pestat] low and high boundaries for proper pairs: (1, 1293)
[M::mem_pestat] skip orientation RF as there are not enough pairs
[M::mem_pestat] skip orientation RR as there are not enough pairs
[M::mem_process_seqs] Processed 266668 reads in 212.612 CPU sec, 53.270 real sec
[M::process] read 266668 sequences (40000200 bp)...
[M::mem_pestat] # candidate unique pairs for (FF, FR, RF, RR): (9, 3503, 2, 4)
[M::mem_pestat] skip orientation FF as there are not enough pairs
[M::mem_pestat] analyzing insert size distribution for orientation FR...
[M::mem_pestat] (25, 50, 75) percentile: (282, 512, 542)
[M::mem_pestat] low and high boundaries for computing mean and std.dev: (1, 1062)
[M::mem_pestat] mean and std.dev: (429.56, 175.61)
[M::mem_pestat] low and high boundaries for proper pairs: (1, 1322)
[M::mem_pestat] skip orientation RF as there are not enough pairs
[M::mem_pestat] skip orientation RR as there are not enough pairs
[M::mem_process_seqs] Processed 266668 reads in 215.975 CPU sec, 54.073 real sec
[M::process] read 266668 sequences (40000200 bp)...
[M::mem_pestat] # candidate unique pairs for (FF, FR, RF, RR): (10, 3695, 2, 3)
[M::mem_pestat] analyzing insert size distribution for orientation FF...
[M::mem_pestat] (25, 50, 75) percentile: (164, 286, 760)
[M::mem_pestat] low and high boundaries for computing mean and std.dev: (1, 1952)
[M::mem_pestat] mean and std.dev: (501.20, 517.75)
[M::mem_pestat] low and high boundaries for proper pairs: (1, 2572)
[M::mem_pestat] analyzing insert size distribution for orientation FR...
[M::mem_pestat] (25, 50, 75) percentile: (277, 512, 540)
[M::mem_pestat] low and high boundaries for computing mean and std.dev: (1, 1066)
[M::mem_pestat] mean and std.dev: (427.75, 173.78)
[M::mem_pestat] low and high boundaries for proper pairs: (1, 1329)
[M::mem_pestat] skip orientation RF as there are not enough pairs
[M::mem_pestat] skip orientation RR as there are not enough pairs
[M::mem_pestat] skip orientation FF
[M::mem_process_seqs] Processed 266668 reads in 211.871 CPU sec, 53.046 real sec
[M::process] read 266668 sequences (40000200 bp)...
[M::mem_pestat] # candidate unique pairs for (FF, FR, RF, RR): (9, 3698, 2, 5)
[M::mem_pestat] skip orientation FF as there are not enough pairs
[M::mem_pestat] analyzing insert size distribution for orientation FR...
[M::mem_pestat] (25, 50, 75) percentile: (284, 512, 542)
[M::mem_pestat] low and high boundaries for computing mean and std.dev: (1, 1058)
[M::mem_pestat] mean and std.dev: (430.23, 174.62)
[M::mem_pestat] low and high boundaries for proper pairs: (1, 1316)
[M::mem_pestat] skip orientation RF as there are not enough pairs
[M::mem_pestat] skip orientation RR as there are not enough pairs
[M::mem_process_seqs] Processed 266668 reads in 214.468 CPU sec, 53.683 real sec
[M::process] read 266668 sequences (40000200 bp)...
[M::mem_pestat] # candidate unique pairs for (FF, FR, RF, RR): (6, 3722, 3, 2)
[M::mem_pestat] skip orientation FF as there are not enough pairs
[M::mem_pestat] analyzing insert size distribution for orientation FR...
[M::mem_pestat] (25, 50, 75) percentile: (292, 511, 540)
[M::mem_pestat] low and high boundaries for computing mean and std.dev: (1, 1036)
[M::mem_pestat] mean and std.dev: (430.86, 171.64)
[M::mem_pestat] low and high boundaries for proper pairs: (1, 1284)
[M::mem_pestat] skip orientation RF as there are not enough pairs
[M::mem_pestat] skip orientation RR as there are not enough pairs
[M::mem_process_seqs] Processed 266668 reads in 212.175 CPU sec, 53.100 real sec
[M::process] read 266668 sequences (40000200 bp)...
[M::mem_pestat] # candidate unique pairs for (FF, FR, RF, RR): (7, 3683, 7, 5)
[M::mem_pestat] skip orientation FF as there are not enough pairs
[M::mem_pestat] analyzing insert size distribution for orientation FR...
[M::mem_pestat] (25, 50, 75) percentile: (294, 512, 542)
[M::mem_pestat] low and high boundaries for computing mean and std.dev: (1, 1038)
[M::mem_pestat] mean and std.dev: (433.06, 171.93)
[M::mem_pestat] low and high boundaries for proper pairs: (1, 1286)
[M::mem_pestat] skip orientation RF as there are not enough pairs
[M::mem_pestat] skip orientation RR as there are not enough pairs
[M::mem_process_seqs] Processed 266668 reads in 211.956 CPU sec, 53.127 real sec
[M::process] read 266668 sequences (40000200 bp)...
[M::mem_pestat] # candidate unique pairs for (FF, FR, RF, RR): (6, 3625, 4, 3)
[M::mem_pestat] skip orientation FF as there are not enough pairs
[M::mem_pestat] analyzing insert size distribution for orientation FR...
[M::mem_pestat] (25, 50, 75) percentile: (291, 512, 539)
[M::mem_pestat] low and high boundaries for computing mean and std.dev: (1, 1035)
[M::mem_pestat] mean and std.dev: (430.01, 170.00)
[M::mem_pestat] low and high boundaries for proper pairs: (1, 1283)
[M::mem_pestat] skip orientation RF as there are not enough pairs
[M::mem_pestat] skip orientation RR as there are not enough pairs
[M::mem_process_seqs] Processed 266668 reads in 208.937 CPU sec, 52.402 real sec
[M::process] read 104388 sequences (15658200 bp)...
[M::mem_pestat] # candidate unique pairs for (FF, FR, RF, RR): (5, 3648, 2, 6)
[M::mem_pestat] skip orientation FF as there are not enough pairs
[M::mem_pestat] analyzing insert size distribution for orientation FR...
[M::mem_pestat] (25, 50, 75) percentile: (280, 512, 541)
[M::mem_pestat] low and high boundaries for computing mean and std.dev: (1, 1063)
[M::mem_pestat] mean and std.dev: (428.81, 174.27)
[M::mem_pestat] low and high boundaries for proper pairs: (1, 1324)
[M::mem_pestat] skip orientation RF as there are not enough pairs
[M::mem_pestat] skip orientation RR as there are not enough pairs
[M::mem_process_seqs] Processed 266668 reads in 211.261 CPU sec, 52.879 real sec
[M::mem_pestat] # candidate unique pairs for (FF, FR, RF, RR): (7, 1406, 1, 2)
[M::mem_pestat] skip orientation FF as there are not enough pairs
[M::mem_pestat] analyzing insert size distribution for orientation FR...
[M::mem_pestat] (25, 50, 75) percentile: (266, 512, 543)
[M::mem_pestat] low and high boundaries for computing mean and std.dev: (1, 1097)
[M::mem_pestat] mean and std.dev: (423.07, 178.26)
[M::mem_pestat] low and high boundaries for proper pairs: (1, 1374)
[M::mem_pestat] skip orientation RF as there are not enough pairs
[M::mem_pestat] skip orientation RR as there are not enough pairs
[M::mem_process_seqs] Processed 104388 reads in 86.169 CPU sec, 21.576 real sec
[main] Version: 0.7.17-r1188
[main] CMD: bwa mem -t 4 -a /mnt/raid6/bacphagenetwork/data/bwa_index/chm13v2.0_noY.fa /mnt/raid6/bacphagenetwork/data/skin_metagenome/Guangzhou/02_rm_host/71_1.fastq.gz /mnt/raid6/bacphagenetwork/data/skin_metagenome/Guangzhou/02_rm_host/71_2.fastq.gz
[main] Real time: 6303.714 sec; CPU: 25158.800 sec
