/home/bacphagenetwork/.bashrc: line 15: Custom: command not found
[M::bwa_idx_load_from_disk] read 0 ALT contigs
[M::process] read 266668 sequences (40000200 bp)...
[M::process] read 266668 sequences (40000200 bp)...
[M::mem_pestat] # candidate unique pairs for (FF, FR, RF, RR): (85, 10198, 6, 19)
[M::mem_pestat] analyzing insert size distribution for orientation FF...
[M::mem_pestat] (25, 50, 75) percentile: (130, 221, 1045)
[M::mem_pestat] low and high boundaries for computing mean and std.dev: (1, 2875)
[M::mem_pestat] mean and std.dev: (483.01, 632.69)
[M::mem_pestat] low and high boundaries for proper pairs: (1, 3790)
[M::mem_pestat] analyzing insert size distribution for orientation FR...
[M::mem_pestat] (25, 50, 75) percentile: (233, 504, 530)
[M::mem_pestat] low and high boundaries for computing mean and std.dev: (1, 1124)
[M::mem_pestat] mean and std.dev: (400.68, 169.86)
[M::mem_pestat] low and high boundaries for proper pairs: (1, 1421)
[M::mem_pestat] skip orientation RF as there are not enough pairs
[M::mem_pestat] analyzing insert size distribution for orientation RR...
[M::mem_pestat] (25, 50, 75) percentile: (241, 720, 1245)
[M::mem_pestat] low and high boundaries for computing mean and std.dev: (1, 3253)
[M::mem_pestat] mean and std.dev: (757.63, 525.73)
[M::mem_pestat] low and high boundaries for proper pairs: (1, 4257)
[M::mem_pestat] skip orientation FF
[M::mem_pestat] skip orientation RR
[M::mem_process_seqs] Processed 266668 reads in 360.284 CPU sec, 90.501 real sec
[M::process] read 266668 sequences (40000200 bp)...
[M::mem_pestat] # candidate unique pairs for (FF, FR, RF, RR): (61, 9918, 6, 39)
[M::mem_pestat] analyzing insert size distribution for orientation FF...
[M::mem_pestat] (25, 50, 75) percentile: (109, 162, 686)
[M::mem_pestat] low and high boundaries for computing mean and std.dev: (1, 1840)
[M::mem_pestat] mean and std.dev: (271.98, 310.76)
[M::mem_pestat] low and high boundaries for proper pairs: (1, 2417)
[M::mem_pestat] analyzing insert size distribution for orientation FR...
[M::mem_pestat] (25, 50, 75) percentile: (225, 505, 530)
[M::mem_pestat] low and high boundaries for computing mean and std.dev: (1, 1140)
[M::mem_pestat] mean and std.dev: (401.13, 171.92)
[M::mem_pestat] low and high boundaries for proper pairs: (1, 1445)
[M::mem_pestat] skip orientation RF as there are not enough pairs
[M::mem_pestat] analyzing insert size distribution for orientation RR...
[M::mem_pestat] (25, 50, 75) percentile: (488, 813, 1912)
[M::mem_pestat] low and high boundaries for computing mean and std.dev: (1, 4760)
[M::mem_pestat] mean and std.dev: (1068.56, 1026.31)
[M::mem_pestat] low and high boundaries for proper pairs: (1, 6184)
[M::mem_pestat] skip orientation FF
[M::mem_pestat] skip orientation RR
[M::mem_process_seqs] Processed 266668 reads in 366.749 CPU sec, 91.862 real sec
[M::process] read 266668 sequences (40000200 bp)...
[M::mem_pestat] # candidate unique pairs for (FF, FR, RF, RR): (65, 9957, 8, 27)
[M::mem_pestat] analyzing insert size distribution for orientation FF...
[M::mem_pestat] (25, 50, 75) percentile: (117, 178, 814)
[M::mem_pestat] low and high boundaries for computing mean and std.dev: (1, 2208)
[M::mem_pestat] mean and std.dev: (383.70, 485.02)
[M::mem_pestat] low and high boundaries for proper pairs: (1, 2905)
[M::mem_pestat] analyzing insert size distribution for orientation FR...
[M::mem_pestat] (25, 50, 75) percentile: (236, 506, 531)
[M::mem_pestat] low and high boundaries for computing mean and std.dev: (1, 1121)
[M::mem_pestat] mean and std.dev: (406.16, 170.65)
[M::mem_pestat] low and high boundaries for proper pairs: (1, 1416)
[M::mem_pestat] skip orientation RF as there are not enough pairs
[M::mem_pestat] analyzing insert size distribution for orientation RR...
[M::mem_pestat] (25, 50, 75) percentile: (132, 540, 994)
[M::mem_pestat] low and high boundaries for computing mean and std.dev: (1, 2718)
[M::mem_pestat] mean and std.dev: (694.65, 700.45)
[M::mem_pestat] low and high boundaries for proper pairs: (1, 3580)
[M::mem_pestat] skip orientation FF
[M::mem_pestat] skip orientation RR
[M::mem_process_seqs] Processed 266668 reads in 352.807 CPU sec, 88.401 real sec
[M::process] read 266668 sequences (40000200 bp)...
[M::mem_pestat] # candidate unique pairs for (FF, FR, RF, RR): (65, 10141, 5, 37)
[M::mem_pestat] analyzing insert size distribution for orientation FF...
[M::mem_pestat] (25, 50, 75) percentile: (99, 182, 340)
[M::mem_pestat] low and high boundaries for computing mean and std.dev: (1, 822)
[M::mem_pestat] mean and std.dev: (177.58, 138.95)
[M::mem_pestat] low and high boundaries for proper pairs: (1, 1063)
[M::mem_pestat] analyzing insert size distribution for orientation FR...
[M::mem_pestat] (25, 50, 75) percentile: (232, 506, 531)
[M::mem_pestat] low and high boundaries for computing mean and std.dev: (1, 1129)
[M::mem_pestat] mean and std.dev: (406.27, 171.73)
[M::mem_pestat] low and high boundaries for proper pairs: (1, 1428)
[M::mem_pestat] skip orientation RF as there are not enough pairs
[M::mem_pestat] analyzing insert size distribution for orientation RR...
[M::mem_pestat] (25, 50, 75) percentile: (146, 712, 1451)
[M::mem_pestat] low and high boundaries for computing mean and std.dev: (1, 4061)
[M::mem_pestat] mean and std.dev: (809.74, 753.04)
[M::mem_pestat] low and high boundaries for proper pairs: (1, 5366)
[M::mem_pestat] skip orientation FF
[M::mem_pestat] skip orientation RR
[M::mem_process_seqs] Processed 266668 reads in 352.061 CPU sec, 88.251 real sec
[M::process] read 266668 sequences (40000200 bp)...
[M::mem_pestat] # candidate unique pairs for (FF, FR, RF, RR): (93, 10300, 10, 28)
[M::mem_pestat] analyzing insert size distribution for orientation FF...
[M::mem_pestat] (25, 50, 75) percentile: (106, 170, 894)
[M::mem_pestat] low and high boundaries for computing mean and std.dev: (1, 2470)
[M::mem_pestat] mean and std.dev: (385.71, 531.75)
[M::mem_pestat] low and high boundaries for proper pairs: (1, 3258)
[M::mem_pestat] analyzing insert size distribution for orientation FR...
[M::mem_pestat] (25, 50, 75) percentile: (242, 506, 532)
[M::mem_pestat] low and high boundaries for computing mean and std.dev: (1, 1112)
[M::mem_pestat] mean and std.dev: (409.84, 170.35)
[M::mem_pestat] low and high boundaries for proper pairs: (1, 1402)
[M::mem_pestat] analyzing insert size distribution for orientation RF...
[M::mem_pestat] (25, 50, 75) percentile: (96, 201, 4089)
[M::mem_pestat] low and high boundaries for computing mean and std.dev: (1, 12075)
[M::mem_pestat] mean and std.dev: (1965.10, 3023.98)
[M::mem_pestat] low and high boundaries for proper pairs: (1, 16068)
[M::mem_pestat] analyzing insert size distribution for orientation RR...
[M::mem_pestat] (25, 50, 75) percentile: (143, 816, 1713)
[M::mem_pestat] low and high boundaries for computing mean and std.dev: (1, 4853)
[M::mem_pestat] mean and std.dev: (1145.96, 1178.79)
[M::mem_pestat] low and high boundaries for proper pairs: (1, 6423)
[M::mem_pestat] skip orientation FF
[M::mem_pestat] skip orientation RF
[M::mem_pestat] skip orientation RR
[M::mem_process_seqs] Processed 266668 reads in 353.655 CPU sec, 88.542 real sec
[M::process] read 266668 sequences (40000200 bp)...
[M::mem_pestat] # candidate unique pairs for (FF, FR, RF, RR): (65, 10132, 8, 40)
[M::mem_pestat] analyzing insert size distribution for orientation FF...
[M::mem_pestat] (25, 50, 75) percentile: (104, 148, 227)
[M::mem_pestat] low and high boundaries for computing mean and std.dev: (1, 473)
[M::mem_pestat] mean and std.dev: (158.81, 90.98)
[M::mem_pestat] low and high boundaries for proper pairs: (1, 596)
[M::mem_pestat] analyzing insert size distribution for orientation FR...
[M::mem_pestat] (25, 50, 75) percentile: (241, 506, 531)
[M::mem_pestat] low and high boundaries for computing mean and std.dev: (1, 1111)
[M::mem_pestat] mean and std.dev: (407.99, 170.20)
[M::mem_pestat] low and high boundaries for proper pairs: (1, 1401)
[M::mem_pestat] skip orientation RF as there are not enough pairs
[M::mem_pestat] analyzing insert size distribution for orientation RR...
[M::mem_pestat] (25, 50, 75) percentile: (119, 904, 1410)
[M::mem_pestat] low and high boundaries for computing mean and std.dev: (1, 3992)
[M::mem_pestat] mean and std.dev: (859.95, 869.36)
[M::mem_pestat] low and high boundaries for proper pairs: (1, 5283)
[M::mem_pestat] skip orientation FF
[M::mem_pestat] skip orientation RR
[M::mem_process_seqs] Processed 266668 reads in 353.764 CPU sec, 88.584 real sec
[M::process] read 266668 sequences (40000200 bp)...
[M::mem_pestat] # candidate unique pairs for (FF, FR, RF, RR): (72, 10307, 13, 35)
[M::mem_pestat] analyzing insert size distribution for orientation FF...
[M::mem_pestat] (25, 50, 75) percentile: (86, 150, 533)
[M::mem_pestat] low and high boundaries for computing mean and std.dev: (1, 1427)
[M::mem_pestat] mean and std.dev: (220.13, 279.43)
[M::mem_pestat] low and high boundaries for proper pairs: (1, 1874)
[M::mem_pestat] analyzing insert size distribution for orientation FR...
[M::mem_pestat] (25, 50, 75) percentile: (248, 506, 533)
[M::mem_pestat] low and high boundaries for computing mean and std.dev: (1, 1103)
[M::mem_pestat] mean and std.dev: (410.32, 169.33)
[M::mem_pestat] low and high boundaries for proper pairs: (1, 1388)
[M::mem_pestat] analyzing insert size distribution for orientation RF...
[M::mem_pestat] (25, 50, 75) percentile: (116, 583, 3327)
[M::mem_pestat] low and high boundaries for computing mean and std.dev: (1, 9749)
[M::mem_pestat] mean and std.dev: (1497.54, 2013.63)
[M::mem_pestat] low and high boundaries for proper pairs: (1, 12960)
[M::mem_pestat] analyzing insert size distribution for orientation RR...
[M::mem_pestat] (25, 50, 75) percentile: (689, 1093, 2689)
[M::mem_pestat] low and high boundaries for computing mean and std.dev: (1, 6689)
[M::mem_pestat] mean and std.dev: (1712.37, 1552.54)
[M::mem_pestat] low and high boundaries for proper pairs: (1, 8689)
[M::mem_pestat] skip orientation FF
[M::mem_pestat] skip orientation RF
[M::mem_pestat] skip orientation RR
[M::mem_process_seqs] Processed 266668 reads in 352.962 CPU sec, 88.368 real sec
[M::process] read 266668 sequences (40000200 bp)...
[M::mem_pestat] # candidate unique pairs for (FF, FR, RF, RR): (89, 10098, 9, 27)
[M::mem_pestat] analyzing insert size distribution for orientation FF...
[M::mem_pestat] (25, 50, 75) percentile: (97, 183, 882)
[M::mem_pestat] low and high boundaries for computing mean and std.dev: (1, 2452)
[M::mem_pestat] mean and std.dev: (449.46, 577.44)
[M::mem_pestat] low and high boundaries for proper pairs: (1, 3237)
[M::mem_pestat] analyzing insert size distribution for orientation FR...
[M::mem_pestat] (25, 50, 75) percentile: (237, 506, 531)
[M::mem_pestat] low and high boundaries for computing mean and std.dev: (1, 1119)
[M::mem_pestat] mean and std.dev: (406.12, 170.38)
[M::mem_pestat] low and high boundaries for proper pairs: (1, 1413)
[M::mem_pestat] skip orientation RF as there are not enough pairs
[M::mem_pestat] analyzing insert size distribution for orientation RR...
[M::mem_pestat] (25, 50, 75) percentile: (535, 1055, 2467)
[M::mem_pestat] low and high boundaries for computing mean and std.dev: (1, 6331)
[M::mem_pestat] mean and std.dev: (1325.38, 1185.12)
[M::mem_pestat] low and high boundaries for proper pairs: (1, 8263)
[M::mem_pestat] skip orientation FF
[M::mem_pestat] skip orientation RR
[M::mem_process_seqs] Processed 266668 reads in 357.681 CPU sec, 89.604 real sec
[M::process] read 266668 sequences (40000200 bp)...
[M::mem_pestat] # candidate unique pairs for (FF, FR, RF, RR): (73, 10230, 10, 37)
[M::mem_pestat] analyzing insert size distribution for orientation FF...
[M::mem_pestat] (25, 50, 75) percentile: (91, 164, 428)
[M::mem_pestat] low and high boundaries for computing mean and std.dev: (1, 1102)
[M::mem_pestat] mean and std.dev: (225.34, 232.73)
[M::mem_pestat] low and high boundaries for proper pairs: (1, 1439)
[M::mem_pestat] analyzing insert size distribution for orientation FR...
[M::mem_pestat] (25, 50, 75) percentile: (237, 506, 532)
[M::mem_pestat] low and high boundaries for computing mean and std.dev: (1, 1122)
[M::mem_pestat] mean and std.dev: (407.05, 171.05)
[M::mem_pestat] low and high boundaries for proper pairs: (1, 1417)
[M::mem_pestat] analyzing insert size distribution for orientation RF...
[M::mem_pestat] (25, 50, 75) percentile: (155, 458, 975)
[M::mem_pestat] low and high boundaries for computing mean and std.dev: (1, 2615)
[M::mem_pestat] mean and std.dev: (429.78, 352.85)
[M::mem_pestat] low and high boundaries for proper pairs: (1, 3435)
[M::mem_pestat] analyzing insert size distribution for orientation RR...
[M::mem_pestat] (25, 50, 75) percentile: (266, 1272, 2089)
[M::mem_pestat] low and high boundaries for computing mean and std.dev: (1, 5735)
[M::mem_pestat] mean and std.dev: (1306.00, 1129.50)
[M::mem_pestat] low and high boundaries for proper pairs: (1, 7558)
[M::mem_pestat] skip orientation FF
[M::mem_pestat] skip orientation RF
[M::mem_pestat] skip orientation RR
[M::mem_process_seqs] Processed 266668 reads in 352.784 CPU sec, 88.318 real sec
[M::process] read 266668 sequences (40000200 bp)...
[M::mem_pestat] # candidate unique pairs for (FF, FR, RF, RR): (76, 10166, 6, 38)
[M::mem_pestat] analyzing insert size distribution for orientation FF...
[M::mem_pestat] (25, 50, 75) percentile: (112, 179, 574)
[M::mem_pestat] low and high boundaries for computing mean and std.dev: (1, 1498)
[M::mem_pestat] mean and std.dev: (312.38, 389.96)
[M::mem_pestat] low and high boundaries for proper pairs: (1, 1960)
[M::mem_pestat] analyzing insert size distribution for orientation FR...
[M::mem_pestat] (25, 50, 75) percentile: (247, 506, 532)
[M::mem_pestat] low and high boundaries for computing mean and std.dev: (1, 1102)
[M::mem_pestat] mean and std.dev: (411.11, 169.59)
[M::mem_pestat] low and high boundaries for proper pairs: (1, 1387)
[M::mem_pestat] skip orientation RF as there are not enough pairs
[M::mem_pestat] analyzing insert size distribution for orientation RR...
[M::mem_pestat] (25, 50, 75) percentile: (270, 937, 1803)
[M::mem_pestat] low and high boundaries for computing mean and std.dev: (1, 4869)
[M::mem_pestat] mean and std.dev: (1150.25, 1155.76)
[M::mem_pestat] low and high boundaries for proper pairs: (1, 6402)
[M::mem_pestat] skip orientation FF
[M::mem_pestat] skip orientation RR
[M::mem_process_seqs] Processed 266668 reads in 351.293 CPU sec, 88.149 real sec
[M::process] read 266668 sequences (40000200 bp)...
[M::mem_pestat] # candidate unique pairs for (FF, FR, RF, RR): (63, 10405, 8, 37)
[M::mem_pestat] analyzing insert size distribution for orientation FF...
[M::mem_pestat] (25, 50, 75) percentile: (99, 185, 541)
[M::mem_pestat] low and high boundaries for computing mean and std.dev: (1, 1425)
[M::mem_pestat] mean and std.dev: (275.88, 323.23)
[M::mem_pestat] low and high boundaries for proper pairs: (1, 1867)
[M::mem_pestat] analyzing insert size distribution for orientation FR...
[M::mem_pestat] (25, 50, 75) percentile: (241, 506, 532)
[M::mem_pestat] low and high boundaries for computing mean and std.dev: (1, 1114)
[M::mem_pestat] mean and std.dev: (408.88, 170.77)
[M::mem_pestat] low and high boundaries for proper pairs: (1, 1405)
[M::mem_pestat] skip orientation RF as there are not enough pairs
[M::mem_pestat] analyzing insert size distribution for orientation RR...
[M::mem_pestat] (25, 50, 75) percentile: (191, 959, 2094)
[M::mem_pestat] low and high boundaries for computing mean and std.dev: (1, 5900)
[M::mem_pestat] mean and std.dev: (1293.92, 1403.85)
[M::mem_pestat] low and high boundaries for proper pairs: (1, 7803)
[M::mem_pestat] skip orientation FF
[M::mem_pestat] skip orientation RR
[M::mem_process_seqs] Processed 266668 reads in 351.500 CPU sec, 88.010 real sec
[M::process] read 266668 sequences (40000200 bp)...
[M::mem_pestat] # candidate unique pairs for (FF, FR, RF, RR): (75, 10294, 6, 29)
[M::mem_pestat] analyzing insert size distribution for orientation FF...
[M::mem_pestat] (25, 50, 75) percentile: (90, 149, 896)
[M::mem_pestat] low and high boundaries for computing mean and std.dev: (1, 2508)
[M::mem_pestat] mean and std.dev: (469.47, 630.02)
[M::mem_pestat] low and high boundaries for proper pairs: (1, 3314)
[M::mem_pestat] analyzing insert size distribution for orientation FR...
[M::mem_pestat] (25, 50, 75) percentile: (241, 506, 533)
[M::mem_pestat] low and high boundaries for computing mean and std.dev: (1, 1117)
[M::mem_pestat] mean and std.dev: (408.04, 171.19)
[M::mem_pestat] low and high boundaries for proper pairs: (1, 1409)
[M::mem_pestat] skip orientation RF as there are not enough pairs
[M::mem_pestat] analyzing insert size distribution for orientation RR...
[M::mem_pestat] (25, 50, 75) percentile: (194, 664, 1243)
[M::mem_pestat] low and high boundaries for computing mean and std.dev: (1, 3341)
[M::mem_pestat] mean and std.dev: (729.57, 630.77)
[M::mem_pestat] low and high boundaries for proper pairs: (1, 4390)
[M::mem_pestat] skip orientation FF
[M::mem_pestat] skip orientation RR
[M::mem_process_seqs] Processed 266668 reads in 346.943 CPU sec, 86.959 real sec
[M::process] read 266668 sequences (40000200 bp)...
[M::mem_pestat] # candidate unique pairs for (FF, FR, RF, RR): (80, 10456, 6, 36)
[M::mem_pestat] analyzing insert size distribution for orientation FF...
[M::mem_pestat] (25, 50, 75) percentile: (117, 199, 805)
[M::mem_pestat] low and high boundaries for computing mean and std.dev: (1, 2181)
[M::mem_pestat] mean and std.dev: (398.04, 481.14)
[M::mem_pestat] low and high boundaries for proper pairs: (1, 2869)
[M::mem_pestat] analyzing insert size distribution for orientation FR...
[M::mem_pestat] (25, 50, 75) percentile: (235, 506, 532)
[M::mem_pestat] low and high boundaries for computing mean and std.dev: (1, 1126)
[M::mem_pestat] mean and std.dev: (408.38, 171.84)
[M::mem_pestat] low and high boundaries for proper pairs: (1, 1423)
[M::mem_pestat] skip orientation RF as there are not enough pairs
[M::mem_pestat] analyzing insert size distribution for orientation RR...
[M::mem_pestat] (25, 50, 75) percentile: (155, 685, 1469)
[M::mem_pestat] low and high boundaries for computing mean and std.dev: (1, 4097)
[M::mem_pestat] mean and std.dev: (788.15, 706.05)
[M::mem_pestat] low and high boundaries for proper pairs: (1, 5411)
[M::mem_pestat] skip orientation FF
[M::mem_pestat] skip orientation RR
[M::mem_process_seqs] Processed 266668 reads in 348.622 CPU sec, 87.339 real sec
[M::process] read 266668 sequences (40000200 bp)...
[M::mem_pestat] # candidate unique pairs for (FF, FR, RF, RR): (88, 10313, 1, 34)
[M::mem_pestat] analyzing insert size distribution for orientation FF...
[M::mem_pestat] (25, 50, 75) percentile: (102, 173, 812)
[M::mem_pestat] low and high boundaries for computing mean and std.dev: (1, 2232)
[M::mem_pestat] mean and std.dev: (373.26, 499.65)
[M::mem_pestat] low and high boundaries for proper pairs: (1, 2942)
[M::mem_pestat] analyzing insert size distribution for orientation FR...
[M::mem_pestat] (25, 50, 75) percentile: (246, 507, 532)
[M::mem_pestat] low and high boundaries for computing mean and std.dev: (1, 1104)
[M::mem_pestat] mean and std.dev: (411.29, 170.27)
[M::mem_pestat] low and high boundaries for proper pairs: (1, 1390)
[M::mem_pestat] skip orientation RF as there are not enough pairs
[M::mem_pestat] analyzing insert size distribution for orientation RR...
[M::mem_pestat] (25, 50, 75) percentile: (658, 968, 1514)
[M::mem_pestat] low and high boundaries for computing mean and std.dev: (1, 3226)
[M::mem_pestat] mean and std.dev: (945.48, 699.16)
[M::mem_pestat] low and high boundaries for proper pairs: (1, 4082)
[M::mem_pestat] skip orientation FF
[M::mem_pestat] skip orientation RR
[M::mem_process_seqs] Processed 266668 reads in 353.241 CPU sec, 88.483 real sec
[M::process] read 266668 sequences (40000200 bp)...
[M::mem_pestat] # candidate unique pairs for (FF, FR, RF, RR): (74, 10350, 3, 34)
[M::mem_pestat] analyzing insert size distribution for orientation FF...
[M::mem_pestat] (25, 50, 75) percentile: (112, 180, 375)
[M::mem_pestat] low and high boundaries for computing mean and std.dev: (1, 901)
[M::mem_pestat] mean and std.dev: (190.18, 151.15)
[M::mem_pestat] low and high boundaries for proper pairs: (1, 1164)
[M::mem_pestat] analyzing insert size distribution for orientation FR...
[M::mem_pestat] (25, 50, 75) percentile: (237, 506, 531)
[M::mem_pestat] low and high boundaries for computing mean and std.dev: (1, 1119)
[M::mem_pestat] mean and std.dev: (408.24, 170.83)
[M::mem_pestat] low and high boundaries for proper pairs: (1, 1413)
[M::mem_pestat] skip orientation RF as there are not enough pairs
[M::mem_pestat] analyzing insert size distribution for orientation RR...
[M::mem_pestat] (25, 50, 75) percentile: (153, 248, 1298)
[M::mem_pestat] low and high boundaries for computing mean and std.dev: (1, 3588)
[M::mem_pestat] mean and std.dev: (668.52, 813.15)
[M::mem_pestat] low and high boundaries for proper pairs: (1, 4733)
[M::mem_pestat] skip orientation FF
[M::mem_pestat] skip orientation RR
[M::mem_process_seqs] Processed 266668 reads in 358.171 CPU sec, 89.704 real sec
[M::process] read 266668 sequences (40000200 bp)...
[M::mem_pestat] # candidate unique pairs for (FF, FR, RF, RR): (64, 10400, 5, 43)
[M::mem_pestat] analyzing insert size distribution for orientation FF...
[M::mem_pestat] (25, 50, 75) percentile: (106, 184, 1187)
[M::mem_pestat] low and high boundaries for computing mean and std.dev: (1, 3349)
[M::mem_pestat] mean and std.dev: (579.33, 744.67)
[M::mem_pestat] low and high boundaries for proper pairs: (1, 4430)
[M::mem_pestat] analyzing insert size distribution for orientation FR...
[M::mem_pestat] (25, 50, 75) percentile: (235, 506, 531)
[M::mem_pestat] low and high boundaries for computing mean and std.dev: (1, 1123)
[M::mem_pestat] mean and std.dev: (406.21, 171.19)
[M::mem_pestat] low and high boundaries for proper pairs: (1, 1419)
[M::mem_pestat] skip orientation RF as there are not enough pairs
[M::mem_pestat] analyzing insert size distribution for orientation RR...
[M::mem_pestat] (25, 50, 75) percentile: (489, 1104, 1822)
[M::mem_pestat] low and high boundaries for computing mean and std.dev: (1, 4488)
[M::mem_pestat] mean and std.dev: (1147.77, 977.29)
[M::mem_pestat] low and high boundaries for proper pairs: (1, 5821)
[M::mem_pestat] skip orientation FF
[M::mem_pestat] skip orientation RR
