/home/bacphagenetwork/.bashrc: line 15: Custom: command not found
[M::bwa_idx_load_from_disk] read 0 ALT contigs
[M::process] read 266668 sequences (40000200 bp)...
[M::process] read 266668 sequences (40000200 bp)...
[M::mem_pestat] # candidate unique pairs for (FF, FR, RF, RR): (8, 1500, 1, 7)
[M::mem_pestat] skip orientation FF as there are not enough pairs
[M::mem_pestat] analyzing insert size distribution for orientation FR...
[M::mem_pestat] (25, 50, 75) percentile: (145, 339, 518)
[M::mem_pestat] low and high boundaries for computing mean and std.dev: (1, 1264)
[M::mem_pestat] mean and std.dev: (344.54, 187.57)
[M::mem_pestat] low and high boundaries for proper pairs: (1, 1637)
[M::mem_pestat] skip orientation RF as there are not enough pairs
[M::mem_pestat] skip orientation RR as there are not enough pairs
[M::mem_process_seqs] Processed 266668 reads in 303.212 CPU sec, 76.034 real sec
[M::process] read 266668 sequences (40000200 bp)...
[M::mem_pestat] # candidate unique pairs for (FF, FR, RF, RR): (9, 1489, 2, 8)
[M::mem_pestat] skip orientation FF as there are not enough pairs
[M::mem_pestat] analyzing insert size distribution for orientation FR...
[M::mem_pestat] (25, 50, 75) percentile: (143, 326, 516)
[M::mem_pestat] low and high boundaries for computing mean and std.dev: (1, 1262)
[M::mem_pestat] mean and std.dev: (334.75, 187.05)
[M::mem_pestat] low and high boundaries for proper pairs: (1, 1635)
[M::mem_pestat] skip orientation RF as there are not enough pairs
[M::mem_pestat] skip orientation RR as there are not enough pairs
[M::mem_process_seqs] Processed 266668 reads in 303.756 CPU sec, 76.060 real sec
[M::process] read 266668 sequences (40000200 bp)...
[M::mem_pestat] # candidate unique pairs for (FF, FR, RF, RR): (9, 1545, 1, 8)
[M::mem_pestat] skip orientation FF as there are not enough pairs
[M::mem_pestat] analyzing insert size distribution for orientation FR...
[M::mem_pestat] (25, 50, 75) percentile: (143, 339, 518)
[M::mem_pestat] low and high boundaries for computing mean and std.dev: (1, 1268)
[M::mem_pestat] mean and std.dev: (340.48, 189.07)
[M::mem_pestat] low and high boundaries for proper pairs: (1, 1643)
[M::mem_pestat] skip orientation RF as there are not enough pairs
[M::mem_pestat] skip orientation RR as there are not enough pairs
[M::mem_process_seqs] Processed 266668 reads in 302.442 CPU sec, 75.727 real sec
[M::process] read 266668 sequences (40000200 bp)...
[M::mem_pestat] # candidate unique pairs for (FF, FR, RF, RR): (16, 1558, 2, 12)
[M::mem_pestat] analyzing insert size distribution for orientation FF...
[M::mem_pestat] (25, 50, 75) percentile: (455, 798, 2482)
[M::mem_pestat] low and high boundaries for computing mean and std.dev: (1, 6536)
[M::mem_pestat] mean and std.dev: (1492.00, 1613.12)
[M::mem_pestat] low and high boundaries for proper pairs: (1, 8563)
[M::mem_pestat] analyzing insert size distribution for orientation FR...
[M::mem_pestat] (25, 50, 75) percentile: (143, 325, 517)
[M::mem_pestat] low and high boundaries for computing mean and std.dev: (1, 1265)
[M::mem_pestat] mean and std.dev: (336.37, 187.03)
[M::mem_pestat] low and high boundaries for proper pairs: (1, 1639)
[M::mem_pestat] skip orientation RF as there are not enough pairs
[M::mem_pestat] analyzing insert size distribution for orientation RR...
[M::mem_pestat] (25, 50, 75) percentile: (1137, 1532, 2736)
[M::mem_pestat] low and high boundaries for computing mean and std.dev: (1, 5934)
[M::mem_pestat] mean and std.dev: (1372.60, 608.04)
[M::mem_pestat] low and high boundaries for proper pairs: (1, 7533)
[M::mem_pestat] skip orientation FF
[M::mem_pestat] skip orientation RR
[M::mem_process_seqs] Processed 266668 reads in 301.238 CPU sec, 75.414 real sec
[M::process] read 266668 sequences (40000200 bp)...
[M::mem_pestat] # candidate unique pairs for (FF, FR, RF, RR): (7, 1530, 1, 6)
[M::mem_pestat] skip orientation FF as there are not enough pairs
[M::mem_pestat] analyzing insert size distribution for orientation FR...
[M::mem_pestat] (25, 50, 75) percentile: (143, 329, 516)
[M::mem_pestat] low and high boundaries for computing mean and std.dev: (1, 1262)
[M::mem_pestat] mean and std.dev: (333.73, 189.16)
[M::mem_pestat] low and high boundaries for proper pairs: (1, 1635)
[M::mem_pestat] skip orientation RF as there are not enough pairs
[M::mem_pestat] skip orientation RR as there are not enough pairs
[M::mem_process_seqs] Processed 266668 reads in 297.413 CPU sec, 74.446 real sec
[M::process] read 266668 sequences (40000200 bp)...
[M::mem_pestat] # candidate unique pairs for (FF, FR, RF, RR): (8, 1550, 2, 10)
[M::mem_pestat] skip orientation FF as there are not enough pairs
[M::mem_pestat] analyzing insert size distribution for orientation FR...
[M::mem_pestat] (25, 50, 75) percentile: (144, 335, 515)
[M::mem_pestat] low and high boundaries for computing mean and std.dev: (1, 1257)
[M::mem_pestat] mean and std.dev: (338.04, 187.35)
[M::mem_pestat] low and high boundaries for proper pairs: (1, 1628)
[M::mem_pestat] skip orientation RF as there are not enough pairs
[M::mem_pestat] analyzing insert size distribution for orientation RR...
[M::mem_pestat] (25, 50, 75) percentile: (300, 626, 1074)
[M::mem_pestat] low and high boundaries for computing mean and std.dev: (1, 2622)
[M::mem_pestat] mean and std.dev: (739.70, 499.85)
[M::mem_pestat] low and high boundaries for proper pairs: (1, 3396)
[M::mem_pestat] skip orientation RR
[M::mem_process_seqs] Processed 266668 reads in 299.333 CPU sec, 74.932 real sec
[M::process] read 266668 sequences (40000200 bp)...
[M::mem_pestat] # candidate unique pairs for (FF, FR, RF, RR): (8, 1568, 1, 11)
[M::mem_pestat] skip orientation FF as there are not enough pairs
[M::mem_pestat] analyzing insert size distribution for orientation FR...
[M::mem_pestat] (25, 50, 75) percentile: (143, 314, 516)
[M::mem_pestat] low and high boundaries for computing mean and std.dev: (1, 1262)
[M::mem_pestat] mean and std.dev: (328.48, 188.98)
[M::mem_pestat] low and high boundaries for proper pairs: (1, 1635)
[M::mem_pestat] skip orientation RF as there are not enough pairs
[M::mem_pestat] analyzing insert size distribution for orientation RR...
[M::mem_pestat] (25, 50, 75) percentile: (225, 834, 2571)
[M::mem_pestat] low and high boundaries for computing mean and std.dev: (1, 7263)
[M::mem_pestat] mean and std.dev: (1560.09, 1772.85)
[M::mem_pestat] low and high boundaries for proper pairs: (1, 9609)
[M::mem_pestat] skip orientation RR
[M::mem_process_seqs] Processed 266668 reads in 305.062 CPU sec, 76.400 real sec
[M::process] read 266668 sequences (40000200 bp)...
[M::mem_pestat] # candidate unique pairs for (FF, FR, RF, RR): (11, 1525, 0, 11)
[M::mem_pestat] analyzing insert size distribution for orientation FF...
[M::mem_pestat] (25, 50, 75) percentile: (173, 365, 825)
[M::mem_pestat] low and high boundaries for computing mean and std.dev: (1, 2129)
[M::mem_pestat] mean and std.dev: (458.50, 360.46)
[M::mem_pestat] low and high boundaries for proper pairs: (1, 2781)
[M::mem_pestat] analyzing insert size distribution for orientation FR...
[M::mem_pestat] (25, 50, 75) percentile: (144, 356, 517)
[M::mem_pestat] low and high boundaries for computing mean and std.dev: (1, 1263)
[M::mem_pestat] mean and std.dev: (344.96, 188.49)
[M::mem_pestat] low and high boundaries for proper pairs: (1, 1636)
[M::mem_pestat] skip orientation RF as there are not enough pairs
[M::mem_pestat] analyzing insert size distribution for orientation RR...
[M::mem_pestat] (25, 50, 75) percentile: (1194, 1561, 2423)
[M::mem_pestat] low and high boundaries for computing mean and std.dev: (1, 4881)
[M::mem_pestat] mean and std.dev: (1487.40, 962.22)
[M::mem_pestat] low and high boundaries for proper pairs: (1, 6110)
[M::mem_pestat] skip orientation FF
[M::mem_pestat] skip orientation RR
[M::mem_process_seqs] Processed 266668 reads in 307.885 CPU sec, 77.105 real sec
[M::process] read 266668 sequences (40000200 bp)...
[M::mem_pestat] # candidate unique pairs for (FF, FR, RF, RR): (16, 1540, 0, 9)
[M::mem_pestat] analyzing insert size distribution for orientation FF...
[M::mem_pestat] (25, 50, 75) percentile: (504, 859, 1605)
[M::mem_pestat] low and high boundaries for computing mean and std.dev: (1, 3807)
[M::mem_pestat] mean and std.dev: (1056.25, 829.91)
[M::mem_pestat] low and high boundaries for proper pairs: (1, 4908)
[M::mem_pestat] analyzing insert size distribution for orientation FR...
[M::mem_pestat] (25, 50, 75) percentile: (145, 376, 519)
[M::mem_pestat] low and high boundaries for computing mean and std.dev: (1, 1267)
[M::mem_pestat] mean and std.dev: (351.39, 190.80)
[M::mem_pestat] low and high boundaries for proper pairs: (1, 1641)
[M::mem_pestat] skip orientation RF as there are not enough pairs
[M::mem_pestat] skip orientation RR as there are not enough pairs
[M::mem_pestat] skip orientation FF
[M::mem_process_seqs] Processed 266668 reads in 306.419 CPU sec, 76.710 real sec
[M::process] read 266668 sequences (40000200 bp)...
[M::mem_pestat] # candidate unique pairs for (FF, FR, RF, RR): (18, 1468, 1, 7)
[M::mem_pestat] analyzing insert size distribution for orientation FF...
[M::mem_pestat] (25, 50, 75) percentile: (200, 749, 1772)
[M::mem_pestat] low and high boundaries for computing mean and std.dev: (1, 4916)
[M::mem_pestat] mean and std.dev: (909.41, 818.43)
[M::mem_pestat] low and high boundaries for proper pairs: (1, 6488)
[M::mem_pestat] analyzing insert size distribution for orientation FR...
[M::mem_pestat] (25, 50, 75) percentile: (143, 330, 520)
[M::mem_pestat] low and high boundaries for computing mean and std.dev: (1, 1274)
[M::mem_pestat] mean and std.dev: (338.95, 190.26)
[M::mem_pestat] low and high boundaries for proper pairs: (1, 1651)
[M::mem_pestat] skip orientation RF as there are not enough pairs
[M::mem_pestat] skip orientation RR as there are not enough pairs
[M::mem_pestat] skip orientation FF
[M::mem_process_seqs] Processed 266668 reads in 304.787 CPU sec, 76.289 real sec
[M::process] read 266668 sequences (40000200 bp)...
[M::mem_pestat] # candidate unique pairs for (FF, FR, RF, RR): (7, 1647, 2, 10)
[M::mem_pestat] skip orientation FF as there are not enough pairs
[M::mem_pestat] analyzing insert size distribution for orientation FR...
[M::mem_pestat] (25, 50, 75) percentile: (144, 352, 520)
[M::mem_pestat] low and high boundaries for computing mean and std.dev: (1, 1272)
[M::mem_pestat] mean and std.dev: (342.81, 191.12)
[M::mem_pestat] low and high boundaries for proper pairs: (1, 1648)
[M::mem_pestat] skip orientation RF as there are not enough pairs
[M::mem_pestat] analyzing insert size distribution for orientation RR...
[M::mem_pestat] (25, 50, 75) percentile: (651, 1677, 2399)
[M::mem_pestat] low and high boundaries for computing mean and std.dev: (1, 5895)
[M::mem_pestat] mean and std.dev: (1574.70, 995.86)
[M::mem_pestat] low and high boundaries for proper pairs: (1, 7643)
[M::mem_pestat] skip orientation RR
[M::mem_process_seqs] Processed 266668 reads in 299.615 CPU sec, 75.030 real sec
[M::process] read 266668 sequences (40000200 bp)...
[M::mem_pestat] # candidate unique pairs for (FF, FR, RF, RR): (14, 1572, 1, 15)
[M::mem_pestat] analyzing insert size distribution for orientation FF...
[M::mem_pestat] (25, 50, 75) percentile: (149, 218, 568)
[M::mem_pestat] low and high boundaries for computing mean and std.dev: (1, 1406)
[M::mem_pestat] mean and std.dev: (389.14, 352.25)
[M::mem_pestat] low and high boundaries for proper pairs: (1, 1825)
[M::mem_pestat] analyzing insert size distribution for orientation FR...
[M::mem_pestat] (25, 50, 75) percentile: (143, 337, 518)
[M::mem_pestat] low and high boundaries for computing mean and std.dev: (1, 1268)
[M::mem_pestat] mean and std.dev: (340.74, 189.30)
[M::mem_pestat] low and high boundaries for proper pairs: (1, 1643)
[M::mem_pestat] skip orientation RF as there are not enough pairs
[M::mem_pestat] analyzing insert size distribution for orientation RR...
[M::mem_pestat] (25, 50, 75) percentile: (784, 1263, 2093)
[M::mem_pestat] low and high boundaries for computing mean and std.dev: (1, 4711)
[M::mem_pestat] mean and std.dev: (1111.25, 562.58)
[M::mem_pestat] low and high boundaries for proper pairs: (1, 6020)
[M::mem_pestat] skip orientation FF
[M::mem_pestat] skip orientation RR
[M::mem_process_seqs] Processed 266668 reads in 300.124 CPU sec, 75.119 real sec
[M::process] read 266668 sequences (40000200 bp)...
[M::mem_pestat] # candidate unique pairs for (FF, FR, RF, RR): (12, 1498, 1, 8)
[M::mem_pestat] analyzing insert size distribution for orientation FF...
[M::mem_pestat] (25, 50, 75) percentile: (195, 494, 1330)
[M::mem_pestat] low and high boundaries for computing mean and std.dev: (1, 3600)
[M::mem_pestat] mean and std.dev: (564.82, 566.81)
[M::mem_pestat] low and high boundaries for proper pairs: (1, 4735)
[M::mem_pestat] analyzing insert size distribution for orientation FR...
[M::mem_pestat] (25, 50, 75) percentile: (144, 340, 516)
[M::mem_pestat] low and high boundaries for computing mean and std.dev: (1, 1260)
[M::mem_pestat] mean and std.dev: (339.78, 186.45)
[M::mem_pestat] low and high boundaries for proper pairs: (1, 1632)
[M::mem_pestat] skip orientation RF as there are not enough pairs
[M::mem_pestat] skip orientation RR as there are not enough pairs
[M::mem_pestat] skip orientation FF
[M::mem_process_seqs] Processed 266668 reads in 302.097 CPU sec, 75.614 real sec
[M::process] read 266668 sequences (40000200 bp)...
[M::mem_pestat] # candidate unique pairs for (FF, FR, RF, RR): (12, 1540, 1, 11)
[M::mem_pestat] analyzing insert size distribution for orientation FF...
[M::mem_pestat] (25, 50, 75) percentile: (436, 1008, 2736)
[M::mem_pestat] low and high boundaries for computing mean and std.dev: (1, 7336)
[M::mem_pestat] mean and std.dev: (1553.75, 1374.03)
[M::mem_pestat] low and high boundaries for proper pairs: (1, 9636)
[M::mem_pestat] analyzing insert size distribution for orientation FR...
[M::mem_pestat] (25, 50, 75) percentile: (143, 493, 523)
[M::mem_pestat] low and high boundaries for computing mean and std.dev: (1, 1283)
[M::mem_pestat] mean and std.dev: (355.10, 192.57)
[M::mem_pestat] low and high boundaries for proper pairs: (1, 1663)
[M::mem_pestat] skip orientation RF as there are not enough pairs
[M::mem_pestat] analyzing insert size distribution for orientation RR...
[M::mem_pestat] (25, 50, 75) percentile: (705, 806, 1417)
[M::mem_pestat] low and high boundaries for computing mean and std.dev: (1, 2841)
[M::mem_pestat] mean and std.dev: (1079.36, 880.01)
[M::mem_pestat] low and high boundaries for proper pairs: (1, 4599)
[M::mem_pestat] skip orientation FF
[M::mem_pestat] skip orientation RR
[M::mem_process_seqs] Processed 266668 reads in 303.593 CPU sec, 75.996 real sec
[M::process] read 266668 sequences (40000200 bp)...
[M::mem_pestat] # candidate unique pairs for (FF, FR, RF, RR): (9, 1551, 3, 4)
[M::mem_pestat] skip orientation FF as there are not enough pairs
[M::mem_pestat] analyzing insert size distribution for orientation FR...
[M::mem_pestat] (25, 50, 75) percentile: (144, 358, 519)
[M::mem_pestat] low and high boundaries for computing mean and std.dev: (1, 1269)
[M::mem_pestat] mean and std.dev: (346.56, 190.58)
[M::mem_pestat] low and high boundaries for proper pairs: (1, 1644)
[M::mem_pestat] skip orientation RF as there are not enough pairs
[M::mem_pestat] skip orientation RR as there are not enough pairs
[M::mem_process_seqs] Processed 266668 reads in 309.735 CPU sec, 77.556 real sec
[M::process] read 266668 sequences (40000200 bp)...
[M::mem_pestat] # candidate unique pairs for (FF, FR, RF, RR): (13, 1576, 3, 4)
[M::mem_pestat] analyzing insert size distribution for orientation FF...
[M::mem_pestat] (25, 50, 75) percentile: (321, 1063, 3037)
[M::mem_pestat] low and high boundaries for computing mean and std.dev: (1, 8469)
[M::mem_pestat] mean and std.dev: (1433.46, 1330.60)
[M::mem_pestat] low and high boundaries for proper pairs: (1, 11185)
[M::mem_pestat] analyzing insert size distribution for orientation FR...
[M::mem_pestat] (25, 50, 75) percentile: (144, 388, 522)
[M::mem_pestat] low and high boundaries for computing mean and std.dev: (1, 1278)
[M::mem_pestat] mean and std.dev: (351.83, 191.03)
[M::mem_pestat] low and high boundaries for proper pairs: (1, 1656)
[M::mem_pestat] skip orientation RF as there are not enough pairs
[M::mem_pestat] skip orientation RR as there are not enough pairs
[M::mem_pestat] skip orientation FF
[M::mem_process_seqs] Processed 266668 reads in 308.918 CPU sec, 77.354 real sec
[M::process] read 266668 sequences (40000200 bp)...
[M::mem_pestat] # candidate unique pairs for (FF, FR, RF, RR): (11, 1557, 1, 8)
[M::mem_pestat] analyzing insert size distribution for orientation FF...
[M::mem_pestat] (25, 50, 75) percentile: (797, 922, 1895)
[M::mem_pestat] low and high boundaries for computing mean and std.dev: (1, 4091)
[M::mem_pestat] mean and std.dev: (1107.20, 826.00)
[M::mem_pestat] low and high boundaries for proper pairs: (1, 5189)
[M::mem_pestat] analyzing insert size distribution for orientation FR...
[M::mem_pestat] (25, 50, 75) percentile: (145, 404, 525)
[M::mem_pestat] low and high boundaries for computing mean and std.dev: (1, 1285)
[M::mem_pestat] mean and std.dev: (354.97, 191.60)
[M::mem_pestat] low and high boundaries for proper pairs: (1, 1665)
[M::mem_pestat] skip orientation RF as there are not enough pairs
[M::mem_pestat] skip orientation RR as there are not enough pairs
[M::mem_pestat] skip orientation FF
[M::mem_process_seqs] Processed 266668 reads in 305.362 CPU sec, 76.464 real sec
[M::process] read 266668 sequences (40000200 bp)...
[M::mem_pestat] # candidate unique pairs for (FF, FR, RF, RR): (14, 1539, 2, 7)
[M::mem_pestat] analyzing insert size distribution for orientation FF...
[M::mem_pestat] (25, 50, 75) percentile: (504, 617, 898)
[M::mem_pestat] low and high boundaries for computing mean and std.dev: (1, 1686)
[M::mem_pestat] mean and std.dev: (637.08, 331.87)
[M::mem_pestat] low and high boundaries for proper pairs: (1, 2080)
[M::mem_pestat] analyzing insert size distribution for orientation FR...
[M::mem_pestat] (25, 50, 75) percentile: (143, 349, 519)
[M::mem_pestat] low and high boundaries for computing mean and std.dev: (1, 1271)
[M::mem_pestat] mean and std.dev: (345.02, 191.18)
[M::mem_pestat] low and high boundaries for proper pairs: (1, 1647)
[M::mem_pestat] skip orientation RF as there are not enough pairs
[M::mem_pestat] skip orientation RR as there are not enough pairs
[M::mem_pestat] skip orientation FF
[M::mem_process_seqs] Processed 266668 reads in 306.057 CPU sec, 76.656 real sec
[M::process] read 266668 sequences (40000200 bp)...
[M::mem_pestat] # candidate unique pairs for (FF, FR, RF, RR): (8, 1625, 4, 10)
[M::mem_pestat] skip orientation FF as there are not enough pairs
[M::mem_pestat] analyzing insert size distribution for orientation FR...
[M::mem_pestat] (25, 50, 75) percentile: (146, 370, 520)
[M::mem_pestat] low and high boundaries for computing mean and std.dev: (1, 1268)
[M::mem_pestat] mean and std.dev: (351.61, 189.19)
[M::mem_pestat] low and high boundaries for proper pairs: (1, 1642)
[M::mem_pestat] skip orientation RF as there are not enough pairs
[M::mem_pestat] analyzing insert size distribution for orientation RR...
[M::mem_pestat] (25, 50, 75) percentile: (707, 1206, 1353)
[M::mem_pestat] low and high boundaries for computing mean and std.dev: (1, 2645)
[M::mem_pestat] mean and std.dev: (935.78, 481.58)
[M::mem_pestat] low and high boundaries for proper pairs: (1, 3291)
[M::mem_pestat] skip orientation RR
[M::mem_process_seqs] Processed 266668 reads in 301.159 CPU sec, 75.423 real sec
[M::process] read 266668 sequences (40000200 bp)...
[M::mem_pestat] # candidate unique pairs for (FF, FR, RF, RR): (6, 1636, 2, 13)
[M::mem_pestat] skip orientation FF as there are not enough pairs
[M::mem_pestat] analyzing insert size distribution for orientation FR...
[M::mem_pestat] (25, 50, 75) percentile: (145, 368, 520)
[M::mem_pestat] low and high boundaries for computing mean and std.dev: (1, 1270)
[M::mem_pestat] mean and std.dev: (351.13, 188.47)
[M::mem_pestat] low and high boundaries for proper pairs: (1, 1645)
[M::mem_pestat] skip orientation RF as there are not enough pairs
[M::mem_pestat] analyzing insert size distribution for orientation RR...
[M::mem_pestat] (25, 50, 75) percentile: (164, 929, 2968)
[M::mem_pestat] low and high boundaries for computing mean and std.dev: (1, 8576)
[M::mem_pestat] mean and std.dev: (1590.00, 1667.04)
[M::mem_pestat] low and high boundaries for proper pairs: (1, 11380)
[M::mem_pestat] skip orientation RR
[M::mem_process_seqs] Processed 266668 reads in 304.017 CPU sec, 76.114 real sec
[M::process] read 266668 sequences (40000200 bp)...
[M::mem_pestat] # candidate unique pairs for (FF, FR, RF, RR): (8, 1579, 0, 9)
[M::mem_pestat] skip orientation FF as there are not enough pairs
[M::mem_pestat] analyzing insert size distribution for orientation FR...
[M::mem_pestat] (25, 50, 75) percentile: (144, 397, 520)
[M::mem_pestat] low and high boundaries for computing mean and std.dev: (1, 1272)
[M::mem_pestat] mean and std.dev: (352.54, 189.43)
[M::mem_pestat] low and high boundaries for proper pairs: (1, 1648)
[M::mem_pestat] skip orientation RF as there are not enough pairs
[M::mem_pestat] skip orientation RR as there are not enough pairs
[M::mem_process_seqs] Processed 266668 reads in 301.260 CPU sec, 75.447 real sec
[M::process] read 266668 sequences (40000200 bp)...
[M::mem_pestat] # candidate unique pairs for (FF, FR, RF, RR): (8, 1555, 3, 7)
[M::mem_pestat] skip orientation FF as there are not enough pairs
[M::mem_pestat] analyzing insert size distribution for orientation FR...
[M::mem_pestat] (25, 50, 75) percentile: (144, 428, 523)
[M::mem_pestat] low and high boundaries for computing mean and std.dev: (1, 1281)
[M::mem_pestat] mean and std.dev: (357.26, 190.14)
[M::mem_pestat] low and high boundaries for proper pairs: (1, 1660)
[M::mem_pestat] skip orientation RF as there are not enough pairs
[M::mem_pestat] skip orientation RR as there are not enough pairs
[M::mem_process_seqs] Processed 266668 reads in 307.992 CPU sec, 77.157 real sec
[M::process] read 266668 sequences (40000200 bp)...
[M::mem_pestat] # candidate unique pairs for (FF, FR, RF, RR): (21, 1545, 3, 14)
[M::mem_pestat] analyzing insert size distribution for orientation FF...
[M::mem_pestat] (25, 50, 75) percentile: (680, 1362, 2645)
[M::mem_pestat] low and high boundaries for computing mean and std.dev: (1, 6575)
[M::mem_pestat] mean and std.dev: (1591.15, 1205.20)
[M::mem_pestat] low and high boundaries for proper pairs: (1, 8540)
[M::mem_pestat] analyzing insert size distribution for orientation FR...
[M::mem_pestat] (25, 50, 75) percentile: (144, 345, 520)
[M::mem_pestat] low and high boundaries for computing mean and std.dev: (1, 1272)
[M::mem_pestat] mean and std.dev: (344.03, 191.52)
[M::mem_pestat] low and high boundaries for proper pairs: (1, 1648)
[M::mem_pestat] skip orientation RF as there are not enough pairs
[M::mem_pestat] analyzing insert size distribution for orientation RR...
[M::mem_pestat] (25, 50, 75) percentile: (825, 1065, 1357)
[M::mem_pestat] low and high boundaries for computing mean and std.dev: (1, 2421)
[M::mem_pestat] mean and std.dev: (1046.93, 429.74)
[M::mem_pestat] low and high boundaries for proper pairs: (1, 2953)
[M::mem_pestat] skip orientation FF
[M::mem_pestat] skip orientation RR
[M::mem_process_seqs] Processed 266668 reads in 307.134 CPU sec, 76.909 real sec
[M::process] read 266668 sequences (40000200 bp)...
[M::mem_pestat] # candidate unique pairs for (FF, FR, RF, RR): (9, 1618, 2, 11)
[M::mem_pestat] skip orientation FF as there are not enough pairs
[M::mem_pestat] analyzing insert size distribution for orientation FR...
[M::mem_pestat] (25, 50, 75) percentile: (144, 379, 521)
[M::mem_pestat] low and high boundaries for computing mean and std.dev: (1, 1275)
[M::mem_pestat] mean and std.dev: (351.33, 189.31)
[M::mem_pestat] low and high boundaries for proper pairs: (1, 1652)
[M::mem_pestat] skip orientation RF as there are not enough pairs
[M::mem_pestat] analyzing insert size distribution for orientation RR...
[M::mem_pestat] (25, 50, 75) percentile: (838, 992, 2145)
[M::mem_pestat] low and high boundaries for computing mean and std.dev: (1, 4759)
[M::mem_pestat] mean and std.dev: (1167.80, 1043.97)
[M::mem_pestat] low and high boundaries for proper pairs: (1, 6066)
[M::mem_pestat] skip orientation RR
[M::mem_process_seqs] Processed 266668 reads in 307.566 CPU sec, 77.024 real sec
[M::process] read 266668 sequences (40000200 bp)...
[M::mem_pestat] # candidate unique pairs for (FF, FR, RF, RR): (11, 1621, 3, 12)
[M::mem_pestat] analyzing insert size distribution for orientation FF...
[M::mem_pestat] (25, 50, 75) percentile: (187, 703, 1395)
[M::mem_pestat] low and high boundaries for computing mean and std.dev: (1, 3811)
[M::mem_pestat] mean and std.dev: (784.40, 926.84)
[M::mem_pestat] low and high boundaries for proper pairs: (1, 5019)
[M::mem_pestat] analyzing insert size distribution for orientation FR...
[M::mem_pestat] (25, 50, 75) percentile: (145, 373, 523)
[M::mem_pestat] low and high boundaries for computing mean and std.dev: (1, 1279)
[M::mem_pestat] mean and std.dev: (351.96, 190.20)
[M::mem_pestat] low and high boundaries for proper pairs: (1, 1657)
[M::mem_pestat] skip orientation RF as there are not enough pairs
[M::mem_pestat] analyzing insert size distribution for orientation RR...
[M::mem_pestat] (25, 50, 75) percentile: (296, 1159, 2022)
[M::mem_pestat] low and high boundaries for computing mean and std.dev: (1, 5474)
[M::mem_pestat] mean and std.dev: (1021.82, 909.19)
[M::mem_pestat] low and high boundaries for proper pairs: (1, 7200)
[M::mem_pestat] skip orientation FF
[M::mem_pestat] skip orientation RR
[M::mem_process_seqs] Processed 266668 reads in 305.791 CPU sec, 76.568 real sec
[M::process] read 266668 sequences (40000200 bp)...
[M::mem_pestat] # candidate unique pairs for (FF, FR, RF, RR): (7, 1615, 1, 6)
[M::mem_pestat] skip orientation FF as there are not enough pairs
[M::mem_pestat] analyzing insert size distribution for orientation FR...
[M::mem_pestat] (25, 50, 75) percentile: (145, 362, 519)
[M::mem_pestat] low and high boundaries for computing mean and std.dev: (1, 1267)
[M::mem_pestat] mean and std.dev: (348.44, 191.01)
[M::mem_pestat] low and high boundaries for proper pairs: (1, 1641)
[M::mem_pestat] skip orientation RF as there are not enough pairs
[M::mem_pestat] skip orientation RR as there are not enough pairs
[M::mem_process_seqs] Processed 266668 reads in 303.685 CPU sec, 76.010 real sec
[M::process] read 266668 sequences (40000200 bp)...
[M::mem_pestat] # candidate unique pairs for (FF, FR, RF, RR): (10, 1589, 2, 7)
[M::mem_pestat] analyzing insert size distribution for orientation FF...
[M::mem_pestat] (25, 50, 75) percentile: (145, 824, 1557)
[M::mem_pestat] low and high boundaries for computing mean and std.dev: (1, 4381)
[M::mem_pestat] mean and std.dev: (847.40, 748.79)
[M::mem_pestat] low and high boundaries for proper pairs: (1, 5793)
[M::mem_pestat] analyzing insert size distribution for orientation FR...
[M::mem_pestat] (25, 50, 75) percentile: (145, 375, 522)
[M::mem_pestat] low and high boundaries for computing mean and std.dev: (1, 1276)
[M::mem_pestat] mean and std.dev: (350.66, 190.52)
[M::mem_pestat] low and high boundaries for proper pairs: (1, 1653)
[M::mem_pestat] skip orientation RF as there are not enough pairs
[M::mem_pestat] skip orientation RR as there are not enough pairs
[M::mem_pestat] skip orientation FF
[M::mem_process_seqs] Processed 266668 reads in 301.100 CPU sec, 75.375 real sec
[M::process] read 266668 sequences (40000200 bp)...
[M::mem_pestat] # candidate unique pairs for (FF, FR, RF, RR): (9, 1647, 0, 14)
[M::mem_pestat] skip orientation FF as there are not enough pairs
[M::mem_pestat] analyzing insert size distribution for orientation FR...
[M::mem_pestat] (25, 50, 75) percentile: (144, 350, 518)
[M::mem_pestat] low and high boundaries for computing mean and std.dev: (1, 1266)
[M::mem_pestat] mean and std.dev: (345.34, 191.43)
[M::mem_pestat] low and high boundaries for proper pairs: (1, 1640)
[M::mem_pestat] skip orientation RF as there are not enough pairs
[M::mem_pestat] analyzing insert size distribution for orientation RR...
[M::mem_pestat] (25, 50, 75) percentile: (623, 1361, 1559)
[M::mem_pestat] low and high boundaries for computing mean and std.dev: (1, 3431)
[M::mem_pestat] mean and std.dev: (995.00, 524.96)
[M::mem_pestat] low and high boundaries for proper pairs: (1, 4367)
[M::mem_pestat] skip orientation RR
[M::mem_process_seqs] Processed 266668 reads in 304.911 CPU sec, 76.443 real sec
[M::process] read 266668 sequences (40000200 bp)...
[M::mem_pestat] # candidate unique pairs for (FF, FR, RF, RR): (8, 1553, 1, 13)
[M::mem_pestat] skip orientation FF as there are not enough pairs
[M::mem_pestat] analyzing insert size distribution for orientation FR...
[M::mem_pestat] (25, 50, 75) percentile: (143, 354, 519)
[M::mem_pestat] low and high boundaries for computing mean and std.dev: (1, 1271)
[M::mem_pestat] mean and std.dev: (343.94, 188.23)
[M::mem_pestat] low and high boundaries for proper pairs: (1, 1647)
[M::mem_pestat] skip orientation RF as there are not enough pairs
[M::mem_pestat] analyzing insert size distribution for orientation RR...
[M::mem_pestat] (25, 50, 75) percentile: (941, 1056, 2050)
[M::mem_pestat] low and high boundaries for computing mean and std.dev: (1, 4268)
[M::mem_pestat] mean and std.dev: (1305.17, 819.10)
[M::mem_pestat] low and high boundaries for proper pairs: (1, 5377)
[M::mem_pestat] skip orientation RR
[M::mem_process_seqs] Processed 266668 reads in 305.789 CPU sec, 76.646 real sec
[M::process] read 266668 sequences (40000200 bp)...
[M::mem_pestat] # candidate unique pairs for (FF, FR, RF, RR): (7, 1571, 1, 8)
[M::mem_pestat] skip orientation FF as there are not enough pairs
[M::mem_pestat] analyzing insert size distribution for orientation FR...
[M::mem_pestat] (25, 50, 75) percentile: (144, 339, 520)
[M::mem_pestat] low and high boundaries for computing mean and std.dev: (1, 1272)
[M::mem_pestat] mean and std.dev: (345.46, 189.92)
[M::mem_pestat] low and high boundaries for proper pairs: (1, 1648)
[M::mem_pestat] skip orientation RF as there are not enough pairs
[M::mem_pestat] skip orientation RR as there are not enough pairs
[M::mem_process_seqs] Processed 266668 reads in 303.140 CPU sec, 75.889 real sec
[M::process] read 266668 sequences (40000200 bp)...
[M::mem_pestat] # candidate unique pairs for (FF, FR, RF, RR): (7, 1542, 1, 5)
[M::mem_pestat] skip orientation FF as there are not enough pairs
[M::mem_pestat] analyzing insert size distribution for orientation FR...
[M::mem_pestat] (25, 50, 75) percentile: (144, 354, 519)
[M::mem_pestat] low and high boundaries for computing mean and std.dev: (1, 1269)
[M::mem_pestat] mean and std.dev: (346.41, 190.33)
[M::mem_pestat] low and high boundaries for proper pairs: (1, 1644)
[M::mem_pestat] skip orientation RF as there are not enough pairs
[M::mem_pestat] skip orientation RR as there are not enough pairs
[M::mem_process_seqs] Processed 266668 reads in 307.282 CPU sec, 76.946 real sec
[M::process] read 266668 sequences (40000200 bp)...
[M::mem_pestat] # candidate unique pairs for (FF, FR, RF, RR): (13, 1551, 1, 12)
[M::mem_pestat] analyzing insert size distribution for orientation FF...
[M::mem_pestat] (25, 50, 75) percentile: (232, 672, 2020)
[M::mem_pestat] low and high boundaries for computing mean and std.dev: (1, 5596)
[M::mem_pestat] mean and std.dev: (1013.38, 975.11)
[M::mem_pestat] low and high boundaries for proper pairs: (1, 7384)
[M::mem_pestat] analyzing insert size distribution for orientation FR...
[M::mem_pestat] (25, 50, 75) percentile: (144, 365, 520)
[M::mem_pestat] low and high boundaries for computing mean and std.dev: (1, 1272)
[M::mem_pestat] mean and std.dev: (347.03, 189.99)
[M::mem_pestat] low and high boundaries for proper pairs: (1, 1648)
[M::mem_pestat] skip orientation RF as there are not enough pairs
[M::mem_pestat] analyzing insert size distribution for orientation RR...
[M::mem_pestat] (25, 50, 75) percentile: (696, 996, 1424)
[M::mem_pestat] low and high boundaries for computing mean and std.dev: (1, 2880)
[M::mem_pestat] mean and std.dev: (1021.27, 591.01)
[M::mem_pestat] low and high boundaries for proper pairs: (1, 3608)
[M::mem_pestat] skip orientation FF
[M::mem_pestat] skip orientation RR
[M::mem_process_seqs] Processed 266668 reads in 305.799 CPU sec, 76.572 real sec
[M::process] read 266668 sequences (40000200 bp)...
[M::mem_pestat] # candidate unique pairs for (FF, FR, RF, RR): (15, 1661, 0, 16)
[M::mem_pestat] analyzing insert size distribution for orientation FF...
[M::mem_pestat] (25, 50, 75) percentile: (580, 1206, 2015)
[M::mem_pestat] low and high boundaries for computing mean and std.dev: (1, 4885)
[M::mem_pestat] mean and std.dev: (1400.93, 1146.42)
[M::mem_pestat] low and high boundaries for proper pairs: (1, 6320)
[M::mem_pestat] analyzing insert size distribution for orientation FR...
[M::mem_pestat] (25, 50, 75) percentile: (145, 385, 522)
[M::mem_pestat] low and high boundaries for computing mean and std.dev: (1, 1276)
[M::mem_pestat] mean and std.dev: (354.58, 189.71)
[M::mem_pestat] low and high boundaries for proper pairs: (1, 1653)
[M::mem_pestat] skip orientation RF as there are not enough pairs
[M::mem_pestat] analyzing insert size distribution for orientation RR...
[M::mem_pestat] (25, 50, 75) percentile: (976, 2015, 2545)
[M::mem_pestat] low and high boundaries for computing mean and std.dev: (1, 5683)
[M::mem_pestat] mean and std.dev: (1875.94, 1324.02)
[M::mem_pestat] low and high boundaries for proper pairs: (1, 7252)
[M::mem_pestat] skip orientation FF
[M::mem_pestat] skip orientation RR
[M::mem_process_seqs] Processed 266668 reads in 302.371 CPU sec, 75.698 real sec
[M::process] read 266668 sequences (40000200 bp)...
[M::mem_pestat] # candidate unique pairs for (FF, FR, RF, RR): (14, 1625, 1, 4)
[M::mem_pestat] analyzing insert size distribution for orientation FF...
[M::mem_pestat] (25, 50, 75) percentile: (316, 594, 768)
[M::mem_pestat] low and high boundaries for computing mean and std.dev: (1, 1672)
[M::mem_pestat] mean and std.dev: (543.50, 373.70)
[M::mem_pestat] low and high boundaries for proper pairs: (1, 2124)
[M::mem_pestat] analyzing insert size distribution for orientation FR...
[M::mem_pestat] (25, 50, 75) percentile: (144, 364, 520)
[M::mem_pestat] low and high boundaries for computing mean and std.dev: (1, 1272)
[M::mem_pestat] mean and std.dev: (347.58, 190.06)
[M::mem_pestat] low and high boundaries for proper pairs: (1, 1648)
[M::mem_pestat] skip orientation RF as there are not enough pairs
[M::mem_pestat] skip orientation RR as there are not enough pairs
[M::mem_pestat] skip orientation FF
[M::mem_process_seqs] Processed 266668 reads in 302.419 CPU sec, 75.693 real sec
[M::process] read 266668 sequences (40000200 bp)...
[M::mem_pestat] # candidate unique pairs for (FF, FR, RF, RR): (12, 1601, 2, 12)
[M::mem_pestat] analyzing insert size distribution for orientation FF...
[M::mem_pestat] (25, 50, 75) percentile: (169, 310, 924)
[M::mem_pestat] low and high boundaries for computing mean and std.dev: (1, 2434)
[M::mem_pestat] mean and std.dev: (465.27, 473.98)
[M::mem_pestat] low and high boundaries for proper pairs: (1, 3189)
[M::mem_pestat] analyzing insert size distribution for orientation FR...
[M::mem_pestat] (25, 50, 75) percentile: (144, 352, 521)
[M::mem_pestat] low and high boundaries for computing mean and std.dev: (1, 1275)
[M::mem_pestat] mean and std.dev: (345.50, 192.40)
[M::mem_pestat] low and high boundaries for proper pairs: (1, 1652)
[M::mem_pestat] skip orientation RF as there are not enough pairs
[M::mem_pestat] analyzing insert size distribution for orientation RR...
[M::mem_pestat] (25, 50, 75) percentile: (1077, 1397, 1996)
[M::mem_pestat] low and high boundaries for computing mean and std.dev: (1, 3834)
[M::mem_pestat] mean and std.dev: (1246.70, 478.75)
[M::mem_pestat] low and high boundaries for proper pairs: (1, 4753)
[M::mem_pestat] skip orientation FF
[M::mem_pestat] skip orientation RR
[M::mem_process_seqs] Processed 266668 reads in 305.396 CPU sec, 76.453 real sec
[M::process] read 266668 sequences (40000200 bp)...
[M::mem_pestat] # candidate unique pairs for (FF, FR, RF, RR): (14, 1608, 1, 6)
[M::mem_pestat] analyzing insert size distribution for orientation FF...
[M::mem_pestat] (25, 50, 75) percentile: (210, 398, 2668)
[M::mem_pestat] low and high boundaries for computing mean and std.dev: (1, 7584)
[M::mem_pestat] mean and std.dev: (1383.57, 1772.99)
[M::mem_pestat] low and high boundaries for proper pairs: (1, 10042)
[M::mem_pestat] analyzing insert size distribution for orientation FR...
[M::mem_pestat] (25, 50, 75) percentile: (145, 372, 522)
[M::mem_pestat] low and high boundaries for computing mean and std.dev: (1, 1276)
[M::mem_pestat] mean and std.dev: (350.88, 189.22)
[M::mem_pestat] low and high boundaries for proper pairs: (1, 1653)
[M::mem_pestat] skip orientation RF as there are not enough pairs
[M::mem_pestat] skip orientation RR as there are not enough pairs
[M::mem_pestat] skip orientation FF
[M::mem_process_seqs] Processed 266668 reads in 300.443 CPU sec, 75.347 real sec
[M::process] read 266668 sequences (40000200 bp)...
[M::mem_pestat] # candidate unique pairs for (FF, FR, RF, RR): (8, 1598, 0, 10)
[M::mem_pestat] skip orientation FF as there are not enough pairs
[M::mem_pestat] analyzing insert size distribution for orientation FR...
[M::mem_pestat] (25, 50, 75) percentile: (143, 364, 520)
[M::mem_pestat] low and high boundaries for computing mean and std.dev: (1, 1274)
[M::mem_pestat] mean and std.dev: (347.67, 191.68)
[M::mem_pestat] low and high boundaries for proper pairs: (1, 1651)
[M::mem_pestat] skip orientation RF as there are not enough pairs
[M::mem_pestat] analyzing insert size distribution for orientation RR...
[M::mem_pestat] (25, 50, 75) percentile: (842, 1715, 2271)
[M::mem_pestat] low and high boundaries for computing mean and std.dev: (1, 5129)
[M::mem_pestat] mean and std.dev: (1653.40, 1020.97)
[M::mem_pestat] low and high boundaries for proper pairs: (1, 6558)
[M::mem_pestat] skip orientation RR
[M::mem_process_seqs] Processed 266668 reads in 302.332 CPU sec, 75.693 real sec
[M::process] read 266668 sequences (40000200 bp)...
[M::mem_pestat] # candidate unique pairs for (FF, FR, RF, RR): (6, 1541, 3, 6)
[M::mem_pestat] skip orientation FF as there are not enough pairs
[M::mem_pestat] analyzing insert size distribution for orientation FR...
[M::mem_pestat] (25, 50, 75) percentile: (144, 385, 520)
[M::mem_pestat] low and high boundaries for computing mean and std.dev: (1, 1272)
[M::mem_pestat] mean and std.dev: (349.43, 191.59)
[M::mem_pestat] low and high boundaries for proper pairs: (1, 1648)
[M::mem_pestat] skip orientation RF as there are not enough pairs
[M::mem_pestat] skip orientation RR as there are not enough pairs
[M::mem_process_seqs] Processed 266668 reads in 300.144 CPU sec, 75.168 real sec
[M::process] read 266668 sequences (40000200 bp)...
[M::mem_pestat] # candidate unique pairs for (FF, FR, RF, RR): (13, 1591, 2, 8)
[M::mem_pestat] analyzing insert size distribution for orientation FF...
[M::mem_pestat] (25, 50, 75) percentile: (201, 675, 2413)
[M::mem_pestat] low and high boundaries for computing mean and std.dev: (1, 6837)
[M::mem_pestat] mean and std.dev: (1239.77, 1239.50)
[M::mem_pestat] low and high boundaries for proper pairs: (1, 9049)
[M::mem_pestat] analyzing insert size distribution for orientation FR...
[M::mem_pestat] (25, 50, 75) percentile: (143, 338, 519)
[M::mem_pestat] low and high boundaries for computing mean and std.dev: (1, 1271)
[M::mem_pestat] mean and std.dev: (339.10, 189.60)
[M::mem_pestat] low and high boundaries for proper pairs: (1, 1647)
[M::mem_pestat] skip orientation RF as there are not enough pairs
[M::mem_pestat] skip orientation RR as there are not enough pairs
[M::mem_pestat] skip orientation FF
[M::mem_process_seqs] Processed 266668 reads in 306.505 CPU sec, 76.757 real sec
[M::process] read 266668 sequences (40000200 bp)...
[M::mem_pestat] # candidate unique pairs for (FF, FR, RF, RR): (12, 1584, 3, 9)
[M::mem_pestat] analyzing insert size distribution for orientation FF...
[M::mem_pestat] (25, 50, 75) percentile: (188, 1225, 4609)
[M::mem_pestat] low and high boundaries for computing mean and std.dev: (1, 13451)
[M::mem_pestat] mean and std.dev: (2592.67, 3011.25)
[M::mem_pestat] low and high boundaries for proper pairs: (1, 17872)
[M::mem_pestat] analyzing insert size distribution for orientation FR...
[M::mem_pestat] (25, 50, 75) percentile: (142, 350, 520)
[M::mem_pestat] low and high boundaries for computing mean and std.dev: (1, 1276)
[M::mem_pestat] mean and std.dev: (340.90, 195.02)
[M::mem_pestat] low and high boundaries for proper pairs: (1, 1654)
[M::mem_pestat] skip orientation RF as there are not enough pairs
[M::mem_pestat] skip orientation RR as there are not enough pairs
[M::mem_pestat] skip orientation FF
[M::mem_process_seqs] Processed 266668 reads in 305.388 CPU sec, 76.489 real sec
[M::process] read 266668 sequences (40000200 bp)...
[M::mem_pestat] # candidate unique pairs for (FF, FR, RF, RR): (16, 1521, 3, 9)
[M::mem_pestat] analyzing insert size distribution for orientation FF...
[M::mem_pestat] (25, 50, 75) percentile: (428, 836, 2099)
[M::mem_pestat] low and high boundaries for computing mean and std.dev: (1, 5441)
[M::mem_pestat] mean and std.dev: (1065.87, 980.93)
[M::mem_pestat] low and high boundaries for proper pairs: (1, 7112)
[M::mem_pestat] analyzing insert size distribution for orientation FR...
[M::mem_pestat] (25, 50, 75) percentile: (143, 344, 519)
[M::mem_pestat] low and high boundaries for computing mean and std.dev: (1, 1271)
[M::mem_pestat] mean and std.dev: (343.36, 191.22)
[M::mem_pestat] low and high boundaries for proper pairs: (1, 1647)
[M::mem_pestat] skip orientation RF as there are not enough pairs
[M::mem_pestat] skip orientation RR as there are not enough pairs
[M::mem_pestat] skip orientation FF
[M::mem_process_seqs] Processed 266668 reads in 302.334 CPU sec, 75.683 real sec
[M::process] read 266668 sequences (40000200 bp)...
[M::mem_pestat] # candidate unique pairs for (FF, FR, RF, RR): (17, 1582, 2, 7)
[M::mem_pestat] analyzing insert size distribution for orientation FF...
[M::mem_pestat] (25, 50, 75) percentile: (160, 585, 1535)
[M::mem_pestat] low and high boundaries for computing mean and std.dev: (1, 4285)
[M::mem_pestat] mean and std.dev: (764.88, 818.60)
[M::mem_pestat] low and high boundaries for proper pairs: (1, 5660)
[M::mem_pestat] analyzing insert size distribution for orientation FR...
[M::mem_pestat] (25, 50, 75) percentile: (145, 400, 523)
[M::mem_pestat] low and high boundaries for computing mean and std.dev: (1, 1279)
[M::mem_pestat] mean and std.dev: (356.26, 192.26)
[M::mem_pestat] low and high boundaries for proper pairs: (1, 1657)
[M::mem_pestat] skip orientation RF as there are not enough pairs
[M::mem_pestat] skip orientation RR as there are not enough pairs
[M::mem_pestat] skip orientation FF
[M::mem_process_seqs] Processed 266668 reads in 306.790 CPU sec, 76.809 real sec
[M::process] read 266668 sequences (40000200 bp)...
[M::mem_pestat] # candidate unique pairs for (FF, FR, RF, RR): (10, 1508, 3, 8)
[M::mem_pestat] analyzing insert size distribution for orientation FF...
[M::mem_pestat] (25, 50, 75) percentile: (160, 696, 1196)
[M::mem_pestat] low and high boundaries for computing mean and std.dev: (1, 3268)
[M::mem_pestat] mean and std.dev: (653.50, 491.35)
[M::mem_pestat] low and high boundaries for proper pairs: (1, 4304)
[M::mem_pestat] analyzing insert size distribution for orientation FR...
[M::mem_pestat] (25, 50, 75) percentile: (144, 375, 523)
[M::mem_pestat] low and high boundaries for computing mean and std.dev: (1, 1281)
[M::mem_pestat] mean and std.dev: (350.48, 195.67)
[M::mem_pestat] low and high boundaries for proper pairs: (1, 1660)
[M::mem_pestat] skip orientation RF as there are not enough pairs
[M::mem_pestat] skip orientation RR as there are not enough pairs
[M::mem_pestat] skip orientation FF
[M::mem_process_seqs] Processed 266668 reads in 303.634 CPU sec, 76.021 real sec
[M::process] read 266668 sequences (40000200 bp)...
[M::mem_pestat] # candidate unique pairs for (FF, FR, RF, RR): (8, 1576, 0, 8)
[M::mem_pestat] skip orientation FF as there are not enough pairs
[M::mem_pestat] analyzing insert size distribution for orientation FR...
[M::mem_pestat] (25, 50, 75) percentile: (144, 359, 518)
[M::mem_pestat] low and high boundaries for computing mean and std.dev: (1, 1266)
[M::mem_pestat] mean and std.dev: (348.36, 188.98)
[M::mem_pestat] low and high boundaries for proper pairs: (1, 1640)
[M::mem_pestat] skip orientation RF as there are not enough pairs
[M::mem_pestat] skip orientation RR as there are not enough pairs
[M::mem_process_seqs] Processed 266668 reads in 299.865 CPU sec, 75.065 real sec
[M::process] read 266668 sequences (40000200 bp)...
[M::mem_pestat] # candidate unique pairs for (FF, FR, RF, RR): (12, 1580, 2, 10)
[M::mem_pestat] analyzing insert size distribution for orientation FF...
[M::mem_pestat] (25, 50, 75) percentile: (234, 943, 1339)
[M::mem_pestat] low and high boundaries for computing mean and std.dev: (1, 3549)
[M::mem_pestat] mean and std.dev: (855.75, 686.13)
[M::mem_pestat] low and high boundaries for proper pairs: (1, 4654)
[M::mem_pestat] analyzing insert size distribution for orientation FR...
[M::mem_pestat] (25, 50, 75) percentile: (145, 386, 522)
[M::mem_pestat] low and high boundaries for computing mean and std.dev: (1, 1276)
[M::mem_pestat] mean and std.dev: (352.43, 189.91)
[M::mem_pestat] low and high boundaries for proper pairs: (1, 1653)
[M::mem_pestat] skip orientation RF as there are not enough pairs
[M::mem_pestat] analyzing insert size distribution for orientation RR...
[M::mem_pestat] (25, 50, 75) percentile: (513, 1292, 3980)
[M::mem_pestat] low and high boundaries for computing mean and std.dev: (1, 10914)
[M::mem_pestat] mean and std.dev: (2176.20, 2252.72)
[M::mem_pestat] low and high boundaries for proper pairs: (1, 14381)
[M::mem_pestat] skip orientation FF
[M::mem_pestat] skip orientation RR
[M::mem_process_seqs] Processed 266668 reads in 299.286 CPU sec, 74.929 real sec
[M::process] read 266668 sequences (40000200 bp)...
[M::mem_pestat] # candidate unique pairs for (FF, FR, RF, RR): (8, 1513, 0, 9)
[M::mem_pestat] skip orientation FF as there are not enough pairs
[M::mem_pestat] analyzing insert size distribution for orientation FR...
[M::mem_pestat] (25, 50, 75) percentile: (142, 351, 521)
[M::mem_pestat] low and high boundaries for computing mean and std.dev: (1, 1279)
[M::mem_pestat] mean and std.dev: (343.42, 192.84)
[M::mem_pestat] low and high boundaries for proper pairs: (1, 1658)
[M::mem_pestat] skip orientation RF as there are not enough pairs
[M::mem_pestat] skip orientation RR as there are not enough pairs
[M::mem_process_seqs] Processed 266668 reads in 302.557 CPU sec, 75.751 real sec
[M::process] read 266668 sequences (40000200 bp)...
[M::mem_pestat] # candidate unique pairs for (FF, FR, RF, RR): (12, 1596, 0, 9)
[M::mem_pestat] analyzing insert size distribution for orientation FF...
[M::mem_pestat] (25, 50, 75) percentile: (213, 535, 982)
[M::mem_pestat] low and high boundaries for computing mean and std.dev: (1, 2520)
[M::mem_pestat] mean and std.dev: (469.00, 294.78)
[M::mem_pestat] low and high boundaries for proper pairs: (1, 3289)
[M::mem_pestat] analyzing insert size distribution for orientation FR...
[M::mem_pestat] (25, 50, 75) percentile: (145, 360, 520)
[M::mem_pestat] low and high boundaries for computing mean and std.dev: (1, 1270)
[M::mem_pestat] mean and std.dev: (347.60, 189.67)
[M::mem_pestat] low and high boundaries for proper pairs: (1, 1645)
[M::mem_pestat] skip orientation RF as there are not enough pairs
[M::mem_pestat] skip orientation RR as there are not enough pairs
[M::mem_pestat] skip orientation FF
[M::mem_process_seqs] Processed 266668 reads in 303.360 CPU sec, 75.974 real sec
[M::process] read 266668 sequences (40000200 bp)...
[M::mem_pestat] # candidate unique pairs for (FF, FR, RF, RR): (8, 1651, 2, 7)
[M::mem_pestat] skip orientation FF as there are not enough pairs
[M::mem_pestat] analyzing insert size distribution for orientation FR...
[M::mem_pestat] (25, 50, 75) percentile: (144, 344, 520)
[M::mem_pestat] low and high boundaries for computing mean and std.dev: (1, 1272)
[M::mem_pestat] mean and std.dev: (343.05, 189.20)
[M::mem_pestat] low and high boundaries for proper pairs: (1, 1648)
[M::mem_pestat] skip orientation RF as there are not enough pairs
[M::mem_pestat] skip orientation RR as there are not enough pairs
[M::mem_process_seqs] Processed 266668 reads in 307.209 CPU sec, 76.923 real sec
[M::process] read 266668 sequences (40000200 bp)...
[M::mem_pestat] # candidate unique pairs for (FF, FR, RF, RR): (11, 1593, 2, 13)
[M::mem_pestat] analyzing insert size distribution for orientation FF...
[M::mem_pestat] (25, 50, 75) percentile: (154, 584, 1718)
[M::mem_pestat] low and high boundaries for computing mean and std.dev: (1, 4846)
[M::mem_pestat] mean and std.dev: (922.55, 886.73)
[M::mem_pestat] low and high boundaries for proper pairs: (1, 6410)
[M::mem_pestat] analyzing insert size distribution for orientation FR...
[M::mem_pestat] (25, 50, 75) percentile: (144, 364, 519)
[M::mem_pestat] low and high boundaries for computing mean and std.dev: (1, 1269)
[M::mem_pestat] mean and std.dev: (347.97, 188.00)
[M::mem_pestat] low and high boundaries for proper pairs: (1, 1644)
[M::mem_pestat] skip orientation RF as there are not enough pairs
[M::mem_pestat] analyzing insert size distribution for orientation RR...
[M::mem_pestat] (25, 50, 75) percentile: (319, 1220, 1873)
[M::mem_pestat] low and high boundaries for computing mean and std.dev: (1, 4981)
[M::mem_pestat] mean and std.dev: (1210.54, 950.69)
[M::mem_pestat] low and high boundaries for proper pairs: (1, 6535)
[M::mem_pestat] skip orientation FF
[M::mem_pestat] skip orientation RR
[M::mem_process_seqs] Processed 266668 reads in 302.060 CPU sec, 75.607 real sec
[M::process] read 266668 sequences (40000200 bp)...
[M::mem_pestat] # candidate unique pairs for (FF, FR, RF, RR): (10, 1558, 3, 10)
[M::mem_pestat] analyzing insert size distribution for orientation FF...
[M::mem_pestat] (25, 50, 75) percentile: (184, 1049, 1852)
[M::mem_pestat] low and high boundaries for computing mean and std.dev: (1, 5188)
[M::mem_pestat] mean and std.dev: (852.00, 779.87)
[M::mem_pestat] low and high boundaries for proper pairs: (1, 6856)
[M::mem_pestat] analyzing insert size distribution for orientation FR...
[M::mem_pestat] (25, 50, 75) percentile: (143, 369, 520)
[M::mem_pestat] low and high boundaries for computing mean and std.dev: (1, 1274)
[M::mem_pestat] mean and std.dev: (343.50, 193.90)
[M::mem_pestat] low and high boundaries for proper pairs: (1, 1651)
[M::mem_pestat] skip orientation RF as there are not enough pairs
[M::mem_pestat] analyzing insert size distribution for orientation RR...
[M::mem_pestat] (25, 50, 75) percentile: (214, 969, 1597)
[M::mem_pestat] low and high boundaries for computing mean and std.dev: (1, 4363)
[M::mem_pestat] mean and std.dev: (1021.89, 976.66)
[M::mem_pestat] low and high boundaries for proper pairs: (1, 5746)
[M::mem_pestat] skip orientation FF
[M::mem_pestat] skip orientation RR
[M::mem_process_seqs] Processed 266668 reads in 304.448 CPU sec, 76.203 real sec
[M::process] read 266668 sequences (40000200 bp)...
[M::mem_pestat] # candidate unique pairs for (FF, FR, RF, RR): (12, 1588, 2, 12)
[M::mem_pestat] analyzing insert size distribution for orientation FF...
[M::mem_pestat] (25, 50, 75) percentile: (119, 587, 977)
[M::mem_pestat] low and high boundaries for computing mean and std.dev: (1, 2693)
[M::mem_pestat] mean and std.dev: (465.55, 391.18)
[M::mem_pestat] low and high boundaries for proper pairs: (1, 3551)
[M::mem_pestat] analyzing insert size distribution for orientation FR...
[M::mem_pestat] (25, 50, 75) percentile: (144, 369, 520)
[M::mem_pestat] low and high boundaries for computing mean and std.dev: (1, 1272)
[M::mem_pestat] mean and std.dev: (347.49, 191.79)
[M::mem_pestat] low and high boundaries for proper pairs: (1, 1648)
[M::mem_pestat] skip orientation RF as there are not enough pairs
[M::mem_pestat] analyzing insert size distribution for orientation RR...
[M::mem_pestat] (25, 50, 75) percentile: (722, 995, 1624)
[M::mem_pestat] low and high boundaries for computing mean and std.dev: (1, 3428)
[M::mem_pestat] mean and std.dev: (937.91, 536.95)
[M::mem_pestat] low and high boundaries for proper pairs: (1, 4330)
[M::mem_pestat] skip orientation FF
[M::mem_pestat] skip orientation RR
[M::mem_process_seqs] Processed 266668 reads in 303.034 CPU sec, 75.845 real sec
[M::process] read 266668 sequences (40000200 bp)...
[M::mem_pestat] # candidate unique pairs for (FF, FR, RF, RR): (8, 1605, 1, 11)
[M::mem_pestat] skip orientation FF as there are not enough pairs
[M::mem_pestat] analyzing insert size distribution for orientation FR...
[M::mem_pestat] (25, 50, 75) percentile: (145, 349, 520)
[M::mem_pestat] low and high boundaries for computing mean and std.dev: (1, 1270)
[M::mem_pestat] mean and std.dev: (346.31, 190.46)
[M::mem_pestat] low and high boundaries for proper pairs: (1, 1645)
[M::mem_pestat] skip orientation RF as there are not enough pairs
[M::mem_pestat] analyzing insert size distribution for orientation RR...
[M::mem_pestat] (25, 50, 75) percentile: (873, 1259, 1433)
[M::mem_pestat] low and high boundaries for computing mean and std.dev: (1, 2553)
[M::mem_pestat] mean and std.dev: (1044.00, 258.09)
[M::mem_pestat] low and high boundaries for proper pairs: (1, 3113)
[M::mem_pestat] skip orientation RR
[M::mem_process_seqs] Processed 266668 reads in 302.010 CPU sec, 75.610 real sec
[M::process] read 266668 sequences (40000200 bp)...
[M::mem_pestat] # candidate unique pairs for (FF, FR, RF, RR): (13, 1552, 2, 12)
[M::mem_pestat] analyzing insert size distribution for orientation FF...
[M::mem_pestat] (25, 50, 75) percentile: (152, 515, 1513)
[M::mem_pestat] low and high boundaries for computing mean and std.dev: (1, 4235)
[M::mem_pestat] mean and std.dev: (791.00, 875.22)
[M::mem_pestat] low and high boundaries for proper pairs: (1, 5596)
[M::mem_pestat] analyzing insert size distribution for orientation FR...
[M::mem_pestat] (25, 50, 75) percentile: (146, 407, 521)
[M::mem_pestat] low and high boundaries for computing mean and std.dev: (1, 1271)
[M::mem_pestat] mean and std.dev: (357.05, 189.69)
[M::mem_pestat] low and high boundaries for proper pairs: (1, 1646)
[M::mem_pestat] skip orientation RF as there are not enough pairs
[M::mem_pestat] analyzing insert size distribution for orientation RR...
[M::mem_pestat] (25, 50, 75) percentile: (1031, 1696, 2174)
[M::mem_pestat] low and high boundaries for computing mean and std.dev: (1, 4460)
[M::mem_pestat] mean and std.dev: (1611.08, 826.02)
[M::mem_pestat] low and high boundaries for proper pairs: (1, 5603)
[M::mem_pestat] skip orientation FF
[M::mem_pestat] skip orientation RR
[M::mem_process_seqs] Processed 266668 reads in 302.656 CPU sec, 75.789 real sec
[M::process] read 266668 sequences (40000200 bp)...
[M::mem_pestat] # candidate unique pairs for (FF, FR, RF, RR): (13, 1632, 1, 10)
[M::mem_pestat] analyzing insert size distribution for orientation FF...
[M::mem_pestat] (25, 50, 75) percentile: (159, 749, 4035)
[M::mem_pestat] low and high boundaries for computing mean and std.dev: (1, 11787)
[M::mem_pestat] mean and std.dev: (1563.54, 1803.08)
[M::mem_pestat] low and high boundaries for proper pairs: (1, 15663)
[M::mem_pestat] analyzing insert size distribution for orientation FR...
[M::mem_pestat] (25, 50, 75) percentile: (144, 339, 520)
[M::mem_pestat] low and high boundaries for computing mean and std.dev: (1, 1272)
[M::mem_pestat] mean and std.dev: (343.01, 190.11)
[M::mem_pestat] low and high boundaries for proper pairs: (1, 1648)
[M::mem_pestat] skip orientation RF as there are not enough pairs
[M::mem_pestat] analyzing insert size distribution for orientation RR...
[M::mem_pestat] (25, 50, 75) percentile: (455, 678, 991)
[M::mem_pestat] low and high boundaries for computing mean and std.dev: (1, 2063)
[M::mem_pestat] mean and std.dev: (718.60, 415.02)
[M::mem_pestat] low and high boundaries for proper pairs: (1, 2599)
[M::mem_pestat] skip orientation FF
[M::mem_pestat] skip orientation RR
[M::mem_process_seqs] Processed 266668 reads in 305.811 CPU sec, 76.572 real sec
[M::process] read 266668 sequences (40000200 bp)...
[M::mem_pestat] # candidate unique pairs for (FF, FR, RF, RR): (15, 1589, 1, 13)
[M::mem_pestat] analyzing insert size distribution for orientation FF...
[M::mem_pestat] (25, 50, 75) percentile: (173, 333, 1804)
[M::mem_pestat] low and high boundaries for computing mean and std.dev: (1, 5066)
[M::mem_pestat] mean and std.dev: (414.33, 465.42)
[M::mem_pestat] low and high boundaries for proper pairs: (1, 6697)
[M::mem_pestat] analyzing insert size distribution for orientation FR...
[M::mem_pestat] (25, 50, 75) percentile: (144, 372, 519)
[M::mem_pestat] low and high boundaries for computing mean and std.dev: (1, 1269)
[M::mem_pestat] mean and std.dev: (346.97, 187.75)
[M::mem_pestat] low and high boundaries for proper pairs: (1, 1644)
[M::mem_pestat] skip orientation RF as there are not enough pairs
[M::mem_pestat] analyzing insert size distribution for orientation RR...
[M::mem_pestat] (25, 50, 75) percentile: (118, 322, 2108)
[M::mem_pestat] low and high boundaries for computing mean and std.dev: (1, 6088)
[M::mem_pestat] mean and std.dev: (966.50, 1389.05)
[M::mem_pestat] low and high boundaries for proper pairs: (1, 8078)
[M::mem_pestat] skip orientation FF
[M::mem_pestat] skip orientation RR
[M::mem_process_seqs] Processed 266668 reads in 306.989 CPU sec, 76.870 real sec
[M::process] read 266668 sequences (40000200 bp)...
[M::mem_pestat] # candidate unique pairs for (FF, FR, RF, RR): (6, 1595, 2, 11)
[M::mem_pestat] skip orientation FF as there are not enough pairs
[M::mem_pestat] analyzing insert size distribution for orientation FR...
[M::mem_pestat] (25, 50, 75) percentile: (144, 371, 524)
[M::mem_pestat] low and high boundaries for computing mean and std.dev: (1, 1284)
[M::mem_pestat] mean and std.dev: (348.77, 192.87)
[M::mem_pestat] low and high boundaries for proper pairs: (1, 1664)
[M::mem_pestat] skip orientation RF as there are not enough pairs
[M::mem_pestat] analyzing insert size distribution for orientation RR...
[M::mem_pestat] (25, 50, 75) percentile: (740, 1447, 2841)
[M::mem_pestat] low and high boundaries for computing mean and std.dev: (1, 7043)
[M::mem_pestat] mean and std.dev: (1791.64, 1526.75)
[M::mem_pestat] low and high boundaries for proper pairs: (1, 9144)
[M::mem_pestat] skip orientation RR
[M::mem_process_seqs] Processed 266668 reads in 306.342 CPU sec, 76.700 real sec
[M::process] read 266668 sequences (40000200 bp)...
[M::mem_pestat] # candidate unique pairs for (FF, FR, RF, RR): (11, 1580, 2, 10)
[M::mem_pestat] analyzing insert size distribution for orientation FF...
[M::mem_pestat] (25, 50, 75) percentile: (186, 578, 1254)
[M::mem_pestat] low and high boundaries for computing mean and std.dev: (1, 3390)
[M::mem_pestat] mean and std.dev: (801.45, 647.34)
[M::mem_pestat] low and high boundaries for proper pairs: (1, 4458)
[M::mem_pestat] analyzing insert size distribution for orientation FR...
[M::mem_pestat] (25, 50, 75) percentile: (145, 368, 522)
[M::mem_pestat] low and high boundaries for computing mean and std.dev: (1, 1276)
[M::mem_pestat] mean and std.dev: (351.29, 193.38)
[M::mem_pestat] low and high boundaries for proper pairs: (1, 1653)
[M::mem_pestat] skip orientation RF as there are not enough pairs
[M::mem_pestat] analyzing insert size distribution for orientation RR...
[M::mem_pestat] (25, 50, 75) percentile: (319, 1646, 1740)
[M::mem_pestat] low and high boundaries for computing mean and std.dev: (1, 4582)
[M::mem_pestat] mean and std.dev: (1037.89, 646.68)
[M::mem_pestat] low and high boundaries for proper pairs: (1, 6003)
[M::mem_pestat] skip orientation FF
[M::mem_pestat] skip orientation RR
[M::mem_process_seqs] Processed 266668 reads in 302.714 CPU sec, 75.784 real sec
[M::process] read 266668 sequences (40000200 bp)...
[M::mem_pestat] # candidate unique pairs for (FF, FR, RF, RR): (13, 1581, 1, 14)
[M::mem_pestat] analyzing insert size distribution for orientation FF...
[M::mem_pestat] (25, 50, 75) percentile: (511, 1255, 2436)
[M::mem_pestat] low and high boundaries for computing mean and std.dev: (1, 6286)
[M::mem_pestat] mean and std.dev: (1495.69, 1364.22)
[M::mem_pestat] low and high boundaries for proper pairs: (1, 8211)
[M::mem_pestat] analyzing insert size distribution for orientation FR...
[M::mem_pestat] (25, 50, 75) percentile: (144, 357, 522)
[M::mem_pestat] low and high boundaries for computing mean and std.dev: (1, 1278)
[M::mem_pestat] mean and std.dev: (348.57, 190.31)
[M::mem_pestat] low and high boundaries for proper pairs: (1, 1656)
[M::mem_pestat] skip orientation RF as there are not enough pairs
[M::mem_pestat] analyzing insert size distribution for orientation RR...
[M::mem_pestat] (25, 50, 75) percentile: (161, 951, 1723)
[M::mem_pestat] low and high boundaries for computing mean and std.dev: (1, 4847)
[M::mem_pestat] mean and std.dev: (972.77, 834.38)
[M::mem_pestat] low and high boundaries for proper pairs: (1, 6409)
[M::mem_pestat] skip orientation FF
[M::mem_pestat] skip orientation RR
[M::mem_process_seqs] Processed 266668 reads in 302.784 CPU sec, 75.837 real sec
[M::process] read 266668 sequences (40000200 bp)...
[M::mem_pestat] # candidate unique pairs for (FF, FR, RF, RR): (8, 1562, 6, 10)
[M::mem_pestat] skip orientation FF as there are not enough pairs
[M::mem_pestat] analyzing insert size distribution for orientation FR...
[M::mem_pestat] (25, 50, 75) percentile: (144, 406, 524)
[M::mem_pestat] low and high boundaries for computing mean and std.dev: (1, 1284)
[M::mem_pestat] mean and std.dev: (354.16, 193.18)
[M::mem_pestat] low and high boundaries for proper pairs: (1, 1664)
[M::mem_pestat] skip orientation RF as there are not enough pairs
[M::mem_pestat] analyzing insert size distribution for orientation RR...
[M::mem_pestat] (25, 50, 75) percentile: (200, 1066, 2349)
[M::mem_pestat] low and high boundaries for computing mean and std.dev: (1, 6647)
[M::mem_pestat] mean and std.dev: (1776.90, 1922.63)
[M::mem_pestat] low and high boundaries for proper pairs: (1, 9467)
[M::mem_pestat] skip orientation RR
[M::mem_process_seqs] Processed 266668 reads in 305.578 CPU sec, 76.490 real sec
[M::process] read 266668 sequences (40000200 bp)...
[M::mem_pestat] # candidate unique pairs for (FF, FR, RF, RR): (10, 1573, 0, 9)
[M::mem_pestat] analyzing insert size distribution for orientation FF...
[M::mem_pestat] (25, 50, 75) percentile: (580, 2403, 5167)
[M::mem_pestat] low and high boundaries for computing mean and std.dev: (1, 14341)
[M::mem_pestat] mean and std.dev: (3033.80, 2599.64)
[M::mem_pestat] low and high boundaries for proper pairs: (1, 18928)
[M::mem_pestat] analyzing insert size distribution for orientation FR...
[M::mem_pestat] (25, 50, 75) percentile: (145, 364, 521)
[M::mem_pestat] low and high boundaries for computing mean and std.dev: (1, 1273)
[M::mem_pestat] mean and std.dev: (348.52, 187.82)
[M::mem_pestat] low and high boundaries for proper pairs: (1, 1649)
[M::mem_pestat] skip orientation RF as there are not enough pairs
[M::mem_pestat] skip orientation RR as there are not enough pairs
[M::mem_pestat] skip orientation FF
[M::mem_process_seqs] Processed 266668 reads in 303.867 CPU sec, 76.058 real sec
[M::process] read 266668 sequences (40000200 bp)...
[M::mem_pestat] # candidate unique pairs for (FF, FR, RF, RR): (6, 1590, 2, 9)
[M::mem_pestat] skip orientation FF as there are not enough pairs
[M::mem_pestat] analyzing insert size distribution for orientation FR...
[M::mem_pestat] (25, 50, 75) percentile: (145, 348, 518)
[M::mem_pestat] low and high boundaries for computing mean and std.dev: (1, 1264)
[M::mem_pestat] mean and std.dev: (345.19, 188.84)
[M::mem_pestat] low and high boundaries for proper pairs: (1, 1637)
[M::mem_pestat] skip orientation RF as there are not enough pairs
[M::mem_pestat] skip orientation RR as there are not enough pairs
[M::mem_process_seqs] Processed 266668 reads in 302.043 CPU sec, 75.597 real sec
[M::process] read 266668 sequences (40000200 bp)...
[M::mem_pestat] # candidate unique pairs for (FF, FR, RF, RR): (8, 1570, 2, 15)
[M::mem_pestat] skip orientation FF as there are not enough pairs
[M::mem_pestat] analyzing insert size distribution for orientation FR...
[M::mem_pestat] (25, 50, 75) percentile: (144, 349, 521)
[M::mem_pestat] low and high boundaries for computing mean and std.dev: (1, 1275)
[M::mem_pestat] mean and std.dev: (346.19, 189.60)
[M::mem_pestat] low and high boundaries for proper pairs: (1, 1652)
[M::mem_pestat] skip orientation RF as there are not enough pairs
[M::mem_pestat] analyzing insert size distribution for orientation RR...
[M::mem_pestat] (25, 50, 75) percentile: (768, 1626, 3445)
[M::mem_pestat] low and high boundaries for computing mean and std.dev: (1, 8799)
[M::mem_pestat] mean and std.dev: (2018.47, 1609.49)
[M::mem_pestat] low and high boundaries for proper pairs: (1, 11476)
[M::mem_pestat] skip orientation RR
[M::mem_process_seqs] Processed 266668 reads in 313.275 CPU sec, 78.421 real sec
[M::process] read 266668 sequences (40000200 bp)...
[M::mem_pestat] # candidate unique pairs for (FF, FR, RF, RR): (10, 1552, 1, 12)
[M::mem_pestat] analyzing insert size distribution for orientation FF...
[M::mem_pestat] (25, 50, 75) percentile: (187, 758, 1456)
[M::mem_pestat] low and high boundaries for computing mean and std.dev: (1, 3994)
[M::mem_pestat] mean and std.dev: (518.88, 436.68)
[M::mem_pestat] low and high boundaries for proper pairs: (1, 5263)
[M::mem_pestat] analyzing insert size distribution for orientation FR...
[M::mem_pestat] (25, 50, 75) percentile: (146, 409, 520)
[M::mem_pestat] low and high boundaries for computing mean and std.dev: (1, 1268)
[M::mem_pestat] mean and std.dev: (355.39, 190.54)
[M::mem_pestat] low and high boundaries for proper pairs: (1, 1642)
[M::mem_pestat] skip orientation RF as there are not enough pairs
[M::mem_pestat] analyzing insert size distribution for orientation RR...
[M::mem_pestat] (25, 50, 75) percentile: (737, 1332, 2904)
[M::mem_pestat] low and high boundaries for computing mean and std.dev: (1, 7238)
[M::mem_pestat] mean and std.dev: (1481.00, 1600.98)
[M::mem_pestat] low and high boundaries for proper pairs: (1, 9405)
[M::mem_pestat] skip orientation FF
[M::mem_pestat] skip orientation RR
[M::mem_process_seqs] Processed 266668 reads in 307.639 CPU sec, 77.024 real sec
[M::process] read 266668 sequences (40000200 bp)...
[M::mem_pestat] # candidate unique pairs for (FF, FR, RF, RR): (13, 1522, 1, 12)
[M::mem_pestat] analyzing insert size distribution for orientation FF...
[M::mem_pestat] (25, 50, 75) percentile: (140, 561, 1928)
[M::mem_pestat] low and high boundaries for computing mean and std.dev: (1, 5504)
[M::mem_pestat] mean and std.dev: (985.92, 1079.46)
[M::mem_pestat] low and high boundaries for proper pairs: (1, 7292)
[M::mem_pestat] analyzing insert size distribution for orientation FR...
[M::mem_pestat] (25, 50, 75) percentile: (144, 355, 520)
[M::mem_pestat] low and high boundaries for computing mean and std.dev: (1, 1272)
[M::mem_pestat] mean and std.dev: (347.97, 186.67)
[M::mem_pestat] low and high boundaries for proper pairs: (1, 1648)
[M::mem_pestat] skip orientation RF as there are not enough pairs
[M::mem_pestat] analyzing insert size distribution for orientation RR...
[M::mem_pestat] (25, 50, 75) percentile: (1004, 1632, 3653)
[M::mem_pestat] low and high boundaries for computing mean and std.dev: (1, 8951)
[M::mem_pestat] mean and std.dev: (2134.67, 1400.46)
[M::mem_pestat] low and high boundaries for proper pairs: (1, 11600)
[M::mem_pestat] skip orientation FF
[M::mem_pestat] skip orientation RR
[M::mem_process_seqs] Processed 266668 reads in 308.508 CPU sec, 77.229 real sec
[M::process] read 266668 sequences (40000200 bp)...
[M::mem_pestat] # candidate unique pairs for (FF, FR, RF, RR): (10, 1640, 1, 7)
[M::mem_pestat] analyzing insert size distribution for orientation FF...
[M::mem_pestat] (25, 50, 75) percentile: (491, 1803, 2838)
[M::mem_pestat] low and high boundaries for computing mean and std.dev: (1, 7532)
[M::mem_pestat] mean and std.dev: (1554.67, 1480.17)
[M::mem_pestat] low and high boundaries for proper pairs: (1, 9879)
[M::mem_pestat] analyzing insert size distribution for orientation FR...
[M::mem_pestat] (25, 50, 75) percentile: (144, 373, 520)
[M::mem_pestat] low and high boundaries for computing mean and std.dev: (1, 1272)
[M::mem_pestat] mean and std.dev: (349.41, 189.84)
[M::mem_pestat] low and high boundaries for proper pairs: (1, 1648)
[M::mem_pestat] skip orientation RF as there are not enough pairs
[M::mem_pestat] skip orientation RR as there are not enough pairs
[M::mem_pestat] skip orientation FF
[M::mem_process_seqs] Processed 266668 reads in 305.010 CPU sec, 76.351 real sec
[M::process] read 266668 sequences (40000200 bp)...
[M::mem_pestat] # candidate unique pairs for (FF, FR, RF, RR): (19, 1617, 2, 7)
[M::mem_pestat] analyzing insert size distribution for orientation FF...
[M::mem_pestat] (25, 50, 75) percentile: (646, 782, 1174)
[M::mem_pestat] low and high boundaries for computing mean and std.dev: (1, 2230)
[M::mem_pestat] mean and std.dev: (795.35, 433.86)
[M::mem_pestat] low and high boundaries for proper pairs: (1, 2758)
[M::mem_pestat] analyzing insert size distribution for orientation FR...
[M::mem_pestat] (25, 50, 75) percentile: (144, 348, 518)
[M::mem_pestat] low and high boundaries for computing mean and std.dev: (1, 1266)
[M::mem_pestat] mean and std.dev: (344.00, 187.49)
[M::mem_pestat] low and high boundaries for proper pairs: (1, 1640)
[M::mem_pestat] skip orientation RF as there are not enough pairs
[M::mem_pestat] skip orientation RR as there are not enough pairs
[M::mem_pestat] skip orientation FF
[M::mem_process_seqs] Processed 266668 reads in 303.461 CPU sec, 75.967 real sec
[M::process] read 266668 sequences (40000200 bp)...
[M::mem_pestat] # candidate unique pairs for (FF, FR, RF, RR): (11, 1561, 1, 11)
[M::mem_pestat] analyzing insert size distribution for orientation FF...
[M::mem_pestat] (25, 50, 75) percentile: (513, 1049, 2007)
[M::mem_pestat] low and high boundaries for computing mean and std.dev: (1, 4995)
[M::mem_pestat] mean and std.dev: (1378.45, 1343.27)
[M::mem_pestat] low and high boundaries for proper pairs: (1, 6752)
[M::mem_pestat] analyzing insert size distribution for orientation FR...
[M::mem_pestat] (25, 50, 75) percentile: (143, 338, 522)
[M::mem_pestat] low and high boundaries for computing mean and std.dev: (1, 1280)
[M::mem_pestat] mean and std.dev: (342.39, 193.38)
[M::mem_pestat] low and high boundaries for proper pairs: (1, 1659)
[M::mem_pestat] skip orientation RF as there are not enough pairs
[M::mem_pestat] analyzing insert size distribution for orientation RR...
[M::mem_pestat] (25, 50, 75) percentile: (358, 741, 2129)
[M::mem_pestat] low and high boundaries for computing mean and std.dev: (1, 5671)
[M::mem_pestat] mean and std.dev: (1456.82, 1467.98)
[M::mem_pestat] low and high boundaries for proper pairs: (1, 7442)
[M::mem_pestat] skip orientation FF
[M::mem_pestat] skip orientation RR
[M::mem_process_seqs] Processed 266668 reads in 306.045 CPU sec, 76.612 real sec
[M::process] read 60668 sequences (9100200 bp)...
[M::mem_pestat] # candidate unique pairs for (FF, FR, RF, RR): (9, 1566, 1, 10)
[M::mem_pestat] skip orientation FF as there are not enough pairs
[M::mem_pestat] analyzing insert size distribution for orientation FR...
[M::mem_pestat] (25, 50, 75) percentile: (145, 349, 520)
[M::mem_pestat] low and high boundaries for computing mean and std.dev: (1, 1270)
[M::mem_pestat] mean and std.dev: (346.30, 186.90)
[M::mem_pestat] low and high boundaries for proper pairs: (1, 1645)
[M::mem_pestat] skip orientation RF as there are not enough pairs
[M::mem_pestat] analyzing insert size distribution for orientation RR...
[M::mem_pestat] (25, 50, 75) percentile: (625, 1126, 1568)
[M::mem_pestat] low and high boundaries for computing mean and std.dev: (1, 3454)
[M::mem_pestat] mean and std.dev: (973.67, 564.40)
[M::mem_pestat] low and high boundaries for proper pairs: (1, 4397)
[M::mem_pestat] skip orientation RR
[M::mem_process_seqs] Processed 266668 reads in 306.037 CPU sec, 76.623 real sec
[M::mem_pestat] # candidate unique pairs for (FF, FR, RF, RR): (1, 316, 0, 0)
[M::mem_pestat] skip orientation FF as there are not enough pairs
[M::mem_pestat] analyzing insert size distribution for orientation FR...
[M::mem_pestat] (25, 50, 75) percentile: (143, 352, 517)
[M::mem_pestat] low and high boundaries for computing mean and std.dev: (1, 1265)
[M::mem_pestat] mean and std.dev: (343.33, 190.87)
[M::mem_pestat] low and high boundaries for proper pairs: (1, 1639)
[M::mem_pestat] skip orientation RF as there are not enough pairs
[M::mem_pestat] skip orientation RR as there are not enough pairs
[M::mem_process_seqs] Processed 60668 reads in 71.098 CPU sec, 17.802 real sec
[main] Version: 0.7.17-r1188
[main] CMD: bwa mem -t 4 -a /mnt/raid6/bacphagenetwork/data/bwa_index/chm13v2.0_noY.fa /mnt/raid6/bacphagenetwork/data/skin_metagenome/Guangzhou/02_rm_host/176_1.fastq.gz /mnt/raid6/bacphagenetwork/data/skin_metagenome/Guangzhou/02_rm_host/176_2.fastq.gz
[main] Real time: 5202.075 sec; CPU: 20759.920 sec
