/home/bacphagenetwork/.bashrc: line 15: Custom: command not found
[M::bwa_idx_load_from_disk] read 0 ALT contigs
[M::process] read 266668 sequences (40000200 bp)...
[M::process] read 266668 sequences (40000200 bp)...
[M::mem_pestat] # candidate unique pairs for (FF, FR, RF, RR): (9, 2302, 1, 9)
[M::mem_pestat] skip orientation FF as there are not enough pairs
[M::mem_pestat] analyzing insert size distribution for orientation FR...
[M::mem_pestat] (25, 50, 75) percentile: (281, 511, 537)
[M::mem_pestat] low and high boundaries for computing mean and std.dev: (1, 1049)
[M::mem_pestat] mean and std.dev: (424.51, 177.05)
[M::mem_pestat] low and high boundaries for proper pairs: (1, 1305)
[M::mem_pestat] skip orientation RF as there are not enough pairs
[M::mem_pestat] skip orientation RR as there are not enough pairs
[M::mem_process_seqs] Processed 266668 reads in 266.589 CPU sec, 66.835 real sec
[M::process] read 266668 sequences (40000200 bp)...
[M::mem_pestat] # candidate unique pairs for (FF, FR, RF, RR): (13, 2259, 1, 9)
[M::mem_pestat] analyzing insert size distribution for orientation FF...
[M::mem_pestat] (25, 50, 75) percentile: (81, 136, 1640)
[M::mem_pestat] low and high boundaries for computing mean and std.dev: (1, 4758)
[M::mem_pestat] mean and std.dev: (758.08, 1036.70)
[M::mem_pestat] low and high boundaries for proper pairs: (1, 6317)
[M::mem_pestat] analyzing insert size distribution for orientation FR...
[M::mem_pestat] (25, 50, 75) percentile: (267, 512, 539)
[M::mem_pestat] low and high boundaries for computing mean and std.dev: (1, 1083)
[M::mem_pestat] mean and std.dev: (423.25, 180.47)
[M::mem_pestat] low and high boundaries for proper pairs: (1, 1355)
[M::mem_pestat] skip orientation RF as there are not enough pairs
[M::mem_pestat] skip orientation RR as there are not enough pairs
[M::mem_pestat] skip orientation FF
[M::mem_process_seqs] Processed 266668 reads in 277.733 CPU sec, 69.596 real sec
[M::process] read 266668 sequences (40000200 bp)...
[M::mem_pestat] # candidate unique pairs for (FF, FR, RF, RR): (13, 2214, 1, 10)
[M::mem_pestat] analyzing insert size distribution for orientation FF...
[M::mem_pestat] (25, 50, 75) percentile: (251, 567, 1842)
[M::mem_pestat] low and high boundaries for computing mean and std.dev: (1, 5024)
[M::mem_pestat] mean and std.dev: (980.46, 1070.01)
[M::mem_pestat] low and high boundaries for proper pairs: (1, 6615)
[M::mem_pestat] analyzing insert size distribution for orientation FR...
[M::mem_pestat] (25, 50, 75) percentile: (243, 510, 536)
[M::mem_pestat] low and high boundaries for computing mean and std.dev: (1, 1122)
[M::mem_pestat] mean and std.dev: (417.05, 181.49)
[M::mem_pestat] low and high boundaries for proper pairs: (1, 1415)
[M::mem_pestat] skip orientation RF as there are not enough pairs
[M::mem_pestat] analyzing insert size distribution for orientation RR...
[M::mem_pestat] (25, 50, 75) percentile: (183, 616, 1346)
[M::mem_pestat] low and high boundaries for computing mean and std.dev: (1, 3672)
[M::mem_pestat] mean and std.dev: (625.33, 626.55)
[M::mem_pestat] low and high boundaries for proper pairs: (1, 4835)
[M::mem_pestat] skip orientation FF
[M::mem_pestat] skip orientation RR
[M::mem_process_seqs] Processed 266668 reads in 281.221 CPU sec, 70.505 real sec
[M::process] read 266668 sequences (40000200 bp)...
[M::mem_pestat] # candidate unique pairs for (FF, FR, RF, RR): (13, 2275, 2, 7)
[M::mem_pestat] analyzing insert size distribution for orientation FF...
[M::mem_pestat] (25, 50, 75) percentile: (178, 419, 1587)
[M::mem_pestat] low and high boundaries for computing mean and std.dev: (1, 4405)
[M::mem_pestat] mean and std.dev: (984.00, 1225.70)
[M::mem_pestat] low and high boundaries for proper pairs: (1, 5887)
[M::mem_pestat] analyzing insert size distribution for orientation FR...
[M::mem_pestat] (25, 50, 75) percentile: (261, 512, 540)
[M::mem_pestat] low and high boundaries for computing mean and std.dev: (1, 1098)
[M::mem_pestat] mean and std.dev: (421.05, 180.24)
[M::mem_pestat] low and high boundaries for proper pairs: (1, 1377)
[M::mem_pestat] skip orientation RF as there are not enough pairs
[M::mem_pestat] skip orientation RR as there are not enough pairs
[M::mem_pestat] skip orientation FF
[M::mem_process_seqs] Processed 266668 reads in 279.050 CPU sec, 69.890 real sec
[M::process] read 266668 sequences (40000200 bp)...
[M::mem_pestat] # candidate unique pairs for (FF, FR, RF, RR): (9, 2270, 3, 8)
[M::mem_pestat] skip orientation FF as there are not enough pairs
[M::mem_pestat] analyzing insert size distribution for orientation FR...
[M::mem_pestat] (25, 50, 75) percentile: (261, 511, 537)
[M::mem_pestat] low and high boundaries for computing mean and std.dev: (1, 1089)
[M::mem_pestat] mean and std.dev: (421.43, 179.42)
[M::mem_pestat] low and high boundaries for proper pairs: (1, 1365)
[M::mem_pestat] skip orientation RF as there are not enough pairs
[M::mem_pestat] skip orientation RR as there are not enough pairs
[M::mem_process_seqs] Processed 266668 reads in 273.938 CPU sec, 68.571 real sec
[M::process] read 266668 sequences (40000200 bp)...
