/home/bacphagenetwork/.bashrc: line 15: Custom: command not found
[M::bwa_idx_load_from_disk] read 0 ALT contigs
[M::process] read 266668 sequences (40000200 bp)...
[M::process] read 266668 sequences (40000200 bp)...
[M::mem_pestat] # candidate unique pairs for (FF, FR, RF, RR): (14, 5153, 4, 4)
[M::mem_pestat] analyzing insert size distribution for orientation FF...
[M::mem_pestat] (25, 50, 75) percentile: (214, 741, 946)
[M::mem_pestat] low and high boundaries for computing mean and std.dev: (1, 2410)
[M::mem_pestat] mean and std.dev: (532.58, 352.35)
[M::mem_pestat] low and high boundaries for proper pairs: (1, 3142)
[M::mem_pestat] analyzing insert size distribution for orientation FR...
[M::mem_pestat] (25, 50, 75) percentile: (302, 506, 529)
[M::mem_pestat] low and high boundaries for computing mean and std.dev: (1, 983)
[M::mem_pestat] mean and std.dev: (424.93, 151.91)
[M::mem_pestat] low and high boundaries for proper pairs: (1, 1210)
[M::mem_pestat] skip orientation RF as there are not enough pairs
[M::mem_pestat] skip orientation RR as there are not enough pairs
[M::mem_pestat] skip orientation FF
[M::mem_process_seqs] Processed 266668 reads in 322.796 CPU sec, 81.105 real sec
[M::process] read 266668 sequences (40000200 bp)...
[M::mem_pestat] # candidate unique pairs for (FF, FR, RF, RR): (13, 5028, 1, 13)
[M::mem_pestat] analyzing insert size distribution for orientation FF...
[M::mem_pestat] (25, 50, 75) percentile: (255, 303, 1317)
[M::mem_pestat] low and high boundaries for computing mean and std.dev: (1, 3441)
[M::mem_pestat] mean and std.dev: (783.69, 882.08)
[M::mem_pestat] low and high boundaries for proper pairs: (1, 4503)
[M::mem_pestat] analyzing insert size distribution for orientation FR...
[M::mem_pestat] (25, 50, 75) percentile: (313, 506, 528)
[M::mem_pestat] low and high boundaries for computing mean and std.dev: (1, 958)
[M::mem_pestat] mean and std.dev: (429.42, 148.61)
[M::mem_pestat] low and high boundaries for proper pairs: (1, 1173)
[M::mem_pestat] skip orientation RF as there are not enough pairs
[M::mem_pestat] analyzing insert size distribution for orientation RR...
[M::mem_pestat] (25, 50, 75) percentile: (732, 942, 1287)
[M::mem_pestat] low and high boundaries for computing mean and std.dev: (1, 2397)
[M::mem_pestat] mean and std.dev: (790.64, 370.30)
[M::mem_pestat] low and high boundaries for proper pairs: (1, 2952)
[M::mem_pestat] skip orientation FF
[M::mem_pestat] skip orientation RR
[M::mem_process_seqs] Processed 266668 reads in 320.330 CPU sec, 80.361 real sec
[M::process] read 266668 sequences (40000200 bp)...
[M::mem_pestat] # candidate unique pairs for (FF, FR, RF, RR): (23, 4964, 7, 16)
[M::mem_pestat] analyzing insert size distribution for orientation FF...
[M::mem_pestat] (25, 50, 75) percentile: (202, 303, 1246)
[M::mem_pestat] low and high boundaries for computing mean and std.dev: (1, 3334)
[M::mem_pestat] mean and std.dev: (768.27, 849.62)
[M::mem_pestat] low and high boundaries for proper pairs: (1, 4378)
[M::mem_pestat] analyzing insert size distribution for orientation FR...
[M::mem_pestat] (25, 50, 75) percentile: (312, 507, 530)
[M::mem_pestat] low and high boundaries for computing mean and std.dev: (1, 966)
[M::mem_pestat] mean and std.dev: (429.78, 148.58)
[M::mem_pestat] low and high boundaries for proper pairs: (1, 1184)
[M::mem_pestat] skip orientation RF as there are not enough pairs
[M::mem_pestat] analyzing insert size distribution for orientation RR...
[M::mem_pestat] (25, 50, 75) percentile: (466, 1120, 1883)
[M::mem_pestat] low and high boundaries for computing mean and std.dev: (1, 4717)
[M::mem_pestat] mean and std.dev: (1386.12, 1264.52)
[M::mem_pestat] low and high boundaries for proper pairs: (1, 6444)
[M::mem_pestat] skip orientation FF
[M::mem_pestat] skip orientation RR
[M::mem_process_seqs] Processed 266668 reads in 323.656 CPU sec, 81.184 real sec
[M::process] read 266668 sequences (40000200 bp)...
[M::mem_pestat] # candidate unique pairs for (FF, FR, RF, RR): (6, 5041, 7, 11)
[M::mem_pestat] skip orientation FF as there are not enough pairs
[M::mem_pestat] analyzing insert size distribution for orientation FR...
[M::mem_pestat] (25, 50, 75) percentile: (312, 507, 530)
[M::mem_pestat] low and high boundaries for computing mean and std.dev: (1, 966)
[M::mem_pestat] mean and std.dev: (429.66, 149.68)
[M::mem_pestat] low and high boundaries for proper pairs: (1, 1184)
[M::mem_pestat] skip orientation RF as there are not enough pairs
[M::mem_pestat] analyzing insert size distribution for orientation RR...
[M::mem_pestat] (25, 50, 75) percentile: (256, 912, 1493)
[M::mem_pestat] low and high boundaries for computing mean and std.dev: (1, 3967)
[M::mem_pestat] mean and std.dev: (933.91, 752.93)
[M::mem_pestat] low and high boundaries for proper pairs: (1, 5204)
[M::mem_pestat] skip orientation RR
[M::mem_process_seqs] Processed 266668 reads in 325.398 CPU sec, 81.536 real sec
[M::process] read 266668 sequences (40000200 bp)...
[M::mem_pestat] # candidate unique pairs for (FF, FR, RF, RR): (7, 5106, 4, 12)
[M::mem_pestat] skip orientation FF as there are not enough pairs
[M::mem_pestat] analyzing insert size distribution for orientation FR...
[M::mem_pestat] (25, 50, 75) percentile: (316, 507, 531)
[M::mem_pestat] low and high boundaries for computing mean and std.dev: (1, 961)
[M::mem_pestat] mean and std.dev: (432.29, 148.51)
[M::mem_pestat] low and high boundaries for proper pairs: (1, 1176)
[M::mem_pestat] skip orientation RF as there are not enough pairs
[M::mem_pestat] analyzing insert size distribution for orientation RR...
[M::mem_pestat] (25, 50, 75) percentile: (876, 1306, 1865)
[M::mem_pestat] low and high boundaries for computing mean and std.dev: (1, 3843)
[M::mem_pestat] mean and std.dev: (1115.40, 474.13)
[M::mem_pestat] low and high boundaries for proper pairs: (1, 4832)
[M::mem_pestat] skip orientation RR
[M::mem_process_seqs] Processed 266668 reads in 322.268 CPU sec, 80.763 real sec
[M::process] read 266668 sequences (40000200 bp)...
[M::mem_pestat] # candidate unique pairs for (FF, FR, RF, RR): (15, 5147, 1, 13)
[M::mem_pestat] analyzing insert size distribution for orientation FF...
[M::mem_pestat] (25, 50, 75) percentile: (314, 545, 1131)
[M::mem_pestat] low and high boundaries for computing mean and std.dev: (1, 2765)
[M::mem_pestat] mean and std.dev: (600.23, 480.16)
[M::mem_pestat] low and high boundaries for proper pairs: (1, 3582)
[M::mem_pestat] analyzing insert size distribution for orientation FR...
[M::mem_pestat] (25, 50, 75) percentile: (316, 508, 531)
[M::mem_pestat] low and high boundaries for computing mean and std.dev: (1, 961)
[M::mem_pestat] mean and std.dev: (433.07, 147.63)
[M::mem_pestat] low and high boundaries for proper pairs: (1, 1176)
[M::mem_pestat] skip orientation RF as there are not enough pairs
[M::mem_pestat] analyzing insert size distribution for orientation RR...
[M::mem_pestat] (25, 50, 75) percentile: (842, 1024, 1293)
[M::mem_pestat] low and high boundaries for computing mean and std.dev: (1, 2195)
[M::mem_pestat] mean and std.dev: (820.36, 343.15)
[M::mem_pestat] low and high boundaries for proper pairs: (1, 2646)
[M::mem_pestat] skip orientation FF
[M::mem_pestat] skip orientation RR
[M::mem_process_seqs] Processed 266668 reads in 319.805 CPU sec, 80.058 real sec
[M::process] read 266668 sequences (40000200 bp)...
[M::mem_pestat] # candidate unique pairs for (FF, FR, RF, RR): (11, 5007, 3, 18)
[M::mem_pestat] analyzing insert size distribution for orientation FF...
[M::mem_pestat] (25, 50, 75) percentile: (545, 653, 2268)
[M::mem_pestat] low and high boundaries for computing mean and std.dev: (1, 5714)
[M::mem_pestat] mean and std.dev: (1316.91, 1275.54)
[M::mem_pestat] low and high boundaries for proper pairs: (1, 7437)
[M::mem_pestat] analyzing insert size distribution for orientation FR...
[M::mem_pestat] (25, 50, 75) percentile: (305, 506, 529)
[M::mem_pestat] low and high boundaries for computing mean and std.dev: (1, 977)
[M::mem_pestat] mean and std.dev: (426.08, 151.92)
[M::mem_pestat] low and high boundaries for proper pairs: (1, 1201)
[M::mem_pestat] skip orientation RF as there are not enough pairs
[M::mem_pestat] analyzing insert size distribution for orientation RR...
[M::mem_pestat] (25, 50, 75) percentile: (340, 1106, 1665)
[M::mem_pestat] low and high boundaries for computing mean and std.dev: (1, 4315)
[M::mem_pestat] mean and std.dev: (1045.24, 727.52)
[M::mem_pestat] low and high boundaries for proper pairs: (1, 5640)
[M::mem_pestat] skip orientation FF
[M::mem_pestat] skip orientation RR
[M::mem_process_seqs] Processed 266668 reads in 326.831 CPU sec, 82.022 real sec
[M::process] read 266668 sequences (40000200 bp)...
[M::mem_pestat] # candidate unique pairs for (FF, FR, RF, RR): (20, 5110, 4, 13)
[M::mem_pestat] analyzing insert size distribution for orientation FF...
[M::mem_pestat] (25, 50, 75) percentile: (184, 411, 2062)
[M::mem_pestat] low and high boundaries for computing mean and std.dev: (1, 5818)
[M::mem_pestat] mean and std.dev: (676.88, 1143.02)
[M::mem_pestat] low and high boundaries for proper pairs: (1, 7696)
[M::mem_pestat] analyzing insert size distribution for orientation FR...
[M::mem_pestat] (25, 50, 75) percentile: (313, 508, 530)
[M::mem_pestat] low and high boundaries for computing mean and std.dev: (1, 964)
[M::mem_pestat] mean and std.dev: (430.66, 148.58)
[M::mem_pestat] low and high boundaries for proper pairs: (1, 1181)
[M::mem_pestat] skip orientation RF as there are not enough pairs
[M::mem_pestat] analyzing insert size distribution for orientation RR...
[M::mem_pestat] (25, 50, 75) percentile: (314, 988, 1843)
[M::mem_pestat] low and high boundaries for computing mean and std.dev: (1, 4901)
[M::mem_pestat] mean and std.dev: (940.08, 652.15)
[M::mem_pestat] low and high boundaries for proper pairs: (1, 6430)
[M::mem_pestat] skip orientation FF
[M::mem_pestat] skip orientation RR
[M::mem_process_seqs] Processed 266668 reads in 322.156 CPU sec, 80.649 real sec
[M::process] read 266668 sequences (40000200 bp)...
[M::mem_pestat] # candidate unique pairs for (FF, FR, RF, RR): (18, 5126, 3, 15)
[M::mem_pestat] analyzing insert size distribution for orientation FF...
[M::mem_pestat] (25, 50, 75) percentile: (338, 561, 991)
[M::mem_pestat] low and high boundaries for computing mean and std.dev: (1, 2297)
[M::mem_pestat] mean and std.dev: (702.33, 488.77)
[M::mem_pestat] low and high boundaries for proper pairs: (1, 2950)
[M::mem_pestat] analyzing insert size distribution for orientation FR...
[M::mem_pestat] (25, 50, 75) percentile: (311, 507, 529)
[M::mem_pestat] low and high boundaries for computing mean and std.dev: (1, 965)
[M::mem_pestat] mean and std.dev: (428.89, 150.01)
[M::mem_pestat] low and high boundaries for proper pairs: (1, 1183)
[M::mem_pestat] skip orientation RF as there are not enough pairs
[M::mem_pestat] analyzing insert size distribution for orientation RR...
[M::mem_pestat] (25, 50, 75) percentile: (275, 947, 2014)
[M::mem_pestat] low and high boundaries for computing mean and std.dev: (1, 5492)
[M::mem_pestat] mean and std.dev: (1083.73, 855.13)
[M::mem_pestat] low and high boundaries for proper pairs: (1, 7231)
[M::mem_pestat] skip orientation FF
[M::mem_pestat] skip orientation RR
[M::mem_process_seqs] Processed 266668 reads in 327.418 CPU sec, 81.975 real sec
[M::process] read 266668 sequences (40000200 bp)...
[M::mem_pestat] # candidate unique pairs for (FF, FR, RF, RR): (13, 5076, 7, 15)
[M::mem_pestat] analyzing insert size distribution for orientation FF...
[M::mem_pestat] (25, 50, 75) percentile: (303, 418, 1242)
[M::mem_pestat] low and high boundaries for computing mean and std.dev: (1, 3120)
[M::mem_pestat] mean and std.dev: (530.83, 362.23)
[M::mem_pestat] low and high boundaries for proper pairs: (1, 4059)
[M::mem_pestat] analyzing insert size distribution for orientation FR...
[M::mem_pestat] (25, 50, 75) percentile: (311, 507, 530)
[M::mem_pestat] low and high boundaries for computing mean and std.dev: (1, 968)
[M::mem_pestat] mean and std.dev: (429.33, 148.68)
[M::mem_pestat] low and high boundaries for proper pairs: (1, 1187)
[M::mem_pestat] skip orientation RF as there are not enough pairs
[M::mem_pestat] analyzing insert size distribution for orientation RR...
[M::mem_pestat] (25, 50, 75) percentile: (678, 1250, 1819)
[M::mem_pestat] low and high boundaries for computing mean and std.dev: (1, 4101)
[M::mem_pestat] mean and std.dev: (971.15, 697.42)
[M::mem_pestat] low and high boundaries for proper pairs: (1, 5242)
[M::mem_pestat] skip orientation FF
[M::mem_pestat] skip orientation RR
[M::mem_process_seqs] Processed 266668 reads in 325.025 CPU sec, 81.353 real sec
[M::process] read 266668 sequences (40000200 bp)...
[M::mem_pestat] # candidate unique pairs for (FF, FR, RF, RR): (13, 5195, 2, 9)
[M::mem_pestat] analyzing insert size distribution for orientation FF...
[M::mem_pestat] (25, 50, 75) percentile: (278, 391, 763)
[M::mem_pestat] low and high boundaries for computing mean and std.dev: (1, 1733)
[M::mem_pestat] mean and std.dev: (482.00, 296.74)
[M::mem_pestat] low and high boundaries for proper pairs: (1, 2218)
[M::mem_pestat] analyzing insert size distribution for orientation FR...
[M::mem_pestat] (25, 50, 75) percentile: (316, 508, 530)
[M::mem_pestat] low and high boundaries for computing mean and std.dev: (1, 958)
[M::mem_pestat] mean and std.dev: (431.01, 149.14)
[M::mem_pestat] low and high boundaries for proper pairs: (1, 1172)
[M::mem_pestat] skip orientation RF as there are not enough pairs
[M::mem_pestat] skip orientation RR as there are not enough pairs
[M::mem_pestat] skip orientation FF
[M::mem_process_seqs] Processed 266668 reads in 322.278 CPU sec, 80.757 real sec
[M::process] read 266668 sequences (40000200 bp)...
[M::mem_pestat] # candidate unique pairs for (FF, FR, RF, RR): (9, 5242, 5, 7)
[M::mem_pestat] skip orientation FF as there are not enough pairs
[M::mem_pestat] analyzing insert size distribution for orientation FR...
[M::mem_pestat] (25, 50, 75) percentile: (316, 507, 529)
[M::mem_pestat] low and high boundaries for computing mean and std.dev: (1, 955)
[M::mem_pestat] mean and std.dev: (431.05, 148.43)
[M::mem_pestat] low and high boundaries for proper pairs: (1, 1168)
[M::mem_pestat] skip orientation RF as there are not enough pairs
[M::mem_pestat] skip orientation RR as there are not enough pairs
[M::mem_process_seqs] Processed 266668 reads in 326.979 CPU sec, 81.924 real sec
[M::process] read 266668 sequences (40000200 bp)...
[M::mem_pestat] # candidate unique pairs for (FF, FR, RF, RR): (13, 5241, 6, 17)
[M::mem_pestat] analyzing insert size distribution for orientation FF...
[M::mem_pestat] (25, 50, 75) percentile: (202, 278, 1819)
[M::mem_pestat] low and high boundaries for computing mean and std.dev: (1, 5053)
[M::mem_pestat] mean and std.dev: (819.92, 903.12)
[M::mem_pestat] low and high boundaries for proper pairs: (1, 6670)
[M::mem_pestat] analyzing insert size distribution for orientation FR...
[M::mem_pestat] (25, 50, 75) percentile: (318, 507, 530)
[M::mem_pestat] low and high boundaries for computing mean and std.dev: (1, 954)
[M::mem_pestat] mean and std.dev: (432.71, 148.13)
[M::mem_pestat] low and high boundaries for proper pairs: (1, 1166)
[M::mem_pestat] skip orientation RF as there are not enough pairs
[M::mem_pestat] analyzing insert size distribution for orientation RR...
[M::mem_pestat] (25, 50, 75) percentile: (314, 677, 1389)
[M::mem_pestat] low and high boundaries for computing mean and std.dev: (1, 3539)
[M::mem_pestat] mean and std.dev: (896.71, 777.26)
[M::mem_pestat] low and high boundaries for proper pairs: (1, 4614)
[M::mem_pestat] skip orientation FF
[M::mem_pestat] skip orientation RR
[M::mem_process_seqs] Processed 266668 reads in 322.331 CPU sec, 80.725 real sec
[M::process] read 266668 sequences (40000200 bp)...
[M::mem_pestat] # candidate unique pairs for (FF, FR, RF, RR): (17, 5187, 3, 19)
[M::mem_pestat] analyzing insert size distribution for orientation FF...
[M::mem_pestat] (25, 50, 75) percentile: (381, 893, 1302)
[M::mem_pestat] low and high boundaries for computing mean and std.dev: (1, 3144)
[M::mem_pestat] mean and std.dev: (997.59, 737.04)
[M::mem_pestat] low and high boundaries for proper pairs: (1, 4065)
[M::mem_pestat] analyzing insert size distribution for orientation FR...
[M::mem_pestat] (25, 50, 75) percentile: (314, 508, 530)
[M::mem_pestat] low and high boundaries for computing mean and std.dev: (1, 962)
[M::mem_pestat] mean and std.dev: (430.66, 149.65)
[M::mem_pestat] low and high boundaries for proper pairs: (1, 1178)
[M::mem_pestat] skip orientation RF as there are not enough pairs
[M::mem_pestat] analyzing insert size distribution for orientation RR...
[M::mem_pestat] (25, 50, 75) percentile: (395, 874, 1495)
[M::mem_pestat] low and high boundaries for computing mean and std.dev: (1, 3695)
[M::mem_pestat] mean and std.dev: (991.06, 818.75)
[M::mem_pestat] low and high boundaries for proper pairs: (1, 4795)
[M::mem_pestat] skip orientation FF
[M::mem_pestat] skip orientation RR
[M::mem_process_seqs] Processed 266668 reads in 326.832 CPU sec, 81.805 real sec
[M::process] read 266668 sequences (40000200 bp)...
[M::mem_pestat] # candidate unique pairs for (FF, FR, RF, RR): (7, 5221, 2, 17)
[M::mem_pestat] skip orientation FF as there are not enough pairs
[M::mem_pestat] analyzing insert size distribution for orientation FR...
[M::mem_pestat] (25, 50, 75) percentile: (315, 508, 530)
[M::mem_pestat] low and high boundaries for computing mean and std.dev: (1, 960)
[M::mem_pestat] mean and std.dev: (432.56, 149.06)
[M::mem_pestat] low and high boundaries for proper pairs: (1, 1175)
[M::mem_pestat] skip orientation RF as there are not enough pairs
[M::mem_pestat] analyzing insert size distribution for orientation RR...
[M::mem_pestat] (25, 50, 75) percentile: (867, 1097, 1668)
[M::mem_pestat] low and high boundaries for computing mean and std.dev: (1, 3270)
[M::mem_pestat] mean and std.dev: (1248.06, 613.71)
[M::mem_pestat] low and high boundaries for proper pairs: (1, 4071)
[M::mem_pestat] skip orientation RR
[M::mem_process_seqs] Processed 266668 reads in 319.724 CPU sec, 80.050 real sec
[M::process] read 266668 sequences (40000200 bp)...
[M::mem_pestat] # candidate unique pairs for (FF, FR, RF, RR): (12, 5306, 6, 6)
[M::mem_pestat] analyzing insert size distribution for orientation FF...
[M::mem_pestat] (25, 50, 75) percentile: (411, 1023, 1302)
[M::mem_pestat] low and high boundaries for computing mean and std.dev: (1, 3084)
[M::mem_pestat] mean and std.dev: (844.83, 465.62)
[M::mem_pestat] low and high boundaries for proper pairs: (1, 3975)
[M::mem_pestat] analyzing insert size distribution for orientation FR...
[M::mem_pestat] (25, 50, 75) percentile: (315, 508, 531)
[M::mem_pestat] low and high boundaries for computing mean and std.dev: (1, 963)
[M::mem_pestat] mean and std.dev: (432.50, 150.61)
[M::mem_pestat] low and high boundaries for proper pairs: (1, 1179)
[M::mem_pestat] skip orientation RF as there are not enough pairs
[M::mem_pestat] skip orientation RR as there are not enough pairs
[M::mem_pestat] skip orientation FF
[M::mem_process_seqs] Processed 266668 reads in 318.989 CPU sec, 79.847 real sec
[M::process] read 266668 sequences (40000200 bp)...
[M::mem_pestat] # candidate unique pairs for (FF, FR, RF, RR): (12, 5012, 5, 23)
[M::mem_pestat] analyzing insert size distribution for orientation FF...
[M::mem_pestat] (25, 50, 75) percentile: (586, 1207, 2268)
[M::mem_pestat] low and high boundaries for computing mean and std.dev: (1, 5632)
[M::mem_pestat] mean and std.dev: (1401.18, 1369.49)
[M::mem_pestat] low and high boundaries for proper pairs: (1, 7314)
[M::mem_pestat] analyzing insert size distribution for orientation FR...
[M::mem_pestat] (25, 50, 75) percentile: (309, 507, 531)
[M::mem_pestat] low and high boundaries for computing mean and std.dev: (1, 975)
[M::mem_pestat] mean and std.dev: (430.65, 151.04)
[M::mem_pestat] low and high boundaries for proper pairs: (1, 1197)
[M::mem_pestat] skip orientation RF as there are not enough pairs
[M::mem_pestat] analyzing insert size distribution for orientation RR...
[M::mem_pestat] (25, 50, 75) percentile: (340, 1155, 2314)
[M::mem_pestat] low and high boundaries for computing mean and std.dev: (1, 6262)
[M::mem_pestat] mean and std.dev: (1549.26, 1452.76)
[M::mem_pestat] low and high boundaries for proper pairs: (1, 8236)
[M::mem_pestat] skip orientation FF
[M::mem_pestat] skip orientation RR
[M::mem_process_seqs] Processed 266668 reads in 321.447 CPU sec, 80.461 real sec
[M::process] read 266668 sequences (40000200 bp)...
[M::mem_pestat] # candidate unique pairs for (FF, FR, RF, RR): (9, 5081, 6, 9)
[M::mem_pestat] skip orientation FF as there are not enough pairs
[M::mem_pestat] analyzing insert size distribution for orientation FR...
[M::mem_pestat] (25, 50, 75) percentile: (311, 508, 530)
[M::mem_pestat] low and high boundaries for computing mean and std.dev: (1, 968)
[M::mem_pestat] mean and std.dev: (429.72, 150.91)
[M::mem_pestat] low and high boundaries for proper pairs: (1, 1187)
[M::mem_pestat] skip orientation RF as there are not enough pairs
[M::mem_pestat] skip orientation RR as there are not enough pairs
[M::mem_process_seqs] Processed 266668 reads in 320.204 CPU sec, 80.213 real sec
[M::process] read 209204 sequences (31380600 bp)...
[M::mem_pestat] # candidate unique pairs for (FF, FR, RF, RR): (18, 5154, 4, 8)
[M::mem_pestat] analyzing insert size distribution for orientation FF...
[M::mem_pestat] (25, 50, 75) percentile: (255, 482, 854)
[M::mem_pestat] low and high boundaries for computing mean and std.dev: (1, 2052)
[M::mem_pestat] mean and std.dev: (504.06, 339.33)
[M::mem_pestat] low and high boundaries for proper pairs: (1, 2651)
[M::mem_pestat] analyzing insert size distribution for orientation FR...
[M::mem_pestat] (25, 50, 75) percentile: (317, 508, 531)
[M::mem_pestat] low and high boundaries for computing mean and std.dev: (1, 959)
[M::mem_pestat] mean and std.dev: (433.41, 149.09)
[M::mem_pestat] low and high boundaries for proper pairs: (1, 1173)
[M::mem_pestat] skip orientation RF as there are not enough pairs
[M::mem_pestat] skip orientation RR as there are not enough pairs
[M::mem_pestat] skip orientation FF
[M::mem_process_seqs] Processed 266668 reads in 322.219 CPU sec, 80.771 real sec
[M::mem_pestat] # candidate unique pairs for (FF, FR, RF, RR): (9, 4179, 0, 4)
[M::mem_pestat] skip orientation FF as there are not enough pairs
[M::mem_pestat] analyzing insert size distribution for orientation FR...
[M::mem_pestat] (25, 50, 75) percentile: (318, 508, 530)
[M::mem_pestat] low and high boundaries for computing mean and std.dev: (1, 954)
[M::mem_pestat] mean and std.dev: (433.60, 147.09)
[M::mem_pestat] low and high boundaries for proper pairs: (1, 1166)
[M::mem_pestat] skip orientation RF as there are not enough pairs
[M::mem_pestat] skip orientation RR as there are not enough pairs
[M::mem_process_seqs] Processed 209204 reads in 257.090 CPU sec, 64.442 real sec
[main] Version: 0.7.17-r1188
[main] CMD: bwa mem -t 4 -a /mnt/raid6/bacphagenetwork/data/bwa_index/chm13v2.0_noY.fa /mnt/raid6/bacphagenetwork/data/skin_metagenome/Guangzhou/02_rm_host/223_1.fastq.gz /mnt/raid6/bacphagenetwork/data/skin_metagenome/Guangzhou/02_rm_host/223_2.fastq.gz
[main] Real time: 1607.200 sec; CPU: 6398.476 sec
