/home/bacphagenetwork/.bashrc: line 15: Custom: command not found
[M::bwa_idx_load_from_disk] read 0 ALT contigs
[M::process] read 266668 sequences (40000200 bp)...
[M::process] read 266668 sequences (40000200 bp)...
[M::mem_pestat] # candidate unique pairs for (FF, FR, RF, RR): (26, 4664, 4, 17)
[M::mem_pestat] analyzing insert size distribution for orientation FF...
[M::mem_pestat] (25, 50, 75) percentile: (226, 1090, 3063)
[M::mem_pestat] low and high boundaries for computing mean and std.dev: (1, 8737)
[M::mem_pestat] mean and std.dev: (1869.46, 2031.35)
[M::mem_pestat] low and high boundaries for proper pairs: (1, 11574)
[M::mem_pestat] analyzing insert size distribution for orientation FR...
[M::mem_pestat] (25, 50, 75) percentile: (312, 509, 535)
[M::mem_pestat] low and high boundaries for computing mean and std.dev: (1, 981)
[M::mem_pestat] mean and std.dev: (432.91, 156.99)
[M::mem_pestat] low and high boundaries for proper pairs: (1, 1204)
[M::mem_pestat] skip orientation RF as there are not enough pairs
[M::mem_pestat] analyzing insert size distribution for orientation RR...
[M::mem_pestat] (25, 50, 75) percentile: (987, 1391, 2405)
[M::mem_pestat] low and high boundaries for computing mean and std.dev: (1, 5241)
[M::mem_pestat] mean and std.dev: (1619.35, 1181.54)
[M::mem_pestat] low and high boundaries for proper pairs: (1, 6659)
[M::mem_pestat] skip orientation FF
[M::mem_pestat] skip orientation RR
[M::mem_process_seqs] Processed 266668 reads in 224.530 CPU sec, 56.317 real sec
[M::process] read 266668 sequences (40000200 bp)...
[M::mem_pestat] # candidate unique pairs for (FF, FR, RF, RR): (39, 4613, 3, 18)
[M::mem_pestat] analyzing insert size distribution for orientation FF...
[M::mem_pestat] (25, 50, 75) percentile: (162, 638, 1807)
[M::mem_pestat] low and high boundaries for computing mean and std.dev: (1, 5097)
[M::mem_pestat] mean and std.dev: (943.84, 935.66)
[M::mem_pestat] low and high boundaries for proper pairs: (1, 6742)
[M::mem_pestat] analyzing insert size distribution for orientation FR...
[M::mem_pestat] (25, 50, 75) percentile: (290, 506, 530)
[M::mem_pestat] low and high boundaries for computing mean and std.dev: (1, 1010)
[M::mem_pestat] mean and std.dev: (419.52, 157.03)
[M::mem_pestat] low and high boundaries for proper pairs: (1, 1250)
[M::mem_pestat] skip orientation RF as there are not enough pairs
[M::mem_pestat] analyzing insert size distribution for orientation RR...
[M::mem_pestat] (25, 50, 75) percentile: (668, 900, 1114)
[M::mem_pestat] low and high boundaries for computing mean and std.dev: (1, 2006)
[M::mem_pestat] mean and std.dev: (783.50, 460.63)
[M::mem_pestat] low and high boundaries for proper pairs: (1, 2626)
[M::mem_pestat] skip orientation FF
[M::mem_pestat] skip orientation RR
[M::mem_process_seqs] Processed 266668 reads in 240.503 CPU sec, 60.247 real sec
[M::process] read 266668 sequences (40000200 bp)...
[M::mem_pestat] # candidate unique pairs for (FF, FR, RF, RR): (30, 4552, 4, 25)
[M::mem_pestat] analyzing insert size distribution for orientation FF...
[M::mem_pestat] (25, 50, 75) percentile: (127, 1543, 2569)
[M::mem_pestat] low and high boundaries for computing mean and std.dev: (1, 7453)
[M::mem_pestat] mean and std.dev: (1739.38, 1926.28)
[M::mem_pestat] low and high boundaries for proper pairs: (1, 9895)
[M::mem_pestat] analyzing insert size distribution for orientation FR...
[M::mem_pestat] (25, 50, 75) percentile: (296, 507, 532)
[M::mem_pestat] low and high boundaries for computing mean and std.dev: (1, 1004)
[M::mem_pestat] mean and std.dev: (423.87, 158.14)
[M::mem_pestat] low and high boundaries for proper pairs: (1, 1240)
[M::mem_pestat] skip orientation RF as there are not enough pairs
[M::mem_pestat] analyzing insert size distribution for orientation RR...
[M::mem_pestat] (25, 50, 75) percentile: (905, 1574, 2991)
[M::mem_pestat] low and high boundaries for computing mean and std.dev: (1, 7163)
[M::mem_pestat] mean and std.dev: (1601.55, 1058.76)
[M::mem_pestat] low and high boundaries for proper pairs: (1, 9249)
[M::mem_pestat] skip orientation FF
[M::mem_pestat] skip orientation RR
[M::mem_process_seqs] Processed 266668 reads in 233.103 CPU sec, 58.417 real sec
[M::process] read 266668 sequences (40000200 bp)...
[M::mem_pestat] # candidate unique pairs for (FF, FR, RF, RR): (31, 4739, 2, 23)
[M::mem_pestat] analyzing insert size distribution for orientation FF...
[M::mem_pestat] (25, 50, 75) percentile: (183, 463, 1225)
[M::mem_pestat] low and high boundaries for computing mean and std.dev: (1, 3309)
[M::mem_pestat] mean and std.dev: (788.13, 770.71)
[M::mem_pestat] low and high boundaries for proper pairs: (1, 4351)
[M::mem_pestat] analyzing insert size distribution for orientation FR...
[M::mem_pestat] (25, 50, 75) percentile: (316, 511, 536)
[M::mem_pestat] low and high boundaries for computing mean and std.dev: (1, 976)
[M::mem_pestat] mean and std.dev: (435.90, 158.14)
[M::mem_pestat] low and high boundaries for proper pairs: (1, 1196)
[M::mem_pestat] skip orientation RF as there are not enough pairs
[M::mem_pestat] analyzing insert size distribution for orientation RR...
[M::mem_pestat] (25, 50, 75) percentile: (851, 1580, 2405)
[M::mem_pestat] low and high boundaries for computing mean and std.dev: (1, 5513)
[M::mem_pestat] mean and std.dev: (1736.73, 1211.87)
[M::mem_pestat] low and high boundaries for proper pairs: (1, 7067)
[M::mem_pestat] skip orientation FF
[M::mem_pestat] skip orientation RR
[M::mem_process_seqs] Processed 266668 reads in 228.968 CPU sec, 57.348 real sec
[M::process] read 266668 sequences (40000200 bp)...
[M::mem_pestat] # candidate unique pairs for (FF, FR, RF, RR): (26, 4660, 2, 30)
[M::mem_pestat] analyzing insert size distribution for orientation FF...
[M::mem_pestat] (25, 50, 75) percentile: (164, 840, 1893)
[M::mem_pestat] low and high boundaries for computing mean and std.dev: (1, 5351)
[M::mem_pestat] mean and std.dev: (998.24, 962.61)
[M::mem_pestat] low and high boundaries for proper pairs: (1, 7080)
[M::mem_pestat] analyzing insert size distribution for orientation FR...
[M::mem_pestat] (25, 50, 75) percentile: (308, 509, 534)
[M::mem_pestat] low and high boundaries for computing mean and std.dev: (1, 986)
[M::mem_pestat] mean and std.dev: (430.43, 157.01)
[M::mem_pestat] low and high boundaries for proper pairs: (1, 1212)
[M::mem_pestat] skip orientation RF as there are not enough pairs
[M::mem_pestat] analyzing insert size distribution for orientation RR...
[M::mem_pestat] (25, 50, 75) percentile: (920, 1340, 2035)
[M::mem_pestat] low and high boundaries for computing mean and std.dev: (1, 4265)
[M::mem_pestat] mean and std.dev: (1375.54, 743.01)
[M::mem_pestat] low and high boundaries for proper pairs: (1, 5380)
[M::mem_pestat] skip orientation FF
[M::mem_pestat] skip orientation RR
[M::mem_process_seqs] Processed 266668 reads in 230.475 CPU sec, 57.713 real sec
[M::process] read 266668 sequences (40000200 bp)...
[M::mem_pestat] # candidate unique pairs for (FF, FR, RF, RR): (32, 4687, 6, 26)
[M::mem_pestat] analyzing insert size distribution for orientation FF...
[M::mem_pestat] (25, 50, 75) percentile: (231, 780, 1436)
[M::mem_pestat] low and high boundaries for computing mean and std.dev: (1, 3846)
[M::mem_pestat] mean and std.dev: (922.97, 716.96)
[M::mem_pestat] low and high boundaries for proper pairs: (1, 5051)
[M::mem_pestat] analyzing insert size distribution for orientation FR...
[M::mem_pestat] (25, 50, 75) percentile: (299, 508, 532)
[M::mem_pestat] low and high boundaries for computing mean and std.dev: (1, 998)
[M::mem_pestat] mean and std.dev: (428.29, 157.43)
[M::mem_pestat] low and high boundaries for proper pairs: (1, 1231)
[M::mem_pestat] skip orientation RF as there are not enough pairs
[M::mem_pestat] analyzing insert size distribution for orientation RR...
[M::mem_pestat] (25, 50, 75) percentile: (986, 1366, 2719)
[M::mem_pestat] low and high boundaries for computing mean and std.dev: (1, 6185)
[M::mem_pestat] mean and std.dev: (1783.29, 1464.58)
[M::mem_pestat] low and high boundaries for proper pairs: (1, 7918)
[M::mem_pestat] skip orientation FF
[M::mem_pestat] skip orientation RR
[M::mem_process_seqs] Processed 266668 reads in 231.369 CPU sec, 58.172 real sec
[M::process] read 266668 sequences (40000200 bp)...
[M::mem_pestat] # candidate unique pairs for (FF, FR, RF, RR): (24, 4665, 4, 17)
[M::mem_pestat] analyzing insert size distribution for orientation FF...
[M::mem_pestat] (25, 50, 75) percentile: (214, 636, 1296)
[M::mem_pestat] low and high boundaries for computing mean and std.dev: (1, 3460)
[M::mem_pestat] mean and std.dev: (871.35, 973.92)
[M::mem_pestat] low and high boundaries for proper pairs: (1, 4767)
[M::mem_pestat] analyzing insert size distribution for orientation FR...
[M::mem_pestat] (25, 50, 75) percentile: (306, 509, 536)
[M::mem_pestat] low and high boundaries for computing mean and std.dev: (1, 996)
[M::mem_pestat] mean and std.dev: (432.10, 159.47)
[M::mem_pestat] low and high boundaries for proper pairs: (1, 1226)
[M::mem_pestat] skip orientation RF as there are not enough pairs
[M::mem_pestat] analyzing insert size distribution for orientation RR...
[M::mem_pestat] (25, 50, 75) percentile: (689, 998, 2814)
[M::mem_pestat] low and high boundaries for computing mean and std.dev: (1, 7064)
[M::mem_pestat] mean and std.dev: (1735.24, 1255.87)
[M::mem_pestat] low and high boundaries for proper pairs: (1, 9189)
[M::mem_pestat] skip orientation FF
[M::mem_pestat] skip orientation RR
[M::mem_process_seqs] Processed 266668 reads in 229.530 CPU sec, 57.638 real sec
[M::process] read 266668 sequences (40000200 bp)...
[M::mem_pestat] # candidate unique pairs for (FF, FR, RF, RR): (31, 4806, 4, 25)
[M::mem_pestat] analyzing insert size distribution for orientation FF...
[M::mem_pestat] (25, 50, 75) percentile: (219, 401, 1221)
[M::mem_pestat] low and high boundaries for computing mean and std.dev: (1, 3225)
[M::mem_pestat] mean and std.dev: (739.57, 769.49)
[M::mem_pestat] low and high boundaries for proper pairs: (1, 4227)
[M::mem_pestat] analyzing insert size distribution for orientation FR...
[M::mem_pestat] (25, 50, 75) percentile: (326, 511, 536)
[M::mem_pestat] low and high boundaries for computing mean and std.dev: (1, 956)
[M::mem_pestat] mean and std.dev: (438.01, 156.15)
[M::mem_pestat] low and high boundaries for proper pairs: (1, 1166)
[M::mem_pestat] skip orientation RF as there are not enough pairs
[M::mem_pestat] analyzing insert size distribution for orientation RR...
[M::mem_pestat] (25, 50, 75) percentile: (794, 1213, 2723)
[M::mem_pestat] low and high boundaries for computing mean and std.dev: (1, 6581)
[M::mem_pestat] mean and std.dev: (1767.08, 1323.15)
[M::mem_pestat] low and high boundaries for proper pairs: (1, 8510)
[M::mem_pestat] skip orientation FF
[M::mem_pestat] skip orientation RR
[M::mem_process_seqs] Processed 266668 reads in 223.095 CPU sec, 56.108 real sec
[M::process] read 266668 sequences (40000200 bp)...
[M::mem_pestat] # candidate unique pairs for (FF, FR, RF, RR): (28, 4683, 3, 28)
[M::mem_pestat] analyzing insert size distribution for orientation FF...
[M::mem_pestat] (25, 50, 75) percentile: (237, 942, 2201)
[M::mem_pestat] low and high boundaries for computing mean and std.dev: (1, 6129)
[M::mem_pestat] mean and std.dev: (1169.35, 1251.13)
[M::mem_pestat] low and high boundaries for proper pairs: (1, 8093)
[M::mem_pestat] analyzing insert size distribution for orientation FR...
[M::mem_pestat] (25, 50, 75) percentile: (317, 510, 536)
[M::mem_pestat] low and high boundaries for computing mean and std.dev: (1, 974)
[M::mem_pestat] mean and std.dev: (435.30, 156.53)
[M::mem_pestat] low and high boundaries for proper pairs: (1, 1193)
[M::mem_pestat] skip orientation RF as there are not enough pairs
[M::mem_pestat] analyzing insert size distribution for orientation RR...
[M::mem_pestat] (25, 50, 75) percentile: (781, 1298, 2395)
[M::mem_pestat] low and high boundaries for computing mean and std.dev: (1, 5623)
[M::mem_pestat] mean and std.dev: (1490.68, 1119.64)
[M::mem_pestat] low and high boundaries for proper pairs: (1, 7237)
[M::mem_pestat] skip orientation FF
[M::mem_pestat] skip orientation RR
[M::mem_process_seqs] Processed 266668 reads in 224.363 CPU sec, 56.177 real sec
[M::process] read 266668 sequences (40000200 bp)...
[M::mem_pestat] # candidate unique pairs for (FF, FR, RF, RR): (35, 4875, 1, 22)
[M::mem_pestat] analyzing insert size distribution for orientation FF...
[M::mem_pestat] (25, 50, 75) percentile: (186, 814, 1408)
[M::mem_pestat] low and high boundaries for computing mean and std.dev: (1, 3852)
[M::mem_pestat] mean and std.dev: (902.52, 877.95)
[M::mem_pestat] low and high boundaries for proper pairs: (1, 5074)
[M::mem_pestat] analyzing insert size distribution for orientation FR...
[M::mem_pestat] (25, 50, 75) percentile: (329, 511, 535)
[M::mem_pestat] low and high boundaries for computing mean and std.dev: (1, 947)
[M::mem_pestat] mean and std.dev: (441.01, 152.83)
[M::mem_pestat] low and high boundaries for proper pairs: (1, 1153)
[M::mem_pestat] skip orientation RF as there are not enough pairs
[M::mem_pestat] analyzing insert size distribution for orientation RR...
[M::mem_pestat] (25, 50, 75) percentile: (857, 1244, 1813)
[M::mem_pestat] low and high boundaries for computing mean and std.dev: (1, 3725)
[M::mem_pestat] mean and std.dev: (1279.90, 760.58)
[M::mem_pestat] low and high boundaries for proper pairs: (1, 4681)
[M::mem_pestat] skip orientation FF
[M::mem_pestat] skip orientation RR
[M::mem_process_seqs] Processed 266668 reads in 221.883 CPU sec, 55.727 real sec
[M::process] read 266668 sequences (40000200 bp)...
[M::mem_pestat] # candidate unique pairs for (FF, FR, RF, RR): (20, 4828, 2, 22)
[M::mem_pestat] analyzing insert size distribution for orientation FF...
[M::mem_pestat] (25, 50, 75) percentile: (269, 946, 2130)
[M::mem_pestat] low and high boundaries for computing mean and std.dev: (1, 5852)
[M::mem_pestat] mean and std.dev: (1320.40, 1337.72)
[M::mem_pestat] low and high boundaries for proper pairs: (1, 7713)
[M::mem_pestat] analyzing insert size distribution for orientation FR...
[M::mem_pestat] (25, 50, 75) percentile: (315, 511, 536)
[M::mem_pestat] low and high boundaries for computing mean and std.dev: (1, 978)
[M::mem_pestat] mean and std.dev: (436.36, 158.15)
[M::mem_pestat] low and high boundaries for proper pairs: (1, 1199)
[M::mem_pestat] skip orientation RF as there are not enough pairs
[M::mem_pestat] analyzing insert size distribution for orientation RR...
[M::mem_pestat] (25, 50, 75) percentile: (1337, 2155, 3896)
[M::mem_pestat] low and high boundaries for computing mean and std.dev: (1, 9014)
[M::mem_pestat] mean and std.dev: (2548.50, 1466.02)
[M::mem_pestat] low and high boundaries for proper pairs: (1, 11573)
[M::mem_pestat] skip orientation FF
[M::mem_pestat] skip orientation RR
[M::mem_process_seqs] Processed 266668 reads in 229.651 CPU sec, 57.517 real sec
[M::process] read 266668 sequences (40000200 bp)...
[M::mem_pestat] # candidate unique pairs for (FF, FR, RF, RR): (26, 4686, 2, 26)
[M::mem_pestat] analyzing insert size distribution for orientation FF...
[M::mem_pestat] (25, 50, 75) percentile: (245, 1033, 2508)
[M::mem_pestat] low and high boundaries for computing mean and std.dev: (1, 7034)
[M::mem_pestat] mean and std.dev: (1488.12, 1467.21)
[M::mem_pestat] low and high boundaries for proper pairs: (1, 9297)
[M::mem_pestat] analyzing insert size distribution for orientation FR...
[M::mem_pestat] (25, 50, 75) percentile: (324, 511, 536)
[M::mem_pestat] low and high boundaries for computing mean and std.dev: (1, 960)
[M::mem_pestat] mean and std.dev: (439.06, 156.78)
[M::mem_pestat] low and high boundaries for proper pairs: (1, 1172)
[M::mem_pestat] skip orientation RF as there are not enough pairs
[M::mem_pestat] analyzing insert size distribution for orientation RR...
[M::mem_pestat] (25, 50, 75) percentile: (730, 1789, 3943)
[M::mem_pestat] low and high boundaries for computing mean and std.dev: (1, 10369)
[M::mem_pestat] mean and std.dev: (2394.19, 2039.43)
[M::mem_pestat] low and high boundaries for proper pairs: (1, 13582)
[M::mem_pestat] skip orientation FF
[M::mem_pestat] skip orientation RR
[M::mem_process_seqs] Processed 266668 reads in 230.322 CPU sec, 57.698 real sec
[M::process] read 266668 sequences (40000200 bp)...
[M::mem_pestat] # candidate unique pairs for (FF, FR, RF, RR): (28, 4753, 3, 23)
[M::mem_pestat] analyzing insert size distribution for orientation FF...
[M::mem_pestat] (25, 50, 75) percentile: (265, 778, 1762)
[M::mem_pestat] low and high boundaries for computing mean and std.dev: (1, 4756)
[M::mem_pestat] mean and std.dev: (1079.31, 1080.45)
[M::mem_pestat] low and high boundaries for proper pairs: (1, 6253)
[M::mem_pestat] analyzing insert size distribution for orientation FR...
[M::mem_pestat] (25, 50, 75) percentile: (313, 510, 535)
[M::mem_pestat] low and high boundaries for computing mean and std.dev: (1, 979)
[M::mem_pestat] mean and std.dev: (435.84, 157.17)
[M::mem_pestat] low and high boundaries for proper pairs: (1, 1201)
[M::mem_pestat] skip orientation RF as there are not enough pairs
[M::mem_pestat] analyzing insert size distribution for orientation RR...
[M::mem_pestat] (25, 50, 75) percentile: (686, 1079, 2134)
[M::mem_pestat] low and high boundaries for computing mean and std.dev: (1, 5030)
[M::mem_pestat] mean and std.dev: (1074.84, 661.59)
[M::mem_pestat] low and high boundaries for proper pairs: (1, 6478)
[M::mem_pestat] skip orientation FF
[M::mem_pestat] skip orientation RR
[M::mem_process_seqs] Processed 266668 reads in 230.815 CPU sec, 57.823 real sec
[M::process] read 266668 sequences (40000200 bp)...
[M::mem_pestat] # candidate unique pairs for (FF, FR, RF, RR): (29, 4809, 1, 24)
[M::mem_pestat] analyzing insert size distribution for orientation FF...
[M::mem_pestat] (25, 50, 75) percentile: (217, 705, 1898)
[M::mem_pestat] low and high boundaries for computing mean and std.dev: (1, 5260)
[M::mem_pestat] mean and std.dev: (1177.68, 1284.48)
[M::mem_pestat] low and high boundaries for proper pairs: (1, 6941)
[M::mem_pestat] analyzing insert size distribution for orientation FR...
[M::mem_pestat] (25, 50, 75) percentile: (324, 511, 535)
[M::mem_pestat] low and high boundaries for computing mean and std.dev: (1, 957)
[M::mem_pestat] mean and std.dev: (439.24, 154.75)
[M::mem_pestat] low and high boundaries for proper pairs: (1, 1168)
[M::mem_pestat] skip orientation RF as there are not enough pairs
[M::mem_pestat] analyzing insert size distribution for orientation RR...
[M::mem_pestat] (25, 50, 75) percentile: (358, 1382, 2460)
[M::mem_pestat] low and high boundaries for computing mean and std.dev: (1, 6664)
[M::mem_pestat] mean and std.dev: (1366.50, 1218.20)
[M::mem_pestat] low and high boundaries for proper pairs: (1, 8766)
[M::mem_pestat] skip orientation FF
[M::mem_pestat] skip orientation RR
[M::mem_process_seqs] Processed 266668 reads in 226.564 CPU sec, 56.762 real sec
[M::process] read 266668 sequences (40000200 bp)...
[M::mem_pestat] # candidate unique pairs for (FF, FR, RF, RR): (33, 4742, 3, 18)
[M::mem_pestat] analyzing insert size distribution for orientation FF...
[M::mem_pestat] (25, 50, 75) percentile: (269, 809, 1582)
[M::mem_pestat] low and high boundaries for computing mean and std.dev: (1, 4208)
[M::mem_pestat] mean and std.dev: (969.61, 986.17)
[M::mem_pestat] low and high boundaries for proper pairs: (1, 5521)
[M::mem_pestat] analyzing insert size distribution for orientation FR...
[M::mem_pestat] (25, 50, 75) percentile: (336, 511, 536)
[M::mem_pestat] low and high boundaries for computing mean and std.dev: (1, 936)
[M::mem_pestat] mean and std.dev: (443.01, 152.26)
[M::mem_pestat] low and high boundaries for proper pairs: (1, 1136)
[M::mem_pestat] skip orientation RF as there are not enough pairs
[M::mem_pestat] analyzing insert size distribution for orientation RR...
[M::mem_pestat] (25, 50, 75) percentile: (679, 1245, 1745)
[M::mem_pestat] low and high boundaries for computing mean and std.dev: (1, 3877)
[M::mem_pestat] mean and std.dev: (1293.61, 718.44)
[M::mem_pestat] low and high boundaries for proper pairs: (1, 4943)
[M::mem_pestat] skip orientation FF
[M::mem_pestat] skip orientation RR
[M::mem_process_seqs] Processed 266668 reads in 223.897 CPU sec, 56.075 real sec
[M::process] read 266668 sequences (40000200 bp)...
[M::mem_pestat] # candidate unique pairs for (FF, FR, RF, RR): (17, 4679, 4, 22)
[M::mem_pestat] analyzing insert size distribution for orientation FF...
[M::mem_pestat] (25, 50, 75) percentile: (247, 1005, 1506)
[M::mem_pestat] low and high boundaries for computing mean and std.dev: (1, 4024)
[M::mem_pestat] mean and std.dev: (995.29, 753.91)
[M::mem_pestat] low and high boundaries for proper pairs: (1, 5283)
[M::mem_pestat] analyzing insert size distribution for orientation FR...
[M::mem_pestat] (25, 50, 75) percentile: (314, 509, 535)
[M::mem_pestat] low and high boundaries for computing mean and std.dev: (1, 977)
[M::mem_pestat] mean and std.dev: (434.46, 158.59)
[M::mem_pestat] low and high boundaries for proper pairs: (1, 1198)
[M::mem_pestat] skip orientation RF as there are not enough pairs
[M::mem_pestat] analyzing insert size distribution for orientation RR...
[M::mem_pestat] (25, 50, 75) percentile: (595, 1336, 1804)
[M::mem_pestat] low and high boundaries for computing mean and std.dev: (1, 4222)
[M::mem_pestat] mean and std.dev: (1143.00, 848.26)
[M::mem_pestat] low and high boundaries for proper pairs: (1, 5431)
[M::mem_pestat] skip orientation FF
[M::mem_pestat] skip orientation RR
[M::mem_process_seqs] Processed 266668 reads in 223.673 CPU sec, 55.998 real sec
[M::process] read 266668 sequences (40000200 bp)...
[M::mem_pestat] # candidate unique pairs for (FF, FR, RF, RR): (26, 4926, 4, 28)
[M::mem_pestat] analyzing insert size distribution for orientation FF...
[M::mem_pestat] (25, 50, 75) percentile: (191, 1101, 2333)
[M::mem_pestat] low and high boundaries for computing mean and std.dev: (1, 6617)
[M::mem_pestat] mean and std.dev: (1220.42, 1075.35)
[M::mem_pestat] low and high boundaries for proper pairs: (1, 8759)
[M::mem_pestat] analyzing insert size distribution for orientation FR...
[M::mem_pestat] (25, 50, 75) percentile: (331, 511, 536)
[M::mem_pestat] low and high boundaries for computing mean and std.dev: (1, 946)
[M::mem_pestat] mean and std.dev: (441.98, 156.38)
[M::mem_pestat] low and high boundaries for proper pairs: (1, 1151)
[M::mem_pestat] skip orientation RF as there are not enough pairs
[M::mem_pestat] analyzing insert size distribution for orientation RR...
[M::mem_pestat] (25, 50, 75) percentile: (1035, 1741, 3220)
[M::mem_pestat] low and high boundaries for computing mean and std.dev: (1, 7590)
[M::mem_pestat] mean and std.dev: (1870.59, 1103.22)
[M::mem_pestat] low and high boundaries for proper pairs: (1, 9775)
[M::mem_pestat] skip orientation FF
[M::mem_pestat] skip orientation RR
[M::mem_process_seqs] Processed 266668 reads in 224.996 CPU sec, 56.330 real sec
[M::process] read 266668 sequences (40000200 bp)...
[M::mem_pestat] # candidate unique pairs for (FF, FR, RF, RR): (29, 4794, 2, 19)
[M::mem_pestat] analyzing insert size distribution for orientation FF...
[M::mem_pestat] (25, 50, 75) percentile: (154, 1036, 1788)
[M::mem_pestat] low and high boundaries for computing mean and std.dev: (1, 5056)
[M::mem_pestat] mean and std.dev: (1135.00, 1027.39)
[M::mem_pestat] low and high boundaries for proper pairs: (1, 6690)
[M::mem_pestat] analyzing insert size distribution for orientation FR...
[M::mem_pestat] (25, 50, 75) percentile: (315, 510, 534)
[M::mem_pestat] low and high boundaries for computing mean and std.dev: (1, 972)
[M::mem_pestat] mean and std.dev: (434.88, 158.22)
[M::mem_pestat] low and high boundaries for proper pairs: (1, 1191)
[M::mem_pestat] skip orientation RF as there are not enough pairs
[M::mem_pestat] analyzing insert size distribution for orientation RR...
[M::mem_pestat] (25, 50, 75) percentile: (878, 1051, 2794)
[M::mem_pestat] low and high boundaries for computing mean and std.dev: (1, 6626)
[M::mem_pestat] mean and std.dev: (1459.06, 947.21)
[M::mem_pestat] low and high boundaries for proper pairs: (1, 8542)
[M::mem_pestat] skip orientation FF
[M::mem_pestat] skip orientation RR
[M::mem_process_seqs] Processed 266668 reads in 226.924 CPU sec, 56.817 real sec
[M::process] read 266668 sequences (40000200 bp)...
[M::mem_pestat] # candidate unique pairs for (FF, FR, RF, RR): (29, 4788, 5, 22)
[M::mem_pestat] analyzing insert size distribution for orientation FF...
[M::mem_pestat] (25, 50, 75) percentile: (204, 823, 3772)
[M::mem_pestat] low and high boundaries for computing mean and std.dev: (1, 10908)
[M::mem_pestat] mean and std.dev: (2020.97, 2459.89)
[M::mem_pestat] low and high boundaries for proper pairs: (1, 14476)
[M::mem_pestat] analyzing insert size distribution for orientation FR...
[M::mem_pestat] (25, 50, 75) percentile: (319, 510, 535)
[M::mem_pestat] low and high boundaries for computing mean and std.dev: (1, 967)
[M::mem_pestat] mean and std.dev: (437.64, 155.93)
[M::mem_pestat] low and high boundaries for proper pairs: (1, 1183)
[M::mem_pestat] skip orientation RF as there are not enough pairs
[M::mem_pestat] analyzing insert size distribution for orientation RR...
[M::mem_pestat] (25, 50, 75) percentile: (967, 1662, 2605)
[M::mem_pestat] low and high boundaries for computing mean and std.dev: (1, 5881)
[M::mem_pestat] mean and std.dev: (1801.91, 986.83)
[M::mem_pestat] low and high boundaries for proper pairs: (1, 7519)
[M::mem_pestat] skip orientation FF
[M::mem_pestat] skip orientation RR
[M::mem_process_seqs] Processed 266668 reads in 224.712 CPU sec, 56.278 real sec
[M::process] read 266668 sequences (40000200 bp)...
[M::mem_pestat] # candidate unique pairs for (FF, FR, RF, RR): (23, 4733, 2, 26)
[M::mem_pestat] analyzing insert size distribution for orientation FF...
[M::mem_pestat] (25, 50, 75) percentile: (746, 1426, 2469)
[M::mem_pestat] low and high boundaries for computing mean and std.dev: (1, 5915)
[M::mem_pestat] mean and std.dev: (1568.70, 1160.85)
[M::mem_pestat] low and high boundaries for proper pairs: (1, 7638)
[M::mem_pestat] analyzing insert size distribution for orientation FR...
[M::mem_pestat] (25, 50, 75) percentile: (313, 510, 535)
[M::mem_pestat] low and high boundaries for computing mean and std.dev: (1, 979)
[M::mem_pestat] mean and std.dev: (435.39, 156.00)
[M::mem_pestat] low and high boundaries for proper pairs: (1, 1201)
[M::mem_pestat] skip orientation RF as there are not enough pairs
[M::mem_pestat] analyzing insert size distribution for orientation RR...
[M::mem_pestat] (25, 50, 75) percentile: (694, 982, 1996)
[M::mem_pestat] low and high boundaries for computing mean and std.dev: (1, 4600)
[M::mem_pestat] mean and std.dev: (1448.96, 1080.09)
[M::mem_pestat] low and high boundaries for proper pairs: (1, 5902)
[M::mem_pestat] skip orientation FF
[M::mem_pestat] skip orientation RR
[M::mem_process_seqs] Processed 266668 reads in 228.947 CPU sec, 57.351 real sec
[M::process] read 266668 sequences (40000200 bp)...
[M::mem_pestat] # candidate unique pairs for (FF, FR, RF, RR): (18, 4865, 4, 29)
[M::mem_pestat] analyzing insert size distribution for orientation FF...
[M::mem_pestat] (25, 50, 75) percentile: (610, 1190, 2372)
[M::mem_pestat] low and high boundaries for computing mean and std.dev: (1, 5896)
[M::mem_pestat] mean and std.dev: (1795.11, 1783.90)
[M::mem_pestat] low and high boundaries for proper pairs: (1, 8931)
[M::mem_pestat] analyzing insert size distribution for orientation FR...
[M::mem_pestat] (25, 50, 75) percentile: (310, 509, 535)
[M::mem_pestat] low and high boundaries for computing mean and std.dev: (1, 985)
[M::mem_pestat] mean and std.dev: (433.58, 156.18)
[M::mem_pestat] low and high boundaries for proper pairs: (1, 1210)
[M::mem_pestat] skip orientation RF as there are not enough pairs
[M::mem_pestat] analyzing insert size distribution for orientation RR...
[M::mem_pestat] (25, 50, 75) percentile: (739, 1051, 2579)
[M::mem_pestat] low and high boundaries for computing mean and std.dev: (1, 6259)
[M::mem_pestat] mean and std.dev: (1452.70, 1044.43)
[M::mem_pestat] low and high boundaries for proper pairs: (1, 8099)
[M::mem_pestat] skip orientation FF
[M::mem_pestat] skip orientation RR
[M::mem_process_seqs] Processed 266668 reads in 231.763 CPU sec, 58.035 real sec
[M::process] read 266668 sequences (40000200 bp)...
[M::mem_pestat] # candidate unique pairs for (FF, FR, RF, RR): (40, 4923, 3, 16)
[M::mem_pestat] analyzing insert size distribution for orientation FF...
[M::mem_pestat] (25, 50, 75) percentile: (175, 618, 1458)
[M::mem_pestat] low and high boundaries for computing mean and std.dev: (1, 4024)
[M::mem_pestat] mean and std.dev: (863.16, 893.25)
[M::mem_pestat] low and high boundaries for proper pairs: (1, 5307)
[M::mem_pestat] analyzing insert size distribution for orientation FR...
[M::mem_pestat] (25, 50, 75) percentile: (320, 509, 535)
[M::mem_pestat] low and high boundaries for computing mean and std.dev: (1, 965)
[M::mem_pestat] mean and std.dev: (436.85, 153.41)
[M::mem_pestat] low and high boundaries for proper pairs: (1, 1180)
[M::mem_pestat] skip orientation RF as there are not enough pairs
[M::mem_pestat] analyzing insert size distribution for orientation RR...
[M::mem_pestat] (25, 50, 75) percentile: (790, 1167, 1963)
[M::mem_pestat] low and high boundaries for computing mean and std.dev: (1, 4309)
[M::mem_pestat] mean and std.dev: (1196.40, 880.81)
[M::mem_pestat] low and high boundaries for proper pairs: (1, 5482)
[M::mem_pestat] skip orientation FF
[M::mem_pestat] skip orientation RR
[M::mem_process_seqs] Processed 266668 reads in 228.778 CPU sec, 57.523 real sec
[M::process] read 266668 sequences (40000200 bp)...
[M::mem_pestat] # candidate unique pairs for (FF, FR, RF, RR): (23, 4819, 3, 20)
[M::mem_pestat] analyzing insert size distribution for orientation FF...
[M::mem_pestat] (25, 50, 75) percentile: (199, 787, 2014)
[M::mem_pestat] low and high boundaries for computing mean and std.dev: (1, 5644)
[M::mem_pestat] mean and std.dev: (1104.59, 1117.71)
[M::mem_pestat] low and high boundaries for proper pairs: (1, 7459)
[M::mem_pestat] analyzing insert size distribution for orientation FR...
[M::mem_pestat] (25, 50, 75) percentile: (316, 510, 536)
[M::mem_pestat] low and high boundaries for computing mean and std.dev: (1, 976)
[M::mem_pestat] mean and std.dev: (435.21, 156.92)
[M::mem_pestat] low and high boundaries for proper pairs: (1, 1196)
[M::mem_pestat] skip orientation RF as there are not enough pairs
[M::mem_pestat] analyzing insert size distribution for orientation RR...
[M::mem_pestat] (25, 50, 75) percentile: (724, 1230, 2585)
[M::mem_pestat] low and high boundaries for computing mean and std.dev: (1, 6307)
[M::mem_pestat] mean and std.dev: (1710.85, 1604.36)
[M::mem_pestat] low and high boundaries for proper pairs: (1, 8168)
[M::mem_pestat] skip orientation FF
[M::mem_pestat] skip orientation RR
[M::mem_process_seqs] Processed 266668 reads in 226.555 CPU sec, 56.743 real sec
[M::process] read 266668 sequences (40000200 bp)...
[M::mem_pestat] # candidate unique pairs for (FF, FR, RF, RR): (27, 4833, 3, 25)
[M::mem_pestat] analyzing insert size distribution for orientation FF...
[M::mem_pestat] (25, 50, 75) percentile: (175, 306, 1046)
[M::mem_pestat] low and high boundaries for computing mean and std.dev: (1, 2788)
[M::mem_pestat] mean and std.dev: (556.44, 594.34)
[M::mem_pestat] low and high boundaries for proper pairs: (1, 3659)
[M::mem_pestat] analyzing insert size distribution for orientation FR...
[M::mem_pestat] (25, 50, 75) percentile: (309, 510, 534)
[M::mem_pestat] low and high boundaries for computing mean and std.dev: (1, 984)
[M::mem_pestat] mean and std.dev: (433.17, 157.70)
[M::mem_pestat] low and high boundaries for proper pairs: (1, 1209)
[M::mem_pestat] skip orientation RF as there are not enough pairs
[M::mem_pestat] analyzing insert size distribution for orientation RR...
[M::mem_pestat] (25, 50, 75) percentile: (940, 1347, 2943)
[M::mem_pestat] low and high boundaries for computing mean and std.dev: (1, 6949)
[M::mem_pestat] mean and std.dev: (1856.83, 1486.39)
[M::mem_pestat] low and high boundaries for proper pairs: (1, 8952)
[M::mem_pestat] skip orientation FF
[M::mem_pestat] skip orientation RR
[M::mem_process_seqs] Processed 266668 reads in 231.520 CPU sec, 57.986 real sec
[M::process] read 266668 sequences (40000200 bp)...
[M::mem_pestat] # candidate unique pairs for (FF, FR, RF, RR): (26, 4867, 6, 33)
[M::mem_pestat] analyzing insert size distribution for orientation FF...
[M::mem_pestat] (25, 50, 75) percentile: (141, 984, 4206)
[M::mem_pestat] low and high boundaries for computing mean and std.dev: (1, 12336)
[M::mem_pestat] mean and std.dev: (1934.88, 2014.04)
[M::mem_pestat] low and high boundaries for proper pairs: (1, 16401)
[M::mem_pestat] analyzing insert size distribution for orientation FR...
[M::mem_pestat] (25, 50, 75) percentile: (315, 510, 535)
[M::mem_pestat] low and high boundaries for computing mean and std.dev: (1, 975)
[M::mem_pestat] mean and std.dev: (434.74, 157.37)
[M::mem_pestat] low and high boundaries for proper pairs: (1, 1195)
[M::mem_pestat] skip orientation RF as there are not enough pairs
[M::mem_pestat] analyzing insert size distribution for orientation RR...
[M::mem_pestat] (25, 50, 75) percentile: (1027, 1745, 3492)
[M::mem_pestat] low and high boundaries for computing mean and std.dev: (1, 8422)
[M::mem_pestat] mean and std.dev: (2365.33, 1781.34)
[M::mem_pestat] low and high boundaries for proper pairs: (1, 10887)
[M::mem_pestat] skip orientation FF
[M::mem_pestat] skip orientation RR
[M::mem_process_seqs] Processed 266668 reads in 226.752 CPU sec, 56.776 real sec
[M::process] read 266668 sequences (40000200 bp)...
[M::mem_pestat] # candidate unique pairs for (FF, FR, RF, RR): (33, 4736, 5, 24)
[M::mem_pestat] analyzing insert size distribution for orientation FF...
[M::mem_pestat] (25, 50, 75) percentile: (464, 992, 1861)
[M::mem_pestat] low and high boundaries for computing mean and std.dev: (1, 4655)
[M::mem_pestat] mean and std.dev: (1150.38, 814.07)
[M::mem_pestat] low and high boundaries for proper pairs: (1, 6052)
[M::mem_pestat] analyzing insert size distribution for orientation FR...
[M::mem_pestat] (25, 50, 75) percentile: (323, 510, 535)
[M::mem_pestat] low and high boundaries for computing mean and std.dev: (1, 959)
[M::mem_pestat] mean and std.dev: (437.80, 154.80)
[M::mem_pestat] low and high boundaries for proper pairs: (1, 1171)
[M::mem_pestat] skip orientation RF as there are not enough pairs
[M::mem_pestat] analyzing insert size distribution for orientation RR...
[M::mem_pestat] (25, 50, 75) percentile: (899, 1433, 4458)
[M::mem_pestat] low and high boundaries for computing mean and std.dev: (1, 11576)
[M::mem_pestat] mean and std.dev: (2513.25, 2138.20)
[M::mem_pestat] low and high boundaries for proper pairs: (1, 15135)
[M::mem_pestat] skip orientation FF
[M::mem_pestat] skip orientation RR
[M::mem_process_seqs] Processed 266668 reads in 226.968 CPU sec, 56.841 real sec
[M::process] read 266668 sequences (40000200 bp)...
[M::mem_pestat] # candidate unique pairs for (FF, FR, RF, RR): (26, 4699, 1, 20)
[M::mem_pestat] analyzing insert size distribution for orientation FF...
[M::mem_pestat] (25, 50, 75) percentile: (158, 731, 1342)
[M::mem_pestat] low and high boundaries for computing mean and std.dev: (1, 3710)
[M::mem_pestat] mean and std.dev: (864.27, 878.90)
[M::mem_pestat] low and high boundaries for proper pairs: (1, 4894)
[M::mem_pestat] analyzing insert size distribution for orientation FR...
[M::mem_pestat] (25, 50, 75) percentile: (316, 509, 534)
[M::mem_pestat] low and high boundaries for computing mean and std.dev: (1, 970)
[M::mem_pestat] mean and std.dev: (435.59, 154.48)
[M::mem_pestat] low and high boundaries for proper pairs: (1, 1188)
[M::mem_pestat] skip orientation RF as there are not enough pairs
[M::mem_pestat] analyzing insert size distribution for orientation RR...
[M::mem_pestat] (25, 50, 75) percentile: (753, 1464, 2180)
[M::mem_pestat] low and high boundaries for computing mean and std.dev: (1, 5034)
[M::mem_pestat] mean and std.dev: (1480.65, 1031.15)
[M::mem_pestat] low and high boundaries for proper pairs: (1, 6461)
[M::mem_pestat] skip orientation FF
[M::mem_pestat] skip orientation RR
[M::mem_process_seqs] Processed 266668 reads in 230.097 CPU sec, 57.636 real sec
[M::process] read 266668 sequences (40000200 bp)...
[M::mem_pestat] # candidate unique pairs for (FF, FR, RF, RR): (29, 4802, 4, 26)
[M::mem_pestat] analyzing insert size distribution for orientation FF...
[M::mem_pestat] (25, 50, 75) percentile: (192, 962, 2681)
[M::mem_pestat] low and high boundaries for computing mean and std.dev: (1, 7659)
[M::mem_pestat] mean and std.dev: (1428.11, 1536.58)
[M::mem_pestat] low and high boundaries for proper pairs: (1, 10148)
[M::mem_pestat] analyzing insert size distribution for orientation FR...
[M::mem_pestat] (25, 50, 75) percentile: (310, 510, 536)
[M::mem_pestat] low and high boundaries for computing mean and std.dev: (1, 988)
[M::mem_pestat] mean and std.dev: (434.91, 158.12)
[M::mem_pestat] low and high boundaries for proper pairs: (1, 1214)
[M::mem_pestat] skip orientation RF as there are not enough pairs
[M::mem_pestat] analyzing insert size distribution for orientation RR...
[M::mem_pestat] (25, 50, 75) percentile: (771, 945, 1555)
[M::mem_pestat] low and high boundaries for computing mean and std.dev: (1, 3123)
[M::mem_pestat] mean and std.dev: (935.59, 522.64)
[M::mem_pestat] low and high boundaries for proper pairs: (1, 3907)
[M::mem_pestat] skip orientation FF
[M::mem_pestat] skip orientation RR
[M::mem_process_seqs] Processed 266668 reads in 229.589 CPU sec, 57.477 real sec
[M::process] read 266668 sequences (40000200 bp)...
[M::mem_pestat] # candidate unique pairs for (FF, FR, RF, RR): (32, 4924, 4, 24)
[M::mem_pestat] analyzing insert size distribution for orientation FF...
[M::mem_pestat] (25, 50, 75) percentile: (220, 921, 1935)
[M::mem_pestat] low and high boundaries for computing mean and std.dev: (1, 5365)
[M::mem_pestat] mean and std.dev: (1133.88, 953.95)
[M::mem_pestat] low and high boundaries for proper pairs: (1, 7080)
[M::mem_pestat] analyzing insert size distribution for orientation FR...
[M::mem_pestat] (25, 50, 75) percentile: (309, 510, 536)
[M::mem_pestat] low and high boundaries for computing mean and std.dev: (1, 990)
[M::mem_pestat] mean and std.dev: (432.47, 158.10)
[M::mem_pestat] low and high boundaries for proper pairs: (1, 1217)
[M::mem_pestat] skip orientation RF as there are not enough pairs
[M::mem_pestat] analyzing insert size distribution for orientation RR...
[M::mem_pestat] (25, 50, 75) percentile: (797, 1524, 3212)
[M::mem_pestat] low and high boundaries for computing mean and std.dev: (1, 8042)
[M::mem_pestat] mean and std.dev: (1965.27, 1852.13)
[M::mem_pestat] low and high boundaries for proper pairs: (1, 10457)
[M::mem_pestat] skip orientation FF
[M::mem_pestat] skip orientation RR
[M::mem_process_seqs] Processed 266668 reads in 236.952 CPU sec, 59.375 real sec
[M::process] read 266668 sequences (40000200 bp)...
[M::mem_pestat] # candidate unique pairs for (FF, FR, RF, RR): (21, 4738, 1, 24)
[M::mem_pestat] analyzing insert size distribution for orientation FF...
[M::mem_pestat] (25, 50, 75) percentile: (356, 1140, 2227)
[M::mem_pestat] low and high boundaries for computing mean and std.dev: (1, 5969)
[M::mem_pestat] mean and std.dev: (1480.05, 1304.33)
[M::mem_pestat] low and high boundaries for proper pairs: (1, 7840)
[M::mem_pestat] analyzing insert size distribution for orientation FR...
[M::mem_pestat] (25, 50, 75) percentile: (317, 510, 535)
[M::mem_pestat] low and high boundaries for computing mean and std.dev: (1, 971)
[M::mem_pestat] mean and std.dev: (435.51, 157.66)
[M::mem_pestat] low and high boundaries for proper pairs: (1, 1189)
[M::mem_pestat] skip orientation RF as there are not enough pairs
[M::mem_pestat] analyzing insert size distribution for orientation RR...
[M::mem_pestat] (25, 50, 75) percentile: (940, 2077, 3317)
[M::mem_pestat] low and high boundaries for computing mean and std.dev: (1, 8071)
[M::mem_pestat] mean and std.dev: (2273.35, 1922.40)
[M::mem_pestat] low and high boundaries for proper pairs: (1, 10448)
[M::mem_pestat] skip orientation FF
[M::mem_pestat] skip orientation RR
[M::mem_process_seqs] Processed 266668 reads in 229.041 CPU sec, 57.339 real sec
[M::process] read 266668 sequences (40000200 bp)...
[M::mem_pestat] # candidate unique pairs for (FF, FR, RF, RR): (33, 4749, 1, 35)
[M::mem_pestat] analyzing insert size distribution for orientation FF...
[M::mem_pestat] (25, 50, 75) percentile: (172, 1056, 2145)
[M::mem_pestat] low and high boundaries for computing mean and std.dev: (1, 6091)
[M::mem_pestat] mean and std.dev: (1526.55, 1614.70)
[M::mem_pestat] low and high boundaries for proper pairs: (1, 8064)
[M::mem_pestat] analyzing insert size distribution for orientation FR...
[M::mem_pestat] (25, 50, 75) percentile: (308, 510, 535)
[M::mem_pestat] low and high boundaries for computing mean and std.dev: (1, 989)
[M::mem_pestat] mean and std.dev: (432.33, 157.03)
[M::mem_pestat] low and high boundaries for proper pairs: (1, 1216)
[M::mem_pestat] skip orientation RF as there are not enough pairs
[M::mem_pestat] analyzing insert size distribution for orientation RR...
[M::mem_pestat] (25, 50, 75) percentile: (711, 948, 2168)
[M::mem_pestat] low and high boundaries for computing mean and std.dev: (1, 5082)
[M::mem_pestat] mean and std.dev: (1356.32, 1088.30)
[M::mem_pestat] low and high boundaries for proper pairs: (1, 6539)
[M::mem_pestat] skip orientation FF
[M::mem_pestat] skip orientation RR
[M::mem_process_seqs] Processed 266668 reads in 226.075 CPU sec, 56.982 real sec
[M::process] read 266668 sequences (40000200 bp)...
[M::mem_pestat] # candidate unique pairs for (FF, FR, RF, RR): (27, 4823, 5, 18)
[M::mem_pestat] analyzing insert size distribution for orientation FF...
[M::mem_pestat] (25, 50, 75) percentile: (147, 797, 2733)
[M::mem_pestat] low and high boundaries for computing mean and std.dev: (1, 7905)
[M::mem_pestat] mean and std.dev: (1597.19, 2066.84)
[M::mem_pestat] low and high boundaries for proper pairs: (1, 10491)
[M::mem_pestat] analyzing insert size distribution for orientation FR...
[M::mem_pestat] (25, 50, 75) percentile: (317, 511, 538)
[M::mem_pestat] low and high boundaries for computing mean and std.dev: (1, 980)
[M::mem_pestat] mean and std.dev: (437.95, 157.69)
[M::mem_pestat] low and high boundaries for proper pairs: (1, 1201)
[M::mem_pestat] skip orientation RF as there are not enough pairs
[M::mem_pestat] analyzing insert size distribution for orientation RR...
[M::mem_pestat] (25, 50, 75) percentile: (798, 1301, 1928)
[M::mem_pestat] low and high boundaries for computing mean and std.dev: (1, 4188)
[M::mem_pestat] mean and std.dev: (1234.62, 713.63)
[M::mem_pestat] low and high boundaries for proper pairs: (1, 5318)
[M::mem_pestat] skip orientation FF
[M::mem_pestat] skip orientation RR
[M::mem_process_seqs] Processed 266668 reads in 226.734 CPU sec, 56.777 real sec
[M::process] read 266668 sequences (40000200 bp)...
[M::mem_pestat] # candidate unique pairs for (FF, FR, RF, RR): (23, 4831, 5, 21)
[M::mem_pestat] analyzing insert size distribution for orientation FF...
[M::mem_pestat] (25, 50, 75) percentile: (250, 780, 1173)
[M::mem_pestat] low and high boundaries for computing mean and std.dev: (1, 3019)
[M::mem_pestat] mean and std.dev: (662.76, 522.52)
[M::mem_pestat] low and high boundaries for proper pairs: (1, 3942)
[M::mem_pestat] analyzing insert size distribution for orientation FR...
[M::mem_pestat] (25, 50, 75) percentile: (320, 511, 536)
[M::mem_pestat] low and high boundaries for computing mean and std.dev: (1, 968)
[M::mem_pestat] mean and std.dev: (438.22, 157.66)
[M::mem_pestat] low and high boundaries for proper pairs: (1, 1184)
[M::mem_pestat] skip orientation RF as there are not enough pairs
[M::mem_pestat] analyzing insert size distribution for orientation RR...
[M::mem_pestat] (25, 50, 75) percentile: (1002, 1884, 3180)
[M::mem_pestat] low and high boundaries for computing mean and std.dev: (1, 7536)
[M::mem_pestat] mean and std.dev: (2128.85, 1431.32)
[M::mem_pestat] low and high boundaries for proper pairs: (1, 9714)
[M::mem_pestat] skip orientation FF
[M::mem_pestat] skip orientation RR
[M::mem_process_seqs] Processed 266668 reads in 228.238 CPU sec, 57.193 real sec
[M::process] read 266668 sequences (40000200 bp)...
[M::mem_pestat] # candidate unique pairs for (FF, FR, RF, RR): (22, 4791, 5, 39)
[M::mem_pestat] analyzing insert size distribution for orientation FF...
[M::mem_pestat] (25, 50, 75) percentile: (142, 688, 1116)
[M::mem_pestat] low and high boundaries for computing mean and std.dev: (1, 3064)
[M::mem_pestat] mean and std.dev: (682.76, 679.73)
[M::mem_pestat] low and high boundaries for proper pairs: (1, 4038)
[M::mem_pestat] analyzing insert size distribution for orientation FR...
[M::mem_pestat] (25, 50, 75) percentile: (313, 510, 536)
[M::mem_pestat] low and high boundaries for computing mean and std.dev: (1, 982)
[M::mem_pestat] mean and std.dev: (435.11, 159.80)
[M::mem_pestat] low and high boundaries for proper pairs: (1, 1205)
[M::mem_pestat] skip orientation RF as there are not enough pairs
[M::mem_pestat] analyzing insert size distribution for orientation RR...
[M::mem_pestat] (25, 50, 75) percentile: (840, 1413, 2988)
[M::mem_pestat] low and high boundaries for computing mean and std.dev: (1, 7284)
[M::mem_pestat] mean and std.dev: (2003.54, 1549.27)
[M::mem_pestat] low and high boundaries for proper pairs: (1, 9432)
[M::mem_pestat] skip orientation FF
[M::mem_pestat] skip orientation RR
[M::mem_process_seqs] Processed 266668 reads in 225.811 CPU sec, 56.590 real sec
[M::process] read 266668 sequences (40000200 bp)...
[M::mem_pestat] # candidate unique pairs for (FF, FR, RF, RR): (19, 4767, 3, 25)
[M::mem_pestat] analyzing insert size distribution for orientation FF...
[M::mem_pestat] (25, 50, 75) percentile: (177, 892, 2058)
[M::mem_pestat] low and high boundaries for computing mean and std.dev: (1, 5820)
[M::mem_pestat] mean and std.dev: (1105.28, 1110.41)
[M::mem_pestat] low and high boundaries for proper pairs: (1, 7701)
[M::mem_pestat] analyzing insert size distribution for orientation FR...
[M::mem_pestat] (25, 50, 75) percentile: (313, 510, 537)
[M::mem_pestat] low and high boundaries for computing mean and std.dev: (1, 985)
[M::mem_pestat] mean and std.dev: (434.42, 157.94)
[M::mem_pestat] low and high boundaries for proper pairs: (1, 1209)
[M::mem_pestat] skip orientation RF as there are not enough pairs
[M::mem_pestat] analyzing insert size distribution for orientation RR...
[M::mem_pestat] (25, 50, 75) percentile: (1023, 1236, 2288)
[M::mem_pestat] low and high boundaries for computing mean and std.dev: (1, 4818)
[M::mem_pestat] mean and std.dev: (1648.52, 1135.39)
[M::mem_pestat] low and high boundaries for proper pairs: (1, 6190)
[M::mem_pestat] skip orientation FF
[M::mem_pestat] skip orientation RR
[M::mem_process_seqs] Processed 266668 reads in 226.363 CPU sec, 56.685 real sec
[M::process] read 266668 sequences (40000200 bp)...
[M::mem_pestat] # candidate unique pairs for (FF, FR, RF, RR): (27, 4702, 2, 23)
[M::mem_pestat] analyzing insert size distribution for orientation FF...
[M::mem_pestat] (25, 50, 75) percentile: (166, 1069, 2801)
[M::mem_pestat] low and high boundaries for computing mean and std.dev: (1, 8071)
[M::mem_pestat] mean and std.dev: (1725.59, 1810.29)
[M::mem_pestat] low and high boundaries for proper pairs: (1, 10706)
[M::mem_pestat] analyzing insert size distribution for orientation FR...
[M::mem_pestat] (25, 50, 75) percentile: (314, 510, 536)
[M::mem_pestat] low and high boundaries for computing mean and std.dev: (1, 980)
[M::mem_pestat] mean and std.dev: (435.08, 158.83)
[M::mem_pestat] low and high boundaries for proper pairs: (1, 1202)
[M::mem_pestat] skip orientation RF as there are not enough pairs
[M::mem_pestat] analyzing insert size distribution for orientation RR...
[M::mem_pestat] (25, 50, 75) percentile: (1180, 1966, 3172)
[M::mem_pestat] low and high boundaries for computing mean and std.dev: (1, 7156)
[M::mem_pestat] mean and std.dev: (2154.48, 1544.63)
[M::mem_pestat] low and high boundaries for proper pairs: (1, 9148)
[M::mem_pestat] skip orientation FF
[M::mem_pestat] skip orientation RR
[M::mem_process_seqs] Processed 266668 reads in 228.131 CPU sec, 57.131 real sec
[M::process] read 266668 sequences (40000200 bp)...
[M::mem_pestat] # candidate unique pairs for (FF, FR, RF, RR): (20, 4896, 1, 18)
[M::mem_pestat] analyzing insert size distribution for orientation FF...
[M::mem_pestat] (25, 50, 75) percentile: (228, 551, 2505)
[M::mem_pestat] low and high boundaries for computing mean and std.dev: (1, 7059)
[M::mem_pestat] mean and std.dev: (1564.20, 2059.74)
[M::mem_pestat] low and high boundaries for proper pairs: (1, 9803)
[M::mem_pestat] analyzing insert size distribution for orientation FR...
[M::mem_pestat] (25, 50, 75) percentile: (318, 510, 536)
[M::mem_pestat] low and high boundaries for computing mean and std.dev: (1, 972)
[M::mem_pestat] mean and std.dev: (436.18, 156.46)
[M::mem_pestat] low and high boundaries for proper pairs: (1, 1190)
[M::mem_pestat] skip orientation RF as there are not enough pairs
[M::mem_pestat] analyzing insert size distribution for orientation RR...
[M::mem_pestat] (25, 50, 75) percentile: (501, 1185, 1442)
[M::mem_pestat] low and high boundaries for computing mean and std.dev: (1, 3324)
[M::mem_pestat] mean and std.dev: (954.73, 710.94)
[M::mem_pestat] low and high boundaries for proper pairs: (1, 4265)
[M::mem_pestat] skip orientation FF
[M::mem_pestat] skip orientation RR
[M::mem_process_seqs] Processed 266668 reads in 225.581 CPU sec, 56.555 real sec
[M::process] read 266668 sequences (40000200 bp)...
[M::mem_pestat] # candidate unique pairs for (FF, FR, RF, RR): (28, 4890, 5, 32)
[M::mem_pestat] analyzing insert size distribution for orientation FF...
[M::mem_pestat] (25, 50, 75) percentile: (127, 209, 1098)
[M::mem_pestat] low and high boundaries for computing mean and std.dev: (1, 3040)
[M::mem_pestat] mean and std.dev: (621.26, 730.00)
[M::mem_pestat] low and high boundaries for proper pairs: (1, 4011)
[M::mem_pestat] analyzing insert size distribution for orientation FR...
[M::mem_pestat] (25, 50, 75) percentile: (301, 509, 534)
[M::mem_pestat] low and high boundaries for computing mean and std.dev: (1, 1000)
[M::mem_pestat] mean and std.dev: (430.51, 159.83)
[M::mem_pestat] low and high boundaries for proper pairs: (1, 1233)
[M::mem_pestat] skip orientation RF as there are not enough pairs
[M::mem_pestat] analyzing insert size distribution for orientation RR...
[M::mem_pestat] (25, 50, 75) percentile: (774, 1628, 2770)
[M::mem_pestat] low and high boundaries for computing mean and std.dev: (1, 6762)
[M::mem_pestat] mean and std.dev: (1799.03, 1292.45)
[M::mem_pestat] low and high boundaries for proper pairs: (1, 8758)
[M::mem_pestat] skip orientation FF
[M::mem_pestat] skip orientation RR
[M::mem_process_seqs] Processed 266668 reads in 231.151 CPU sec, 57.889 real sec
[M::process] read 266668 sequences (40000200 bp)...
[M::mem_pestat] # candidate unique pairs for (FF, FR, RF, RR): (30, 4819, 2, 20)
[M::mem_pestat] analyzing insert size distribution for orientation FF...
[M::mem_pestat] (25, 50, 75) percentile: (177, 332, 928)
[M::mem_pestat] low and high boundaries for computing mean and std.dev: (1, 2430)
[M::mem_pestat] mean and std.dev: (580.39, 626.09)
[M::mem_pestat] low and high boundaries for proper pairs: (1, 3181)
[M::mem_pestat] analyzing insert size distribution for orientation FR...
[M::mem_pestat] (25, 50, 75) percentile: (317, 511, 537)
[M::mem_pestat] low and high boundaries for computing mean and std.dev: (1, 977)
[M::mem_pestat] mean and std.dev: (438.11, 157.09)
[M::mem_pestat] low and high boundaries for proper pairs: (1, 1197)
[M::mem_pestat] skip orientation RF as there are not enough pairs
[M::mem_pestat] analyzing insert size distribution for orientation RR...
[M::mem_pestat] (25, 50, 75) percentile: (949, 1652, 2590)
[M::mem_pestat] low and high boundaries for computing mean and std.dev: (1, 5872)
[M::mem_pestat] mean and std.dev: (1745.65, 1124.07)
[M::mem_pestat] low and high boundaries for proper pairs: (1, 7513)
[M::mem_pestat] skip orientation FF
[M::mem_pestat] skip orientation RR
[M::mem_process_seqs] Processed 266668 reads in 227.198 CPU sec, 56.892 real sec
[M::process] read 266668 sequences (40000200 bp)...
[M::mem_pestat] # candidate unique pairs for (FF, FR, RF, RR): (33, 4778, 0, 30)
[M::mem_pestat] analyzing insert size distribution for orientation FF...
[M::mem_pestat] (25, 50, 75) percentile: (202, 904, 2097)
[M::mem_pestat] low and high boundaries for computing mean and std.dev: (1, 5887)
[M::mem_pestat] mean and std.dev: (1126.33, 1034.14)
[M::mem_pestat] low and high boundaries for proper pairs: (1, 7782)
[M::mem_pestat] analyzing insert size distribution for orientation FR...
[M::mem_pestat] (25, 50, 75) percentile: (321, 511, 537)
[M::mem_pestat] low and high boundaries for computing mean and std.dev: (1, 969)
[M::mem_pestat] mean and std.dev: (439.23, 158.14)
[M::mem_pestat] low and high boundaries for proper pairs: (1, 1185)
[M::mem_pestat] skip orientation RF as there are not enough pairs
[M::mem_pestat] analyzing insert size distribution for orientation RR...
[M::mem_pestat] (25, 50, 75) percentile: (1038, 1995, 2884)
[M::mem_pestat] low and high boundaries for computing mean and std.dev: (1, 6576)
[M::mem_pestat] mean and std.dev: (2039.76, 1493.93)
[M::mem_pestat] low and high boundaries for proper pairs: (1, 8422)
[M::mem_pestat] skip orientation FF
[M::mem_pestat] skip orientation RR
[M::mem_process_seqs] Processed 266668 reads in 228.262 CPU sec, 57.486 real sec
[M::process] read 266668 sequences (40000200 bp)...
[M::mem_pestat] # candidate unique pairs for (FF, FR, RF, RR): (29, 4817, 1, 21)
[M::mem_pestat] analyzing insert size distribution for orientation FF...
[M::mem_pestat] (25, 50, 75) percentile: (186, 769, 1512)
[M::mem_pestat] low and high boundaries for computing mean and std.dev: (1, 4164)
[M::mem_pestat] mean and std.dev: (768.04, 613.17)
[M::mem_pestat] low and high boundaries for proper pairs: (1, 5490)
[M::mem_pestat] analyzing insert size distribution for orientation FR...
[M::mem_pestat] (25, 50, 75) percentile: (322, 511, 535)
[M::mem_pestat] low and high boundaries for computing mean and std.dev: (1, 961)
[M::mem_pestat] mean and std.dev: (438.09, 156.32)
[M::mem_pestat] low and high boundaries for proper pairs: (1, 1174)
[M::mem_pestat] skip orientation RF as there are not enough pairs
[M::mem_pestat] analyzing insert size distribution for orientation RR...
[M::mem_pestat] (25, 50, 75) percentile: (865, 1154, 1960)
[M::mem_pestat] low and high boundaries for computing mean and std.dev: (1, 4150)
[M::mem_pestat] mean and std.dev: (1299.85, 715.57)
[M::mem_pestat] low and high boundaries for proper pairs: (1, 5245)
[M::mem_pestat] skip orientation FF
[M::mem_pestat] skip orientation RR
[M::mem_process_seqs] Processed 266668 reads in 222.456 CPU sec, 55.738 real sec
[M::process] read 266668 sequences (40000200 bp)...
[M::mem_pestat] # candidate unique pairs for (FF, FR, RF, RR): (30, 4809, 2, 33)
[M::mem_pestat] analyzing insert size distribution for orientation FF...
[M::mem_pestat] (25, 50, 75) percentile: (179, 860, 2639)
[M::mem_pestat] low and high boundaries for computing mean and std.dev: (1, 7559)
[M::mem_pestat] mean and std.dev: (1685.97, 1918.53)
[M::mem_pestat] low and high boundaries for proper pairs: (1, 10019)
[M::mem_pestat] analyzing insert size distribution for orientation FR...
[M::mem_pestat] (25, 50, 75) percentile: (319, 510, 536)
[M::mem_pestat] low and high boundaries for computing mean and std.dev: (1, 970)
[M::mem_pestat] mean and std.dev: (437.03, 157.57)
[M::mem_pestat] low and high boundaries for proper pairs: (1, 1187)
[M::mem_pestat] skip orientation RF as there are not enough pairs
[M::mem_pestat] analyzing insert size distribution for orientation RR...
[M::mem_pestat] (25, 50, 75) percentile: (657, 1315, 2207)
[M::mem_pestat] low and high boundaries for computing mean and std.dev: (1, 5307)
[M::mem_pestat] mean and std.dev: (1272.50, 1025.69)
[M::mem_pestat] low and high boundaries for proper pairs: (1, 6857)
[M::mem_pestat] skip orientation FF
[M::mem_pestat] skip orientation RR
[M::mem_process_seqs] Processed 266668 reads in 224.273 CPU sec, 56.167 real sec
[M::process] read 266668 sequences (40000200 bp)...
[M::mem_pestat] # candidate unique pairs for (FF, FR, RF, RR): (38, 4918, 3, 23)
[M::mem_pestat] analyzing insert size distribution for orientation FF...
[M::mem_pestat] (25, 50, 75) percentile: (173, 782, 1687)
[M::mem_pestat] low and high boundaries for computing mean and std.dev: (1, 4715)
[M::mem_pestat] mean and std.dev: (921.28, 896.69)
[M::mem_pestat] low and high boundaries for proper pairs: (1, 6229)
[M::mem_pestat] analyzing insert size distribution for orientation FR...
[M::mem_pestat] (25, 50, 75) percentile: (316, 511, 536)
[M::mem_pestat] low and high boundaries for computing mean and std.dev: (1, 976)
[M::mem_pestat] mean and std.dev: (437.48, 158.30)
[M::mem_pestat] low and high boundaries for proper pairs: (1, 1196)
[M::mem_pestat] skip orientation RF as there are not enough pairs
[M::mem_pestat] analyzing insert size distribution for orientation RR...
[M::mem_pestat] (25, 50, 75) percentile: (788, 1383, 3022)
[M::mem_pestat] low and high boundaries for computing mean and std.dev: (1, 7490)
[M::mem_pestat] mean and std.dev: (2069.39, 1884.03)
[M::mem_pestat] low and high boundaries for proper pairs: (1, 9724)
[M::mem_pestat] skip orientation FF
[M::mem_pestat] skip orientation RR
[M::mem_process_seqs] Processed 266668 reads in 227.722 CPU sec, 57.081 real sec
[M::process] read 266668 sequences (40000200 bp)...
[M::mem_pestat] # candidate unique pairs for (FF, FR, RF, RR): (30, 4881, 5, 14)
[M::mem_pestat] analyzing insert size distribution for orientation FF...
[M::mem_pestat] (25, 50, 75) percentile: (178, 1076, 2679)
[M::mem_pestat] low and high boundaries for computing mean and std.dev: (1, 7681)
[M::mem_pestat] mean and std.dev: (1558.37, 1557.60)
[M::mem_pestat] low and high boundaries for proper pairs: (1, 10182)
[M::mem_pestat] analyzing insert size distribution for orientation FR...
[M::mem_pestat] (25, 50, 75) percentile: (321, 511, 536)
[M::mem_pestat] low and high boundaries for computing mean and std.dev: (1, 966)
[M::mem_pestat] mean and std.dev: (438.82, 155.56)
[M::mem_pestat] low and high boundaries for proper pairs: (1, 1181)
[M::mem_pestat] skip orientation RF as there are not enough pairs
[M::mem_pestat] analyzing insert size distribution for orientation RR...
[M::mem_pestat] (25, 50, 75) percentile: (917, 971, 1968)
[M::mem_pestat] low and high boundaries for computing mean and std.dev: (1, 4070)
[M::mem_pestat] mean and std.dev: (964.55, 518.31)
[M::mem_pestat] low and high boundaries for proper pairs: (1, 5121)
[M::mem_pestat] skip orientation FF
[M::mem_pestat] skip orientation RR
[M::mem_process_seqs] Processed 266668 reads in 223.264 CPU sec, 55.928 real sec
[M::process] read 266668 sequences (40000200 bp)...
[M::mem_pestat] # candidate unique pairs for (FF, FR, RF, RR): (26, 4902, 1, 21)
[M::mem_pestat] analyzing insert size distribution for orientation FF...
[M::mem_pestat] (25, 50, 75) percentile: (397, 1062, 2935)
[M::mem_pestat] low and high boundaries for computing mean and std.dev: (1, 8011)
[M::mem_pestat] mean and std.dev: (2047.31, 2283.64)
[M::mem_pestat] low and high boundaries for proper pairs: (1, 11182)
[M::mem_pestat] analyzing insert size distribution for orientation FR...
[M::mem_pestat] (25, 50, 75) percentile: (315, 510, 535)
[M::mem_pestat] low and high boundaries for computing mean and std.dev: (1, 975)
[M::mem_pestat] mean and std.dev: (437.44, 157.40)
[M::mem_pestat] low and high boundaries for proper pairs: (1, 1195)
[M::mem_pestat] skip orientation RF as there are not enough pairs
[M::mem_pestat] analyzing insert size distribution for orientation RR...
[M::mem_pestat] (25, 50, 75) percentile: (727, 1163, 2722)
[M::mem_pestat] low and high boundaries for computing mean and std.dev: (1, 6712)
[M::mem_pestat] mean and std.dev: (1764.62, 1461.56)
[M::mem_pestat] low and high boundaries for proper pairs: (1, 8707)
[M::mem_pestat] skip orientation FF
[M::mem_pestat] skip orientation RR
[M::mem_process_seqs] Processed 266668 reads in 226.897 CPU sec, 56.823 real sec
[M::process] read 266668 sequences (40000200 bp)...
[M::mem_pestat] # candidate unique pairs for (FF, FR, RF, RR): (30, 4977, 4, 25)
[M::mem_pestat] analyzing insert size distribution for orientation FF...
[M::mem_pestat] (25, 50, 75) percentile: (244, 827, 1870)
[M::mem_pestat] low and high boundaries for computing mean and std.dev: (1, 5122)
[M::mem_pestat] mean and std.dev: (1212.43, 1137.77)
[M::mem_pestat] low and high boundaries for proper pairs: (1, 6748)
[M::mem_pestat] analyzing insert size distribution for orientation FR...
[M::mem_pestat] (25, 50, 75) percentile: (332, 512, 538)
[M::mem_pestat] low and high boundaries for computing mean and std.dev: (1, 950)
[M::mem_pestat] mean and std.dev: (443.75, 154.90)
[M::mem_pestat] low and high boundaries for proper pairs: (1, 1156)
[M::mem_pestat] skip orientation RF as there are not enough pairs
[M::mem_pestat] analyzing insert size distribution for orientation RR...
[M::mem_pestat] (25, 50, 75) percentile: (869, 1173, 3090)
[M::mem_pestat] low and high boundaries for computing mean and std.dev: (1, 7532)
[M::mem_pestat] mean and std.dev: (1773.68, 1651.84)
[M::mem_pestat] low and high boundaries for proper pairs: (1, 9753)
[M::mem_pestat] skip orientation FF
[M::mem_pestat] skip orientation RR
[M::mem_process_seqs] Processed 266668 reads in 222.708 CPU sec, 55.795 real sec
[M::process] read 266668 sequences (40000200 bp)...
[M::mem_pestat] # candidate unique pairs for (FF, FR, RF, RR): (34, 4920, 5, 22)
[M::mem_pestat] analyzing insert size distribution for orientation FF...
[M::mem_pestat] (25, 50, 75) percentile: (163, 903, 1792)
[M::mem_pestat] low and high boundaries for computing mean and std.dev: (1, 5050)
[M::mem_pestat] mean and std.dev: (1049.66, 972.96)
[M::mem_pestat] low and high boundaries for proper pairs: (1, 6679)
[M::mem_pestat] analyzing insert size distribution for orientation FR...
[M::mem_pestat] (25, 50, 75) percentile: (328, 511, 537)
[M::mem_pestat] low and high boundaries for computing mean and std.dev: (1, 955)
[M::mem_pestat] mean and std.dev: (441.70, 155.85)
[M::mem_pestat] low and high boundaries for proper pairs: (1, 1164)
[M::mem_pestat] skip orientation RF as there are not enough pairs
[M::mem_pestat] analyzing insert size distribution for orientation RR...
[M::mem_pestat] (25, 50, 75) percentile: (853, 1431, 2582)
[M::mem_pestat] low and high boundaries for computing mean and std.dev: (1, 6040)
[M::mem_pestat] mean and std.dev: (1587.38, 1046.95)
[M::mem_pestat] low and high boundaries for proper pairs: (1, 7769)
[M::mem_pestat] skip orientation FF
[M::mem_pestat] skip orientation RR
[M::mem_process_seqs] Processed 266668 reads in 227.476 CPU sec, 57.043 real sec
[M::process] read 266668 sequences (40000200 bp)...
[M::mem_pestat] # candidate unique pairs for (FF, FR, RF, RR): (27, 4765, 1, 23)
[M::mem_pestat] analyzing insert size distribution for orientation FF...
[M::mem_pestat] (25, 50, 75) percentile: (181, 675, 1956)
[M::mem_pestat] low and high boundaries for computing mean and std.dev: (1, 5506)
[M::mem_pestat] mean and std.dev: (918.88, 1002.78)
[M::mem_pestat] low and high boundaries for proper pairs: (1, 7281)
[M::mem_pestat] analyzing insert size distribution for orientation FR...
[M::mem_pestat] (25, 50, 75) percentile: (320, 511, 537)
[M::mem_pestat] low and high boundaries for computing mean and std.dev: (1, 971)
[M::mem_pestat] mean and std.dev: (438.04, 159.25)
[M::mem_pestat] low and high boundaries for proper pairs: (1, 1188)
[M::mem_pestat] skip orientation RF as there are not enough pairs
[M::mem_pestat] analyzing insert size distribution for orientation RR...
[M::mem_pestat] (25, 50, 75) percentile: (1062, 1789, 2759)
[M::mem_pestat] low and high boundaries for computing mean and std.dev: (1, 6153)
[M::mem_pestat] mean and std.dev: (1880.75, 1106.66)
[M::mem_pestat] low and high boundaries for proper pairs: (1, 7850)
[M::mem_pestat] skip orientation FF
[M::mem_pestat] skip orientation RR
[M::mem_process_seqs] Processed 266668 reads in 223.805 CPU sec, 56.059 real sec
[M::process] read 266668 sequences (40000200 bp)...
[M::mem_pestat] # candidate unique pairs for (FF, FR, RF, RR): (25, 4816, 0, 30)
[M::mem_pestat] analyzing insert size distribution for orientation FF...
[M::mem_pestat] (25, 50, 75) percentile: (322, 1105, 2007)
[M::mem_pestat] low and high boundaries for computing mean and std.dev: (1, 5377)
[M::mem_pestat] mean and std.dev: (1397.72, 1300.93)
[M::mem_pestat] low and high boundaries for proper pairs: (1, 7062)
[M::mem_pestat] analyzing insert size distribution for orientation FR...
[M::mem_pestat] (25, 50, 75) percentile: (329, 512, 538)
[M::mem_pestat] low and high boundaries for computing mean and std.dev: (1, 956)
[M::mem_pestat] mean and std.dev: (441.46, 155.53)
[M::mem_pestat] low and high boundaries for proper pairs: (1, 1165)
[M::mem_pestat] skip orientation RF as there are not enough pairs
[M::mem_pestat] analyzing insert size distribution for orientation RR...
[M::mem_pestat] (25, 50, 75) percentile: (736, 1194, 2525)
[M::mem_pestat] low and high boundaries for computing mean and std.dev: (1, 6103)
[M::mem_pestat] mean and std.dev: (1373.31, 1350.60)
[M::mem_pestat] low and high boundaries for proper pairs: (1, 7892)
[M::mem_pestat] skip orientation FF
[M::mem_pestat] skip orientation RR
[M::mem_process_seqs] Processed 266668 reads in 221.614 CPU sec, 55.567 real sec
[M::process] read 266668 sequences (40000200 bp)...
[M::mem_pestat] # candidate unique pairs for (FF, FR, RF, RR): (22, 4809, 2, 29)
[M::mem_pestat] analyzing insert size distribution for orientation FF...
[M::mem_pestat] (25, 50, 75) percentile: (271, 1528, 2486)
[M::mem_pestat] low and high boundaries for computing mean and std.dev: (1, 6916)
[M::mem_pestat] mean and std.dev: (1596.14, 1357.69)
[M::mem_pestat] low and high boundaries for proper pairs: (1, 9131)
[M::mem_pestat] analyzing insert size distribution for orientation FR...
[M::mem_pestat] (25, 50, 75) percentile: (317, 512, 537)
[M::mem_pestat] low and high boundaries for computing mean and std.dev: (1, 977)
[M::mem_pestat] mean and std.dev: (438.52, 158.07)
[M::mem_pestat] low and high boundaries for proper pairs: (1, 1197)
[M::mem_pestat] skip orientation RF as there are not enough pairs
[M::mem_pestat] analyzing insert size distribution for orientation RR...
[M::mem_pestat] (25, 50, 75) percentile: (591, 1339, 2260)
[M::mem_pestat] low and high boundaries for computing mean and std.dev: (1, 5598)
[M::mem_pestat] mean and std.dev: (1634.07, 1434.73)
[M::mem_pestat] low and high boundaries for proper pairs: (1, 7373)
[M::mem_pestat] skip orientation FF
[M::mem_pestat] skip orientation RR
[M::mem_process_seqs] Processed 266668 reads in 222.640 CPU sec, 55.918 real sec
[M::process] read 266668 sequences (40000200 bp)...
[M::mem_pestat] # candidate unique pairs for (FF, FR, RF, RR): (32, 4924, 7, 25)
[M::mem_pestat] analyzing insert size distribution for orientation FF...
[M::mem_pestat] (25, 50, 75) percentile: (235, 760, 1262)
[M::mem_pestat] low and high boundaries for computing mean and std.dev: (1, 3316)
[M::mem_pestat] mean and std.dev: (771.59, 737.12)
[M::mem_pestat] low and high boundaries for proper pairs: (1, 4343)
[M::mem_pestat] analyzing insert size distribution for orientation FR...
[M::mem_pestat] (25, 50, 75) percentile: (321, 511, 538)
[M::mem_pestat] low and high boundaries for computing mean and std.dev: (1, 972)
[M::mem_pestat] mean and std.dev: (438.87, 157.71)
[M::mem_pestat] low and high boundaries for proper pairs: (1, 1189)
[M::mem_pestat] skip orientation RF as there are not enough pairs
[M::mem_pestat] analyzing insert size distribution for orientation RR...
[M::mem_pestat] (25, 50, 75) percentile: (1024, 1629, 2911)
[M::mem_pestat] low and high boundaries for computing mean and std.dev: (1, 6685)
[M::mem_pestat] mean and std.dev: (1758.36, 1132.40)
[M::mem_pestat] low and high boundaries for proper pairs: (1, 8572)
[M::mem_pestat] skip orientation FF
[M::mem_pestat] skip orientation RR
[M::mem_process_seqs] Processed 266668 reads in 222.383 CPU sec, 55.681 real sec
[M::process] read 266668 sequences (40000200 bp)...
[M::mem_pestat] # candidate unique pairs for (FF, FR, RF, RR): (24, 4892, 3, 23)
[M::mem_pestat] analyzing insert size distribution for orientation FF...
[M::mem_pestat] (25, 50, 75) percentile: (549, 1083, 1379)
[M::mem_pestat] low and high boundaries for computing mean and std.dev: (1, 3039)
[M::mem_pestat] mean and std.dev: (1032.39, 779.43)
[M::mem_pestat] low and high boundaries for proper pairs: (1, 4150)
[M::mem_pestat] analyzing insert size distribution for orientation FR...
[M::mem_pestat] (25, 50, 75) percentile: (325, 512, 537)
[M::mem_pestat] low and high boundaries for computing mean and std.dev: (1, 961)
[M::mem_pestat] mean and std.dev: (440.09, 156.72)
[M::mem_pestat] low and high boundaries for proper pairs: (1, 1173)
[M::mem_pestat] skip orientation RF as there are not enough pairs
[M::mem_pestat] analyzing insert size distribution for orientation RR...
[M::mem_pestat] (25, 50, 75) percentile: (673, 1058, 1763)
[M::mem_pestat] low and high boundaries for computing mean and std.dev: (1, 3943)
[M::mem_pestat] mean and std.dev: (1174.57, 818.27)
[M::mem_pestat] low and high boundaries for proper pairs: (1, 5033)
[M::mem_pestat] skip orientation FF
[M::mem_pestat] skip orientation RR
[M::mem_process_seqs] Processed 266668 reads in 221.396 CPU sec, 55.446 real sec
[M::process] read 266668 sequences (40000200 bp)...
[M::mem_pestat] # candidate unique pairs for (FF, FR, RF, RR): (29, 4838, 4, 24)
[M::mem_pestat] analyzing insert size distribution for orientation FF...
[M::mem_pestat] (25, 50, 75) percentile: (550, 983, 3161)
[M::mem_pestat] low and high boundaries for computing mean and std.dev: (1, 8383)
[M::mem_pestat] mean and std.dev: (1676.14, 1646.98)
[M::mem_pestat] low and high boundaries for proper pairs: (1, 10994)
[M::mem_pestat] analyzing insert size distribution for orientation FR...
[M::mem_pestat] (25, 50, 75) percentile: (334, 512, 538)
[M::mem_pestat] low and high boundaries for computing mean and std.dev: (1, 946)
[M::mem_pestat] mean and std.dev: (444.27, 155.24)
[M::mem_pestat] low and high boundaries for proper pairs: (1, 1150)
[M::mem_pestat] skip orientation RF as there are not enough pairs
[M::mem_pestat] analyzing insert size distribution for orientation RR...
[M::mem_pestat] (25, 50, 75) percentile: (822, 986, 2972)
[M::mem_pestat] low and high boundaries for computing mean and std.dev: (1, 7272)
[M::mem_pestat] mean and std.dev: (1576.88, 1134.68)
[M::mem_pestat] low and high boundaries for proper pairs: (1, 9422)
[M::mem_pestat] skip orientation FF
[M::mem_pestat] skip orientation RR
[M::mem_process_seqs] Processed 266668 reads in 220.764 CPU sec, 55.355 real sec
[M::process] read 266668 sequences (40000200 bp)...
[M::mem_pestat] # candidate unique pairs for (FF, FR, RF, RR): (27, 4987, 6, 21)
[M::mem_pestat] analyzing insert size distribution for orientation FF...
[M::mem_pestat] (25, 50, 75) percentile: (192, 421, 1433)
[M::mem_pestat] low and high boundaries for computing mean and std.dev: (1, 3915)
[M::mem_pestat] mean and std.dev: (676.32, 617.54)
[M::mem_pestat] low and high boundaries for proper pairs: (1, 5156)
[M::mem_pestat] analyzing insert size distribution for orientation FR...
[M::mem_pestat] (25, 50, 75) percentile: (312, 511, 537)
[M::mem_pestat] low and high boundaries for computing mean and std.dev: (1, 987)
[M::mem_pestat] mean and std.dev: (436.25, 158.50)
[M::mem_pestat] low and high boundaries for proper pairs: (1, 1212)
[M::mem_pestat] skip orientation RF as there are not enough pairs
[M::mem_pestat] analyzing insert size distribution for orientation RR...
[M::mem_pestat] (25, 50, 75) percentile: (995, 1413, 3246)
[M::mem_pestat] low and high boundaries for computing mean and std.dev: (1, 7748)
[M::mem_pestat] mean and std.dev: (1933.35, 1560.19)
[M::mem_pestat] low and high boundaries for proper pairs: (1, 9999)
[M::mem_pestat] skip orientation FF
[M::mem_pestat] skip orientation RR
[M::mem_process_seqs] Processed 266668 reads in 228.482 CPU sec, 57.223 real sec
[M::process] read 266668 sequences (40000200 bp)...
[M::mem_pestat] # candidate unique pairs for (FF, FR, RF, RR): (35, 5025, 2, 30)
[M::mem_pestat] analyzing insert size distribution for orientation FF...
[M::mem_pestat] (25, 50, 75) percentile: (192, 896, 1654)
[M::mem_pestat] low and high boundaries for computing mean and std.dev: (1, 4578)
[M::mem_pestat] mean and std.dev: (1184.24, 1220.08)
[M::mem_pestat] low and high boundaries for proper pairs: (1, 6065)
[M::mem_pestat] analyzing insert size distribution for orientation FR...
[M::mem_pestat] (25, 50, 75) percentile: (325, 511, 537)
[M::mem_pestat] low and high boundaries for computing mean and std.dev: (1, 961)
[M::mem_pestat] mean and std.dev: (439.63, 157.75)
[M::mem_pestat] low and high boundaries for proper pairs: (1, 1173)
[M::mem_pestat] skip orientation RF as there are not enough pairs
[M::mem_pestat] analyzing insert size distribution for orientation RR...
[M::mem_pestat] (25, 50, 75) percentile: (777, 1473, 2827)
[M::mem_pestat] low and high boundaries for computing mean and std.dev: (1, 6927)
[M::mem_pestat] mean and std.dev: (1912.90, 1559.56)
[M::mem_pestat] low and high boundaries for proper pairs: (1, 8977)
[M::mem_pestat] skip orientation FF
[M::mem_pestat] skip orientation RR
[M::mem_process_seqs] Processed 266668 reads in 225.997 CPU sec, 56.605 real sec
[M::process] read 266668 sequences (40000200 bp)...
[M::mem_pestat] # candidate unique pairs for (FF, FR, RF, RR): (19, 4886, 0, 21)
[M::mem_pestat] analyzing insert size distribution for orientation FF...
[M::mem_pestat] (25, 50, 75) percentile: (168, 670, 1089)
[M::mem_pestat] low and high boundaries for computing mean and std.dev: (1, 2931)
[M::mem_pestat] mean and std.dev: (650.21, 497.66)
[M::mem_pestat] low and high boundaries for proper pairs: (1, 3852)
[M::mem_pestat] analyzing insert size distribution for orientation FR...
[M::mem_pestat] (25, 50, 75) percentile: (330, 511, 537)
[M::mem_pestat] low and high boundaries for computing mean and std.dev: (1, 951)
[M::mem_pestat] mean and std.dev: (440.71, 157.69)
[M::mem_pestat] low and high boundaries for proper pairs: (1, 1158)
[M::mem_pestat] skip orientation RF as there are not enough pairs
[M::mem_pestat] analyzing insert size distribution for orientation RR...
[M::mem_pestat] (25, 50, 75) percentile: (728, 1879, 4356)
[M::mem_pestat] low and high boundaries for computing mean and std.dev: (1, 11612)
[M::mem_pestat] mean and std.dev: (2330.33, 1731.31)
[M::mem_pestat] low and high boundaries for proper pairs: (1, 15240)
[M::mem_pestat] skip orientation FF
[M::mem_pestat] skip orientation RR
[M::mem_process_seqs] Processed 266668 reads in 221.577 CPU sec, 55.492 real sec
[M::process] read 112290 sequences (16843500 bp)...
[M::mem_pestat] # candidate unique pairs for (FF, FR, RF, RR): (25, 4897, 1, 18)
[M::mem_pestat] analyzing insert size distribution for orientation FF...
[M::mem_pestat] (25, 50, 75) percentile: (174, 618, 1194)
[M::mem_pestat] low and high boundaries for computing mean and std.dev: (1, 3234)
[M::mem_pestat] mean and std.dev: (792.21, 752.21)
[M::mem_pestat] low and high boundaries for proper pairs: (1, 4254)
[M::mem_pestat] analyzing insert size distribution for orientation FR...
[M::mem_pestat] (25, 50, 75) percentile: (325, 511, 538)
[M::mem_pestat] low and high boundaries for computing mean and std.dev: (1, 964)
[M::mem_pestat] mean and std.dev: (441.23, 156.83)
[M::mem_pestat] low and high boundaries for proper pairs: (1, 1177)
[M::mem_pestat] skip orientation RF as there are not enough pairs
[M::mem_pestat] analyzing insert size distribution for orientation RR...
[M::mem_pestat] (25, 50, 75) percentile: (814, 1169, 2005)
[M::mem_pestat] low and high boundaries for computing mean and std.dev: (1, 4387)
[M::mem_pestat] mean and std.dev: (1154.31, 650.74)
[M::mem_pestat] low and high boundaries for proper pairs: (1, 5578)
[M::mem_pestat] skip orientation FF
[M::mem_pestat] skip orientation RR
[M::mem_process_seqs] Processed 266668 reads in 223.683 CPU sec, 56.059 real sec
[M::mem_pestat] # candidate unique pairs for (FF, FR, RF, RR): (16, 2087, 1, 7)
[M::mem_pestat] analyzing insert size distribution for orientation FF...
[M::mem_pestat] (25, 50, 75) percentile: (189, 296, 716)
[M::mem_pestat] low and high boundaries for computing mean and std.dev: (1, 1770)
[M::mem_pestat] mean and std.dev: (444.73, 401.74)
[M::mem_pestat] low and high boundaries for proper pairs: (1, 2297)
[M::mem_pestat] analyzing insert size distribution for orientation FR...
[M::mem_pestat] (25, 50, 75) percentile: (325, 511, 536)
[M::mem_pestat] low and high boundaries for computing mean and std.dev: (1, 958)
[M::mem_pestat] mean and std.dev: (438.84, 153.61)
[M::mem_pestat] low and high boundaries for proper pairs: (1, 1169)
[M::mem_pestat] skip orientation RF as there are not enough pairs
[M::mem_pestat] skip orientation RR as there are not enough pairs
[M::mem_pestat] skip orientation FF
[M::mem_process_seqs] Processed 112290 reads in 98.761 CPU sec, 24.745 real sec
[main] Version: 0.7.17-r1188
[main] CMD: bwa mem -t 4 -a /mnt/raid6/bacphagenetwork/data/bwa_index/chm13v2.0_noY.fa /mnt/raid6/bacphagenetwork/data/skin_metagenome/Guangzhou/02_rm_host/099_1.fastq.gz /mnt/raid6/bacphagenetwork/data/skin_metagenome/Guangzhou/02_rm_host/099_2.fastq.gz
[main] Real time: 3272.465 sec; CPU: 13040.483 sec
