/home/bacphagenetwork/.bashrc: line 15: Custom: command not found
[M::bwa_idx_load_from_disk] read 0 ALT contigs
[M::process] read 266668 sequences (40000200 bp)...
[M::process] read 266668 sequences (40000200 bp)...
[M::mem_pestat] # candidate unique pairs for (FF, FR, RF, RR): (3, 4883, 4, 8)
[M::mem_pestat] skip orientation FF as there are not enough pairs
[M::mem_pestat] analyzing insert size distribution for orientation FR...
[M::mem_pestat] (25, 50, 75) percentile: (144, 338, 523)
[M::mem_pestat] low and high boundaries for computing mean and std.dev: (1, 1281)
[M::mem_pestat] mean and std.dev: (351.54, 188.85)
[M::mem_pestat] low and high boundaries for proper pairs: (1, 1660)
[M::mem_pestat] skip orientation RF as there are not enough pairs
[M::mem_pestat] skip orientation RR as there are not enough pairs
[M::mem_process_seqs] Processed 266668 reads in 324.806 CPU sec, 81.438 real sec
[M::process] read 266668 sequences (40000200 bp)...
[M::mem_pestat] # candidate unique pairs for (FF, FR, RF, RR): (6, 4913, 1, 8)
[M::mem_pestat] skip orientation FF as there are not enough pairs
[M::mem_pestat] analyzing insert size distribution for orientation FR...
[M::mem_pestat] (25, 50, 75) percentile: (146, 361, 525)
[M::mem_pestat] low and high boundaries for computing mean and std.dev: (1, 1283)
[M::mem_pestat] mean and std.dev: (359.70, 188.00)
[M::mem_pestat] low and high boundaries for proper pairs: (1, 1662)
[M::mem_pestat] skip orientation RF as there are not enough pairs
[M::mem_pestat] skip orientation RR as there are not enough pairs
[M::mem_process_seqs] Processed 266668 reads in 312.567 CPU sec, 78.288 real sec
[M::process] read 266668 sequences (40000200 bp)...
[M::mem_pestat] # candidate unique pairs for (FF, FR, RF, RR): (7, 4721, 7, 9)
[M::mem_pestat] skip orientation FF as there are not enough pairs
[M::mem_pestat] analyzing insert size distribution for orientation FR...
[M::mem_pestat] (25, 50, 75) percentile: (145, 345, 522)
[M::mem_pestat] low and high boundaries for computing mean and std.dev: (1, 1276)
[M::mem_pestat] mean and std.dev: (350.65, 187.38)
[M::mem_pestat] low and high boundaries for proper pairs: (1, 1653)
[M::mem_pestat] skip orientation RF as there are not enough pairs
[M::mem_pestat] skip orientation RR as there are not enough pairs
[M::mem_process_seqs] Processed 266668 reads in 314.069 CPU sec, 78.828 real sec
[M::process] read 266668 sequences (40000200 bp)...
[M::mem_pestat] # candidate unique pairs for (FF, FR, RF, RR): (6, 4876, 3, 7)
[M::mem_pestat] skip orientation FF as there are not enough pairs
[M::mem_pestat] analyzing insert size distribution for orientation FR...
[M::mem_pestat] (25, 50, 75) percentile: (145, 370, 524)
[M::mem_pestat] low and high boundaries for computing mean and std.dev: (1, 1282)
[M::mem_pestat] mean and std.dev: (359.01, 189.64)
[M::mem_pestat] low and high boundaries for proper pairs: (1, 1661)
[M::mem_pestat] skip orientation RF as there are not enough pairs
[M::mem_pestat] skip orientation RR as there are not enough pairs
[M::mem_process_seqs] Processed 266668 reads in 308.203 CPU sec, 77.411 real sec
[M::process] read 266668 sequences (40000200 bp)...
[M::mem_pestat] # candidate unique pairs for (FF, FR, RF, RR): (7, 4774, 9, 6)
[M::mem_pestat] skip orientation FF as there are not enough pairs
[M::mem_pestat] analyzing insert size distribution for orientation FR...
[M::mem_pestat] (25, 50, 75) percentile: (144, 343, 523)
[M::mem_pestat] low and high boundaries for computing mean and std.dev: (1, 1281)
[M::mem_pestat] mean and std.dev: (352.00, 187.51)
[M::mem_pestat] low and high boundaries for proper pairs: (1, 1660)
[M::mem_pestat] skip orientation RF as there are not enough pairs
[M::mem_pestat] skip orientation RR as there are not enough pairs
[M::mem_process_seqs] Processed 266668 reads in 310.342 CPU sec, 77.753 real sec
[M::process] read 266668 sequences (40000200 bp)...
[M::mem_pestat] # candidate unique pairs for (FF, FR, RF, RR): (5, 4800, 9, 6)
[M::mem_pestat] skip orientation FF as there are not enough pairs
[M::mem_pestat] analyzing insert size distribution for orientation FR...
[M::mem_pestat] (25, 50, 75) percentile: (145, 379, 526)
[M::mem_pestat] low and high boundaries for computing mean and std.dev: (1, 1288)
[M::mem_pestat] mean and std.dev: (363.11, 189.83)
[M::mem_pestat] low and high boundaries for proper pairs: (1, 1669)
[M::mem_pestat] skip orientation RF as there are not enough pairs
[M::mem_pestat] skip orientation RR as there are not enough pairs
[M::mem_process_seqs] Processed 266668 reads in 308.190 CPU sec, 77.136 real sec
[M::process] read 266668 sequences (40000200 bp)...
[M::mem_pestat] # candidate unique pairs for (FF, FR, RF, RR): (6, 4946, 5, 8)
[M::mem_pestat] skip orientation FF as there are not enough pairs
[M::mem_pestat] analyzing insert size distribution for orientation FR...
[M::mem_pestat] (25, 50, 75) percentile: (144, 338, 523)
[M::mem_pestat] low and high boundaries for computing mean and std.dev: (1, 1281)
[M::mem_pestat] mean and std.dev: (350.66, 188.99)
[M::mem_pestat] low and high boundaries for proper pairs: (1, 1660)
[M::mem_pestat] skip orientation RF as there are not enough pairs
[M::mem_pestat] skip orientation RR as there are not enough pairs
[M::mem_process_seqs] Processed 266668 reads in 314.595 CPU sec, 78.800 real sec
[M::process] read 266668 sequences (40000200 bp)...
[M::mem_pestat] # candidate unique pairs for (FF, FR, RF, RR): (6, 5033, 5, 5)
[M::mem_pestat] skip orientation FF as there are not enough pairs
[M::mem_pestat] analyzing insert size distribution for orientation FR...
[M::mem_pestat] (25, 50, 75) percentile: (144, 364, 525)
[M::mem_pestat] low and high boundaries for computing mean and std.dev: (1, 1287)
[M::mem_pestat] mean and std.dev: (358.41, 189.75)
[M::mem_pestat] low and high boundaries for proper pairs: (1, 1668)
[M::mem_pestat] skip orientation RF as there are not enough pairs
[M::mem_pestat] skip orientation RR as there are not enough pairs
[M::mem_process_seqs] Processed 266668 reads in 311.537 CPU sec, 78.021 real sec
[M::process] read 266668 sequences (40000200 bp)...
[M::mem_pestat] # candidate unique pairs for (FF, FR, RF, RR): (6, 4913, 9, 4)
[M::mem_pestat] skip orientation FF as there are not enough pairs
[M::mem_pestat] analyzing insert size distribution for orientation FR...
[M::mem_pestat] (25, 50, 75) percentile: (144, 349, 524)
[M::mem_pestat] low and high boundaries for computing mean and std.dev: (1, 1284)
[M::mem_pestat] mean and std.dev: (353.13, 189.77)
[M::mem_pestat] low and high boundaries for proper pairs: (1, 1664)
[M::mem_pestat] skip orientation RF as there are not enough pairs
[M::mem_pestat] skip orientation RR as there are not enough pairs
[M::mem_process_seqs] Processed 266668 reads in 315.546 CPU sec, 79.039 real sec
[M::process] read 266668 sequences (40000200 bp)...
[M::mem_pestat] # candidate unique pairs for (FF, FR, RF, RR): (11, 4931, 5, 5)
[M::mem_pestat] analyzing insert size distribution for orientation FF...
[M::mem_pestat] (25, 50, 75) percentile: (172, 789, 3772)
[M::mem_pestat] low and high boundaries for computing mean and std.dev: (1, 10972)
[M::mem_pestat] mean and std.dev: (1698.91, 2144.55)
[M::mem_pestat] low and high boundaries for proper pairs: (1, 14572)
[M::mem_pestat] analyzing insert size distribution for orientation FR...
[M::mem_pestat] (25, 50, 75) percentile: (144, 355, 525)
[M::mem_pestat] low and high boundaries for computing mean and std.dev: (1, 1287)
[M::mem_pestat] mean and std.dev: (355.49, 192.50)
[M::mem_pestat] low and high boundaries for proper pairs: (1, 1668)
[M::mem_pestat] skip orientation RF as there are not enough pairs
[M::mem_pestat] skip orientation RR as there are not enough pairs
[M::mem_pestat] skip orientation FF
[M::mem_process_seqs] Processed 266668 reads in 308.698 CPU sec, 77.286 real sec
[M::process] read 266668 sequences (40000200 bp)...
[M::mem_pestat] # candidate unique pairs for (FF, FR, RF, RR): (12, 4887, 6, 9)
[M::mem_pestat] analyzing insert size distribution for orientation FF...
[M::mem_pestat] (25, 50, 75) percentile: (157, 614, 2265)
[M::mem_pestat] low and high boundaries for computing mean and std.dev: (1, 6481)
[M::mem_pestat] mean and std.dev: (908.73, 1168.43)
[M::mem_pestat] low and high boundaries for proper pairs: (1, 8589)
[M::mem_pestat] analyzing insert size distribution for orientation FR...
[M::mem_pestat] (25, 50, 75) percentile: (144, 356, 526)
[M::mem_pestat] low and high boundaries for computing mean and std.dev: (1, 1290)
[M::mem_pestat] mean and std.dev: (355.63, 192.28)
[M::mem_pestat] low and high boundaries for proper pairs: (1, 1672)
[M::mem_pestat] skip orientation RF as there are not enough pairs
[M::mem_pestat] skip orientation RR as there are not enough pairs
[M::mem_pestat] skip orientation FF
[M::mem_process_seqs] Processed 266668 reads in 311.943 CPU sec, 78.079 real sec
[M::process] read 266668 sequences (40000200 bp)...
[M::mem_pestat] # candidate unique pairs for (FF, FR, RF, RR): (7, 4932, 4, 9)
[M::mem_pestat] skip orientation FF as there are not enough pairs
[M::mem_pestat] analyzing insert size distribution for orientation FR...
[M::mem_pestat] (25, 50, 75) percentile: (144, 367, 524)
[M::mem_pestat] low and high boundaries for computing mean and std.dev: (1, 1284)
[M::mem_pestat] mean and std.dev: (358.46, 189.75)
[M::mem_pestat] low and high boundaries for proper pairs: (1, 1664)
[M::mem_pestat] skip orientation RF as there are not enough pairs
[M::mem_pestat] skip orientation RR as there are not enough pairs
[M::mem_process_seqs] Processed 266668 reads in 302.243 CPU sec, 75.679 real sec
[M::process] read 266668 sequences (40000200 bp)...
[M::mem_pestat] # candidate unique pairs for (FF, FR, RF, RR): (9, 5130, 3, 8)
[M::mem_pestat] skip orientation FF as there are not enough pairs
[M::mem_pestat] analyzing insert size distribution for orientation FR...
[M::mem_pestat] (25, 50, 75) percentile: (144, 367, 526)
[M::mem_pestat] low and high boundaries for computing mean and std.dev: (1, 1290)
[M::mem_pestat] mean and std.dev: (359.74, 191.19)
[M::mem_pestat] low and high boundaries for proper pairs: (1, 1672)
[M::mem_pestat] skip orientation RF as there are not enough pairs
[M::mem_pestat] skip orientation RR as there are not enough pairs
[M::mem_process_seqs] Processed 266668 reads in 310.985 CPU sec, 77.843 real sec
[M::process] read 266668 sequences (40000200 bp)...
[M::mem_pestat] # candidate unique pairs for (FF, FR, RF, RR): (8, 4808, 6, 6)
[M::mem_pestat] skip orientation FF as there are not enough pairs
[M::mem_pestat] analyzing insert size distribution for orientation FR...
[M::mem_pestat] (25, 50, 75) percentile: (144, 364, 526)
[M::mem_pestat] low and high boundaries for computing mean and std.dev: (1, 1290)
[M::mem_pestat] mean and std.dev: (358.91, 189.73)
[M::mem_pestat] low and high boundaries for proper pairs: (1, 1672)
[M::mem_pestat] skip orientation RF as there are not enough pairs
[M::mem_pestat] skip orientation RR as there are not enough pairs
[M::mem_process_seqs] Processed 266668 reads in 305.409 CPU sec, 76.470 real sec
[M::process] read 266668 sequences (40000200 bp)...
[M::mem_pestat] # candidate unique pairs for (FF, FR, RF, RR): (6, 4938, 7, 8)
[M::mem_pestat] skip orientation FF as there are not enough pairs
[M::mem_pestat] analyzing insert size distribution for orientation FR...
[M::mem_pestat] (25, 50, 75) percentile: (144, 375, 527)
[M::mem_pestat] low and high boundaries for computing mean and std.dev: (1, 1293)
[M::mem_pestat] mean and std.dev: (360.27, 192.35)
[M::mem_pestat] low and high boundaries for proper pairs: (1, 1676)
[M::mem_pestat] skip orientation RF as there are not enough pairs
[M::mem_pestat] skip orientation RR as there are not enough pairs
[M::mem_process_seqs] Processed 266668 reads in 314.524 CPU sec, 78.773 real sec
[M::process] read 266668 sequences (40000200 bp)...
[M::mem_pestat] # candidate unique pairs for (FF, FR, RF, RR): (8, 4854, 9, 11)
[M::mem_pestat] skip orientation FF as there are not enough pairs
[M::mem_pestat] analyzing insert size distribution for orientation FR...
[M::mem_pestat] (25, 50, 75) percentile: (144, 351, 525)
[M::mem_pestat] low and high boundaries for computing mean and std.dev: (1, 1287)
[M::mem_pestat] mean and std.dev: (354.45, 190.62)
[M::mem_pestat] low and high boundaries for proper pairs: (1, 1668)
[M::mem_pestat] skip orientation RF as there are not enough pairs
[M::mem_pestat] analyzing insert size distribution for orientation RR...
[M::mem_pestat] (25, 50, 75) percentile: (298, 327, 1460)
[M::mem_pestat] low and high boundaries for computing mean and std.dev: (1, 3784)
[M::mem_pestat] mean and std.dev: (862.82, 931.93)
[M::mem_pestat] low and high boundaries for proper pairs: (1, 4946)
[M::mem_pestat] skip orientation RR
[M::mem_process_seqs] Processed 266668 reads in 304.961 CPU sec, 76.358 real sec
[M::process] read 266668 sequences (40000200 bp)...
[M::mem_pestat] # candidate unique pairs for (FF, FR, RF, RR): (10, 4930, 6, 3)
[M::mem_pestat] analyzing insert size distribution for orientation FF...
[M::mem_pestat] (25, 50, 75) percentile: (182, 349, 1324)
[M::mem_pestat] low and high boundaries for computing mean and std.dev: (1, 3608)
[M::mem_pestat] mean and std.dev: (588.22, 640.68)
[M::mem_pestat] low and high boundaries for proper pairs: (1, 4750)
[M::mem_pestat] analyzing insert size distribution for orientation FR...
[M::mem_pestat] (25, 50, 75) percentile: (144, 350, 523)
[M::mem_pestat] low and high boundaries for computing mean and std.dev: (1, 1281)
[M::mem_pestat] mean and std.dev: (355.49, 190.59)
[M::mem_pestat] low and high boundaries for proper pairs: (1, 1660)
[M::mem_pestat] skip orientation RF as there are not enough pairs
[M::mem_pestat] skip orientation RR as there are not enough pairs
[M::mem_pestat] skip orientation FF
[M::mem_process_seqs] Processed 266668 reads in 311.011 CPU sec, 77.852 real sec
[M::process] read 266668 sequences (40000200 bp)...
[M::mem_pestat] # candidate unique pairs for (FF, FR, RF, RR): (6, 4806, 8, 4)
[M::mem_pestat] skip orientation FF as there are not enough pairs
[M::mem_pestat] analyzing insert size distribution for orientation FR...
[M::mem_pestat] (25, 50, 75) percentile: (144, 371, 525)
[M::mem_pestat] low and high boundaries for computing mean and std.dev: (1, 1287)
[M::mem_pestat] mean and std.dev: (358.92, 191.41)
[M::mem_pestat] low and high boundaries for proper pairs: (1, 1668)
[M::mem_pestat] skip orientation RF as there are not enough pairs
[M::mem_pestat] skip orientation RR as there are not enough pairs
[M::mem_process_seqs] Processed 266668 reads in 313.309 CPU sec, 78.472 real sec
[M::process] read 266668 sequences (40000200 bp)...
[M::mem_pestat] # candidate unique pairs for (FF, FR, RF, RR): (3, 4992, 6, 4)
[M::mem_pestat] skip orientation FF as there are not enough pairs
[M::mem_pestat] analyzing insert size distribution for orientation FR...
[M::mem_pestat] (25, 50, 75) percentile: (144, 356, 526)
[M::mem_pestat] low and high boundaries for computing mean and std.dev: (1, 1290)
[M::mem_pestat] mean and std.dev: (357.06, 190.05)
[M::mem_pestat] low and high boundaries for proper pairs: (1, 1672)
[M::mem_pestat] skip orientation RF as there are not enough pairs
[M::mem_pestat] skip orientation RR as there are not enough pairs
[M::mem_process_seqs] Processed 266668 reads in 308.707 CPU sec, 77.275 real sec
[M::process] read 266668 sequences (40000200 bp)...
[M::mem_pestat] # candidate unique pairs for (FF, FR, RF, RR): (14, 4961, 7, 8)
[M::mem_pestat] analyzing insert size distribution for orientation FF...
[M::mem_pestat] (25, 50, 75) percentile: (578, 1084, 2362)
[M::mem_pestat] low and high boundaries for computing mean and std.dev: (1, 5930)
[M::mem_pestat] mean and std.dev: (1549.71, 1333.38)
[M::mem_pestat] low and high boundaries for proper pairs: (1, 7714)
[M::mem_pestat] analyzing insert size distribution for orientation FR...
[M::mem_pestat] (25, 50, 75) percentile: (144, 360, 524)
[M::mem_pestat] low and high boundaries for computing mean and std.dev: (1, 1284)
[M::mem_pestat] mean and std.dev: (357.20, 189.61)
[M::mem_pestat] low and high boundaries for proper pairs: (1, 1664)
[M::mem_pestat] skip orientation RF as there are not enough pairs
[M::mem_pestat] skip orientation RR as there are not enough pairs
[M::mem_pestat] skip orientation FF
[M::mem_process_seqs] Processed 266668 reads in 313.800 CPU sec, 78.569 real sec
[M::process] read 266668 sequences (40000200 bp)...
[M::mem_pestat] # candidate unique pairs for (FF, FR, RF, RR): (10, 4851, 5, 6)
[M::mem_pestat] analyzing insert size distribution for orientation FF...
[M::mem_pestat] (25, 50, 75) percentile: (144, 713, 1458)
[M::mem_pestat] low and high boundaries for computing mean and std.dev: (1, 4086)
[M::mem_pestat] mean and std.dev: (614.78, 576.95)
[M::mem_pestat] low and high boundaries for proper pairs: (1, 5400)
[M::mem_pestat] analyzing insert size distribution for orientation FR...
[M::mem_pestat] (25, 50, 75) percentile: (145, 354, 524)
[M::mem_pestat] low and high boundaries for computing mean and std.dev: (1, 1282)
[M::mem_pestat] mean and std.dev: (358.26, 188.43)
[M::mem_pestat] low and high boundaries for proper pairs: (1, 1661)
[M::mem_pestat] skip orientation RF as there are not enough pairs
[M::mem_pestat] skip orientation RR as there are not enough pairs
[M::mem_pestat] skip orientation FF
[M::mem_process_seqs] Processed 266668 reads in 309.298 CPU sec, 77.433 real sec
[M::process] read 266668 sequences (40000200 bp)...
[M::mem_pestat] # candidate unique pairs for (FF, FR, RF, RR): (10, 4919, 2, 8)
[M::mem_pestat] analyzing insert size distribution for orientation FF...
[M::mem_pestat] (25, 50, 75) percentile: (161, 551, 1066)
[M::mem_pestat] low and high boundaries for computing mean and std.dev: (1, 2876)
[M::mem_pestat] mean and std.dev: (419.75, 356.30)
[M::mem_pestat] low and high boundaries for proper pairs: (1, 3781)
[M::mem_pestat] analyzing insert size distribution for orientation FR...
[M::mem_pestat] (25, 50, 75) percentile: (145, 375, 524)
[M::mem_pestat] low and high boundaries for computing mean and std.dev: (1, 1282)
[M::mem_pestat] mean and std.dev: (360.86, 189.90)
[M::mem_pestat] low and high boundaries for proper pairs: (1, 1661)
[M::mem_pestat] skip orientation RF as there are not enough pairs
[M::mem_pestat] skip orientation RR as there are not enough pairs
[M::mem_pestat] skip orientation FF
[M::mem_process_seqs] Processed 266668 reads in 309.763 CPU sec, 77.587 real sec
[M::process] read 266668 sequences (40000200 bp)...
[M::mem_pestat] # candidate unique pairs for (FF, FR, RF, RR): (6, 4866, 8, 4)
[M::mem_pestat] skip orientation FF as there are not enough pairs
[M::mem_pestat] analyzing insert size distribution for orientation FR...
[M::mem_pestat] (25, 50, 75) percentile: (144, 358, 524)
[M::mem_pestat] low and high boundaries for computing mean and std.dev: (1, 1284)
[M::mem_pestat] mean and std.dev: (355.80, 190.54)
[M::mem_pestat] low and high boundaries for proper pairs: (1, 1664)
[M::mem_pestat] skip orientation RF as there are not enough pairs
[M::mem_pestat] skip orientation RR as there are not enough pairs
[M::mem_process_seqs] Processed 266668 reads in 314.637 CPU sec, 78.803 real sec
[M::process] read 266668 sequences (40000200 bp)...
[M::mem_pestat] # candidate unique pairs for (FF, FR, RF, RR): (4, 5008, 5, 8)
[M::mem_pestat] skip orientation FF as there are not enough pairs
[M::mem_pestat] analyzing insert size distribution for orientation FR...
[M::mem_pestat] (25, 50, 75) percentile: (144, 365, 526)
[M::mem_pestat] low and high boundaries for computing mean and std.dev: (1, 1290)
[M::mem_pestat] mean and std.dev: (359.17, 190.90)
[M::mem_pestat] low and high boundaries for proper pairs: (1, 1672)
[M::mem_pestat] skip orientation RF as there are not enough pairs
[M::mem_pestat] skip orientation RR as there are not enough pairs
[M::mem_process_seqs] Processed 266668 reads in 312.616 CPU sec, 78.318 real sec
[M::process] read 266668 sequences (40000200 bp)...
[M::mem_pestat] # candidate unique pairs for (FF, FR, RF, RR): (7, 4903, 9, 9)
[M::mem_pestat] skip orientation FF as there are not enough pairs
[M::mem_pestat] analyzing insert size distribution for orientation FR...
[M::mem_pestat] (25, 50, 75) percentile: (144, 349, 525)
[M::mem_pestat] low and high boundaries for computing mean and std.dev: (1, 1287)
[M::mem_pestat] mean and std.dev: (354.83, 191.69)
[M::mem_pestat] low and high boundaries for proper pairs: (1, 1668)
[M::mem_pestat] skip orientation RF as there are not enough pairs
[M::mem_pestat] skip orientation RR as there are not enough pairs
[M::mem_process_seqs] Processed 266668 reads in 310.081 CPU sec, 77.614 real sec
[M::process] read 266668 sequences (40000200 bp)...
[M::mem_pestat] # candidate unique pairs for (FF, FR, RF, RR): (12, 4849, 3, 7)
[M::mem_pestat] analyzing insert size distribution for orientation FF...
[M::mem_pestat] (25, 50, 75) percentile: (151, 683, 1496)
[M::mem_pestat] low and high boundaries for computing mean and std.dev: (1, 4186)
[M::mem_pestat] mean and std.dev: (651.64, 611.21)
[M::mem_pestat] low and high boundaries for proper pairs: (1, 5531)
[M::mem_pestat] analyzing insert size distribution for orientation FR...
[M::mem_pestat] (25, 50, 75) percentile: (145, 383, 527)
[M::mem_pestat] low and high boundaries for computing mean and std.dev: (1, 1291)
[M::mem_pestat] mean and std.dev: (364.88, 191.40)
[M::mem_pestat] low and high boundaries for proper pairs: (1, 1673)
[M::mem_pestat] skip orientation RF as there are not enough pairs
[M::mem_pestat] skip orientation RR as there are not enough pairs
[M::mem_pestat] skip orientation FF
[M::mem_process_seqs] Processed 266668 reads in 305.041 CPU sec, 76.366 real sec
[M::process] read 266668 sequences (40000200 bp)...
[M::mem_pestat] # candidate unique pairs for (FF, FR, RF, RR): (15, 4850, 6, 11)
[M::mem_pestat] analyzing insert size distribution for orientation FF...
[M::mem_pestat] (25, 50, 75) percentile: (167, 248, 1408)
[M::mem_pestat] low and high boundaries for computing mean and std.dev: (1, 3890)
[M::mem_pestat] mean and std.dev: (675.79, 766.93)
[M::mem_pestat] low and high boundaries for proper pairs: (1, 5131)
[M::mem_pestat] analyzing insert size distribution for orientation FR...
[M::mem_pestat] (25, 50, 75) percentile: (144, 363, 524)
[M::mem_pestat] low and high boundaries for computing mean and std.dev: (1, 1284)
[M::mem_pestat] mean and std.dev: (357.77, 188.07)
[M::mem_pestat] low and high boundaries for proper pairs: (1, 1664)
[M::mem_pestat] skip orientation RF as there are not enough pairs
[M::mem_pestat] analyzing insert size distribution for orientation RR...
[M::mem_pestat] (25, 50, 75) percentile: (191, 772, 891)
[M::mem_pestat] low and high boundaries for computing mean and std.dev: (1, 2291)
[M::mem_pestat] mean and std.dev: (503.56, 344.90)
[M::mem_pestat] low and high boundaries for proper pairs: (1, 2991)
[M::mem_pestat] skip orientation FF
[M::mem_pestat] skip orientation RR
[M::mem_process_seqs] Processed 266668 reads in 309.467 CPU sec, 77.794 real sec
[M::process] read 266668 sequences (40000200 bp)...
[M::mem_pestat] # candidate unique pairs for (FF, FR, RF, RR): (12, 5033, 6, 3)
[M::mem_pestat] analyzing insert size distribution for orientation FF...
[M::mem_pestat] (25, 50, 75) percentile: (176, 262, 839)
[M::mem_pestat] low and high boundaries for computing mean and std.dev: (1, 2165)
[M::mem_pestat] mean and std.dev: (420.42, 356.00)
[M::mem_pestat] low and high boundaries for proper pairs: (1, 2828)
[M::mem_pestat] analyzing insert size distribution for orientation FR...
[M::mem_pestat] (25, 50, 75) percentile: (144, 360, 526)
[M::mem_pestat] low and high boundaries for computing mean and std.dev: (1, 1290)
[M::mem_pestat] mean and std.dev: (358.13, 191.15)
[M::mem_pestat] low and high boundaries for proper pairs: (1, 1672)
[M::mem_pestat] skip orientation RF as there are not enough pairs
[M::mem_pestat] skip orientation RR as there are not enough pairs
[M::mem_pestat] skip orientation FF
[M::mem_process_seqs] Processed 266668 reads in 308.256 CPU sec, 77.821 real sec
[M::process] read 266668 sequences (40000200 bp)...
[M::mem_pestat] # candidate unique pairs for (FF, FR, RF, RR): (7, 4898, 7, 8)
[M::mem_pestat] skip orientation FF as there are not enough pairs
[M::mem_pestat] analyzing insert size distribution for orientation FR...
[M::mem_pestat] (25, 50, 75) percentile: (144, 343, 524)
[M::mem_pestat] low and high boundaries for computing mean and std.dev: (1, 1284)
[M::mem_pestat] mean and std.dev: (354.15, 188.41)
[M::mem_pestat] low and high boundaries for proper pairs: (1, 1664)
[M::mem_pestat] skip orientation RF as there are not enough pairs
[M::mem_pestat] skip orientation RR as there are not enough pairs
[M::mem_process_seqs] Processed 266668 reads in 305.400 CPU sec, 76.635 real sec
[M::process] read 266668 sequences (40000200 bp)...
[M::mem_pestat] # candidate unique pairs for (FF, FR, RF, RR): (10, 4968, 8, 7)
[M::mem_pestat] analyzing insert size distribution for orientation FF...
[M::mem_pestat] (25, 50, 75) percentile: (121, 716, 1644)
[M::mem_pestat] low and high boundaries for computing mean and std.dev: (1, 4690)
[M::mem_pestat] mean and std.dev: (901.40, 714.97)
[M::mem_pestat] low and high boundaries for proper pairs: (1, 6213)
[M::mem_pestat] analyzing insert size distribution for orientation FR...
[M::mem_pestat] (25, 50, 75) percentile: (145, 367, 526)
[M::mem_pestat] low and high boundaries for computing mean and std.dev: (1, 1288)
[M::mem_pestat] mean and std.dev: (361.45, 191.29)
[M::mem_pestat] low and high boundaries for proper pairs: (1, 1669)
[M::mem_pestat] skip orientation RF as there are not enough pairs
[M::mem_pestat] skip orientation RR as there are not enough pairs
[M::mem_pestat] skip orientation FF
[M::mem_process_seqs] Processed 266668 reads in 310.909 CPU sec, 77.857 real sec
[M::process] read 266668 sequences (40000200 bp)...
[M::mem_pestat] # candidate unique pairs for (FF, FR, RF, RR): (5, 4922, 2, 8)
[M::mem_pestat] skip orientation FF as there are not enough pairs
[M::mem_pestat] analyzing insert size distribution for orientation FR...
[M::mem_pestat] (25, 50, 75) percentile: (145, 352, 525)
[M::mem_pestat] low and high boundaries for computing mean and std.dev: (1, 1285)
[M::mem_pestat] mean and std.dev: (356.22, 189.62)
[M::mem_pestat] low and high boundaries for proper pairs: (1, 1665)
[M::mem_pestat] skip orientation RF as there are not enough pairs
[M::mem_pestat] skip orientation RR as there are not enough pairs
[M::mem_process_seqs] Processed 266668 reads in 314.223 CPU sec, 78.707 real sec
[M::process] read 266668 sequences (40000200 bp)...
[M::mem_pestat] # candidate unique pairs for (FF, FR, RF, RR): (3, 5000, 8, 10)
[M::mem_pestat] skip orientation FF as there are not enough pairs
[M::mem_pestat] analyzing insert size distribution for orientation FR...
[M::mem_pestat] (25, 50, 75) percentile: (144, 340, 523)
[M::mem_pestat] low and high boundaries for computing mean and std.dev: (1, 1281)
[M::mem_pestat] mean and std.dev: (352.75, 188.48)
[M::mem_pestat] low and high boundaries for proper pairs: (1, 1660)
[M::mem_pestat] skip orientation RF as there are not enough pairs
[M::mem_pestat] analyzing insert size distribution for orientation RR...
[M::mem_pestat] (25, 50, 75) percentile: (204, 692, 1409)
[M::mem_pestat] low and high boundaries for computing mean and std.dev: (1, 3819)
[M::mem_pestat] mean and std.dev: (985.90, 1063.62)
[M::mem_pestat] low and high boundaries for proper pairs: (1, 5240)
[M::mem_pestat] skip orientation RR
[M::mem_process_seqs] Processed 266668 reads in 315.402 CPU sec, 78.982 real sec
[M::process] read 266668 sequences (40000200 bp)...
[M::mem_pestat] # candidate unique pairs for (FF, FR, RF, RR): (9, 4987, 7, 13)
[M::mem_pestat] skip orientation FF as there are not enough pairs
[M::mem_pestat] analyzing insert size distribution for orientation FR...
[M::mem_pestat] (25, 50, 75) percentile: (145, 353, 524)
[M::mem_pestat] low and high boundaries for computing mean and std.dev: (1, 1282)
[M::mem_pestat] mean and std.dev: (357.94, 189.06)
[M::mem_pestat] low and high boundaries for proper pairs: (1, 1661)
[M::mem_pestat] skip orientation RF as there are not enough pairs
[M::mem_pestat] analyzing insert size distribution for orientation RR...
[M::mem_pestat] (25, 50, 75) percentile: (371, 979, 2334)
[M::mem_pestat] low and high boundaries for computing mean and std.dev: (1, 6260)
[M::mem_pestat] mean and std.dev: (1175.00, 891.57)
[M::mem_pestat] low and high boundaries for proper pairs: (1, 8223)
[M::mem_pestat] skip orientation RR
[M::mem_process_seqs] Processed 266668 reads in 316.416 CPU sec, 79.322 real sec
[M::process] read 266668 sequences (40000200 bp)...
[M::mem_pestat] # candidate unique pairs for (FF, FR, RF, RR): (8, 4930, 4, 6)
[M::mem_pestat] skip orientation FF as there are not enough pairs
[M::mem_pestat] analyzing insert size distribution for orientation FR...
[M::mem_pestat] (25, 50, 75) percentile: (145, 353, 525)
[M::mem_pestat] low and high boundaries for computing mean and std.dev: (1, 1285)
[M::mem_pestat] mean and std.dev: (355.43, 188.92)
[M::mem_pestat] low and high boundaries for proper pairs: (1, 1665)
[M::mem_pestat] skip orientation RF as there are not enough pairs
[M::mem_pestat] skip orientation RR as there are not enough pairs
[M::mem_process_seqs] Processed 266668 reads in 314.140 CPU sec, 78.642 real sec
[M::process] read 266668 sequences (40000200 bp)...
[M::mem_pestat] # candidate unique pairs for (FF, FR, RF, RR): (10, 4896, 3, 11)
[M::mem_pestat] analyzing insert size distribution for orientation FF...
[M::mem_pestat] (25, 50, 75) percentile: (139, 910, 1875)
[M::mem_pestat] low and high boundaries for computing mean and std.dev: (1, 5347)
[M::mem_pestat] mean and std.dev: (1030.10, 991.13)
[M::mem_pestat] low and high boundaries for proper pairs: (1, 7083)
[M::mem_pestat] analyzing insert size distribution for orientation FR...
[M::mem_pestat] (25, 50, 75) percentile: (145, 371, 527)
[M::mem_pestat] low and high boundaries for computing mean and std.dev: (1, 1291)
[M::mem_pestat] mean and std.dev: (362.28, 191.36)
[M::mem_pestat] low and high boundaries for proper pairs: (1, 1673)
[M::mem_pestat] skip orientation RF as there are not enough pairs
[M::mem_pestat] analyzing insert size distribution for orientation RR...
[M::mem_pestat] (25, 50, 75) percentile: (390, 859, 1554)
[M::mem_pestat] low and high boundaries for computing mean and std.dev: (1, 3882)
[M::mem_pestat] mean and std.dev: (944.18, 694.08)
[M::mem_pestat] low and high boundaries for proper pairs: (1, 5046)
[M::mem_pestat] skip orientation FF
[M::mem_pestat] skip orientation RR
[M::mem_process_seqs] Processed 266668 reads in 307.215 CPU sec, 77.359 real sec
[M::process] read 266668 sequences (40000200 bp)...
[M::mem_pestat] # candidate unique pairs for (FF, FR, RF, RR): (15, 4976, 3, 8)
[M::mem_pestat] analyzing insert size distribution for orientation FF...
[M::mem_pestat] (25, 50, 75) percentile: (867, 1054, 1982)
[M::mem_pestat] low and high boundaries for computing mean and std.dev: (1, 4212)
[M::mem_pestat] mean and std.dev: (1319.36, 805.01)
[M::mem_pestat] low and high boundaries for proper pairs: (1, 5327)
[M::mem_pestat] analyzing insert size distribution for orientation FR...
[M::mem_pestat] (25, 50, 75) percentile: (144, 373, 525)
[M::mem_pestat] low and high boundaries for computing mean and std.dev: (1, 1287)
[M::mem_pestat] mean and std.dev: (359.73, 191.48)
[M::mem_pestat] low and high boundaries for proper pairs: (1, 1668)
[M::mem_pestat] skip orientation RF as there are not enough pairs
[M::mem_pestat] skip orientation RR as there are not enough pairs
[M::mem_pestat] skip orientation FF
[M::mem_process_seqs] Processed 266668 reads in 303.850 CPU sec, 76.424 real sec
[M::process] read 266668 sequences (40000200 bp)...
[M::mem_pestat] # candidate unique pairs for (FF, FR, RF, RR): (3, 4984, 6, 5)
[M::mem_pestat] skip orientation FF as there are not enough pairs
[M::mem_pestat] analyzing insert size distribution for orientation FR...
[M::mem_pestat] (25, 50, 75) percentile: (144, 352, 526)
[M::mem_pestat] low and high boundaries for computing mean and std.dev: (1, 1290)
[M::mem_pestat] mean and std.dev: (354.78, 192.59)
[M::mem_pestat] low and high boundaries for proper pairs: (1, 1672)
[M::mem_pestat] skip orientation RF as there are not enough pairs
[M::mem_pestat] skip orientation RR as there are not enough pairs
[M::mem_process_seqs] Processed 266668 reads in 311.054 CPU sec, 77.875 real sec
[M::process] read 266668 sequences (40000200 bp)...
[M::mem_pestat] # candidate unique pairs for (FF, FR, RF, RR): (9, 4968, 11, 8)
[M::mem_pestat] skip orientation FF as there are not enough pairs
[M::mem_pestat] analyzing insert size distribution for orientation FR...
[M::mem_pestat] (25, 50, 75) percentile: (144, 344, 523)
[M::mem_pestat] low and high boundaries for computing mean and std.dev: (1, 1281)
[M::mem_pestat] mean and std.dev: (352.77, 189.63)
[M::mem_pestat] low and high boundaries for proper pairs: (1, 1660)
[M::mem_pestat] analyzing insert size distribution for orientation RF...
[M::mem_pestat] (25, 50, 75) percentile: (195, 502, 623)
[M::mem_pestat] low and high boundaries for computing mean and std.dev: (1, 1479)
[M::mem_pestat] mean and std.dev: (327.89, 226.82)
[M::mem_pestat] low and high boundaries for proper pairs: (1, 1907)
[M::mem_pestat] skip orientation RR as there are not enough pairs
[M::mem_pestat] skip orientation RF
[M::mem_process_seqs] Processed 266668 reads in 313.315 CPU sec, 78.473 real sec
[M::process] read 266668 sequences (40000200 bp)...
[M::mem_pestat] # candidate unique pairs for (FF, FR, RF, RR): (9, 4969, 8, 5)
[M::mem_pestat] skip orientation FF as there are not enough pairs
[M::mem_pestat] analyzing insert size distribution for orientation FR...
[M::mem_pestat] (25, 50, 75) percentile: (144, 363, 525)
[M::mem_pestat] low and high boundaries for computing mean and std.dev: (1, 1287)
[M::mem_pestat] mean and std.dev: (358.88, 190.39)
[M::mem_pestat] low and high boundaries for proper pairs: (1, 1668)
[M::mem_pestat] skip orientation RF as there are not enough pairs
[M::mem_pestat] skip orientation RR as there are not enough pairs
[M::mem_process_seqs] Processed 266668 reads in 313.662 CPU sec, 78.562 real sec
[M::process] read 266668 sequences (40000200 bp)...
[M::mem_pestat] # candidate unique pairs for (FF, FR, RF, RR): (13, 4906, 3, 8)
[M::mem_pestat] analyzing insert size distribution for orientation FF...
[M::mem_pestat] (25, 50, 75) percentile: (160, 245, 1789)
[M::mem_pestat] low and high boundaries for computing mean and std.dev: (1, 5047)
[M::mem_pestat] mean and std.dev: (524.64, 545.67)
[M::mem_pestat] low and high boundaries for proper pairs: (1, 6676)
[M::mem_pestat] analyzing insert size distribution for orientation FR...
[M::mem_pestat] (25, 50, 75) percentile: (145, 357, 525)
[M::mem_pestat] low and high boundaries for computing mean and std.dev: (1, 1285)
[M::mem_pestat] mean and std.dev: (358.83, 190.90)
[M::mem_pestat] low and high boundaries for proper pairs: (1, 1665)
[M::mem_pestat] skip orientation RF as there are not enough pairs
[M::mem_pestat] skip orientation RR as there are not enough pairs
[M::mem_pestat] skip orientation FF
[M::mem_process_seqs] Processed 266668 reads in 317.335 CPU sec, 79.462 real sec
[M::process] read 266668 sequences (40000200 bp)...
[M::mem_pestat] # candidate unique pairs for (FF, FR, RF, RR): (7, 4889, 4, 12)
[M::mem_pestat] skip orientation FF as there are not enough pairs
[M::mem_pestat] analyzing insert size distribution for orientation FR...
[M::mem_pestat] (25, 50, 75) percentile: (143, 329, 522)
[M::mem_pestat] low and high boundaries for computing mean and std.dev: (1, 1280)
[M::mem_pestat] mean and std.dev: (346.68, 189.67)
[M::mem_pestat] low and high boundaries for proper pairs: (1, 1659)
[M::mem_pestat] skip orientation RF as there are not enough pairs
[M::mem_pestat] analyzing insert size distribution for orientation RR...
[M::mem_pestat] (25, 50, 75) percentile: (278, 747, 1005)
[M::mem_pestat] low and high boundaries for computing mean and std.dev: (1, 2459)
[M::mem_pestat] mean and std.dev: (538.45, 364.23)
[M::mem_pestat] low and high boundaries for proper pairs: (1, 3186)
[M::mem_pestat] skip orientation RR
[M::mem_process_seqs] Processed 266668 reads in 311.739 CPU sec, 78.039 real sec
[M::process] read 266668 sequences (40000200 bp)...
[M::mem_pestat] # candidate unique pairs for (FF, FR, RF, RR): (9, 4975, 10, 13)
[M::mem_pestat] skip orientation FF as there are not enough pairs
[M::mem_pestat] analyzing insert size distribution for orientation FR...
[M::mem_pestat] (25, 50, 75) percentile: (146, 384, 526)
[M::mem_pestat] low and high boundaries for computing mean and std.dev: (1, 1286)
[M::mem_pestat] mean and std.dev: (363.88, 190.81)
[M::mem_pestat] low and high boundaries for proper pairs: (1, 1666)
[M::mem_pestat] analyzing insert size distribution for orientation RF...
[M::mem_pestat] (25, 50, 75) percentile: (173, 403, 2234)
[M::mem_pestat] low and high boundaries for computing mean and std.dev: (1, 6356)
[M::mem_pestat] mean and std.dev: (1068.80, 1284.75)
[M::mem_pestat] low and high boundaries for proper pairs: (1, 8417)
[M::mem_pestat] analyzing insert size distribution for orientation RR...
[M::mem_pestat] (25, 50, 75) percentile: (182, 770, 2083)
[M::mem_pestat] low and high boundaries for computing mean and std.dev: (1, 5885)
[M::mem_pestat] mean and std.dev: (1202.08, 1350.52)
[M::mem_pestat] low and high boundaries for proper pairs: (1, 7786)
[M::mem_pestat] skip orientation RF
[M::mem_pestat] skip orientation RR
[M::mem_process_seqs] Processed 266668 reads in 312.717 CPU sec, 78.349 real sec
[M::process] read 266668 sequences (40000200 bp)...
[M::mem_pestat] # candidate unique pairs for (FF, FR, RF, RR): (12, 5049, 4, 7)
[M::mem_pestat] analyzing insert size distribution for orientation FF...
[M::mem_pestat] (25, 50, 75) percentile: (195, 286, 4770)
[M::mem_pestat] low and high boundaries for computing mean and std.dev: (1, 13920)
[M::mem_pestat] mean and std.dev: (1555.33, 2195.26)
[M::mem_pestat] low and high boundaries for proper pairs: (1, 18495)
[M::mem_pestat] analyzing insert size distribution for orientation FR...
[M::mem_pestat] (25, 50, 75) percentile: (144, 343, 523)
[M::mem_pestat] low and high boundaries for computing mean and std.dev: (1, 1281)
[M::mem_pestat] mean and std.dev: (352.77, 190.54)
[M::mem_pestat] low and high boundaries for proper pairs: (1, 1660)
[M::mem_pestat] skip orientation RF as there are not enough pairs
[M::mem_pestat] skip orientation RR as there are not enough pairs
[M::mem_pestat] skip orientation FF
[M::mem_process_seqs] Processed 266668 reads in 315.012 CPU sec, 78.890 real sec
[M::process] read 266668 sequences (40000200 bp)...
[M::mem_pestat] # candidate unique pairs for (FF, FR, RF, RR): (7, 4986, 4, 11)
[M::mem_pestat] skip orientation FF as there are not enough pairs
[M::mem_pestat] analyzing insert size distribution for orientation FR...
[M::mem_pestat] (25, 50, 75) percentile: (145, 373, 528)
[M::mem_pestat] low and high boundaries for computing mean and std.dev: (1, 1294)
[M::mem_pestat] mean and std.dev: (362.75, 191.30)
[M::mem_pestat] low and high boundaries for proper pairs: (1, 1677)
[M::mem_pestat] skip orientation RF as there are not enough pairs
[M::mem_pestat] analyzing insert size distribution for orientation RR...
[M::mem_pestat] (25, 50, 75) percentile: (182, 228, 1565)
[M::mem_pestat] low and high boundaries for computing mean and std.dev: (1, 4331)
[M::mem_pestat] mean and std.dev: (731.90, 770.48)
[M::mem_pestat] low and high boundaries for proper pairs: (1, 5714)
[M::mem_pestat] skip orientation RR
[M::mem_process_seqs] Processed 266668 reads in 307.932 CPU sec, 77.102 real sec
[M::process] read 266668 sequences (40000200 bp)...
[M::mem_pestat] # candidate unique pairs for (FF, FR, RF, RR): (9, 4927, 5, 3)
[M::mem_pestat] skip orientation FF as there are not enough pairs
[M::mem_pestat] analyzing insert size distribution for orientation FR...
[M::mem_pestat] (25, 50, 75) percentile: (144, 372, 526)
[M::mem_pestat] low and high boundaries for computing mean and std.dev: (1, 1290)
[M::mem_pestat] mean and std.dev: (359.02, 191.07)
[M::mem_pestat] low and high boundaries for proper pairs: (1, 1672)
[M::mem_pestat] skip orientation RF as there are not enough pairs
[M::mem_pestat] skip orientation RR as there are not enough pairs
[M::mem_process_seqs] Processed 266668 reads in 311.147 CPU sec, 78.043 real sec
[M::process] read 266668 sequences (40000200 bp)...
[M::mem_pestat] # candidate unique pairs for (FF, FR, RF, RR): (12, 4994, 5, 7)
[M::mem_pestat] analyzing insert size distribution for orientation FF...
[M::mem_pestat] (25, 50, 75) percentile: (163, 391, 779)
[M::mem_pestat] low and high boundaries for computing mean and std.dev: (1, 2011)
[M::mem_pestat] mean and std.dev: (464.36, 423.83)
[M::mem_pestat] low and high boundaries for proper pairs: (1, 2627)
[M::mem_pestat] analyzing insert size distribution for orientation FR...
[M::mem_pestat] (25, 50, 75) percentile: (144, 363, 526)
[M::mem_pestat] low and high boundaries for computing mean and std.dev: (1, 1290)
[M::mem_pestat] mean and std.dev: (357.87, 190.34)
[M::mem_pestat] low and high boundaries for proper pairs: (1, 1672)
[M::mem_pestat] skip orientation RF as there are not enough pairs
[M::mem_pestat] skip orientation RR as there are not enough pairs
[M::mem_pestat] skip orientation FF
[M::mem_process_seqs] Processed 266668 reads in 309.698 CPU sec, 77.558 real sec
[M::process] read 266668 sequences (40000200 bp)...
[M::mem_pestat] # candidate unique pairs for (FF, FR, RF, RR): (7, 4934, 4, 11)
[M::mem_pestat] skip orientation FF as there are not enough pairs
[M::mem_pestat] analyzing insert size distribution for orientation FR...
[M::mem_pestat] (25, 50, 75) percentile: (145, 360, 526)
[M::mem_pestat] low and high boundaries for computing mean and std.dev: (1, 1288)
[M::mem_pestat] mean and std.dev: (360.78, 190.67)
[M::mem_pestat] low and high boundaries for proper pairs: (1, 1669)
[M::mem_pestat] skip orientation RF as there are not enough pairs
[M::mem_pestat] analyzing insert size distribution for orientation RR...
[M::mem_pestat] (25, 50, 75) percentile: (329, 489, 1144)
[M::mem_pestat] low and high boundaries for computing mean and std.dev: (1, 2774)
[M::mem_pestat] mean and std.dev: (613.80, 416.59)
[M::mem_pestat] low and high boundaries for proper pairs: (1, 3589)
[M::mem_pestat] skip orientation RR
[M::mem_process_seqs] Processed 266668 reads in 314.739 CPU sec, 78.818 real sec
[M::process] read 266668 sequences (40000200 bp)...
[M::mem_pestat] # candidate unique pairs for (FF, FR, RF, RR): (10, 4947, 5, 10)
[M::mem_pestat] analyzing insert size distribution for orientation FF...
[M::mem_pestat] (25, 50, 75) percentile: (205, 825, 932)
[M::mem_pestat] low and high boundaries for computing mean and std.dev: (1, 2386)
[M::mem_pestat] mean and std.dev: (698.33, 516.48)
[M::mem_pestat] low and high boundaries for proper pairs: (1, 3113)
[M::mem_pestat] analyzing insert size distribution for orientation FR...
[M::mem_pestat] (25, 50, 75) percentile: (145, 357, 524)
[M::mem_pestat] low and high boundaries for computing mean and std.dev: (1, 1282)
[M::mem_pestat] mean and std.dev: (357.77, 190.21)
[M::mem_pestat] low and high boundaries for proper pairs: (1, 1661)
[M::mem_pestat] skip orientation RF as there are not enough pairs
[M::mem_pestat] analyzing insert size distribution for orientation RR...
[M::mem_pestat] (25, 50, 75) percentile: (171, 521, 645)
[M::mem_pestat] low and high boundaries for computing mean and std.dev: (1, 1593)
[M::mem_pestat] mean and std.dev: (376.11, 278.58)
[M::mem_pestat] low and high boundaries for proper pairs: (1, 2067)
[M::mem_pestat] skip orientation FF
[M::mem_pestat] skip orientation RR
[M::mem_process_seqs] Processed 266668 reads in 307.599 CPU sec, 77.012 real sec
[M::process] read 266668 sequences (40000200 bp)...
[M::mem_pestat] # candidate unique pairs for (FF, FR, RF, RR): (6, 4990, 6, 6)
[M::mem_pestat] skip orientation FF as there are not enough pairs
[M::mem_pestat] analyzing insert size distribution for orientation FR...
[M::mem_pestat] (25, 50, 75) percentile: (145, 362, 524)
[M::mem_pestat] low and high boundaries for computing mean and std.dev: (1, 1282)
[M::mem_pestat] mean and std.dev: (357.15, 191.03)
[M::mem_pestat] low and high boundaries for proper pairs: (1, 1661)
[M::mem_pestat] skip orientation RF as there are not enough pairs
[M::mem_pestat] skip orientation RR as there are not enough pairs
[M::mem_process_seqs] Processed 266668 reads in 313.006 CPU sec, 78.470 real sec
[M::process] read 266668 sequences (40000200 bp)...
[M::mem_pestat] # candidate unique pairs for (FF, FR, RF, RR): (7, 4894, 7, 6)
[M::mem_pestat] skip orientation FF as there are not enough pairs
[M::mem_pestat] analyzing insert size distribution for orientation FR...
[M::mem_pestat] (25, 50, 75) percentile: (145, 354, 525)
[M::mem_pestat] low and high boundaries for computing mean and std.dev: (1, 1285)
[M::mem_pestat] mean and std.dev: (358.02, 189.51)
[M::mem_pestat] low and high boundaries for proper pairs: (1, 1665)
[M::mem_pestat] skip orientation RF as there are not enough pairs
[M::mem_pestat] skip orientation RR as there are not enough pairs
[M::mem_process_seqs] Processed 266668 reads in 310.820 CPU sec, 77.811 real sec
[M::process] read 266668 sequences (40000200 bp)...
[M::mem_pestat] # candidate unique pairs for (FF, FR, RF, RR): (7, 4937, 5, 7)
[M::mem_pestat] skip orientation FF as there are not enough pairs
[M::mem_pestat] analyzing insert size distribution for orientation FR...
[M::mem_pestat] (25, 50, 75) percentile: (144, 356, 525)
[M::mem_pestat] low and high boundaries for computing mean and std.dev: (1, 1287)
[M::mem_pestat] mean and std.dev: (356.86, 189.32)
[M::mem_pestat] low and high boundaries for proper pairs: (1, 1668)
[M::mem_pestat] skip orientation RF as there are not enough pairs
[M::mem_pestat] skip orientation RR as there are not enough pairs
[M::mem_process_seqs] Processed 266668 reads in 309.273 CPU sec, 77.442 real sec
[M::process] read 266668 sequences (40000200 bp)...
[M::mem_pestat] # candidate unique pairs for (FF, FR, RF, RR): (14, 4894, 3, 3)
[M::mem_pestat] analyzing insert size distribution for orientation FF...
[M::mem_pestat] (25, 50, 75) percentile: (189, 560, 843)
[M::mem_pestat] low and high boundaries for computing mean and std.dev: (1, 2151)
[M::mem_pestat] mean and std.dev: (443.33, 282.59)
[M::mem_pestat] low and high boundaries for proper pairs: (1, 2805)
[M::mem_pestat] analyzing insert size distribution for orientation FR...
[M::mem_pestat] (25, 50, 75) percentile: (144, 347, 523)
[M::mem_pestat] low and high boundaries for computing mean and std.dev: (1, 1281)
[M::mem_pestat] mean and std.dev: (353.01, 188.91)
[M::mem_pestat] low and high boundaries for proper pairs: (1, 1660)
[M::mem_pestat] skip orientation RF as there are not enough pairs
[M::mem_pestat] skip orientation RR as there are not enough pairs
[M::mem_pestat] skip orientation FF
[M::mem_process_seqs] Processed 266668 reads in 307.689 CPU sec, 77.025 real sec
[M::process] read 266668 sequences (40000200 bp)...
[M::mem_pestat] # candidate unique pairs for (FF, FR, RF, RR): (10, 4964, 4, 9)
[M::mem_pestat] analyzing insert size distribution for orientation FF...
[M::mem_pestat] (25, 50, 75) percentile: (170, 774, 3410)
[M::mem_pestat] low and high boundaries for computing mean and std.dev: (1, 9890)
[M::mem_pestat] mean and std.dev: (2176.90, 2720.31)
[M::mem_pestat] low and high boundaries for proper pairs: (1, 13130)
[M::mem_pestat] analyzing insert size distribution for orientation FR...
[M::mem_pestat] (25, 50, 75) percentile: (144, 386, 527)
[M::mem_pestat] low and high boundaries for computing mean and std.dev: (1, 1293)
[M::mem_pestat] mean and std.dev: (361.37, 192.19)
[M::mem_pestat] low and high boundaries for proper pairs: (1, 1676)
[M::mem_pestat] skip orientation RF as there are not enough pairs
[M::mem_pestat] skip orientation RR as there are not enough pairs
[M::mem_pestat] skip orientation FF
[M::mem_process_seqs] Processed 266668 reads in 314.318 CPU sec, 78.803 real sec
[M::process] read 266668 sequences (40000200 bp)...
[M::mem_pestat] # candidate unique pairs for (FF, FR, RF, RR): (10, 4811, 9, 9)
[M::mem_pestat] analyzing insert size distribution for orientation FF...
[M::mem_pestat] (25, 50, 75) percentile: (207, 1158, 4976)
[M::mem_pestat] low and high boundaries for computing mean and std.dev: (1, 14514)
[M::mem_pestat] mean and std.dev: (2137.90, 2438.50)
[M::mem_pestat] low and high boundaries for proper pairs: (1, 19283)
[M::mem_pestat] analyzing insert size distribution for orientation FR...
[M::mem_pestat] (25, 50, 75) percentile: (144, 354, 525)
[M::mem_pestat] low and high boundaries for computing mean and std.dev: (1, 1287)
[M::mem_pestat] mean and std.dev: (355.80, 191.65)
[M::mem_pestat] low and high boundaries for proper pairs: (1, 1668)
[M::mem_pestat] skip orientation RF as there are not enough pairs
[M::mem_pestat] skip orientation RR as there are not enough pairs
[M::mem_pestat] skip orientation FF
[M::mem_process_seqs] Processed 266668 reads in 317.083 CPU sec, 79.405 real sec
[M::process] read 266668 sequences (40000200 bp)...
[M::mem_pestat] # candidate unique pairs for (FF, FR, RF, RR): (10, 5004, 4, 6)
[M::mem_pestat] analyzing insert size distribution for orientation FF...
[M::mem_pestat] (25, 50, 75) percentile: (124, 1126, 2036)
[M::mem_pestat] low and high boundaries for computing mean and std.dev: (1, 5860)
[M::mem_pestat] mean and std.dev: (978.56, 914.21)
[M::mem_pestat] low and high boundaries for proper pairs: (1, 7772)
[M::mem_pestat] analyzing insert size distribution for orientation FR...
[M::mem_pestat] (25, 50, 75) percentile: (145, 399, 526)
[M::mem_pestat] low and high boundaries for computing mean and std.dev: (1, 1288)
[M::mem_pestat] mean and std.dev: (365.30, 189.82)
[M::mem_pestat] low and high boundaries for proper pairs: (1, 1669)
[M::mem_pestat] skip orientation RF as there are not enough pairs
[M::mem_pestat] skip orientation RR as there are not enough pairs
[M::mem_pestat] skip orientation FF
[M::mem_process_seqs] Processed 266668 reads in 314.332 CPU sec, 78.711 real sec
[M::process] read 266668 sequences (40000200 bp)...
[M::mem_pestat] # candidate unique pairs for (FF, FR, RF, RR): (7, 4959, 4, 10)
[M::mem_pestat] skip orientation FF as there are not enough pairs
[M::mem_pestat] analyzing insert size distribution for orientation FR...
[M::mem_pestat] (25, 50, 75) percentile: (144, 344, 524)
[M::mem_pestat] low and high boundaries for computing mean and std.dev: (1, 1284)
[M::mem_pestat] mean and std.dev: (352.43, 190.80)
[M::mem_pestat] low and high boundaries for proper pairs: (1, 1664)
[M::mem_pestat] skip orientation RF as there are not enough pairs
[M::mem_pestat] analyzing insert size distribution for orientation RR...
[M::mem_pestat] (25, 50, 75) percentile: (207, 1021, 1566)
[M::mem_pestat] low and high boundaries for computing mean and std.dev: (1, 4284)
[M::mem_pestat] mean and std.dev: (834.67, 531.24)
[M::mem_pestat] low and high boundaries for proper pairs: (1, 5643)
[M::mem_pestat] skip orientation RR
[M::mem_process_seqs] Processed 266668 reads in 309.185 CPU sec, 77.596 real sec
[M::process] read 266668 sequences (40000200 bp)...
[M::mem_pestat] # candidate unique pairs for (FF, FR, RF, RR): (6, 4932, 3, 13)
[M::mem_pestat] skip orientation FF as there are not enough pairs
[M::mem_pestat] analyzing insert size distribution for orientation FR...
[M::mem_pestat] (25, 50, 75) percentile: (145, 360, 526)
[M::mem_pestat] low and high boundaries for computing mean and std.dev: (1, 1288)
[M::mem_pestat] mean and std.dev: (359.98, 191.75)
[M::mem_pestat] low and high boundaries for proper pairs: (1, 1669)
[M::mem_pestat] skip orientation RF as there are not enough pairs
[M::mem_pestat] analyzing insert size distribution for orientation RR...
[M::mem_pestat] (25, 50, 75) percentile: (227, 313, 1708)
[M::mem_pestat] low and high boundaries for computing mean and std.dev: (1, 4670)
[M::mem_pestat] mean and std.dev: (907.85, 1005.57)
[M::mem_pestat] low and high boundaries for proper pairs: (1, 6151)
[M::mem_pestat] skip orientation RR
[M::mem_process_seqs] Processed 266668 reads in 313.053 CPU sec, 78.375 real sec
[M::process] read 266668 sequences (40000200 bp)...
[M::mem_pestat] # candidate unique pairs for (FF, FR, RF, RR): (10, 4903, 8, 5)
[M::mem_pestat] analyzing insert size distribution for orientation FF...
[M::mem_pestat] (25, 50, 75) percentile: (134, 981, 1597)
[M::mem_pestat] low and high boundaries for computing mean and std.dev: (1, 4523)
[M::mem_pestat] mean and std.dev: (1232.30, 1330.87)
[M::mem_pestat] low and high boundaries for proper pairs: (1, 6556)
[M::mem_pestat] analyzing insert size distribution for orientation FR...
[M::mem_pestat] (25, 50, 75) percentile: (144, 349, 526)
[M::mem_pestat] low and high boundaries for computing mean and std.dev: (1, 1290)
[M::mem_pestat] mean and std.dev: (355.16, 190.99)
[M::mem_pestat] low and high boundaries for proper pairs: (1, 1672)
[M::mem_pestat] skip orientation RF as there are not enough pairs
[M::mem_pestat] skip orientation RR as there are not enough pairs
[M::mem_pestat] skip orientation FF
[M::mem_process_seqs] Processed 266668 reads in 314.516 CPU sec, 78.731 real sec
[M::process] read 266668 sequences (40000200 bp)...
[M::mem_pestat] # candidate unique pairs for (FF, FR, RF, RR): (9, 4927, 7, 9)
[M::mem_pestat] skip orientation FF as there are not enough pairs
[M::mem_pestat] analyzing insert size distribution for orientation FR...
[M::mem_pestat] (25, 50, 75) percentile: (144, 350, 525)
[M::mem_pestat] low and high boundaries for computing mean and std.dev: (1, 1287)
[M::mem_pestat] mean and std.dev: (355.52, 190.58)
[M::mem_pestat] low and high boundaries for proper pairs: (1, 1668)
[M::mem_pestat] skip orientation RF as there are not enough pairs
[M::mem_pestat] skip orientation RR as there are not enough pairs
[M::mem_process_seqs] Processed 266668 reads in 306.310 CPU sec, 76.777 real sec
[M::process] read 266668 sequences (40000200 bp)...
[M::mem_pestat] # candidate unique pairs for (FF, FR, RF, RR): (13, 4926, 5, 7)
[M::mem_pestat] analyzing insert size distribution for orientation FF...
[M::mem_pestat] (25, 50, 75) percentile: (191, 431, 1021)
[M::mem_pestat] low and high boundaries for computing mean and std.dev: (1, 2681)
[M::mem_pestat] mean and std.dev: (589.50, 655.54)
[M::mem_pestat] low and high boundaries for proper pairs: (1, 3511)
[M::mem_pestat] analyzing insert size distribution for orientation FR...
[M::mem_pestat] (25, 50, 75) percentile: (145, 355, 526)
[M::mem_pestat] low and high boundaries for computing mean and std.dev: (1, 1288)
[M::mem_pestat] mean and std.dev: (358.57, 191.08)
[M::mem_pestat] low and high boundaries for proper pairs: (1, 1669)
[M::mem_pestat] skip orientation RF as there are not enough pairs
[M::mem_pestat] skip orientation RR as there are not enough pairs
[M::mem_pestat] skip orientation FF
[M::mem_process_seqs] Processed 266668 reads in 310.813 CPU sec, 77.827 real sec
[M::process] read 266668 sequences (40000200 bp)...
[M::mem_pestat] # candidate unique pairs for (FF, FR, RF, RR): (13, 4891, 6, 6)
[M::mem_pestat] analyzing insert size distribution for orientation FF...
[M::mem_pestat] (25, 50, 75) percentile: (190, 467, 1658)
[M::mem_pestat] low and high boundaries for computing mean and std.dev: (1, 4594)
[M::mem_pestat] mean and std.dev: (660.75, 627.16)
[M::mem_pestat] low and high boundaries for proper pairs: (1, 6062)
[M::mem_pestat] analyzing insert size distribution for orientation FR...
[M::mem_pestat] (25, 50, 75) percentile: (144, 362, 525)
[M::mem_pestat] low and high boundaries for computing mean and std.dev: (1, 1287)
[M::mem_pestat] mean and std.dev: (357.30, 191.15)
[M::mem_pestat] low and high boundaries for proper pairs: (1, 1668)
[M::mem_pestat] skip orientation RF as there are not enough pairs
[M::mem_pestat] skip orientation RR as there are not enough pairs
[M::mem_pestat] skip orientation FF
[M::mem_process_seqs] Processed 266668 reads in 310.865 CPU sec, 77.864 real sec
[M::process] read 266668 sequences (40000200 bp)...
[M::mem_pestat] # candidate unique pairs for (FF, FR, RF, RR): (9, 5026, 3, 11)
[M::mem_pestat] skip orientation FF as there are not enough pairs
[M::mem_pestat] analyzing insert size distribution for orientation FR...
[M::mem_pestat] (25, 50, 75) percentile: (145, 346, 524)
[M::mem_pestat] low and high boundaries for computing mean and std.dev: (1, 1282)
[M::mem_pestat] mean and std.dev: (355.02, 189.22)
[M::mem_pestat] low and high boundaries for proper pairs: (1, 1661)
[M::mem_pestat] skip orientation RF as there are not enough pairs
[M::mem_pestat] analyzing insert size distribution for orientation RR...
[M::mem_pestat] (25, 50, 75) percentile: (894, 1951, 2821)
[M::mem_pestat] low and high boundaries for computing mean and std.dev: (1, 6675)
[M::mem_pestat] mean and std.dev: (1550.40, 961.33)
[M::mem_pestat] low and high boundaries for proper pairs: (1, 8602)
[M::mem_pestat] skip orientation RR
[M::mem_process_seqs] Processed 266668 reads in 315.605 CPU sec, 79.047 real sec
[M::process] read 266668 sequences (40000200 bp)...
[M::mem_pestat] # candidate unique pairs for (FF, FR, RF, RR): (9, 4866, 6, 12)
[M::mem_pestat] skip orientation FF as there are not enough pairs
[M::mem_pestat] analyzing insert size distribution for orientation FR...
[M::mem_pestat] (25, 50, 75) percentile: (145, 375, 525)
[M::mem_pestat] low and high boundaries for computing mean and std.dev: (1, 1285)
[M::mem_pestat] mean and std.dev: (361.46, 190.25)
[M::mem_pestat] low and high boundaries for proper pairs: (1, 1665)
[M::mem_pestat] skip orientation RF as there are not enough pairs
[M::mem_pestat] analyzing insert size distribution for orientation RR...
[M::mem_pestat] (25, 50, 75) percentile: (903, 1534, 2481)
[M::mem_pestat] low and high boundaries for computing mean and std.dev: (1, 5637)
[M::mem_pestat] mean and std.dev: (1270.30, 663.79)
[M::mem_pestat] low and high boundaries for proper pairs: (1, 7215)
[M::mem_pestat] skip orientation RR
[M::mem_process_seqs] Processed 266668 reads in 315.736 CPU sec, 79.083 real sec
[M::process] read 266668 sequences (40000200 bp)...
[M::mem_pestat] # candidate unique pairs for (FF, FR, RF, RR): (11, 5002, 3, 3)
[M::mem_pestat] analyzing insert size distribution for orientation FF...
[M::mem_pestat] (25, 50, 75) percentile: (278, 395, 832)
[M::mem_pestat] low and high boundaries for computing mean and std.dev: (1, 1940)
[M::mem_pestat] mean and std.dev: (470.30, 330.21)
[M::mem_pestat] low and high boundaries for proper pairs: (1, 2494)
[M::mem_pestat] analyzing insert size distribution for orientation FR...
[M::mem_pestat] (25, 50, 75) percentile: (146, 381, 526)
[M::mem_pestat] low and high boundaries for computing mean and std.dev: (1, 1286)
[M::mem_pestat] mean and std.dev: (362.02, 188.99)
[M::mem_pestat] low and high boundaries for proper pairs: (1, 1666)
[M::mem_pestat] skip orientation RF as there are not enough pairs
[M::mem_pestat] skip orientation RR as there are not enough pairs
[M::mem_pestat] skip orientation FF
[M::mem_process_seqs] Processed 266668 reads in 311.918 CPU sec, 78.081 real sec
[M::process] read 266668 sequences (40000200 bp)...
[M::mem_pestat] # candidate unique pairs for (FF, FR, RF, RR): (12, 4873, 8, 5)
[M::mem_pestat] analyzing insert size distribution for orientation FF...
[M::mem_pestat] (25, 50, 75) percentile: (159, 313, 1797)
[M::mem_pestat] low and high boundaries for computing mean and std.dev: (1, 5073)
[M::mem_pestat] mean and std.dev: (760.25, 794.24)
[M::mem_pestat] low and high boundaries for proper pairs: (1, 6711)
[M::mem_pestat] analyzing insert size distribution for orientation FR...
[M::mem_pestat] (25, 50, 75) percentile: (144, 356, 524)
[M::mem_pestat] low and high boundaries for computing mean and std.dev: (1, 1284)
[M::mem_pestat] mean and std.dev: (356.43, 188.97)
[M::mem_pestat] low and high boundaries for proper pairs: (1, 1664)
[M::mem_pestat] skip orientation RF as there are not enough pairs
[M::mem_pestat] skip orientation RR as there are not enough pairs
[M::mem_pestat] skip orientation FF
[M::mem_process_seqs] Processed 266668 reads in 307.354 CPU sec, 76.949 real sec
[M::process] read 266668 sequences (40000200 bp)...
[M::mem_pestat] # candidate unique pairs for (FF, FR, RF, RR): (5, 4938, 5, 10)
[M::mem_pestat] skip orientation FF as there are not enough pairs
[M::mem_pestat] analyzing insert size distribution for orientation FR...
[M::mem_pestat] (25, 50, 75) percentile: (144, 355, 525)
[M::mem_pestat] low and high boundaries for computing mean and std.dev: (1, 1287)
[M::mem_pestat] mean and std.dev: (355.61, 191.14)
[M::mem_pestat] low and high boundaries for proper pairs: (1, 1668)
[M::mem_pestat] skip orientation RF as there are not enough pairs
[M::mem_pestat] analyzing insert size distribution for orientation RR...
[M::mem_pestat] (25, 50, 75) percentile: (351, 796, 985)
[M::mem_pestat] low and high boundaries for computing mean and std.dev: (1, 2253)
[M::mem_pestat] mean and std.dev: (708.44, 345.05)
[M::mem_pestat] low and high boundaries for proper pairs: (1, 2887)
[M::mem_pestat] skip orientation RR
[M::mem_process_seqs] Processed 266668 reads in 308.792 CPU sec, 77.323 real sec
[M::process] read 266668 sequences (40000200 bp)...
[M::mem_pestat] # candidate unique pairs for (FF, FR, RF, RR): (12, 4885, 6, 13)
[M::mem_pestat] analyzing insert size distribution for orientation FF...
[M::mem_pestat] (25, 50, 75) percentile: (176, 761, 1840)
[M::mem_pestat] low and high boundaries for computing mean and std.dev: (1, 5168)
[M::mem_pestat] mean and std.dev: (749.82, 726.31)
[M::mem_pestat] low and high boundaries for proper pairs: (1, 6832)
[M::mem_pestat] analyzing insert size distribution for orientation FR...
[M::mem_pestat] (25, 50, 75) percentile: (145, 363, 526)
[M::mem_pestat] low and high boundaries for computing mean and std.dev: (1, 1288)
[M::mem_pestat] mean and std.dev: (359.67, 189.25)
[M::mem_pestat] low and high boundaries for proper pairs: (1, 1669)
[M::mem_pestat] skip orientation RF as there are not enough pairs
[M::mem_pestat] analyzing insert size distribution for orientation RR...
[M::mem_pestat] (25, 50, 75) percentile: (569, 1151, 2288)
[M::mem_pestat] low and high boundaries for computing mean and std.dev: (1, 5726)
[M::mem_pestat] mean and std.dev: (1228.42, 928.08)
[M::mem_pestat] low and high boundaries for proper pairs: (1, 7445)
[M::mem_pestat] skip orientation FF
[M::mem_pestat] skip orientation RR
[M::mem_process_seqs] Processed 266668 reads in 311.634 CPU sec, 78.023 real sec
[M::process] read 266668 sequences (40000200 bp)...
[M::mem_pestat] # candidate unique pairs for (FF, FR, RF, RR): (9, 4846, 6, 7)
[M::mem_pestat] skip orientation FF as there are not enough pairs
[M::mem_pestat] analyzing insert size distribution for orientation FR...
[M::mem_pestat] (25, 50, 75) percentile: (143, 348, 526)
[M::mem_pestat] low and high boundaries for computing mean and std.dev: (1, 1292)
[M::mem_pestat] mean and std.dev: (354.36, 192.65)
[M::mem_pestat] low and high boundaries for proper pairs: (1, 1675)
[M::mem_pestat] skip orientation RF as there are not enough pairs
[M::mem_pestat] skip orientation RR as there are not enough pairs
[M::mem_process_seqs] Processed 266668 reads in 312.082 CPU sec, 78.157 real sec
[M::process] read 266668 sequences (40000200 bp)...
[M::mem_pestat] # candidate unique pairs for (FF, FR, RF, RR): (12, 5064, 4, 6)
[M::mem_pestat] analyzing insert size distribution for orientation FF...
[M::mem_pestat] (25, 50, 75) percentile: (154, 185, 1114)
[M::mem_pestat] low and high boundaries for computing mean and std.dev: (1, 3034)
[M::mem_pestat] mean and std.dev: (522.25, 567.06)
[M::mem_pestat] low and high boundaries for proper pairs: (1, 3994)
[M::mem_pestat] analyzing insert size distribution for orientation FR...
[M::mem_pestat] (25, 50, 75) percentile: (144, 367, 525)
[M::mem_pestat] low and high boundaries for computing mean and std.dev: (1, 1287)
[M::mem_pestat] mean and std.dev: (358.71, 192.13)
[M::mem_pestat] low and high boundaries for proper pairs: (1, 1668)
[M::mem_pestat] skip orientation RF as there are not enough pairs
[M::mem_pestat] skip orientation RR as there are not enough pairs
[M::mem_pestat] skip orientation FF
[M::mem_process_seqs] Processed 266668 reads in 314.147 CPU sec, 78.669 real sec
[M::process] read 266668 sequences (40000200 bp)...
[M::mem_pestat] # candidate unique pairs for (FF, FR, RF, RR): (5, 5078, 9, 7)
[M::mem_pestat] skip orientation FF as there are not enough pairs
[M::mem_pestat] analyzing insert size distribution for orientation FR...
[M::mem_pestat] (25, 50, 75) percentile: (144, 341, 521)
[M::mem_pestat] low and high boundaries for computing mean and std.dev: (1, 1275)
[M::mem_pestat] mean and std.dev: (351.89, 189.59)
[M::mem_pestat] low and high boundaries for proper pairs: (1, 1652)
[M::mem_pestat] skip orientation RF as there are not enough pairs
[M::mem_pestat] skip orientation RR as there are not enough pairs
[M::mem_process_seqs] Processed 266668 reads in 307.888 CPU sec, 77.106 real sec
[M::process] read 266668 sequences (40000200 bp)...
[M::mem_pestat] # candidate unique pairs for (FF, FR, RF, RR): (10, 4986, 7, 10)
[M::mem_pestat] analyzing insert size distribution for orientation FF...
[M::mem_pestat] (25, 50, 75) percentile: (178, 743, 1340)
[M::mem_pestat] low and high boundaries for computing mean and std.dev: (1, 3664)
[M::mem_pestat] mean and std.dev: (795.40, 561.67)
[M::mem_pestat] low and high boundaries for proper pairs: (1, 4826)
[M::mem_pestat] analyzing insert size distribution for orientation FR...
[M::mem_pestat] (25, 50, 75) percentile: (145, 364, 525)
[M::mem_pestat] low and high boundaries for computing mean and std.dev: (1, 1285)
[M::mem_pestat] mean and std.dev: (358.77, 191.32)
[M::mem_pestat] low and high boundaries for proper pairs: (1, 1665)
[M::mem_pestat] skip orientation RF as there are not enough pairs
[M::mem_pestat] analyzing insert size distribution for orientation RR...
[M::mem_pestat] (25, 50, 75) percentile: (280, 1081, 1806)
[M::mem_pestat] low and high boundaries for computing mean and std.dev: (1, 4858)
[M::mem_pestat] mean and std.dev: (1236.60, 953.02)
[M::mem_pestat] low and high boundaries for proper pairs: (1, 6384)
[M::mem_pestat] skip orientation FF
[M::mem_pestat] skip orientation RR
[M::mem_process_seqs] Processed 266668 reads in 313.817 CPU sec, 78.561 real sec
[M::process] read 266668 sequences (40000200 bp)...
[M::mem_pestat] # candidate unique pairs for (FF, FR, RF, RR): (10, 4882, 6, 12)
[M::mem_pestat] analyzing insert size distribution for orientation FF...
[M::mem_pestat] (25, 50, 75) percentile: (615, 949, 1362)
[M::mem_pestat] low and high boundaries for computing mean and std.dev: (1, 2856)
[M::mem_pestat] mean and std.dev: (932.78, 537.97)
[M::mem_pestat] low and high boundaries for proper pairs: (1, 3603)
[M::mem_pestat] analyzing insert size distribution for orientation FR...
[M::mem_pestat] (25, 50, 75) percentile: (145, 364, 527)
[M::mem_pestat] low and high boundaries for computing mean and std.dev: (1, 1291)
[M::mem_pestat] mean and std.dev: (359.55, 189.53)
[M::mem_pestat] low and high boundaries for proper pairs: (1, 1673)
[M::mem_pestat] skip orientation RF as there are not enough pairs
[M::mem_pestat] analyzing insert size distribution for orientation RR...
[M::mem_pestat] (25, 50, 75) percentile: (234, 1016, 1365)
[M::mem_pestat] low and high boundaries for computing mean and std.dev: (1, 3627)
[M::mem_pestat] mean and std.dev: (679.30, 430.88)
[M::mem_pestat] low and high boundaries for proper pairs: (1, 4758)
[M::mem_pestat] skip orientation FF
[M::mem_pestat] skip orientation RR
[M::mem_process_seqs] Processed 266668 reads in 313.850 CPU sec, 78.777 real sec
[M::process] read 266668 sequences (40000200 bp)...
[M::mem_pestat] # candidate unique pairs for (FF, FR, RF, RR): (11, 4944, 5, 10)
[M::mem_pestat] analyzing insert size distribution for orientation FF...
[M::mem_pestat] (25, 50, 75) percentile: (902, 1397, 2271)
[M::mem_pestat] low and high boundaries for computing mean and std.dev: (1, 5009)
[M::mem_pestat] mean and std.dev: (1277.70, 916.67)
[M::mem_pestat] low and high boundaries for proper pairs: (1, 6378)
[M::mem_pestat] analyzing insert size distribution for orientation FR...
[M::mem_pestat] (25, 50, 75) percentile: (145, 359, 525)
[M::mem_pestat] low and high boundaries for computing mean and std.dev: (1, 1285)
[M::mem_pestat] mean and std.dev: (357.92, 191.98)
[M::mem_pestat] low and high boundaries for proper pairs: (1, 1665)
[M::mem_pestat] skip orientation RF as there are not enough pairs
[M::mem_pestat] analyzing insert size distribution for orientation RR...
[M::mem_pestat] (25, 50, 75) percentile: (116, 1011, 2426)
[M::mem_pestat] low and high boundaries for computing mean and std.dev: (1, 7046)
[M::mem_pestat] mean and std.dev: (1280.89, 1328.70)
[M::mem_pestat] low and high boundaries for proper pairs: (1, 9356)
[M::mem_pestat] skip orientation FF
[M::mem_pestat] skip orientation RR
[M::mem_process_seqs] Processed 266668 reads in 308.786 CPU sec, 77.390 real sec
[M::process] read 266668 sequences (40000200 bp)...
[M::mem_pestat] # candidate unique pairs for (FF, FR, RF, RR): (9, 4974, 2, 11)
[M::mem_pestat] skip orientation FF as there are not enough pairs
[M::mem_pestat] analyzing insert size distribution for orientation FR...
[M::mem_pestat] (25, 50, 75) percentile: (144, 356, 525)
[M::mem_pestat] low and high boundaries for computing mean and std.dev: (1, 1287)
[M::mem_pestat] mean and std.dev: (357.14, 189.53)
[M::mem_pestat] low and high boundaries for proper pairs: (1, 1668)
[M::mem_pestat] skip orientation RF as there are not enough pairs
[M::mem_pestat] analyzing insert size distribution for orientation RR...
[M::mem_pestat] (25, 50, 75) percentile: (134, 186, 1253)
[M::mem_pestat] low and high boundaries for computing mean and std.dev: (1, 3491)
[M::mem_pestat] mean and std.dev: (352.11, 382.71)
[M::mem_pestat] low and high boundaries for proper pairs: (1, 4610)
[M::mem_pestat] skip orientation RR
[M::mem_process_seqs] Processed 266668 reads in 312.944 CPU sec, 78.523 real sec
[M::process] read 266668 sequences (40000200 bp)...
[M::mem_pestat] # candidate unique pairs for (FF, FR, RF, RR): (10, 4959, 6, 7)
[M::mem_pestat] analyzing insert size distribution for orientation FF...
[M::mem_pestat] (25, 50, 75) percentile: (216, 597, 3638)
[M::mem_pestat] low and high boundaries for computing mean and std.dev: (1, 10482)
[M::mem_pestat] mean and std.dev: (2210.00, 3000.82)
[M::mem_pestat] low and high boundaries for proper pairs: (1, 14213)
[M::mem_pestat] analyzing insert size distribution for orientation FR...
[M::mem_pestat] (25, 50, 75) percentile: (145, 365, 527)
[M::mem_pestat] low and high boundaries for computing mean and std.dev: (1, 1291)
[M::mem_pestat] mean and std.dev: (359.02, 191.83)
[M::mem_pestat] low and high boundaries for proper pairs: (1, 1673)
[M::mem_pestat] skip orientation RF as there are not enough pairs
[M::mem_pestat] skip orientation RR as there are not enough pairs
[M::mem_pestat] skip orientation FF
[M::mem_process_seqs] Processed 266668 reads in 308.696 CPU sec, 77.402 real sec
[M::process] read 266668 sequences (40000200 bp)...
[M::mem_pestat] # candidate unique pairs for (FF, FR, RF, RR): (7, 5035, 4, 6)
[M::mem_pestat] skip orientation FF as there are not enough pairs
[M::mem_pestat] analyzing insert size distribution for orientation FR...
[M::mem_pestat] (25, 50, 75) percentile: (145, 377, 527)
[M::mem_pestat] low and high boundaries for computing mean and std.dev: (1, 1291)
[M::mem_pestat] mean and std.dev: (361.04, 190.27)
[M::mem_pestat] low and high boundaries for proper pairs: (1, 1673)
[M::mem_pestat] skip orientation RF as there are not enough pairs
[M::mem_pestat] skip orientation RR as there are not enough pairs
[M::mem_process_seqs] Processed 266668 reads in 307.606 CPU sec, 77.034 real sec
[M::process] read 266668 sequences (40000200 bp)...
[M::mem_pestat] # candidate unique pairs for (FF, FR, RF, RR): (7, 4979, 10, 7)
[M::mem_pestat] skip orientation FF as there are not enough pairs
[M::mem_pestat] analyzing insert size distribution for orientation FR...
[M::mem_pestat] (25, 50, 75) percentile: (144, 372, 525)
[M::mem_pestat] low and high boundaries for computing mean and std.dev: (1, 1287)
[M::mem_pestat] mean and std.dev: (360.22, 188.91)
[M::mem_pestat] low and high boundaries for proper pairs: (1, 1668)
[M::mem_pestat] analyzing insert size distribution for orientation RF...
[M::mem_pestat] (25, 50, 75) percentile: (235, 1102, 1864)
[M::mem_pestat] low and high boundaries for computing mean and std.dev: (1, 5122)
[M::mem_pestat] mean and std.dev: (1417.40, 1522.67)
[M::mem_pestat] low and high boundaries for proper pairs: (1, 7508)
[M::mem_pestat] skip orientation RR as there are not enough pairs
[M::mem_pestat] skip orientation RF
[M::mem_process_seqs] Processed 266668 reads in 309.573 CPU sec, 77.528 real sec
[M::process] read 266668 sequences (40000200 bp)...
[M::mem_pestat] # candidate unique pairs for (FF, FR, RF, RR): (10, 4968, 9, 7)
[M::mem_pestat] analyzing insert size distribution for orientation FF...
[M::mem_pestat] (25, 50, 75) percentile: (121, 223, 1487)
[M::mem_pestat] low and high boundaries for computing mean and std.dev: (1, 4219)
[M::mem_pestat] mean and std.dev: (847.50, 968.35)
[M::mem_pestat] low and high boundaries for proper pairs: (1, 5585)
[M::mem_pestat] analyzing insert size distribution for orientation FR...
[M::mem_pestat] (25, 50, 75) percentile: (144, 367, 526)
[M::mem_pestat] low and high boundaries for computing mean and std.dev: (1, 1290)
[M::mem_pestat] mean and std.dev: (359.70, 190.79)
[M::mem_pestat] low and high boundaries for proper pairs: (1, 1672)
[M::mem_pestat] skip orientation RF as there are not enough pairs
[M::mem_pestat] skip orientation RR as there are not enough pairs
[M::mem_pestat] skip orientation FF
[M::mem_process_seqs] Processed 266668 reads in 309.458 CPU sec, 77.489 real sec
[M::process] read 266668 sequences (40000200 bp)...
[M::mem_pestat] # candidate unique pairs for (FF, FR, RF, RR): (12, 4957, 11, 6)
[M::mem_pestat] analyzing insert size distribution for orientation FF...
[M::mem_pestat] (25, 50, 75) percentile: (218, 470, 1715)
[M::mem_pestat] low and high boundaries for computing mean and std.dev: (1, 4709)
[M::mem_pestat] mean and std.dev: (726.82, 723.51)
[M::mem_pestat] low and high boundaries for proper pairs: (1, 6206)
[M::mem_pestat] analyzing insert size distribution for orientation FR...
[M::mem_pestat] (25, 50, 75) percentile: (145, 357, 524)
[M::mem_pestat] low and high boundaries for computing mean and std.dev: (1, 1282)
[M::mem_pestat] mean and std.dev: (356.46, 189.31)
[M::mem_pestat] low and high boundaries for proper pairs: (1, 1661)
[M::mem_pestat] analyzing insert size distribution for orientation RF...
[M::mem_pestat] (25, 50, 75) percentile: (86, 146, 1681)
[M::mem_pestat] low and high boundaries for computing mean and std.dev: (1, 4871)
[M::mem_pestat] mean and std.dev: (861.36, 1202.08)
[M::mem_pestat] low and high boundaries for proper pairs: (1, 6466)
[M::mem_pestat] skip orientation RR as there are not enough pairs
[M::mem_pestat] skip orientation FF
[M::mem_pestat] skip orientation RF
[M::mem_process_seqs] Processed 266668 reads in 311.388 CPU sec, 77.957 real sec
[M::process] read 266668 sequences (40000200 bp)...
[M::mem_pestat] # candidate unique pairs for (FF, FR, RF, RR): (10, 5053, 6, 8)
[M::mem_pestat] analyzing insert size distribution for orientation FF...
[M::mem_pestat] (25, 50, 75) percentile: (233, 572, 1002)
[M::mem_pestat] low and high boundaries for computing mean and std.dev: (1, 2540)
[M::mem_pestat] mean and std.dev: (597.80, 451.96)
[M::mem_pestat] low and high boundaries for proper pairs: (1, 3309)
[M::mem_pestat] analyzing insert size distribution for orientation FR...
[M::mem_pestat] (25, 50, 75) percentile: (144, 372, 526)
[M::mem_pestat] low and high boundaries for computing mean and std.dev: (1, 1290)
[M::mem_pestat] mean and std.dev: (360.57, 191.62)
[M::mem_pestat] low and high boundaries for proper pairs: (1, 1672)
[M::mem_pestat] skip orientation RF as there are not enough pairs
[M::mem_pestat] skip orientation RR as there are not enough pairs
[M::mem_pestat] skip orientation FF
[M::mem_process_seqs] Processed 266668 reads in 309.384 CPU sec, 77.467 real sec
[M::process] read 266668 sequences (40000200 bp)...
[M::mem_pestat] # candidate unique pairs for (FF, FR, RF, RR): (7, 4983, 4, 13)
[M::mem_pestat] skip orientation FF as there are not enough pairs
[M::mem_pestat] analyzing insert size distribution for orientation FR...
[M::mem_pestat] (25, 50, 75) percentile: (144, 350, 524)
[M::mem_pestat] low and high boundaries for computing mean and std.dev: (1, 1284)
[M::mem_pestat] mean and std.dev: (353.35, 190.69)
[M::mem_pestat] low and high boundaries for proper pairs: (1, 1664)
[M::mem_pestat] skip orientation RF as there are not enough pairs
[M::mem_pestat] analyzing insert size distribution for orientation RR...
[M::mem_pestat] (25, 50, 75) percentile: (193, 634, 1611)
[M::mem_pestat] low and high boundaries for computing mean and std.dev: (1, 4447)
[M::mem_pestat] mean and std.dev: (664.75, 565.31)
[M::mem_pestat] low and high boundaries for proper pairs: (1, 5865)
[M::mem_pestat] skip orientation RR
[M::mem_process_seqs] Processed 266668 reads in 308.424 CPU sec, 77.219 real sec
[M::process] read 266668 sequences (40000200 bp)...
[M::mem_pestat] # candidate unique pairs for (FF, FR, RF, RR): (10, 5005, 7, 7)
[M::mem_pestat] analyzing insert size distribution for orientation FF...
[M::mem_pestat] (25, 50, 75) percentile: (130, 602, 1098)
[M::mem_pestat] low and high boundaries for computing mean and std.dev: (1, 3034)
[M::mem_pestat] mean and std.dev: (676.67, 799.68)
[M::mem_pestat] low and high boundaries for proper pairs: (1, 4002)
[M::mem_pestat] analyzing insert size distribution for orientation FR...
[M::mem_pestat] (25, 50, 75) percentile: (145, 387, 527)
[M::mem_pestat] low and high boundaries for computing mean and std.dev: (1, 1291)
[M::mem_pestat] mean and std.dev: (363.80, 190.25)
[M::mem_pestat] low and high boundaries for proper pairs: (1, 1673)
[M::mem_pestat] skip orientation RF as there are not enough pairs
[M::mem_pestat] skip orientation RR as there are not enough pairs
[M::mem_pestat] skip orientation FF
[M::mem_process_seqs] Processed 266668 reads in 312.152 CPU sec, 78.154 real sec
[M::process] read 266668 sequences (40000200 bp)...
[M::mem_pestat] # candidate unique pairs for (FF, FR, RF, RR): (11, 4988, 6, 9)
[M::mem_pestat] analyzing insert size distribution for orientation FF...
[M::mem_pestat] (25, 50, 75) percentile: (192, 280, 1169)
[M::mem_pestat] low and high boundaries for computing mean and std.dev: (1, 3123)
[M::mem_pestat] mean and std.dev: (581.90, 571.21)
[M::mem_pestat] low and high boundaries for proper pairs: (1, 4100)
[M::mem_pestat] analyzing insert size distribution for orientation FR...
[M::mem_pestat] (25, 50, 75) percentile: (145, 365, 526)
[M::mem_pestat] low and high boundaries for computing mean and std.dev: (1, 1288)
[M::mem_pestat] mean and std.dev: (361.80, 190.93)
[M::mem_pestat] low and high boundaries for proper pairs: (1, 1669)
[M::mem_pestat] skip orientation RF as there are not enough pairs
[M::mem_pestat] skip orientation RR as there are not enough pairs
[M::mem_pestat] skip orientation FF
[M::mem_process_seqs] Processed 266668 reads in 308.056 CPU sec, 77.131 real sec
[M::process] read 266668 sequences (40000200 bp)...
[M::mem_pestat] # candidate unique pairs for (FF, FR, RF, RR): (7, 4887, 9, 6)
[M::mem_pestat] skip orientation FF as there are not enough pairs
[M::mem_pestat] analyzing insert size distribution for orientation FR...
[M::mem_pestat] (25, 50, 75) percentile: (145, 376, 527)
[M::mem_pestat] low and high boundaries for computing mean and std.dev: (1, 1291)
[M::mem_pestat] mean and std.dev: (360.99, 190.89)
[M::mem_pestat] low and high boundaries for proper pairs: (1, 1673)
[M::mem_pestat] skip orientation RF as there are not enough pairs
[M::mem_pestat] skip orientation RR as there are not enough pairs
[M::mem_process_seqs] Processed 266668 reads in 311.390 CPU sec, 77.979 real sec
[M::process] read 266668 sequences (40000200 bp)...
[M::mem_pestat] # candidate unique pairs for (FF, FR, RF, RR): (14, 5016, 4, 9)
[M::mem_pestat] analyzing insert size distribution for orientation FF...
[M::mem_pestat] (25, 50, 75) percentile: (252, 649, 1081)
[M::mem_pestat] low and high boundaries for computing mean and std.dev: (1, 2739)
[M::mem_pestat] mean and std.dev: (673.86, 466.16)
[M::mem_pestat] low and high boundaries for proper pairs: (1, 3568)
[M::mem_pestat] analyzing insert size distribution for orientation FR...
[M::mem_pestat] (25, 50, 75) percentile: (145, 352, 524)
[M::mem_pestat] low and high boundaries for computing mean and std.dev: (1, 1282)
[M::mem_pestat] mean and std.dev: (357.39, 189.66)
[M::mem_pestat] low and high boundaries for proper pairs: (1, 1661)
[M::mem_pestat] skip orientation RF as there are not enough pairs
[M::mem_pestat] skip orientation RR as there are not enough pairs
[M::mem_pestat] skip orientation FF
[M::mem_process_seqs] Processed 266668 reads in 313.982 CPU sec, 78.646 real sec
[M::process] read 266668 sequences (40000200 bp)...
[M::mem_pestat] # candidate unique pairs for (FF, FR, RF, RR): (7, 5056, 6, 9)
[M::mem_pestat] skip orientation FF as there are not enough pairs
[M::mem_pestat] analyzing insert size distribution for orientation FR...
[M::mem_pestat] (25, 50, 75) percentile: (145, 376, 525)
[M::mem_pestat] low and high boundaries for computing mean and std.dev: (1, 1285)
[M::mem_pestat] mean and std.dev: (361.20, 189.20)
[M::mem_pestat] low and high boundaries for proper pairs: (1, 1665)
[M::mem_pestat] skip orientation RF as there are not enough pairs
[M::mem_pestat] skip orientation RR as there are not enough pairs
[M::mem_process_seqs] Processed 266668 reads in 310.211 CPU sec, 77.679 real sec
[M::process] read 266668 sequences (40000200 bp)...
[M::mem_pestat] # candidate unique pairs for (FF, FR, RF, RR): (6, 5090, 8, 10)
[M::mem_pestat] skip orientation FF as there are not enough pairs
[M::mem_pestat] analyzing insert size distribution for orientation FR...
[M::mem_pestat] (25, 50, 75) percentile: (145, 371, 525)
[M::mem_pestat] low and high boundaries for computing mean and std.dev: (1, 1285)
[M::mem_pestat] mean and std.dev: (360.38, 192.70)
[M::mem_pestat] low and high boundaries for proper pairs: (1, 1665)
[M::mem_pestat] skip orientation RF as there are not enough pairs
[M::mem_pestat] analyzing insert size distribution for orientation RR...
[M::mem_pestat] (25, 50, 75) percentile: (605, 1273, 1658)
[M::mem_pestat] low and high boundaries for computing mean and std.dev: (1, 3764)
[M::mem_pestat] mean and std.dev: (1034.11, 586.73)
[M::mem_pestat] low and high boundaries for proper pairs: (1, 4817)
[M::mem_pestat] skip orientation RR
[M::mem_process_seqs] Processed 266668 reads in 308.430 CPU sec, 77.206 real sec
[M::process] read 266668 sequences (40000200 bp)...
[M::mem_pestat] # candidate unique pairs for (FF, FR, RF, RR): (4, 4984, 1, 5)
[M::mem_pestat] skip orientation FF as there are not enough pairs
[M::mem_pestat] analyzing insert size distribution for orientation FR...
[M::mem_pestat] (25, 50, 75) percentile: (145, 372, 526)
[M::mem_pestat] low and high boundaries for computing mean and std.dev: (1, 1288)
[M::mem_pestat] mean and std.dev: (362.15, 191.39)
[M::mem_pestat] low and high boundaries for proper pairs: (1, 1669)
[M::mem_pestat] skip orientation RF as there are not enough pairs
[M::mem_pestat] skip orientation RR as there are not enough pairs
[M::mem_process_seqs] Processed 266668 reads in 313.043 CPU sec, 78.430 real sec
[M::process] read 266668 sequences (40000200 bp)...
[M::mem_pestat] # candidate unique pairs for (FF, FR, RF, RR): (8, 4926, 4, 4)
[M::mem_pestat] skip orientation FF as there are not enough pairs
[M::mem_pestat] analyzing insert size distribution for orientation FR...
[M::mem_pestat] (25, 50, 75) percentile: (145, 363, 526)
[M::mem_pestat] low and high boundaries for computing mean and std.dev: (1, 1288)
[M::mem_pestat] mean and std.dev: (359.70, 190.87)
[M::mem_pestat] low and high boundaries for proper pairs: (1, 1669)
[M::mem_pestat] skip orientation RF as there are not enough pairs
[M::mem_pestat] skip orientation RR as there are not enough pairs
[M::mem_process_seqs] Processed 266668 reads in 309.817 CPU sec, 77.575 real sec
[M::process] read 266668 sequences (40000200 bp)...
[M::mem_pestat] # candidate unique pairs for (FF, FR, RF, RR): (13, 4909, 10, 6)
[M::mem_pestat] analyzing insert size distribution for orientation FF...
[M::mem_pestat] (25, 50, 75) percentile: (260, 506, 1276)
[M::mem_pestat] low and high boundaries for computing mean and std.dev: (1, 3308)
[M::mem_pestat] mean and std.dev: (756.50, 785.45)
[M::mem_pestat] low and high boundaries for proper pairs: (1, 4324)
[M::mem_pestat] analyzing insert size distribution for orientation FR...
[M::mem_pestat] (25, 50, 75) percentile: (144, 359, 524)
[M::mem_pestat] low and high boundaries for computing mean and std.dev: (1, 1284)
[M::mem_pestat] mean and std.dev: (357.06, 188.49)
[M::mem_pestat] low and high boundaries for proper pairs: (1, 1664)
[M::mem_pestat] analyzing insert size distribution for orientation RF...
[M::mem_pestat] (25, 50, 75) percentile: (826, 2526, 3304)
[M::mem_pestat] low and high boundaries for computing mean and std.dev: (1, 8260)
[M::mem_pestat] mean and std.dev: (2075.20, 1336.19)
[M::mem_pestat] low and high boundaries for proper pairs: (1, 10738)
[M::mem_pestat] skip orientation RR as there are not enough pairs
[M::mem_pestat] skip orientation FF
[M::mem_pestat] skip orientation RF
[M::mem_process_seqs] Processed 266668 reads in 308.925 CPU sec, 77.353 real sec
[M::process] read 266668 sequences (40000200 bp)...
[M::mem_pestat] # candidate unique pairs for (FF, FR, RF, RR): (13, 5010, 5, 4)
[M::mem_pestat] analyzing insert size distribution for orientation FF...
[M::mem_pestat] (25, 50, 75) percentile: (206, 1014, 2814)
[M::mem_pestat] low and high boundaries for computing mean and std.dev: (1, 8030)
[M::mem_pestat] mean and std.dev: (1315.31, 1297.87)
[M::mem_pestat] low and high boundaries for proper pairs: (1, 10638)
[M::mem_pestat] analyzing insert size distribution for orientation FR...
[M::mem_pestat] (25, 50, 75) percentile: (144, 360, 526)
[M::mem_pestat] low and high boundaries for computing mean and std.dev: (1, 1290)
[M::mem_pestat] mean and std.dev: (359.05, 190.66)
[M::mem_pestat] low and high boundaries for proper pairs: (1, 1672)
[M::mem_pestat] skip orientation RF as there are not enough pairs
[M::mem_pestat] skip orientation RR as there are not enough pairs
[M::mem_pestat] skip orientation FF
[M::mem_process_seqs] Processed 266668 reads in 309.412 CPU sec, 77.465 real sec
[M::process] read 266668 sequences (40000200 bp)...
[M::mem_pestat] # candidate unique pairs for (FF, FR, RF, RR): (6, 4899, 8, 10)
[M::mem_pestat] skip orientation FF as there are not enough pairs
[M::mem_pestat] analyzing insert size distribution for orientation FR...
[M::mem_pestat] (25, 50, 75) percentile: (145, 373, 526)
[M::mem_pestat] low and high boundaries for computing mean and std.dev: (1, 1288)
[M::mem_pestat] mean and std.dev: (361.42, 189.18)
[M::mem_pestat] low and high boundaries for proper pairs: (1, 1669)
[M::mem_pestat] skip orientation RF as there are not enough pairs
[M::mem_pestat] analyzing insert size distribution for orientation RR...
[M::mem_pestat] (25, 50, 75) percentile: (176, 1238, 2035)
[M::mem_pestat] low and high boundaries for computing mean and std.dev: (1, 5753)
[M::mem_pestat] mean and std.dev: (1183.40, 1067.30)
[M::mem_pestat] low and high boundaries for proper pairs: (1, 7612)
[M::mem_pestat] skip orientation RR
[M::mem_process_seqs] Processed 266668 reads in 316.936 CPU sec, 79.362 real sec
[M::process] read 176002 sequences (26400300 bp)...
[M::mem_pestat] # candidate unique pairs for (FF, FR, RF, RR): (7, 4880, 5, 7)
[M::mem_pestat] skip orientation FF as there are not enough pairs
[M::mem_pestat] analyzing insert size distribution for orientation FR...
[M::mem_pestat] (25, 50, 75) percentile: (144, 367, 527)
[M::mem_pestat] low and high boundaries for computing mean and std.dev: (1, 1293)
[M::mem_pestat] mean and std.dev: (360.61, 189.74)
[M::mem_pestat] low and high boundaries for proper pairs: (1, 1676)
[M::mem_pestat] skip orientation RF as there are not enough pairs
[M::mem_pestat] skip orientation RR as there are not enough pairs
[M::mem_process_seqs] Processed 266668 reads in 314.200 CPU sec, 78.736 real sec
[M::mem_pestat] # candidate unique pairs for (FF, FR, RF, RR): (6, 3401, 2, 2)
[M::mem_pestat] skip orientation FF as there are not enough pairs
[M::mem_pestat] analyzing insert size distribution for orientation FR...
[M::mem_pestat] (25, 50, 75) percentile: (144, 341, 524)
[M::mem_pestat] low and high boundaries for computing mean and std.dev: (1, 1284)
[M::mem_pestat] mean and std.dev: (354.83, 190.04)
[M::mem_pestat] low and high boundaries for proper pairs: (1, 1664)
[M::mem_pestat] skip orientation RF as there are not enough pairs
[M::mem_pestat] skip orientation RR as there are not enough pairs
[M::mem_process_seqs] Processed 176002 reads in 206.262 CPU sec, 51.633 real sec
[main] Version: 0.7.17-r1188
[main] CMD: bwa mem -t 4 -a /mnt/raid6/bacphagenetwork/data/bwa_index/chm13v2.0_noY.fa /mnt/raid6/bacphagenetwork/data/skin_metagenome/Beijing/02_rm_host/BJ090_1.fastq.gz /mnt/raid6/bacphagenetwork/data/skin_metagenome/Beijing/02_rm_host/BJ090_2.fastq.gz
[main] Real time: 7316.723 sec; CPU: 29158.117 sec
