/home/bacphagenetwork/.bashrc: line 15: Custom: command not found
[M::bwa_idx_load_from_disk] read 0 ALT contigs
[M::process] read 266668 sequences (40000200 bp)...
[M::process] read 266668 sequences (40000200 bp)...
[M::mem_pestat] # candidate unique pairs for (FF, FR, RF, RR): (30, 13303, 9, 19)
[M::mem_pestat] analyzing insert size distribution for orientation FF...
[M::mem_pestat] (25, 50, 75) percentile: (163, 650, 1421)
[M::mem_pestat] low and high boundaries for computing mean and std.dev: (1, 3937)
[M::mem_pestat] mean and std.dev: (910.30, 943.84)
[M::mem_pestat] low and high boundaries for proper pairs: (1, 5195)
[M::mem_pestat] analyzing insert size distribution for orientation FR...
[M::mem_pestat] (25, 50, 75) percentile: (146, 405, 521)
[M::mem_pestat] low and high boundaries for computing mean and std.dev: (1, 1271)
[M::mem_pestat] mean and std.dev: (363.24, 179.69)
[M::mem_pestat] low and high boundaries for proper pairs: (1, 1646)
[M::mem_pestat] skip orientation RF as there are not enough pairs
[M::mem_pestat] analyzing insert size distribution for orientation RR...
[M::mem_pestat] (25, 50, 75) percentile: (335, 735, 1215)
[M::mem_pestat] low and high boundaries for computing mean and std.dev: (1, 2975)
[M::mem_pestat] mean and std.dev: (648.88, 415.06)
[M::mem_pestat] low and high boundaries for proper pairs: (1, 3855)
[M::mem_pestat] skip orientation FF
[M::mem_pestat] skip orientation RR
[M::mem_process_seqs] Processed 266668 reads in 491.219 CPU sec, 123.077 real sec
[M::process] read 266668 sequences (40000200 bp)...
[M::mem_pestat] # candidate unique pairs for (FF, FR, RF, RR): (24, 13050, 8, 21)
[M::mem_pestat] analyzing insert size distribution for orientation FF...
[M::mem_pestat] (25, 50, 75) percentile: (505, 894, 1147)
[M::mem_pestat] low and high boundaries for computing mean and std.dev: (1, 2431)
[M::mem_pestat] mean and std.dev: (858.52, 597.54)
[M::mem_pestat] low and high boundaries for proper pairs: (1, 3249)
[M::mem_pestat] analyzing insert size distribution for orientation FR...
[M::mem_pestat] (25, 50, 75) percentile: (146, 373, 520)
[M::mem_pestat] low and high boundaries for computing mean and std.dev: (1, 1268)
[M::mem_pestat] mean and std.dev: (358.89, 179.79)
[M::mem_pestat] low and high boundaries for proper pairs: (1, 1642)
[M::mem_pestat] skip orientation RF as there are not enough pairs
[M::mem_pestat] analyzing insert size distribution for orientation RR...
[M::mem_pestat] (25, 50, 75) percentile: (467, 891, 1196)
[M::mem_pestat] low and high boundaries for computing mean and std.dev: (1, 2654)
[M::mem_pestat] mean and std.dev: (841.81, 424.42)
[M::mem_pestat] low and high boundaries for proper pairs: (1, 3383)
[M::mem_pestat] skip orientation FF
[M::mem_pestat] skip orientation RR
[M::mem_process_seqs] Processed 266668 reads in 501.584 CPU sec, 125.544 real sec
[M::process] read 266668 sequences (40000200 bp)...
[M::mem_pestat] # candidate unique pairs for (FF, FR, RF, RR): (19, 13045, 11, 19)
[M::mem_pestat] analyzing insert size distribution for orientation FF...
[M::mem_pestat] (25, 50, 75) percentile: (405, 1068, 2223)
[M::mem_pestat] low and high boundaries for computing mean and std.dev: (1, 5859)
[M::mem_pestat] mean and std.dev: (1239.06, 942.95)
[M::mem_pestat] low and high boundaries for proper pairs: (1, 7677)
[M::mem_pestat] analyzing insert size distribution for orientation FR...
[M::mem_pestat] (25, 50, 75) percentile: (145, 362, 519)
[M::mem_pestat] low and high boundaries for computing mean and std.dev: (1, 1267)
[M::mem_pestat] mean and std.dev: (355.29, 179.09)
[M::mem_pestat] low and high boundaries for proper pairs: (1, 1641)
[M::mem_pestat] analyzing insert size distribution for orientation RF...
[M::mem_pestat] (25, 50, 75) percentile: (517, 1224, 2909)
[M::mem_pestat] low and high boundaries for computing mean and std.dev: (1, 7693)
[M::mem_pestat] mean and std.dev: (1385.80, 1106.86)
[M::mem_pestat] low and high boundaries for proper pairs: (1, 10085)
[M::mem_pestat] analyzing insert size distribution for orientation RR...
[M::mem_pestat] (25, 50, 75) percentile: (448, 586, 1571)
[M::mem_pestat] low and high boundaries for computing mean and std.dev: (1, 3817)
[M::mem_pestat] mean and std.dev: (936.61, 749.42)
[M::mem_pestat] low and high boundaries for proper pairs: (1, 4940)
[M::mem_pestat] skip orientation FF
[M::mem_pestat] skip orientation RF
[M::mem_pestat] skip orientation RR
[M::mem_process_seqs] Processed 266668 reads in 507.951 CPU sec, 127.149 real sec
[M::process] read 266668 sequences (40000200 bp)...
[M::mem_pestat] # candidate unique pairs for (FF, FR, RF, RR): (20, 13054, 11, 22)
[M::mem_pestat] analyzing insert size distribution for orientation FF...
[M::mem_pestat] (25, 50, 75) percentile: (606, 998, 1791)
[M::mem_pestat] low and high boundaries for computing mean and std.dev: (1, 4161)
[M::mem_pestat] mean and std.dev: (1141.80, 883.98)
[M::mem_pestat] low and high boundaries for proper pairs: (1, 5346)
[M::mem_pestat] analyzing insert size distribution for orientation FR...
[M::mem_pestat] (25, 50, 75) percentile: (145, 385, 521)
[M::mem_pestat] low and high boundaries for computing mean and std.dev: (1, 1273)
[M::mem_pestat] mean and std.dev: (359.48, 181.16)
[M::mem_pestat] low and high boundaries for proper pairs: (1, 1649)
[M::mem_pestat] analyzing insert size distribution for orientation RF...
[M::mem_pestat] (25, 50, 75) percentile: (1536, 1649, 3554)
[M::mem_pestat] low and high boundaries for computing mean and std.dev: (1, 7590)
[M::mem_pestat] mean and std.dev: (2613.55, 2093.84)
[M::mem_pestat] low and high boundaries for proper pairs: (1, 10989)
[M::mem_pestat] analyzing insert size distribution for orientation RR...
[M::mem_pestat] (25, 50, 75) percentile: (618, 863, 2410)
[M::mem_pestat] low and high boundaries for computing mean and std.dev: (1, 5994)
[M::mem_pestat] mean and std.dev: (1610.76, 1704.02)
[M::mem_pestat] low and high boundaries for proper pairs: (1, 8427)
[M::mem_pestat] skip orientation FF
[M::mem_pestat] skip orientation RF
[M::mem_pestat] skip orientation RR
[M::mem_process_seqs] Processed 266668 reads in 494.662 CPU sec, 123.792 real sec
[M::process] read 266668 sequences (40000200 bp)...
[M::mem_pestat] # candidate unique pairs for (FF, FR, RF, RR): (31, 12986, 12, 22)
[M::mem_pestat] analyzing insert size distribution for orientation FF...
[M::mem_pestat] (25, 50, 75) percentile: (265, 559, 1019)
[M::mem_pestat] low and high boundaries for computing mean and std.dev: (1, 2527)
[M::mem_pestat] mean and std.dev: (731.81, 625.72)
[M::mem_pestat] low and high boundaries for proper pairs: (1, 3281)
[M::mem_pestat] analyzing insert size distribution for orientation FR...
[M::mem_pestat] (25, 50, 75) percentile: (145, 355, 519)
[M::mem_pestat] low and high boundaries for computing mean and std.dev: (1, 1267)
[M::mem_pestat] mean and std.dev: (353.44, 180.69)
[M::mem_pestat] low and high boundaries for proper pairs: (1, 1641)
[M::mem_pestat] analyzing insert size distribution for orientation RF...
[M::mem_pestat] (25, 50, 75) percentile: (473, 1855, 2998)
[M::mem_pestat] low and high boundaries for computing mean and std.dev: (1, 8048)
[M::mem_pestat] mean and std.dev: (1919.58, 1782.71)
[M::mem_pestat] low and high boundaries for proper pairs: (1, 10573)
[M::mem_pestat] analyzing insert size distribution for orientation RR...
[M::mem_pestat] (25, 50, 75) percentile: (671, 1013, 1693)
[M::mem_pestat] low and high boundaries for computing mean and std.dev: (1, 3737)
[M::mem_pestat] mean and std.dev: (987.05, 661.79)
[M::mem_pestat] low and high boundaries for proper pairs: (1, 4759)
[M::mem_pestat] skip orientation FF
[M::mem_pestat] skip orientation RF
[M::mem_pestat] skip orientation RR
[M::mem_process_seqs] Processed 266668 reads in 509.553 CPU sec, 127.540 real sec
[M::process] read 266668 sequences (40000200 bp)...
[M::mem_pestat] # candidate unique pairs for (FF, FR, RF, RR): (20, 13137, 13, 15)
[M::mem_pestat] analyzing insert size distribution for orientation FF...
[M::mem_pestat] (25, 50, 75) percentile: (794, 1308, 1845)
[M::mem_pestat] low and high boundaries for computing mean and std.dev: (1, 3947)
[M::mem_pestat] mean and std.dev: (1287.85, 772.57)
[M::mem_pestat] low and high boundaries for proper pairs: (1, 4998)
[M::mem_pestat] analyzing insert size distribution for orientation FR...
[M::mem_pestat] (25, 50, 75) percentile: (145, 362, 519)
[M::mem_pestat] low and high boundaries for computing mean and std.dev: (1, 1267)
[M::mem_pestat] mean and std.dev: (354.94, 179.57)
[M::mem_pestat] low and high boundaries for proper pairs: (1, 1641)
[M::mem_pestat] analyzing insert size distribution for orientation RF...
[M::mem_pestat] (25, 50, 75) percentile: (151, 1618, 4302)
[M::mem_pestat] low and high boundaries for computing mean and std.dev: (1, 12604)
[M::mem_pestat] mean and std.dev: (2064.31, 2026.08)
[M::mem_pestat] low and high boundaries for proper pairs: (1, 16755)
[M::mem_pestat] analyzing insert size distribution for orientation RR...
[M::mem_pestat] (25, 50, 75) percentile: (1318, 2452, 4188)
[M::mem_pestat] low and high boundaries for computing mean and std.dev: (1, 9928)
[M::mem_pestat] mean and std.dev: (2723.47, 2099.08)
[M::mem_pestat] low and high boundaries for proper pairs: (1, 12798)
[M::mem_pestat] skip orientation FF
[M::mem_pestat] skip orientation RF
[M::mem_pestat] skip orientation RR
[M::mem_process_seqs] Processed 266668 reads in 511.070 CPU sec, 127.898 real sec
[M::process] read 266668 sequences (40000200 bp)...
[M::mem_pestat] # candidate unique pairs for (FF, FR, RF, RR): (26, 13170, 7, 19)
[M::mem_pestat] analyzing insert size distribution for orientation FF...
[M::mem_pestat] (25, 50, 75) percentile: (510, 829, 1981)
[M::mem_pestat] low and high boundaries for computing mean and std.dev: (1, 4923)
[M::mem_pestat] mean and std.dev: (1183.12, 1143.54)
[M::mem_pestat] low and high boundaries for proper pairs: (1, 6394)
[M::mem_pestat] analyzing insert size distribution for orientation FR...
[M::mem_pestat] (25, 50, 75) percentile: (145, 366, 520)
[M::mem_pestat] low and high boundaries for computing mean and std.dev: (1, 1270)
[M::mem_pestat] mean and std.dev: (356.59, 180.30)
[M::mem_pestat] low and high boundaries for proper pairs: (1, 1645)
[M::mem_pestat] skip orientation RF as there are not enough pairs
[M::mem_pestat] analyzing insert size distribution for orientation RR...
[M::mem_pestat] (25, 50, 75) percentile: (737, 1061, 2841)
[M::mem_pestat] low and high boundaries for computing mean and std.dev: (1, 7049)
[M::mem_pestat] mean and std.dev: (1630.56, 1586.03)
[M::mem_pestat] low and high boundaries for proper pairs: (1, 9153)
[M::mem_pestat] skip orientation FF
[M::mem_pestat] skip orientation RR
[M::mem_process_seqs] Processed 266668 reads in 491.747 CPU sec, 123.086 real sec
[M::process] read 266668 sequences (40000200 bp)...
[M::mem_pestat] # candidate unique pairs for (FF, FR, RF, RR): (21, 12834, 10, 21)
[M::mem_pestat] analyzing insert size distribution for orientation FF...
[M::mem_pestat] (25, 50, 75) percentile: (161, 479, 1315)
[M::mem_pestat] low and high boundaries for computing mean and std.dev: (1, 3623)
[M::mem_pestat] mean and std.dev: (669.25, 703.30)
[M::mem_pestat] low and high boundaries for proper pairs: (1, 4777)
[M::mem_pestat] analyzing insert size distribution for orientation FR...
[M::mem_pestat] (25, 50, 75) percentile: (146, 370, 520)
[M::mem_pestat] low and high boundaries for computing mean and std.dev: (1, 1268)
[M::mem_pestat] mean and std.dev: (356.85, 179.67)
[M::mem_pestat] low and high boundaries for proper pairs: (1, 1642)
[M::mem_pestat] analyzing insert size distribution for orientation RF...
[M::mem_pestat] (25, 50, 75) percentile: (234, 448, 922)
[M::mem_pestat] low and high boundaries for computing mean and std.dev: (1, 2298)
[M::mem_pestat] mean and std.dev: (553.90, 413.89)
[M::mem_pestat] low and high boundaries for proper pairs: (1, 2986)
[M::mem_pestat] analyzing insert size distribution for orientation RR...
[M::mem_pestat] (25, 50, 75) percentile: (851, 1060, 1775)
[M::mem_pestat] low and high boundaries for computing mean and std.dev: (1, 3623)
[M::mem_pestat] mean and std.dev: (1282.81, 787.36)
[M::mem_pestat] low and high boundaries for proper pairs: (1, 4547)
[M::mem_pestat] skip orientation FF
[M::mem_pestat] skip orientation RF
[M::mem_pestat] skip orientation RR
[M::mem_process_seqs] Processed 266668 reads in 496.736 CPU sec, 124.596 real sec
[M::process] read 266668 sequences (40000200 bp)...
[M::mem_pestat] # candidate unique pairs for (FF, FR, RF, RR): (38, 13080, 5, 19)
[M::mem_pestat] analyzing insert size distribution for orientation FF...
[M::mem_pestat] (25, 50, 75) percentile: (279, 666, 1141)
[M::mem_pestat] low and high boundaries for computing mean and std.dev: (1, 2865)
[M::mem_pestat] mean and std.dev: (697.00, 571.82)
[M::mem_pestat] low and high boundaries for proper pairs: (1, 3727)
[M::mem_pestat] analyzing insert size distribution for orientation FR...
[M::mem_pestat] (25, 50, 75) percentile: (146, 371, 520)
[M::mem_pestat] low and high boundaries for computing mean and std.dev: (1, 1268)
[M::mem_pestat] mean and std.dev: (356.82, 179.96)
[M::mem_pestat] low and high boundaries for proper pairs: (1, 1642)
[M::mem_pestat] skip orientation RF as there are not enough pairs
[M::mem_pestat] analyzing insert size distribution for orientation RR...
[M::mem_pestat] (25, 50, 75) percentile: (854, 1497, 2317)
[M::mem_pestat] low and high boundaries for computing mean and std.dev: (1, 5243)
[M::mem_pestat] mean and std.dev: (1476.71, 1074.39)
[M::mem_pestat] low and high boundaries for proper pairs: (1, 6706)
[M::mem_pestat] skip orientation FF
[M::mem_pestat] skip orientation RR
[M::mem_process_seqs] Processed 266668 reads in 501.209 CPU sec, 125.439 real sec
[M::process] read 266668 sequences (40000200 bp)...
[M::mem_pestat] # candidate unique pairs for (FF, FR, RF, RR): (21, 13126, 10, 14)
[M::mem_pestat] analyzing insert size distribution for orientation FF...
[M::mem_pestat] (25, 50, 75) percentile: (704, 883, 2012)
[M::mem_pestat] low and high boundaries for computing mean and std.dev: (1, 4628)
[M::mem_pestat] mean and std.dev: (1102.35, 826.60)
[M::mem_pestat] low and high boundaries for proper pairs: (1, 5936)
[M::mem_pestat] analyzing insert size distribution for orientation FR...
[M::mem_pestat] (25, 50, 75) percentile: (145, 363, 520)
[M::mem_pestat] low and high boundaries for computing mean and std.dev: (1, 1270)
[M::mem_pestat] mean and std.dev: (354.99, 181.11)
[M::mem_pestat] low and high boundaries for proper pairs: (1, 1645)
[M::mem_pestat] analyzing insert size distribution for orientation RF...
[M::mem_pestat] (25, 50, 75) percentile: (208, 686, 990)
[M::mem_pestat] low and high boundaries for computing mean and std.dev: (1, 2554)
[M::mem_pestat] mean and std.dev: (485.50, 310.62)
[M::mem_pestat] low and high boundaries for proper pairs: (1, 3336)
[M::mem_pestat] analyzing insert size distribution for orientation RR...
[M::mem_pestat] (25, 50, 75) percentile: (743, 1457, 1879)
[M::mem_pestat] low and high boundaries for computing mean and std.dev: (1, 4151)
[M::mem_pestat] mean and std.dev: (1311.08, 630.72)
[M::mem_pestat] low and high boundaries for proper pairs: (1, 5287)
[M::mem_pestat] skip orientation FF
[M::mem_pestat] skip orientation RF
[M::mem_pestat] skip orientation RR
[M::mem_process_seqs] Processed 266668 reads in 508.718 CPU sec, 127.317 real sec
[M::process] read 266668 sequences (40000200 bp)...
[M::mem_pestat] # candidate unique pairs for (FF, FR, RF, RR): (32, 12732, 5, 35)
[M::mem_pestat] analyzing insert size distribution for orientation FF...
[M::mem_pestat] (25, 50, 75) percentile: (450, 792, 1223)
[M::mem_pestat] low and high boundaries for computing mean and std.dev: (1, 2769)
[M::mem_pestat] mean and std.dev: (830.55, 622.12)
[M::mem_pestat] low and high boundaries for proper pairs: (1, 3542)
[M::mem_pestat] analyzing insert size distribution for orientation FR...
[M::mem_pestat] (25, 50, 75) percentile: (146, 379, 521)
[M::mem_pestat] low and high boundaries for computing mean and std.dev: (1, 1271)
[M::mem_pestat] mean and std.dev: (359.47, 180.89)
[M::mem_pestat] low and high boundaries for proper pairs: (1, 1646)
[M::mem_pestat] skip orientation RF as there are not enough pairs
[M::mem_pestat] analyzing insert size distribution for orientation RR...
[M::mem_pestat] (25, 50, 75) percentile: (596, 1057, 1546)
[M::mem_pestat] low and high boundaries for computing mean and std.dev: (1, 3446)
[M::mem_pestat] mean and std.dev: (968.23, 610.56)
[M::mem_pestat] low and high boundaries for proper pairs: (1, 4396)
[M::mem_pestat] skip orientation FF
[M::mem_pestat] skip orientation RR
[M::mem_process_seqs] Processed 266668 reads in 500.252 CPU sec, 125.207 real sec
[M::process] read 266668 sequences (40000200 bp)...
[M::mem_pestat] # candidate unique pairs for (FF, FR, RF, RR): (28, 13056, 8, 17)
[M::mem_pestat] analyzing insert size distribution for orientation FF...
[M::mem_pestat] (25, 50, 75) percentile: (228, 712, 1269)
[M::mem_pestat] low and high boundaries for computing mean and std.dev: (1, 3351)
[M::mem_pestat] mean and std.dev: (789.19, 686.60)
[M::mem_pestat] low and high boundaries for proper pairs: (1, 4392)
[M::mem_pestat] analyzing insert size distribution for orientation FR...
[M::mem_pestat] (25, 50, 75) percentile: (145, 377, 520)
[M::mem_pestat] low and high boundaries for computing mean and std.dev: (1, 1270)
[M::mem_pestat] mean and std.dev: (357.86, 181.37)
[M::mem_pestat] low and high boundaries for proper pairs: (1, 1645)
[M::mem_pestat] skip orientation RF as there are not enough pairs
[M::mem_pestat] analyzing insert size distribution for orientation RR...
[M::mem_pestat] (25, 50, 75) percentile: (738, 862, 2297)
[M::mem_pestat] low and high boundaries for computing mean and std.dev: (1, 5415)
[M::mem_pestat] mean and std.dev: (1091.38, 798.62)
[M::mem_pestat] low and high boundaries for proper pairs: (1, 6974)
[M::mem_pestat] skip orientation FF
[M::mem_pestat] skip orientation RR
[M::mem_process_seqs] Processed 266668 reads in 496.093 CPU sec, 124.162 real sec
[M::process] read 266668 sequences (40000200 bp)...
[M::mem_pestat] # candidate unique pairs for (FF, FR, RF, RR): (29, 13121, 13, 16)
[M::mem_pestat] analyzing insert size distribution for orientation FF...
[M::mem_pestat] (25, 50, 75) percentile: (190, 496, 1083)
[M::mem_pestat] low and high boundaries for computing mean and std.dev: (1, 2869)
[M::mem_pestat] mean and std.dev: (670.61, 606.04)
[M::mem_pestat] low and high boundaries for proper pairs: (1, 3762)
[M::mem_pestat] analyzing insert size distribution for orientation FR...
[M::mem_pestat] (25, 50, 75) percentile: (145, 373, 521)
[M::mem_pestat] low and high boundaries for computing mean and std.dev: (1, 1273)
[M::mem_pestat] mean and std.dev: (356.96, 180.70)
[M::mem_pestat] low and high boundaries for proper pairs: (1, 1649)
[M::mem_pestat] analyzing insert size distribution for orientation RF...
[M::mem_pestat] (25, 50, 75) percentile: (427, 646, 3807)
[M::mem_pestat] low and high boundaries for computing mean and std.dev: (1, 10567)
[M::mem_pestat] mean and std.dev: (2177.62, 2582.46)
[M::mem_pestat] low and high boundaries for proper pairs: (1, 13947)
[M::mem_pestat] analyzing insert size distribution for orientation RR...
[M::mem_pestat] (25, 50, 75) percentile: (247, 734, 1798)
[M::mem_pestat] low and high boundaries for computing mean and std.dev: (1, 4900)
[M::mem_pestat] mean and std.dev: (1079.69, 1123.68)
[M::mem_pestat] low and high boundaries for proper pairs: (1, 6451)
[M::mem_pestat] skip orientation FF
[M::mem_pestat] skip orientation RF
[M::mem_pestat] skip orientation RR
[M::mem_process_seqs] Processed 266668 reads in 492.589 CPU sec, 123.283 real sec
[M::process] read 266668 sequences (40000200 bp)...
[M::mem_pestat] # candidate unique pairs for (FF, FR, RF, RR): (27, 13244, 13, 25)
[M::mem_pestat] analyzing insert size distribution for orientation FF...
[M::mem_pestat] (25, 50, 75) percentile: (594, 960, 1770)
[M::mem_pestat] low and high boundaries for computing mean and std.dev: (1, 4122)
[M::mem_pestat] mean and std.dev: (1110.46, 888.47)
[M::mem_pestat] low and high boundaries for proper pairs: (1, 5298)
[M::mem_pestat] analyzing insert size distribution for orientation FR...
[M::mem_pestat] (25, 50, 75) percentile: (146, 385, 521)
[M::mem_pestat] low and high boundaries for computing mean and std.dev: (1, 1271)
[M::mem_pestat] mean and std.dev: (361.33, 179.74)
[M::mem_pestat] low and high boundaries for proper pairs: (1, 1646)
[M::mem_pestat] analyzing insert size distribution for orientation RF...
[M::mem_pestat] (25, 50, 75) percentile: (394, 1076, 3620)
[M::mem_pestat] low and high boundaries for computing mean and std.dev: (1, 10072)
[M::mem_pestat] mean and std.dev: (1933.00, 1935.91)
[M::mem_pestat] low and high boundaries for proper pairs: (1, 13298)
[M::mem_pestat] analyzing insert size distribution for orientation RR...
[M::mem_pestat] (25, 50, 75) percentile: (708, 925, 1317)
[M::mem_pestat] low and high boundaries for computing mean and std.dev: (1, 2535)
[M::mem_pestat] mean and std.dev: (932.74, 497.47)
[M::mem_pestat] low and high boundaries for proper pairs: (1, 3144)
[M::mem_pestat] skip orientation FF
[M::mem_pestat] skip orientation RF
[M::mem_pestat] skip orientation RR
[M::mem_process_seqs] Processed 266668 reads in 491.040 CPU sec, 122.905 real sec
[M::process] read 266668 sequences (40000200 bp)...
[M::mem_pestat] # candidate unique pairs for (FF, FR, RF, RR): (17, 12871, 9, 19)
[M::mem_pestat] analyzing insert size distribution for orientation FF...
[M::mem_pestat] (25, 50, 75) percentile: (190, 938, 1761)
[M::mem_pestat] low and high boundaries for computing mean and std.dev: (1, 4903)
[M::mem_pestat] mean and std.dev: (1003.82, 818.65)
[M::mem_pestat] low and high boundaries for proper pairs: (1, 6474)
[M::mem_pestat] analyzing insert size distribution for orientation FR...
[M::mem_pestat] (25, 50, 75) percentile: (146, 385, 521)
[M::mem_pestat] low and high boundaries for computing mean and std.dev: (1, 1271)
[M::mem_pestat] mean and std.dev: (360.25, 179.90)
[M::mem_pestat] low and high boundaries for proper pairs: (1, 1646)
[M::mem_pestat] skip orientation RF as there are not enough pairs
[M::mem_pestat] analyzing insert size distribution for orientation RR...
[M::mem_pestat] (25, 50, 75) percentile: (471, 834, 1365)
[M::mem_pestat] low and high boundaries for computing mean and std.dev: (1, 3153)
[M::mem_pestat] mean and std.dev: (915.56, 658.35)
[M::mem_pestat] low and high boundaries for proper pairs: (1, 4047)
[M::mem_pestat] skip orientation FF
[M::mem_pestat] skip orientation RR
[M::mem_process_seqs] Processed 266668 reads in 497.204 CPU sec, 124.449 real sec
[M::process] read 266668 sequences (40000200 bp)...
[M::mem_pestat] # candidate unique pairs for (FF, FR, RF, RR): (26, 12965, 10, 22)
[M::mem_pestat] analyzing insert size distribution for orientation FF...
[M::mem_pestat] (25, 50, 75) percentile: (183, 805, 1037)
[M::mem_pestat] low and high boundaries for computing mean and std.dev: (1, 2745)
[M::mem_pestat] mean and std.dev: (681.58, 486.29)
[M::mem_pestat] low and high boundaries for proper pairs: (1, 3599)
[M::mem_pestat] analyzing insert size distribution for orientation FR...
[M::mem_pestat] (25, 50, 75) percentile: (146, 383, 521)
[M::mem_pestat] low and high boundaries for computing mean and std.dev: (1, 1271)
[M::mem_pestat] mean and std.dev: (360.42, 180.34)
[M::mem_pestat] low and high boundaries for proper pairs: (1, 1646)
[M::mem_pestat] analyzing insert size distribution for orientation RF...
[M::mem_pestat] (25, 50, 75) percentile: (340, 572, 3168)
[M::mem_pestat] low and high boundaries for computing mean and std.dev: (1, 8824)
[M::mem_pestat] mean and std.dev: (1326.67, 1807.36)
[M::mem_pestat] low and high boundaries for proper pairs: (1, 11652)
[M::mem_pestat] analyzing insert size distribution for orientation RR...
[M::mem_pestat] (25, 50, 75) percentile: (794, 1186, 2063)
[M::mem_pestat] low and high boundaries for computing mean and std.dev: (1, 4601)
[M::mem_pestat] mean and std.dev: (1406.14, 1117.95)
[M::mem_pestat] low and high boundaries for proper pairs: (1, 5878)
[M::mem_pestat] skip orientation FF
[M::mem_pestat] skip orientation RF
[M::mem_pestat] skip orientation RR
[M::mem_process_seqs] Processed 266668 reads in 488.027 CPU sec, 122.163 real sec
[M::process] read 266668 sequences (40000200 bp)...
[M::mem_pestat] # candidate unique pairs for (FF, FR, RF, RR): (22, 13032, 10, 26)
[M::mem_pestat] analyzing insert size distribution for orientation FF...
[M::mem_pestat] (25, 50, 75) percentile: (224, 1004, 2588)
[M::mem_pestat] low and high boundaries for computing mean and std.dev: (1, 7316)
[M::mem_pestat] mean and std.dev: (1465.24, 1674.91)
[M::mem_pestat] low and high boundaries for proper pairs: (1, 9680)
[M::mem_pestat] analyzing insert size distribution for orientation FR...
[M::mem_pestat] (25, 50, 75) percentile: (146, 393, 521)
[M::mem_pestat] low and high boundaries for computing mean and std.dev: (1, 1271)
[M::mem_pestat] mean and std.dev: (361.82, 179.77)
[M::mem_pestat] low and high boundaries for proper pairs: (1, 1646)
[M::mem_pestat] analyzing insert size distribution for orientation RF...
[M::mem_pestat] (25, 50, 75) percentile: (210, 895, 2201)
[M::mem_pestat] low and high boundaries for computing mean and std.dev: (1, 6183)
[M::mem_pestat] mean and std.dev: (1166.60, 1075.80)
[M::mem_pestat] low and high boundaries for proper pairs: (1, 8174)
[M::mem_pestat] analyzing insert size distribution for orientation RR...
[M::mem_pestat] (25, 50, 75) percentile: (231, 764, 1522)
[M::mem_pestat] low and high boundaries for computing mean and std.dev: (1, 4104)
[M::mem_pestat] mean and std.dev: (898.36, 695.68)
[M::mem_pestat] low and high boundaries for proper pairs: (1, 5395)
[M::mem_pestat] skip orientation FF
[M::mem_pestat] skip orientation RF
[M::mem_pestat] skip orientation RR
[M::mem_process_seqs] Processed 266668 reads in 487.049 CPU sec, 121.877 real sec
[M::process] read 266668 sequences (40000200 bp)...
[M::mem_pestat] # candidate unique pairs for (FF, FR, RF, RR): (24, 13071, 11, 22)
[M::mem_pestat] analyzing insert size distribution for orientation FF...
[M::mem_pestat] (25, 50, 75) percentile: (468, 941, 2098)
[M::mem_pestat] low and high boundaries for computing mean and std.dev: (1, 5358)
[M::mem_pestat] mean and std.dev: (1329.96, 1330.46)
[M::mem_pestat] low and high boundaries for proper pairs: (1, 6988)
[M::mem_pestat] analyzing insert size distribution for orientation FR...
[M::mem_pestat] (25, 50, 75) percentile: (146, 378, 521)
[M::mem_pestat] low and high boundaries for computing mean and std.dev: (1, 1271)
[M::mem_pestat] mean and std.dev: (358.61, 179.88)
[M::mem_pestat] low and high boundaries for proper pairs: (1, 1646)
[M::mem_pestat] analyzing insert size distribution for orientation RF...
[M::mem_pestat] (25, 50, 75) percentile: (404, 762, 4076)
[M::mem_pestat] low and high boundaries for computing mean and std.dev: (1, 11420)
[M::mem_pestat] mean and std.dev: (2078.73, 2719.99)
[M::mem_pestat] low and high boundaries for proper pairs: (1, 15092)
[M::mem_pestat] analyzing insert size distribution for orientation RR...
[M::mem_pestat] (25, 50, 75) percentile: (805, 1201, 2259)
[M::mem_pestat] low and high boundaries for computing mean and std.dev: (1, 5167)
[M::mem_pestat] mean and std.dev: (1403.19, 1078.93)
[M::mem_pestat] low and high boundaries for proper pairs: (1, 6621)
[M::mem_pestat] skip orientation FF
[M::mem_pestat] skip orientation RF
[M::mem_pestat] skip orientation RR
[M::mem_process_seqs] Processed 266668 reads in 492.405 CPU sec, 123.371 real sec
[M::process] read 266668 sequences (40000200 bp)...
[M::mem_pestat] # candidate unique pairs for (FF, FR, RF, RR): (23, 13121, 14, 21)
[M::mem_pestat] analyzing insert size distribution for orientation FF...
[M::mem_pestat] (25, 50, 75) percentile: (620, 907, 2125)
[M::mem_pestat] low and high boundaries for computing mean and std.dev: (1, 5135)
[M::mem_pestat] mean and std.dev: (1167.86, 1010.92)
[M::mem_pestat] low and high boundaries for proper pairs: (1, 6640)
[M::mem_pestat] analyzing insert size distribution for orientation FR...
[M::mem_pestat] (25, 50, 75) percentile: (145, 370, 520)
[M::mem_pestat] low and high boundaries for computing mean and std.dev: (1, 1270)
[M::mem_pestat] mean and std.dev: (357.24, 181.04)
[M::mem_pestat] low and high boundaries for proper pairs: (1, 1645)
[M::mem_pestat] analyzing insert size distribution for orientation RF...
[M::mem_pestat] (25, 50, 75) percentile: (254, 1206, 1929)
[M::mem_pestat] low and high boundaries for computing mean and std.dev: (1, 5279)
[M::mem_pestat] mean and std.dev: (1326.36, 1391.68)
[M::mem_pestat] low and high boundaries for proper pairs: (1, 6954)
[M::mem_pestat] analyzing insert size distribution for orientation RR...
[M::mem_pestat] (25, 50, 75) percentile: (836, 1166, 2101)
[M::mem_pestat] low and high boundaries for computing mean and std.dev: (1, 4631)
[M::mem_pestat] mean and std.dev: (1203.00, 839.71)
[M::mem_pestat] low and high boundaries for proper pairs: (1, 5896)
[M::mem_pestat] skip orientation FF
[M::mem_pestat] skip orientation RF
[M::mem_pestat] skip orientation RR
[M::mem_process_seqs] Processed 266668 reads in 500.952 CPU sec, 125.395 real sec
[M::process] read 266668 sequences (40000200 bp)...
[M::mem_pestat] # candidate unique pairs for (FF, FR, RF, RR): (30, 13147, 7, 18)
[M::mem_pestat] analyzing insert size distribution for orientation FF...
[M::mem_pestat] (25, 50, 75) percentile: (403, 711, 1498)
[M::mem_pestat] low and high boundaries for computing mean and std.dev: (1, 3688)
[M::mem_pestat] mean and std.dev: (890.07, 720.27)
[M::mem_pestat] low and high boundaries for proper pairs: (1, 4783)
[M::mem_pestat] analyzing insert size distribution for orientation FR...
[M::mem_pestat] (25, 50, 75) percentile: (145, 384, 521)
[M::mem_pestat] low and high boundaries for computing mean and std.dev: (1, 1273)
[M::mem_pestat] mean and std.dev: (358.90, 180.76)
[M::mem_pestat] low and high boundaries for proper pairs: (1, 1649)
[M::mem_pestat] skip orientation RF as there are not enough pairs
[M::mem_pestat] analyzing insert size distribution for orientation RR...
[M::mem_pestat] (25, 50, 75) percentile: (708, 1387, 3494)
[M::mem_pestat] low and high boundaries for computing mean and std.dev: (1, 9066)
[M::mem_pestat] mean and std.dev: (2266.83, 2318.52)
[M::mem_pestat] low and high boundaries for proper pairs: (1, 11852)
[M::mem_pestat] skip orientation FF
[M::mem_pestat] skip orientation RR
[M::mem_process_seqs] Processed 266668 reads in 488.256 CPU sec, 122.235 real sec
[M::process] read 266668 sequences (40000200 bp)...
[M::mem_pestat] # candidate unique pairs for (FF, FR, RF, RR): (26, 13012, 12, 23)
[M::mem_pestat] analyzing insert size distribution for orientation FF...
[M::mem_pestat] (25, 50, 75) percentile: (241, 563, 1241)
[M::mem_pestat] low and high boundaries for computing mean and std.dev: (1, 3241)
[M::mem_pestat] mean and std.dev: (731.92, 728.69)
[M::mem_pestat] low and high boundaries for proper pairs: (1, 4241)
[M::mem_pestat] analyzing insert size distribution for orientation FR...
[M::mem_pestat] (25, 50, 75) percentile: (146, 396, 522)
[M::mem_pestat] low and high boundaries for computing mean and std.dev: (1, 1274)
[M::mem_pestat] mean and std.dev: (361.30, 181.34)
[M::mem_pestat] low and high boundaries for proper pairs: (1, 1650)
[M::mem_pestat] analyzing insert size distribution for orientation RF...
[M::mem_pestat] (25, 50, 75) percentile: (1025, 2111, 4091)
[M::mem_pestat] low and high boundaries for computing mean and std.dev: (1, 10223)
[M::mem_pestat] mean and std.dev: (2582.08, 2035.73)
[M::mem_pestat] low and high boundaries for proper pairs: (1, 13289)
[M::mem_pestat] analyzing insert size distribution for orientation RR...
[M::mem_pestat] (25, 50, 75) percentile: (652, 1432, 2060)
[M::mem_pestat] low and high boundaries for computing mean and std.dev: (1, 4876)
[M::mem_pestat] mean and std.dev: (1191.80, 791.59)
[M::mem_pestat] low and high boundaries for proper pairs: (1, 6284)
[M::mem_pestat] skip orientation FF
[M::mem_pestat] skip orientation RF
[M::mem_pestat] skip orientation RR
[M::mem_process_seqs] Processed 266668 reads in 494.740 CPU sec, 123.848 real sec
[M::process] read 266668 sequences (40000200 bp)...
[M::mem_pestat] # candidate unique pairs for (FF, FR, RF, RR): (18, 12950, 10, 24)
[M::mem_pestat] analyzing insert size distribution for orientation FF...
[M::mem_pestat] (25, 50, 75) percentile: (200, 1029, 1869)
[M::mem_pestat] low and high boundaries for computing mean and std.dev: (1, 5207)
[M::mem_pestat] mean and std.dev: (1121.33, 916.78)
[M::mem_pestat] low and high boundaries for proper pairs: (1, 6876)
[M::mem_pestat] analyzing insert size distribution for orientation FR...
[M::mem_pestat] (25, 50, 75) percentile: (145, 376, 521)
[M::mem_pestat] low and high boundaries for computing mean and std.dev: (1, 1273)
[M::mem_pestat] mean and std.dev: (358.49, 180.70)
[M::mem_pestat] low and high boundaries for proper pairs: (1, 1649)
[M::mem_pestat] analyzing insert size distribution for orientation RF...
[M::mem_pestat] (25, 50, 75) percentile: (213, 2546, 3392)
[M::mem_pestat] low and high boundaries for computing mean and std.dev: (1, 9750)
[M::mem_pestat] mean and std.dev: (2551.80, 2665.90)
[M::mem_pestat] low and high boundaries for proper pairs: (1, 13215)
[M::mem_pestat] analyzing insert size distribution for orientation RR...
[M::mem_pestat] (25, 50, 75) percentile: (787, 1039, 1723)
[M::mem_pestat] low and high boundaries for computing mean and std.dev: (1, 3595)
[M::mem_pestat] mean and std.dev: (1062.87, 606.70)
[M::mem_pestat] low and high boundaries for proper pairs: (1, 4531)
[M::mem_pestat] skip orientation FF
[M::mem_pestat] skip orientation RF
[M::mem_pestat] skip orientation RR
[M::mem_process_seqs] Processed 266668 reads in 490.583 CPU sec, 122.777 real sec
[M::process] read 266668 sequences (40000200 bp)...
[M::mem_pestat] # candidate unique pairs for (FF, FR, RF, RR): (18, 13005, 12, 29)
[M::mem_pestat] analyzing insert size distribution for orientation FF...
[M::mem_pestat] (25, 50, 75) percentile: (610, 1153, 4117)
[M::mem_pestat] low and high boundaries for computing mean and std.dev: (1, 11131)
[M::mem_pestat] mean and std.dev: (2538.11, 2620.38)
[M::mem_pestat] low and high boundaries for proper pairs: (1, 14638)
[M::mem_pestat] analyzing insert size distribution for orientation FR...
[M::mem_pestat] (25, 50, 75) percentile: (145, 377, 520)
[M::mem_pestat] low and high boundaries for computing mean and std.dev: (1, 1270)
[M::mem_pestat] mean and std.dev: (358.36, 179.90)
[M::mem_pestat] low and high boundaries for proper pairs: (1, 1645)
[M::mem_pestat] analyzing insert size distribution for orientation RF...
[M::mem_pestat] (25, 50, 75) percentile: (675, 1213, 6010)
[M::mem_pestat] low and high boundaries for computing mean and std.dev: (1, 16680)
[M::mem_pestat] mean and std.dev: (2450.67, 2490.60)
[M::mem_pestat] low and high boundaries for proper pairs: (1, 22015)
[M::mem_pestat] analyzing insert size distribution for orientation RR...
[M::mem_pestat] (25, 50, 75) percentile: (695, 1291, 1657)
[M::mem_pestat] low and high boundaries for computing mean and std.dev: (1, 3581)
[M::mem_pestat] mean and std.dev: (1112.85, 651.34)
[M::mem_pestat] low and high boundaries for proper pairs: (1, 4543)
[M::mem_pestat] skip orientation FF
[M::mem_pestat] skip orientation RF
[M::mem_pestat] skip orientation RR
[M::mem_process_seqs] Processed 266668 reads in 494.564 CPU sec, 123.787 real sec
[M::process] read 266668 sequences (40000200 bp)...
[M::mem_pestat] # candidate unique pairs for (FF, FR, RF, RR): (18, 13008, 7, 24)
[M::mem_pestat] analyzing insert size distribution for orientation FF...
[M::mem_pestat] (25, 50, 75) percentile: (367, 1213, 2759)
[M::mem_pestat] low and high boundaries for computing mean and std.dev: (1, 7543)
[M::mem_pestat] mean and std.dev: (1495.41, 1291.21)
[M::mem_pestat] low and high boundaries for proper pairs: (1, 9935)
[M::mem_pestat] analyzing insert size distribution for orientation FR...
[M::mem_pestat] (25, 50, 75) percentile: (146, 405, 521)
[M::mem_pestat] low and high boundaries for computing mean and std.dev: (1, 1271)
[M::mem_pestat] mean and std.dev: (361.10, 179.95)
[M::mem_pestat] low and high boundaries for proper pairs: (1, 1646)
[M::mem_pestat] skip orientation RF as there are not enough pairs
[M::mem_pestat] analyzing insert size distribution for orientation RR...
[M::mem_pestat] (25, 50, 75) percentile: (363, 687, 1259)
[M::mem_pestat] low and high boundaries for computing mean and std.dev: (1, 3051)
[M::mem_pestat] mean and std.dev: (846.30, 757.15)
[M::mem_pestat] low and high boundaries for proper pairs: (1, 3947)
[M::mem_pestat] skip orientation FF
[M::mem_pestat] skip orientation RR
[M::mem_process_seqs] Processed 266668 reads in 487.876 CPU sec, 122.105 real sec
[M::process] read 266668 sequences (40000200 bp)...
[M::mem_pestat] # candidate unique pairs for (FF, FR, RF, RR): (25, 13194, 11, 24)
[M::mem_pestat] analyzing insert size distribution for orientation FF...
[M::mem_pestat] (25, 50, 75) percentile: (346, 845, 2037)
[M::mem_pestat] low and high boundaries for computing mean and std.dev: (1, 5419)
[M::mem_pestat] mean and std.dev: (1089.46, 1109.44)
[M::mem_pestat] low and high boundaries for proper pairs: (1, 7110)
[M::mem_pestat] analyzing insert size distribution for orientation FR...
[M::mem_pestat] (25, 50, 75) percentile: (145, 395, 521)
[M::mem_pestat] low and high boundaries for computing mean and std.dev: (1, 1273)
[M::mem_pestat] mean and std.dev: (361.09, 181.20)
[M::mem_pestat] low and high boundaries for proper pairs: (1, 1649)
[M::mem_pestat] analyzing insert size distribution for orientation RF...
[M::mem_pestat] (25, 50, 75) percentile: (959, 1075, 2885)
[M::mem_pestat] low and high boundaries for computing mean and std.dev: (1, 6737)
[M::mem_pestat] mean and std.dev: (1309.30, 981.75)
[M::mem_pestat] low and high boundaries for proper pairs: (1, 8663)
[M::mem_pestat] analyzing insert size distribution for orientation RR...
[M::mem_pestat] (25, 50, 75) percentile: (271, 907, 1830)
[M::mem_pestat] low and high boundaries for computing mean and std.dev: (1, 4948)
[M::mem_pestat] mean and std.dev: (973.39, 815.76)
[M::mem_pestat] low and high boundaries for proper pairs: (1, 6507)
[M::mem_pestat] skip orientation FF
[M::mem_pestat] skip orientation RF
[M::mem_pestat] skip orientation RR
[M::mem_process_seqs] Processed 266668 reads in 493.854 CPU sec, 123.595 real sec
[M::process] read 266668 sequences (40000200 bp)...
[M::mem_pestat] # candidate unique pairs for (FF, FR, RF, RR): (27, 13050, 10, 31)
[M::mem_pestat] analyzing insert size distribution for orientation FF...
[M::mem_pestat] (25, 50, 75) percentile: (201, 470, 1270)
[M::mem_pestat] low and high boundaries for computing mean and std.dev: (1, 3408)
[M::mem_pestat] mean and std.dev: (751.48, 716.75)
[M::mem_pestat] low and high boundaries for proper pairs: (1, 4477)
[M::mem_pestat] analyzing insert size distribution for orientation FR...
[M::mem_pestat] (25, 50, 75) percentile: (145, 364, 520)
[M::mem_pestat] low and high boundaries for computing mean and std.dev: (1, 1270)
[M::mem_pestat] mean and std.dev: (355.89, 180.61)
[M::mem_pestat] low and high boundaries for proper pairs: (1, 1645)
[M::mem_pestat] analyzing insert size distribution for orientation RF...
[M::mem_pestat] (25, 50, 75) percentile: (88, 1296, 1635)
[M::mem_pestat] low and high boundaries for computing mean and std.dev: (1, 4729)
[M::mem_pestat] mean and std.dev: (955.20, 729.74)
[M::mem_pestat] low and high boundaries for proper pairs: (1, 6276)
[M::mem_pestat] analyzing insert size distribution for orientation RR...
[M::mem_pestat] (25, 50, 75) percentile: (495, 1041, 1610)
[M::mem_pestat] low and high boundaries for computing mean and std.dev: (1, 3840)
[M::mem_pestat] mean and std.dev: (1105.97, 828.29)
[M::mem_pestat] low and high boundaries for proper pairs: (1, 4955)
[M::mem_pestat] skip orientation FF
[M::mem_pestat] skip orientation RF
[M::mem_pestat] skip orientation RR
[M::mem_process_seqs] Processed 266668 reads in 494.823 CPU sec, 124.067 real sec
[M::process] read 266668 sequences (40000200 bp)...
[M::mem_pestat] # candidate unique pairs for (FF, FR, RF, RR): (30, 13130, 14, 19)
[M::mem_pestat] analyzing insert size distribution for orientation FF...
[M::mem_pestat] (25, 50, 75) percentile: (353, 645, 1128)
[M::mem_pestat] low and high boundaries for computing mean and std.dev: (1, 2678)
[M::mem_pestat] mean and std.dev: (781.59, 662.13)
[M::mem_pestat] low and high boundaries for proper pairs: (1, 3453)
[M::mem_pestat] analyzing insert size distribution for orientation FR...
[M::mem_pestat] (25, 50, 75) percentile: (145, 365, 521)
[M::mem_pestat] low and high boundaries for computing mean and std.dev: (1, 1273)
[M::mem_pestat] mean and std.dev: (356.03, 181.01)
[M::mem_pestat] low and high boundaries for proper pairs: (1, 1649)
[M::mem_pestat] analyzing insert size distribution for orientation RF...
[M::mem_pestat] (25, 50, 75) percentile: (478, 943, 3487)
[M::mem_pestat] low and high boundaries for computing mean and std.dev: (1, 9505)
[M::mem_pestat] mean and std.dev: (1957.07, 2263.92)
[M::mem_pestat] low and high boundaries for proper pairs: (1, 12514)
[M::mem_pestat] analyzing insert size distribution for orientation RR...
[M::mem_pestat] (25, 50, 75) percentile: (281, 971, 1561)
[M::mem_pestat] low and high boundaries for computing mean and std.dev: (1, 4121)
[M::mem_pestat] mean and std.dev: (1029.06, 857.49)
[M::mem_pestat] low and high boundaries for proper pairs: (1, 5401)
[M::mem_pestat] skip orientation FF
[M::mem_pestat] skip orientation RF
[M::mem_pestat] skip orientation RR
[M::mem_process_seqs] Processed 266668 reads in 493.779 CPU sec, 123.581 real sec
[M::process] read 266668 sequences (40000200 bp)...
[M::mem_pestat] # candidate unique pairs for (FF, FR, RF, RR): (26, 13088, 11, 24)
[M::mem_pestat] analyzing insert size distribution for orientation FF...
[M::mem_pestat] (25, 50, 75) percentile: (199, 530, 861)
[M::mem_pestat] low and high boundaries for computing mean and std.dev: (1, 2185)
[M::mem_pestat] mean and std.dev: (560.36, 385.68)
[M::mem_pestat] low and high boundaries for proper pairs: (1, 2847)
[M::mem_pestat] analyzing insert size distribution for orientation FR...
[M::mem_pestat] (25, 50, 75) percentile: (146, 384, 521)
[M::mem_pestat] low and high boundaries for computing mean and std.dev: (1, 1271)
[M::mem_pestat] mean and std.dev: (360.18, 180.75)
[M::mem_pestat] low and high boundaries for proper pairs: (1, 1646)
[M::mem_pestat] analyzing insert size distribution for orientation RF...
[M::mem_pestat] (25, 50, 75) percentile: (298, 762, 3592)
[M::mem_pestat] low and high boundaries for computing mean and std.dev: (1, 10180)
[M::mem_pestat] mean and std.dev: (1867.55, 2270.86)
[M::mem_pestat] low and high boundaries for proper pairs: (1, 13474)
[M::mem_pestat] analyzing insert size distribution for orientation RR...
[M::mem_pestat] (25, 50, 75) percentile: (668, 1067, 2108)
[M::mem_pestat] low and high boundaries for computing mean and std.dev: (1, 4988)
[M::mem_pestat] mean and std.dev: (1272.54, 976.03)
[M::mem_pestat] low and high boundaries for proper pairs: (1, 6428)
[M::mem_pestat] skip orientation FF
[M::mem_pestat] skip orientation RF
[M::mem_pestat] skip orientation RR
[M::mem_process_seqs] Processed 266668 reads in 488.220 CPU sec, 122.169 real sec
[M::process] read 266668 sequences (40000200 bp)...
[M::mem_pestat] # candidate unique pairs for (FF, FR, RF, RR): (23, 12908, 5, 25)
[M::mem_pestat] analyzing insert size distribution for orientation FF...
[M::mem_pestat] (25, 50, 75) percentile: (571, 1110, 1651)
[M::mem_pestat] low and high boundaries for computing mean and std.dev: (1, 3811)
[M::mem_pestat] mean and std.dev: (1066.00, 988.75)
[M::mem_pestat] low and high boundaries for proper pairs: (1, 5021)
[M::mem_pestat] analyzing insert size distribution for orientation FR...
[M::mem_pestat] (25, 50, 75) percentile: (145, 375, 521)
[M::mem_pestat] low and high boundaries for computing mean and std.dev: (1, 1273)
[M::mem_pestat] mean and std.dev: (357.22, 181.44)
[M::mem_pestat] low and high boundaries for proper pairs: (1, 1649)
[M::mem_pestat] skip orientation RF as there are not enough pairs
[M::mem_pestat] analyzing insert size distribution for orientation RR...
[M::mem_pestat] (25, 50, 75) percentile: (267, 670, 1056)
[M::mem_pestat] low and high boundaries for computing mean and std.dev: (1, 2634)
[M::mem_pestat] mean and std.dev: (722.87, 620.92)
[M::mem_pestat] low and high boundaries for proper pairs: (1, 3423)
[M::mem_pestat] skip orientation FF
[M::mem_pestat] skip orientation RR
[M::mem_process_seqs] Processed 266668 reads in 489.111 CPU sec, 122.411 real sec
[M::process] read 266668 sequences (40000200 bp)...
[M::mem_pestat] # candidate unique pairs for (FF, FR, RF, RR): (30, 13059, 9, 20)
[M::mem_pestat] analyzing insert size distribution for orientation FF...
[M::mem_pestat] (25, 50, 75) percentile: (209, 598, 1314)
[M::mem_pestat] low and high boundaries for computing mean and std.dev: (1, 3524)
[M::mem_pestat] mean and std.dev: (897.18, 860.03)
[M::mem_pestat] low and high boundaries for proper pairs: (1, 4629)
[M::mem_pestat] analyzing insert size distribution for orientation FR...
[M::mem_pestat] (25, 50, 75) percentile: (145, 378, 521)
[M::mem_pestat] low and high boundaries for computing mean and std.dev: (1, 1273)
[M::mem_pestat] mean and std.dev: (358.55, 180.31)
[M::mem_pestat] low and high boundaries for proper pairs: (1, 1649)
[M::mem_pestat] skip orientation RF as there are not enough pairs
[M::mem_pestat] analyzing insert size distribution for orientation RR...
[M::mem_pestat] (25, 50, 75) percentile: (801, 1038, 1739)
[M::mem_pestat] low and high boundaries for computing mean and std.dev: (1, 3615)
[M::mem_pestat] mean and std.dev: (1118.32, 673.11)
[M::mem_pestat] low and high boundaries for proper pairs: (1, 4553)
[M::mem_pestat] skip orientation FF
[M::mem_pestat] skip orientation RR
[M::mem_process_seqs] Processed 266668 reads in 489.358 CPU sec, 122.464 real sec
[M::process] read 266668 sequences (40000200 bp)...
[M::mem_pestat] # candidate unique pairs for (FF, FR, RF, RR): (16, 13198, 8, 19)
[M::mem_pestat] analyzing insert size distribution for orientation FF...
[M::mem_pestat] (25, 50, 75) percentile: (150, 1033, 3060)
[M::mem_pestat] low and high boundaries for computing mean and std.dev: (1, 8880)
[M::mem_pestat] mean and std.dev: (1576.69, 1980.55)
[M::mem_pestat] low and high boundaries for proper pairs: (1, 11790)
[M::mem_pestat] analyzing insert size distribution for orientation FR...
[M::mem_pestat] (25, 50, 75) percentile: (146, 409, 521)
[M::mem_pestat] low and high boundaries for computing mean and std.dev: (1, 1271)
[M::mem_pestat] mean and std.dev: (362.95, 180.46)
[M::mem_pestat] low and high boundaries for proper pairs: (1, 1646)
[M::mem_pestat] skip orientation RF as there are not enough pairs
[M::mem_pestat] analyzing insert size distribution for orientation RR...
[M::mem_pestat] (25, 50, 75) percentile: (254, 894, 1094)
[M::mem_pestat] low and high boundaries for computing mean and std.dev: (1, 2774)
[M::mem_pestat] mean and std.dev: (859.05, 620.83)
[M::mem_pestat] low and high boundaries for proper pairs: (1, 3614)
[M::mem_pestat] skip orientation FF
[M::mem_pestat] skip orientation RR
[M::mem_process_seqs] Processed 266668 reads in 488.548 CPU sec, 122.424 real sec
[M::process] read 266668 sequences (40000200 bp)...
[M::mem_pestat] # candidate unique pairs for (FF, FR, RF, RR): (15, 13118, 14, 21)
[M::mem_pestat] analyzing insert size distribution for orientation FF...
[M::mem_pestat] (25, 50, 75) percentile: (575, 781, 1392)
[M::mem_pestat] low and high boundaries for computing mean and std.dev: (1, 3026)
[M::mem_pestat] mean and std.dev: (1002.67, 720.15)
[M::mem_pestat] low and high boundaries for proper pairs: (1, 3883)
[M::mem_pestat] analyzing insert size distribution for orientation FR...
[M::mem_pestat] (25, 50, 75) percentile: (146, 370, 521)
[M::mem_pestat] low and high boundaries for computing mean and std.dev: (1, 1271)
[M::mem_pestat] mean and std.dev: (357.82, 180.27)
[M::mem_pestat] low and high boundaries for proper pairs: (1, 1646)
[M::mem_pestat] analyzing insert size distribution for orientation RF...
[M::mem_pestat] (25, 50, 75) percentile: (314, 1483, 3001)
[M::mem_pestat] low and high boundaries for computing mean and std.dev: (1, 8375)
[M::mem_pestat] mean and std.dev: (1453.23, 1258.50)
[M::mem_pestat] low and high boundaries for proper pairs: (1, 11062)
[M::mem_pestat] analyzing insert size distribution for orientation RR...
[M::mem_pestat] (25, 50, 75) percentile: (331, 795, 1555)
[M::mem_pestat] low and high boundaries for computing mean and std.dev: (1, 4003)
[M::mem_pestat] mean and std.dev: (1072.14, 934.84)
[M::mem_pestat] low and high boundaries for proper pairs: (1, 5227)
[M::mem_pestat] skip orientation FF
[M::mem_pestat] skip orientation RF
[M::mem_pestat] skip orientation RR
[M::mem_process_seqs] Processed 266668 reads in 493.616 CPU sec, 123.553 real sec
[M::process] read 266668 sequences (40000200 bp)...
[M::mem_pestat] # candidate unique pairs for (FF, FR, RF, RR): (16, 13203, 7, 26)
[M::mem_pestat] analyzing insert size distribution for orientation FF...
[M::mem_pestat] (25, 50, 75) percentile: (697, 969, 1126)
[M::mem_pestat] low and high boundaries for computing mean and std.dev: (1, 1984)
[M::mem_pestat] mean and std.dev: (807.80, 366.18)
[M::mem_pestat] low and high boundaries for proper pairs: (1, 2413)
[M::mem_pestat] analyzing insert size distribution for orientation FR...
[M::mem_pestat] (25, 50, 75) percentile: (145, 371, 520)
[M::mem_pestat] low and high boundaries for computing mean and std.dev: (1, 1270)
[M::mem_pestat] mean and std.dev: (356.71, 180.27)
[M::mem_pestat] low and high boundaries for proper pairs: (1, 1645)
[M::mem_pestat] skip orientation RF as there are not enough pairs
[M::mem_pestat] analyzing insert size distribution for orientation RR...
[M::mem_pestat] (25, 50, 75) percentile: (642, 940, 1260)
[M::mem_pestat] low and high boundaries for computing mean and std.dev: (1, 2496)
[M::mem_pestat] mean and std.dev: (1000.88, 532.57)
[M::mem_pestat] low and high boundaries for proper pairs: (1, 3131)
[M::mem_pestat] skip orientation FF
[M::mem_pestat] skip orientation RR
[M::mem_process_seqs] Processed 266668 reads in 494.510 CPU sec, 123.796 real sec
[M::process] read 266668 sequences (40000200 bp)...
[M::mem_pestat] # candidate unique pairs for (FF, FR, RF, RR): (21, 13171, 16, 23)
[M::mem_pestat] analyzing insert size distribution for orientation FF...
[M::mem_pestat] (25, 50, 75) percentile: (216, 573, 1470)
[M::mem_pestat] low and high boundaries for computing mean and std.dev: (1, 3978)
[M::mem_pestat] mean and std.dev: (880.20, 854.52)
[M::mem_pestat] low and high boundaries for proper pairs: (1, 5232)
[M::mem_pestat] analyzing insert size distribution for orientation FR...
[M::mem_pestat] (25, 50, 75) percentile: (146, 398, 521)
[M::mem_pestat] low and high boundaries for computing mean and std.dev: (1, 1271)
[M::mem_pestat] mean and std.dev: (360.84, 180.30)
[M::mem_pestat] low and high boundaries for proper pairs: (1, 1646)
[M::mem_pestat] analyzing insert size distribution for orientation RF...
[M::mem_pestat] (25, 50, 75) percentile: (379, 1390, 2100)
[M::mem_pestat] low and high boundaries for computing mean and std.dev: (1, 5542)
[M::mem_pestat] mean and std.dev: (1413.40, 1290.90)
[M::mem_pestat] low and high boundaries for proper pairs: (1, 7263)
[M::mem_pestat] analyzing insert size distribution for orientation RR...
[M::mem_pestat] (25, 50, 75) percentile: (453, 1067, 1820)
[M::mem_pestat] low and high boundaries for computing mean and std.dev: (1, 4554)
[M::mem_pestat] mean and std.dev: (1136.00, 811.36)
[M::mem_pestat] low and high boundaries for proper pairs: (1, 5921)
[M::mem_pestat] skip orientation FF
[M::mem_pestat] skip orientation RF
[M::mem_pestat] skip orientation RR
[M::mem_process_seqs] Processed 266668 reads in 496.466 CPU sec, 124.254 real sec
[M::process] read 266668 sequences (40000200 bp)...
[M::mem_pestat] # candidate unique pairs for (FF, FR, RF, RR): (11, 13030, 13, 21)
[M::mem_pestat] analyzing insert size distribution for orientation FF...
[M::mem_pestat] (25, 50, 75) percentile: (212, 458, 988)
[M::mem_pestat] low and high boundaries for computing mean and std.dev: (1, 2540)
[M::mem_pestat] mean and std.dev: (724.45, 697.59)
[M::mem_pestat] low and high boundaries for proper pairs: (1, 3515)
[M::mem_pestat] analyzing insert size distribution for orientation FR...
[M::mem_pestat] (25, 50, 75) percentile: (146, 404, 521)
[M::mem_pestat] low and high boundaries for computing mean and std.dev: (1, 1271)
[M::mem_pestat] mean and std.dev: (362.26, 180.19)
[M::mem_pestat] low and high boundaries for proper pairs: (1, 1646)
[M::mem_pestat] analyzing insert size distribution for orientation RF...
[M::mem_pestat] (25, 50, 75) percentile: (326, 1456, 2836)
[M::mem_pestat] low and high boundaries for computing mean and std.dev: (1, 7856)
[M::mem_pestat] mean and std.dev: (1815.62, 1842.91)
[M::mem_pestat] low and high boundaries for proper pairs: (1, 10366)
[M::mem_pestat] analyzing insert size distribution for orientation RR...
[M::mem_pestat] (25, 50, 75) percentile: (771, 1486, 2751)
[M::mem_pestat] low and high boundaries for computing mean and std.dev: (1, 6711)
[M::mem_pestat] mean and std.dev: (1653.80, 1437.82)
[M::mem_pestat] low and high boundaries for proper pairs: (1, 8691)
[M::mem_pestat] skip orientation FF
[M::mem_pestat] skip orientation RF
[M::mem_pestat] skip orientation RR
[M::mem_process_seqs] Processed 266668 reads in 489.988 CPU sec, 122.634 real sec
[M::process] read 266668 sequences (40000200 bp)...
[M::mem_pestat] # candidate unique pairs for (FF, FR, RF, RR): (17, 13143, 9, 16)
[M::mem_pestat] analyzing insert size distribution for orientation FF...
[M::mem_pestat] (25, 50, 75) percentile: (394, 850, 1804)
[M::mem_pestat] low and high boundaries for computing mean and std.dev: (1, 4624)
[M::mem_pestat] mean and std.dev: (1028.53, 708.17)
[M::mem_pestat] low and high boundaries for proper pairs: (1, 6034)
[M::mem_pestat] analyzing insert size distribution for orientation FR...
[M::mem_pestat] (25, 50, 75) percentile: (146, 383, 521)
[M::mem_pestat] low and high boundaries for computing mean and std.dev: (1, 1271)
[M::mem_pestat] mean and std.dev: (359.48, 180.42)
[M::mem_pestat] low and high boundaries for proper pairs: (1, 1646)
[M::mem_pestat] skip orientation RF as there are not enough pairs
[M::mem_pestat] analyzing insert size distribution for orientation RR...
[M::mem_pestat] (25, 50, 75) percentile: (383, 848, 1247)
[M::mem_pestat] low and high boundaries for computing mean and std.dev: (1, 2975)
[M::mem_pestat] mean and std.dev: (904.06, 625.69)
[M::mem_pestat] low and high boundaries for proper pairs: (1, 3839)
[M::mem_pestat] skip orientation FF
[M::mem_pestat] skip orientation RR
[M::mem_process_seqs] Processed 266668 reads in 487.281 CPU sec, 121.948 real sec
[M::process] read 266668 sequences (40000200 bp)...
[M::mem_pestat] # candidate unique pairs for (FF, FR, RF, RR): (34, 13337, 7, 18)
[M::mem_pestat] analyzing insert size distribution for orientation FF...
[M::mem_pestat] (25, 50, 75) percentile: (205, 849, 2226)
[M::mem_pestat] low and high boundaries for computing mean and std.dev: (1, 6268)
[M::mem_pestat] mean and std.dev: (1432.70, 1602.85)
[M::mem_pestat] low and high boundaries for proper pairs: (1, 8289)
[M::mem_pestat] analyzing insert size distribution for orientation FR...
[M::mem_pestat] (25, 50, 75) percentile: (146, 393, 522)
[M::mem_pestat] low and high boundaries for computing mean and std.dev: (1, 1274)
[M::mem_pestat] mean and std.dev: (361.71, 180.84)
[M::mem_pestat] low and high boundaries for proper pairs: (1, 1650)
[M::mem_pestat] skip orientation RF as there are not enough pairs
[M::mem_pestat] analyzing insert size distribution for orientation RR...
[M::mem_pestat] (25, 50, 75) percentile: (662, 1047, 1742)
[M::mem_pestat] low and high boundaries for computing mean and std.dev: (1, 3902)
[M::mem_pestat] mean and std.dev: (1213.56, 773.29)
[M::mem_pestat] low and high boundaries for proper pairs: (1, 4982)
[M::mem_pestat] skip orientation FF
[M::mem_pestat] skip orientation RR
[M::mem_process_seqs] Processed 266668 reads in 487.825 CPU sec, 122.088 real sec
[M::process] read 266668 sequences (40000200 bp)...
[M::mem_pestat] # candidate unique pairs for (FF, FR, RF, RR): (29, 12957, 12, 24)
[M::mem_pestat] analyzing insert size distribution for orientation FF...
[M::mem_pestat] (25, 50, 75) percentile: (246, 791, 1776)
[M::mem_pestat] low and high boundaries for computing mean and std.dev: (1, 4836)
[M::mem_pestat] mean and std.dev: (984.04, 731.76)
[M::mem_pestat] low and high boundaries for proper pairs: (1, 6366)
[M::mem_pestat] analyzing insert size distribution for orientation FR...
[M::mem_pestat] (25, 50, 75) percentile: (146, 388, 521)
[M::mem_pestat] low and high boundaries for computing mean and std.dev: (1, 1271)
[M::mem_pestat] mean and std.dev: (360.97, 180.20)
[M::mem_pestat] low and high boundaries for proper pairs: (1, 1646)
[M::mem_pestat] analyzing insert size distribution for orientation RF...
[M::mem_pestat] (25, 50, 75) percentile: (338, 706, 1529)
[M::mem_pestat] low and high boundaries for computing mean and std.dev: (1, 3911)
[M::mem_pestat] mean and std.dev: (822.67, 688.31)
[M::mem_pestat] low and high boundaries for proper pairs: (1, 5102)
[M::mem_pestat] analyzing insert size distribution for orientation RR...
[M::mem_pestat] (25, 50, 75) percentile: (609, 1246, 2552)
[M::mem_pestat] low and high boundaries for computing mean and std.dev: (1, 6438)
[M::mem_pestat] mean and std.dev: (1450.71, 962.01)
[M::mem_pestat] low and high boundaries for proper pairs: (1, 8381)
[M::mem_pestat] skip orientation FF
[M::mem_pestat] skip orientation RF
[M::mem_pestat] skip orientation RR
[M::mem_process_seqs] Processed 266668 reads in 483.358 CPU sec, 120.981 real sec
[M::process] read 266668 sequences (40000200 bp)...
[M::mem_pestat] # candidate unique pairs for (FF, FR, RF, RR): (24, 13212, 10, 15)
[M::mem_pestat] analyzing insert size distribution for orientation FF...
[M::mem_pestat] (25, 50, 75) percentile: (303, 845, 2293)
[M::mem_pestat] low and high boundaries for computing mean and std.dev: (1, 6273)
[M::mem_pestat] mean and std.dev: (1116.52, 1132.34)
[M::mem_pestat] low and high boundaries for proper pairs: (1, 8263)
[M::mem_pestat] analyzing insert size distribution for orientation FR...
[M::mem_pestat] (25, 50, 75) percentile: (145, 371, 520)
[M::mem_pestat] low and high boundaries for computing mean and std.dev: (1, 1270)
[M::mem_pestat] mean and std.dev: (356.54, 180.88)
[M::mem_pestat] low and high boundaries for proper pairs: (1, 1645)
[M::mem_pestat] analyzing insert size distribution for orientation RF...
[M::mem_pestat] (25, 50, 75) percentile: (809, 1539, 2201)
[M::mem_pestat] low and high boundaries for computing mean and std.dev: (1, 4985)
[M::mem_pestat] mean and std.dev: (1309.78, 1004.21)
[M::mem_pestat] low and high boundaries for proper pairs: (1, 6377)
[M::mem_pestat] analyzing insert size distribution for orientation RR...
[M::mem_pestat] (25, 50, 75) percentile: (668, 916, 1260)
[M::mem_pestat] low and high boundaries for computing mean and std.dev: (1, 2444)
[M::mem_pestat] mean and std.dev: (834.86, 474.57)
[M::mem_pestat] low and high boundaries for proper pairs: (1, 3036)
[M::mem_pestat] skip orientation FF
[M::mem_pestat] skip orientation RF
[M::mem_pestat] skip orientation RR
[M::mem_process_seqs] Processed 266668 reads in 490.145 CPU sec, 122.679 real sec
[M::process] read 266668 sequences (40000200 bp)...
[M::mem_pestat] # candidate unique pairs for (FF, FR, RF, RR): (19, 13131, 8, 21)
[M::mem_pestat] analyzing insert size distribution for orientation FF...
[M::mem_pestat] (25, 50, 75) percentile: (440, 907, 1560)
[M::mem_pestat] low and high boundaries for computing mean and std.dev: (1, 3800)
[M::mem_pestat] mean and std.dev: (871.47, 808.51)
[M::mem_pestat] low and high boundaries for proper pairs: (1, 4920)
[M::mem_pestat] analyzing insert size distribution for orientation FR...
[M::mem_pestat] (25, 50, 75) percentile: (146, 379, 521)
[M::mem_pestat] low and high boundaries for computing mean and std.dev: (1, 1271)
[M::mem_pestat] mean and std.dev: (359.73, 180.28)
[M::mem_pestat] low and high boundaries for proper pairs: (1, 1646)
[M::mem_pestat] skip orientation RF as there are not enough pairs
[M::mem_pestat] analyzing insert size distribution for orientation RR...
[M::mem_pestat] (25, 50, 75) percentile: (580, 750, 1163)
[M::mem_pestat] low and high boundaries for computing mean and std.dev: (1, 2329)
[M::mem_pestat] mean and std.dev: (703.17, 316.91)
[M::mem_pestat] low and high boundaries for proper pairs: (1, 2912)
[M::mem_pestat] skip orientation FF
[M::mem_pestat] skip orientation RR
[M::mem_process_seqs] Processed 266668 reads in 498.379 CPU sec, 124.735 real sec
[M::process] read 266668 sequences (40000200 bp)...
[M::mem_pestat] # candidate unique pairs for (FF, FR, RF, RR): (22, 12932, 12, 20)
[M::mem_pestat] analyzing insert size distribution for orientation FF...
[M::mem_pestat] (25, 50, 75) percentile: (222, 773, 1628)
[M::mem_pestat] low and high boundaries for computing mean and std.dev: (1, 4440)
[M::mem_pestat] mean and std.dev: (1113.95, 1058.55)
[M::mem_pestat] low and high boundaries for proper pairs: (1, 5846)
[M::mem_pestat] analyzing insert size distribution for orientation FR...
[M::mem_pestat] (25, 50, 75) percentile: (146, 399, 521)
[M::mem_pestat] low and high boundaries for computing mean and std.dev: (1, 1271)
[M::mem_pestat] mean and std.dev: (362.26, 179.37)
[M::mem_pestat] low and high boundaries for proper pairs: (1, 1646)
[M::mem_pestat] analyzing insert size distribution for orientation RF...
[M::mem_pestat] (25, 50, 75) percentile: (55, 312, 2095)
[M::mem_pestat] low and high boundaries for computing mean and std.dev: (1, 6175)
[M::mem_pestat] mean and std.dev: (881.58, 1271.60)
[M::mem_pestat] low and high boundaries for proper pairs: (1, 8215)
[M::mem_pestat] analyzing insert size distribution for orientation RR...
[M::mem_pestat] (25, 50, 75) percentile: (176, 780, 1222)
[M::mem_pestat] low and high boundaries for computing mean and std.dev: (1, 3314)
[M::mem_pestat] mean and std.dev: (764.47, 627.64)
[M::mem_pestat] low and high boundaries for proper pairs: (1, 4360)
[M::mem_pestat] skip orientation FF
[M::mem_pestat] skip orientation RF
[M::mem_pestat] skip orientation RR
[M::mem_process_seqs] Processed 266668 reads in 484.570 CPU sec, 121.259 real sec
[M::process] read 266668 sequences (40000200 bp)...
[M::mem_pestat] # candidate unique pairs for (FF, FR, RF, RR): (26, 13250, 8, 28)
[M::mem_pestat] analyzing insert size distribution for orientation FF...
[M::mem_pestat] (25, 50, 75) percentile: (244, 781, 1214)
[M::mem_pestat] low and high boundaries for computing mean and std.dev: (1, 3154)
[M::mem_pestat] mean and std.dev: (867.69, 707.35)
[M::mem_pestat] low and high boundaries for proper pairs: (1, 4124)
[M::mem_pestat] analyzing insert size distribution for orientation FR...
[M::mem_pestat] (25, 50, 75) percentile: (146, 394, 522)
[M::mem_pestat] low and high boundaries for computing mean and std.dev: (1, 1274)
[M::mem_pestat] mean and std.dev: (361.59, 180.58)
[M::mem_pestat] low and high boundaries for proper pairs: (1, 1650)
[M::mem_pestat] skip orientation RF as there are not enough pairs
[M::mem_pestat] analyzing insert size distribution for orientation RR...
[M::mem_pestat] (25, 50, 75) percentile: (309, 936, 2180)
[M::mem_pestat] low and high boundaries for computing mean and std.dev: (1, 5922)
[M::mem_pestat] mean and std.dev: (1351.63, 1235.11)
[M::mem_pestat] low and high boundaries for proper pairs: (1, 7793)
[M::mem_pestat] skip orientation FF
[M::mem_pestat] skip orientation RR
[M::mem_process_seqs] Processed 266668 reads in 487.239 CPU sec, 121.963 real sec
[M::process] read 266668 sequences (40000200 bp)...
[M::mem_pestat] # candidate unique pairs for (FF, FR, RF, RR): (25, 13054, 11, 20)
[M::mem_pestat] analyzing insert size distribution for orientation FF...
[M::mem_pestat] (25, 50, 75) percentile: (490, 802, 3172)
[M::mem_pestat] low and high boundaries for computing mean and std.dev: (1, 8536)
[M::mem_pestat] mean and std.dev: (1671.32, 1709.51)
[M::mem_pestat] low and high boundaries for proper pairs: (1, 11218)
[M::mem_pestat] analyzing insert size distribution for orientation FR...
[M::mem_pestat] (25, 50, 75) percentile: (145, 392, 521)
[M::mem_pestat] low and high boundaries for computing mean and std.dev: (1, 1273)
[M::mem_pestat] mean and std.dev: (360.83, 180.84)
[M::mem_pestat] low and high boundaries for proper pairs: (1, 1649)
[M::mem_pestat] analyzing insert size distribution for orientation RF...
[M::mem_pestat] (25, 50, 75) percentile: (276, 3122, 4790)
[M::mem_pestat] low and high boundaries for computing mean and std.dev: (1, 13818)
[M::mem_pestat] mean and std.dev: (3195.91, 3256.77)
[M::mem_pestat] low and high boundaries for proper pairs: (1, 18332)
[M::mem_pestat] analyzing insert size distribution for orientation RR...
[M::mem_pestat] (25, 50, 75) percentile: (598, 1355, 2732)
[M::mem_pestat] low and high boundaries for computing mean and std.dev: (1, 7000)
[M::mem_pestat] mean and std.dev: (1505.21, 1098.13)
[M::mem_pestat] low and high boundaries for proper pairs: (1, 9134)
[M::mem_pestat] skip orientation FF
[M::mem_pestat] skip orientation RF
[M::mem_pestat] skip orientation RR
[M::mem_process_seqs] Processed 266668 reads in 488.075 CPU sec, 122.218 real sec
[M::process] read 266668 sequences (40000200 bp)...
[M::mem_pestat] # candidate unique pairs for (FF, FR, RF, RR): (30, 13142, 9, 19)
[M::mem_pestat] analyzing insert size distribution for orientation FF...
[M::mem_pestat] (25, 50, 75) percentile: (211, 736, 1480)
[M::mem_pestat] low and high boundaries for computing mean and std.dev: (1, 4018)
[M::mem_pestat] mean and std.dev: (969.07, 963.06)
[M::mem_pestat] low and high boundaries for proper pairs: (1, 5287)
[M::mem_pestat] analyzing insert size distribution for orientation FR...
[M::mem_pestat] (25, 50, 75) percentile: (146, 427, 522)
[M::mem_pestat] low and high boundaries for computing mean and std.dev: (1, 1274)
[M::mem_pestat] mean and std.dev: (365.37, 179.70)
[M::mem_pestat] low and high boundaries for proper pairs: (1, 1650)
[M::mem_pestat] skip orientation RF as there are not enough pairs
[M::mem_pestat] analyzing insert size distribution for orientation RR...
[M::mem_pestat] (25, 50, 75) percentile: (207, 635, 1506)
[M::mem_pestat] low and high boundaries for computing mean and std.dev: (1, 4104)
[M::mem_pestat] mean and std.dev: (870.06, 910.06)
[M::mem_pestat] low and high boundaries for proper pairs: (1, 5403)
[M::mem_pestat] skip orientation FF
[M::mem_pestat] skip orientation RR
[M::mem_process_seqs] Processed 266668 reads in 487.817 CPU sec, 122.159 real sec
[M::process] read 266668 sequences (40000200 bp)...
[M::mem_pestat] # candidate unique pairs for (FF, FR, RF, RR): (26, 13178, 8, 24)
[M::mem_pestat] analyzing insert size distribution for orientation FF...
[M::mem_pestat] (25, 50, 75) percentile: (262, 699, 1062)
[M::mem_pestat] low and high boundaries for computing mean and std.dev: (1, 2662)
[M::mem_pestat] mean and std.dev: (730.60, 597.98)
[M::mem_pestat] low and high boundaries for proper pairs: (1, 3462)
[M::mem_pestat] analyzing insert size distribution for orientation FR...
[M::mem_pestat] (25, 50, 75) percentile: (145, 376, 521)
[M::mem_pestat] low and high boundaries for computing mean and std.dev: (1, 1273)
[M::mem_pestat] mean and std.dev: (358.09, 181.42)
[M::mem_pestat] low and high boundaries for proper pairs: (1, 1649)
[M::mem_pestat] skip orientation RF as there are not enough pairs
[M::mem_pestat] analyzing insert size distribution for orientation RR...
[M::mem_pestat] (25, 50, 75) percentile: (189, 717, 1663)
[M::mem_pestat] low and high boundaries for computing mean and std.dev: (1, 4611)
[M::mem_pestat] mean and std.dev: (1103.50, 1178.29)
[M::mem_pestat] low and high boundaries for proper pairs: (1, 6085)
[M::mem_pestat] skip orientation FF
[M::mem_pestat] skip orientation RR
[M::mem_process_seqs] Processed 266668 reads in 489.018 CPU sec, 122.436 real sec
[M::process] read 266668 sequences (40000200 bp)...
[M::mem_pestat] # candidate unique pairs for (FF, FR, RF, RR): (24, 13369, 7, 22)
[M::mem_pestat] analyzing insert size distribution for orientation FF...
[M::mem_pestat] (25, 50, 75) percentile: (148, 435, 887)
[M::mem_pestat] low and high boundaries for computing mean and std.dev: (1, 2365)
[M::mem_pestat] mean and std.dev: (495.76, 516.91)
[M::mem_pestat] low and high boundaries for proper pairs: (1, 3104)
[M::mem_pestat] analyzing insert size distribution for orientation FR...
[M::mem_pestat] (25, 50, 75) percentile: (146, 394, 522)
[M::mem_pestat] low and high boundaries for computing mean and std.dev: (1, 1274)
[M::mem_pestat] mean and std.dev: (361.35, 180.53)
[M::mem_pestat] low and high boundaries for proper pairs: (1, 1650)
[M::mem_pestat] skip orientation RF as there are not enough pairs
[M::mem_pestat] analyzing insert size distribution for orientation RR...
[M::mem_pestat] (25, 50, 75) percentile: (667, 1070, 1544)
[M::mem_pestat] low and high boundaries for computing mean and std.dev: (1, 3298)
[M::mem_pestat] mean and std.dev: (1011.25, 540.92)
[M::mem_pestat] low and high boundaries for proper pairs: (1, 4175)
[M::mem_pestat] skip orientation FF
[M::mem_pestat] skip orientation RR
[M::mem_process_seqs] Processed 266668 reads in 486.052 CPU sec, 121.703 real sec
[M::process] read 266668 sequences (40000200 bp)...
[M::mem_pestat] # candidate unique pairs for (FF, FR, RF, RR): (37, 13318, 10, 29)
[M::mem_pestat] analyzing insert size distribution for orientation FF...
[M::mem_pestat] (25, 50, 75) percentile: (321, 693, 1829)
[M::mem_pestat] low and high boundaries for computing mean and std.dev: (1, 4845)
[M::mem_pestat] mean and std.dev: (904.38, 757.90)
[M::mem_pestat] low and high boundaries for proper pairs: (1, 6353)
[M::mem_pestat] analyzing insert size distribution for orientation FR...
[M::mem_pestat] (25, 50, 75) percentile: (146, 392, 522)
[M::mem_pestat] low and high boundaries for computing mean and std.dev: (1, 1274)
[M::mem_pestat] mean and std.dev: (360.62, 181.15)
[M::mem_pestat] low and high boundaries for proper pairs: (1, 1650)
[M::mem_pestat] analyzing insert size distribution for orientation RF...
[M::mem_pestat] (25, 50, 75) percentile: (310, 595, 1316)
[M::mem_pestat] low and high boundaries for computing mean and std.dev: (1, 3328)
[M::mem_pestat] mean and std.dev: (628.56, 535.15)
[M::mem_pestat] low and high boundaries for proper pairs: (1, 4334)
[M::mem_pestat] analyzing insert size distribution for orientation RR...
[M::mem_pestat] (25, 50, 75) percentile: (630, 997, 1687)
[M::mem_pestat] low and high boundaries for computing mean and std.dev: (1, 3801)
[M::mem_pestat] mean and std.dev: (1140.21, 799.91)
[M::mem_pestat] low and high boundaries for proper pairs: (1, 4858)
[M::mem_pestat] skip orientation FF
[M::mem_pestat] skip orientation RF
[M::mem_pestat] skip orientation RR
[M::mem_process_seqs] Processed 266668 reads in 483.674 CPU sec, 121.066 real sec
[M::process] read 266668 sequences (40000200 bp)...
[M::mem_pestat] # candidate unique pairs for (FF, FR, RF, RR): (26, 13335, 8, 17)
[M::mem_pestat] analyzing insert size distribution for orientation FF...
[M::mem_pestat] (25, 50, 75) percentile: (241, 564, 1188)
[M::mem_pestat] low and high boundaries for computing mean and std.dev: (1, 3082)
[M::mem_pestat] mean and std.dev: (680.68, 549.21)
[M::mem_pestat] low and high boundaries for proper pairs: (1, 4029)
[M::mem_pestat] analyzing insert size distribution for orientation FR...
[M::mem_pestat] (25, 50, 75) percentile: (146, 416, 522)
[M::mem_pestat] low and high boundaries for computing mean and std.dev: (1, 1274)
[M::mem_pestat] mean and std.dev: (363.04, 181.29)
[M::mem_pestat] low and high boundaries for proper pairs: (1, 1650)
[M::mem_pestat] skip orientation RF as there are not enough pairs
[M::mem_pestat] analyzing insert size distribution for orientation RR...
[M::mem_pestat] (25, 50, 75) percentile: (333, 952, 2076)
[M::mem_pestat] low and high boundaries for computing mean and std.dev: (1, 5562)
[M::mem_pestat] mean and std.dev: (1124.24, 891.43)
[M::mem_pestat] low and high boundaries for proper pairs: (1, 7305)
[M::mem_pestat] skip orientation FF
[M::mem_pestat] skip orientation RR
[M::mem_process_seqs] Processed 266668 reads in 496.016 CPU sec, 124.203 real sec
[M::process] read 266668 sequences (40000200 bp)...
[M::mem_pestat] # candidate unique pairs for (FF, FR, RF, RR): (28, 13080, 11, 27)
[M::mem_pestat] analyzing insert size distribution for orientation FF...
[M::mem_pestat] (25, 50, 75) percentile: (247, 645, 1076)
[M::mem_pestat] low and high boundaries for computing mean and std.dev: (1, 2734)
[M::mem_pestat] mean and std.dev: (694.27, 624.65)
[M::mem_pestat] low and high boundaries for proper pairs: (1, 3563)
[M::mem_pestat] analyzing insert size distribution for orientation FR...
[M::mem_pestat] (25, 50, 75) percentile: (145, 376, 521)
[M::mem_pestat] low and high boundaries for computing mean and std.dev: (1, 1273)
[M::mem_pestat] mean and std.dev: (358.37, 181.69)
[M::mem_pestat] low and high boundaries for proper pairs: (1, 1649)
[M::mem_pestat] analyzing insert size distribution for orientation RF...
[M::mem_pestat] (25, 50, 75) percentile: (1069, 2094, 2897)
[M::mem_pestat] low and high boundaries for computing mean and std.dev: (1, 6553)
[M::mem_pestat] mean and std.dev: (2196.09, 1648.49)
[M::mem_pestat] low and high boundaries for proper pairs: (1, 8790)
[M::mem_pestat] analyzing insert size distribution for orientation RR...
[M::mem_pestat] (25, 50, 75) percentile: (317, 1053, 2695)
[M::mem_pestat] low and high boundaries for computing mean and std.dev: (1, 7451)
[M::mem_pestat] mean and std.dev: (1582.65, 1648.55)
[M::mem_pestat] low and high boundaries for proper pairs: (1, 9829)
[M::mem_pestat] skip orientation FF
[M::mem_pestat] skip orientation RF
[M::mem_pestat] skip orientation RR
[M::mem_process_seqs] Processed 266668 reads in 492.055 CPU sec, 123.241 real sec
[M::process] read 266668 sequences (40000200 bp)...
[M::mem_pestat] # candidate unique pairs for (FF, FR, RF, RR): (25, 13004, 11, 30)
[M::mem_pestat] analyzing insert size distribution for orientation FF...
[M::mem_pestat] (25, 50, 75) percentile: (446, 733, 1289)
[M::mem_pestat] low and high boundaries for computing mean and std.dev: (1, 2975)
[M::mem_pestat] mean and std.dev: (634.45, 370.24)
[M::mem_pestat] low and high boundaries for proper pairs: (1, 3818)
[M::mem_pestat] analyzing insert size distribution for orientation FR...
[M::mem_pestat] (25, 50, 75) percentile: (145, 389, 521)
[M::mem_pestat] low and high boundaries for computing mean and std.dev: (1, 1273)
[M::mem_pestat] mean and std.dev: (360.04, 180.41)
[M::mem_pestat] low and high boundaries for proper pairs: (1, 1649)
[M::mem_pestat] analyzing insert size distribution for orientation RF...
[M::mem_pestat] (25, 50, 75) percentile: (866, 918, 5352)
[M::mem_pestat] low and high boundaries for computing mean and std.dev: (1, 14324)
[M::mem_pestat] mean and std.dev: (2721.91, 2844.92)
[M::mem_pestat] low and high boundaries for proper pairs: (1, 18810)
[M::mem_pestat] analyzing insert size distribution for orientation RR...
[M::mem_pestat] (25, 50, 75) percentile: (579, 1179, 1488)
[M::mem_pestat] low and high boundaries for computing mean and std.dev: (1, 3306)
[M::mem_pestat] mean and std.dev: (942.19, 576.47)
[M::mem_pestat] low and high boundaries for proper pairs: (1, 4215)
[M::mem_pestat] skip orientation FF
[M::mem_pestat] skip orientation RF
[M::mem_pestat] skip orientation RR
[M::mem_process_seqs] Processed 266668 reads in 487.402 CPU sec, 122.104 real sec
[M::process] read 266668 sequences (40000200 bp)...
[M::mem_pestat] # candidate unique pairs for (FF, FR, RF, RR): (28, 13197, 10, 21)
[M::mem_pestat] analyzing insert size distribution for orientation FF...
[M::mem_pestat] (25, 50, 75) percentile: (349, 875, 1860)
[M::mem_pestat] low and high boundaries for computing mean and std.dev: (1, 4882)
[M::mem_pestat] mean and std.dev: (1179.93, 1201.66)
[M::mem_pestat] low and high boundaries for proper pairs: (1, 6393)
[M::mem_pestat] analyzing insert size distribution for orientation FR...
[M::mem_pestat] (25, 50, 75) percentile: (146, 389, 521)
[M::mem_pestat] low and high boundaries for computing mean and std.dev: (1, 1271)
[M::mem_pestat] mean and std.dev: (360.28, 180.31)
[M::mem_pestat] low and high boundaries for proper pairs: (1, 1646)
[M::mem_pestat] analyzing insert size distribution for orientation RF...
[M::mem_pestat] (25, 50, 75) percentile: (397, 969, 2735)
[M::mem_pestat] low and high boundaries for computing mean and std.dev: (1, 7411)
[M::mem_pestat] mean and std.dev: (1347.60, 1197.50)
[M::mem_pestat] low and high boundaries for proper pairs: (1, 9749)
[M::mem_pestat] analyzing insert size distribution for orientation RR...
[M::mem_pestat] (25, 50, 75) percentile: (493, 1482, 2873)
[M::mem_pestat] low and high boundaries for computing mean and std.dev: (1, 7633)
[M::mem_pestat] mean and std.dev: (1806.29, 1631.77)
[M::mem_pestat] low and high boundaries for proper pairs: (1, 10013)
[M::mem_pestat] skip orientation FF
[M::mem_pestat] skip orientation RF
[M::mem_pestat] skip orientation RR
[M::mem_process_seqs] Processed 266668 reads in 480.526 CPU sec, 120.671 real sec
[M::process] read 266668 sequences (40000200 bp)...
[M::mem_pestat] # candidate unique pairs for (FF, FR, RF, RR): (16, 13048, 8, 24)
[M::mem_pestat] analyzing insert size distribution for orientation FF...
[M::mem_pestat] (25, 50, 75) percentile: (579, 955, 1487)
[M::mem_pestat] low and high boundaries for computing mean and std.dev: (1, 3303)
[M::mem_pestat] mean and std.dev: (1131.81, 803.87)
[M::mem_pestat] low and high boundaries for proper pairs: (1, 4347)
[M::mem_pestat] analyzing insert size distribution for orientation FR...
[M::mem_pestat] (25, 50, 75) percentile: (146, 396, 521)
[M::mem_pestat] low and high boundaries for computing mean and std.dev: (1, 1271)
[M::mem_pestat] mean and std.dev: (361.46, 180.88)
[M::mem_pestat] low and high boundaries for proper pairs: (1, 1646)
[M::mem_pestat] skip orientation RF as there are not enough pairs
[M::mem_pestat] analyzing insert size distribution for orientation RR...
[M::mem_pestat] (25, 50, 75) percentile: (675, 1039, 1550)
[M::mem_pestat] low and high boundaries for computing mean and std.dev: (1, 3300)
[M::mem_pestat] mean and std.dev: (937.18, 495.86)
[M::mem_pestat] low and high boundaries for proper pairs: (1, 4175)
[M::mem_pestat] skip orientation FF
[M::mem_pestat] skip orientation RR
[M::mem_process_seqs] Processed 266668 reads in 487.931 CPU sec, 122.160 real sec
[M::process] read 266668 sequences (40000200 bp)...
[M::mem_pestat] # candidate unique pairs for (FF, FR, RF, RR): (23, 13089, 9, 18)
[M::mem_pestat] analyzing insert size distribution for orientation FF...
[M::mem_pestat] (25, 50, 75) percentile: (216, 687, 1956)
[M::mem_pestat] low and high boundaries for computing mean and std.dev: (1, 5436)
[M::mem_pestat] mean and std.dev: (953.68, 959.25)
[M::mem_pestat] low and high boundaries for proper pairs: (1, 7176)
[M::mem_pestat] analyzing insert size distribution for orientation FR...
[M::mem_pestat] (25, 50, 75) percentile: (145, 369, 520)
[M::mem_pestat] low and high boundaries for computing mean and std.dev: (1, 1270)
[M::mem_pestat] mean and std.dev: (356.07, 180.64)
[M::mem_pestat] low and high boundaries for proper pairs: (1, 1645)
[M::mem_pestat] skip orientation RF as there are not enough pairs
[M::mem_pestat] analyzing insert size distribution for orientation RR...
[M::mem_pestat] (25, 50, 75) percentile: (593, 959, 1188)
[M::mem_pestat] low and high boundaries for computing mean and std.dev: (1, 2378)
[M::mem_pestat] mean and std.dev: (951.65, 456.45)
[M::mem_pestat] low and high boundaries for proper pairs: (1, 2973)
[M::mem_pestat] skip orientation FF
[M::mem_pestat] skip orientation RR
[M::mem_process_seqs] Processed 266668 reads in 489.171 CPU sec, 122.567 real sec
[M::process] read 266668 sequences (40000200 bp)...
[M::mem_pestat] # candidate unique pairs for (FF, FR, RF, RR): (19, 13216, 15, 22)
[M::mem_pestat] analyzing insert size distribution for orientation FF...
[M::mem_pestat] (25, 50, 75) percentile: (176, 439, 1016)
[M::mem_pestat] low and high boundaries for computing mean and std.dev: (1, 2696)
[M::mem_pestat] mean and std.dev: (602.21, 514.73)
[M::mem_pestat] low and high boundaries for proper pairs: (1, 3536)
[M::mem_pestat] analyzing insert size distribution for orientation FR...
[M::mem_pestat] (25, 50, 75) percentile: (146, 385, 521)
[M::mem_pestat] low and high boundaries for computing mean and std.dev: (1, 1271)
[M::mem_pestat] mean and std.dev: (360.02, 180.31)
[M::mem_pestat] low and high boundaries for proper pairs: (1, 1646)
[M::mem_pestat] analyzing insert size distribution for orientation RF...
[M::mem_pestat] (25, 50, 75) percentile: (555, 1079, 1863)
[M::mem_pestat] low and high boundaries for computing mean and std.dev: (1, 4479)
[M::mem_pestat] mean and std.dev: (1004.36, 709.54)
[M::mem_pestat] low and high boundaries for proper pairs: (1, 5787)
[M::mem_pestat] analyzing insert size distribution for orientation RR...
[M::mem_pestat] (25, 50, 75) percentile: (511, 925, 2472)
[M::mem_pestat] low and high boundaries for computing mean and std.dev: (1, 6394)
[M::mem_pestat] mean and std.dev: (1492.95, 1540.81)
[M::mem_pestat] low and high boundaries for proper pairs: (1, 8355)
[M::mem_pestat] skip orientation FF
[M::mem_pestat] skip orientation RF
[M::mem_pestat] skip orientation RR
[M::mem_process_seqs] Processed 266668 reads in 490.152 CPU sec, 122.751 real sec
[M::process] read 266668 sequences (40000200 bp)...
[M::mem_pestat] # candidate unique pairs for (FF, FR, RF, RR): (25, 13143, 10, 22)
[M::mem_pestat] analyzing insert size distribution for orientation FF...
[M::mem_pestat] (25, 50, 75) percentile: (346, 780, 2483)
[M::mem_pestat] low and high boundaries for computing mean and std.dev: (1, 6757)
[M::mem_pestat] mean and std.dev: (1413.84, 1453.56)
[M::mem_pestat] low and high boundaries for proper pairs: (1, 8894)
[M::mem_pestat] analyzing insert size distribution for orientation FR...
[M::mem_pestat] (25, 50, 75) percentile: (146, 406, 522)
[M::mem_pestat] low and high boundaries for computing mean and std.dev: (1, 1274)
[M::mem_pestat] mean and std.dev: (362.89, 180.52)
[M::mem_pestat] low and high boundaries for proper pairs: (1, 1650)
[M::mem_pestat] analyzing insert size distribution for orientation RF...
[M::mem_pestat] (25, 50, 75) percentile: (406, 2977, 3180)
[M::mem_pestat] low and high boundaries for computing mean and std.dev: (1, 8728)
[M::mem_pestat] mean and std.dev: (2412.50, 2358.19)
[M::mem_pestat] low and high boundaries for proper pairs: (1, 11845)
[M::mem_pestat] analyzing insert size distribution for orientation RR...
[M::mem_pestat] (25, 50, 75) percentile: (239, 688, 1056)
[M::mem_pestat] low and high boundaries for computing mean and std.dev: (1, 2690)
[M::mem_pestat] mean and std.dev: (684.05, 509.78)
[M::mem_pestat] low and high boundaries for proper pairs: (1, 3507)
[M::mem_pestat] skip orientation FF
[M::mem_pestat] skip orientation RF
[M::mem_pestat] skip orientation RR
[M::mem_process_seqs] Processed 266668 reads in 488.977 CPU sec, 122.531 real sec
[M::process] read 266668 sequences (40000200 bp)...
[M::mem_pestat] # candidate unique pairs for (FF, FR, RF, RR): (31, 13020, 5, 30)
[M::mem_pestat] analyzing insert size distribution for orientation FF...
[M::mem_pestat] (25, 50, 75) percentile: (424, 667, 1824)
[M::mem_pestat] low and high boundaries for computing mean and std.dev: (1, 4624)
[M::mem_pestat] mean and std.dev: (1101.97, 1055.45)
[M::mem_pestat] low and high boundaries for proper pairs: (1, 6024)
[M::mem_pestat] analyzing insert size distribution for orientation FR...
[M::mem_pestat] (25, 50, 75) percentile: (146, 399, 521)
[M::mem_pestat] low and high boundaries for computing mean and std.dev: (1, 1271)
[M::mem_pestat] mean and std.dev: (361.83, 180.07)
[M::mem_pestat] low and high boundaries for proper pairs: (1, 1646)
[M::mem_pestat] skip orientation RF as there are not enough pairs
[M::mem_pestat] analyzing insert size distribution for orientation RR...
[M::mem_pestat] (25, 50, 75) percentile: (339, 783, 1262)
[M::mem_pestat] low and high boundaries for computing mean and std.dev: (1, 3108)
[M::mem_pestat] mean and std.dev: (869.68, 680.05)
[M::mem_pestat] low and high boundaries for proper pairs: (1, 4031)
[M::mem_pestat] skip orientation FF
[M::mem_pestat] skip orientation RR
[M::mem_process_seqs] Processed 266668 reads in 487.961 CPU sec, 122.155 real sec
[M::process] read 266668 sequences (40000200 bp)...
[M::mem_pestat] # candidate unique pairs for (FF, FR, RF, RR): (20, 13230, 11, 31)
[M::mem_pestat] analyzing insert size distribution for orientation FF...
[M::mem_pestat] (25, 50, 75) percentile: (196, 596, 1038)
[M::mem_pestat] low and high boundaries for computing mean and std.dev: (1, 2722)
[M::mem_pestat] mean and std.dev: (514.41, 425.40)
[M::mem_pestat] low and high boundaries for proper pairs: (1, 3564)
[M::mem_pestat] analyzing insert size distribution for orientation FR...
[M::mem_pestat] (25, 50, 75) percentile: (146, 436, 521)
[M::mem_pestat] low and high boundaries for computing mean and std.dev: (1, 1271)
[M::mem_pestat] mean and std.dev: (364.82, 180.24)
[M::mem_pestat] low and high boundaries for proper pairs: (1, 1646)
[M::mem_pestat] analyzing insert size distribution for orientation RF...
[M::mem_pestat] (25, 50, 75) percentile: (176, 932, 2188)
[M::mem_pestat] low and high boundaries for computing mean and std.dev: (1, 6212)
[M::mem_pestat] mean and std.dev: (1264.91, 1116.81)
[M::mem_pestat] low and high boundaries for proper pairs: (1, 8224)
[M::mem_pestat] analyzing insert size distribution for orientation RR...
[M::mem_pestat] (25, 50, 75) percentile: (301, 926, 1598)
[M::mem_pestat] low and high boundaries for computing mean and std.dev: (1, 4192)
[M::mem_pestat] mean and std.dev: (955.79, 721.55)
[M::mem_pestat] low and high boundaries for proper pairs: (1, 5489)
[M::mem_pestat] skip orientation FF
[M::mem_pestat] skip orientation RF
[M::mem_pestat] skip orientation RR
[M::mem_process_seqs] Processed 266668 reads in 484.841 CPU sec, 121.364 real sec
[M::process] read 266668 sequences (40000200 bp)...
[M::mem_pestat] # candidate unique pairs for (FF, FR, RF, RR): (19, 13194, 10, 26)
[M::mem_pestat] analyzing insert size distribution for orientation FF...
[M::mem_pestat] (25, 50, 75) percentile: (317, 834, 1078)
[M::mem_pestat] low and high boundaries for computing mean and std.dev: (1, 2600)
[M::mem_pestat] mean and std.dev: (710.71, 403.45)
[M::mem_pestat] low and high boundaries for proper pairs: (1, 3361)
[M::mem_pestat] analyzing insert size distribution for orientation FR...
[M::mem_pestat] (25, 50, 75) percentile: (146, 409, 523)
[M::mem_pestat] low and high boundaries for computing mean and std.dev: (1, 1277)
[M::mem_pestat] mean and std.dev: (364.49, 180.14)
[M::mem_pestat] low and high boundaries for proper pairs: (1, 1654)
[M::mem_pestat] analyzing insert size distribution for orientation RF...
[M::mem_pestat] (25, 50, 75) percentile: (105, 980, 1495)
[M::mem_pestat] low and high boundaries for computing mean and std.dev: (1, 4275)
[M::mem_pestat] mean and std.dev: (1138.30, 1270.44)
[M::mem_pestat] low and high boundaries for proper pairs: (1, 6220)
[M::mem_pestat] analyzing insert size distribution for orientation RR...
[M::mem_pestat] (25, 50, 75) percentile: (521, 1007, 1349)
[M::mem_pestat] low and high boundaries for computing mean and std.dev: (1, 3005)
[M::mem_pestat] mean and std.dev: (980.88, 586.64)
[M::mem_pestat] low and high boundaries for proper pairs: (1, 3833)
[M::mem_pestat] skip orientation FF
[M::mem_pestat] skip orientation RF
[M::mem_pestat] skip orientation RR
[M::mem_process_seqs] Processed 266668 reads in 497.343 CPU sec, 124.510 real sec
[M::process] read 38974 sequences (5846100 bp)...
[M::mem_pestat] # candidate unique pairs for (FF, FR, RF, RR): (21, 13326, 10, 27)
[M::mem_pestat] analyzing insert size distribution for orientation FF...
[M::mem_pestat] (25, 50, 75) percentile: (466, 671, 1932)
[M::mem_pestat] low and high boundaries for computing mean and std.dev: (1, 4864)
[M::mem_pestat] mean and std.dev: (959.40, 815.30)
[M::mem_pestat] low and high boundaries for proper pairs: (1, 6330)
[M::mem_pestat] analyzing insert size distribution for orientation FR...
[M::mem_pestat] (25, 50, 75) percentile: (146, 389, 521)
[M::mem_pestat] low and high boundaries for computing mean and std.dev: (1, 1271)
[M::mem_pestat] mean and std.dev: (360.48, 179.94)
[M::mem_pestat] low and high boundaries for proper pairs: (1, 1646)
[M::mem_pestat] analyzing insert size distribution for orientation RF...
[M::mem_pestat] (25, 50, 75) percentile: (599, 1191, 2111)
[M::mem_pestat] low and high boundaries for computing mean and std.dev: (1, 5135)
[M::mem_pestat] mean and std.dev: (1353.10, 1029.83)
[M::mem_pestat] low and high boundaries for proper pairs: (1, 6647)
[M::mem_pestat] analyzing insert size distribution for orientation RR...
[M::mem_pestat] (25, 50, 75) percentile: (282, 1190, 1648)
[M::mem_pestat] low and high boundaries for computing mean and std.dev: (1, 4380)
[M::mem_pestat] mean and std.dev: (1101.12, 848.28)
[M::mem_pestat] low and high boundaries for proper pairs: (1, 5746)
[M::mem_pestat] skip orientation FF
[M::mem_pestat] skip orientation RF
[M::mem_pestat] skip orientation RR
[M::mem_process_seqs] Processed 266668 reads in 487.112 CPU sec, 121.933 real sec
[M::mem_pestat] # candidate unique pairs for (FF, FR, RF, RR): (2, 1902, 0, 6)
[M::mem_pestat] skip orientation FF as there are not enough pairs
[M::mem_pestat] analyzing insert size distribution for orientation FR...
[M::mem_pestat] (25, 50, 75) percentile: (145, 367, 521)
[M::mem_pestat] low and high boundaries for computing mean and std.dev: (1, 1273)
[M::mem_pestat] mean and std.dev: (358.04, 181.40)
[M::mem_pestat] low and high boundaries for proper pairs: (1, 1649)
[M::mem_pestat] skip orientation RF as there are not enough pairs
[M::mem_pestat] skip orientation RR as there are not enough pairs
[M::mem_process_seqs] Processed 38974 reads in 75.032 CPU sec, 18.779 real sec
[main] Version: 0.7.17-r1188
[main] CMD: bwa mem -t 4 -a /mnt/raid6/bacphagenetwork/data/bwa_index/chm13v2.0_noY.fa /mnt/raid6/bacphagenetwork/data/skin_metagenome/Beijing/02_rm_host/BJ027_1.fastq.gz /mnt/raid6/bacphagenetwork/data/skin_metagenome/Beijing/02_rm_host/BJ027_2.fastq.gz
[main] Real time: 7297.578 sec; CPU: 29131.270 sec
