/home/bacphagenetwork/.bashrc: line 15: Custom: command not found
[M::bwa_idx_load_from_disk] read 0 ALT contigs
[M::process] read 266668 sequences (40000200 bp)...
[M::process] read 266668 sequences (40000200 bp)...
[M::mem_pestat] # candidate unique pairs for (FF, FR, RF, RR): (40, 14351, 13, 24)
[M::mem_pestat] analyzing insert size distribution for orientation FF...
[M::mem_pestat] (25, 50, 75) percentile: (128, 197, 748)
[M::mem_pestat] low and high boundaries for computing mean and std.dev: (1, 1988)
[M::mem_pestat] mean and std.dev: (438.18, 468.66)
[M::mem_pestat] low and high boundaries for proper pairs: (1, 2608)
[M::mem_pestat] analyzing insert size distribution for orientation FR...
[M::mem_pestat] (25, 50, 75) percentile: (279, 504, 528)
[M::mem_pestat] low and high boundaries for computing mean and std.dev: (1, 1026)
[M::mem_pestat] mean and std.dev: (411.70, 156.59)
[M::mem_pestat] low and high boundaries for proper pairs: (1, 1275)
[M::mem_pestat] analyzing insert size distribution for orientation RF...
[M::mem_pestat] (25, 50, 75) percentile: (532, 828, 4017)
[M::mem_pestat] low and high boundaries for computing mean and std.dev: (1, 10987)
[M::mem_pestat] mean and std.dev: (1944.77, 2057.42)
[M::mem_pestat] low and high boundaries for proper pairs: (1, 14472)
[M::mem_pestat] analyzing insert size distribution for orientation RR...
[M::mem_pestat] (25, 50, 75) percentile: (450, 1095, 1777)
[M::mem_pestat] low and high boundaries for computing mean and std.dev: (1, 4431)
[M::mem_pestat] mean and std.dev: (1049.18, 764.43)
[M::mem_pestat] low and high boundaries for proper pairs: (1, 5758)
[M::mem_pestat] skip orientation FF
[M::mem_pestat] skip orientation RF
[M::mem_pestat] skip orientation RR
[M::mem_process_seqs] Processed 266668 reads in 559.746 CPU sec, 140.452 real sec
[M::process] read 266668 sequences (40000200 bp)...
[M::mem_pestat] # candidate unique pairs for (FF, FR, RF, RR): (33, 14405, 12, 17)
[M::mem_pestat] analyzing insert size distribution for orientation FF...
[M::mem_pestat] (25, 50, 75) percentile: (131, 209, 1443)
[M::mem_pestat] low and high boundaries for computing mean and std.dev: (1, 4067)
[M::mem_pestat] mean and std.dev: (786.97, 1053.22)
[M::mem_pestat] low and high boundaries for proper pairs: (1, 5379)
[M::mem_pestat] analyzing insert size distribution for orientation FR...
[M::mem_pestat] (25, 50, 75) percentile: (277, 503, 528)
[M::mem_pestat] low and high boundaries for computing mean and std.dev: (1, 1030)
[M::mem_pestat] mean and std.dev: (410.62, 157.98)
[M::mem_pestat] low and high boundaries for proper pairs: (1, 1281)
[M::mem_pestat] analyzing insert size distribution for orientation RF...
[M::mem_pestat] (25, 50, 75) percentile: (192, 598, 2948)
[M::mem_pestat] low and high boundaries for computing mean and std.dev: (1, 8460)
[M::mem_pestat] mean and std.dev: (1144.45, 1386.90)
[M::mem_pestat] low and high boundaries for proper pairs: (1, 11216)
[M::mem_pestat] analyzing insert size distribution for orientation RR...
[M::mem_pestat] (25, 50, 75) percentile: (192, 956, 1811)
[M::mem_pestat] low and high boundaries for computing mean and std.dev: (1, 5049)
[M::mem_pestat] mean and std.dev: (943.06, 779.09)
[M::mem_pestat] low and high boundaries for proper pairs: (1, 6668)
[M::mem_pestat] skip orientation FF
[M::mem_pestat] skip orientation RF
[M::mem_pestat] skip orientation RR
[M::mem_process_seqs] Processed 266668 reads in 556.070 CPU sec, 139.441 real sec
[M::process] read 266668 sequences (40000200 bp)...
[M::mem_pestat] # candidate unique pairs for (FF, FR, RF, RR): (33, 14182, 12, 17)
[M::mem_pestat] analyzing insert size distribution for orientation FF...
[M::mem_pestat] (25, 50, 75) percentile: (146, 306, 1067)
[M::mem_pestat] low and high boundaries for computing mean and std.dev: (1, 2909)
[M::mem_pestat] mean and std.dev: (529.53, 559.97)
[M::mem_pestat] low and high boundaries for proper pairs: (1, 3830)
[M::mem_pestat] analyzing insert size distribution for orientation FR...
[M::mem_pestat] (25, 50, 75) percentile: (278, 504, 528)
[M::mem_pestat] low and high boundaries for computing mean and std.dev: (1, 1028)
[M::mem_pestat] mean and std.dev: (410.78, 157.35)
[M::mem_pestat] low and high boundaries for proper pairs: (1, 1278)
[M::mem_pestat] analyzing insert size distribution for orientation RF...
[M::mem_pestat] (25, 50, 75) percentile: (455, 956, 3558)
[M::mem_pestat] low and high boundaries for computing mean and std.dev: (1, 9764)
[M::mem_pestat] mean and std.dev: (1810.83, 2075.49)
[M::mem_pestat] low and high boundaries for proper pairs: (1, 12867)
[M::mem_pestat] analyzing insert size distribution for orientation RR...
[M::mem_pestat] (25, 50, 75) percentile: (144, 403, 1711)
[M::mem_pestat] low and high boundaries for computing mean and std.dev: (1, 4845)
[M::mem_pestat] mean and std.dev: (875.29, 844.88)
[M::mem_pestat] low and high boundaries for proper pairs: (1, 6412)
[M::mem_pestat] skip orientation FF
[M::mem_pestat] skip orientation RF
[M::mem_pestat] skip orientation RR
[M::mem_process_seqs] Processed 266668 reads in 558.488 CPU sec, 140.064 real sec
[M::process] read 266668 sequences (40000200 bp)...
[M::mem_pestat] # candidate unique pairs for (FF, FR, RF, RR): (44, 14426, 13, 29)
[M::mem_pestat] analyzing insert size distribution for orientation FF...
[M::mem_pestat] (25, 50, 75) percentile: (137, 208, 632)
[M::mem_pestat] low and high boundaries for computing mean and std.dev: (1, 1622)
[M::mem_pestat] mean and std.dev: (321.57, 322.21)
[M::mem_pestat] low and high boundaries for proper pairs: (1, 2117)
[M::mem_pestat] analyzing insert size distribution for orientation FR...
[M::mem_pestat] (25, 50, 75) percentile: (276, 503, 528)
[M::mem_pestat] low and high boundaries for computing mean and std.dev: (1, 1032)
[M::mem_pestat] mean and std.dev: (409.50, 157.49)
[M::mem_pestat] low and high boundaries for proper pairs: (1, 1284)
[M::mem_pestat] analyzing insert size distribution for orientation RF...
[M::mem_pestat] (25, 50, 75) percentile: (466, 836, 4124)
[M::mem_pestat] low and high boundaries for computing mean and std.dev: (1, 11440)
[M::mem_pestat] mean and std.dev: (1970.00, 1801.83)
[M::mem_pestat] low and high boundaries for proper pairs: (1, 15098)
[M::mem_pestat] analyzing insert size distribution for orientation RR...
[M::mem_pestat] (25, 50, 75) percentile: (455, 814, 1793)
[M::mem_pestat] low and high boundaries for computing mean and std.dev: (1, 4469)
[M::mem_pestat] mean and std.dev: (930.30, 720.11)
[M::mem_pestat] low and high boundaries for proper pairs: (1, 5807)
[M::mem_pestat] skip orientation FF
[M::mem_pestat] skip orientation RF
[M::mem_pestat] skip orientation RR
[M::mem_process_seqs] Processed 266668 reads in 565.787 CPU sec, 142.401 real sec
[M::process] read 266668 sequences (40000200 bp)...
[M::mem_pestat] # candidate unique pairs for (FF, FR, RF, RR): (26, 14239, 14, 23)
[M::mem_pestat] analyzing insert size distribution for orientation FF...
[M::mem_pestat] (25, 50, 75) percentile: (134, 217, 518)
[M::mem_pestat] low and high boundaries for computing mean and std.dev: (1, 1286)
[M::mem_pestat] mean and std.dev: (254.09, 174.25)
[M::mem_pestat] low and high boundaries for proper pairs: (1, 1670)
[M::mem_pestat] analyzing insert size distribution for orientation FR...
[M::mem_pestat] (25, 50, 75) percentile: (276, 503, 528)
[M::mem_pestat] low and high boundaries for computing mean and std.dev: (1, 1032)
[M::mem_pestat] mean and std.dev: (409.65, 158.79)
[M::mem_pestat] low and high boundaries for proper pairs: (1, 1284)
[M::mem_pestat] analyzing insert size distribution for orientation RF...
[M::mem_pestat] (25, 50, 75) percentile: (415, 1105, 1224)
[M::mem_pestat] low and high boundaries for computing mean and std.dev: (1, 2842)
[M::mem_pestat] mean and std.dev: (848.64, 578.77)
[M::mem_pestat] low and high boundaries for proper pairs: (1, 3651)
[M::mem_pestat] analyzing insert size distribution for orientation RR...
[M::mem_pestat] (25, 50, 75) percentile: (212, 1379, 2283)
[M::mem_pestat] low and high boundaries for computing mean and std.dev: (1, 6425)
[M::mem_pestat] mean and std.dev: (1487.09, 1366.46)
[M::mem_pestat] low and high boundaries for proper pairs: (1, 8496)
[M::mem_pestat] skip orientation FF
[M::mem_pestat] skip orientation RF
[M::mem_pestat] skip orientation RR
[M::mem_process_seqs] Processed 266668 reads in 558.745 CPU sec, 143.049 real sec
[M::process] read 266668 sequences (40000200 bp)...
[M::mem_pestat] # candidate unique pairs for (FF, FR, RF, RR): (40, 14097, 17, 21)
[M::mem_pestat] analyzing insert size distribution for orientation FF...
[M::mem_pestat] (25, 50, 75) percentile: (120, 188, 780)
[M::mem_pestat] low and high boundaries for computing mean and std.dev: (1, 2100)
[M::mem_pestat] mean and std.dev: (453.55, 488.97)
[M::mem_pestat] low and high boundaries for proper pairs: (1, 2760)
[M::mem_pestat] analyzing insert size distribution for orientation FR...
[M::mem_pestat] (25, 50, 75) percentile: (279, 504, 528)
[M::mem_pestat] low and high boundaries for computing mean and std.dev: (1, 1026)
[M::mem_pestat] mean and std.dev: (412.26, 158.10)
[M::mem_pestat] low and high boundaries for proper pairs: (1, 1275)
[M::mem_pestat] analyzing insert size distribution for orientation RF...
[M::mem_pestat] (25, 50, 75) percentile: (205, 373, 1798)
[M::mem_pestat] low and high boundaries for computing mean and std.dev: (1, 4984)
[M::mem_pestat] mean and std.dev: (1104.71, 1520.81)
[M::mem_pestat] low and high boundaries for proper pairs: (1, 7188)
[M::mem_pestat] analyzing insert size distribution for orientation RR...
[M::mem_pestat] (25, 50, 75) percentile: (256, 1045, 2269)
[M::mem_pestat] low and high boundaries for computing mean and std.dev: (1, 6295)
[M::mem_pestat] mean and std.dev: (1028.85, 891.34)
[M::mem_pestat] low and high boundaries for proper pairs: (1, 8308)
[M::mem_pestat] skip orientation FF
[M::mem_pestat] skip orientation RF
[M::mem_pestat] skip orientation RR
[M::mem_process_seqs] Processed 266668 reads in 562.421 CPU sec, 146.258 real sec
[M::process] read 266668 sequences (40000200 bp)...
[M::mem_pestat] # candidate unique pairs for (FF, FR, RF, RR): (31, 14431, 14, 21)
[M::mem_pestat] analyzing insert size distribution for orientation FF...
[M::mem_pestat] (25, 50, 75) percentile: (175, 271, 1108)
[M::mem_pestat] low and high boundaries for computing mean and std.dev: (1, 2974)
[M::mem_pestat] mean and std.dev: (681.50, 731.81)
[M::mem_pestat] low and high boundaries for proper pairs: (1, 3907)
[M::mem_pestat] analyzing insert size distribution for orientation FR...
[M::mem_pestat] (25, 50, 75) percentile: (279, 504, 528)
[M::mem_pestat] low and high boundaries for computing mean and std.dev: (1, 1026)
[M::mem_pestat] mean and std.dev: (413.98, 157.24)
[M::mem_pestat] low and high boundaries for proper pairs: (1, 1275)
[M::mem_pestat] analyzing insert size distribution for orientation RF...
[M::mem_pestat] (25, 50, 75) percentile: (94, 462, 1741)
[M::mem_pestat] low and high boundaries for computing mean and std.dev: (1, 5035)
[M::mem_pestat] mean and std.dev: (818.38, 825.99)
[M::mem_pestat] low and high boundaries for proper pairs: (1, 6682)
[M::mem_pestat] analyzing insert size distribution for orientation RR...
[M::mem_pestat] (25, 50, 75) percentile: (211, 650, 1995)
[M::mem_pestat] low and high boundaries for computing mean and std.dev: (1, 5563)
[M::mem_pestat] mean and std.dev: (1062.68, 1188.52)
[M::mem_pestat] low and high boundaries for proper pairs: (1, 7347)
[M::mem_pestat] skip orientation FF
[M::mem_pestat] skip orientation RF
[M::mem_pestat] skip orientation RR
[M::mem_process_seqs] Processed 266668 reads in 552.842 CPU sec, 138.953 real sec
[M::process] read 266668 sequences (40000200 bp)...
[M::mem_pestat] # candidate unique pairs for (FF, FR, RF, RR): (34, 14625, 9, 25)
[M::mem_pestat] analyzing insert size distribution for orientation FF...
[M::mem_pestat] (25, 50, 75) percentile: (173, 725, 1719)
[M::mem_pestat] low and high boundaries for computing mean and std.dev: (1, 4811)
[M::mem_pestat] mean and std.dev: (1034.38, 1078.22)
[M::mem_pestat] low and high boundaries for proper pairs: (1, 6357)
[M::mem_pestat] analyzing insert size distribution for orientation FR...
[M::mem_pestat] (25, 50, 75) percentile: (280, 504, 529)
[M::mem_pestat] low and high boundaries for computing mean and std.dev: (1, 1027)
[M::mem_pestat] mean and std.dev: (413.47, 157.85)
[M::mem_pestat] low and high boundaries for proper pairs: (1, 1276)
[M::mem_pestat] skip orientation RF as there are not enough pairs
[M::mem_pestat] analyzing insert size distribution for orientation RR...
[M::mem_pestat] (25, 50, 75) percentile: (229, 784, 2041)
[M::mem_pestat] low and high boundaries for computing mean and std.dev: (1, 5665)
[M::mem_pestat] mean and std.dev: (1020.92, 1010.16)
[M::mem_pestat] low and high boundaries for proper pairs: (1, 7477)
[M::mem_pestat] skip orientation FF
[M::mem_pestat] skip orientation RR
[M::mem_process_seqs] Processed 266668 reads in 555.327 CPU sec, 139.225 real sec
[M::process] read 266668 sequences (40000200 bp)...
[M::mem_pestat] # candidate unique pairs for (FF, FR, RF, RR): (36, 14562, 12, 21)
[M::mem_pestat] analyzing insert size distribution for orientation FF...
[M::mem_pestat] (25, 50, 75) percentile: (169, 294, 1531)
[M::mem_pestat] low and high boundaries for computing mean and std.dev: (1, 4255)
[M::mem_pestat] mean and std.dev: (655.97, 749.15)
[M::mem_pestat] low and high boundaries for proper pairs: (1, 5617)
[M::mem_pestat] analyzing insert size distribution for orientation FR...
[M::mem_pestat] (25, 50, 75) percentile: (280, 504, 528)
[M::mem_pestat] low and high boundaries for computing mean and std.dev: (1, 1024)
[M::mem_pestat] mean and std.dev: (413.03, 157.31)
[M::mem_pestat] low and high boundaries for proper pairs: (1, 1272)
[M::mem_pestat] analyzing insert size distribution for orientation RF...
[M::mem_pestat] (25, 50, 75) percentile: (843, 1540, 2419)
[M::mem_pestat] low and high boundaries for computing mean and std.dev: (1, 5571)
[M::mem_pestat] mean and std.dev: (1841.17, 1604.29)
[M::mem_pestat] low and high boundaries for proper pairs: (1, 8258)
[M::mem_pestat] analyzing insert size distribution for orientation RR...
[M::mem_pestat] (25, 50, 75) percentile: (426, 771, 1373)
[M::mem_pestat] low and high boundaries for computing mean and std.dev: (1, 3267)
[M::mem_pestat] mean and std.dev: (886.85, 649.59)
[M::mem_pestat] low and high boundaries for proper pairs: (1, 4214)
[M::mem_pestat] skip orientation FF
[M::mem_pestat] skip orientation RF
[M::mem_pestat] skip orientation RR
[M::mem_process_seqs] Processed 266668 reads in 551.585 CPU sec, 139.820 real sec
[M::process] read 266668 sequences (40000200 bp)...
[M::mem_pestat] # candidate unique pairs for (FF, FR, RF, RR): (30, 14620, 21, 27)
[M::mem_pestat] analyzing insert size distribution for orientation FF...
[M::mem_pestat] (25, 50, 75) percentile: (116, 239, 720)
[M::mem_pestat] low and high boundaries for computing mean and std.dev: (1, 1928)
[M::mem_pestat] mean and std.dev: (390.30, 403.00)
[M::mem_pestat] low and high boundaries for proper pairs: (1, 2532)
[M::mem_pestat] analyzing insert size distribution for orientation FR...
[M::mem_pestat] (25, 50, 75) percentile: (283, 504, 529)
[M::mem_pestat] low and high boundaries for computing mean and std.dev: (1, 1021)
[M::mem_pestat] mean and std.dev: (414.36, 157.58)
[M::mem_pestat] low and high boundaries for proper pairs: (1, 1267)
[M::mem_pestat] analyzing insert size distribution for orientation RF...
[M::mem_pestat] (25, 50, 75) percentile: (239, 743, 1690)
[M::mem_pestat] low and high boundaries for computing mean and std.dev: (1, 4592)
[M::mem_pestat] mean and std.dev: (904.16, 970.58)
[M::mem_pestat] low and high boundaries for proper pairs: (1, 6043)
[M::mem_pestat] analyzing insert size distribution for orientation RR...
[M::mem_pestat] (25, 50, 75) percentile: (795, 1140, 2008)
[M::mem_pestat] low and high boundaries for computing mean and std.dev: (1, 4434)
[M::mem_pestat] mean and std.dev: (1378.07, 1064.34)
[M::mem_pestat] low and high boundaries for proper pairs: (1, 5647)
[M::mem_pestat] skip orientation FF
[M::mem_pestat] skip orientation RF
[M::mem_pestat] skip orientation RR
[M::mem_process_seqs] Processed 266668 reads in 558.873 CPU sec, 142.861 real sec
[M::process] read 266668 sequences (40000200 bp)...
[M::mem_pestat] # candidate unique pairs for (FF, FR, RF, RR): (36, 14462, 24, 25)
[M::mem_pestat] analyzing insert size distribution for orientation FF...
[M::mem_pestat] (25, 50, 75) percentile: (190, 727, 1628)
[M::mem_pestat] low and high boundaries for computing mean and std.dev: (1, 4504)
[M::mem_pestat] mean and std.dev: (934.18, 945.69)
[M::mem_pestat] low and high boundaries for proper pairs: (1, 5942)
[M::mem_pestat] analyzing insert size distribution for orientation FR...
[M::mem_pestat] (25, 50, 75) percentile: (279, 504, 529)
[M::mem_pestat] low and high boundaries for computing mean and std.dev: (1, 1029)
[M::mem_pestat] mean and std.dev: (411.39, 157.58)
[M::mem_pestat] low and high boundaries for proper pairs: (1, 1279)
[M::mem_pestat] analyzing insert size distribution for orientation RF...
[M::mem_pestat] (25, 50, 75) percentile: (357, 715, 1916)
[M::mem_pestat] low and high boundaries for computing mean and std.dev: (1, 5034)
[M::mem_pestat] mean and std.dev: (1025.78, 1060.18)
[M::mem_pestat] low and high boundaries for proper pairs: (1, 6593)
[M::mem_pestat] analyzing insert size distribution for orientation RR...
[M::mem_pestat] (25, 50, 75) percentile: (939, 1276, 2786)
[M::mem_pestat] low and high boundaries for computing mean and std.dev: (1, 6480)
[M::mem_pestat] mean and std.dev: (1552.08, 1059.07)
[M::mem_pestat] low and high boundaries for proper pairs: (1, 8327)
[M::mem_pestat] skip orientation FF
[M::mem_pestat] skip orientation RF
[M::mem_pestat] skip orientation RR
[M::mem_process_seqs] Processed 266668 reads in 551.758 CPU sec, 140.343 real sec
[M::process] read 266668 sequences (40000200 bp)...
[M::mem_pestat] # candidate unique pairs for (FF, FR, RF, RR): (40, 14427, 16, 17)
[M::mem_pestat] analyzing insert size distribution for orientation FF...
[M::mem_pestat] (25, 50, 75) percentile: (126, 196, 761)
[M::mem_pestat] low and high boundaries for computing mean and std.dev: (1, 2031)
[M::mem_pestat] mean and std.dev: (338.73, 361.36)
[M::mem_pestat] low and high boundaries for proper pairs: (1, 2666)
[M::mem_pestat] analyzing insert size distribution for orientation FR...
[M::mem_pestat] (25, 50, 75) percentile: (280, 505, 529)
[M::mem_pestat] low and high boundaries for computing mean and std.dev: (1, 1027)
[M::mem_pestat] mean and std.dev: (414.91, 157.96)
[M::mem_pestat] low and high boundaries for proper pairs: (1, 1276)
[M::mem_pestat] analyzing insert size distribution for orientation RF...
[M::mem_pestat] (25, 50, 75) percentile: (251, 432, 1589)
[M::mem_pestat] low and high boundaries for computing mean and std.dev: (1, 4265)
[M::mem_pestat] mean and std.dev: (872.93, 987.51)
[M::mem_pestat] low and high boundaries for proper pairs: (1, 5603)
[M::mem_pestat] analyzing insert size distribution for orientation RR...
[M::mem_pestat] (25, 50, 75) percentile: (259, 785, 2374)
[M::mem_pestat] low and high boundaries for computing mean and std.dev: (1, 6604)
[M::mem_pestat] mean and std.dev: (1232.59, 1171.99)
[M::mem_pestat] low and high boundaries for proper pairs: (1, 8719)
[M::mem_pestat] skip orientation FF
[M::mem_pestat] skip orientation RF
[M::mem_pestat] skip orientation RR
[M::mem_process_seqs] Processed 266668 reads in 552.508 CPU sec, 139.491 real sec
[M::process] read 266668 sequences (40000200 bp)...
[M::mem_pestat] # candidate unique pairs for (FF, FR, RF, RR): (46, 14328, 14, 27)
[M::mem_pestat] analyzing insert size distribution for orientation FF...
[M::mem_pestat] (25, 50, 75) percentile: (192, 337, 906)
[M::mem_pestat] low and high boundaries for computing mean and std.dev: (1, 2334)
[M::mem_pestat] mean and std.dev: (550.50, 548.40)
[M::mem_pestat] low and high boundaries for proper pairs: (1, 3048)
[M::mem_pestat] analyzing insert size distribution for orientation FR...
[M::mem_pestat] (25, 50, 75) percentile: (280, 504, 529)
[M::mem_pestat] low and high boundaries for computing mean and std.dev: (1, 1027)
[M::mem_pestat] mean and std.dev: (413.46, 157.80)
[M::mem_pestat] low and high boundaries for proper pairs: (1, 1276)
[M::mem_pestat] analyzing insert size distribution for orientation RF...
[M::mem_pestat] (25, 50, 75) percentile: (181, 437, 998)
[M::mem_pestat] low and high boundaries for computing mean and std.dev: (1, 2632)
[M::mem_pestat] mean and std.dev: (608.69, 687.85)
[M::mem_pestat] low and high boundaries for proper pairs: (1, 3449)
[M::mem_pestat] analyzing insert size distribution for orientation RR...
[M::mem_pestat] (25, 50, 75) percentile: (252, 660, 1286)
[M::mem_pestat] low and high boundaries for computing mean and std.dev: (1, 3354)
[M::mem_pestat] mean and std.dev: (834.89, 686.96)
[M::mem_pestat] low and high boundaries for proper pairs: (1, 4388)
[M::mem_pestat] skip orientation FF
[M::mem_pestat] skip orientation RF
[M::mem_pestat] skip orientation RR
[M::mem_process_seqs] Processed 266668 reads in 554.682 CPU sec, 139.864 real sec
[M::process] read 266668 sequences (40000200 bp)...
[M::mem_pestat] # candidate unique pairs for (FF, FR, RF, RR): (36, 14401, 23, 20)
[M::mem_pestat] analyzing insert size distribution for orientation FF...
[M::mem_pestat] (25, 50, 75) percentile: (146, 240, 1348)
[M::mem_pestat] low and high boundaries for computing mean and std.dev: (1, 3752)
[M::mem_pestat] mean and std.dev: (626.43, 673.13)
[M::mem_pestat] low and high boundaries for proper pairs: (1, 4954)
[M::mem_pestat] analyzing insert size distribution for orientation FR...
[M::mem_pestat] (25, 50, 75) percentile: (280, 504, 529)
[M::mem_pestat] low and high boundaries for computing mean and std.dev: (1, 1027)
[M::mem_pestat] mean and std.dev: (413.02, 158.26)
[M::mem_pestat] low and high boundaries for proper pairs: (1, 1276)
[M::mem_pestat] analyzing insert size distribution for orientation RF...
[M::mem_pestat] (25, 50, 75) percentile: (398, 707, 2034)
[M::mem_pestat] low and high boundaries for computing mean and std.dev: (1, 5306)
[M::mem_pestat] mean and std.dev: (1074.18, 981.81)
[M::mem_pestat] low and high boundaries for proper pairs: (1, 6942)
[M::mem_pestat] analyzing insert size distribution for orientation RR...
[M::mem_pestat] (25, 50, 75) percentile: (294, 1119, 2668)
[M::mem_pestat] low and high boundaries for computing mean and std.dev: (1, 7416)
[M::mem_pestat] mean and std.dev: (1463.35, 1283.84)
[M::mem_pestat] low and high boundaries for proper pairs: (1, 9790)
[M::mem_pestat] skip orientation FF
[M::mem_pestat] skip orientation RF
[M::mem_pestat] skip orientation RR
[M::mem_process_seqs] Processed 266668 reads in 560.663 CPU sec, 141.130 real sec
[M::process] read 266668 sequences (40000200 bp)...
[M::mem_pestat] # candidate unique pairs for (FF, FR, RF, RR): (52, 14418, 18, 15)
[M::mem_pestat] analyzing insert size distribution for orientation FF...
[M::mem_pestat] (25, 50, 75) percentile: (168, 515, 1513)
[M::mem_pestat] low and high boundaries for computing mean and std.dev: (1, 4203)
[M::mem_pestat] mean and std.dev: (744.53, 785.42)
[M::mem_pestat] low and high boundaries for proper pairs: (1, 5548)
[M::mem_pestat] analyzing insert size distribution for orientation FR...
[M::mem_pestat] (25, 50, 75) percentile: (279, 504, 528)
[M::mem_pestat] low and high boundaries for computing mean and std.dev: (1, 1026)
[M::mem_pestat] mean and std.dev: (412.89, 158.06)
[M::mem_pestat] low and high boundaries for proper pairs: (1, 1275)
[M::mem_pestat] analyzing insert size distribution for orientation RF...
[M::mem_pestat] (25, 50, 75) percentile: (298, 461, 1240)
[M::mem_pestat] low and high boundaries for computing mean and std.dev: (1, 3124)
[M::mem_pestat] mean and std.dev: (601.50, 483.42)
[M::mem_pestat] low and high boundaries for proper pairs: (1, 4066)
[M::mem_pestat] analyzing insert size distribution for orientation RR...
[M::mem_pestat] (25, 50, 75) percentile: (784, 1075, 2343)
[M::mem_pestat] low and high boundaries for computing mean and std.dev: (1, 5461)
[M::mem_pestat] mean and std.dev: (1564.80, 1305.19)
[M::mem_pestat] low and high boundaries for proper pairs: (1, 7020)
[M::mem_pestat] skip orientation FF
[M::mem_pestat] skip orientation RF
[M::mem_pestat] skip orientation RR
[M::mem_process_seqs] Processed 266668 reads in 552.034 CPU sec, 138.456 real sec
[M::process] read 266668 sequences (40000200 bp)...
[M::mem_pestat] # candidate unique pairs for (FF, FR, RF, RR): (37, 14668, 15, 31)
[M::mem_pestat] analyzing insert size distribution for orientation FF...
[M::mem_pestat] (25, 50, 75) percentile: (154, 462, 1433)
[M::mem_pestat] low and high boundaries for computing mean and std.dev: (1, 3991)
[M::mem_pestat] mean and std.dev: (755.94, 800.61)
[M::mem_pestat] low and high boundaries for proper pairs: (1, 5270)
[M::mem_pestat] analyzing insert size distribution for orientation FR...
[M::mem_pestat] (25, 50, 75) percentile: (278, 504, 529)
[M::mem_pestat] low and high boundaries for computing mean and std.dev: (1, 1031)
[M::mem_pestat] mean and std.dev: (412.93, 157.93)
[M::mem_pestat] low and high boundaries for proper pairs: (1, 1282)
[M::mem_pestat] analyzing insert size distribution for orientation RF...
[M::mem_pestat] (25, 50, 75) percentile: (317, 379, 3371)
[M::mem_pestat] low and high boundaries for computing mean and std.dev: (1, 9479)
[M::mem_pestat] mean and std.dev: (1524.93, 2212.26)
[M::mem_pestat] low and high boundaries for proper pairs: (1, 12533)
[M::mem_pestat] analyzing insert size distribution for orientation RR...
[M::mem_pestat] (25, 50, 75) percentile: (178, 605, 2465)
[M::mem_pestat] low and high boundaries for computing mean and std.dev: (1, 7039)
[M::mem_pestat] mean and std.dev: (1331.16, 1570.72)
[M::mem_pestat] low and high boundaries for proper pairs: (1, 9326)
[M::mem_pestat] skip orientation FF
[M::mem_pestat] skip orientation RF
[M::mem_pestat] skip orientation RR
[M::mem_process_seqs] Processed 266668 reads in 546.407 CPU sec, 136.845 real sec
[M::process] read 266668 sequences (40000200 bp)...
[M::mem_pestat] # candidate unique pairs for (FF, FR, RF, RR): (35, 14602, 12, 30)
[M::mem_pestat] analyzing insert size distribution for orientation FF...
[M::mem_pestat] (25, 50, 75) percentile: (162, 254, 848)
[M::mem_pestat] low and high boundaries for computing mean and std.dev: (1, 2220)
[M::mem_pestat] mean and std.dev: (491.09, 517.03)
[M::mem_pestat] low and high boundaries for proper pairs: (1, 2906)
[M::mem_pestat] analyzing insert size distribution for orientation FR...
[M::mem_pestat] (25, 50, 75) percentile: (282, 505, 529)
[M::mem_pestat] low and high boundaries for computing mean and std.dev: (1, 1023)
[M::mem_pestat] mean and std.dev: (415.26, 156.72)
[M::mem_pestat] low and high boundaries for proper pairs: (1, 1270)
[M::mem_pestat] analyzing insert size distribution for orientation RF...
[M::mem_pestat] (25, 50, 75) percentile: (431, 655, 827)
[M::mem_pestat] low and high boundaries for computing mean and std.dev: (1, 1619)
[M::mem_pestat] mean and std.dev: (571.10, 188.70)
[M::mem_pestat] low and high boundaries for proper pairs: (1, 2015)
[M::mem_pestat] analyzing insert size distribution for orientation RR...
[M::mem_pestat] (25, 50, 75) percentile: (272, 797, 1054)
[M::mem_pestat] low and high boundaries for computing mean and std.dev: (1, 2618)
[M::mem_pestat] mean and std.dev: (799.56, 637.12)
[M::mem_pestat] low and high boundaries for proper pairs: (1, 3400)
[M::mem_pestat] skip orientation FF
[M::mem_pestat] skip orientation RF
[M::mem_pestat] skip orientation RR
[M::mem_process_seqs] Processed 266668 reads in 543.267 CPU sec, 136.120 real sec
[M::process] read 266668 sequences (40000200 bp)...
[M::mem_pestat] # candidate unique pairs for (FF, FR, RF, RR): (35, 14460, 8, 30)
[M::mem_pestat] analyzing insert size distribution for orientation FF...
[M::mem_pestat] (25, 50, 75) percentile: (121, 208, 838)
[M::mem_pestat] low and high boundaries for computing mean and std.dev: (1, 2272)
[M::mem_pestat] mean and std.dev: (343.61, 375.41)
[M::mem_pestat] low and high boundaries for proper pairs: (1, 2989)
[M::mem_pestat] analyzing insert size distribution for orientation FR...
[M::mem_pestat] (25, 50, 75) percentile: (278, 504, 528)
[M::mem_pestat] low and high boundaries for computing mean and std.dev: (1, 1028)
[M::mem_pestat] mean and std.dev: (411.59, 157.12)
[M::mem_pestat] low and high boundaries for proper pairs: (1, 1278)
[M::mem_pestat] skip orientation RF as there are not enough pairs
[M::mem_pestat] analyzing insert size distribution for orientation RR...
[M::mem_pestat] (25, 50, 75) percentile: (293, 790, 2509)
[M::mem_pestat] low and high boundaries for computing mean and std.dev: (1, 6941)
[M::mem_pestat] mean and std.dev: (1194.33, 1248.77)
[M::mem_pestat] low and high boundaries for proper pairs: (1, 9157)
[M::mem_pestat] skip orientation FF
[M::mem_pestat] skip orientation RR
[M::mem_process_seqs] Processed 266668 reads in 542.764 CPU sec, 136.007 real sec
[M::process] read 266668 sequences (40000200 bp)...
[M::mem_pestat] # candidate unique pairs for (FF, FR, RF, RR): (25, 14624, 14, 26)
[M::mem_pestat] analyzing insert size distribution for orientation FF...
[M::mem_pestat] (25, 50, 75) percentile: (139, 187, 928)
[M::mem_pestat] low and high boundaries for computing mean and std.dev: (1, 2506)
[M::mem_pestat] mean and std.dev: (403.70, 416.25)
[M::mem_pestat] low and high boundaries for proper pairs: (1, 3295)
[M::mem_pestat] analyzing insert size distribution for orientation FR...
[M::mem_pestat] (25, 50, 75) percentile: (280, 504, 529)
[M::mem_pestat] low and high boundaries for computing mean and std.dev: (1, 1027)
[M::mem_pestat] mean and std.dev: (414.55, 157.74)
[M::mem_pestat] low and high boundaries for proper pairs: (1, 1276)
[M::mem_pestat] analyzing insert size distribution for orientation RF...
[M::mem_pestat] (25, 50, 75) percentile: (160, 429, 1205)
[M::mem_pestat] low and high boundaries for computing mean and std.dev: (1, 3295)
[M::mem_pestat] mean and std.dev: (504.42, 573.78)
[M::mem_pestat] low and high boundaries for proper pairs: (1, 4340)
[M::mem_pestat] analyzing insert size distribution for orientation RR...
[M::mem_pestat] (25, 50, 75) percentile: (246, 647, 1309)
[M::mem_pestat] low and high boundaries for computing mean and std.dev: (1, 3435)
[M::mem_pestat] mean and std.dev: (723.71, 562.41)
[M::mem_pestat] low and high boundaries for proper pairs: (1, 4498)
[M::mem_pestat] skip orientation FF
[M::mem_pestat] skip orientation RF
[M::mem_pestat] skip orientation RR
[M::mem_process_seqs] Processed 266668 reads in 547.983 CPU sec, 137.385 real sec
[M::process] read 266668 sequences (40000200 bp)...
[M::mem_pestat] # candidate unique pairs for (FF, FR, RF, RR): (36, 14670, 14, 32)
[M::mem_pestat] analyzing insert size distribution for orientation FF...
[M::mem_pestat] (25, 50, 75) percentile: (142, 671, 1539)
[M::mem_pestat] low and high boundaries for computing mean and std.dev: (1, 4333)
[M::mem_pestat] mean and std.dev: (909.26, 1027.38)
[M::mem_pestat] low and high boundaries for proper pairs: (1, 5730)
[M::mem_pestat] analyzing insert size distribution for orientation FR...
[M::mem_pestat] (25, 50, 75) percentile: (280, 504, 528)
[M::mem_pestat] low and high boundaries for computing mean and std.dev: (1, 1024)
[M::mem_pestat] mean and std.dev: (412.56, 156.88)
[M::mem_pestat] low and high boundaries for proper pairs: (1, 1272)
[M::mem_pestat] analyzing insert size distribution for orientation RF...
[M::mem_pestat] (25, 50, 75) percentile: (412, 1079, 5409)
[M::mem_pestat] low and high boundaries for computing mean and std.dev: (1, 15403)
[M::mem_pestat] mean and std.dev: (2459.14, 2695.64)
[M::mem_pestat] low and high boundaries for proper pairs: (1, 20400)
[M::mem_pestat] analyzing insert size distribution for orientation RR...
[M::mem_pestat] (25, 50, 75) percentile: (265, 1060, 1974)
[M::mem_pestat] low and high boundaries for computing mean and std.dev: (1, 5392)
[M::mem_pestat] mean and std.dev: (972.45, 791.23)
[M::mem_pestat] low and high boundaries for proper pairs: (1, 7101)
[M::mem_pestat] skip orientation FF
[M::mem_pestat] skip orientation RF
[M::mem_pestat] skip orientation RR
[M::mem_process_seqs] Processed 266668 reads in 539.911 CPU sec, 135.198 real sec
[M::process] read 266668 sequences (40000200 bp)...
[M::mem_pestat] # candidate unique pairs for (FF, FR, RF, RR): (53, 14573, 19, 17)
[M::mem_pestat] analyzing insert size distribution for orientation FF...
[M::mem_pestat] (25, 50, 75) percentile: (181, 274, 1209)
[M::mem_pestat] low and high boundaries for computing mean and std.dev: (1, 3265)
[M::mem_pestat] mean and std.dev: (752.76, 856.66)
[M::mem_pestat] low and high boundaries for proper pairs: (1, 4293)
[M::mem_pestat] analyzing insert size distribution for orientation FR...
[M::mem_pestat] (25, 50, 75) percentile: (279, 504, 528)
[M::mem_pestat] low and high boundaries for computing mean and std.dev: (1, 1026)
[M::mem_pestat] mean and std.dev: (413.94, 157.12)
[M::mem_pestat] low and high boundaries for proper pairs: (1, 1275)
[M::mem_pestat] analyzing insert size distribution for orientation RF...
[M::mem_pestat] (25, 50, 75) percentile: (228, 702, 1541)
[M::mem_pestat] low and high boundaries for computing mean and std.dev: (1, 4167)
[M::mem_pestat] mean and std.dev: (709.59, 630.39)
[M::mem_pestat] low and high boundaries for proper pairs: (1, 5480)
[M::mem_pestat] analyzing insert size distribution for orientation RR...
[M::mem_pestat] (25, 50, 75) percentile: (263, 737, 2017)
[M::mem_pestat] low and high boundaries for computing mean and std.dev: (1, 5525)
[M::mem_pestat] mean and std.dev: (1126.53, 1071.48)
[M::mem_pestat] low and high boundaries for proper pairs: (1, 7279)
[M::mem_pestat] skip orientation FF
[M::mem_pestat] skip orientation RF
[M::mem_pestat] skip orientation RR
[M::mem_process_seqs] Processed 266668 reads in 557.937 CPU sec, 139.791 real sec
[M::process] read 266668 sequences (40000200 bp)...
[M::mem_pestat] # candidate unique pairs for (FF, FR, RF, RR): (28, 14555, 13, 25)
[M::mem_pestat] analyzing insert size distribution for orientation FF...
[M::mem_pestat] (25, 50, 75) percentile: (118, 250, 739)
[M::mem_pestat] low and high boundaries for computing mean and std.dev: (1, 1981)
[M::mem_pestat] mean and std.dev: (357.80, 362.23)
[M::mem_pestat] low and high boundaries for proper pairs: (1, 2602)
[M::mem_pestat] analyzing insert size distribution for orientation FR...
[M::mem_pestat] (25, 50, 75) percentile: (279, 504, 529)
[M::mem_pestat] low and high boundaries for computing mean and std.dev: (1, 1029)
[M::mem_pestat] mean and std.dev: (412.88, 157.59)
[M::mem_pestat] low and high boundaries for proper pairs: (1, 1279)
[M::mem_pestat] analyzing insert size distribution for orientation RF...
[M::mem_pestat] (25, 50, 75) percentile: (143, 453, 1987)
[M::mem_pestat] low and high boundaries for computing mean and std.dev: (1, 5675)
[M::mem_pestat] mean and std.dev: (1021.08, 1309.89)
[M::mem_pestat] low and high boundaries for proper pairs: (1, 7519)
[M::mem_pestat] analyzing insert size distribution for orientation RR...
[M::mem_pestat] (25, 50, 75) percentile: (249, 879, 2089)
[M::mem_pestat] low and high boundaries for computing mean and std.dev: (1, 5769)
[M::mem_pestat] mean and std.dev: (946.13, 821.27)
[M::mem_pestat] low and high boundaries for proper pairs: (1, 7609)
[M::mem_pestat] skip orientation FF
[M::mem_pestat] skip orientation RF
[M::mem_pestat] skip orientation RR
[M::mem_process_seqs] Processed 266668 reads in 554.321 CPU sec, 141.241 real sec
[M::process] read 266668 sequences (40000200 bp)...
[M::mem_pestat] # candidate unique pairs for (FF, FR, RF, RR): (31, 14793, 25, 22)
[M::mem_pestat] analyzing insert size distribution for orientation FF...
[M::mem_pestat] (25, 50, 75) percentile: (139, 331, 1087)
[M::mem_pestat] low and high boundaries for computing mean and std.dev: (1, 2983)
[M::mem_pestat] mean and std.dev: (658.63, 615.49)
[M::mem_pestat] low and high boundaries for proper pairs: (1, 3931)
[M::mem_pestat] analyzing insert size distribution for orientation FR...
[M::mem_pestat] (25, 50, 75) percentile: (277, 504, 529)
[M::mem_pestat] low and high boundaries for computing mean and std.dev: (1, 1033)
[M::mem_pestat] mean and std.dev: (412.09, 158.21)
[M::mem_pestat] low and high boundaries for proper pairs: (1, 1285)
[M::mem_pestat] analyzing insert size distribution for orientation RF...
[M::mem_pestat] (25, 50, 75) percentile: (263, 535, 1765)
[M::mem_pestat] low and high boundaries for computing mean and std.dev: (1, 4769)
[M::mem_pestat] mean and std.dev: (962.96, 1104.31)
[M::mem_pestat] low and high boundaries for proper pairs: (1, 6271)
[M::mem_pestat] analyzing insert size distribution for orientation RR...
[M::mem_pestat] (25, 50, 75) percentile: (771, 1246, 2374)
[M::mem_pestat] low and high boundaries for computing mean and std.dev: (1, 5580)
[M::mem_pestat] mean and std.dev: (1491.85, 1323.58)
[M::mem_pestat] low and high boundaries for proper pairs: (1, 7183)
[M::mem_pestat] skip orientation FF
[M::mem_pestat] skip orientation RF
[M::mem_pestat] skip orientation RR
[M::mem_process_seqs] Processed 266668 reads in 561.801 CPU sec, 144.121 real sec
[M::process] read 266668 sequences (40000200 bp)...
[M::mem_pestat] # candidate unique pairs for (FF, FR, RF, RR): (22, 14504, 16, 27)
[M::mem_pestat] analyzing insert size distribution for orientation FF...
[M::mem_pestat] (25, 50, 75) percentile: (126, 188, 895)
[M::mem_pestat] low and high boundaries for computing mean and std.dev: (1, 2433)
[M::mem_pestat] mean and std.dev: (392.50, 494.92)
[M::mem_pestat] low and high boundaries for proper pairs: (1, 3202)
[M::mem_pestat] analyzing insert size distribution for orientation FR...
[M::mem_pestat] (25, 50, 75) percentile: (279, 504, 529)
[M::mem_pestat] low and high boundaries for computing mean and std.dev: (1, 1029)
[M::mem_pestat] mean and std.dev: (413.73, 157.65)
[M::mem_pestat] low and high boundaries for proper pairs: (1, 1279)
[M::mem_pestat] analyzing insert size distribution for orientation RF...
[M::mem_pestat] (25, 50, 75) percentile: (585, 1891, 3205)
[M::mem_pestat] low and high boundaries for computing mean and std.dev: (1, 8445)
[M::mem_pestat] mean and std.dev: (2051.06, 1839.27)
[M::mem_pestat] low and high boundaries for proper pairs: (1, 11065)
[M::mem_pestat] analyzing insert size distribution for orientation RR...
[M::mem_pestat] (25, 50, 75) percentile: (188, 839, 1880)
[M::mem_pestat] low and high boundaries for computing mean and std.dev: (1, 5264)
[M::mem_pestat] mean and std.dev: (1120.73, 1101.90)
[M::mem_pestat] low and high boundaries for proper pairs: (1, 6956)
[M::mem_pestat] skip orientation FF
[M::mem_pestat] skip orientation RF
[M::mem_pestat] skip orientation RR
[M::mem_process_seqs] Processed 266668 reads in 555.533 CPU sec, 139.650 real sec
[M::process] read 266668 sequences (40000200 bp)...
[M::mem_pestat] # candidate unique pairs for (FF, FR, RF, RR): (33, 14650, 20, 20)
[M::mem_pestat] analyzing insert size distribution for orientation FF...
[M::mem_pestat] (25, 50, 75) percentile: (125, 201, 766)
[M::mem_pestat] low and high boundaries for computing mean and std.dev: (1, 2048)
[M::mem_pestat] mean and std.dev: (360.59, 450.83)
[M::mem_pestat] low and high boundaries for proper pairs: (1, 2689)
[M::mem_pestat] analyzing insert size distribution for orientation FR...
[M::mem_pestat] (25, 50, 75) percentile: (277, 504, 529)
[M::mem_pestat] low and high boundaries for computing mean and std.dev: (1, 1033)
[M::mem_pestat] mean and std.dev: (411.22, 158.53)
[M::mem_pestat] low and high boundaries for proper pairs: (1, 1285)
[M::mem_pestat] analyzing insert size distribution for orientation RF...
[M::mem_pestat] (25, 50, 75) percentile: (396, 955, 2063)
[M::mem_pestat] low and high boundaries for computing mean and std.dev: (1, 5397)
[M::mem_pestat] mean and std.dev: (1107.78, 1291.39)
[M::mem_pestat] low and high boundaries for proper pairs: (1, 7064)
[M::mem_pestat] analyzing insert size distribution for orientation RR...
[M::mem_pestat] (25, 50, 75) percentile: (326, 899, 1278)
[M::mem_pestat] low and high boundaries for computing mean and std.dev: (1, 3182)
[M::mem_pestat] mean and std.dev: (951.05, 757.58)
[M::mem_pestat] low and high boundaries for proper pairs: (1, 4134)
[M::mem_pestat] skip orientation FF
[M::mem_pestat] skip orientation RF
[M::mem_pestat] skip orientation RR
[M::mem_process_seqs] Processed 266668 reads in 558.808 CPU sec, 140.138 real sec
[M::process] read 266668 sequences (40000200 bp)...
[M::mem_pestat] # candidate unique pairs for (FF, FR, RF, RR): (41, 14648, 14, 25)
[M::mem_pestat] analyzing insert size distribution for orientation FF...
[M::mem_pestat] (25, 50, 75) percentile: (176, 447, 1651)
[M::mem_pestat] low and high boundaries for computing mean and std.dev: (1, 4601)
[M::mem_pestat] mean and std.dev: (965.26, 1109.73)
[M::mem_pestat] low and high boundaries for proper pairs: (1, 6076)
[M::mem_pestat] analyzing insert size distribution for orientation FR...
[M::mem_pestat] (25, 50, 75) percentile: (280, 504, 529)
[M::mem_pestat] low and high boundaries for computing mean and std.dev: (1, 1027)
[M::mem_pestat] mean and std.dev: (414.08, 157.08)
[M::mem_pestat] low and high boundaries for proper pairs: (1, 1276)
[M::mem_pestat] analyzing insert size distribution for orientation RF...
[M::mem_pestat] (25, 50, 75) percentile: (354, 709, 1459)
[M::mem_pestat] low and high boundaries for computing mean and std.dev: (1, 3669)
[M::mem_pestat] mean and std.dev: (797.46, 601.20)
[M::mem_pestat] low and high boundaries for proper pairs: (1, 4774)
[M::mem_pestat] analyzing insert size distribution for orientation RR...
[M::mem_pestat] (25, 50, 75) percentile: (672, 848, 1430)
[M::mem_pestat] low and high boundaries for computing mean and std.dev: (1, 2946)
[M::mem_pestat] mean and std.dev: (948.43, 540.55)
[M::mem_pestat] low and high boundaries for proper pairs: (1, 3704)
[M::mem_pestat] skip orientation FF
[M::mem_pestat] skip orientation RF
[M::mem_pestat] skip orientation RR
[M::mem_process_seqs] Processed 266668 reads in 564.637 CPU sec, 142.730 real sec
[M::process] read 266668 sequences (40000200 bp)...
[M::mem_pestat] # candidate unique pairs for (FF, FR, RF, RR): (37, 14533, 18, 19)
[M::mem_pestat] analyzing insert size distribution for orientation FF...
[M::mem_pestat] (25, 50, 75) percentile: (153, 244, 839)
[M::mem_pestat] low and high boundaries for computing mean and std.dev: (1, 2211)
[M::mem_pestat] mean and std.dev: (403.55, 397.78)
[M::mem_pestat] low and high boundaries for proper pairs: (1, 2897)
[M::mem_pestat] analyzing insert size distribution for orientation FR...
[M::mem_pestat] (25, 50, 75) percentile: (279, 504, 528)
[M::mem_pestat] low and high boundaries for computing mean and std.dev: (1, 1026)
[M::mem_pestat] mean and std.dev: (412.38, 157.47)
[M::mem_pestat] low and high boundaries for proper pairs: (1, 1275)
[M::mem_pestat] analyzing insert size distribution for orientation RF...
[M::mem_pestat] (25, 50, 75) percentile: (332, 902, 2023)
[M::mem_pestat] low and high boundaries for computing mean and std.dev: (1, 5405)
[M::mem_pestat] mean and std.dev: (1214.72, 1011.08)
[M::mem_pestat] low and high boundaries for proper pairs: (1, 7096)
[M::mem_pestat] analyzing insert size distribution for orientation RR...
[M::mem_pestat] (25, 50, 75) percentile: (875, 1098, 1518)
[M::mem_pestat] low and high boundaries for computing mean and std.dev: (1, 2804)
[M::mem_pestat] mean and std.dev: (1097.17, 607.57)
[M::mem_pestat] low and high boundaries for proper pairs: (1, 3527)
[M::mem_pestat] skip orientation FF
[M::mem_pestat] skip orientation RF
[M::mem_pestat] skip orientation RR
[M::mem_process_seqs] Processed 266668 reads in 554.543 CPU sec, 141.528 real sec
[M::process] read 266668 sequences (40000200 bp)...
[M::mem_pestat] # candidate unique pairs for (FF, FR, RF, RR): (43, 14403, 16, 34)
[M::mem_pestat] analyzing insert size distribution for orientation FF...
[M::mem_pestat] (25, 50, 75) percentile: (144, 229, 1557)
[M::mem_pestat] low and high boundaries for computing mean and std.dev: (1, 4383)
[M::mem_pestat] mean and std.dev: (783.79, 904.93)
[M::mem_pestat] low and high boundaries for proper pairs: (1, 5796)
[M::mem_pestat] analyzing insert size distribution for orientation FR...
[M::mem_pestat] (25, 50, 75) percentile: (278, 504, 529)
[M::mem_pestat] low and high boundaries for computing mean and std.dev: (1, 1031)
[M::mem_pestat] mean and std.dev: (413.07, 158.28)
[M::mem_pestat] low and high boundaries for proper pairs: (1, 1282)
[M::mem_pestat] analyzing insert size distribution for orientation RF...
[M::mem_pestat] (25, 50, 75) percentile: (175, 528, 1859)
[M::mem_pestat] low and high boundaries for computing mean and std.dev: (1, 5227)
[M::mem_pestat] mean and std.dev: (913.88, 956.39)
[M::mem_pestat] low and high boundaries for proper pairs: (1, 6911)
[M::mem_pestat] analyzing insert size distribution for orientation RR...
[M::mem_pestat] (25, 50, 75) percentile: (245, 941, 1730)
[M::mem_pestat] low and high boundaries for computing mean and std.dev: (1, 4700)
[M::mem_pestat] mean and std.dev: (1182.44, 1028.46)
[M::mem_pestat] low and high boundaries for proper pairs: (1, 6185)
[M::mem_pestat] skip orientation FF
[M::mem_pestat] skip orientation RF
[M::mem_pestat] skip orientation RR
[M::mem_process_seqs] Processed 266668 reads in 545.176 CPU sec, 137.154 real sec
[M::process] read 266668 sequences (40000200 bp)...
[M::mem_pestat] # candidate unique pairs for (FF, FR, RF, RR): (31, 14606, 13, 23)
[M::mem_pestat] analyzing insert size distribution for orientation FF...
[M::mem_pestat] (25, 50, 75) percentile: (152, 208, 915)
[M::mem_pestat] low and high boundaries for computing mean and std.dev: (1, 2441)
[M::mem_pestat] mean and std.dev: (537.68, 552.74)
[M::mem_pestat] low and high boundaries for proper pairs: (1, 3204)
[M::mem_pestat] analyzing insert size distribution for orientation FR...
[M::mem_pestat] (25, 50, 75) percentile: (277, 504, 530)
[M::mem_pestat] low and high boundaries for computing mean and std.dev: (1, 1036)
[M::mem_pestat] mean and std.dev: (412.89, 158.78)
[M::mem_pestat] low and high boundaries for proper pairs: (1, 1289)
[M::mem_pestat] analyzing insert size distribution for orientation RF...
[M::mem_pestat] (25, 50, 75) percentile: (217, 890, 3686)
[M::mem_pestat] low and high boundaries for computing mean and std.dev: (1, 10624)
[M::mem_pestat] mean and std.dev: (1863.31, 2280.02)
[M::mem_pestat] low and high boundaries for proper pairs: (1, 14093)
[M::mem_pestat] analyzing insert size distribution for orientation RR...
[M::mem_pestat] (25, 50, 75) percentile: (229, 966, 1316)
[M::mem_pestat] low and high boundaries for computing mean and std.dev: (1, 3490)
[M::mem_pestat] mean and std.dev: (826.05, 612.41)
[M::mem_pestat] low and high boundaries for proper pairs: (1, 4577)
[M::mem_pestat] skip orientation FF
[M::mem_pestat] skip orientation RF
[M::mem_pestat] skip orientation RR
[M::mem_process_seqs] Processed 266668 reads in 541.747 CPU sec, 135.607 real sec
[M::process] read 266668 sequences (40000200 bp)...
[M::mem_pestat] # candidate unique pairs for (FF, FR, RF, RR): (32, 14692, 12, 28)
[M::mem_pestat] analyzing insert size distribution for orientation FF...
[M::mem_pestat] (25, 50, 75) percentile: (149, 259, 1251)
[M::mem_pestat] low and high boundaries for computing mean and std.dev: (1, 3455)
[M::mem_pestat] mean and std.dev: (741.47, 845.07)
[M::mem_pestat] low and high boundaries for proper pairs: (1, 4557)
[M::mem_pestat] analyzing insert size distribution for orientation FR...
[M::mem_pestat] (25, 50, 75) percentile: (282, 505, 530)
[M::mem_pestat] low and high boundaries for computing mean and std.dev: (1, 1026)
[M::mem_pestat] mean and std.dev: (415.32, 157.17)
[M::mem_pestat] low and high boundaries for proper pairs: (1, 1274)
[M::mem_pestat] analyzing insert size distribution for orientation RF...
[M::mem_pestat] (25, 50, 75) percentile: (76, 622, 1214)
[M::mem_pestat] low and high boundaries for computing mean and std.dev: (1, 3490)
[M::mem_pestat] mean and std.dev: (697.91, 942.61)
[M::mem_pestat] low and high boundaries for proper pairs: (1, 4628)
[M::mem_pestat] analyzing insert size distribution for orientation RR...
[M::mem_pestat] (25, 50, 75) percentile: (177, 949, 1532)
[M::mem_pestat] low and high boundaries for computing mean and std.dev: (1, 4242)
[M::mem_pestat] mean and std.dev: (1100.29, 1016.73)
[M::mem_pestat] low and high boundaries for proper pairs: (1, 5597)
[M::mem_pestat] skip orientation FF
[M::mem_pestat] skip orientation RF
[M::mem_pestat] skip orientation RR
[M::mem_process_seqs] Processed 266668 reads in 542.421 CPU sec, 135.803 real sec
[M::process] read 266668 sequences (40000200 bp)...
[M::mem_pestat] # candidate unique pairs for (FF, FR, RF, RR): (41, 14528, 15, 33)
[M::mem_pestat] analyzing insert size distribution for orientation FF...
[M::mem_pestat] (25, 50, 75) percentile: (122, 495, 987)
[M::mem_pestat] low and high boundaries for computing mean and std.dev: (1, 2717)
[M::mem_pestat] mean and std.dev: (552.95, 528.93)
[M::mem_pestat] low and high boundaries for proper pairs: (1, 3582)
[M::mem_pestat] analyzing insert size distribution for orientation FR...
[M::mem_pestat] (25, 50, 75) percentile: (281, 504, 529)
[M::mem_pestat] low and high boundaries for computing mean and std.dev: (1, 1025)
[M::mem_pestat] mean and std.dev: (413.62, 157.12)
[M::mem_pestat] low and high boundaries for proper pairs: (1, 1273)
[M::mem_pestat] analyzing insert size distribution for orientation RF...
[M::mem_pestat] (25, 50, 75) percentile: (388, 860, 2143)
[M::mem_pestat] low and high boundaries for computing mean and std.dev: (1, 5653)
[M::mem_pestat] mean and std.dev: (941.31, 831.10)
[M::mem_pestat] low and high boundaries for proper pairs: (1, 7408)
[M::mem_pestat] analyzing insert size distribution for orientation RR...
[M::mem_pestat] (25, 50, 75) percentile: (696, 1088, 2295)
[M::mem_pestat] low and high boundaries for computing mean and std.dev: (1, 5493)
[M::mem_pestat] mean and std.dev: (1239.60, 991.52)
[M::mem_pestat] low and high boundaries for proper pairs: (1, 7092)
[M::mem_pestat] skip orientation FF
[M::mem_pestat] skip orientation RF
[M::mem_pestat] skip orientation RR
[M::mem_process_seqs] Processed 266668 reads in 548.178 CPU sec, 140.938 real sec
[M::process] read 92904 sequences (13935600 bp)...
[M::mem_pestat] # candidate unique pairs for (FF, FR, RF, RR): (38, 14576, 18, 27)
[M::mem_pestat] analyzing insert size distribution for orientation FF...
[M::mem_pestat] (25, 50, 75) percentile: (143, 548, 925)
[M::mem_pestat] low and high boundaries for computing mean and std.dev: (1, 2489)
[M::mem_pestat] mean and std.dev: (595.19, 607.48)
[M::mem_pestat] low and high boundaries for proper pairs: (1, 3271)
[M::mem_pestat] analyzing insert size distribution for orientation FR...
[M::mem_pestat] (25, 50, 75) percentile: (280, 504, 529)
[M::mem_pestat] low and high boundaries for computing mean and std.dev: (1, 1027)
[M::mem_pestat] mean and std.dev: (412.76, 157.89)
[M::mem_pestat] low and high boundaries for proper pairs: (1, 1276)
[M::mem_pestat] analyzing insert size distribution for orientation RF...
[M::mem_pestat] (25, 50, 75) percentile: (109, 598, 1213)
[M::mem_pestat] low and high boundaries for computing mean and std.dev: (1, 3421)
[M::mem_pestat] mean and std.dev: (553.88, 457.91)
[M::mem_pestat] low and high boundaries for proper pairs: (1, 4525)
[M::mem_pestat] analyzing insert size distribution for orientation RR...
[M::mem_pestat] (25, 50, 75) percentile: (550, 1296, 2120)
[M::mem_pestat] low and high boundaries for computing mean and std.dev: (1, 5260)
[M::mem_pestat] mean and std.dev: (1449.19, 1249.03)
[M::mem_pestat] low and high boundaries for proper pairs: (1, 6830)
[M::mem_pestat] skip orientation FF
[M::mem_pestat] skip orientation RF
[M::mem_pestat] skip orientation RR
[M::mem_process_seqs] Processed 266668 reads in 561.461 CPU sec, 142.639 real sec
[M::mem_pestat] # candidate unique pairs for (FF, FR, RF, RR): (14, 5158, 2, 8)
[M::mem_pestat] analyzing insert size distribution for orientation FF...
[M::mem_pestat] (25, 50, 75) percentile: (141, 233, 2324)
[M::mem_pestat] low and high boundaries for computing mean and std.dev: (1, 6690)
[M::mem_pestat] mean and std.dev: (1137.93, 1525.32)
[M::mem_pestat] low and high boundaries for proper pairs: (1, 8873)
[M::mem_pestat] analyzing insert size distribution for orientation FR...
[M::mem_pestat] (25, 50, 75) percentile: (277, 504, 528)
[M::mem_pestat] low and high boundaries for computing mean and std.dev: (1, 1030)
[M::mem_pestat] mean and std.dev: (410.02, 157.51)
[M::mem_pestat] low and high boundaries for proper pairs: (1, 1281)
[M::mem_pestat] skip orientation RF as there are not enough pairs
[M::mem_pestat] skip orientation RR as there are not enough pairs
[M::mem_pestat] skip orientation FF
[M::mem_process_seqs] Processed 92904 reads in 201.624 CPU sec, 50.532 real sec
[main] Version: 0.7.17-r1188
[main] CMD: bwa mem -t 4 -a /mnt/raid6/bacphagenetwork/data/bwa_index/chm13v2.0_noY.fa /mnt/raid6/bacphagenetwork/data/skin_metagenome/Beijing/02_rm_host/BJ130_1.fastq.gz /mnt/raid6/bacphagenetwork/data/skin_metagenome/Beijing/02_rm_host/BJ130_2.fastq.gz
[main] Real time: 4531.008 sec; CPU: 17925.331 sec
