[M::bwa_idx_load_from_disk] read 0 ALT contigs
[M::process] read 266668 sequences (40000200 bp)...
[M::process] read 266668 sequences (40000200 bp)...
[M::mem_pestat] # candidate unique pairs for (FF, FR, RF, RR): (42, 12037, 25, 25)
[M::mem_pestat] analyzing insert size distribution for orientation FF...
[M::mem_pestat] (25, 50, 75) percentile: (128, 197, 645)
[M::mem_pestat] low and high boundaries for computing mean and std.dev: (1, 1679)
[M::mem_pestat] mean and std.dev: (425.00, 460.68)
[M::mem_pestat] low and high boundaries for proper pairs: (1, 2268)
[M::mem_pestat] analyzing insert size distribution for orientation FR...
[M::mem_pestat] (25, 50, 75) percentile: (284, 509, 535)
[M::mem_pestat] low and high boundaries for computing mean and std.dev: (1, 1037)
[M::mem_pestat] mean and std.dev: (428.63, 163.11)
[M::mem_pestat] low and high boundaries for proper pairs: (1, 1288)
[M::mem_pestat] analyzing insert size distribution for orientation RF...
[M::mem_pestat] (25, 50, 75) percentile: (201, 2049, 3460)
[M::mem_pestat] low and high boundaries for computing mean and std.dev: (1, 9978)
[M::mem_pestat] mean and std.dev: (2133.92, 1981.25)
[M::mem_pestat] low and high boundaries for proper pairs: (1, 13237)
[M::mem_pestat] analyzing insert size distribution for orientation RR...
[M::mem_pestat] (25, 50, 75) percentile: (189, 937, 1777)
[M::mem_pestat] low and high boundaries for computing mean and std.dev: (1, 4953)
[M::mem_pestat] mean and std.dev: (931.74, 808.95)
[M::mem_pestat] low and high boundaries for proper pairs: (1, 6541)
[M::mem_pestat] skip orientation FF
[M::mem_pestat] skip orientation RF
[M::mem_pestat] skip orientation RR
[M::mem_process_seqs] Processed 266668 reads in 575.242 CPU sec, 144.126 real sec
[M::process] read 266668 sequences (40000200 bp)...
[M::mem_pestat] # candidate unique pairs for (FF, FR, RF, RR): (35, 12179, 26, 18)
[M::mem_pestat] analyzing insert size distribution for orientation FF...
[M::mem_pestat] (25, 50, 75) percentile: (134, 266, 1206)
[M::mem_pestat] low and high boundaries for computing mean and std.dev: (1, 3350)
[M::mem_pestat] mean and std.dev: (709.22, 920.69)
[M::mem_pestat] low and high boundaries for proper pairs: (1, 4422)
[M::mem_pestat] analyzing insert size distribution for orientation FR...
[M::mem_pestat] (25, 50, 75) percentile: (281, 509, 534)
[M::mem_pestat] low and high boundaries for computing mean and std.dev: (1, 1040)
[M::mem_pestat] mean and std.dev: (426.45, 164.52)
[M::mem_pestat] low and high boundaries for proper pairs: (1, 1293)
[M::mem_pestat] analyzing insert size distribution for orientation RF...
[M::mem_pestat] (25, 50, 75) percentile: (179, 813, 2948)
[M::mem_pestat] low and high boundaries for computing mean and std.dev: (1, 8486)
[M::mem_pestat] mean and std.dev: (1502.20, 1607.34)
[M::mem_pestat] low and high boundaries for proper pairs: (1, 11255)
[M::mem_pestat] analyzing insert size distribution for orientation RR...
[M::mem_pestat] (25, 50, 75) percentile: (314, 1099, 1811)
[M::mem_pestat] low and high boundaries for computing mean and std.dev: (1, 4805)
[M::mem_pestat] mean and std.dev: (1209.12, 1063.57)
[M::mem_pestat] low and high boundaries for proper pairs: (1, 6302)
[M::mem_pestat] skip orientation FF
[M::mem_pestat] skip orientation RF
[M::mem_pestat] skip orientation RR
[M::mem_process_seqs] Processed 266668 reads in 576.723 CPU sec, 144.446 real sec
[M::process] read 266668 sequences (40000200 bp)...
[M::mem_pestat] # candidate unique pairs for (FF, FR, RF, RR): (35, 12069, 28, 20)
[M::mem_pestat] analyzing insert size distribution for orientation FF...
[M::mem_pestat] (25, 50, 75) percentile: (224, 540, 1067)
[M::mem_pestat] low and high boundaries for computing mean and std.dev: (1, 2753)
[M::mem_pestat] mean and std.dev: (586.19, 548.26)
[M::mem_pestat] low and high boundaries for proper pairs: (1, 3596)
[M::mem_pestat] analyzing insert size distribution for orientation FR...
[M::mem_pestat] (25, 50, 75) percentile: (282, 509, 534)
[M::mem_pestat] low and high boundaries for computing mean and std.dev: (1, 1038)
[M::mem_pestat] mean and std.dev: (426.36, 163.54)
[M::mem_pestat] low and high boundaries for proper pairs: (1, 1290)
[M::mem_pestat] analyzing insert size distribution for orientation RF...
[M::mem_pestat] (25, 50, 75) percentile: (422, 1129, 3440)
[M::mem_pestat] low and high boundaries for computing mean and std.dev: (1, 9476)
[M::mem_pestat] mean and std.dev: (2131.32, 2477.90)
[M::mem_pestat] low and high boundaries for proper pairs: (1, 12494)
[M::mem_pestat] analyzing insert size distribution for orientation RR...
[M::mem_pestat] (25, 50, 75) percentile: (224, 760, 1709)
[M::mem_pestat] low and high boundaries for computing mean and std.dev: (1, 4679)
[M::mem_pestat] mean and std.dev: (918.85, 804.53)
[M::mem_pestat] low and high boundaries for proper pairs: (1, 6164)
[M::mem_pestat] skip orientation FF
[M::mem_pestat] skip orientation RF
[M::mem_pestat] skip orientation RR
[M::mem_process_seqs] Processed 266668 reads in 582.182 CPU sec, 145.820 real sec
[M::process] read 266668 sequences (40000200 bp)...
[M::mem_pestat] # candidate unique pairs for (FF, FR, RF, RR): (45, 12190, 22, 31)
[M::mem_pestat] analyzing insert size distribution for orientation FF...
[M::mem_pestat] (25, 50, 75) percentile: (142, 210, 632)
[M::mem_pestat] low and high boundaries for computing mean and std.dev: (1, 1612)
[M::mem_pestat] mean and std.dev: (327.68, 315.34)
[M::mem_pestat] low and high boundaries for proper pairs: (1, 2102)
[M::mem_pestat] analyzing insert size distribution for orientation FR...
[M::mem_pestat] (25, 50, 75) percentile: (277, 509, 533)
[M::mem_pestat] low and high boundaries for computing mean and std.dev: (1, 1045)
[M::mem_pestat] mean and std.dev: (425.00, 164.05)
[M::mem_pestat] low and high boundaries for proper pairs: (1, 1301)
[M::mem_pestat] analyzing insert size distribution for orientation RF...
[M::mem_pestat] (25, 50, 75) percentile: (278, 559, 1948)
[M::mem_pestat] low and high boundaries for computing mean and std.dev: (1, 5288)
[M::mem_pestat] mean and std.dev: (1350.82, 1581.18)
[M::mem_pestat] low and high boundaries for proper pairs: (1, 7676)
[M::mem_pestat] analyzing insert size distribution for orientation RR...
[M::mem_pestat] (25, 50, 75) percentile: (299, 789, 1459)
[M::mem_pestat] low and high boundaries for computing mean and std.dev: (1, 3779)
[M::mem_pestat] mean and std.dev: (837.96, 720.22)
[M::mem_pestat] low and high boundaries for proper pairs: (1, 4939)
[M::mem_pestat] skip orientation FF
[M::mem_pestat] skip orientation RF
[M::mem_pestat] skip orientation RR
[M::mem_process_seqs] Processed 266668 reads in 579.654 CPU sec, 145.220 real sec
[M::process] read 266668 sequences (40000200 bp)...
[M::mem_pestat] # candidate unique pairs for (FF, FR, RF, RR): (28, 12048, 19, 23)
[M::mem_pestat] analyzing insert size distribution for orientation FF...
[M::mem_pestat] (25, 50, 75) percentile: (131, 187, 502)
[M::mem_pestat] low and high boundaries for computing mean and std.dev: (1, 1244)
[M::mem_pestat] mean and std.dev: (226.68, 169.73)
[M::mem_pestat] low and high boundaries for proper pairs: (1, 1615)
[M::mem_pestat] analyzing insert size distribution for orientation FR...
[M::mem_pestat] (25, 50, 75) percentile: (278, 509, 535)
[M::mem_pestat] low and high boundaries for computing mean and std.dev: (1, 1049)
[M::mem_pestat] mean and std.dev: (425.26, 165.59)
[M::mem_pestat] low and high boundaries for proper pairs: (1, 1306)
[M::mem_pestat] analyzing insert size distribution for orientation RF...
[M::mem_pestat] (25, 50, 75) percentile: (415, 1105, 2047)
[M::mem_pestat] low and high boundaries for computing mean and std.dev: (1, 5311)
[M::mem_pestat] mean and std.dev: (1141.44, 1216.22)
[M::mem_pestat] low and high boundaries for proper pairs: (1, 6943)
[M::mem_pestat] analyzing insert size distribution for orientation RR...
[M::mem_pestat] (25, 50, 75) percentile: (212, 1383, 2283)
[M::mem_pestat] low and high boundaries for computing mean and std.dev: (1, 6425)
[M::mem_pestat] mean and std.dev: (1491.96, 1363.02)
[M::mem_pestat] low and high boundaries for proper pairs: (1, 8496)
[M::mem_pestat] skip orientation FF
[M::mem_pestat] skip orientation RF
[M::mem_pestat] skip orientation RR
[M::mem_process_seqs] Processed 266668 reads in 581.985 CPU sec, 145.813 real sec
[M::process] read 266668 sequences (40000200 bp)...
[M::mem_pestat] # candidate unique pairs for (FF, FR, RF, RR): (42, 11997, 27, 22)
[M::mem_pestat] analyzing insert size distribution for orientation FF...
[M::mem_pestat] (25, 50, 75) percentile: (120, 201, 682)
[M::mem_pestat] low and high boundaries for computing mean and std.dev: (1, 1806)
[M::mem_pestat] mean and std.dev: (400.49, 404.88)
[M::mem_pestat] low and high boundaries for proper pairs: (1, 2368)
[M::mem_pestat] analyzing insert size distribution for orientation FR...
[M::mem_pestat] (25, 50, 75) percentile: (281, 509, 533)
[M::mem_pestat] low and high boundaries for computing mean and std.dev: (1, 1037)
[M::mem_pestat] mean and std.dev: (426.92, 164.40)
[M::mem_pestat] low and high boundaries for proper pairs: (1, 1289)
[M::mem_pestat] analyzing insert size distribution for orientation RF...
[M::mem_pestat] (25, 50, 75) percentile: (275, 626, 2013)
[M::mem_pestat] low and high boundaries for computing mean and std.dev: (1, 5489)
[M::mem_pestat] mean and std.dev: (1334.33, 1533.63)
[M::mem_pestat] low and high boundaries for proper pairs: (1, 7469)
[M::mem_pestat] analyzing insert size distribution for orientation RR...
[M::mem_pestat] (25, 50, 75) percentile: (256, 1120, 1658)
[M::mem_pestat] low and high boundaries for computing mean and std.dev: (1, 4462)
[M::mem_pestat] mean and std.dev: (1051.00, 868.72)
[M::mem_pestat] low and high boundaries for proper pairs: (1, 5864)
[M::mem_pestat] skip orientation FF
[M::mem_pestat] skip orientation RF
[M::mem_pestat] skip orientation RR
[M::mem_process_seqs] Processed 266668 reads in 586.421 CPU sec, 146.942 real sec
[M::process] read 266668 sequences (40000200 bp)...
[M::mem_pestat] # candidate unique pairs for (FF, FR, RF, RR): (31, 12235, 24, 22)
[M::mem_pestat] analyzing insert size distribution for orientation FF...
[M::mem_pestat] (25, 50, 75) percentile: (175, 288, 1108)
[M::mem_pestat] low and high boundaries for computing mean and std.dev: (1, 2974)
[M::mem_pestat] mean and std.dev: (688.47, 725.42)
[M::mem_pestat] low and high boundaries for proper pairs: (1, 3907)
[M::mem_pestat] analyzing insert size distribution for orientation FR...
[M::mem_pestat] (25, 50, 75) percentile: (284, 509, 534)
[M::mem_pestat] low and high boundaries for computing mean and std.dev: (1, 1034)
[M::mem_pestat] mean and std.dev: (429.56, 162.80)
[M::mem_pestat] low and high boundaries for proper pairs: (1, 1284)
[M::mem_pestat] analyzing insert size distribution for orientation RF...
[M::mem_pestat] (25, 50, 75) percentile: (377, 689, 2019)
[M::mem_pestat] low and high boundaries for computing mean and std.dev: (1, 5303)
[M::mem_pestat] mean and std.dev: (935.09, 902.28)
[M::mem_pestat] low and high boundaries for proper pairs: (1, 6945)
[M::mem_pestat] analyzing insert size distribution for orientation RR...
[M::mem_pestat] (25, 50, 75) percentile: (211, 650, 1990)
[M::mem_pestat] low and high boundaries for computing mean and std.dev: (1, 5548)
[M::mem_pestat] mean and std.dev: (1036.85, 1167.35)
[M::mem_pestat] low and high boundaries for proper pairs: (1, 7327)
[M::mem_pestat] skip orientation FF
[M::mem_pestat] skip orientation RF
[M::mem_pestat] skip orientation RR
[M::mem_process_seqs] Processed 266668 reads in 585.596 CPU sec, 146.838 real sec
[M::process] read 266668 sequences (40000200 bp)...
[M::mem_pestat] # candidate unique pairs for (FF, FR, RF, RR): (31, 12361, 20, 27)
[M::mem_pestat] analyzing insert size distribution for orientation FF...
[M::mem_pestat] (25, 50, 75) percentile: (184, 725, 2582)
[M::mem_pestat] low and high boundaries for computing mean and std.dev: (1, 7378)
[M::mem_pestat] mean and std.dev: (1365.77, 1680.98)
[M::mem_pestat] low and high boundaries for proper pairs: (1, 9776)
[M::mem_pestat] analyzing insert size distribution for orientation FR...
[M::mem_pestat] (25, 50, 75) percentile: (282, 509, 535)
[M::mem_pestat] low and high boundaries for computing mean and std.dev: (1, 1041)
[M::mem_pestat] mean and std.dev: (428.68, 164.81)
[M::mem_pestat] low and high boundaries for proper pairs: (1, 1294)
[M::mem_pestat] analyzing insert size distribution for orientation RF...
[M::mem_pestat] (25, 50, 75) percentile: (400, 633, 3043)
[M::mem_pestat] low and high boundaries for computing mean and std.dev: (1, 8329)
[M::mem_pestat] mean and std.dev: (1763.80, 2049.13)
[M::mem_pestat] low and high boundaries for proper pairs: (1, 10972)
[M::mem_pestat] analyzing insert size distribution for orientation RR...
[M::mem_pestat] (25, 50, 75) percentile: (229, 784, 1594)
[M::mem_pestat] low and high boundaries for computing mean and std.dev: (1, 4324)
[M::mem_pestat] mean and std.dev: (993.85, 985.42)
[M::mem_pestat] low and high boundaries for proper pairs: (1, 5689)
[M::mem_pestat] skip orientation FF
[M::mem_pestat] skip orientation RF
[M::mem_pestat] skip orientation RR
[M::mem_process_seqs] Processed 266668 reads in 573.288 CPU sec, 143.624 real sec
[M::process] read 266668 sequences (40000200 bp)...
[M::mem_pestat] # candidate unique pairs for (FF, FR, RF, RR): (34, 12352, 25, 21)
[M::mem_pestat] analyzing insert size distribution for orientation FF...
[M::mem_pestat] (25, 50, 75) percentile: (167, 215, 1334)
[M::mem_pestat] low and high boundaries for computing mean and std.dev: (1, 3668)
[M::mem_pestat] mean and std.dev: (571.71, 585.59)
[M::mem_pestat] low and high boundaries for proper pairs: (1, 4835)
[M::mem_pestat] analyzing insert size distribution for orientation FR...
[M::mem_pestat] (25, 50, 75) percentile: (283, 509, 534)
[M::mem_pestat] low and high boundaries for computing mean and std.dev: (1, 1036)
[M::mem_pestat] mean and std.dev: (427.85, 163.52)
[M::mem_pestat] low and high boundaries for proper pairs: (1, 1287)
[M::mem_pestat] analyzing insert size distribution for orientation RF...
[M::mem_pestat] (25, 50, 75) percentile: (843, 1555, 2706)
[M::mem_pestat] low and high boundaries for computing mean and std.dev: (1, 6432)
[M::mem_pestat] mean and std.dev: (1818.88, 1426.82)
[M::mem_pestat] low and high boundaries for proper pairs: (1, 8295)
[M::mem_pestat] analyzing insert size distribution for orientation RR...
[M::mem_pestat] (25, 50, 75) percentile: (363, 681, 1370)
[M::mem_pestat] low and high boundaries for computing mean and std.dev: (1, 3384)
[M::mem_pestat] mean and std.dev: (860.80, 664.53)
[M::mem_pestat] low and high boundaries for proper pairs: (1, 4391)
[M::mem_pestat] skip orientation FF
[M::mem_pestat] skip orientation RF
[M::mem_pestat] skip orientation RR
[M::mem_process_seqs] Processed 266668 reads in 578.976 CPU sec, 145.007 real sec
[M::process] read 266668 sequences (40000200 bp)...
[M::mem_pestat] # candidate unique pairs for (FF, FR, RF, RR): (33, 12313, 32, 26)
[M::mem_pestat] analyzing insert size distribution for orientation FF...
[M::mem_pestat] (25, 50, 75) percentile: (116, 228, 720)
[M::mem_pestat] low and high boundaries for computing mean and std.dev: (1, 1928)
[M::mem_pestat] mean and std.dev: (344.21, 375.52)
[M::mem_pestat] low and high boundaries for proper pairs: (1, 2532)
[M::mem_pestat] analyzing insert size distribution for orientation FR...
[M::mem_pestat] (25, 50, 75) percentile: (288, 510, 535)
[M::mem_pestat] low and high boundaries for computing mean and std.dev: (1, 1029)
[M::mem_pestat] mean and std.dev: (430.16, 164.11)
[M::mem_pestat] low and high boundaries for proper pairs: (1, 1276)
[M::mem_pestat] analyzing insert size distribution for orientation RF...
[M::mem_pestat] (25, 50, 75) percentile: (239, 1185, 2433)
[M::mem_pestat] low and high boundaries for computing mean and std.dev: (1, 6821)
[M::mem_pestat] mean and std.dev: (1238.14, 1223.97)
[M::mem_pestat] low and high boundaries for proper pairs: (1, 9015)
[M::mem_pestat] analyzing insert size distribution for orientation RR...
[M::mem_pestat] (25, 50, 75) percentile: (563, 1219, 2004)
[M::mem_pestat] low and high boundaries for computing mean and std.dev: (1, 4886)
[M::mem_pestat] mean and std.dev: (1382.54, 1046.85)
[M::mem_pestat] low and high boundaries for proper pairs: (1, 6327)
[M::mem_pestat] skip orientation FF
[M::mem_pestat] skip orientation RF
[M::mem_pestat] skip orientation RR
[M::mem_process_seqs] Processed 266668 reads in 579.934 CPU sec, 145.324 real sec
[M::process] read 266668 sequences (40000200 bp)...
[M::mem_pestat] # candidate unique pairs for (FF, FR, RF, RR): (36, 12179, 32, 27)
[M::mem_pestat] analyzing insert size distribution for orientation FF...
[M::mem_pestat] (25, 50, 75) percentile: (190, 724, 1628)
[M::mem_pestat] low and high boundaries for computing mean and std.dev: (1, 4504)
[M::mem_pestat] mean and std.dev: (928.24, 947.62)
[M::mem_pestat] low and high boundaries for proper pairs: (1, 5942)
[M::mem_pestat] analyzing insert size distribution for orientation FR...
[M::mem_pestat] (25, 50, 75) percentile: (280, 509, 535)
[M::mem_pestat] low and high boundaries for computing mean and std.dev: (1, 1045)
[M::mem_pestat] mean and std.dev: (426.99, 163.92)
[M::mem_pestat] low and high boundaries for proper pairs: (1, 1300)
[M::mem_pestat] analyzing insert size distribution for orientation RF...
[M::mem_pestat] (25, 50, 75) percentile: (211, 715, 2179)
[M::mem_pestat] low and high boundaries for computing mean and std.dev: (1, 6115)
[M::mem_pestat] mean and std.dev: (1203.90, 1366.74)
[M::mem_pestat] low and high boundaries for proper pairs: (1, 8083)
[M::mem_pestat] analyzing insert size distribution for orientation RR...
[M::mem_pestat] (25, 50, 75) percentile: (939, 1241, 2233)
[M::mem_pestat] low and high boundaries for computing mean and std.dev: (1, 4821)
[M::mem_pestat] mean and std.dev: (1401.04, 938.29)
[M::mem_pestat] low and high boundaries for proper pairs: (1, 6115)
[M::mem_pestat] skip orientation FF
[M::mem_pestat] skip orientation RF
[M::mem_pestat] skip orientation RR
[M::mem_process_seqs] Processed 266668 reads in 582.961 CPU sec, 146.215 real sec
[M::process] read 266668 sequences (40000200 bp)...
[M::mem_pestat] # candidate unique pairs for (FF, FR, RF, RR): (38, 12234, 27, 20)
[M::mem_pestat] analyzing insert size distribution for orientation FF...
[M::mem_pestat] (25, 50, 75) percentile: (126, 204, 761)
[M::mem_pestat] low and high boundaries for computing mean and std.dev: (1, 2031)
[M::mem_pestat] mean and std.dev: (351.57, 364.35)
[M::mem_pestat] low and high boundaries for proper pairs: (1, 2666)
[M::mem_pestat] analyzing insert size distribution for orientation FR...
[M::mem_pestat] (25, 50, 75) percentile: (285, 509, 536)
[M::mem_pestat] low and high boundaries for computing mean and std.dev: (1, 1038)
[M::mem_pestat] mean and std.dev: (430.06, 163.52)
[M::mem_pestat] low and high boundaries for proper pairs: (1, 1289)
[M::mem_pestat] analyzing insert size distribution for orientation RF...
[M::mem_pestat] (25, 50, 75) percentile: (211, 313, 2167)
[M::mem_pestat] low and high boundaries for computing mean and std.dev: (1, 6079)
[M::mem_pestat] mean and std.dev: (1096.31, 1458.50)
[M::mem_pestat] low and high boundaries for proper pairs: (1, 8035)
[M::mem_pestat] analyzing insert size distribution for orientation RR...
[M::mem_pestat] (25, 50, 75) percentile: (231, 682, 1900)
[M::mem_pestat] low and high boundaries for computing mean and std.dev: (1, 5238)
[M::mem_pestat] mean and std.dev: (1087.65, 1134.89)
[M::mem_pestat] low and high boundaries for proper pairs: (1, 6907)
[M::mem_pestat] skip orientation FF
[M::mem_pestat] skip orientation RF
[M::mem_pestat] skip orientation RR
[M::mem_process_seqs] Processed 266668 reads in 575.740 CPU sec, 144.280 real sec
[M::process] read 266668 sequences (40000200 bp)...
[M::mem_pestat] # candidate unique pairs for (FF, FR, RF, RR): (46, 12154, 28, 27)
[M::mem_pestat] analyzing insert size distribution for orientation FF...
[M::mem_pestat] (25, 50, 75) percentile: (173, 282, 847)
[M::mem_pestat] low and high boundaries for computing mean and std.dev: (1, 2195)
[M::mem_pestat] mean and std.dev: (462.05, 475.34)
[M::mem_pestat] low and high boundaries for proper pairs: (1, 2869)
[M::mem_pestat] analyzing insert size distribution for orientation FR...
[M::mem_pestat] (25, 50, 75) percentile: (283, 509, 534)
[M::mem_pestat] low and high boundaries for computing mean and std.dev: (1, 1036)
[M::mem_pestat] mean and std.dev: (427.84, 164.13)
[M::mem_pestat] low and high boundaries for proper pairs: (1, 1287)
[M::mem_pestat] analyzing insert size distribution for orientation RF...
[M::mem_pestat] (25, 50, 75) percentile: (437, 1140, 2051)
[M::mem_pestat] low and high boundaries for computing mean and std.dev: (1, 5279)
[M::mem_pestat] mean and std.dev: (1311.74, 1134.33)
[M::mem_pestat] low and high boundaries for proper pairs: (1, 6893)
[M::mem_pestat] analyzing insert size distribution for orientation RR...
[M::mem_pestat] (25, 50, 75) percentile: (235, 659, 1314)
[M::mem_pestat] low and high boundaries for computing mean and std.dev: (1, 3472)
[M::mem_pestat] mean and std.dev: (831.00, 694.35)
[M::mem_pestat] low and high boundaries for proper pairs: (1, 4551)
[M::mem_pestat] skip orientation FF
[M::mem_pestat] skip orientation RF
[M::mem_pestat] skip orientation RR
[M::mem_process_seqs] Processed 266668 reads in 577.673 CPU sec, 144.676 real sec
[M::process] read 266668 sequences (40000200 bp)...
[M::mem_pestat] # candidate unique pairs for (FF, FR, RF, RR): (38, 12239, 31, 19)
[M::mem_pestat] analyzing insert size distribution for orientation FF...
[M::mem_pestat] (25, 50, 75) percentile: (151, 245, 1404)
[M::mem_pestat] low and high boundaries for computing mean and std.dev: (1, 3910)
[M::mem_pestat] mean and std.dev: (700.35, 740.93)
[M::mem_pestat] low and high boundaries for proper pairs: (1, 5163)
[M::mem_pestat] analyzing insert size distribution for orientation FR...
[M::mem_pestat] (25, 50, 75) percentile: (280, 509, 535)
[M::mem_pestat] low and high boundaries for computing mean and std.dev: (1, 1045)
[M::mem_pestat] mean and std.dev: (427.68, 165.22)
[M::mem_pestat] low and high boundaries for proper pairs: (1, 1300)
[M::mem_pestat] analyzing insert size distribution for orientation RF...
[M::mem_pestat] (25, 50, 75) percentile: (398, 870, 2714)
[M::mem_pestat] low and high boundaries for computing mean and std.dev: (1, 7346)
[M::mem_pestat] mean and std.dev: (1400.38, 1389.45)
[M::mem_pestat] low and high boundaries for proper pairs: (1, 9662)
[M::mem_pestat] analyzing insert size distribution for orientation RR...
[M::mem_pestat] (25, 50, 75) percentile: (294, 1119, 2668)
[M::mem_pestat] low and high boundaries for computing mean and std.dev: (1, 7416)
[M::mem_pestat] mean and std.dev: (1498.84, 1308.23)
[M::mem_pestat] low and high boundaries for proper pairs: (1, 9790)
[M::mem_pestat] skip orientation FF
[M::mem_pestat] skip orientation RF
[M::mem_pestat] skip orientation RR
[M::mem_process_seqs] Processed 266668 reads in 583.180 CPU sec, 146.102 real sec
[M::process] read 266668 sequences (40000200 bp)...
[M::mem_pestat] # candidate unique pairs for (FF, FR, RF, RR): (52, 12250, 42, 15)
[M::mem_pestat] analyzing insert size distribution for orientation FF...
[M::mem_pestat] (25, 50, 75) percentile: (168, 500, 1403)
[M::mem_pestat] low and high boundaries for computing mean and std.dev: (1, 3873)
[M::mem_pestat] mean and std.dev: (651.74, 624.88)
[M::mem_pestat] low and high boundaries for proper pairs: (1, 5108)
[M::mem_pestat] analyzing insert size distribution for orientation FR...
[M::mem_pestat] (25, 50, 75) percentile: (280, 509, 534)
[M::mem_pestat] low and high boundaries for computing mean and std.dev: (1, 1042)
[M::mem_pestat] mean and std.dev: (427.32, 164.84)
[M::mem_pestat] low and high boundaries for proper pairs: (1, 1296)
[M::mem_pestat] analyzing insert size distribution for orientation RF...
[M::mem_pestat] (25, 50, 75) percentile: (338, 1257, 2995)
[M::mem_pestat] low and high boundaries for computing mean and std.dev: (1, 8309)
[M::mem_pestat] mean and std.dev: (1853.12, 1921.34)
[M::mem_pestat] low and high boundaries for proper pairs: (1, 10966)
[M::mem_pestat] analyzing insert size distribution for orientation RR...
[M::mem_pestat] (25, 50, 75) percentile: (664, 931, 2343)
[M::mem_pestat] low and high boundaries for computing mean and std.dev: (1, 5701)
[M::mem_pestat] mean and std.dev: (1457.07, 1361.19)
[M::mem_pestat] low and high boundaries for proper pairs: (1, 7380)
[M::mem_pestat] skip orientation FF
[M::mem_pestat] skip orientation RF
[M::mem_pestat] skip orientation RR
[M::mem_process_seqs] Processed 266668 reads in 586.280 CPU sec, 146.929 real sec
[M::process] read 266668 sequences (40000200 bp)...
[M::mem_pestat] # candidate unique pairs for (FF, FR, RF, RR): (37, 12474, 29, 32)
[M::mem_pestat] analyzing insert size distribution for orientation FF...
[M::mem_pestat] (25, 50, 75) percentile: (174, 462, 1232)
[M::mem_pestat] low and high boundaries for computing mean and std.dev: (1, 3348)
[M::mem_pestat] mean and std.dev: (679.58, 667.92)
[M::mem_pestat] low and high boundaries for proper pairs: (1, 4406)
[M::mem_pestat] analyzing insert size distribution for orientation FR...
[M::mem_pestat] (25, 50, 75) percentile: (284, 509, 535)
[M::mem_pestat] low and high boundaries for computing mean and std.dev: (1, 1037)
[M::mem_pestat] mean and std.dev: (428.82, 163.55)
[M::mem_pestat] low and high boundaries for proper pairs: (1, 1288)
[M::mem_pestat] analyzing insert size distribution for orientation RF...
[M::mem_pestat] (25, 50, 75) percentile: (367, 834, 3490)
[M::mem_pestat] low and high boundaries for computing mean and std.dev: (1, 9736)
[M::mem_pestat] mean and std.dev: (2003.86, 2137.06)
[M::mem_pestat] low and high boundaries for proper pairs: (1, 12859)
[M::mem_pestat] analyzing insert size distribution for orientation RR...
[M::mem_pestat] (25, 50, 75) percentile: (170, 479, 1834)
[M::mem_pestat] low and high boundaries for computing mean and std.dev: (1, 5162)
[M::mem_pestat] mean and std.dev: (1080.84, 1386.43)
[M::mem_pestat] low and high boundaries for proper pairs: (1, 6826)
[M::mem_pestat] skip orientation FF
[M::mem_pestat] skip orientation RF
[M::mem_pestat] skip orientation RR
[M::mem_process_seqs] Processed 266668 reads in 581.122 CPU sec, 145.565 real sec
[M::process] read 266668 sequences (40000200 bp)...
[M::mem_pestat] # candidate unique pairs for (FF, FR, RF, RR): (36, 12321, 25, 32)
[M::mem_pestat] analyzing insert size distribution for orientation FF...
[M::mem_pestat] (25, 50, 75) percentile: (162, 254, 879)
[M::mem_pestat] low and high boundaries for computing mean and std.dev: (1, 2313)
[M::mem_pestat] mean and std.dev: (483.09, 512.49)
[M::mem_pestat] low and high boundaries for proper pairs: (1, 3030)
[M::mem_pestat] analyzing insert size distribution for orientation FR...
[M::mem_pestat] (25, 50, 75) percentile: (289, 510, 535)
[M::mem_pestat] low and high boundaries for computing mean and std.dev: (1, 1027)
[M::mem_pestat] mean and std.dev: (431.23, 162.81)
[M::mem_pestat] low and high boundaries for proper pairs: (1, 1273)
[M::mem_pestat] analyzing insert size distribution for orientation RF...
[M::mem_pestat] (25, 50, 75) percentile: (243, 737, 2287)
[M::mem_pestat] low and high boundaries for computing mean and std.dev: (1, 6375)
[M::mem_pestat] mean and std.dev: (1182.56, 1299.39)
[M::mem_pestat] low and high boundaries for proper pairs: (1, 8419)
[M::mem_pestat] analyzing insert size distribution for orientation RR...
[M::mem_pestat] (25, 50, 75) percentile: (342, 824, 1439)
[M::mem_pestat] low and high boundaries for computing mean and std.dev: (1, 3633)
[M::mem_pestat] mean and std.dev: (960.68, 792.18)
[M::mem_pestat] low and high boundaries for proper pairs: (1, 4730)
[M::mem_pestat] skip orientation FF
[M::mem_pestat] skip orientation RF
[M::mem_pestat] skip orientation RR
[M::mem_process_seqs] Processed 266668 reads in 579.216 CPU sec, 145.061 real sec
[M::process] read 266668 sequences (40000200 bp)...
[M::mem_pestat] # candidate unique pairs for (FF, FR, RF, RR): (39, 12177, 23, 26)
[M::mem_pestat] analyzing insert size distribution for orientation FF...
[M::mem_pestat] (25, 50, 75) percentile: (126, 208, 668)
[M::mem_pestat] low and high boundaries for computing mean and std.dev: (1, 1752)
[M::mem_pestat] mean and std.dev: (318.00, 326.17)
[M::mem_pestat] low and high boundaries for proper pairs: (1, 2294)
[M::mem_pestat] analyzing insert size distribution for orientation FR...
[M::mem_pestat] (25, 50, 75) percentile: (284, 509, 534)
[M::mem_pestat] low and high boundaries for computing mean and std.dev: (1, 1034)
[M::mem_pestat] mean and std.dev: (428.67, 162.78)
[M::mem_pestat] low and high boundaries for proper pairs: (1, 1284)
[M::mem_pestat] analyzing insert size distribution for orientation RF...
[M::mem_pestat] (25, 50, 75) percentile: (744, 1175, 2139)
[M::mem_pestat] low and high boundaries for computing mean and std.dev: (1, 4929)
[M::mem_pestat] mean and std.dev: (1357.35, 1148.26)
[M::mem_pestat] low and high boundaries for proper pairs: (1, 6324)
[M::mem_pestat] analyzing insert size distribution for orientation RR...
[M::mem_pestat] (25, 50, 75) percentile: (293, 829, 2505)
[M::mem_pestat] low and high boundaries for computing mean and std.dev: (1, 6929)
[M::mem_pestat] mean and std.dev: (1152.22, 1103.27)
[M::mem_pestat] low and high boundaries for proper pairs: (1, 9141)
[M::mem_pestat] skip orientation FF
[M::mem_pestat] skip orientation RF
[M::mem_pestat] skip orientation RR
[M::mem_process_seqs] Processed 266668 reads in 579.978 CPU sec, 145.291 real sec
[M::process] read 266668 sequences (40000200 bp)...
[M::mem_pestat] # candidate unique pairs for (FF, FR, RF, RR): (29, 12389, 26, 29)
[M::mem_pestat] analyzing insert size distribution for orientation FF...
[M::mem_pestat] (25, 50, 75) percentile: (139, 202, 928)
[M::mem_pestat] low and high boundaries for computing mean and std.dev: (1, 2506)
[M::mem_pestat] mean and std.dev: (401.19, 404.64)
[M::mem_pestat] low and high boundaries for proper pairs: (1, 3295)
[M::mem_pestat] analyzing insert size distribution for orientation FR...
[M::mem_pestat] (25, 50, 75) percentile: (284, 509, 536)
[M::mem_pestat] low and high boundaries for computing mean and std.dev: (1, 1040)
[M::mem_pestat] mean and std.dev: (430.41, 163.70)
[M::mem_pestat] low and high boundaries for proper pairs: (1, 1292)
[M::mem_pestat] analyzing insert size distribution for orientation RF...
[M::mem_pestat] (25, 50, 75) percentile: (190, 732, 1735)
[M::mem_pestat] low and high boundaries for computing mean and std.dev: (1, 4825)
[M::mem_pestat] mean and std.dev: (995.00, 1008.06)
[M::mem_pestat] low and high boundaries for proper pairs: (1, 6370)
[M::mem_pestat] analyzing insert size distribution for orientation RR...
[M::mem_pestat] (25, 50, 75) percentile: (246, 563, 1309)
[M::mem_pestat] low and high boundaries for computing mean and std.dev: (1, 3435)
[M::mem_pestat] mean and std.dev: (676.41, 549.68)
[M::mem_pestat] low and high boundaries for proper pairs: (1, 4498)
[M::mem_pestat] skip orientation FF
[M::mem_pestat] skip orientation RF
[M::mem_pestat] skip orientation RR
[M::mem_process_seqs] Processed 266668 reads in 585.050 CPU sec, 146.766 real sec
[M::process] read 266668 sequences (40000200 bp)...
[M::mem_pestat] # candidate unique pairs for (FF, FR, RF, RR): (36, 12483, 24, 30)
[M::mem_pestat] analyzing insert size distribution for orientation FF...
[M::mem_pestat] (25, 50, 75) percentile: (142, 671, 1537)
[M::mem_pestat] low and high boundaries for computing mean and std.dev: (1, 4327)
[M::mem_pestat] mean and std.dev: (851.76, 959.79)
[M::mem_pestat] low and high boundaries for proper pairs: (1, 5722)
[M::mem_pestat] analyzing insert size distribution for orientation FR...
[M::mem_pestat] (25, 50, 75) percentile: (281, 509, 534)
[M::mem_pestat] low and high boundaries for computing mean and std.dev: (1, 1040)
[M::mem_pestat] mean and std.dev: (427.96, 163.74)
[M::mem_pestat] low and high boundaries for proper pairs: (1, 1293)
[M::mem_pestat] analyzing insert size distribution for orientation RF...
[M::mem_pestat] (25, 50, 75) percentile: (193, 1079, 3228)
[M::mem_pestat] low and high boundaries for computing mean and std.dev: (1, 9298)
[M::mem_pestat] mean and std.dev: (1953.29, 2329.82)
[M::mem_pestat] low and high boundaries for proper pairs: (1, 12333)
[M::mem_pestat] analyzing insert size distribution for orientation RR...
[M::mem_pestat] (25, 50, 75) percentile: (260, 1235, 1974)
[M::mem_pestat] low and high boundaries for computing mean and std.dev: (1, 5402)
[M::mem_pestat] mean and std.dev: (996.96, 813.14)
[M::mem_pestat] low and high boundaries for proper pairs: (1, 7116)
[M::mem_pestat] skip orientation FF
[M::mem_pestat] skip orientation RF
[M::mem_pestat] skip orientation RR
[M::mem_process_seqs] Processed 266668 reads in 585.255 CPU sec, 146.690 real sec
[M::process] read 266668 sequences (40000200 bp)...
[M::mem_pestat] # candidate unique pairs for (FF, FR, RF, RR): (53, 12298, 23, 18)
[M::mem_pestat] analyzing insert size distribution for orientation FF...
[M::mem_pestat] (25, 50, 75) percentile: (186, 381, 1273)
[M::mem_pestat] low and high boundaries for computing mean and std.dev: (1, 3447)
[M::mem_pestat] mean and std.dev: (783.92, 853.72)
[M::mem_pestat] low and high boundaries for proper pairs: (1, 4534)
[M::mem_pestat] analyzing insert size distribution for orientation FR...
[M::mem_pestat] (25, 50, 75) percentile: (282, 509, 534)
[M::mem_pestat] low and high boundaries for computing mean and std.dev: (1, 1038)
[M::mem_pestat] mean and std.dev: (429.32, 163.70)
[M::mem_pestat] low and high boundaries for proper pairs: (1, 1290)
[M::mem_pestat] analyzing insert size distribution for orientation RF...
[M::mem_pestat] (25, 50, 75) percentile: (414, 1202, 2680)
[M::mem_pestat] low and high boundaries for computing mean and std.dev: (1, 7212)
[M::mem_pestat] mean and std.dev: (1678.13, 1740.59)
[M::mem_pestat] low and high boundaries for proper pairs: (1, 9478)
[M::mem_pestat] analyzing insert size distribution for orientation RR...
[M::mem_pestat] (25, 50, 75) percentile: (263, 737, 1958)
[M::mem_pestat] low and high boundaries for computing mean and std.dev: (1, 5348)
[M::mem_pestat] mean and std.dev: (1097.50, 1047.99)
[M::mem_pestat] low and high boundaries for proper pairs: (1, 7043)
[M::mem_pestat] skip orientation FF
[M::mem_pestat] skip orientation RF
[M::mem_pestat] skip orientation RR
[M::mem_process_seqs] Processed 266668 reads in 586.825 CPU sec, 146.994 real sec
[M::process] read 266668 sequences (40000200 bp)...
[M::mem_pestat] # candidate unique pairs for (FF, FR, RF, RR): (30, 12401, 19, 27)
[M::mem_pestat] analyzing insert size distribution for orientation FF...
[M::mem_pestat] (25, 50, 75) percentile: (117, 250, 948)
[M::mem_pestat] low and high boundaries for computing mean and std.dev: (1, 2610)
[M::mem_pestat] mean and std.dev: (407.44, 407.83)
[M::mem_pestat] low and high boundaries for proper pairs: (1, 3441)
[M::mem_pestat] analyzing insert size distribution for orientation FR...
[M::mem_pestat] (25, 50, 75) percentile: (281, 509, 534)
[M::mem_pestat] low and high boundaries for computing mean and std.dev: (1, 1040)
[M::mem_pestat] mean and std.dev: (427.09, 163.85)
[M::mem_pestat] low and high boundaries for proper pairs: (1, 1293)
[M::mem_pestat] analyzing insert size distribution for orientation RF...
[M::mem_pestat] (25, 50, 75) percentile: (143, 473, 2126)
[M::mem_pestat] low and high boundaries for computing mean and std.dev: (1, 6092)
[M::mem_pestat] mean and std.dev: (1138.72, 1453.46)
[M::mem_pestat] low and high boundaries for proper pairs: (1, 8075)
[M::mem_pestat] analyzing insert size distribution for orientation RR...
[M::mem_pestat] (25, 50, 75) percentile: (214, 870, 1462)
[M::mem_pestat] low and high boundaries for computing mean and std.dev: (1, 3958)
[M::mem_pestat] mean and std.dev: (880.20, 814.74)
[M::mem_pestat] low and high boundaries for proper pairs: (1, 5206)
[M::mem_pestat] skip orientation FF
[M::mem_pestat] skip orientation RF
[M::mem_pestat] skip orientation RR
[M::mem_process_seqs] Processed 266668 reads in 583.602 CPU sec, 146.217 real sec
[M::process] read 266668 sequences (40000200 bp)...
[M::mem_pestat] # candidate unique pairs for (FF, FR, RF, RR): (33, 12550, 34, 23)
[M::mem_pestat] analyzing insert size distribution for orientation FF...
[M::mem_pestat] (25, 50, 75) percentile: (136, 331, 1087)
[M::mem_pestat] low and high boundaries for computing mean and std.dev: (1, 2989)
[M::mem_pestat] mean and std.dev: (641.41, 602.87)
[M::mem_pestat] low and high boundaries for proper pairs: (1, 3940)
[M::mem_pestat] analyzing insert size distribution for orientation FR...
[M::mem_pestat] (25, 50, 75) percentile: (279, 509, 535)
[M::mem_pestat] low and high boundaries for computing mean and std.dev: (1, 1047)
[M::mem_pestat] mean and std.dev: (426.95, 164.57)
[M::mem_pestat] low and high boundaries for proper pairs: (1, 1303)
[M::mem_pestat] analyzing insert size distribution for orientation RF...
[M::mem_pestat] (25, 50, 75) percentile: (324, 778, 1765)
[M::mem_pestat] low and high boundaries for computing mean and std.dev: (1, 4647)
[M::mem_pestat] mean and std.dev: (1096.61, 1155.00)
[M::mem_pestat] low and high boundaries for proper pairs: (1, 6088)
[M::mem_pestat] analyzing insert size distribution for orientation RR...
[M::mem_pestat] (25, 50, 75) percentile: (771, 928, 2375)
[M::mem_pestat] low and high boundaries for computing mean and std.dev: (1, 5583)
[M::mem_pestat] mean and std.dev: (1374.24, 1325.61)
[M::mem_pestat] low and high boundaries for proper pairs: (1, 7187)
[M::mem_pestat] skip orientation FF
[M::mem_pestat] skip orientation RF
[M::mem_pestat] skip orientation RR
[M::mem_process_seqs] Processed 266668 reads in 582.840 CPU sec, 146.045 real sec
[M::process] read 266668 sequences (40000200 bp)...
[M::mem_pestat] # candidate unique pairs for (FF, FR, RF, RR): (26, 12194, 29, 25)
[M::mem_pestat] analyzing insert size distribution for orientation FF...
[M::mem_pestat] (25, 50, 75) percentile: (126, 189, 895)
[M::mem_pestat] low and high boundaries for computing mean and std.dev: (1, 2433)
[M::mem_pestat] mean and std.dev: (449.38, 561.94)
[M::mem_pestat] low and high boundaries for proper pairs: (1, 3202)
[M::mem_pestat] analyzing insert size distribution for orientation FR...
[M::mem_pestat] (25, 50, 75) percentile: (285, 510, 536)
[M::mem_pestat] low and high boundaries for computing mean and std.dev: (1, 1038)
[M::mem_pestat] mean and std.dev: (430.53, 163.57)
[M::mem_pestat] low and high boundaries for proper pairs: (1, 1289)
[M::mem_pestat] analyzing insert size distribution for orientation RF...
[M::mem_pestat] (25, 50, 75) percentile: (446, 2582, 3491)
[M::mem_pestat] low and high boundaries for computing mean and std.dev: (1, 9581)
[M::mem_pestat] mean and std.dev: (2155.62, 1761.29)
[M::mem_pestat] low and high boundaries for proper pairs: (1, 12626)
[M::mem_pestat] analyzing insert size distribution for orientation RR...
[M::mem_pestat] (25, 50, 75) percentile: (168, 784, 1880)
[M::mem_pestat] low and high boundaries for computing mean and std.dev: (1, 5304)
[M::mem_pestat] mean and std.dev: (1081.71, 1118.58)
[M::mem_pestat] low and high boundaries for proper pairs: (1, 7016)
[M::mem_pestat] skip orientation FF
[M::mem_pestat] skip orientation RF
[M::mem_pestat] skip orientation RR
[M::mem_process_seqs] Processed 266668 reads in 582.059 CPU sec, 145.785 real sec
[M::process] read 266668 sequences (40000200 bp)...
[M::mem_pestat] # candidate unique pairs for (FF, FR, RF, RR): (31, 12480, 35, 20)
[M::mem_pestat] analyzing insert size distribution for orientation FF...
[M::mem_pestat] (25, 50, 75) percentile: (130, 201, 766)
[M::mem_pestat] low and high boundaries for computing mean and std.dev: (1, 2038)
[M::mem_pestat] mean and std.dev: (361.07, 460.53)
[M::mem_pestat] low and high boundaries for proper pairs: (1, 2674)
[M::mem_pestat] analyzing insert size distribution for orientation FR...
[M::mem_pestat] (25, 50, 75) percentile: (280, 509, 535)
[M::mem_pestat] low and high boundaries for computing mean and std.dev: (1, 1045)
[M::mem_pestat] mean and std.dev: (426.69, 164.92)
[M::mem_pestat] low and high boundaries for proper pairs: (1, 1300)
[M::mem_pestat] analyzing insert size distribution for orientation RF...
[M::mem_pestat] (25, 50, 75) percentile: (393, 940, 2256)
[M::mem_pestat] low and high boundaries for computing mean and std.dev: (1, 5982)
[M::mem_pestat] mean and std.dev: (1174.84, 1214.99)
[M::mem_pestat] low and high boundaries for proper pairs: (1, 7845)
[M::mem_pestat] analyzing insert size distribution for orientation RR...
[M::mem_pestat] (25, 50, 75) percentile: (555, 935, 1365)
[M::mem_pestat] low and high boundaries for computing mean and std.dev: (1, 2985)
[M::mem_pestat] mean and std.dev: (1014.30, 738.40)
[M::mem_pestat] low and high boundaries for proper pairs: (1, 3968)
[M::mem_pestat] skip orientation FF
[M::mem_pestat] skip orientation RF
[M::mem_pestat] skip orientation RR
[M::mem_process_seqs] Processed 266668 reads in 575.433 CPU sec, 144.067 real sec
[M::process] read 266668 sequences (40000200 bp)...
[M::mem_pestat] # candidate unique pairs for (FF, FR, RF, RR): (40, 12467, 21, 24)
[M::mem_pestat] analyzing insert size distribution for orientation FF...
[M::mem_pestat] (25, 50, 75) percentile: (176, 552, 1651)
[M::mem_pestat] low and high boundaries for computing mean and std.dev: (1, 4601)
[M::mem_pestat] mean and std.dev: (984.11, 1116.05)
[M::mem_pestat] low and high boundaries for proper pairs: (1, 6076)
[M::mem_pestat] analyzing insert size distribution for orientation FR...
[M::mem_pestat] (25, 50, 75) percentile: (286, 509, 536)
[M::mem_pestat] low and high boundaries for computing mean and std.dev: (1, 1036)
[M::mem_pestat] mean and std.dev: (429.60, 163.14)
[M::mem_pestat] low and high boundaries for proper pairs: (1, 1286)
[M::mem_pestat] analyzing insert size distribution for orientation RF...
[M::mem_pestat] (25, 50, 75) percentile: (354, 709, 1928)
[M::mem_pestat] low and high boundaries for computing mean and std.dev: (1, 5076)
[M::mem_pestat] mean and std.dev: (1181.10, 1295.37)
[M::mem_pestat] low and high boundaries for proper pairs: (1, 6650)
[M::mem_pestat] analyzing insert size distribution for orientation RR...
[M::mem_pestat] (25, 50, 75) percentile: (670, 1183, 1420)
[M::mem_pestat] low and high boundaries for computing mean and std.dev: (1, 2920)
[M::mem_pestat] mean and std.dev: (986.73, 551.70)
[M::mem_pestat] low and high boundaries for proper pairs: (1, 3670)
[M::mem_pestat] skip orientation FF
[M::mem_pestat] skip orientation RF
[M::mem_pestat] skip orientation RR
[M::mem_process_seqs] Processed 266668 reads in 584.274 CPU sec, 146.299 real sec
[M::process] read 266668 sequences (40000200 bp)...
[M::mem_pestat] # candidate unique pairs for (FF, FR, RF, RR): (39, 12326, 39, 25)
[M::mem_pestat] analyzing insert size distribution for orientation FF...
[M::mem_pestat] (25, 50, 75) percentile: (161, 244, 814)
[M::mem_pestat] low and high boundaries for computing mean and std.dev: (1, 2120)
[M::mem_pestat] mean and std.dev: (379.03, 376.96)
[M::mem_pestat] low and high boundaries for proper pairs: (1, 2773)
[M::mem_pestat] analyzing insert size distribution for orientation FR...
[M::mem_pestat] (25, 50, 75) percentile: (281, 509, 534)
[M::mem_pestat] low and high boundaries for computing mean and std.dev: (1, 1040)
[M::mem_pestat] mean and std.dev: (426.81, 163.54)
[M::mem_pestat] low and high boundaries for proper pairs: (1, 1293)
[M::mem_pestat] analyzing insert size distribution for orientation RF...
[M::mem_pestat] (25, 50, 75) percentile: (384, 1258, 2717)
[M::mem_pestat] low and high boundaries for computing mean and std.dev: (1, 7383)
[M::mem_pestat] mean and std.dev: (1570.82, 1411.41)
[M::mem_pestat] low and high boundaries for proper pairs: (1, 9716)
[M::mem_pestat] analyzing insert size distribution for orientation RR...
[M::mem_pestat] (25, 50, 75) percentile: (355, 959, 1518)
[M::mem_pestat] low and high boundaries for computing mean and std.dev: (1, 3844)
[M::mem_pestat] mean and std.dev: (1085.60, 817.49)
[M::mem_pestat] low and high boundaries for proper pairs: (1, 5007)
[M::mem_pestat] skip orientation FF
[M::mem_pestat] skip orientation RF
[M::mem_pestat] skip orientation RR
[M::mem_process_seqs] Processed 266668 reads in 576.377 CPU sec, 144.444 real sec
[M::process] read 266668 sequences (40000200 bp)...
[M::mem_pestat] # candidate unique pairs for (FF, FR, RF, RR): (45, 12165, 36, 35)
[M::mem_pestat] analyzing insert size distribution for orientation FF...
[M::mem_pestat] (25, 50, 75) percentile: (133, 244, 1557)
[M::mem_pestat] low and high boundaries for computing mean and std.dev: (1, 4405)
[M::mem_pestat] mean and std.dev: (775.68, 888.61)
[M::mem_pestat] low and high boundaries for proper pairs: (1, 5829)
[M::mem_pestat] analyzing insert size distribution for orientation FR...
[M::mem_pestat] (25, 50, 75) percentile: (282, 509, 535)
[M::mem_pestat] low and high boundaries for computing mean and std.dev: (1, 1041)
[M::mem_pestat] mean and std.dev: (428.44, 164.35)
[M::mem_pestat] low and high boundaries for proper pairs: (1, 1294)
[M::mem_pestat] analyzing insert size distribution for orientation RF...
[M::mem_pestat] (25, 50, 75) percentile: (104, 528, 2032)
[M::mem_pestat] low and high boundaries for computing mean and std.dev: (1, 5888)
[M::mem_pestat] mean and std.dev: (923.09, 1051.80)
[M::mem_pestat] low and high boundaries for proper pairs: (1, 7816)
[M::mem_pestat] analyzing insert size distribution for orientation RR...
[M::mem_pestat] (25, 50, 75) percentile: (327, 918, 1730)
[M::mem_pestat] low and high boundaries for computing mean and std.dev: (1, 4536)
[M::mem_pestat] mean and std.dev: (1020.97, 838.75)
[M::mem_pestat] low and high boundaries for proper pairs: (1, 5939)
[M::mem_pestat] skip orientation FF
[M::mem_pestat] skip orientation RF
[M::mem_pestat] skip orientation RR
[M::mem_process_seqs] Processed 266668 reads in 574.776 CPU sec, 143.975 real sec
[M::process] read 266668 sequences (40000200 bp)...
[M::mem_pestat] # candidate unique pairs for (FF, FR, RF, RR): (30, 12344, 30, 23)
[M::mem_pestat] analyzing insert size distribution for orientation FF...
[M::mem_pestat] (25, 50, 75) percentile: (148, 208, 847)
[M::mem_pestat] low and high boundaries for computing mean and std.dev: (1, 2245)
[M::mem_pestat] mean and std.dev: (491.10, 498.49)
[M::mem_pestat] low and high boundaries for proper pairs: (1, 2944)
[M::mem_pestat] analyzing insert size distribution for orientation FR...
[M::mem_pestat] (25, 50, 75) percentile: (283, 510, 536)
[M::mem_pestat] low and high boundaries for computing mean and std.dev: (1, 1042)
[M::mem_pestat] mean and std.dev: (429.60, 164.93)
[M::mem_pestat] low and high boundaries for proper pairs: (1, 1295)
[M::mem_pestat] analyzing insert size distribution for orientation RF...
[M::mem_pestat] (25, 50, 75) percentile: (410, 1462, 3321)
[M::mem_pestat] low and high boundaries for computing mean and std.dev: (1, 9143)
[M::mem_pestat] mean and std.dev: (2077.21, 2226.44)
[M::mem_pestat] low and high boundaries for proper pairs: (1, 12054)
[M::mem_pestat] analyzing insert size distribution for orientation RR...
[M::mem_pestat] (25, 50, 75) percentile: (206, 823, 1191)
[M::mem_pestat] low and high boundaries for computing mean and std.dev: (1, 3161)
[M::mem_pestat] mean and std.dev: (739.90, 599.05)
[M::mem_pestat] low and high boundaries for proper pairs: (1, 4146)
[M::mem_pestat] skip orientation FF
[M::mem_pestat] skip orientation RF
[M::mem_pestat] skip orientation RR
[M::mem_process_seqs] Processed 266668 reads in 576.016 CPU sec, 144.219 real sec
[M::process] read 266668 sequences (40000200 bp)...
[M::mem_pestat] # candidate unique pairs for (FF, FR, RF, RR): (33, 12491, 20, 28)
[M::mem_pestat] analyzing insert size distribution for orientation FF...
[M::mem_pestat] (25, 50, 75) percentile: (162, 267, 1499)
[M::mem_pestat] low and high boundaries for computing mean and std.dev: (1, 4173)
[M::mem_pestat] mean and std.dev: (832.67, 867.44)
[M::mem_pestat] low and high boundaries for proper pairs: (1, 5510)
[M::mem_pestat] analyzing insert size distribution for orientation FR...
[M::mem_pestat] (25, 50, 75) percentile: (288, 510, 536)
[M::mem_pestat] low and high boundaries for computing mean and std.dev: (1, 1032)
[M::mem_pestat] mean and std.dev: (431.38, 162.47)
[M::mem_pestat] low and high boundaries for proper pairs: (1, 1280)
[M::mem_pestat] analyzing insert size distribution for orientation RF...
[M::mem_pestat] (25, 50, 75) percentile: (97, 910, 3330)
[M::mem_pestat] low and high boundaries for computing mean and std.dev: (1, 9796)
[M::mem_pestat] mean and std.dev: (1767.60, 2150.73)
[M::mem_pestat] low and high boundaries for proper pairs: (1, 13029)
[M::mem_pestat] analyzing insert size distribution for orientation RR...
[M::mem_pestat] (25, 50, 75) percentile: (173, 860, 1532)
[M::mem_pestat] low and high boundaries for computing mean and std.dev: (1, 4250)
[M::mem_pestat] mean and std.dev: (1077.11, 1022.28)
[M::mem_pestat] low and high boundaries for proper pairs: (1, 5609)
[M::mem_pestat] skip orientation FF
[M::mem_pestat] skip orientation RF
[M::mem_pestat] skip orientation RR
[M::mem_process_seqs] Processed 266668 reads in 578.097 CPU sec, 144.762 real sec
[M::process] read 266668 sequences (40000200 bp)...
[M::mem_pestat] # candidate unique pairs for (FF, FR, RF, RR): (43, 12306, 30, 33)
[M::mem_pestat] analyzing insert size distribution for orientation FF...
[M::mem_pestat] (25, 50, 75) percentile: (122, 247, 982)
[M::mem_pestat] low and high boundaries for computing mean and std.dev: (1, 2702)
[M::mem_pestat] mean and std.dev: (516.48, 527.54)
[M::mem_pestat] low and high boundaries for proper pairs: (1, 3562)
[M::mem_pestat] analyzing insert size distribution for orientation FR...
[M::mem_pestat] (25, 50, 75) percentile: (285, 509, 535)
[M::mem_pestat] low and high boundaries for computing mean and std.dev: (1, 1035)
[M::mem_pestat] mean and std.dev: (429.44, 163.10)
[M::mem_pestat] low and high boundaries for proper pairs: (1, 1285)
[M::mem_pestat] analyzing insert size distribution for orientation RF...
[M::mem_pestat] (25, 50, 75) percentile: (160, 1066, 2836)
[M::mem_pestat] low and high boundaries for computing mean and std.dev: (1, 8188)
[M::mem_pestat] mean and std.dev: (1715.69, 1770.40)
[M::mem_pestat] low and high boundaries for proper pairs: (1, 10864)
[M::mem_pestat] analyzing insert size distribution for orientation RR...
[M::mem_pestat] (25, 50, 75) percentile: (526, 931, 2110)
[M::mem_pestat] low and high boundaries for computing mean and std.dev: (1, 5278)
[M::mem_pestat] mean and std.dev: (1174.80, 982.45)
[M::mem_pestat] low and high boundaries for proper pairs: (1, 6862)
[M::mem_pestat] skip orientation FF
[M::mem_pestat] skip orientation RF
[M::mem_pestat] skip orientation RR
[M::mem_process_seqs] Processed 266668 reads in 578.977 CPU sec, 144.965 real sec
[M::process] read 92904 sequences (13935600 bp)...
[M::mem_pestat] # candidate unique pairs for (FF, FR, RF, RR): (41, 12540, 40, 30)
[M::mem_pestat] analyzing insert size distribution for orientation FF...
[M::mem_pestat] (25, 50, 75) percentile: (145, 376, 1205)
[M::mem_pestat] low and high boundaries for computing mean and std.dev: (1, 3325)
[M::mem_pestat] mean and std.dev: (594.44, 606.09)
[M::mem_pestat] low and high boundaries for proper pairs: (1, 4385)
[M::mem_pestat] analyzing insert size distribution for orientation FR...
[M::mem_pestat] (25, 50, 75) percentile: (283, 509, 534)
[M::mem_pestat] low and high boundaries for computing mean and std.dev: (1, 1036)
[M::mem_pestat] mean and std.dev: (427.35, 164.22)
[M::mem_pestat] low and high boundaries for proper pairs: (1, 1287)
[M::mem_pestat] analyzing insert size distribution for orientation RF...
[M::mem_pestat] (25, 50, 75) percentile: (211, 708, 2126)
[M::mem_pestat] low and high boundaries for computing mean and std.dev: (1, 5956)
[M::mem_pestat] mean and std.dev: (1115.19, 1476.14)
[M::mem_pestat] low and high boundaries for proper pairs: (1, 7871)
[M::mem_pestat] analyzing insert size distribution for orientation RR...
[M::mem_pestat] (25, 50, 75) percentile: (276, 940, 1712)
[M::mem_pestat] low and high boundaries for computing mean and std.dev: (1, 4584)
[M::mem_pestat] mean and std.dev: (1116.48, 1042.58)
[M::mem_pestat] low and high boundaries for proper pairs: (1, 6020)
[M::mem_pestat] skip orientation FF
[M::mem_pestat] skip orientation RF
[M::mem_pestat] skip orientation RR
[M::mem_process_seqs] Processed 266668 reads in 577.961 CPU sec, 144.748 real sec
[M::mem_pestat] # candidate unique pairs for (FF, FR, RF, RR): (14, 4365, 10, 8)
[M::mem_pestat] analyzing insert size distribution for orientation FF...
[M::mem_pestat] (25, 50, 75) percentile: (141, 233, 2332)
[M::mem_pestat] low and high boundaries for computing mean and std.dev: (1, 6714)
[M::mem_pestat] mean and std.dev: (1138.64, 1525.89)
[M::mem_pestat] low and high boundaries for proper pairs: (1, 8905)
[M::mem_pestat] analyzing insert size distribution for orientation FR...
[M::mem_pestat] (25, 50, 75) percentile: (282, 509, 534)
[M::mem_pestat] low and high boundaries for computing mean and std.dev: (1, 1038)
[M::mem_pestat] mean and std.dev: (426.39, 163.37)
[M::mem_pestat] low and high boundaries for proper pairs: (1, 1290)
[M::mem_pestat] analyzing insert size distribution for orientation RF...
[M::mem_pestat] (25, 50, 75) percentile: (537, 2288, 2966)
[M::mem_pestat] low and high boundaries for computing mean and std.dev: (1, 7824)
[M::mem_pestat] mean and std.dev: (2155.30, 1750.13)
[M::mem_pestat] low and high boundaries for proper pairs: (1, 10253)
[M::mem_pestat] skip orientation RR as there are not enough pairs
[M::mem_pestat] skip orientation FF
[M::mem_pestat] skip orientation RF
[M::mem_process_seqs] Processed 92904 reads in 204.836 CPU sec, 51.284 real sec
[main] Version: 0.7.17-r1188
[main] CMD: bwa mem -t 4 -a /mnt/raid6/bacphagenetwork/data/bwa_index/Homo_sapiens.GRCh38.dna.toplevel.fa /mnt/raid6/bacphagenetwork/data/skin_metagenome/Beijing/02_rm_host/BJ130_1.fastq.gz /mnt/raid6/bacphagenetwork/data/skin_metagenome/Beijing/02_rm_host/BJ130_2.fastq.gz
[main] Real time: 4709.951 sec; CPU: 18783.536 sec
