/home/bacphagenetwork/.bashrc: line 15: Custom: command not found
[M::bwa_idx_load_from_disk] read 0 ALT contigs
[M::process] read 266668 sequences (40000200 bp)...
[M::process] read 266668 sequences (40000200 bp)...
[M::mem_pestat] # candidate unique pairs for (FF, FR, RF, RR): (16, 3736, 0, 6)
[M::mem_pestat] analyzing insert size distribution for orientation FF...
[M::mem_pestat] (25, 50, 75) percentile: (131, 225, 1889)
[M::mem_pestat] low and high boundaries for computing mean and std.dev: (1, 5405)
[M::mem_pestat] mean and std.dev: (852.73, 1335.47)
[M::mem_pestat] low and high boundaries for proper pairs: (1, 7163)
[M::mem_pestat] analyzing insert size distribution for orientation FR...
[M::mem_pestat] (25, 50, 75) percentile: (286, 513, 540)
[M::mem_pestat] low and high boundaries for computing mean and std.dev: (1, 1048)
[M::mem_pestat] mean and std.dev: (430.67, 174.16)
[M::mem_pestat] low and high boundaries for proper pairs: (1, 1302)
[M::mem_pestat] skip orientation RF as there are not enough pairs
[M::mem_pestat] skip orientation RR as there are not enough pairs
[M::mem_pestat] skip orientation FF
[M::mem_process_seqs] Processed 266668 reads in 200.962 CPU sec, 50.439 real sec
[M::process] read 266668 sequences (40000200 bp)...
[M::mem_pestat] # candidate unique pairs for (FF, FR, RF, RR): (14, 3611, 1, 9)
[M::mem_pestat] analyzing insert size distribution for orientation FF...
[M::mem_pestat] (25, 50, 75) percentile: (81, 187, 513)
[M::mem_pestat] low and high boundaries for computing mean and std.dev: (1, 1377)
[M::mem_pestat] mean and std.dev: (266.77, 277.02)
[M::mem_pestat] low and high boundaries for proper pairs: (1, 1809)
[M::mem_pestat] analyzing insert size distribution for orientation FR...
[M::mem_pestat] (25, 50, 75) percentile: (256, 511, 537)
[M::mem_pestat] low and high boundaries for computing mean and std.dev: (1, 1099)
[M::mem_pestat] mean and std.dev: (422.91, 177.02)
[M::mem_pestat] low and high boundaries for proper pairs: (1, 1380)
[M::mem_pestat] skip orientation RF as there are not enough pairs
[M::mem_pestat] skip orientation RR as there are not enough pairs
[M::mem_pestat] skip orientation FF
[M::mem_process_seqs] Processed 266668 reads in 214.047 CPU sec, 53.576 real sec
[M::process] read 266668 sequences (40000200 bp)...
[M::mem_pestat] # candidate unique pairs for (FF, FR, RF, RR): (15, 3721, 1, 9)
[M::mem_pestat] analyzing insert size distribution for orientation FF...
[M::mem_pestat] (25, 50, 75) percentile: (98, 176, 259)
[M::mem_pestat] low and high boundaries for computing mean and std.dev: (1, 581)
[M::mem_pestat] mean and std.dev: (177.29, 105.48)
[M::mem_pestat] low and high boundaries for proper pairs: (1, 742)
[M::mem_pestat] analyzing insert size distribution for orientation FR...
[M::mem_pestat] (25, 50, 75) percentile: (286, 512, 538)
[M::mem_pestat] low and high boundaries for computing mean and std.dev: (1, 1042)
[M::mem_pestat] mean and std.dev: (429.47, 173.15)
[M::mem_pestat] low and high boundaries for proper pairs: (1, 1294)
[M::mem_pestat] skip orientation RF as there are not enough pairs
[M::mem_pestat] skip orientation RR as there are not enough pairs
[M::mem_pestat] skip orientation FF
[M::mem_process_seqs] Processed 266668 reads in 205.575 CPU sec, 51.459 real sec
[M::process] read 266668 sequences (40000200 bp)...
[M::mem_pestat] # candidate unique pairs for (FF, FR, RF, RR): (14, 3630, 4, 10)
[M::mem_pestat] analyzing insert size distribution for orientation FF...
[M::mem_pestat] (25, 50, 75) percentile: (97, 180, 262)
[M::mem_pestat] low and high boundaries for computing mean and std.dev: (1, 592)
[M::mem_pestat] mean and std.dev: (133.27, 79.76)
[M::mem_pestat] low and high boundaries for proper pairs: (1, 757)
[M::mem_pestat] analyzing insert size distribution for orientation FR...
[M::mem_pestat] (25, 50, 75) percentile: (256, 512, 539)
[M::mem_pestat] low and high boundaries for computing mean and std.dev: (1, 1105)
[M::mem_pestat] mean and std.dev: (424.69, 175.84)
[M::mem_pestat] low and high boundaries for proper pairs: (1, 1388)
[M::mem_pestat] skip orientation RF as there are not enough pairs
[M::mem_pestat] analyzing insert size distribution for orientation RR...
[M::mem_pestat] (25, 50, 75) percentile: (154, 1791, 2054)
[M::mem_pestat] low and high boundaries for computing mean and std.dev: (1, 5854)
[M::mem_pestat] mean and std.dev: (989.56, 951.81)
[M::mem_pestat] low and high boundaries for proper pairs: (1, 7754)
[M::mem_pestat] skip orientation FF
[M::mem_pestat] skip orientation RR
[M::mem_process_seqs] Processed 266668 reads in 211.072 CPU sec, 52.825 real sec
[M::process] read 266668 sequences (40000200 bp)...
[M::mem_pestat] # candidate unique pairs for (FF, FR, RF, RR): (14, 3634, 2, 8)
[M::mem_pestat] analyzing insert size distribution for orientation FF...
[M::mem_pestat] (25, 50, 75) percentile: (121, 169, 202)
[M::mem_pestat] low and high boundaries for computing mean and std.dev: (1, 364)
[M::mem_pestat] mean and std.dev: (165.77, 63.35)
[M::mem_pestat] low and high boundaries for proper pairs: (1, 445)
[M::mem_pestat] analyzing insert size distribution for orientation FR...
[M::mem_pestat] (25, 50, 75) percentile: (338, 514, 539)
[M::mem_pestat] low and high boundaries for computing mean and std.dev: (1, 941)
[M::mem_pestat] mean and std.dev: (438.05, 170.24)
[M::mem_pestat] low and high boundaries for proper pairs: (1, 1142)
[M::mem_pestat] skip orientation RF as there are not enough pairs
[M::mem_pestat] skip orientation RR as there are not enough pairs
[M::mem_pestat] skip orientation FF
[M::mem_process_seqs] Processed 266668 reads in 194.041 CPU sec, 48.574 real sec
[M::process] read 266668 sequences (40000200 bp)...
[M::mem_pestat] # candidate unique pairs for (FF, FR, RF, RR): (14, 3637, 0, 14)
[M::mem_pestat] analyzing insert size distribution for orientation FF...
[M::mem_pestat] (25, 50, 75) percentile: (107, 143, 231)
[M::mem_pestat] low and high boundaries for computing mean and std.dev: (1, 479)
[M::mem_pestat] mean and std.dev: (150.92, 59.12)
[M::mem_pestat] low and high boundaries for proper pairs: (1, 603)
[M::mem_pestat] analyzing insert size distribution for orientation FR...
[M::mem_pestat] (25, 50, 75) percentile: (277, 513, 540)
[M::mem_pestat] low and high boundaries for computing mean and std.dev: (1, 1066)
[M::mem_pestat] mean and std.dev: (428.77, 176.59)
[M::mem_pestat] low and high boundaries for proper pairs: (1, 1329)
[M::mem_pestat] skip orientation RF as there are not enough pairs
[M::mem_pestat] analyzing insert size distribution for orientation RR...
[M::mem_pestat] (25, 50, 75) percentile: (461, 1065, 2364)
[M::mem_pestat] low and high boundaries for computing mean and std.dev: (1, 6170)
[M::mem_pestat] mean and std.dev: (1355.29, 1094.54)
[M::mem_pestat] low and high boundaries for proper pairs: (1, 8073)
[M::mem_pestat] skip orientation FF
[M::mem_pestat] skip orientation RR
[M::mem_process_seqs] Processed 266668 reads in 207.377 CPU sec, 51.906 real sec
[M::process] read 266668 sequences (40000200 bp)...
[M::mem_pestat] # candidate unique pairs for (FF, FR, RF, RR): (24, 3663, 2, 11)
[M::mem_pestat] analyzing insert size distribution for orientation FF...
[M::mem_pestat] (25, 50, 75) percentile: (147, 210, 1343)
[M::mem_pestat] low and high boundaries for computing mean and std.dev: (1, 3735)
[M::mem_pestat] mean and std.dev: (598.00, 841.74)
[M::mem_pestat] low and high boundaries for proper pairs: (1, 4931)
[M::mem_pestat] analyzing insert size distribution for orientation FR...
[M::mem_pestat] (25, 50, 75) percentile: (293, 513, 539)
[M::mem_pestat] low and high boundaries for computing mean and std.dev: (1, 1031)
[M::mem_pestat] mean and std.dev: (431.58, 172.82)
[M::mem_pestat] low and high boundaries for proper pairs: (1, 1277)
[M::mem_pestat] skip orientation RF as there are not enough pairs
[M::mem_pestat] analyzing insert size distribution for orientation RR...
[M::mem_pestat] (25, 50, 75) percentile: (94, 181, 1042)
[M::mem_pestat] low and high boundaries for computing mean and std.dev: (1, 2938)
[M::mem_pestat] mean and std.dev: (571.00, 606.34)
[M::mem_pestat] low and high boundaries for proper pairs: (1, 3886)
[M::mem_pestat] skip orientation FF
[M::mem_pestat] skip orientation RR
[M::mem_process_seqs] Processed 266668 reads in 207.417 CPU sec, 51.908 real sec
[M::process] read 266668 sequences (40000200 bp)...
[M::mem_pestat] # candidate unique pairs for (FF, FR, RF, RR): (13, 3790, 2, 15)
[M::mem_pestat] analyzing insert size distribution for orientation FF...
[M::mem_pestat] (25, 50, 75) percentile: (106, 180, 889)
[M::mem_pestat] low and high boundaries for computing mean and std.dev: (1, 2455)
[M::mem_pestat] mean and std.dev: (322.17, 337.71)
[M::mem_pestat] low and high boundaries for proper pairs: (1, 3238)
[M::mem_pestat] analyzing insert size distribution for orientation FR...
[M::mem_pestat] (25, 50, 75) percentile: (301, 513, 539)
[M::mem_pestat] low and high boundaries for computing mean and std.dev: (1, 1015)
[M::mem_pestat] mean and std.dev: (431.88, 173.51)
[M::mem_pestat] low and high boundaries for proper pairs: (1, 1253)
[M::mem_pestat] skip orientation RF as there are not enough pairs
[M::mem_pestat] analyzing insert size distribution for orientation RR...
[M::mem_pestat] (25, 50, 75) percentile: (71, 170, 1653)
[M::mem_pestat] low and high boundaries for computing mean and std.dev: (1, 4817)
[M::mem_pestat] mean and std.dev: (834.53, 1260.04)
[M::mem_pestat] low and high boundaries for proper pairs: (1, 6399)
[M::mem_pestat] skip orientation FF
[M::mem_pestat] skip orientation RR
[M::mem_process_seqs] Processed 266668 reads in 204.062 CPU sec, 51.074 real sec
[M::process] read 266668 sequences (40000200 bp)...
[M::mem_pestat] # candidate unique pairs for (FF, FR, RF, RR): (11, 3627, 3, 12)
[M::mem_pestat] analyzing insert size distribution for orientation FF...
[M::mem_pestat] (25, 50, 75) percentile: (202, 233, 1057)
[M::mem_pestat] low and high boundaries for computing mean and std.dev: (1, 2767)
[M::mem_pestat] mean and std.dev: (459.20, 423.81)
[M::mem_pestat] low and high boundaries for proper pairs: (1, 3622)
[M::mem_pestat] analyzing insert size distribution for orientation FR...
[M::mem_pestat] (25, 50, 75) percentile: (256, 512, 539)
[M::mem_pestat] low and high boundaries for computing mean and std.dev: (1, 1105)
[M::mem_pestat] mean and std.dev: (424.39, 176.76)
[M::mem_pestat] low and high boundaries for proper pairs: (1, 1388)
[M::mem_pestat] skip orientation RF as there are not enough pairs
[M::mem_pestat] analyzing insert size distribution for orientation RR...
[M::mem_pestat] (25, 50, 75) percentile: (108, 340, 1821)
[M::mem_pestat] low and high boundaries for computing mean and std.dev: (1, 5247)
[M::mem_pestat] mean and std.dev: (857.17, 954.59)
[M::mem_pestat] low and high boundaries for proper pairs: (1, 6960)
[M::mem_pestat] skip orientation FF
[M::mem_pestat] skip orientation RR
[M::mem_process_seqs] Processed 266668 reads in 213.854 CPU sec, 53.520 real sec
[M::process] read 266668 sequences (40000200 bp)...
[M::mem_pestat] # candidate unique pairs for (FF, FR, RF, RR): (14, 3744, 3, 18)
[M::mem_pestat] analyzing insert size distribution for orientation FF...
[M::mem_pestat] (25, 50, 75) percentile: (118, 232, 294)
[M::mem_pestat] low and high boundaries for computing mean and std.dev: (1, 646)
[M::mem_pestat] mean and std.dev: (196.25, 100.72)
[M::mem_pestat] low and high boundaries for proper pairs: (1, 822)
[M::mem_pestat] analyzing insert size distribution for orientation FR...
[M::mem_pestat] (25, 50, 75) percentile: (303, 513, 541)
[M::mem_pestat] low and high boundaries for computing mean and std.dev: (1, 1017)
[M::mem_pestat] mean and std.dev: (432.71, 173.36)
[M::mem_pestat] low and high boundaries for proper pairs: (1, 1255)
[M::mem_pestat] skip orientation RF as there are not enough pairs
[M::mem_pestat] analyzing insert size distribution for orientation RR...
[M::mem_pestat] (25, 50, 75) percentile: (146, 725, 1406)
[M::mem_pestat] low and high boundaries for computing mean and std.dev: (1, 3926)
[M::mem_pestat] mean and std.dev: (831.41, 923.36)
[M::mem_pestat] low and high boundaries for proper pairs: (1, 5186)
[M::mem_pestat] skip orientation FF
[M::mem_pestat] skip orientation RR
[M::mem_process_seqs] Processed 266668 reads in 208.197 CPU sec, 52.123 real sec
[M::process] read 266668 sequences (40000200 bp)...
[M::mem_pestat] # candidate unique pairs for (FF, FR, RF, RR): (13, 3624, 1, 13)
[M::mem_pestat] analyzing insert size distribution for orientation FF...
[M::mem_pestat] (25, 50, 75) percentile: (148, 189, 314)
[M::mem_pestat] low and high boundaries for computing mean and std.dev: (1, 646)
[M::mem_pestat] mean and std.dev: (185.27, 62.98)
[M::mem_pestat] low and high boundaries for proper pairs: (1, 812)
[M::mem_pestat] analyzing insert size distribution for orientation FR...
[M::mem_pestat] (25, 50, 75) percentile: (278, 513, 539)
[M::mem_pestat] low and high boundaries for computing mean and std.dev: (1, 1061)
[M::mem_pestat] mean and std.dev: (427.62, 174.24)
[M::mem_pestat] low and high boundaries for proper pairs: (1, 1322)
[M::mem_pestat] skip orientation RF as there are not enough pairs
[M::mem_pestat] analyzing insert size distribution for orientation RR...
[M::mem_pestat] (25, 50, 75) percentile: (176, 221, 952)
[M::mem_pestat] low and high boundaries for computing mean and std.dev: (1, 2504)
[M::mem_pestat] mean and std.dev: (570.77, 604.54)
[M::mem_pestat] low and high boundaries for proper pairs: (1, 3280)
[M::mem_pestat] skip orientation FF
[M::mem_pestat] skip orientation RR
[M::mem_process_seqs] Processed 266668 reads in 211.016 CPU sec, 52.805 real sec
[M::process] read 266668 sequences (40000200 bp)...
[M::mem_pestat] # candidate unique pairs for (FF, FR, RF, RR): (10, 3730, 1, 7)
[M::mem_pestat] analyzing insert size distribution for orientation FF...
[M::mem_pestat] (25, 50, 75) percentile: (142, 182, 757)
[M::mem_pestat] low and high boundaries for computing mean and std.dev: (1, 1987)
[M::mem_pestat] mean and std.dev: (405.11, 563.27)
[M::mem_pestat] low and high boundaries for proper pairs: (1, 2658)
[M::mem_pestat] analyzing insert size distribution for orientation FR...
[M::mem_pestat] (25, 50, 75) percentile: (300, 513, 539)
[M::mem_pestat] low and high boundaries for computing mean and std.dev: (1, 1017)
[M::mem_pestat] mean and std.dev: (431.83, 172.24)
[M::mem_pestat] low and high boundaries for proper pairs: (1, 1256)
[M::mem_pestat] skip orientation RF as there are not enough pairs
[M::mem_pestat] skip orientation RR as there are not enough pairs
[M::mem_pestat] skip orientation FF
[M::mem_process_seqs] Processed 266668 reads in 202.112 CPU sec, 50.668 real sec
[M::process] read 266668 sequences (40000200 bp)...
[M::mem_pestat] # candidate unique pairs for (FF, FR, RF, RR): (19, 3695, 2, 10)
[M::mem_pestat] analyzing insert size distribution for orientation FF...
[M::mem_pestat] (25, 50, 75) percentile: (110, 154, 299)
[M::mem_pestat] low and high boundaries for computing mean and std.dev: (1, 677)
[M::mem_pestat] mean and std.dev: (203.11, 143.99)
[M::mem_pestat] low and high boundaries for proper pairs: (1, 866)
[M::mem_pestat] analyzing insert size distribution for orientation FR...
[M::mem_pestat] (25, 50, 75) percentile: (298, 513, 539)
[M::mem_pestat] low and high boundaries for computing mean and std.dev: (1, 1021)
[M::mem_pestat] mean and std.dev: (431.27, 173.14)
[M::mem_pestat] low and high boundaries for proper pairs: (1, 1262)
[M::mem_pestat] skip orientation RF as there are not enough pairs
[M::mem_pestat] analyzing insert size distribution for orientation RR...
[M::mem_pestat] (25, 50, 75) percentile: (496, 957, 2150)
[M::mem_pestat] low and high boundaries for computing mean and std.dev: (1, 5458)
[M::mem_pestat] mean and std.dev: (1698.00, 1671.86)
[M::mem_pestat] low and high boundaries for proper pairs: (1, 8385)
[M::mem_pestat] skip orientation FF
[M::mem_pestat] skip orientation RR
[M::mem_process_seqs] Processed 266668 reads in 202.670 CPU sec, 50.841 real sec
[M::process] read 266668 sequences (40000200 bp)...
[M::mem_pestat] # candidate unique pairs for (FF, FR, RF, RR): (23, 3915, 3, 6)
[M::mem_pestat] analyzing insert size distribution for orientation FF...
[M::mem_pestat] (25, 50, 75) percentile: (119, 208, 282)
[M::mem_pestat] low and high boundaries for computing mean and std.dev: (1, 608)
[M::mem_pestat] mean and std.dev: (174.39, 71.66)
[M::mem_pestat] low and high boundaries for proper pairs: (1, 771)
[M::mem_pestat] analyzing insert size distribution for orientation FR...
[M::mem_pestat] (25, 50, 75) percentile: (307, 513, 539)
[M::mem_pestat] low and high boundaries for computing mean and std.dev: (1, 1003)
[M::mem_pestat] mean and std.dev: (433.41, 172.74)
[M::mem_pestat] low and high boundaries for proper pairs: (1, 1235)
[M::mem_pestat] skip orientation RF as there are not enough pairs
[M::mem_pestat] skip orientation RR as there are not enough pairs
[M::mem_pestat] skip orientation FF
[M::mem_process_seqs] Processed 266668 reads in 201.169 CPU sec, 50.374 real sec
[M::process] read 266668 sequences (40000200 bp)...
[M::mem_pestat] # candidate unique pairs for (FF, FR, RF, RR): (13, 3724, 1, 7)
[M::mem_pestat] analyzing insert size distribution for orientation FF...
[M::mem_pestat] (25, 50, 75) percentile: (104, 149, 225)
[M::mem_pestat] low and high boundaries for computing mean and std.dev: (1, 467)
[M::mem_pestat] mean and std.dev: (143.64, 48.26)
[M::mem_pestat] low and high boundaries for proper pairs: (1, 588)
[M::mem_pestat] analyzing insert size distribution for orientation FR...
[M::mem_pestat] (25, 50, 75) percentile: (312, 513, 539)
[M::mem_pestat] low and high boundaries for computing mean and std.dev: (1, 993)
[M::mem_pestat] mean and std.dev: (434.16, 171.39)
[M::mem_pestat] low and high boundaries for proper pairs: (1, 1220)
[M::mem_pestat] skip orientation RF as there are not enough pairs
[M::mem_pestat] skip orientation RR as there are not enough pairs
[M::mem_pestat] skip orientation FF
[M::mem_process_seqs] Processed 266668 reads in 199.987 CPU sec, 50.054 real sec
[M::process] read 266668 sequences (40000200 bp)...
[M::mem_pestat] # candidate unique pairs for (FF, FR, RF, RR): (12, 3833, 2, 5)
[M::mem_pestat] analyzing insert size distribution for orientation FF...
[M::mem_pestat] (25, 50, 75) percentile: (82, 121, 210)
[M::mem_pestat] low and high boundaries for computing mean and std.dev: (1, 466)
[M::mem_pestat] mean and std.dev: (150.75, 95.84)
[M::mem_pestat] low and high boundaries for proper pairs: (1, 594)
[M::mem_pestat] analyzing insert size distribution for orientation FR...
[M::mem_pestat] (25, 50, 75) percentile: (297, 513, 541)
[M::mem_pestat] low and high boundaries for computing mean and std.dev: (1, 1029)
[M::mem_pestat] mean and std.dev: (432.14, 174.09)
[M::mem_pestat] low and high boundaries for proper pairs: (1, 1273)
[M::mem_pestat] skip orientation RF as there are not enough pairs
[M::mem_pestat] skip orientation RR as there are not enough pairs
[M::mem_pestat] skip orientation FF
[M::mem_process_seqs] Processed 266668 reads in 204.185 CPU sec, 51.111 real sec
[M::process] read 266668 sequences (40000200 bp)...
[M::mem_pestat] # candidate unique pairs for (FF, FR, RF, RR): (22, 3581, 1, 5)
[M::mem_pestat] analyzing insert size distribution for orientation FF...
[M::mem_pestat] (25, 50, 75) percentile: (103, 189, 468)
[M::mem_pestat] low and high boundaries for computing mean and std.dev: (1, 1198)
[M::mem_pestat] mean and std.dev: (231.21, 219.32)
[M::mem_pestat] low and high boundaries for proper pairs: (1, 1563)
[M::mem_pestat] analyzing insert size distribution for orientation FR...
[M::mem_pestat] (25, 50, 75) percentile: (333, 515, 539)
[M::mem_pestat] low and high boundaries for computing mean and std.dev: (1, 951)
[M::mem_pestat] mean and std.dev: (437.69, 169.70)
[M::mem_pestat] low and high boundaries for proper pairs: (1, 1157)
[M::mem_pestat] skip orientation RF as there are not enough pairs
[M::mem_pestat] skip orientation RR as there are not enough pairs
[M::mem_pestat] skip orientation FF
[M::mem_process_seqs] Processed 266668 reads in 200.105 CPU sec, 50.083 real sec
[M::process] read 266668 sequences (40000200 bp)...
[M::mem_pestat] # candidate unique pairs for (FF, FR, RF, RR): (15, 3802, 3, 7)
[M::mem_pestat] analyzing insert size distribution for orientation FF...
[M::mem_pestat] (25, 50, 75) percentile: (159, 190, 744)
[M::mem_pestat] low and high boundaries for computing mean and std.dev: (1, 1914)
[M::mem_pestat] mean and std.dev: (329.29, 354.75)
[M::mem_pestat] low and high boundaries for proper pairs: (1, 2499)
[M::mem_pestat] analyzing insert size distribution for orientation FR...
[M::mem_pestat] (25, 50, 75) percentile: (332, 514, 540)
[M::mem_pestat] low and high boundaries for computing mean and std.dev: (1, 956)
[M::mem_pestat] mean and std.dev: (438.46, 169.14)
[M::mem_pestat] low and high boundaries for proper pairs: (1, 1164)
[M::mem_pestat] skip orientation RF as there are not enough pairs
[M::mem_pestat] skip orientation RR as there are not enough pairs
[M::mem_pestat] skip orientation FF
[M::mem_process_seqs] Processed 266668 reads in 198.804 CPU sec, 49.780 real sec
[M::process] read 266668 sequences (40000200 bp)...
[M::mem_pestat] # candidate unique pairs for (FF, FR, RF, RR): (16, 3740, 2, 12)
[M::mem_pestat] analyzing insert size distribution for orientation FF...
[M::mem_pestat] (25, 50, 75) percentile: (98, 161, 215)
[M::mem_pestat] low and high boundaries for computing mean and std.dev: (1, 449)
[M::mem_pestat] mean and std.dev: (149.00, 66.82)
[M::mem_pestat] low and high boundaries for proper pairs: (1, 566)
[M::mem_pestat] analyzing insert size distribution for orientation FR...
[M::mem_pestat] (25, 50, 75) percentile: (306, 513, 540)
[M::mem_pestat] low and high boundaries for computing mean and std.dev: (1, 1008)
[M::mem_pestat] mean and std.dev: (433.64, 172.65)
[M::mem_pestat] low and high boundaries for proper pairs: (1, 1242)
[M::mem_pestat] skip orientation RF as there are not enough pairs
[M::mem_pestat] analyzing insert size distribution for orientation RR...
[M::mem_pestat] (25, 50, 75) percentile: (817, 1316, 1571)
[M::mem_pestat] low and high boundaries for computing mean and std.dev: (1, 3079)
[M::mem_pestat] mean and std.dev: (1034.55, 652.13)
[M::mem_pestat] low and high boundaries for proper pairs: (1, 3833)
[M::mem_pestat] skip orientation FF
[M::mem_pestat] skip orientation RR
[M::mem_process_seqs] Processed 266668 reads in 203.356 CPU sec, 50.887 real sec
[M::process] read 266668 sequences (40000200 bp)...
[M::mem_pestat] # candidate unique pairs for (FF, FR, RF, RR): (16, 3858, 0, 7)
[M::mem_pestat] analyzing insert size distribution for orientation FF...
[M::mem_pestat] (25, 50, 75) percentile: (132, 475, 649)
[M::mem_pestat] low and high boundaries for computing mean and std.dev: (1, 1683)
[M::mem_pestat] mean and std.dev: (371.07, 302.26)
[M::mem_pestat] low and high boundaries for proper pairs: (1, 2200)
[M::mem_pestat] analyzing insert size distribution for orientation FR...
[M::mem_pestat] (25, 50, 75) percentile: (300, 513, 540)
[M::mem_pestat] low and high boundaries for computing mean and std.dev: (1, 1020)
[M::mem_pestat] mean and std.dev: (433.23, 173.92)
[M::mem_pestat] low and high boundaries for proper pairs: (1, 1260)
[M::mem_pestat] skip orientation RF as there are not enough pairs
[M::mem_pestat] skip orientation RR as there are not enough pairs
[M::mem_pestat] skip orientation FF
[M::mem_process_seqs] Processed 266668 reads in 206.996 CPU sec, 51.813 real sec
[M::process] read 266668 sequences (40000200 bp)...
[M::mem_pestat] # candidate unique pairs for (FF, FR, RF, RR): (21, 3622, 2, 6)
[M::mem_pestat] analyzing insert size distribution for orientation FF...
[M::mem_pestat] (25, 50, 75) percentile: (137, 168, 650)
[M::mem_pestat] low and high boundaries for computing mean and std.dev: (1, 1676)
[M::mem_pestat] mean and std.dev: (280.37, 332.22)
[M::mem_pestat] low and high boundaries for proper pairs: (1, 2189)
[M::mem_pestat] analyzing insert size distribution for orientation FR...
[M::mem_pestat] (25, 50, 75) percentile: (297, 514, 541)
[M::mem_pestat] low and high boundaries for computing mean and std.dev: (1, 1029)
[M::mem_pestat] mean and std.dev: (433.07, 173.00)
[M::mem_pestat] low and high boundaries for proper pairs: (1, 1273)
[M::mem_pestat] skip orientation RF as there are not enough pairs
[M::mem_pestat] skip orientation RR as there are not enough pairs
[M::mem_pestat] skip orientation FF
[M::mem_process_seqs] Processed 266668 reads in 205.172 CPU sec, 51.343 real sec
[M::process] read 266668 sequences (40000200 bp)...
[M::mem_pestat] # candidate unique pairs for (FF, FR, RF, RR): (16, 3683, 1, 12)
[M::mem_pestat] analyzing insert size distribution for orientation FF...
[M::mem_pestat] (25, 50, 75) percentile: (91, 166, 303)
[M::mem_pestat] low and high boundaries for computing mean and std.dev: (1, 727)
[M::mem_pestat] mean and std.dev: (179.57, 129.30)
[M::mem_pestat] low and high boundaries for proper pairs: (1, 939)
[M::mem_pestat] analyzing insert size distribution for orientation FR...
[M::mem_pestat] (25, 50, 75) percentile: (297, 513, 539)
[M::mem_pestat] low and high boundaries for computing mean and std.dev: (1, 1023)
[M::mem_pestat] mean and std.dev: (433.08, 173.08)
[M::mem_pestat] low and high boundaries for proper pairs: (1, 1265)
[M::mem_pestat] skip orientation RF as there are not enough pairs
[M::mem_pestat] analyzing insert size distribution for orientation RR...
[M::mem_pestat] (25, 50, 75) percentile: (179, 380, 1197)
[M::mem_pestat] low and high boundaries for computing mean and std.dev: (1, 3233)
[M::mem_pestat] mean and std.dev: (653.25, 654.97)
[M::mem_pestat] low and high boundaries for proper pairs: (1, 4251)
[M::mem_pestat] skip orientation FF
[M::mem_pestat] skip orientation RR
[M::mem_process_seqs] Processed 266668 reads in 202.438 CPU sec, 50.683 real sec
[M::process] read 266668 sequences (40000200 bp)...
[M::mem_pestat] # candidate unique pairs for (FF, FR, RF, RR): (16, 3842, 5, 12)
[M::mem_pestat] analyzing insert size distribution for orientation FF...
[M::mem_pestat] (25, 50, 75) percentile: (146, 190, 1044)
[M::mem_pestat] low and high boundaries for computing mean and std.dev: (1, 2840)
[M::mem_pestat] mean and std.dev: (427.53, 531.79)
[M::mem_pestat] low and high boundaries for proper pairs: (1, 3738)
[M::mem_pestat] analyzing insert size distribution for orientation FR...
[M::mem_pestat] (25, 50, 75) percentile: (313, 514, 539)
[M::mem_pestat] low and high boundaries for computing mean and std.dev: (1, 991)
[M::mem_pestat] mean and std.dev: (434.65, 171.78)
[M::mem_pestat] low and high boundaries for proper pairs: (1, 1217)
[M::mem_pestat] skip orientation RF as there are not enough pairs
[M::mem_pestat] analyzing insert size distribution for orientation RR...
[M::mem_pestat] (25, 50, 75) percentile: (818, 1395, 1794)
[M::mem_pestat] low and high boundaries for computing mean and std.dev: (1, 3746)
[M::mem_pestat] mean and std.dev: (1133.25, 697.93)
[M::mem_pestat] low and high boundaries for proper pairs: (1, 4722)
[M::mem_pestat] skip orientation FF
[M::mem_pestat] skip orientation RR
[M::mem_process_seqs] Processed 266668 reads in 199.906 CPU sec, 50.026 real sec
[M::process] read 266668 sequences (40000200 bp)...
[M::mem_pestat] # candidate unique pairs for (FF, FR, RF, RR): (15, 3755, 0, 15)
[M::mem_pestat] analyzing insert size distribution for orientation FF...
[M::mem_pestat] (25, 50, 75) percentile: (108, 137, 182)
[M::mem_pestat] low and high boundaries for computing mean and std.dev: (1, 330)
[M::mem_pestat] mean and std.dev: (137.14, 51.81)
[M::mem_pestat] low and high boundaries for proper pairs: (1, 404)
[M::mem_pestat] analyzing insert size distribution for orientation FR...
[M::mem_pestat] (25, 50, 75) percentile: (290, 513, 539)
[M::mem_pestat] low and high boundaries for computing mean and std.dev: (1, 1037)
[M::mem_pestat] mean and std.dev: (429.78, 174.01)
[M::mem_pestat] low and high boundaries for proper pairs: (1, 1286)
[M::mem_pestat] skip orientation RF as there are not enough pairs
[M::mem_pestat] analyzing insert size distribution for orientation RR...
[M::mem_pestat] (25, 50, 75) percentile: (113, 164, 1140)
[M::mem_pestat] low and high boundaries for computing mean and std.dev: (1, 3194)
[M::mem_pestat] mean and std.dev: (702.53, 810.30)
[M::mem_pestat] low and high boundaries for proper pairs: (1, 4221)
[M::mem_pestat] skip orientation FF
[M::mem_pestat] skip orientation RR
[M::mem_process_seqs] Processed 266668 reads in 201.484 CPU sec, 50.426 real sec
[M::process] read 266668 sequences (40000200 bp)...
[M::mem_pestat] # candidate unique pairs for (FF, FR, RF, RR): (19, 3692, 2, 11)
[M::mem_pestat] analyzing insert size distribution for orientation FF...
[M::mem_pestat] (25, 50, 75) percentile: (114, 190, 660)
[M::mem_pestat] low and high boundaries for computing mean and std.dev: (1, 1752)
[M::mem_pestat] mean and std.dev: (265.62, 280.22)
[M::mem_pestat] low and high boundaries for proper pairs: (1, 2298)
[M::mem_pestat] analyzing insert size distribution for orientation FR...
[M::mem_pestat] (25, 50, 75) percentile: (284, 513, 539)
[M::mem_pestat] low and high boundaries for computing mean and std.dev: (1, 1049)
[M::mem_pestat] mean and std.dev: (429.37, 174.28)
[M::mem_pestat] low and high boundaries for proper pairs: (1, 1304)
[M::mem_pestat] skip orientation RF as there are not enough pairs
[M::mem_pestat] analyzing insert size distribution for orientation RR...
[M::mem_pestat] (25, 50, 75) percentile: (103, 148, 886)
[M::mem_pestat] low and high boundaries for computing mean and std.dev: (1, 2452)
[M::mem_pestat] mean and std.dev: (387.30, 469.81)
[M::mem_pestat] low and high boundaries for proper pairs: (1, 3235)
[M::mem_pestat] skip orientation FF
[M::mem_pestat] skip orientation RR
[M::mem_process_seqs] Processed 266668 reads in 205.592 CPU sec, 51.453 real sec
[M::process] read 266668 sequences (40000200 bp)...
[M::mem_pestat] # candidate unique pairs for (FF, FR, RF, RR): (13, 3810, 1, 3)
[M::mem_pestat] analyzing insert size distribution for orientation FF...
[M::mem_pestat] (25, 50, 75) percentile: (138, 235, 897)
[M::mem_pestat] low and high boundaries for computing mean and std.dev: (1, 2415)
[M::mem_pestat] mean and std.dev: (488.38, 573.54)
[M::mem_pestat] low and high boundaries for proper pairs: (1, 3174)
[M::mem_pestat] analyzing insert size distribution for orientation FR...
[M::mem_pestat] (25, 50, 75) percentile: (285, 513, 539)
[M::mem_pestat] low and high boundaries for computing mean and std.dev: (1, 1047)
[M::mem_pestat] mean and std.dev: (429.59, 176.34)
[M::mem_pestat] low and high boundaries for proper pairs: (1, 1301)
[M::mem_pestat] skip orientation RF as there are not enough pairs
[M::mem_pestat] skip orientation RR as there are not enough pairs
[M::mem_pestat] skip orientation FF
[M::mem_process_seqs] Processed 266668 reads in 206.107 CPU sec, 51.632 real sec
[M::process] read 266668 sequences (40000200 bp)...
[M::mem_pestat] # candidate unique pairs for (FF, FR, RF, RR): (11, 3756, 2, 7)
[M::mem_pestat] analyzing insert size distribution for orientation FF...
[M::mem_pestat] (25, 50, 75) percentile: (160, 192, 1178)
[M::mem_pestat] low and high boundaries for computing mean and std.dev: (1, 3214)
[M::mem_pestat] mean and std.dev: (685.36, 784.96)
[M::mem_pestat] low and high boundaries for proper pairs: (1, 4232)
[M::mem_pestat] analyzing insert size distribution for orientation FR...
[M::mem_pestat] (25, 50, 75) percentile: (318, 514, 543)
[M::mem_pestat] low and high boundaries for computing mean and std.dev: (1, 993)
[M::mem_pestat] mean and std.dev: (436.19, 171.68)
[M::mem_pestat] low and high boundaries for proper pairs: (1, 1218)
[M::mem_pestat] skip orientation RF as there are not enough pairs
[M::mem_pestat] skip orientation RR as there are not enough pairs
[M::mem_pestat] skip orientation FF
[M::mem_process_seqs] Processed 266668 reads in 200.544 CPU sec, 50.188 real sec
[M::process] read 266668 sequences (40000200 bp)...
[M::mem_pestat] # candidate unique pairs for (FF, FR, RF, RR): (15, 3712, 2, 7)
[M::mem_pestat] analyzing insert size distribution for orientation FF...
[M::mem_pestat] (25, 50, 75) percentile: (107, 176, 1151)
[M::mem_pestat] low and high boundaries for computing mean and std.dev: (1, 3239)
[M::mem_pestat] mean and std.dev: (519.64, 701.28)
[M::mem_pestat] low and high boundaries for proper pairs: (1, 4283)
[M::mem_pestat] analyzing insert size distribution for orientation FR...
[M::mem_pestat] (25, 50, 75) percentile: (300, 513, 539)
[M::mem_pestat] low and high boundaries for computing mean and std.dev: (1, 1017)
[M::mem_pestat] mean and std.dev: (431.24, 173.10)
[M::mem_pestat] low and high boundaries for proper pairs: (1, 1256)
[M::mem_pestat] skip orientation RF as there are not enough pairs
[M::mem_pestat] skip orientation RR as there are not enough pairs
[M::mem_pestat] skip orientation FF
[M::mem_process_seqs] Processed 266668 reads in 205.437 CPU sec, 51.442 real sec
[M::process] read 266668 sequences (40000200 bp)...
[M::mem_pestat] # candidate unique pairs for (FF, FR, RF, RR): (17, 3771, 2, 7)
[M::mem_pestat] analyzing insert size distribution for orientation FF...
[M::mem_pestat] (25, 50, 75) percentile: (92, 150, 842)
[M::mem_pestat] low and high boundaries for computing mean and std.dev: (1, 2342)
[M::mem_pestat] mean and std.dev: (327.88, 368.44)
[M::mem_pestat] low and high boundaries for proper pairs: (1, 3092)
[M::mem_pestat] analyzing insert size distribution for orientation FR...
[M::mem_pestat] (25, 50, 75) percentile: (298, 514, 541)
[M::mem_pestat] low and high boundaries for computing mean and std.dev: (1, 1027)
[M::mem_pestat] mean and std.dev: (432.12, 172.72)
[M::mem_pestat] low and high boundaries for proper pairs: (1, 1270)
[M::mem_pestat] skip orientation RF as there are not enough pairs
[M::mem_pestat] skip orientation RR as there are not enough pairs
[M::mem_pestat] skip orientation FF
[M::mem_process_seqs] Processed 266668 reads in 205.787 CPU sec, 51.501 real sec
[M::process] read 266668 sequences (40000200 bp)...
[M::mem_pestat] # candidate unique pairs for (FF, FR, RF, RR): (22, 3747, 4, 8)
[M::mem_pestat] analyzing insert size distribution for orientation FF...
[M::mem_pestat] (25, 50, 75) percentile: (163, 243, 783)
[M::mem_pestat] low and high boundaries for computing mean and std.dev: (1, 2023)
[M::mem_pestat] mean and std.dev: (364.55, 348.80)
[M::mem_pestat] low and high boundaries for proper pairs: (1, 2643)
[M::mem_pestat] analyzing insert size distribution for orientation FR...
[M::mem_pestat] (25, 50, 75) percentile: (307, 513, 539)
[M::mem_pestat] low and high boundaries for computing mean and std.dev: (1, 1003)
[M::mem_pestat] mean and std.dev: (432.77, 173.10)
[M::mem_pestat] low and high boundaries for proper pairs: (1, 1235)
[M::mem_pestat] skip orientation RF as there are not enough pairs
[M::mem_pestat] skip orientation RR as there are not enough pairs
[M::mem_pestat] skip orientation FF
[M::mem_process_seqs] Processed 266668 reads in 202.027 CPU sec, 50.560 real sec
[M::process] read 266668 sequences (40000200 bp)...
[M::mem_pestat] # candidate unique pairs for (FF, FR, RF, RR): (17, 3686, 0, 8)
[M::mem_pestat] analyzing insert size distribution for orientation FF...
[M::mem_pestat] (25, 50, 75) percentile: (96, 183, 276)
[M::mem_pestat] low and high boundaries for computing mean and std.dev: (1, 636)
[M::mem_pestat] mean and std.dev: (149.29, 65.03)
[M::mem_pestat] low and high boundaries for proper pairs: (1, 816)
[M::mem_pestat] analyzing insert size distribution for orientation FR...
[M::mem_pestat] (25, 50, 75) percentile: (279, 513, 539)
[M::mem_pestat] low and high boundaries for computing mean and std.dev: (1, 1059)
[M::mem_pestat] mean and std.dev: (428.63, 175.28)
[M::mem_pestat] low and high boundaries for proper pairs: (1, 1319)
[M::mem_pestat] skip orientation RF as there are not enough pairs
[M::mem_pestat] skip orientation RR as there are not enough pairs
[M::mem_pestat] skip orientation FF
[M::mem_process_seqs] Processed 266668 reads in 209.288 CPU sec, 52.381 real sec
[M::process] read 266668 sequences (40000200 bp)...
[M::mem_pestat] # candidate unique pairs for (FF, FR, RF, RR): (11, 3648, 2, 6)
[M::mem_pestat] analyzing insert size distribution for orientation FF...
[M::mem_pestat] (25, 50, 75) percentile: (171, 183, 266)
[M::mem_pestat] low and high boundaries for computing mean and std.dev: (1, 456)
[M::mem_pestat] mean and std.dev: (173.11, 67.44)
[M::mem_pestat] low and high boundaries for proper pairs: (1, 551)
[M::mem_pestat] analyzing insert size distribution for orientation FR...
[M::mem_pestat] (25, 50, 75) percentile: (297, 513, 540)
[M::mem_pestat] low and high boundaries for computing mean and std.dev: (1, 1026)
[M::mem_pestat] mean and std.dev: (432.32, 175.40)
[M::mem_pestat] low and high boundaries for proper pairs: (1, 1269)
[M::mem_pestat] skip orientation RF as there are not enough pairs
[M::mem_pestat] skip orientation RR as there are not enough pairs
[M::mem_pestat] skip orientation FF
[M::mem_process_seqs] Processed 266668 reads in 206.678 CPU sec, 51.728 real sec
[M::process] read 266668 sequences (40000200 bp)...
[M::mem_pestat] # candidate unique pairs for (FF, FR, RF, RR): (13, 3638, 1, 13)
[M::mem_pestat] analyzing insert size distribution for orientation FF...
[M::mem_pestat] (25, 50, 75) percentile: (137, 169, 234)
[M::mem_pestat] low and high boundaries for computing mean and std.dev: (1, 428)
[M::mem_pestat] mean and std.dev: (175.00, 75.47)
[M::mem_pestat] low and high boundaries for proper pairs: (1, 525)
[M::mem_pestat] analyzing insert size distribution for orientation FR...
[M::mem_pestat] (25, 50, 75) percentile: (332, 515, 542)
[M::mem_pestat] low and high boundaries for computing mean and std.dev: (1, 962)
[M::mem_pestat] mean and std.dev: (438.49, 170.65)
[M::mem_pestat] low and high boundaries for proper pairs: (1, 1172)
[M::mem_pestat] skip orientation RF as there are not enough pairs
[M::mem_pestat] analyzing insert size distribution for orientation RR...
[M::mem_pestat] (25, 50, 75) percentile: (91, 188, 1113)
[M::mem_pestat] low and high boundaries for computing mean and std.dev: (1, 3157)
[M::mem_pestat] mean and std.dev: (471.15, 508.38)
[M::mem_pestat] low and high boundaries for proper pairs: (1, 4179)
[M::mem_pestat] skip orientation FF
[M::mem_pestat] skip orientation RR
[M::mem_process_seqs] Processed 266668 reads in 200.437 CPU sec, 50.169 real sec
[M::process] read 266668 sequences (40000200 bp)...
[M::mem_pestat] # candidate unique pairs for (FF, FR, RF, RR): (11, 3782, 3, 8)
[M::mem_pestat] analyzing insert size distribution for orientation FF...
[M::mem_pestat] (25, 50, 75) percentile: (160, 196, 1075)
[M::mem_pestat] low and high boundaries for computing mean and std.dev: (1, 2905)
[M::mem_pestat] mean and std.dev: (382.60, 475.68)
[M::mem_pestat] low and high boundaries for proper pairs: (1, 3820)
[M::mem_pestat] analyzing insert size distribution for orientation FR...
[M::mem_pestat] (25, 50, 75) percentile: (314, 513, 540)
[M::mem_pestat] low and high boundaries for computing mean and std.dev: (1, 992)
[M::mem_pestat] mean and std.dev: (432.99, 173.18)
[M::mem_pestat] low and high boundaries for proper pairs: (1, 1218)
[M::mem_pestat] skip orientation RF as there are not enough pairs
[M::mem_pestat] skip orientation RR as there are not enough pairs
[M::mem_pestat] skip orientation FF
[M::mem_process_seqs] Processed 266668 reads in 200.157 CPU sec, 50.098 real sec
[M::process] read 266668 sequences (40000200 bp)...
[M::mem_pestat] # candidate unique pairs for (FF, FR, RF, RR): (14, 3660, 2, 9)
[M::mem_pestat] analyzing insert size distribution for orientation FF...
[M::mem_pestat] (25, 50, 75) percentile: (108, 235, 471)
[M::mem_pestat] low and high boundaries for computing mean and std.dev: (1, 1197)
[M::mem_pestat] mean and std.dev: (263.17, 257.64)
[M::mem_pestat] low and high boundaries for proper pairs: (1, 1560)
[M::mem_pestat] analyzing insert size distribution for orientation FR...
[M::mem_pestat] (25, 50, 75) percentile: (310, 512, 539)
[M::mem_pestat] low and high boundaries for computing mean and std.dev: (1, 997)
[M::mem_pestat] mean and std.dev: (432.03, 173.12)
[M::mem_pestat] low and high boundaries for proper pairs: (1, 1226)
[M::mem_pestat] skip orientation RF as there are not enough pairs
[M::mem_pestat] skip orientation RR as there are not enough pairs
[M::mem_pestat] skip orientation FF
[M::mem_process_seqs] Processed 266668 reads in 202.502 CPU sec, 50.728 real sec
[M::process] read 266668 sequences (40000200 bp)...
[M::mem_pestat] # candidate unique pairs for (FF, FR, RF, RR): (17, 3790, 2, 14)
[M::mem_pestat] analyzing insert size distribution for orientation FF...
[M::mem_pestat] (25, 50, 75) percentile: (105, 141, 645)
[M::mem_pestat] low and high boundaries for computing mean and std.dev: (1, 1725)
[M::mem_pestat] mean and std.dev: (274.81, 310.34)
[M::mem_pestat] low and high boundaries for proper pairs: (1, 2265)
[M::mem_pestat] analyzing insert size distribution for orientation FR...
[M::mem_pestat] (25, 50, 75) percentile: (296, 514, 541)
[M::mem_pestat] low and high boundaries for computing mean and std.dev: (1, 1031)
[M::mem_pestat] mean and std.dev: (431.74, 174.78)
[M::mem_pestat] low and high boundaries for proper pairs: (1, 1276)
[M::mem_pestat] skip orientation RF as there are not enough pairs
[M::mem_pestat] analyzing insert size distribution for orientation RR...
[M::mem_pestat] (25, 50, 75) percentile: (239, 658, 1082)
[M::mem_pestat] low and high boundaries for computing mean and std.dev: (1, 2768)
[M::mem_pestat] mean and std.dev: (625.92, 504.57)
[M::mem_pestat] low and high boundaries for proper pairs: (1, 3611)
[M::mem_pestat] skip orientation FF
[M::mem_pestat] skip orientation RR
[M::mem_process_seqs] Processed 266668 reads in 204.917 CPU sec, 51.287 real sec
[M::process] read 266668 sequences (40000200 bp)...
[M::mem_pestat] # candidate unique pairs for (FF, FR, RF, RR): (19, 3828, 3, 13)
[M::mem_pestat] analyzing insert size distribution for orientation FF...
[M::mem_pestat] (25, 50, 75) percentile: (113, 150, 287)
[M::mem_pestat] low and high boundaries for computing mean and std.dev: (1, 635)
[M::mem_pestat] mean and std.dev: (152.93, 72.95)
[M::mem_pestat] low and high boundaries for proper pairs: (1, 809)
[M::mem_pestat] analyzing insert size distribution for orientation FR...
[M::mem_pestat] (25, 50, 75) percentile: (303, 514, 542)
[M::mem_pestat] low and high boundaries for computing mean and std.dev: (1, 1020)
[M::mem_pestat] mean and std.dev: (432.95, 173.65)
[M::mem_pestat] low and high boundaries for proper pairs: (1, 1259)
[M::mem_pestat] skip orientation RF as there are not enough pairs
[M::mem_pestat] analyzing insert size distribution for orientation RR...
[M::mem_pestat] (25, 50, 75) percentile: (125, 403, 1166)
[M::mem_pestat] low and high boundaries for computing mean and std.dev: (1, 3248)
[M::mem_pestat] mean and std.dev: (509.58, 451.98)
[M::mem_pestat] low and high boundaries for proper pairs: (1, 4289)
[M::mem_pestat] skip orientation FF
[M::mem_pestat] skip orientation RR
[M::mem_process_seqs] Processed 266668 reads in 203.389 CPU sec, 50.904 real sec
[M::process] read 266668 sequences (40000200 bp)...
[M::mem_pestat] # candidate unique pairs for (FF, FR, RF, RR): (11, 3767, 2, 15)
[M::mem_pestat] analyzing insert size distribution for orientation FF...
[M::mem_pestat] (25, 50, 75) percentile: (97, 128, 474)
[M::mem_pestat] low and high boundaries for computing mean and std.dev: (1, 1228)
[M::mem_pestat] mean and std.dev: (264.00, 273.51)
[M::mem_pestat] low and high boundaries for proper pairs: (1, 1605)
[M::mem_pestat] analyzing insert size distribution for orientation FR...
[M::mem_pestat] (25, 50, 75) percentile: (338, 514, 541)
[M::mem_pestat] low and high boundaries for computing mean and std.dev: (1, 947)
[M::mem_pestat] mean and std.dev: (437.38, 169.88)
[M::mem_pestat] low and high boundaries for proper pairs: (1, 1150)
[M::mem_pestat] skip orientation RF as there are not enough pairs
[M::mem_pestat] analyzing insert size distribution for orientation RR...
[M::mem_pestat] (25, 50, 75) percentile: (174, 525, 1313)
[M::mem_pestat] low and high boundaries for computing mean and std.dev: (1, 3591)
[M::mem_pestat] mean and std.dev: (642.43, 558.01)
[M::mem_pestat] low and high boundaries for proper pairs: (1, 4730)
[M::mem_pestat] skip orientation FF
[M::mem_pestat] skip orientation RR
[M::mem_process_seqs] Processed 266668 reads in 198.265 CPU sec, 49.645 real sec
[M::process] read 266668 sequences (40000200 bp)...
[M::mem_pestat] # candidate unique pairs for (FF, FR, RF, RR): (14, 3727, 1, 10)
[M::mem_pestat] analyzing insert size distribution for orientation FF...
[M::mem_pestat] (25, 50, 75) percentile: (161, 240, 1477)
[M::mem_pestat] low and high boundaries for computing mean and std.dev: (1, 4109)
[M::mem_pestat] mean and std.dev: (513.25, 807.80)
[M::mem_pestat] low and high boundaries for proper pairs: (1, 5425)
[M::mem_pestat] analyzing insert size distribution for orientation FR...
[M::mem_pestat] (25, 50, 75) percentile: (317, 514, 540)
[M::mem_pestat] low and high boundaries for computing mean and std.dev: (1, 986)
[M::mem_pestat] mean and std.dev: (435.92, 171.59)
[M::mem_pestat] low and high boundaries for proper pairs: (1, 1209)
[M::mem_pestat] skip orientation RF as there are not enough pairs
[M::mem_pestat] analyzing insert size distribution for orientation RR...
[M::mem_pestat] (25, 50, 75) percentile: (81, 793, 2827)
[M::mem_pestat] low and high boundaries for computing mean and std.dev: (1, 8319)
[M::mem_pestat] mean and std.dev: (1658.80, 2060.89)
[M::mem_pestat] low and high boundaries for proper pairs: (1, 11065)
[M::mem_pestat] skip orientation FF
[M::mem_pestat] skip orientation RR
[M::mem_process_seqs] Processed 266668 reads in 203.583 CPU sec, 50.947 real sec
[M::process] read 266668 sequences (40000200 bp)...
[M::mem_pestat] # candidate unique pairs for (FF, FR, RF, RR): (14, 3765, 2, 13)
[M::mem_pestat] analyzing insert size distribution for orientation FF...
[M::mem_pestat] (25, 50, 75) percentile: (138, 295, 839)
[M::mem_pestat] low and high boundaries for computing mean and std.dev: (1, 2241)
[M::mem_pestat] mean and std.dev: (487.57, 466.30)
[M::mem_pestat] low and high boundaries for proper pairs: (1, 2942)
[M::mem_pestat] analyzing insert size distribution for orientation FR...
[M::mem_pestat] (25, 50, 75) percentile: (300, 513, 538)
[M::mem_pestat] low and high boundaries for computing mean and std.dev: (1, 1014)
[M::mem_pestat] mean and std.dev: (430.63, 173.20)
[M::mem_pestat] low and high boundaries for proper pairs: (1, 1252)
[M::mem_pestat] skip orientation RF as there are not enough pairs
[M::mem_pestat] analyzing insert size distribution for orientation RR...
[M::mem_pestat] (25, 50, 75) percentile: (151, 739, 1010)
[M::mem_pestat] low and high boundaries for computing mean and std.dev: (1, 2728)
[M::mem_pestat] mean and std.dev: (649.25, 580.24)
[M::mem_pestat] low and high boundaries for proper pairs: (1, 3587)
[M::mem_pestat] skip orientation FF
[M::mem_pestat] skip orientation RR
[M::mem_process_seqs] Processed 266668 reads in 202.400 CPU sec, 50.659 real sec
[M::process] read 266668 sequences (40000200 bp)...
[M::mem_pestat] # candidate unique pairs for (FF, FR, RF, RR): (19, 3785, 3, 9)
[M::mem_pestat] analyzing insert size distribution for orientation FF...
[M::mem_pestat] (25, 50, 75) percentile: (193, 250, 1059)
[M::mem_pestat] low and high boundaries for computing mean and std.dev: (1, 2791)
[M::mem_pestat] mean and std.dev: (378.25, 331.94)
[M::mem_pestat] low and high boundaries for proper pairs: (1, 3657)
[M::mem_pestat] analyzing insert size distribution for orientation FR...
[M::mem_pestat] (25, 50, 75) percentile: (303, 514, 540)
[M::mem_pestat] low and high boundaries for computing mean and std.dev: (1, 1014)
[M::mem_pestat] mean and std.dev: (432.88, 174.05)
[M::mem_pestat] low and high boundaries for proper pairs: (1, 1251)
[M::mem_pestat] skip orientation RF as there are not enough pairs
[M::mem_pestat] skip orientation RR as there are not enough pairs
[M::mem_pestat] skip orientation FF
[M::mem_process_seqs] Processed 266668 reads in 200.387 CPU sec, 50.141 real sec
[M::process] read 266668 sequences (40000200 bp)...
[M::mem_pestat] # candidate unique pairs for (FF, FR, RF, RR): (10, 3747, 2, 6)
[M::mem_pestat] analyzing insert size distribution for orientation FF...
[M::mem_pestat] (25, 50, 75) percentile: (107, 166, 521)
[M::mem_pestat] low and high boundaries for computing mean and std.dev: (1, 1349)
[M::mem_pestat] mean and std.dev: (184.62, 144.27)
[M::mem_pestat] low and high boundaries for proper pairs: (1, 1763)
[M::mem_pestat] analyzing insert size distribution for orientation FR...
[M::mem_pestat] (25, 50, 75) percentile: (286, 512, 540)
[M::mem_pestat] low and high boundaries for computing mean and std.dev: (1, 1048)
[M::mem_pestat] mean and std.dev: (429.93, 174.52)
[M::mem_pestat] low and high boundaries for proper pairs: (1, 1302)
[M::mem_pestat] skip orientation RF as there are not enough pairs
[M::mem_pestat] skip orientation RR as there are not enough pairs
[M::mem_pestat] skip orientation FF
[M::mem_process_seqs] Processed 266668 reads in 204.617 CPU sec, 51.212 real sec
[M::process] read 266668 sequences (40000200 bp)...
[M::mem_pestat] # candidate unique pairs for (FF, FR, RF, RR): (13, 3616, 2, 10)
[M::mem_pestat] analyzing insert size distribution for orientation FF...
[M::mem_pestat] (25, 50, 75) percentile: (70, 125, 267)
[M::mem_pestat] low and high boundaries for computing mean and std.dev: (1, 661)
[M::mem_pestat] mean and std.dev: (117.45, 78.02)
[M::mem_pestat] low and high boundaries for proper pairs: (1, 858)
[M::mem_pestat] analyzing insert size distribution for orientation FR...
[M::mem_pestat] (25, 50, 75) percentile: (291, 513, 541)
[M::mem_pestat] low and high boundaries for computing mean and std.dev: (1, 1041)
[M::mem_pestat] mean and std.dev: (429.91, 174.98)
[M::mem_pestat] low and high boundaries for proper pairs: (1, 1291)
[M::mem_pestat] skip orientation RF as there are not enough pairs
[M::mem_pestat] analyzing insert size distribution for orientation RR...
[M::mem_pestat] (25, 50, 75) percentile: (161, 556, 963)
[M::mem_pestat] low and high boundaries for computing mean and std.dev: (1, 2567)
[M::mem_pestat] mean and std.dev: (544.90, 428.58)
[M::mem_pestat] low and high boundaries for proper pairs: (1, 3369)
[M::mem_pestat] skip orientation FF
[M::mem_pestat] skip orientation RR
[M::mem_process_seqs] Processed 266668 reads in 209.758 CPU sec, 52.543 real sec
[M::process] read 266668 sequences (40000200 bp)...
[M::mem_pestat] # candidate unique pairs for (FF, FR, RF, RR): (17, 3908, 1, 14)
[M::mem_pestat] analyzing insert size distribution for orientation FF...
[M::mem_pestat] (25, 50, 75) percentile: (116, 171, 892)
[M::mem_pestat] low and high boundaries for computing mean and std.dev: (1, 2444)
[M::mem_pestat] mean and std.dev: (450.19, 525.56)
[M::mem_pestat] low and high boundaries for proper pairs: (1, 3220)
[M::mem_pestat] analyzing insert size distribution for orientation FR...
[M::mem_pestat] (25, 50, 75) percentile: (280, 513, 540)
[M::mem_pestat] low and high boundaries for computing mean and std.dev: (1, 1060)
[M::mem_pestat] mean and std.dev: (428.52, 174.97)
[M::mem_pestat] low and high boundaries for proper pairs: (1, 1320)
[M::mem_pestat] skip orientation RF as there are not enough pairs
[M::mem_pestat] analyzing insert size distribution for orientation RR...
[M::mem_pestat] (25, 50, 75) percentile: (165, 718, 1355)
[M::mem_pestat] low and high boundaries for computing mean and std.dev: (1, 3735)
[M::mem_pestat] mean and std.dev: (644.38, 501.97)
[M::mem_pestat] low and high boundaries for proper pairs: (1, 4925)
[M::mem_pestat] skip orientation FF
[M::mem_pestat] skip orientation RR
[M::mem_process_seqs] Processed 266668 reads in 208.317 CPU sec, 52.137 real sec
[M::process] read 266668 sequences (40000200 bp)...
[M::mem_pestat] # candidate unique pairs for (FF, FR, RF, RR): (16, 3734, 1, 12)
[M::mem_pestat] analyzing insert size distribution for orientation FF...
[M::mem_pestat] (25, 50, 75) percentile: (153, 180, 290)
[M::mem_pestat] low and high boundaries for computing mean and std.dev: (1, 564)
[M::mem_pestat] mean and std.dev: (167.15, 53.35)
[M::mem_pestat] low and high boundaries for proper pairs: (1, 701)
[M::mem_pestat] analyzing insert size distribution for orientation FR...
[M::mem_pestat] (25, 50, 75) percentile: (303, 514, 541)
[M::mem_pestat] low and high boundaries for computing mean and std.dev: (1, 1017)
[M::mem_pestat] mean and std.dev: (433.86, 173.93)
[M::mem_pestat] low and high boundaries for proper pairs: (1, 1255)
[M::mem_pestat] skip orientation RF as there are not enough pairs
[M::mem_pestat] analyzing insert size distribution for orientation RR...
[M::mem_pestat] (25, 50, 75) percentile: (212, 746, 1234)
[M::mem_pestat] low and high boundaries for computing mean and std.dev: (1, 3278)
[M::mem_pestat] mean and std.dev: (735.00, 742.89)
[M::mem_pestat] low and high boundaries for proper pairs: (1, 4300)
[M::mem_pestat] skip orientation FF
[M::mem_pestat] skip orientation RR
[M::mem_process_seqs] Processed 266668 reads in 204.290 CPU sec, 51.133 real sec
[M::process] read 266668 sequences (40000200 bp)...
[M::mem_pestat] # candidate unique pairs for (FF, FR, RF, RR): (13, 3673, 2, 12)
[M::mem_pestat] analyzing insert size distribution for orientation FF...
[M::mem_pestat] (25, 50, 75) percentile: (105, 168, 538)
[M::mem_pestat] low and high boundaries for computing mean and std.dev: (1, 1404)
[M::mem_pestat] mean and std.dev: (230.75, 183.70)
[M::mem_pestat] low and high boundaries for proper pairs: (1, 1837)
[M::mem_pestat] analyzing insert size distribution for orientation FR...
[M::mem_pestat] (25, 50, 75) percentile: (302, 513, 539)
[M::mem_pestat] low and high boundaries for computing mean and std.dev: (1, 1013)
[M::mem_pestat] mean and std.dev: (432.40, 173.35)
[M::mem_pestat] low and high boundaries for proper pairs: (1, 1250)
[M::mem_pestat] skip orientation RF as there are not enough pairs
[M::mem_pestat] analyzing insert size distribution for orientation RR...
[M::mem_pestat] (25, 50, 75) percentile: (201, 652, 990)
[M::mem_pestat] low and high boundaries for computing mean and std.dev: (1, 2568)
[M::mem_pestat] mean and std.dev: (609.00, 548.76)
[M::mem_pestat] low and high boundaries for proper pairs: (1, 3357)
[M::mem_pestat] skip orientation FF
[M::mem_pestat] skip orientation RR
[M::mem_process_seqs] Processed 266668 reads in 205.322 CPU sec, 51.389 real sec
[M::process] read 266668 sequences (40000200 bp)...
[M::mem_pestat] # candidate unique pairs for (FF, FR, RF, RR): (20, 3758, 2, 9)
[M::mem_pestat] analyzing insert size distribution for orientation FF...
[M::mem_pestat] (25, 50, 75) percentile: (115, 157, 226)
[M::mem_pestat] low and high boundaries for computing mean and std.dev: (1, 448)
[M::mem_pestat] mean and std.dev: (150.00, 55.04)
[M::mem_pestat] low and high boundaries for proper pairs: (1, 559)
[M::mem_pestat] analyzing insert size distribution for orientation FR...
[M::mem_pestat] (25, 50, 75) percentile: (292, 513, 540)
[M::mem_pestat] low and high boundaries for computing mean and std.dev: (1, 1036)
[M::mem_pestat] mean and std.dev: (431.26, 173.76)
[M::mem_pestat] low and high boundaries for proper pairs: (1, 1284)
[M::mem_pestat] skip orientation RF as there are not enough pairs
[M::mem_pestat] skip orientation RR as there are not enough pairs
[M::mem_pestat] skip orientation FF
[M::mem_process_seqs] Processed 266668 reads in 206.701 CPU sec, 51.944 real sec
[M::process] read 266668 sequences (40000200 bp)...
[M::mem_pestat] # candidate unique pairs for (FF, FR, RF, RR): (16, 3837, 3, 8)
[M::mem_pestat] analyzing insert size distribution for orientation FF...
[M::mem_pestat] (25, 50, 75) percentile: (82, 205, 431)
[M::mem_pestat] low and high boundaries for computing mean and std.dev: (1, 1129)
[M::mem_pestat] mean and std.dev: (192.86, 135.74)
[M::mem_pestat] low and high boundaries for proper pairs: (1, 1478)
[M::mem_pestat] analyzing insert size distribution for orientation FR...
[M::mem_pestat] (25, 50, 75) percentile: (317, 514, 542)
[M::mem_pestat] low and high boundaries for computing mean and std.dev: (1, 992)
[M::mem_pestat] mean and std.dev: (436.51, 171.56)
[M::mem_pestat] low and high boundaries for proper pairs: (1, 1217)
[M::mem_pestat] skip orientation RF as there are not enough pairs
[M::mem_pestat] skip orientation RR as there are not enough pairs
[M::mem_pestat] skip orientation FF
[M::mem_process_seqs] Processed 266668 reads in 202.199 CPU sec, 50.603 real sec
[M::process] read 266668 sequences (40000200 bp)...
[M::mem_pestat] # candidate unique pairs for (FF, FR, RF, RR): (16, 3813, 0, 10)
[M::mem_pestat] analyzing insert size distribution for orientation FF...
[M::mem_pestat] (25, 50, 75) percentile: (117, 1187, 2122)
[M::mem_pestat] low and high boundaries for computing mean and std.dev: (1, 6132)
[M::mem_pestat] mean and std.dev: (1340.00, 1613.64)
[M::mem_pestat] low and high boundaries for proper pairs: (1, 8137)
[M::mem_pestat] analyzing insert size distribution for orientation FR...
[M::mem_pestat] (25, 50, 75) percentile: (319, 514, 542)
[M::mem_pestat] low and high boundaries for computing mean and std.dev: (1, 988)
[M::mem_pestat] mean and std.dev: (435.62, 172.63)
[M::mem_pestat] low and high boundaries for proper pairs: (1, 1211)
[M::mem_pestat] skip orientation RF as there are not enough pairs
[M::mem_pestat] analyzing insert size distribution for orientation RR...
[M::mem_pestat] (25, 50, 75) percentile: (77, 524, 779)
[M::mem_pestat] low and high boundaries for computing mean and std.dev: (1, 2183)
[M::mem_pestat] mean and std.dev: (552.30, 570.64)
[M::mem_pestat] low and high boundaries for proper pairs: (1, 2885)
[M::mem_pestat] skip orientation FF
[M::mem_pestat] skip orientation RR
[M::mem_process_seqs] Processed 266668 reads in 202.230 CPU sec, 50.642 real sec
[M::process] read 266668 sequences (40000200 bp)...
[M::mem_pestat] # candidate unique pairs for (FF, FR, RF, RR): (15, 3827, 1, 12)
[M::mem_pestat] analyzing insert size distribution for orientation FF...
[M::mem_pestat] (25, 50, 75) percentile: (105, 258, 784)
[M::mem_pestat] low and high boundaries for computing mean and std.dev: (1, 2142)
[M::mem_pestat] mean and std.dev: (381.00, 380.30)
[M::mem_pestat] low and high boundaries for proper pairs: (1, 2821)
[M::mem_pestat] analyzing insert size distribution for orientation FR...
[M::mem_pestat] (25, 50, 75) percentile: (269, 513, 540)
[M::mem_pestat] low and high boundaries for computing mean and std.dev: (1, 1082)
[M::mem_pestat] mean and std.dev: (428.47, 175.65)
[M::mem_pestat] low and high boundaries for proper pairs: (1, 1353)
[M::mem_pestat] skip orientation RF as there are not enough pairs
[M::mem_pestat] analyzing insert size distribution for orientation RR...
[M::mem_pestat] (25, 50, 75) percentile: (106, 625, 4558)
[M::mem_pestat] low and high boundaries for computing mean and std.dev: (1, 13462)
[M::mem_pestat] mean and std.dev: (2152.67, 2754.01)
[M::mem_pestat] low and high boundaries for proper pairs: (1, 17914)
[M::mem_pestat] skip orientation FF
[M::mem_pestat] skip orientation RR
[M::mem_process_seqs] Processed 266668 reads in 209.592 CPU sec, 52.444 real sec
[M::process] read 266668 sequences (40000200 bp)...
[M::mem_pestat] # candidate unique pairs for (FF, FR, RF, RR): (18, 3834, 3, 8)
[M::mem_pestat] analyzing insert size distribution for orientation FF...
[M::mem_pestat] (25, 50, 75) percentile: (128, 219, 441)
[M::mem_pestat] low and high boundaries for computing mean and std.dev: (1, 1067)
[M::mem_pestat] mean and std.dev: (251.25, 191.10)
[M::mem_pestat] low and high boundaries for proper pairs: (1, 1380)
[M::mem_pestat] analyzing insert size distribution for orientation FR...
[M::mem_pestat] (25, 50, 75) percentile: (320, 514, 541)
[M::mem_pestat] low and high boundaries for computing mean and std.dev: (1, 983)
[M::mem_pestat] mean and std.dev: (435.49, 171.85)
[M::mem_pestat] low and high boundaries for proper pairs: (1, 1204)
[M::mem_pestat] skip orientation RF as there are not enough pairs
[M::mem_pestat] skip orientation RR as there are not enough pairs
[M::mem_pestat] skip orientation FF
[M::mem_process_seqs] Processed 266668 reads in 200.982 CPU sec, 50.322 real sec
[M::process] read 266668 sequences (40000200 bp)...
[M::mem_pestat] # candidate unique pairs for (FF, FR, RF, RR): (15, 3685, 6, 12)
[M::mem_pestat] analyzing insert size distribution for orientation FF...
[M::mem_pestat] (25, 50, 75) percentile: (179, 451, 860)
[M::mem_pestat] low and high boundaries for computing mean and std.dev: (1, 2222)
[M::mem_pestat] mean and std.dev: (623.87, 540.30)
[M::mem_pestat] low and high boundaries for proper pairs: (1, 2903)
[M::mem_pestat] analyzing insert size distribution for orientation FR...
[M::mem_pestat] (25, 50, 75) percentile: (278, 513, 540)
[M::mem_pestat] low and high boundaries for computing mean and std.dev: (1, 1064)
[M::mem_pestat] mean and std.dev: (429.41, 175.51)
[M::mem_pestat] low and high boundaries for proper pairs: (1, 1326)
[M::mem_pestat] skip orientation RF as there are not enough pairs
[M::mem_pestat] analyzing insert size distribution for orientation RR...
[M::mem_pestat] (25, 50, 75) percentile: (192, 1031, 2125)
[M::mem_pestat] low and high boundaries for computing mean and std.dev: (1, 5991)
[M::mem_pestat] mean and std.dev: (1341.42, 1433.28)
[M::mem_pestat] low and high boundaries for proper pairs: (1, 7924)
[M::mem_pestat] skip orientation FF
[M::mem_pestat] skip orientation RR
[M::mem_process_seqs] Processed 266668 reads in 204.367 CPU sec, 51.137 real sec
[M::process] read 266668 sequences (40000200 bp)...
[M::mem_pestat] # candidate unique pairs for (FF, FR, RF, RR): (19, 3811, 2, 6)
[M::mem_pestat] analyzing insert size distribution for orientation FF...
[M::mem_pestat] (25, 50, 75) percentile: (101, 177, 239)
[M::mem_pestat] low and high boundaries for computing mean and std.dev: (1, 515)
[M::mem_pestat] mean and std.dev: (149.31, 67.63)
[M::mem_pestat] low and high boundaries for proper pairs: (1, 653)
[M::mem_pestat] analyzing insert size distribution for orientation FR...
[M::mem_pestat] (25, 50, 75) percentile: (309, 513, 540)
[M::mem_pestat] low and high boundaries for computing mean and std.dev: (1, 1002)
[M::mem_pestat] mean and std.dev: (433.42, 172.46)
[M::mem_pestat] low and high boundaries for proper pairs: (1, 1233)
[M::mem_pestat] skip orientation RF as there are not enough pairs
[M::mem_pestat] skip orientation RR as there are not enough pairs
[M::mem_pestat] skip orientation FF
[M::mem_process_seqs] Processed 266668 reads in 202.264 CPU sec, 50.608 real sec
[M::process] read 266668 sequences (40000200 bp)...
[M::mem_pestat] # candidate unique pairs for (FF, FR, RF, RR): (15, 3682, 6, 15)
[M::mem_pestat] analyzing insert size distribution for orientation FF...
[M::mem_pestat] (25, 50, 75) percentile: (109, 189, 240)
[M::mem_pestat] low and high boundaries for computing mean and std.dev: (1, 502)
[M::mem_pestat] mean and std.dev: (172.00, 89.97)
[M::mem_pestat] low and high boundaries for proper pairs: (1, 633)
[M::mem_pestat] analyzing insert size distribution for orientation FR...
[M::mem_pestat] (25, 50, 75) percentile: (305, 513, 540)
[M::mem_pestat] low and high boundaries for computing mean and std.dev: (1, 1010)
[M::mem_pestat] mean and std.dev: (431.63, 173.59)
[M::mem_pestat] low and high boundaries for proper pairs: (1, 1245)
[M::mem_pestat] skip orientation RF as there are not enough pairs
[M::mem_pestat] analyzing insert size distribution for orientation RR...
[M::mem_pestat] (25, 50, 75) percentile: (150, 987, 1983)
[M::mem_pestat] low and high boundaries for computing mean and std.dev: (1, 5649)
[M::mem_pestat] mean and std.dev: (1103.93, 1052.96)
[M::mem_pestat] low and high boundaries for proper pairs: (1, 7482)
[M::mem_pestat] skip orientation FF
[M::mem_pestat] skip orientation RR
[M::mem_process_seqs] Processed 266668 reads in 204.357 CPU sec, 51.139 real sec
[M::process] read 266668 sequences (40000200 bp)...
[M::mem_pestat] # candidate unique pairs for (FF, FR, RF, RR): (18, 3744, 0, 12)
[M::mem_pestat] analyzing insert size distribution for orientation FF...
[M::mem_pestat] (25, 50, 75) percentile: (124, 240, 583)
[M::mem_pestat] low and high boundaries for computing mean and std.dev: (1, 1501)
[M::mem_pestat] mean and std.dev: (338.06, 362.88)
[M::mem_pestat] low and high boundaries for proper pairs: (1, 1960)
[M::mem_pestat] analyzing insert size distribution for orientation FR...
[M::mem_pestat] (25, 50, 75) percentile: (283, 513, 540)
[M::mem_pestat] low and high boundaries for computing mean and std.dev: (1, 1054)
[M::mem_pestat] mean and std.dev: (430.49, 174.64)
[M::mem_pestat] low and high boundaries for proper pairs: (1, 1311)
[M::mem_pestat] skip orientation RF as there are not enough pairs
[M::mem_pestat] analyzing insert size distribution for orientation RR...
[M::mem_pestat] (25, 50, 75) percentile: (106, 214, 1316)
[M::mem_pestat] low and high boundaries for computing mean and std.dev: (1, 3736)
[M::mem_pestat] mean and std.dev: (562.67, 639.35)
[M::mem_pestat] low and high boundaries for proper pairs: (1, 4946)
[M::mem_pestat] skip orientation FF
[M::mem_pestat] skip orientation RR
[M::mem_process_seqs] Processed 266668 reads in 209.857 CPU sec, 52.572 real sec
[M::process] read 266668 sequences (40000200 bp)...
[M::mem_pestat] # candidate unique pairs for (FF, FR, RF, RR): (9, 3793, 2, 8)
[M::mem_pestat] skip orientation FF as there are not enough pairs
[M::mem_pestat] analyzing insert size distribution for orientation FR...
[M::mem_pestat] (25, 50, 75) percentile: (318, 514, 539)
[M::mem_pestat] low and high boundaries for computing mean and std.dev: (1, 981)
[M::mem_pestat] mean and std.dev: (435.48, 170.74)
[M::mem_pestat] low and high boundaries for proper pairs: (1, 1202)
[M::mem_pestat] skip orientation RF as there are not enough pairs
[M::mem_pestat] skip orientation RR as there are not enough pairs
[M::mem_process_seqs] Processed 266668 reads in 201.770 CPU sec, 50.498 real sec
[M::process] read 266668 sequences (40000200 bp)...
[M::mem_pestat] # candidate unique pairs for (FF, FR, RF, RR): (13, 3694, 3, 5)
[M::mem_pestat] analyzing insert size distribution for orientation FF...
[M::mem_pestat] (25, 50, 75) percentile: (140, 272, 2307)
[M::mem_pestat] low and high boundaries for computing mean and std.dev: (1, 6641)
[M::mem_pestat] mean and std.dev: (871.92, 953.86)
[M::mem_pestat] low and high boundaries for proper pairs: (1, 8808)
[M::mem_pestat] analyzing insert size distribution for orientation FR...
[M::mem_pestat] (25, 50, 75) percentile: (295, 513, 537)
[M::mem_pestat] low and high boundaries for computing mean and std.dev: (1, 1021)
[M::mem_pestat] mean and std.dev: (429.86, 172.59)
[M::mem_pestat] low and high boundaries for proper pairs: (1, 1263)
[M::mem_pestat] skip orientation RF as there are not enough pairs
[M::mem_pestat] skip orientation RR as there are not enough pairs
[M::mem_pestat] skip orientation FF
[M::mem_process_seqs] Processed 266668 reads in 207.288 CPU sec, 51.876 real sec
[M::process] read 266668 sequences (40000200 bp)...
[M::mem_pestat] # candidate unique pairs for (FF, FR, RF, RR): (18, 3786, 0, 6)
[M::mem_pestat] analyzing insert size distribution for orientation FF...
[M::mem_pestat] (25, 50, 75) percentile: (76, 122, 175)
[M::mem_pestat] low and high boundaries for computing mean and std.dev: (1, 373)
[M::mem_pestat] mean and std.dev: (127.29, 57.99)
[M::mem_pestat] low and high boundaries for proper pairs: (1, 472)
[M::mem_pestat] analyzing insert size distribution for orientation FR...
[M::mem_pestat] (25, 50, 75) percentile: (269, 512, 539)
[M::mem_pestat] low and high boundaries for computing mean and std.dev: (1, 1079)
[M::mem_pestat] mean and std.dev: (425.97, 175.82)
[M::mem_pestat] low and high boundaries for proper pairs: (1, 1349)
[M::mem_pestat] skip orientation RF as there are not enough pairs
[M::mem_pestat] skip orientation RR as there are not enough pairs
[M::mem_pestat] skip orientation FF
[M::mem_process_seqs] Processed 266668 reads in 213.825 CPU sec, 53.523 real sec
[M::process] read 266668 sequences (40000200 bp)...
[M::mem_pestat] # candidate unique pairs for (FF, FR, RF, RR): (20, 3765, 3, 13)
[M::mem_pestat] analyzing insert size distribution for orientation FF...
[M::mem_pestat] (25, 50, 75) percentile: (118, 161, 255)
[M::mem_pestat] low and high boundaries for computing mean and std.dev: (1, 529)
[M::mem_pestat] mean and std.dev: (150.94, 65.49)
[M::mem_pestat] low and high boundaries for proper pairs: (1, 666)
[M::mem_pestat] analyzing insert size distribution for orientation FR...
[M::mem_pestat] (25, 50, 75) percentile: (323, 514, 540)
[M::mem_pestat] low and high boundaries for computing mean and std.dev: (1, 974)
[M::mem_pestat] mean and std.dev: (436.49, 170.90)
[M::mem_pestat] low and high boundaries for proper pairs: (1, 1191)
[M::mem_pestat] skip orientation RF as there are not enough pairs
[M::mem_pestat] analyzing insert size distribution for orientation RR...
[M::mem_pestat] (25, 50, 75) percentile: (197, 1430, 2160)
[M::mem_pestat] low and high boundaries for computing mean and std.dev: (1, 6086)
[M::mem_pestat] mean and std.dev: (1341.00, 975.64)
[M::mem_pestat] low and high boundaries for proper pairs: (1, 8049)
[M::mem_pestat] skip orientation FF
[M::mem_pestat] skip orientation RR
[M::mem_process_seqs] Processed 266668 reads in 202.305 CPU sec, 50.786 real sec
[M::process] read 266668 sequences (40000200 bp)...
[M::mem_pestat] # candidate unique pairs for (FF, FR, RF, RR): (14, 3737, 2, 9)
[M::mem_pestat] analyzing insert size distribution for orientation FF...
[M::mem_pestat] (25, 50, 75) percentile: (88, 142, 508)
[M::mem_pestat] low and high boundaries for computing mean and std.dev: (1, 1348)
[M::mem_pestat] mean and std.dev: (217.67, 259.17)
[M::mem_pestat] low and high boundaries for proper pairs: (1, 1768)
[M::mem_pestat] analyzing insert size distribution for orientation FR...
[M::mem_pestat] (25, 50, 75) percentile: (305, 513, 540)
[M::mem_pestat] low and high boundaries for computing mean and std.dev: (1, 1010)
[M::mem_pestat] mean and std.dev: (431.54, 172.06)
[M::mem_pestat] low and high boundaries for proper pairs: (1, 1245)
[M::mem_pestat] skip orientation RF as there are not enough pairs
[M::mem_pestat] skip orientation RR as there are not enough pairs
[M::mem_pestat] skip orientation FF
[M::mem_process_seqs] Processed 266668 reads in 201.333 CPU sec, 50.643 real sec
[M::process] read 266668 sequences (40000200 bp)...
[M::mem_pestat] # candidate unique pairs for (FF, FR, RF, RR): (17, 3771, 3, 10)
[M::mem_pestat] analyzing insert size distribution for orientation FF...
[M::mem_pestat] (25, 50, 75) percentile: (106, 197, 268)
[M::mem_pestat] low and high boundaries for computing mean and std.dev: (1, 592)
[M::mem_pestat] mean and std.dev: (217.12, 129.28)
[M::mem_pestat] low and high boundaries for proper pairs: (1, 754)
[M::mem_pestat] analyzing insert size distribution for orientation FR...
[M::mem_pestat] (25, 50, 75) percentile: (288, 514, 540)
[M::mem_pestat] low and high boundaries for computing mean and std.dev: (1, 1044)
[M::mem_pestat] mean and std.dev: (432.83, 173.34)
[M::mem_pestat] low and high boundaries for proper pairs: (1, 1296)
[M::mem_pestat] skip orientation RF as there are not enough pairs
[M::mem_pestat] analyzing insert size distribution for orientation RR...
[M::mem_pestat] (25, 50, 75) percentile: (122, 220, 485)
[M::mem_pestat] low and high boundaries for computing mean and std.dev: (1, 1211)
[M::mem_pestat] mean and std.dev: (318.00, 240.05)
[M::mem_pestat] low and high boundaries for proper pairs: (1, 1574)
[M::mem_pestat] skip orientation FF
[M::mem_pestat] skip orientation RR
[M::mem_process_seqs] Processed 266668 reads in 205.356 CPU sec, 51.388 real sec
[M::process] read 266668 sequences (40000200 bp)...
[M::mem_pestat] # candidate unique pairs for (FF, FR, RF, RR): (13, 3736, 1, 11)
[M::mem_pestat] analyzing insert size distribution for orientation FF...
[M::mem_pestat] (25, 50, 75) percentile: (143, 186, 699)
[M::mem_pestat] low and high boundaries for computing mean and std.dev: (1, 1811)
[M::mem_pestat] mean and std.dev: (401.46, 450.26)
[M::mem_pestat] low and high boundaries for proper pairs: (1, 2367)
[M::mem_pestat] analyzing insert size distribution for orientation FR...
[M::mem_pestat] (25, 50, 75) percentile: (310, 514, 540)
[M::mem_pestat] low and high boundaries for computing mean and std.dev: (1, 1000)
[M::mem_pestat] mean and std.dev: (435.67, 172.46)
[M::mem_pestat] low and high boundaries for proper pairs: (1, 1230)
[M::mem_pestat] skip orientation RF as there are not enough pairs
[M::mem_pestat] analyzing insert size distribution for orientation RR...
[M::mem_pestat] (25, 50, 75) percentile: (103, 176, 1264)
[M::mem_pestat] low and high boundaries for computing mean and std.dev: (1, 3586)
[M::mem_pestat] mean and std.dev: (586.90, 603.30)
[M::mem_pestat] low and high boundaries for proper pairs: (1, 4747)
[M::mem_pestat] skip orientation FF
[M::mem_pestat] skip orientation RR
[M::mem_process_seqs] Processed 266668 reads in 202.770 CPU sec, 50.780 real sec
[M::process] read 266668 sequences (40000200 bp)...
[M::mem_pestat] # candidate unique pairs for (FF, FR, RF, RR): (13, 3787, 3, 8)
[M::mem_pestat] analyzing insert size distribution for orientation FF...
[M::mem_pestat] (25, 50, 75) percentile: (64, 89, 124)
[M::mem_pestat] low and high boundaries for computing mean and std.dev: (1, 244)
[M::mem_pestat] mean and std.dev: (101.00, 46.15)
[M::mem_pestat] low and high boundaries for proper pairs: (1, 304)
[M::mem_pestat] analyzing insert size distribution for orientation FR...
[M::mem_pestat] (25, 50, 75) percentile: (302, 513, 539)
[M::mem_pestat] low and high boundaries for computing mean and std.dev: (1, 1013)
[M::mem_pestat] mean and std.dev: (432.48, 172.29)
[M::mem_pestat] low and high boundaries for proper pairs: (1, 1250)
[M::mem_pestat] skip orientation RF as there are not enough pairs
[M::mem_pestat] skip orientation RR as there are not enough pairs
[M::mem_pestat] skip orientation FF
[M::mem_process_seqs] Processed 266668 reads in 202.594 CPU sec, 50.711 real sec
[M::process] read 266668 sequences (40000200 bp)...
[M::mem_pestat] # candidate unique pairs for (FF, FR, RF, RR): (23, 3785, 2, 9)
[M::mem_pestat] analyzing insert size distribution for orientation FF...
[M::mem_pestat] (25, 50, 75) percentile: (171, 248, 976)
[M::mem_pestat] low and high boundaries for computing mean and std.dev: (1, 2586)
[M::mem_pestat] mean and std.dev: (550.00, 575.00)
[M::mem_pestat] low and high boundaries for proper pairs: (1, 3391)
[M::mem_pestat] analyzing insert size distribution for orientation FR...
[M::mem_pestat] (25, 50, 75) percentile: (317, 513, 540)
[M::mem_pestat] low and high boundaries for computing mean and std.dev: (1, 986)
[M::mem_pestat] mean and std.dev: (434.53, 172.04)
[M::mem_pestat] low and high boundaries for proper pairs: (1, 1209)
[M::mem_pestat] skip orientation RF as there are not enough pairs
[M::mem_pestat] skip orientation RR as there are not enough pairs
[M::mem_pestat] skip orientation FF
[M::mem_process_seqs] Processed 266668 reads in 201.756 CPU sec, 50.627 real sec
[M::process] read 266668 sequences (40000200 bp)...
[M::mem_pestat] # candidate unique pairs for (FF, FR, RF, RR): (16, 3625, 3, 8)
[M::mem_pestat] analyzing insert size distribution for orientation FF...
[M::mem_pestat] (25, 50, 75) percentile: (144, 230, 807)
[M::mem_pestat] low and high boundaries for computing mean and std.dev: (1, 2133)
[M::mem_pestat] mean and std.dev: (290.93, 253.29)
[M::mem_pestat] low and high boundaries for proper pairs: (1, 2796)
[M::mem_pestat] analyzing insert size distribution for orientation FR...
[M::mem_pestat] (25, 50, 75) percentile: (300, 513, 539)
[M::mem_pestat] low and high boundaries for computing mean and std.dev: (1, 1017)
[M::mem_pestat] mean and std.dev: (432.89, 173.02)
[M::mem_pestat] low and high boundaries for proper pairs: (1, 1256)
[M::mem_pestat] skip orientation RF as there are not enough pairs
[M::mem_pestat] skip orientation RR as there are not enough pairs
[M::mem_pestat] skip orientation FF
[M::mem_process_seqs] Processed 266668 reads in 203.622 CPU sec, 50.957 real sec
[M::process] read 266668 sequences (40000200 bp)...
[M::mem_pestat] # candidate unique pairs for (FF, FR, RF, RR): (9, 3855, 2, 16)
[M::mem_pestat] skip orientation FF as there are not enough pairs
[M::mem_pestat] analyzing insert size distribution for orientation FR...
[M::mem_pestat] (25, 50, 75) percentile: (309, 513, 541)
[M::mem_pestat] low and high boundaries for computing mean and std.dev: (1, 1005)
[M::mem_pestat] mean and std.dev: (434.64, 172.30)
[M::mem_pestat] low and high boundaries for proper pairs: (1, 1237)
[M::mem_pestat] skip orientation RF as there are not enough pairs
[M::mem_pestat] analyzing insert size distribution for orientation RR...
[M::mem_pestat] (25, 50, 75) percentile: (155, 1056, 1830)
[M::mem_pestat] low and high boundaries for computing mean and std.dev: (1, 5180)
[M::mem_pestat] mean and std.dev: (894.12, 819.57)
[M::mem_pestat] low and high boundaries for proper pairs: (1, 6855)
[M::mem_pestat] skip orientation RR
[M::mem_process_seqs] Processed 266668 reads in 202.996 CPU sec, 50.909 real sec
[M::process] read 266668 sequences (40000200 bp)...
[M::mem_pestat] # candidate unique pairs for (FF, FR, RF, RR): (17, 3703, 2, 9)
[M::mem_pestat] analyzing insert size distribution for orientation FF...
[M::mem_pestat] (25, 50, 75) percentile: (129, 176, 928)
[M::mem_pestat] low and high boundaries for computing mean and std.dev: (1, 2526)
[M::mem_pestat] mean and std.dev: (492.71, 546.14)
[M::mem_pestat] low and high boundaries for proper pairs: (1, 3325)
[M::mem_pestat] analyzing insert size distribution for orientation FR...
[M::mem_pestat] (25, 50, 75) percentile: (321, 514, 542)
[M::mem_pestat] low and high boundaries for computing mean and std.dev: (1, 984)
[M::mem_pestat] mean and std.dev: (435.08, 172.53)
[M::mem_pestat] low and high boundaries for proper pairs: (1, 1205)
[M::mem_pestat] skip orientation RF as there are not enough pairs
[M::mem_pestat] skip orientation RR as there are not enough pairs
[M::mem_pestat] skip orientation FF
[M::mem_process_seqs] Processed 266668 reads in 201.445 CPU sec, 50.426 real sec
[M::process] read 266668 sequences (40000200 bp)...
[M::mem_pestat] # candidate unique pairs for (FF, FR, RF, RR): (16, 3857, 2, 13)
[M::mem_pestat] analyzing insert size distribution for orientation FF...
[M::mem_pestat] (25, 50, 75) percentile: (109, 148, 580)
[M::mem_pestat] low and high boundaries for computing mean and std.dev: (1, 1522)
[M::mem_pestat] mean and std.dev: (275.33, 315.54)
[M::mem_pestat] low and high boundaries for proper pairs: (1, 1993)
[M::mem_pestat] analyzing insert size distribution for orientation FR...
[M::mem_pestat] (25, 50, 75) percentile: (320, 513, 541)
[M::mem_pestat] low and high boundaries for computing mean and std.dev: (1, 983)
[M::mem_pestat] mean and std.dev: (435.93, 172.12)
[M::mem_pestat] low and high boundaries for proper pairs: (1, 1204)
[M::mem_pestat] skip orientation RF as there are not enough pairs
[M::mem_pestat] analyzing insert size distribution for orientation RR...
[M::mem_pestat] (25, 50, 75) percentile: (135, 172, 2101)
[M::mem_pestat] low and high boundaries for computing mean and std.dev: (1, 6033)
[M::mem_pestat] mean and std.dev: (882.31, 895.07)
[M::mem_pestat] low and high boundaries for proper pairs: (1, 7999)
[M::mem_pestat] skip orientation FF
[M::mem_pestat] skip orientation RR
[M::mem_process_seqs] Processed 266668 reads in 200.951 CPU sec, 50.303 real sec
[M::process] read 266668 sequences (40000200 bp)...
[M::mem_pestat] # candidate unique pairs for (FF, FR, RF, RR): (18, 3741, 2, 7)
[M::mem_pestat] analyzing insert size distribution for orientation FF...
[M::mem_pestat] (25, 50, 75) percentile: (110, 210, 887)
[M::mem_pestat] low and high boundaries for computing mean and std.dev: (1, 2441)
[M::mem_pestat] mean and std.dev: (284.87, 281.24)
[M::mem_pestat] low and high boundaries for proper pairs: (1, 3218)
[M::mem_pestat] analyzing insert size distribution for orientation FR...
[M::mem_pestat] (25, 50, 75) percentile: (329, 515, 541)
[M::mem_pestat] low and high boundaries for computing mean and std.dev: (1, 965)
[M::mem_pestat] mean and std.dev: (437.08, 170.65)
[M::mem_pestat] low and high boundaries for proper pairs: (1, 1177)
[M::mem_pestat] skip orientation RF as there are not enough pairs
[M::mem_pestat] skip orientation RR as there are not enough pairs
[M::mem_pestat] skip orientation FF
[M::mem_process_seqs] Processed 266668 reads in 200.968 CPU sec, 50.324 real sec
[M::process] read 266668 sequences (40000200 bp)...
[M::mem_pestat] # candidate unique pairs for (FF, FR, RF, RR): (15, 3723, 0, 9)
[M::mem_pestat] analyzing insert size distribution for orientation FF...
[M::mem_pestat] (25, 50, 75) percentile: (124, 171, 381)
[M::mem_pestat] low and high boundaries for computing mean and std.dev: (1, 895)
[M::mem_pestat] mean and std.dev: (217.92, 191.93)
[M::mem_pestat] low and high boundaries for proper pairs: (1, 1152)
[M::mem_pestat] analyzing insert size distribution for orientation FR...
[M::mem_pestat] (25, 50, 75) percentile: (327, 513, 541)
[M::mem_pestat] low and high boundaries for computing mean and std.dev: (1, 969)
[M::mem_pestat] mean and std.dev: (436.74, 171.57)
[M::mem_pestat] low and high boundaries for proper pairs: (1, 1183)
[M::mem_pestat] skip orientation RF as there are not enough pairs
[M::mem_pestat] skip orientation RR as there are not enough pairs
[M::mem_pestat] skip orientation FF
[M::mem_process_seqs] Processed 266668 reads in 199.664 CPU sec, 49.970 real sec
[M::process] read 266668 sequences (40000200 bp)...
[M::mem_pestat] # candidate unique pairs for (FF, FR, RF, RR): (9, 3776, 5, 11)
[M::mem_pestat] skip orientation FF as there are not enough pairs
[M::mem_pestat] analyzing insert size distribution for orientation FR...
[M::mem_pestat] (25, 50, 75) percentile: (320, 515, 540)
[M::mem_pestat] low and high boundaries for computing mean and std.dev: (1, 980)
[M::mem_pestat] mean and std.dev: (435.85, 172.55)
[M::mem_pestat] low and high boundaries for proper pairs: (1, 1200)
[M::mem_pestat] skip orientation RF as there are not enough pairs
[M::mem_pestat] analyzing insert size distribution for orientation RR...
[M::mem_pestat] (25, 50, 75) percentile: (784, 897, 1423)
[M::mem_pestat] low and high boundaries for computing mean and std.dev: (1, 2701)
[M::mem_pestat] mean and std.dev: (973.30, 451.23)
[M::mem_pestat] low and high boundaries for proper pairs: (1, 3340)
[M::mem_pestat] skip orientation RR
[M::mem_process_seqs] Processed 266668 reads in 198.583 CPU sec, 49.780 real sec
[M::process] read 266668 sequences (40000200 bp)...
[M::mem_pestat] # candidate unique pairs for (FF, FR, RF, RR): (20, 3932, 2, 15)
[M::mem_pestat] analyzing insert size distribution for orientation FF...
[M::mem_pestat] (25, 50, 75) percentile: (154, 248, 707)
[M::mem_pestat] low and high boundaries for computing mean and std.dev: (1, 1813)
[M::mem_pestat] mean and std.dev: (429.68, 447.00)
[M::mem_pestat] low and high boundaries for proper pairs: (1, 2366)
[M::mem_pestat] analyzing insert size distribution for orientation FR...
[M::mem_pestat] (25, 50, 75) percentile: (299, 513, 541)
[M::mem_pestat] low and high boundaries for computing mean and std.dev: (1, 1025)
[M::mem_pestat] mean and std.dev: (433.16, 174.03)
[M::mem_pestat] low and high boundaries for proper pairs: (1, 1267)
[M::mem_pestat] skip orientation RF as there are not enough pairs
[M::mem_pestat] analyzing insert size distribution for orientation RR...
[M::mem_pestat] (25, 50, 75) percentile: (150, 214, 1068)
[M::mem_pestat] low and high boundaries for computing mean and std.dev: (1, 2904)
[M::mem_pestat] mean and std.dev: (560.40, 551.98)
[M::mem_pestat] low and high boundaries for proper pairs: (1, 3822)
[M::mem_pestat] skip orientation FF
[M::mem_pestat] skip orientation RR
[M::mem_process_seqs] Processed 266668 reads in 208.120 CPU sec, 52.081 real sec
[M::process] read 266668 sequences (40000200 bp)...
[M::mem_pestat] # candidate unique pairs for (FF, FR, RF, RR): (19, 3816, 1, 10)
[M::mem_pestat] analyzing insert size distribution for orientation FF...
[M::mem_pestat] (25, 50, 75) percentile: (128, 236, 867)
[M::mem_pestat] low and high boundaries for computing mean and std.dev: (1, 2345)
[M::mem_pestat] mean and std.dev: (583.16, 664.19)
[M::mem_pestat] low and high boundaries for proper pairs: (1, 3240)
[M::mem_pestat] analyzing insert size distribution for orientation FR...
[M::mem_pestat] (25, 50, 75) percentile: (306, 513, 542)
[M::mem_pestat] low and high boundaries for computing mean and std.dev: (1, 1014)
[M::mem_pestat] mean and std.dev: (434.35, 173.83)
[M::mem_pestat] low and high boundaries for proper pairs: (1, 1250)
[M::mem_pestat] skip orientation RF as there are not enough pairs
[M::mem_pestat] analyzing insert size distribution for orientation RR...
[M::mem_pestat] (25, 50, 75) percentile: (261, 1261, 2042)
[M::mem_pestat] low and high boundaries for computing mean and std.dev: (1, 5604)
[M::mem_pestat] mean and std.dev: (1202.80, 852.93)
[M::mem_pestat] low and high boundaries for proper pairs: (1, 7385)
[M::mem_pestat] skip orientation FF
[M::mem_pestat] skip orientation RR
[M::mem_process_seqs] Processed 266668 reads in 203.570 CPU sec, 50.958 real sec
[M::process] read 266668 sequences (40000200 bp)...
[M::mem_pestat] # candidate unique pairs for (FF, FR, RF, RR): (20, 3879, 0, 10)
[M::mem_pestat] analyzing insert size distribution for orientation FF...
[M::mem_pestat] (25, 50, 75) percentile: (110, 174, 276)
[M::mem_pestat] low and high boundaries for computing mean and std.dev: (1, 608)
[M::mem_pestat] mean and std.dev: (157.59, 82.75)
[M::mem_pestat] low and high boundaries for proper pairs: (1, 774)
[M::mem_pestat] analyzing insert size distribution for orientation FR...
[M::mem_pestat] (25, 50, 75) percentile: (288, 512, 538)
[M::mem_pestat] low and high boundaries for computing mean and std.dev: (1, 1038)
[M::mem_pestat] mean and std.dev: (430.70, 172.22)
[M::mem_pestat] low and high boundaries for proper pairs: (1, 1288)
[M::mem_pestat] skip orientation RF as there are not enough pairs
[M::mem_pestat] analyzing insert size distribution for orientation RR...
[M::mem_pestat] (25, 50, 75) percentile: (67, 89, 172)
[M::mem_pestat] low and high boundaries for computing mean and std.dev: (1, 382)
[M::mem_pestat] mean and std.dev: (95.00, 47.45)
[M::mem_pestat] low and high boundaries for proper pairs: (1, 487)
[M::mem_pestat] skip orientation FF
[M::mem_pestat] skip orientation RR
[M::mem_process_seqs] Processed 266668 reads in 203.215 CPU sec, 50.854 real sec
[M::process] read 266668 sequences (40000200 bp)...
[M::mem_pestat] # candidate unique pairs for (FF, FR, RF, RR): (13, 3822, 4, 6)
[M::mem_pestat] analyzing insert size distribution for orientation FF...
[M::mem_pestat] (25, 50, 75) percentile: (110, 195, 1529)
[M::mem_pestat] low and high boundaries for computing mean and std.dev: (1, 4367)
[M::mem_pestat] mean and std.dev: (646.46, 1007.65)
[M::mem_pestat] low and high boundaries for proper pairs: (1, 5786)
[M::mem_pestat] analyzing insert size distribution for orientation FR...
[M::mem_pestat] (25, 50, 75) percentile: (279, 513, 540)
[M::mem_pestat] low and high boundaries for computing mean and std.dev: (1, 1062)
[M::mem_pestat] mean and std.dev: (429.23, 175.03)
[M::mem_pestat] low and high boundaries for proper pairs: (1, 1323)
[M::mem_pestat] skip orientation RF as there are not enough pairs
[M::mem_pestat] skip orientation RR as there are not enough pairs
[M::mem_pestat] skip orientation FF
[M::mem_process_seqs] Processed 266668 reads in 210.938 CPU sec, 52.852 real sec
[M::process] read 137666 sequences (20649900 bp)...
[M::mem_pestat] # candidate unique pairs for (FF, FR, RF, RR): (12, 3822, 0, 14)
[M::mem_pestat] analyzing insert size distribution for orientation FF...
[M::mem_pestat] (25, 50, 75) percentile: (119, 159, 267)
[M::mem_pestat] low and high boundaries for computing mean and std.dev: (1, 563)
[M::mem_pestat] mean and std.dev: (178.45, 108.03)
[M::mem_pestat] low and high boundaries for proper pairs: (1, 711)
[M::mem_pestat] analyzing insert size distribution for orientation FR...
[M::mem_pestat] (25, 50, 75) percentile: (280, 512, 539)
[M::mem_pestat] low and high boundaries for computing mean and std.dev: (1, 1057)
[M::mem_pestat] mean and std.dev: (428.38, 174.30)
[M::mem_pestat] low and high boundaries for proper pairs: (1, 1316)
[M::mem_pestat] skip orientation RF as there are not enough pairs
[M::mem_pestat] analyzing insert size distribution for orientation RR...
[M::mem_pestat] (25, 50, 75) percentile: (71, 160, 820)
[M::mem_pestat] low and high boundaries for computing mean and std.dev: (1, 2318)
[M::mem_pestat] mean and std.dev: (320.25, 438.93)
[M::mem_pestat] low and high boundaries for proper pairs: (1, 3067)
[M::mem_pestat] skip orientation FF
[M::mem_pestat] skip orientation RR
[M::mem_process_seqs] Processed 266668 reads in 208.318 CPU sec, 52.143 real sec
[M::mem_pestat] # candidate unique pairs for (FF, FR, RF, RR): (8, 1965, 1, 13)
[M::mem_pestat] skip orientation FF as there are not enough pairs
[M::mem_pestat] analyzing insert size distribution for orientation FR...
[M::mem_pestat] (25, 50, 75) percentile: (299, 513, 538)
[M::mem_pestat] low and high boundaries for computing mean and std.dev: (1, 1016)
[M::mem_pestat] mean and std.dev: (431.70, 171.43)
[M::mem_pestat] low and high boundaries for proper pairs: (1, 1255)
[M::mem_pestat] skip orientation RF as there are not enough pairs
[M::mem_pestat] analyzing insert size distribution for orientation RR...
[M::mem_pestat] (25, 50, 75) percentile: (187, 328, 976)
[M::mem_pestat] low and high boundaries for computing mean and std.dev: (1, 2554)
[M::mem_pestat] mean and std.dev: (524.33, 439.42)
[M::mem_pestat] low and high boundaries for proper pairs: (1, 3343)
[M::mem_pestat] skip orientation RR
[M::mem_process_seqs] Processed 137666 reads in 108.107 CPU sec, 27.085 real sec
[main] Version: 0.7.17-r1188
[main] CMD: bwa mem -t 4 -a /mnt/raid6/bacphagenetwork/data/bwa_index/chm13v2.0_noY.fa /mnt/raid6/bacphagenetwork/data/skin_metagenome/Beijing/02_rm_host/BJ161_1.fastq.gz /mnt/raid6/bacphagenetwork/data/skin_metagenome/Beijing/02_rm_host/BJ161_2.fastq.gz
[main] Real time: 3918.399 sec; CPU: 15632.620 sec
