/home/bacphagenetwork/.bashrc: line 15: Custom: command not found
[M::bwa_idx_load_from_disk] read 0 ALT contigs
[M::process] read 266668 sequences (40000200 bp)...
[M::process] read 266668 sequences (40000200 bp)...
[M::mem_pestat] # candidate unique pairs for (FF, FR, RF, RR): (5, 2169, 4, 4)
[M::mem_pestat] skip orientation FF as there are not enough pairs
[M::mem_pestat] analyzing insert size distribution for orientation FR...
[M::mem_pestat] (25, 50, 75) percentile: (143, 269, 507)
[M::mem_pestat] low and high boundaries for computing mean and std.dev: (1, 1235)
[M::mem_pestat] mean and std.dev: (305.80, 171.68)
[M::mem_pestat] low and high boundaries for proper pairs: (1, 1599)
[M::mem_pestat] skip orientation RF as there are not enough pairs
[M::mem_pestat] skip orientation RR as there are not enough pairs
[M::mem_process_seqs] Processed 266668 reads in 205.173 CPU sec, 51.440 real sec
[M::process] read 266668 sequences (40000200 bp)...
[M::mem_pestat] # candidate unique pairs for (FF, FR, RF, RR): (5, 2237, 5, 7)
[M::mem_pestat] skip orientation FF as there are not enough pairs
[M::mem_pestat] analyzing insert size distribution for orientation FR...
[M::mem_pestat] (25, 50, 75) percentile: (143, 261, 506)
[M::mem_pestat] low and high boundaries for computing mean and std.dev: (1, 1232)
[M::mem_pestat] mean and std.dev: (302.78, 169.41)
[M::mem_pestat] low and high boundaries for proper pairs: (1, 1595)
[M::mem_pestat] skip orientation RF as there are not enough pairs
[M::mem_pestat] skip orientation RR as there are not enough pairs
[M::mem_process_seqs] Processed 266668 reads in 211.930 CPU sec, 53.075 real sec
[M::process] read 266668 sequences (40000200 bp)...
[M::mem_pestat] # candidate unique pairs for (FF, FR, RF, RR): (9, 2202, 0, 2)
[M::mem_pestat] skip orientation FF as there are not enough pairs
[M::mem_pestat] analyzing insert size distribution for orientation FR...
[M::mem_pestat] (25, 50, 75) percentile: (143, 248, 504)
[M::mem_pestat] low and high boundaries for computing mean and std.dev: (1, 1226)
[M::mem_pestat] mean and std.dev: (296.45, 170.96)
[M::mem_pestat] low and high boundaries for proper pairs: (1, 1587)
[M::mem_pestat] skip orientation RF as there are not enough pairs
[M::mem_pestat] skip orientation RR as there are not enough pairs
[M::mem_process_seqs] Processed 266668 reads in 203.574 CPU sec, 50.958 real sec
[M::process] read 266668 sequences (40000200 bp)...
[M::mem_pestat] # candidate unique pairs for (FF, FR, RF, RR): (6, 2144, 2, 6)
[M::mem_pestat] skip orientation FF as there are not enough pairs
[M::mem_pestat] analyzing insert size distribution for orientation FR...
[M::mem_pestat] (25, 50, 75) percentile: (144, 266, 507)
[M::mem_pestat] low and high boundaries for computing mean and std.dev: (1, 1233)
[M::mem_pestat] mean and std.dev: (302.83, 169.99)
[M::mem_pestat] low and high boundaries for proper pairs: (1, 1596)
[M::mem_pestat] skip orientation RF as there are not enough pairs
[M::mem_pestat] skip orientation RR as there are not enough pairs
[M::mem_process_seqs] Processed 266668 reads in 209.104 CPU sec, 52.326 real sec
[M::process] read 266668 sequences (40000200 bp)...
[M::mem_pestat] # candidate unique pairs for (FF, FR, RF, RR): (8, 2113, 2, 4)
[M::mem_pestat] skip orientation FF as there are not enough pairs
[M::mem_pestat] analyzing insert size distribution for orientation FR...
[M::mem_pestat] (25, 50, 75) percentile: (144, 268, 507)
[M::mem_pestat] low and high boundaries for computing mean and std.dev: (1, 1233)
[M::mem_pestat] mean and std.dev: (306.61, 171.30)
[M::mem_pestat] low and high boundaries for proper pairs: (1, 1596)
[M::mem_pestat] skip orientation RF as there are not enough pairs
[M::mem_pestat] skip orientation RR as there are not enough pairs
[M::mem_process_seqs] Processed 266668 reads in 204.341 CPU sec, 51.133 real sec
[M::process] read 266668 sequences (40000200 bp)...
[M::mem_pestat] # candidate unique pairs for (FF, FR, RF, RR): (12, 2141, 3, 4)
[M::mem_pestat] analyzing insert size distribution for orientation FF...
[M::mem_pestat] (25, 50, 75) percentile: (113, 145, 302)
[M::mem_pestat] low and high boundaries for computing mean and std.dev: (1, 680)
[M::mem_pestat] mean and std.dev: (133.40, 69.66)
[M::mem_pestat] low and high boundaries for proper pairs: (1, 869)
[M::mem_pestat] analyzing insert size distribution for orientation FR...
[M::mem_pestat] (25, 50, 75) percentile: (143, 255, 504)
[M::mem_pestat] low and high boundaries for computing mean and std.dev: (1, 1226)
[M::mem_pestat] mean and std.dev: (296.73, 167.57)
[M::mem_pestat] low and high boundaries for proper pairs: (1, 1587)
[M::mem_pestat] skip orientation RF as there are not enough pairs
[M::mem_pestat] skip orientation RR as there are not enough pairs
[M::mem_pestat] skip orientation FF
[M::mem_process_seqs] Processed 266668 reads in 209.629 CPU sec, 52.468 real sec
[M::process] read 266668 sequences (40000200 bp)...
[M::mem_pestat] # candidate unique pairs for (FF, FR, RF, RR): (10, 2150, 1, 9)
[M::mem_pestat] analyzing insert size distribution for orientation FF...
[M::mem_pestat] (25, 50, 75) percentile: (162, 290, 1081)
[M::mem_pestat] low and high boundaries for computing mean and std.dev: (1, 2919)
[M::mem_pestat] mean and std.dev: (438.11, 424.90)
[M::mem_pestat] low and high boundaries for proper pairs: (1, 3838)
[M::mem_pestat] analyzing insert size distribution for orientation FR...
[M::mem_pestat] (25, 50, 75) percentile: (144, 261, 506)
[M::mem_pestat] low and high boundaries for computing mean and std.dev: (1, 1230)
[M::mem_pestat] mean and std.dev: (303.01, 169.62)
[M::mem_pestat] low and high boundaries for proper pairs: (1, 1592)
[M::mem_pestat] skip orientation RF as there are not enough pairs
[M::mem_pestat] skip orientation RR as there are not enough pairs
[M::mem_pestat] skip orientation FF
[M::mem_process_seqs] Processed 266668 reads in 207.323 CPU sec, 51.888 real sec
[M::process] read 266668 sequences (40000200 bp)...
[M::mem_pestat] # candidate unique pairs for (FF, FR, RF, RR): (9, 2136, 3, 4)
[M::mem_pestat] skip orientation FF as there are not enough pairs
[M::mem_pestat] analyzing insert size distribution for orientation FR...
[M::mem_pestat] (25, 50, 75) percentile: (143, 264, 505)
[M::mem_pestat] low and high boundaries for computing mean and std.dev: (1, 1229)
[M::mem_pestat] mean and std.dev: (302.06, 170.99)
[M::mem_pestat] low and high boundaries for proper pairs: (1, 1591)
[M::mem_pestat] skip orientation RF as there are not enough pairs
[M::mem_pestat] skip orientation RR as there are not enough pairs
[M::mem_process_seqs] Processed 266668 reads in 209.002 CPU sec, 52.557 real sec
[M::process] read 266668 sequences (40000200 bp)...
[M::mem_pestat] # candidate unique pairs for (FF, FR, RF, RR): (8, 2147, 3, 11)
[M::mem_pestat] skip orientation FF as there are not enough pairs
[M::mem_pestat] analyzing insert size distribution for orientation FR...
[M::mem_pestat] (25, 50, 75) percentile: (142, 255, 507)
[M::mem_pestat] low and high boundaries for computing mean and std.dev: (1, 1237)
[M::mem_pestat] mean and std.dev: (300.69, 173.96)
[M::mem_pestat] low and high boundaries for proper pairs: (1, 1602)
[M::mem_pestat] skip orientation RF as there are not enough pairs
[M::mem_pestat] analyzing insert size distribution for orientation RR...
[M::mem_pestat] (25, 50, 75) percentile: (154, 198, 256)
[M::mem_pestat] low and high boundaries for computing mean and std.dev: (1, 460)
[M::mem_pestat] mean and std.dev: (188.18, 71.73)
[M::mem_pestat] low and high boundaries for proper pairs: (1, 562)
[M::mem_pestat] skip orientation RR
[M::mem_process_seqs] Processed 266668 reads in 204.704 CPU sec, 51.233 real sec
[M::process] read 266668 sequences (40000200 bp)...
[M::mem_pestat] # candidate unique pairs for (FF, FR, RF, RR): (15, 2147, 1, 3)
[M::mem_pestat] analyzing insert size distribution for orientation FF...
[M::mem_pestat] (25, 50, 75) percentile: (174, 181, 375)
[M::mem_pestat] low and high boundaries for computing mean and std.dev: (1, 777)
[M::mem_pestat] mean and std.dev: (181.25, 73.31)
[M::mem_pestat] low and high boundaries for proper pairs: (1, 978)
[M::mem_pestat] analyzing insert size distribution for orientation FR...
[M::mem_pestat] (25, 50, 75) percentile: (143, 257, 505)
[M::mem_pestat] low and high boundaries for computing mean and std.dev: (1, 1229)
[M::mem_pestat] mean and std.dev: (299.71, 171.20)
[M::mem_pestat] low and high boundaries for proper pairs: (1, 1591)
[M::mem_pestat] skip orientation RF as there are not enough pairs
[M::mem_pestat] skip orientation RR as there are not enough pairs
[M::mem_pestat] skip orientation FF
[M::mem_process_seqs] Processed 266668 reads in 207.648 CPU sec, 51.978 real sec
[M::process] read 266668 sequences (40000200 bp)...
[M::mem_pestat] # candidate unique pairs for (FF, FR, RF, RR): (11, 2150, 0, 5)
[M::mem_pestat] analyzing insert size distribution for orientation FF...
[M::mem_pestat] (25, 50, 75) percentile: (134, 167, 302)
[M::mem_pestat] low and high boundaries for computing mean and std.dev: (1, 638)
[M::mem_pestat] mean and std.dev: (175.89, 69.31)
[M::mem_pestat] low and high boundaries for proper pairs: (1, 806)
[M::mem_pestat] analyzing insert size distribution for orientation FR...
[M::mem_pestat] (25, 50, 75) percentile: (143, 264, 505)
[M::mem_pestat] low and high boundaries for computing mean and std.dev: (1, 1229)
[M::mem_pestat] mean and std.dev: (303.17, 170.70)
[M::mem_pestat] low and high boundaries for proper pairs: (1, 1591)
[M::mem_pestat] skip orientation RF as there are not enough pairs
[M::mem_pestat] skip orientation RR as there are not enough pairs
[M::mem_pestat] skip orientation FF
[M::mem_process_seqs] Processed 266668 reads in 207.976 CPU sec, 52.049 real sec
[M::process] read 266668 sequences (40000200 bp)...
[M::mem_pestat] # candidate unique pairs for (FF, FR, RF, RR): (13, 2143, 3, 6)
[M::mem_pestat] analyzing insert size distribution for orientation FF...
[M::mem_pestat] (25, 50, 75) percentile: (108, 157, 193)
[M::mem_pestat] low and high boundaries for computing mean and std.dev: (1, 363)
[M::mem_pestat] mean and std.dev: (144.54, 53.61)
[M::mem_pestat] low and high boundaries for proper pairs: (1, 448)
[M::mem_pestat] analyzing insert size distribution for orientation FR...
[M::mem_pestat] (25, 50, 75) percentile: (144, 267, 507)
[M::mem_pestat] low and high boundaries for computing mean and std.dev: (1, 1233)
[M::mem_pestat] mean and std.dev: (308.42, 172.83)
[M::mem_pestat] low and high boundaries for proper pairs: (1, 1596)
[M::mem_pestat] skip orientation RF as there are not enough pairs
[M::mem_pestat] skip orientation RR as there are not enough pairs
[M::mem_pestat] skip orientation FF
[M::mem_process_seqs] Processed 266668 reads in 207.679 CPU sec, 51.988 real sec
[M::process] read 266668 sequences (40000200 bp)...
[M::mem_pestat] # candidate unique pairs for (FF, FR, RF, RR): (8, 2177, 0, 5)
[M::mem_pestat] skip orientation FF as there are not enough pairs
[M::mem_pestat] analyzing insert size distribution for orientation FR...
[M::mem_pestat] (25, 50, 75) percentile: (143, 241, 502)
[M::mem_pestat] low and high boundaries for computing mean and std.dev: (1, 1220)
[M::mem_pestat] mean and std.dev: (288.29, 165.41)
[M::mem_pestat] low and high boundaries for proper pairs: (1, 1579)
[M::mem_pestat] skip orientation RF as there are not enough pairs
[M::mem_pestat] skip orientation RR as there are not enough pairs
[M::mem_process_seqs] Processed 266668 reads in 204.643 CPU sec, 51.217 real sec
[M::process] read 266668 sequences (40000200 bp)...
[M::mem_pestat] # candidate unique pairs for (FF, FR, RF, RR): (7, 2137, 1, 6)
[M::mem_pestat] skip orientation FF as there are not enough pairs
[M::mem_pestat] analyzing insert size distribution for orientation FR...
[M::mem_pestat] (25, 50, 75) percentile: (144, 261, 506)
[M::mem_pestat] low and high boundaries for computing mean and std.dev: (1, 1230)
[M::mem_pestat] mean and std.dev: (303.30, 172.49)
[M::mem_pestat] low and high boundaries for proper pairs: (1, 1592)
[M::mem_pestat] skip orientation RF as there are not enough pairs
[M::mem_pestat] skip orientation RR as there are not enough pairs
[M::mem_process_seqs] Processed 266668 reads in 207.059 CPU sec, 51.829 real sec
[M::process] read 266668 sequences (40000200 bp)...
[M::mem_pestat] # candidate unique pairs for (FF, FR, RF, RR): (8, 2168, 4, 9)
[M::mem_pestat] skip orientation FF as there are not enough pairs
[M::mem_pestat] analyzing insert size distribution for orientation FR...
[M::mem_pestat] (25, 50, 75) percentile: (143, 263, 506)
[M::mem_pestat] low and high boundaries for computing mean and std.dev: (1, 1232)
[M::mem_pestat] mean and std.dev: (304.31, 171.90)
[M::mem_pestat] low and high boundaries for proper pairs: (1, 1595)
[M::mem_pestat] skip orientation RF as there are not enough pairs
[M::mem_pestat] skip orientation RR as there are not enough pairs
[M::mem_process_seqs] Processed 266668 reads in 204.550 CPU sec, 51.360 real sec
[M::process] read 266668 sequences (40000200 bp)...
[M::mem_pestat] # candidate unique pairs for (FF, FR, RF, RR): (9, 2163, 2, 10)
[M::mem_pestat] skip orientation FF as there are not enough pairs
[M::mem_pestat] analyzing insert size distribution for orientation FR...
[M::mem_pestat] (25, 50, 75) percentile: (143, 261, 506)
[M::mem_pestat] low and high boundaries for computing mean and std.dev: (1, 1232)
[M::mem_pestat] mean and std.dev: (302.60, 172.37)
[M::mem_pestat] low and high boundaries for proper pairs: (1, 1595)
[M::mem_pestat] skip orientation RF as there are not enough pairs
[M::mem_pestat] analyzing insert size distribution for orientation RR...
[M::mem_pestat] (25, 50, 75) percentile: (165, 182, 275)
[M::mem_pestat] low and high boundaries for computing mean and std.dev: (1, 495)
[M::mem_pestat] mean and std.dev: (176.00, 105.43)
[M::mem_pestat] low and high boundaries for proper pairs: (1, 605)
[M::mem_pestat] skip orientation RR
[M::mem_process_seqs] Processed 266668 reads in 204.439 CPU sec, 51.158 real sec
[M::process] read 266668 sequences (40000200 bp)...
[M::mem_pestat] # candidate unique pairs for (FF, FR, RF, RR): (9, 2184, 3, 6)
[M::mem_pestat] skip orientation FF as there are not enough pairs
[M::mem_pestat] analyzing insert size distribution for orientation FR...
[M::mem_pestat] (25, 50, 75) percentile: (144, 264, 509)
[M::mem_pestat] low and high boundaries for computing mean and std.dev: (1, 1239)
[M::mem_pestat] mean and std.dev: (306.52, 174.36)
[M::mem_pestat] low and high boundaries for proper pairs: (1, 1604)
[M::mem_pestat] skip orientation RF as there are not enough pairs
[M::mem_pestat] skip orientation RR as there are not enough pairs
[M::mem_process_seqs] Processed 266668 reads in 204.732 CPU sec, 51.364 real sec
[M::process] read 266668 sequences (40000200 bp)...
[M::mem_pestat] # candidate unique pairs for (FF, FR, RF, RR): (13, 2173, 2, 4)
[M::mem_pestat] analyzing insert size distribution for orientation FF...
[M::mem_pestat] (25, 50, 75) percentile: (149, 160, 441)
[M::mem_pestat] low and high boundaries for computing mean and std.dev: (1, 1025)
[M::mem_pestat] mean and std.dev: (189.09, 100.14)
[M::mem_pestat] low and high boundaries for proper pairs: (1, 1317)
[M::mem_pestat] analyzing insert size distribution for orientation FR...
[M::mem_pestat] (25, 50, 75) percentile: (143, 263, 508)
[M::mem_pestat] low and high boundaries for computing mean and std.dev: (1, 1238)
[M::mem_pestat] mean and std.dev: (304.49, 173.32)
[M::mem_pestat] low and high boundaries for proper pairs: (1, 1603)
[M::mem_pestat] skip orientation RF as there are not enough pairs
[M::mem_pestat] skip orientation RR as there are not enough pairs
[M::mem_pestat] skip orientation FF
[M::mem_process_seqs] Processed 266668 reads in 206.520 CPU sec, 51.802 real sec
[M::process] read 266668 sequences (40000200 bp)...
[M::mem_pestat] # candidate unique pairs for (FF, FR, RF, RR): (7, 2222, 2, 10)
[M::mem_pestat] skip orientation FF as there are not enough pairs
[M::mem_pestat] analyzing insert size distribution for orientation FR...
[M::mem_pestat] (25, 50, 75) percentile: (143, 252, 505)
[M::mem_pestat] low and high boundaries for computing mean and std.dev: (1, 1229)
[M::mem_pestat] mean and std.dev: (299.44, 173.77)
[M::mem_pestat] low and high boundaries for proper pairs: (1, 1591)
[M::mem_pestat] skip orientation RF as there are not enough pairs
[M::mem_pestat] analyzing insert size distribution for orientation RR...
[M::mem_pestat] (25, 50, 75) percentile: (163, 245, 1056)
[M::mem_pestat] low and high boundaries for computing mean and std.dev: (1, 2842)
[M::mem_pestat] mean and std.dev: (316.38, 300.01)
[M::mem_pestat] low and high boundaries for proper pairs: (1, 3735)
[M::mem_pestat] skip orientation RR
[M::mem_process_seqs] Processed 266668 reads in 207.716 CPU sec, 51.995 real sec
[M::process] read 266668 sequences (40000200 bp)...
[M::mem_pestat] # candidate unique pairs for (FF, FR, RF, RR): (11, 2115, 1, 5)
[M::mem_pestat] analyzing insert size distribution for orientation FF...
[M::mem_pestat] (25, 50, 75) percentile: (89, 146, 340)
[M::mem_pestat] low and high boundaries for computing mean and std.dev: (1, 842)
[M::mem_pestat] mean and std.dev: (219.91, 148.72)
[M::mem_pestat] low and high boundaries for proper pairs: (1, 1093)
[M::mem_pestat] analyzing insert size distribution for orientation FR...
[M::mem_pestat] (25, 50, 75) percentile: (143, 263, 507)
[M::mem_pestat] low and high boundaries for computing mean and std.dev: (1, 1235)
[M::mem_pestat] mean and std.dev: (304.26, 171.81)
[M::mem_pestat] low and high boundaries for proper pairs: (1, 1599)
[M::mem_pestat] skip orientation RF as there are not enough pairs
[M::mem_pestat] skip orientation RR as there are not enough pairs
[M::mem_pestat] skip orientation FF
[M::mem_process_seqs] Processed 266668 reads in 207.151 CPU sec, 51.857 real sec
[M::process] read 266668 sequences (40000200 bp)...
[M::mem_pestat] # candidate unique pairs for (FF, FR, RF, RR): (6, 2092, 2, 5)
[M::mem_pestat] skip orientation FF as there are not enough pairs
[M::mem_pestat] analyzing insert size distribution for orientation FR...
[M::mem_pestat] (25, 50, 75) percentile: (144, 262, 507)
[M::mem_pestat] low and high boundaries for computing mean and std.dev: (1, 1233)
[M::mem_pestat] mean and std.dev: (303.72, 170.96)
[M::mem_pestat] low and high boundaries for proper pairs: (1, 1596)
[M::mem_pestat] skip orientation RF as there are not enough pairs
[M::mem_pestat] skip orientation RR as there are not enough pairs
[M::mem_process_seqs] Processed 266668 reads in 206.850 CPU sec, 51.792 real sec
[M::process] read 266668 sequences (40000200 bp)...
[M::mem_pestat] # candidate unique pairs for (FF, FR, RF, RR): (8, 2189, 3, 2)
[M::mem_pestat] skip orientation FF as there are not enough pairs
[M::mem_pestat] analyzing insert size distribution for orientation FR...
[M::mem_pestat] (25, 50, 75) percentile: (143, 261, 507)
[M::mem_pestat] low and high boundaries for computing mean and std.dev: (1, 1235)
[M::mem_pestat] mean and std.dev: (305.13, 173.89)
[M::mem_pestat] low and high boundaries for proper pairs: (1, 1599)
[M::mem_pestat] skip orientation RF as there are not enough pairs
[M::mem_pestat] skip orientation RR as there are not enough pairs
[M::mem_process_seqs] Processed 266668 reads in 204.483 CPU sec, 51.244 real sec
[M::process] read 266668 sequences (40000200 bp)...
[M::mem_pestat] # candidate unique pairs for (FF, FR, RF, RR): (7, 2132, 2, 7)
[M::mem_pestat] skip orientation FF as there are not enough pairs
[M::mem_pestat] analyzing insert size distribution for orientation FR...
[M::mem_pestat] (25, 50, 75) percentile: (144, 257, 504)
[M::mem_pestat] low and high boundaries for computing mean and std.dev: (1, 1224)
[M::mem_pestat] mean and std.dev: (298.06, 169.85)
[M::mem_pestat] low and high boundaries for proper pairs: (1, 1584)
[M::mem_pestat] skip orientation RF as there are not enough pairs
[M::mem_pestat] skip orientation RR as there are not enough pairs
[M::mem_process_seqs] Processed 266668 reads in 210.743 CPU sec, 52.739 real sec
[M::process] read 266668 sequences (40000200 bp)...
[M::mem_pestat] # candidate unique pairs for (FF, FR, RF, RR): (11, 2194, 1, 7)
[M::mem_pestat] analyzing insert size distribution for orientation FF...
[M::mem_pestat] (25, 50, 75) percentile: (108, 120, 429)
[M::mem_pestat] low and high boundaries for computing mean and std.dev: (1, 1071)
[M::mem_pestat] mean and std.dev: (203.00, 211.16)
[M::mem_pestat] low and high boundaries for proper pairs: (1, 1392)
[M::mem_pestat] analyzing insert size distribution for orientation FR...
[M::mem_pestat] (25, 50, 75) percentile: (144, 262, 507)
[M::mem_pestat] low and high boundaries for computing mean and std.dev: (1, 1233)
[M::mem_pestat] mean and std.dev: (308.37, 174.64)
[M::mem_pestat] low and high boundaries for proper pairs: (1, 1596)
[M::mem_pestat] skip orientation RF as there are not enough pairs
[M::mem_pestat] skip orientation RR as there are not enough pairs
[M::mem_pestat] skip orientation FF
[M::mem_process_seqs] Processed 266668 reads in 210.300 CPU sec, 52.621 real sec
[M::process] read 266668 sequences (40000200 bp)...
[M::mem_pestat] # candidate unique pairs for (FF, FR, RF, RR): (12, 2069, 3, 6)
[M::mem_pestat] analyzing insert size distribution for orientation FF...
[M::mem_pestat] (25, 50, 75) percentile: (200, 270, 648)
[M::mem_pestat] low and high boundaries for computing mean and std.dev: (1, 1544)
[M::mem_pestat] mean and std.dev: (353.36, 291.45)
[M::mem_pestat] low and high boundaries for proper pairs: (1, 1992)
[M::mem_pestat] analyzing insert size distribution for orientation FR...
[M::mem_pestat] (25, 50, 75) percentile: (143, 262, 505)
[M::mem_pestat] low and high boundaries for computing mean and std.dev: (1, 1229)
[M::mem_pestat] mean and std.dev: (302.86, 171.00)
[M::mem_pestat] low and high boundaries for proper pairs: (1, 1591)
[M::mem_pestat] skip orientation RF as there are not enough pairs
[M::mem_pestat] skip orientation RR as there are not enough pairs
[M::mem_pestat] skip orientation FF
[M::mem_process_seqs] Processed 266668 reads in 209.520 CPU sec, 52.453 real sec
[M::process] read 266668 sequences (40000200 bp)...
[M::mem_pestat] # candidate unique pairs for (FF, FR, RF, RR): (9, 2159, 3, 3)
[M::mem_pestat] skip orientation FF as there are not enough pairs
[M::mem_pestat] analyzing insert size distribution for orientation FR...
[M::mem_pestat] (25, 50, 75) percentile: (144, 272, 509)
[M::mem_pestat] low and high boundaries for computing mean and std.dev: (1, 1239)
[M::mem_pestat] mean and std.dev: (310.54, 173.10)
[M::mem_pestat] low and high boundaries for proper pairs: (1, 1604)
[M::mem_pestat] skip orientation RF as there are not enough pairs
[M::mem_pestat] skip orientation RR as there are not enough pairs
[M::mem_process_seqs] Processed 266668 reads in 206.773 CPU sec, 51.776 real sec
[M::process] read 266668 sequences (40000200 bp)...
[M::mem_pestat] # candidate unique pairs for (FF, FR, RF, RR): (8, 2245, 4, 6)
[M::mem_pestat] skip orientation FF as there are not enough pairs
[M::mem_pestat] analyzing insert size distribution for orientation FR...
[M::mem_pestat] (25, 50, 75) percentile: (144, 259, 505)
[M::mem_pestat] low and high boundaries for computing mean and std.dev: (1, 1227)
[M::mem_pestat] mean and std.dev: (299.76, 168.05)
[M::mem_pestat] low and high boundaries for proper pairs: (1, 1588)
[M::mem_pestat] skip orientation RF as there are not enough pairs
[M::mem_pestat] skip orientation RR as there are not enough pairs
[M::mem_process_seqs] Processed 266668 reads in 208.992 CPU sec, 52.298 real sec
[M::process] read 266668 sequences (40000200 bp)...
[M::mem_pestat] # candidate unique pairs for (FF, FR, RF, RR): (11, 2133, 3, 6)
[M::mem_pestat] analyzing insert size distribution for orientation FF...
[M::mem_pestat] (25, 50, 75) percentile: (73, 101, 224)
[M::mem_pestat] low and high boundaries for computing mean and std.dev: (1, 526)
[M::mem_pestat] mean and std.dev: (121.50, 68.63)
[M::mem_pestat] low and high boundaries for proper pairs: (1, 677)
[M::mem_pestat] analyzing insert size distribution for orientation FR...
[M::mem_pestat] (25, 50, 75) percentile: (143, 262, 506)
[M::mem_pestat] low and high boundaries for computing mean and std.dev: (1, 1232)
[M::mem_pestat] mean and std.dev: (304.43, 172.50)
[M::mem_pestat] low and high boundaries for proper pairs: (1, 1595)
[M::mem_pestat] skip orientation RF as there are not enough pairs
[M::mem_pestat] skip orientation RR as there are not enough pairs
[M::mem_pestat] skip orientation FF
[M::mem_process_seqs] Processed 266668 reads in 205.665 CPU sec, 51.472 real sec
[M::process] read 266668 sequences (40000200 bp)...
[M::mem_pestat] # candidate unique pairs for (FF, FR, RF, RR): (9, 2265, 3, 9)
[M::mem_pestat] skip orientation FF as there are not enough pairs
[M::mem_pestat] analyzing insert size distribution for orientation FR...
[M::mem_pestat] (25, 50, 75) percentile: (143, 254, 504)
[M::mem_pestat] low and high boundaries for computing mean and std.dev: (1, 1226)
[M::mem_pestat] mean and std.dev: (295.27, 168.19)
[M::mem_pestat] low and high boundaries for proper pairs: (1, 1587)
[M::mem_pestat] skip orientation RF as there are not enough pairs
[M::mem_pestat] skip orientation RR as there are not enough pairs
[M::mem_process_seqs] Processed 266668 reads in 209.705 CPU sec, 52.481 real sec
[M::process] read 266668 sequences (40000200 bp)...
[M::mem_pestat] # candidate unique pairs for (FF, FR, RF, RR): (6, 2131, 4, 4)
[M::mem_pestat] skip orientation FF as there are not enough pairs
[M::mem_pestat] analyzing insert size distribution for orientation FR...
[M::mem_pestat] (25, 50, 75) percentile: (144, 257, 507)
[M::mem_pestat] low and high boundaries for computing mean and std.dev: (1, 1233)
[M::mem_pestat] mean and std.dev: (303.49, 172.55)
[M::mem_pestat] low and high boundaries for proper pairs: (1, 1596)
[M::mem_pestat] skip orientation RF as there are not enough pairs
[M::mem_pestat] skip orientation RR as there are not enough pairs
[M::mem_process_seqs] Processed 266668 reads in 210.315 CPU sec, 52.639 real sec
[M::process] read 266668 sequences (40000200 bp)...
[M::mem_pestat] # candidate unique pairs for (FF, FR, RF, RR): (11, 2177, 3, 7)
[M::mem_pestat] analyzing insert size distribution for orientation FF...
[M::mem_pestat] (25, 50, 75) percentile: (152, 168, 231)
[M::mem_pestat] low and high boundaries for computing mean and std.dev: (1, 389)
[M::mem_pestat] mean and std.dev: (170.64, 54.98)
[M::mem_pestat] low and high boundaries for proper pairs: (1, 468)
[M::mem_pestat] analyzing insert size distribution for orientation FR...
[M::mem_pestat] (25, 50, 75) percentile: (143, 261, 507)
[M::mem_pestat] low and high boundaries for computing mean and std.dev: (1, 1235)
[M::mem_pestat] mean and std.dev: (301.90, 173.14)
[M::mem_pestat] low and high boundaries for proper pairs: (1, 1599)
[M::mem_pestat] skip orientation RF as there are not enough pairs
[M::mem_pestat] skip orientation RR as there are not enough pairs
[M::mem_pestat] skip orientation FF
[M::mem_process_seqs] Processed 266668 reads in 207.462 CPU sec, 52.052 real sec
[M::process] read 266668 sequences (40000200 bp)...
[M::mem_pestat] # candidate unique pairs for (FF, FR, RF, RR): (5, 2220, 4, 3)
[M::mem_pestat] skip orientation FF as there are not enough pairs
[M::mem_pestat] analyzing insert size distribution for orientation FR...
[M::mem_pestat] (25, 50, 75) percentile: (144, 260, 507)
[M::mem_pestat] low and high boundaries for computing mean and std.dev: (1, 1233)
[M::mem_pestat] mean and std.dev: (303.00, 171.99)
[M::mem_pestat] low and high boundaries for proper pairs: (1, 1596)
[M::mem_pestat] skip orientation RF as there are not enough pairs
[M::mem_pestat] skip orientation RR as there are not enough pairs
[M::mem_process_seqs] Processed 266668 reads in 208.226 CPU sec, 52.118 real sec
[M::process] read 266668 sequences (40000200 bp)...
[M::mem_pestat] # candidate unique pairs for (FF, FR, RF, RR): (6, 2146, 2, 9)
[M::mem_pestat] skip orientation FF as there are not enough pairs
[M::mem_pestat] analyzing insert size distribution for orientation FR...
[M::mem_pestat] (25, 50, 75) percentile: (144, 266, 506)
[M::mem_pestat] low and high boundaries for computing mean and std.dev: (1, 1230)
[M::mem_pestat] mean and std.dev: (306.71, 172.06)
[M::mem_pestat] low and high boundaries for proper pairs: (1, 1592)
[M::mem_pestat] skip orientation RF as there are not enough pairs
[M::mem_pestat] skip orientation RR as there are not enough pairs
[M::mem_process_seqs] Processed 266668 reads in 207.099 CPU sec, 51.825 real sec
[M::process] read 266668 sequences (40000200 bp)...
[M::mem_pestat] # candidate unique pairs for (FF, FR, RF, RR): (12, 2122, 2, 5)
[M::mem_pestat] analyzing insert size distribution for orientation FF...
[M::mem_pestat] (25, 50, 75) percentile: (106, 210, 233)
[M::mem_pestat] low and high boundaries for computing mean and std.dev: (1, 487)
[M::mem_pestat] mean and std.dev: (177.83, 84.63)
[M::mem_pestat] low and high boundaries for proper pairs: (1, 614)
[M::mem_pestat] analyzing insert size distribution for orientation FR...
[M::mem_pestat] (25, 50, 75) percentile: (143, 260, 505)
[M::mem_pestat] low and high boundaries for computing mean and std.dev: (1, 1229)
[M::mem_pestat] mean and std.dev: (299.70, 170.07)
[M::mem_pestat] low and high boundaries for proper pairs: (1, 1591)
[M::mem_pestat] skip orientation RF as there are not enough pairs
[M::mem_pestat] skip orientation RR as there are not enough pairs
[M::mem_pestat] skip orientation FF
[M::mem_process_seqs] Processed 266668 reads in 211.155 CPU sec, 52.852 real sec
[M::process] read 266668 sequences (40000200 bp)...
[M::mem_pestat] # candidate unique pairs for (FF, FR, RF, RR): (7, 2257, 0, 6)
[M::mem_pestat] skip orientation FF as there are not enough pairs
[M::mem_pestat] analyzing insert size distribution for orientation FR...
[M::mem_pestat] (25, 50, 75) percentile: (144, 261, 508)
[M::mem_pestat] low and high boundaries for computing mean and std.dev: (1, 1236)
[M::mem_pestat] mean and std.dev: (303.02, 172.15)
[M::mem_pestat] low and high boundaries for proper pairs: (1, 1600)
[M::mem_pestat] skip orientation RF as there are not enough pairs
[M::mem_pestat] skip orientation RR as there are not enough pairs
[M::mem_process_seqs] Processed 266668 reads in 211.251 CPU sec, 52.876 real sec
[M::process] read 266668 sequences (40000200 bp)...
[M::mem_pestat] # candidate unique pairs for (FF, FR, RF, RR): (8, 2111, 4, 4)
[M::mem_pestat] skip orientation FF as there are not enough pairs
[M::mem_pestat] analyzing insert size distribution for orientation FR...
[M::mem_pestat] (25, 50, 75) percentile: (143, 255, 505)
[M::mem_pestat] low and high boundaries for computing mean and std.dev: (1, 1229)
[M::mem_pestat] mean and std.dev: (298.35, 169.96)
[M::mem_pestat] low and high boundaries for proper pairs: (1, 1591)
[M::mem_pestat] skip orientation RF as there are not enough pairs
[M::mem_pestat] skip orientation RR as there are not enough pairs
[M::mem_process_seqs] Processed 266668 reads in 206.818 CPU sec, 51.803 real sec
[M::process] read 266668 sequences (40000200 bp)...
[M::mem_pestat] # candidate unique pairs for (FF, FR, RF, RR): (7, 2153, 2, 8)
[M::mem_pestat] skip orientation FF as there are not enough pairs
[M::mem_pestat] analyzing insert size distribution for orientation FR...
[M::mem_pestat] (25, 50, 75) percentile: (144, 274, 508)
[M::mem_pestat] low and high boundaries for computing mean and std.dev: (1, 1236)
[M::mem_pestat] mean and std.dev: (309.00, 172.97)
[M::mem_pestat] low and high boundaries for proper pairs: (1, 1600)
[M::mem_pestat] skip orientation RF as there are not enough pairs
[M::mem_pestat] skip orientation RR as there are not enough pairs
[M::mem_process_seqs] Processed 266668 reads in 207.619 CPU sec, 51.964 real sec
[M::process] read 266668 sequences (40000200 bp)...
[M::mem_pestat] # candidate unique pairs for (FF, FR, RF, RR): (6, 2223, 1, 7)
[M::mem_pestat] skip orientation FF as there are not enough pairs
[M::mem_pestat] analyzing insert size distribution for orientation FR...
[M::mem_pestat] (25, 50, 75) percentile: (144, 263, 505)
[M::mem_pestat] low and high boundaries for computing mean and std.dev: (1, 1227)
[M::mem_pestat] mean and std.dev: (300.75, 169.86)
[M::mem_pestat] low and high boundaries for proper pairs: (1, 1588)
[M::mem_pestat] skip orientation RF as there are not enough pairs
[M::mem_pestat] skip orientation RR as there are not enough pairs
[M::mem_process_seqs] Processed 266668 reads in 207.603 CPU sec, 51.942 real sec
[M::process] read 266668 sequences (40000200 bp)...
[M::mem_pestat] # candidate unique pairs for (FF, FR, RF, RR): (8, 2201, 3, 7)
[M::mem_pestat] skip orientation FF as there are not enough pairs
[M::mem_pestat] analyzing insert size distribution for orientation FR...
[M::mem_pestat] (25, 50, 75) percentile: (143, 259, 506)
[M::mem_pestat] low and high boundaries for computing mean and std.dev: (1, 1232)
[M::mem_pestat] mean and std.dev: (302.28, 171.01)
[M::mem_pestat] low and high boundaries for proper pairs: (1, 1595)
[M::mem_pestat] skip orientation RF as there are not enough pairs
[M::mem_pestat] skip orientation RR as there are not enough pairs
[M::mem_process_seqs] Processed 266668 reads in 209.969 CPU sec, 52.548 real sec
[M::process] read 266668 sequences (40000200 bp)...
[M::mem_pestat] # candidate unique pairs for (FF, FR, RF, RR): (5, 2133, 3, 4)
[M::mem_pestat] skip orientation FF as there are not enough pairs
[M::mem_pestat] analyzing insert size distribution for orientation FR...
[M::mem_pestat] (25, 50, 75) percentile: (144, 262, 506)
[M::mem_pestat] low and high boundaries for computing mean and std.dev: (1, 1230)
[M::mem_pestat] mean and std.dev: (303.91, 172.35)
[M::mem_pestat] low and high boundaries for proper pairs: (1, 1592)
[M::mem_pestat] skip orientation RF as there are not enough pairs
[M::mem_pestat] skip orientation RR as there are not enough pairs
[M::mem_process_seqs] Processed 266668 reads in 208.389 CPU sec, 52.142 real sec
[M::process] read 266668 sequences (40000200 bp)...
[M::mem_pestat] # candidate unique pairs for (FF, FR, RF, RR): (6, 2144, 3, 1)
[M::mem_pestat] skip orientation FF as there are not enough pairs
[M::mem_pestat] analyzing insert size distribution for orientation FR...
[M::mem_pestat] (25, 50, 75) percentile: (144, 256, 505)
[M::mem_pestat] low and high boundaries for computing mean and std.dev: (1, 1227)
[M::mem_pestat] mean and std.dev: (300.45, 170.37)
[M::mem_pestat] low and high boundaries for proper pairs: (1, 1588)
[M::mem_pestat] skip orientation RF as there are not enough pairs
[M::mem_pestat] skip orientation RR as there are not enough pairs
[M::mem_process_seqs] Processed 266668 reads in 205.677 CPU sec, 51.476 real sec
[M::process] read 266668 sequences (40000200 bp)...
[M::mem_pestat] # candidate unique pairs for (FF, FR, RF, RR): (8, 2206, 1, 3)
[M::mem_pestat] skip orientation FF as there are not enough pairs
[M::mem_pestat] analyzing insert size distribution for orientation FR...
[M::mem_pestat] (25, 50, 75) percentile: (144, 264, 507)
[M::mem_pestat] low and high boundaries for computing mean and std.dev: (1, 1233)
[M::mem_pestat] mean and std.dev: (306.45, 171.94)
[M::mem_pestat] low and high boundaries for proper pairs: (1, 1596)
[M::mem_pestat] skip orientation RF as there are not enough pairs
[M::mem_pestat] skip orientation RR as there are not enough pairs
[M::mem_process_seqs] Processed 266668 reads in 206.284 CPU sec, 51.633 real sec
[M::process] read 266668 sequences (40000200 bp)...
[M::mem_pestat] # candidate unique pairs for (FF, FR, RF, RR): (8, 2119, 3, 5)
[M::mem_pestat] skip orientation FF as there are not enough pairs
[M::mem_pestat] analyzing insert size distribution for orientation FR...
[M::mem_pestat] (25, 50, 75) percentile: (144, 261, 508)
[M::mem_pestat] low and high boundaries for computing mean and std.dev: (1, 1236)
[M::mem_pestat] mean and std.dev: (307.00, 173.73)
[M::mem_pestat] low and high boundaries for proper pairs: (1, 1600)
[M::mem_pestat] skip orientation RF as there are not enough pairs
[M::mem_pestat] skip orientation RR as there are not enough pairs
[M::mem_process_seqs] Processed 266668 reads in 206.718 CPU sec, 51.725 real sec
[M::process] read 266668 sequences (40000200 bp)...
[M::mem_pestat] # candidate unique pairs for (FF, FR, RF, RR): (11, 2167, 1, 5)
[M::mem_pestat] analyzing insert size distribution for orientation FF...
[M::mem_pestat] (25, 50, 75) percentile: (112, 141, 189)
[M::mem_pestat] low and high boundaries for computing mean and std.dev: (1, 343)
[M::mem_pestat] mean and std.dev: (128.33, 34.49)
[M::mem_pestat] low and high boundaries for proper pairs: (1, 420)
[M::mem_pestat] analyzing insert size distribution for orientation FR...
[M::mem_pestat] (25, 50, 75) percentile: (143, 258, 504)
[M::mem_pestat] low and high boundaries for computing mean and std.dev: (1, 1226)
[M::mem_pestat] mean and std.dev: (298.96, 170.52)
[M::mem_pestat] low and high boundaries for proper pairs: (1, 1587)
[M::mem_pestat] skip orientation RF as there are not enough pairs
[M::mem_pestat] skip orientation RR as there are not enough pairs
[M::mem_pestat] skip orientation FF
[M::mem_process_seqs] Processed 266668 reads in 206.803 CPU sec, 51.756 real sec
[M::process] read 266668 sequences (40000200 bp)...
[M::mem_pestat] # candidate unique pairs for (FF, FR, RF, RR): (8, 2227, 2, 6)
[M::mem_pestat] skip orientation FF as there are not enough pairs
[M::mem_pestat] analyzing insert size distribution for orientation FR...
[M::mem_pestat] (25, 50, 75) percentile: (143, 244, 504)
[M::mem_pestat] low and high boundaries for computing mean and std.dev: (1, 1226)
[M::mem_pestat] mean and std.dev: (295.37, 170.83)
[M::mem_pestat] low and high boundaries for proper pairs: (1, 1587)
[M::mem_pestat] skip orientation RF as there are not enough pairs
[M::mem_pestat] skip orientation RR as there are not enough pairs
[M::mem_process_seqs] Processed 266668 reads in 206.022 CPU sec, 51.569 real sec
[M::process] read 266668 sequences (40000200 bp)...
[M::mem_pestat] # candidate unique pairs for (FF, FR, RF, RR): (6, 2152, 6, 5)
[M::mem_pestat] skip orientation FF as there are not enough pairs
[M::mem_pestat] analyzing insert size distribution for orientation FR...
[M::mem_pestat] (25, 50, 75) percentile: (144, 263, 505)
[M::mem_pestat] low and high boundaries for computing mean and std.dev: (1, 1227)
[M::mem_pestat] mean and std.dev: (303.15, 169.92)
[M::mem_pestat] low and high boundaries for proper pairs: (1, 1588)
[M::mem_pestat] skip orientation RF as there are not enough pairs
[M::mem_pestat] skip orientation RR as there are not enough pairs
[M::mem_process_seqs] Processed 266668 reads in 205.676 CPU sec, 51.471 real sec
[M::process] read 266668 sequences (40000200 bp)...
[M::mem_pestat] # candidate unique pairs for (FF, FR, RF, RR): (5, 2144, 4, 3)
[M::mem_pestat] skip orientation FF as there are not enough pairs
[M::mem_pestat] analyzing insert size distribution for orientation FR...
[M::mem_pestat] (25, 50, 75) percentile: (143, 267, 505)
[M::mem_pestat] low and high boundaries for computing mean and std.dev: (1, 1229)
[M::mem_pestat] mean and std.dev: (303.05, 171.33)
[M::mem_pestat] low and high boundaries for proper pairs: (1, 1591)
[M::mem_pestat] skip orientation RF as there are not enough pairs
[M::mem_pestat] skip orientation RR as there are not enough pairs
[M::mem_process_seqs] Processed 266668 reads in 205.721 CPU sec, 51.483 real sec
[M::process] read 266668 sequences (40000200 bp)...
[M::mem_pestat] # candidate unique pairs for (FF, FR, RF, RR): (7, 2177, 1, 4)
[M::mem_pestat] skip orientation FF as there are not enough pairs
[M::mem_pestat] analyzing insert size distribution for orientation FR...
[M::mem_pestat] (25, 50, 75) percentile: (144, 269, 507)
[M::mem_pestat] low and high boundaries for computing mean and std.dev: (1, 1233)
[M::mem_pestat] mean and std.dev: (308.19, 172.50)
[M::mem_pestat] low and high boundaries for proper pairs: (1, 1596)
[M::mem_pestat] skip orientation RF as there are not enough pairs
[M::mem_pestat] skip orientation RR as there are not enough pairs
[M::mem_process_seqs] Processed 266668 reads in 211.945 CPU sec, 53.056 real sec
[M::process] read 266668 sequences (40000200 bp)...
[M::mem_pestat] # candidate unique pairs for (FF, FR, RF, RR): (6, 2180, 2, 5)
[M::mem_pestat] skip orientation FF as there are not enough pairs
[M::mem_pestat] analyzing insert size distribution for orientation FR...
[M::mem_pestat] (25, 50, 75) percentile: (143, 265, 508)
[M::mem_pestat] low and high boundaries for computing mean and std.dev: (1, 1238)
[M::mem_pestat] mean and std.dev: (304.80, 173.21)
[M::mem_pestat] low and high boundaries for proper pairs: (1, 1603)
[M::mem_pestat] skip orientation RF as there are not enough pairs
[M::mem_pestat] skip orientation RR as there are not enough pairs
[M::mem_process_seqs] Processed 266668 reads in 205.031 CPU sec, 51.313 real sec
[M::process] read 266668 sequences (40000200 bp)...
[M::mem_pestat] # candidate unique pairs for (FF, FR, RF, RR): (4, 2204, 4, 6)
[M::mem_pestat] skip orientation FF as there are not enough pairs
[M::mem_pestat] analyzing insert size distribution for orientation FR...
[M::mem_pestat] (25, 50, 75) percentile: (143, 257, 504)
[M::mem_pestat] low and high boundaries for computing mean and std.dev: (1, 1226)
[M::mem_pestat] mean and std.dev: (298.07, 167.91)
[M::mem_pestat] low and high boundaries for proper pairs: (1, 1587)
[M::mem_pestat] skip orientation RF as there are not enough pairs
[M::mem_pestat] skip orientation RR as there are not enough pairs
[M::mem_process_seqs] Processed 266668 reads in 206.507 CPU sec, 51.681 real sec
[M::process] read 266668 sequences (40000200 bp)...
[M::mem_pestat] # candidate unique pairs for (FF, FR, RF, RR): (10, 2186, 0, 5)
[M::mem_pestat] analyzing insert size distribution for orientation FF...
[M::mem_pestat] (25, 50, 75) percentile: (120, 200, 290)
[M::mem_pestat] low and high boundaries for computing mean and std.dev: (1, 630)
[M::mem_pestat] mean and std.dev: (190.56, 76.94)
[M::mem_pestat] low and high boundaries for proper pairs: (1, 800)
[M::mem_pestat] analyzing insert size distribution for orientation FR...
[M::mem_pestat] (25, 50, 75) percentile: (143, 262, 507)
[M::mem_pestat] low and high boundaries for computing mean and std.dev: (1, 1235)
[M::mem_pestat] mean and std.dev: (304.69, 173.12)
[M::mem_pestat] low and high boundaries for proper pairs: (1, 1599)
[M::mem_pestat] skip orientation RF as there are not enough pairs
[M::mem_pestat] skip orientation RR as there are not enough pairs
[M::mem_pestat] skip orientation FF
[M::mem_process_seqs] Processed 266668 reads in 202.348 CPU sec, 50.631 real sec
[M::process] read 266668 sequences (40000200 bp)...
[M::mem_pestat] # candidate unique pairs for (FF, FR, RF, RR): (10, 2203, 6, 3)
[M::mem_pestat] analyzing insert size distribution for orientation FF...
[M::mem_pestat] (25, 50, 75) percentile: (105, 182, 189)
[M::mem_pestat] low and high boundaries for computing mean and std.dev: (1, 357)
[M::mem_pestat] mean and std.dev: (153.56, 78.28)
[M::mem_pestat] low and high boundaries for proper pairs: (1, 467)
[M::mem_pestat] analyzing insert size distribution for orientation FR...
[M::mem_pestat] (25, 50, 75) percentile: (143, 256, 505)
[M::mem_pestat] low and high boundaries for computing mean and std.dev: (1, 1229)
[M::mem_pestat] mean and std.dev: (299.31, 170.76)
[M::mem_pestat] low and high boundaries for proper pairs: (1, 1591)
[M::mem_pestat] skip orientation RF as there are not enough pairs
[M::mem_pestat] skip orientation RR as there are not enough pairs
[M::mem_pestat] skip orientation FF
[M::mem_process_seqs] Processed 266668 reads in 207.577 CPU sec, 51.943 real sec
[M::process] read 266668 sequences (40000200 bp)...
[M::mem_pestat] # candidate unique pairs for (FF, FR, RF, RR): (10, 2177, 1, 5)
[M::mem_pestat] analyzing insert size distribution for orientation FF...
[M::mem_pestat] (25, 50, 75) percentile: (90, 130, 174)
[M::mem_pestat] low and high boundaries for computing mean and std.dev: (1, 342)
[M::mem_pestat] mean and std.dev: (143.67, 75.78)
[M::mem_pestat] low and high boundaries for proper pairs: (1, 447)
[M::mem_pestat] analyzing insert size distribution for orientation FR...
[M::mem_pestat] (25, 50, 75) percentile: (143, 263, 508)
[M::mem_pestat] low and high boundaries for computing mean and std.dev: (1, 1238)
[M::mem_pestat] mean and std.dev: (305.59, 172.64)
[M::mem_pestat] low and high boundaries for proper pairs: (1, 1603)
[M::mem_pestat] skip orientation RF as there are not enough pairs
[M::mem_pestat] skip orientation RR as there are not enough pairs
[M::mem_pestat] skip orientation FF
[M::mem_process_seqs] Processed 266668 reads in 204.986 CPU sec, 51.445 real sec
[M::process] read 266668 sequences (40000200 bp)...
[M::mem_pestat] # candidate unique pairs for (FF, FR, RF, RR): (11, 2202, 3, 5)
[M::mem_pestat] analyzing insert size distribution for orientation FF...
[M::mem_pestat] (25, 50, 75) percentile: (111, 139, 297)
[M::mem_pestat] low and high boundaries for computing mean and std.dev: (1, 669)
[M::mem_pestat] mean and std.dev: (185.60, 148.16)
[M::mem_pestat] low and high boundaries for proper pairs: (1, 855)
[M::mem_pestat] analyzing insert size distribution for orientation FR...
[M::mem_pestat] (25, 50, 75) percentile: (145, 267, 508)
[M::mem_pestat] low and high boundaries for computing mean and std.dev: (1, 1234)
[M::mem_pestat] mean and std.dev: (308.42, 172.91)
[M::mem_pestat] low and high boundaries for proper pairs: (1, 1597)
[M::mem_pestat] skip orientation RF as there are not enough pairs
[M::mem_pestat] skip orientation RR as there are not enough pairs
[M::mem_pestat] skip orientation FF
[M::mem_process_seqs] Processed 266668 reads in 204.165 CPU sec, 51.120 real sec
[M::process] read 266668 sequences (40000200 bp)...
[M::mem_pestat] # candidate unique pairs for (FF, FR, RF, RR): (11, 2265, 2, 9)
[M::mem_pestat] analyzing insert size distribution for orientation FF...
[M::mem_pestat] (25, 50, 75) percentile: (152, 158, 519)
[M::mem_pestat] low and high boundaries for computing mean and std.dev: (1, 1253)
[M::mem_pestat] mean and std.dev: (245.70, 207.70)
[M::mem_pestat] low and high boundaries for proper pairs: (1, 1620)
[M::mem_pestat] analyzing insert size distribution for orientation FR...
[M::mem_pestat] (25, 50, 75) percentile: (144, 268, 507)
[M::mem_pestat] low and high boundaries for computing mean and std.dev: (1, 1233)
[M::mem_pestat] mean and std.dev: (307.12, 172.51)
[M::mem_pestat] low and high boundaries for proper pairs: (1, 1596)
[M::mem_pestat] skip orientation RF as there are not enough pairs
[M::mem_pestat] skip orientation RR as there are not enough pairs
[M::mem_pestat] skip orientation FF
[M::mem_process_seqs] Processed 266668 reads in 206.396 CPU sec, 51.652 real sec
[M::process] read 266668 sequences (40000200 bp)...
[M::mem_pestat] # candidate unique pairs for (FF, FR, RF, RR): (15, 2214, 5, 10)
[M::mem_pestat] analyzing insert size distribution for orientation FF...
[M::mem_pestat] (25, 50, 75) percentile: (98, 183, 296)
[M::mem_pestat] low and high boundaries for computing mean and std.dev: (1, 692)
[M::mem_pestat] mean and std.dev: (170.69, 89.29)
[M::mem_pestat] low and high boundaries for proper pairs: (1, 890)
[M::mem_pestat] analyzing insert size distribution for orientation FR...
[M::mem_pestat] (25, 50, 75) percentile: (144, 262, 506)
[M::mem_pestat] low and high boundaries for computing mean and std.dev: (1, 1230)
[M::mem_pestat] mean and std.dev: (303.77, 169.96)
[M::mem_pestat] low and high boundaries for proper pairs: (1, 1592)
[M::mem_pestat] skip orientation RF as there are not enough pairs
[M::mem_pestat] analyzing insert size distribution for orientation RR...
[M::mem_pestat] (25, 50, 75) percentile: (188, 356, 653)
[M::mem_pestat] low and high boundaries for computing mean and std.dev: (1, 1583)
[M::mem_pestat] mean and std.dev: (342.89, 198.58)
[M::mem_pestat] low and high boundaries for proper pairs: (1, 2048)
[M::mem_pestat] skip orientation FF
[M::mem_pestat] skip orientation RR
[M::mem_process_seqs] Processed 266668 reads in 206.616 CPU sec, 51.729 real sec
[M::process] read 266668 sequences (40000200 bp)...
[M::mem_pestat] # candidate unique pairs for (FF, FR, RF, RR): (6, 2125, 2, 5)
[M::mem_pestat] skip orientation FF as there are not enough pairs
[M::mem_pestat] analyzing insert size distribution for orientation FR...
[M::mem_pestat] (25, 50, 75) percentile: (144, 261, 504)
[M::mem_pestat] low and high boundaries for computing mean and std.dev: (1, 1224)
[M::mem_pestat] mean and std.dev: (299.66, 170.52)
[M::mem_pestat] low and high boundaries for proper pairs: (1, 1584)
[M::mem_pestat] skip orientation RF as there are not enough pairs
[M::mem_pestat] skip orientation RR as there are not enough pairs
[M::mem_process_seqs] Processed 266668 reads in 210.439 CPU sec, 52.709 real sec
[M::process] read 266668 sequences (40000200 bp)...
[M::mem_pestat] # candidate unique pairs for (FF, FR, RF, RR): (8, 2219, 3, 5)
[M::mem_pestat] skip orientation FF as there are not enough pairs
[M::mem_pestat] analyzing insert size distribution for orientation FR...
[M::mem_pestat] (25, 50, 75) percentile: (143, 257, 506)
[M::mem_pestat] low and high boundaries for computing mean and std.dev: (1, 1232)
[M::mem_pestat] mean and std.dev: (302.13, 173.74)
[M::mem_pestat] low and high boundaries for proper pairs: (1, 1595)
[M::mem_pestat] skip orientation RF as there are not enough pairs
[M::mem_pestat] skip orientation RR as there are not enough pairs
[M::mem_process_seqs] Processed 266668 reads in 205.171 CPU sec, 51.384 real sec
[M::process] read 266668 sequences (40000200 bp)...
[M::mem_pestat] # candidate unique pairs for (FF, FR, RF, RR): (1, 2198, 5, 4)
[M::mem_pestat] skip orientation FF as there are not enough pairs
[M::mem_pestat] analyzing insert size distribution for orientation FR...
[M::mem_pestat] (25, 50, 75) percentile: (142, 250, 503)
[M::mem_pestat] low and high boundaries for computing mean and std.dev: (1, 1225)
[M::mem_pestat] mean and std.dev: (291.90, 168.10)
[M::mem_pestat] low and high boundaries for proper pairs: (1, 1586)
[M::mem_pestat] skip orientation RF as there are not enough pairs
[M::mem_pestat] skip orientation RR as there are not enough pairs
[M::mem_process_seqs] Processed 266668 reads in 208.483 CPU sec, 52.193 real sec
[M::process] read 266668 sequences (40000200 bp)...
[M::mem_pestat] # candidate unique pairs for (FF, FR, RF, RR): (6, 2139, 6, 7)
[M::mem_pestat] skip orientation FF as there are not enough pairs
[M::mem_pestat] analyzing insert size distribution for orientation FR...
[M::mem_pestat] (25, 50, 75) percentile: (144, 259, 506)
[M::mem_pestat] low and high boundaries for computing mean and std.dev: (1, 1230)
[M::mem_pestat] mean and std.dev: (299.15, 170.40)
[M::mem_pestat] low and high boundaries for proper pairs: (1, 1592)
[M::mem_pestat] skip orientation RF as there are not enough pairs
[M::mem_pestat] skip orientation RR as there are not enough pairs
[M::mem_process_seqs] Processed 266668 reads in 203.760 CPU sec, 51.011 real sec
[M::process] read 266668 sequences (40000200 bp)...
[M::mem_pestat] # candidate unique pairs for (FF, FR, RF, RR): (7, 2185, 0, 5)
[M::mem_pestat] skip orientation FF as there are not enough pairs
[M::mem_pestat] analyzing insert size distribution for orientation FR...
[M::mem_pestat] (25, 50, 75) percentile: (142, 254, 506)
[M::mem_pestat] low and high boundaries for computing mean and std.dev: (1, 1234)
[M::mem_pestat] mean and std.dev: (300.11, 172.51)
[M::mem_pestat] low and high boundaries for proper pairs: (1, 1598)
[M::mem_pestat] skip orientation RF as there are not enough pairs
[M::mem_pestat] skip orientation RR as there are not enough pairs
[M::mem_process_seqs] Processed 266668 reads in 213.149 CPU sec, 53.368 real sec
[M::process] read 266668 sequences (40000200 bp)...
[M::mem_pestat] # candidate unique pairs for (FF, FR, RF, RR): (7, 2121, 2, 5)
[M::mem_pestat] skip orientation FF as there are not enough pairs
[M::mem_pestat] analyzing insert size distribution for orientation FR...
[M::mem_pestat] (25, 50, 75) percentile: (144, 264, 506)
[M::mem_pestat] low and high boundaries for computing mean and std.dev: (1, 1230)
[M::mem_pestat] mean and std.dev: (301.30, 170.05)
[M::mem_pestat] low and high boundaries for proper pairs: (1, 1592)
[M::mem_pestat] skip orientation RF as there are not enough pairs
[M::mem_pestat] skip orientation RR as there are not enough pairs
[M::mem_process_seqs] Processed 266668 reads in 207.985 CPU sec, 52.081 real sec
[M::process] read 266668 sequences (40000200 bp)...
[M::mem_pestat] # candidate unique pairs for (FF, FR, RF, RR): (9, 2214, 1, 7)
[M::mem_pestat] skip orientation FF as there are not enough pairs
[M::mem_pestat] analyzing insert size distribution for orientation FR...
[M::mem_pestat] (25, 50, 75) percentile: (142, 253, 504)
[M::mem_pestat] low and high boundaries for computing mean and std.dev: (1, 1228)
[M::mem_pestat] mean and std.dev: (293.56, 169.09)
[M::mem_pestat] low and high boundaries for proper pairs: (1, 1590)
[M::mem_pestat] skip orientation RF as there are not enough pairs
[M::mem_pestat] skip orientation RR as there are not enough pairs
[M::mem_process_seqs] Processed 266668 reads in 209.946 CPU sec, 52.549 real sec
[M::process] read 266668 sequences (40000200 bp)...
[M::mem_pestat] # candidate unique pairs for (FF, FR, RF, RR): (10, 2185, 3, 6)
[M::mem_pestat] analyzing insert size distribution for orientation FF...
[M::mem_pestat] (25, 50, 75) percentile: (140, 213, 389)
[M::mem_pestat] low and high boundaries for computing mean and std.dev: (1, 887)
[M::mem_pestat] mean and std.dev: (188.62, 104.92)
[M::mem_pestat] low and high boundaries for proper pairs: (1, 1136)
[M::mem_pestat] analyzing insert size distribution for orientation FR...
[M::mem_pestat] (25, 50, 75) percentile: (144, 270, 506)
[M::mem_pestat] low and high boundaries for computing mean and std.dev: (1, 1230)
[M::mem_pestat] mean and std.dev: (306.27, 171.12)
[M::mem_pestat] low and high boundaries for proper pairs: (1, 1592)
[M::mem_pestat] skip orientation RF as there are not enough pairs
[M::mem_pestat] skip orientation RR as there are not enough pairs
[M::mem_pestat] skip orientation FF
[M::mem_process_seqs] Processed 266668 reads in 207.726 CPU sec, 52.001 real sec
[M::process] read 266668 sequences (40000200 bp)...
[M::mem_pestat] # candidate unique pairs for (FF, FR, RF, RR): (12, 2147, 1, 6)
[M::mem_pestat] analyzing insert size distribution for orientation FF...
[M::mem_pestat] (25, 50, 75) percentile: (92, 113, 164)
[M::mem_pestat] low and high boundaries for computing mean and std.dev: (1, 308)
[M::mem_pestat] mean and std.dev: (107.00, 47.86)
[M::mem_pestat] low and high boundaries for proper pairs: (1, 380)
[M::mem_pestat] analyzing insert size distribution for orientation FR...
[M::mem_pestat] (25, 50, 75) percentile: (144, 267, 505)
[M::mem_pestat] low and high boundaries for computing mean and std.dev: (1, 1227)
[M::mem_pestat] mean and std.dev: (305.33, 171.45)
[M::mem_pestat] low and high boundaries for proper pairs: (1, 1588)
[M::mem_pestat] skip orientation RF as there are not enough pairs
[M::mem_pestat] skip orientation RR as there are not enough pairs
[M::mem_pestat] skip orientation FF
[M::mem_process_seqs] Processed 266668 reads in 205.220 CPU sec, 51.374 real sec
[M::process] read 266668 sequences (40000200 bp)...
[M::mem_pestat] # candidate unique pairs for (FF, FR, RF, RR): (10, 2192, 2, 5)
[M::mem_pestat] analyzing insert size distribution for orientation FF...
[M::mem_pestat] (25, 50, 75) percentile: (111, 171, 263)
[M::mem_pestat] low and high boundaries for computing mean and std.dev: (1, 567)
[M::mem_pestat] mean and std.dev: (182.11, 90.24)
[M::mem_pestat] low and high boundaries for proper pairs: (1, 719)
[M::mem_pestat] analyzing insert size distribution for orientation FR...
[M::mem_pestat] (25, 50, 75) percentile: (144, 263, 509)
[M::mem_pestat] low and high boundaries for computing mean and std.dev: (1, 1239)
[M::mem_pestat] mean and std.dev: (306.74, 173.85)
[M::mem_pestat] low and high boundaries for proper pairs: (1, 1604)
[M::mem_pestat] skip orientation RF as there are not enough pairs
[M::mem_pestat] skip orientation RR as there are not enough pairs
[M::mem_pestat] skip orientation FF
[M::mem_process_seqs] Processed 266668 reads in 208.811 CPU sec, 52.271 real sec
[M::process] read 266668 sequences (40000200 bp)...
[M::mem_pestat] # candidate unique pairs for (FF, FR, RF, RR): (10, 2156, 2, 5)
[M::mem_pestat] analyzing insert size distribution for orientation FF...
[M::mem_pestat] (25, 50, 75) percentile: (134, 172, 177)
[M::mem_pestat] low and high boundaries for computing mean and std.dev: (48, 263)
[M::mem_pestat] mean and std.dev: (156.33, 30.80)
[M::mem_pestat] low and high boundaries for proper pairs: (5, 306)
[M::mem_pestat] analyzing insert size distribution for orientation FR...
[M::mem_pestat] (25, 50, 75) percentile: (144, 263, 507)
[M::mem_pestat] low and high boundaries for computing mean and std.dev: (1, 1233)
[M::mem_pestat] mean and std.dev: (305.49, 171.96)
[M::mem_pestat] low and high boundaries for proper pairs: (1, 1596)
[M::mem_pestat] skip orientation RF as there are not enough pairs
[M::mem_pestat] skip orientation RR as there are not enough pairs
[M::mem_pestat] skip orientation FF
[M::mem_process_seqs] Processed 266668 reads in 204.274 CPU sec, 51.120 real sec
[M::process] read 266668 sequences (40000200 bp)...
[M::mem_pestat] # candidate unique pairs for (FF, FR, RF, RR): (7, 2207, 2, 6)
[M::mem_pestat] skip orientation FF as there are not enough pairs
[M::mem_pestat] analyzing insert size distribution for orientation FR...
[M::mem_pestat] (25, 50, 75) percentile: (143, 264, 506)
[M::mem_pestat] low and high boundaries for computing mean and std.dev: (1, 1232)
[M::mem_pestat] mean and std.dev: (303.06, 174.02)
[M::mem_pestat] low and high boundaries for proper pairs: (1, 1595)
[M::mem_pestat] skip orientation RF as there are not enough pairs
[M::mem_pestat] skip orientation RR as there are not enough pairs
[M::mem_process_seqs] Processed 266668 reads in 207.371 CPU sec, 51.920 real sec
[M::process] read 266668 sequences (40000200 bp)...
[M::mem_pestat] # candidate unique pairs for (FF, FR, RF, RR): (11, 2254, 2, 12)
[M::mem_pestat] analyzing insert size distribution for orientation FF...
[M::mem_pestat] (25, 50, 75) percentile: (147, 161, 239)
[M::mem_pestat] low and high boundaries for computing mean and std.dev: (1, 423)
[M::mem_pestat] mean and std.dev: (158.11, 40.39)
[M::mem_pestat] low and high boundaries for proper pairs: (1, 515)
[M::mem_pestat] analyzing insert size distribution for orientation FR...
[M::mem_pestat] (25, 50, 75) percentile: (144, 262, 507)
[M::mem_pestat] low and high boundaries for computing mean and std.dev: (1, 1233)
[M::mem_pestat] mean and std.dev: (307.62, 173.37)
[M::mem_pestat] low and high boundaries for proper pairs: (1, 1596)
[M::mem_pestat] skip orientation RF as there are not enough pairs
[M::mem_pestat] analyzing insert size distribution for orientation RR...
[M::mem_pestat] (25, 50, 75) percentile: (168, 329, 432)
[M::mem_pestat] low and high boundaries for computing mean and std.dev: (1, 960)
[M::mem_pestat] mean and std.dev: (243.80, 104.93)
[M::mem_pestat] low and high boundaries for proper pairs: (1, 1224)
[M::mem_pestat] skip orientation FF
[M::mem_pestat] skip orientation RR
[M::mem_process_seqs] Processed 266668 reads in 207.573 CPU sec, 51.993 real sec
[M::process] read 266668 sequences (40000200 bp)...
[M::mem_pestat] # candidate unique pairs for (FF, FR, RF, RR): (8, 2149, 1, 5)
[M::mem_pestat] skip orientation FF as there are not enough pairs
[M::mem_pestat] analyzing insert size distribution for orientation FR...
[M::mem_pestat] (25, 50, 75) percentile: (144, 270, 509)
[M::mem_pestat] low and high boundaries for computing mean and std.dev: (1, 1239)
[M::mem_pestat] mean and std.dev: (308.25, 173.57)
[M::mem_pestat] low and high boundaries for proper pairs: (1, 1604)
[M::mem_pestat] skip orientation RF as there are not enough pairs
[M::mem_pestat] skip orientation RR as there are not enough pairs
[M::mem_process_seqs] Processed 266668 reads in 210.161 CPU sec, 52.623 real sec
[M::process] read 266668 sequences (40000200 bp)...
[M::mem_pestat] # candidate unique pairs for (FF, FR, RF, RR): (10, 2204, 0, 3)
[M::mem_pestat] analyzing insert size distribution for orientation FF...
[M::mem_pestat] (25, 50, 75) percentile: (107, 164, 286)
[M::mem_pestat] low and high boundaries for computing mean and std.dev: (1, 644)
[M::mem_pestat] mean and std.dev: (194.78, 151.47)
[M::mem_pestat] low and high boundaries for proper pairs: (1, 823)
[M::mem_pestat] analyzing insert size distribution for orientation FR...
[M::mem_pestat] (25, 50, 75) percentile: (144, 267, 507)
[M::mem_pestat] low and high boundaries for computing mean and std.dev: (1, 1233)
[M::mem_pestat] mean and std.dev: (307.19, 171.54)
[M::mem_pestat] low and high boundaries for proper pairs: (1, 1596)
[M::mem_pestat] skip orientation RF as there are not enough pairs
[M::mem_pestat] skip orientation RR as there are not enough pairs
[M::mem_pestat] skip orientation FF
[M::mem_process_seqs] Processed 266668 reads in 209.867 CPU sec, 52.533 real sec
[M::process] read 266668 sequences (40000200 bp)...
[M::mem_pestat] # candidate unique pairs for (FF, FR, RF, RR): (12, 2206, 4, 4)
[M::mem_pestat] analyzing insert size distribution for orientation FF...
[M::mem_pestat] (25, 50, 75) percentile: (111, 169, 368)
[M::mem_pestat] low and high boundaries for computing mean and std.dev: (1, 882)
[M::mem_pestat] mean and std.dev: (185.90, 95.56)
[M::mem_pestat] low and high boundaries for proper pairs: (1, 1139)
[M::mem_pestat] analyzing insert size distribution for orientation FR...
[M::mem_pestat] (25, 50, 75) percentile: (144, 275, 508)
[M::mem_pestat] low and high boundaries for computing mean and std.dev: (1, 1236)
[M::mem_pestat] mean and std.dev: (310.48, 172.07)
[M::mem_pestat] low and high boundaries for proper pairs: (1, 1600)
[M::mem_pestat] skip orientation RF as there are not enough pairs
[M::mem_pestat] skip orientation RR as there are not enough pairs
[M::mem_pestat] skip orientation FF
[M::mem_process_seqs] Processed 266668 reads in 207.583 CPU sec, 51.966 real sec
[M::process] read 266668 sequences (40000200 bp)...
[M::mem_pestat] # candidate unique pairs for (FF, FR, RF, RR): (7, 2250, 0, 6)
[M::mem_pestat] skip orientation FF as there are not enough pairs
[M::mem_pestat] analyzing insert size distribution for orientation FR...
[M::mem_pestat] (25, 50, 75) percentile: (143, 265, 507)
[M::mem_pestat] low and high boundaries for computing mean and std.dev: (1, 1235)
[M::mem_pestat] mean and std.dev: (304.54, 172.20)
[M::mem_pestat] low and high boundaries for proper pairs: (1, 1599)
[M::mem_pestat] skip orientation RF as there are not enough pairs
[M::mem_pestat] skip orientation RR as there are not enough pairs
[M::mem_process_seqs] Processed 266668 reads in 210.563 CPU sec, 52.754 real sec
[M::process] read 266668 sequences (40000200 bp)...
[M::mem_pestat] # candidate unique pairs for (FF, FR, RF, RR): (11, 2073, 2, 9)
[M::mem_pestat] analyzing insert size distribution for orientation FF...
[M::mem_pestat] (25, 50, 75) percentile: (131, 150, 648)
[M::mem_pestat] low and high boundaries for computing mean and std.dev: (1, 1682)
[M::mem_pestat] mean and std.dev: (191.56, 165.03)
[M::mem_pestat] low and high boundaries for proper pairs: (1, 2199)
[M::mem_pestat] analyzing insert size distribution for orientation FR...
[M::mem_pestat] (25, 50, 75) percentile: (143, 263, 506)
[M::mem_pestat] low and high boundaries for computing mean and std.dev: (1, 1232)
[M::mem_pestat] mean and std.dev: (303.16, 171.96)
[M::mem_pestat] low and high boundaries for proper pairs: (1, 1595)
[M::mem_pestat] skip orientation RF as there are not enough pairs
[M::mem_pestat] skip orientation RR as there are not enough pairs
[M::mem_pestat] skip orientation FF
[M::mem_process_seqs] Processed 266668 reads in 205.056 CPU sec, 51.337 real sec
[M::process] read 266668 sequences (40000200 bp)...
[M::mem_pestat] # candidate unique pairs for (FF, FR, RF, RR): (16, 2255, 2, 3)
[M::mem_pestat] analyzing insert size distribution for orientation FF...
[M::mem_pestat] (25, 50, 75) percentile: (138, 210, 304)
[M::mem_pestat] low and high boundaries for computing mean and std.dev: (1, 636)
[M::mem_pestat] mean and std.dev: (178.43, 79.04)
[M::mem_pestat] low and high boundaries for proper pairs: (1, 802)
[M::mem_pestat] analyzing insert size distribution for orientation FR...
[M::mem_pestat] (25, 50, 75) percentile: (144, 264, 507)
[M::mem_pestat] low and high boundaries for computing mean and std.dev: (1, 1233)
[M::mem_pestat] mean and std.dev: (305.35, 171.75)
[M::mem_pestat] low and high boundaries for proper pairs: (1, 1596)
[M::mem_pestat] skip orientation RF as there are not enough pairs
[M::mem_pestat] skip orientation RR as there are not enough pairs
[M::mem_pestat] skip orientation FF
[M::mem_process_seqs] Processed 266668 reads in 208.504 CPU sec, 52.188 real sec
[M::process] read 266668 sequences (40000200 bp)...
[M::mem_pestat] # candidate unique pairs for (FF, FR, RF, RR): (5, 2155, 4, 6)
[M::mem_pestat] skip orientation FF as there are not enough pairs
[M::mem_pestat] analyzing insert size distribution for orientation FR...
[M::mem_pestat] (25, 50, 75) percentile: (144, 263, 509)
[M::mem_pestat] low and high boundaries for computing mean and std.dev: (1, 1239)
[M::mem_pestat] mean and std.dev: (308.79, 175.61)
[M::mem_pestat] low and high boundaries for proper pairs: (1, 1604)
[M::mem_pestat] skip orientation RF as there are not enough pairs
[M::mem_pestat] skip orientation RR as there are not enough pairs
[M::mem_process_seqs] Processed 266668 reads in 205.290 CPU sec, 51.409 real sec
[M::process] read 266668 sequences (40000200 bp)...
[M::mem_pestat] # candidate unique pairs for (FF, FR, RF, RR): (5, 2157, 2, 1)
[M::mem_pestat] skip orientation FF as there are not enough pairs
[M::mem_pestat] analyzing insert size distribution for orientation FR...
[M::mem_pestat] (25, 50, 75) percentile: (144, 266, 507)
[M::mem_pestat] low and high boundaries for computing mean and std.dev: (1, 1233)
[M::mem_pestat] mean and std.dev: (306.50, 172.34)
[M::mem_pestat] low and high boundaries for proper pairs: (1, 1596)
[M::mem_pestat] skip orientation RF as there are not enough pairs
[M::mem_pestat] skip orientation RR as there are not enough pairs
[M::mem_process_seqs] Processed 266668 reads in 209.035 CPU sec, 52.432 real sec
[M::process] read 266668 sequences (40000200 bp)...
[M::mem_pestat] # candidate unique pairs for (FF, FR, RF, RR): (6, 2205, 5, 8)
[M::mem_pestat] skip orientation FF as there are not enough pairs
[M::mem_pestat] analyzing insert size distribution for orientation FR...
[M::mem_pestat] (25, 50, 75) percentile: (144, 256, 507)
[M::mem_pestat] low and high boundaries for computing mean and std.dev: (1, 1233)
[M::mem_pestat] mean and std.dev: (303.66, 173.71)
[M::mem_pestat] low and high boundaries for proper pairs: (1, 1596)
[M::mem_pestat] skip orientation RF as there are not enough pairs
[M::mem_pestat] skip orientation RR as there are not enough pairs
[M::mem_process_seqs] Processed 266668 reads in 208.385 CPU sec, 52.168 real sec
[M::process] read 266668 sequences (40000200 bp)...
[M::mem_pestat] # candidate unique pairs for (FF, FR, RF, RR): (6, 2178, 0, 6)
[M::mem_pestat] skip orientation FF as there are not enough pairs
[M::mem_pestat] analyzing insert size distribution for orientation FR...
[M::mem_pestat] (25, 50, 75) percentile: (143, 263, 506)
[M::mem_pestat] low and high boundaries for computing mean and std.dev: (1, 1232)
[M::mem_pestat] mean and std.dev: (302.91, 171.36)
[M::mem_pestat] low and high boundaries for proper pairs: (1, 1595)
[M::mem_pestat] skip orientation RF as there are not enough pairs
[M::mem_pestat] skip orientation RR as there are not enough pairs
[M::mem_process_seqs] Processed 266668 reads in 210.015 CPU sec, 52.577 real sec
[M::process] read 121836 sequences (18275400 bp)...
[M::mem_pestat] # candidate unique pairs for (FF, FR, RF, RR): (5, 2139, 3, 9)
[M::mem_pestat] skip orientation FF as there are not enough pairs
[M::mem_pestat] analyzing insert size distribution for orientation FR...
[M::mem_pestat] (25, 50, 75) percentile: (143, 261, 505)
[M::mem_pestat] low and high boundaries for computing mean and std.dev: (1, 1229)
[M::mem_pestat] mean and std.dev: (300.74, 169.10)
[M::mem_pestat] low and high boundaries for proper pairs: (1, 1591)
[M::mem_pestat] skip orientation RF as there are not enough pairs
[M::mem_pestat] skip orientation RR as there are not enough pairs
[M::mem_process_seqs] Processed 266668 reads in 206.663 CPU sec, 51.745 real sec
[M::mem_pestat] # candidate unique pairs for (FF, FR, RF, RR): (6, 1000, 1, 0)
[M::mem_pestat] skip orientation FF as there are not enough pairs
[M::mem_pestat] analyzing insert size distribution for orientation FR...
[M::mem_pestat] (25, 50, 75) percentile: (144, 268, 505)
[M::mem_pestat] low and high boundaries for computing mean and std.dev: (1, 1227)
[M::mem_pestat] mean and std.dev: (301.46, 168.16)
[M::mem_pestat] low and high boundaries for proper pairs: (1, 1588)
[M::mem_pestat] skip orientation RF as there are not enough pairs
[M::mem_pestat] skip orientation RR as there are not enough pairs
[M::mem_process_seqs] Processed 121836 reads in 97.111 CPU sec, 24.300 real sec
[main] Version: 0.7.17-r1188
[main] CMD: bwa mem -t 4 -a /mnt/raid6/bacphagenetwork/data/bwa_index/chm13v2.0_noY.fa /mnt/raid6/bacphagenetwork/data/skin_metagenome/Beijing/02_rm_host/BJ144_1.fastq.gz /mnt/raid6/bacphagenetwork/data/skin_metagenome/Beijing/02_rm_host/BJ144_2.fastq.gz
[main] Real time: 4184.322 sec; CPU: 16695.306 sec
