[M::bwa_idx_load_from_disk] read 0 ALT contigs
[M::process] read 266668 sequences (40000200 bp)...
[M::process] read 266668 sequences (40000200 bp)...
[M::mem_pestat] # candidate unique pairs for (FF, FR, RF, RR): (31, 11781, 30, 22)
[M::mem_pestat] analyzing insert size distribution for orientation FF...
[M::mem_pestat] (25, 50, 75) percentile: (184, 650, 1424)
[M::mem_pestat] low and high boundaries for computing mean and std.dev: (1, 3904)
[M::mem_pestat] mean and std.dev: (903.45, 899.31)
[M::mem_pestat] low and high boundaries for proper pairs: (1, 5144)
[M::mem_pestat] analyzing insert size distribution for orientation FR...
[M::mem_pestat] (25, 50, 75) percentile: (144, 502, 525)
[M::mem_pestat] low and high boundaries for computing mean and std.dev: (1, 1287)
[M::mem_pestat] mean and std.dev: (368.85, 188.48)
[M::mem_pestat] low and high boundaries for proper pairs: (1, 1668)
[M::mem_pestat] analyzing insert size distribution for orientation RF...
[M::mem_pestat] (25, 50, 75) percentile: (1456, 2080, 2612)
[M::mem_pestat] low and high boundaries for computing mean and std.dev: (1, 4924)
[M::mem_pestat] mean and std.dev: (2043.27, 1094.35)
[M::mem_pestat] low and high boundaries for proper pairs: (1, 6421)
[M::mem_pestat] analyzing insert size distribution for orientation RR...
[M::mem_pestat] (25, 50, 75) percentile: (335, 788, 1423)
[M::mem_pestat] low and high boundaries for computing mean and std.dev: (1, 3599)
[M::mem_pestat] mean and std.dev: (862.05, 723.60)
[M::mem_pestat] low and high boundaries for proper pairs: (1, 4687)
[M::mem_pestat] skip orientation FF
[M::mem_pestat] skip orientation RF
[M::mem_pestat] skip orientation RR
[M::mem_process_seqs] Processed 266668 reads in 483.041 CPU sec, 121.359 real sec
[M::process] read 266668 sequences (40000200 bp)...
[M::mem_pestat] # candidate unique pairs for (FF, FR, RF, RR): (23, 11504, 32, 22)
[M::mem_pestat] analyzing insert size distribution for orientation FF...
[M::mem_pestat] (25, 50, 75) percentile: (534, 894, 1147)
[M::mem_pestat] low and high boundaries for computing mean and std.dev: (1, 2373)
[M::mem_pestat] mean and std.dev: (881.77, 602.91)
[M::mem_pestat] low and high boundaries for proper pairs: (1, 3293)
[M::mem_pestat] analyzing insert size distribution for orientation FR...
[M::mem_pestat] (25, 50, 75) percentile: (144, 501, 524)
[M::mem_pestat] low and high boundaries for computing mean and std.dev: (1, 1284)
[M::mem_pestat] mean and std.dev: (364.39, 188.42)
[M::mem_pestat] low and high boundaries for proper pairs: (1, 1664)
[M::mem_pestat] analyzing insert size distribution for orientation RF...
[M::mem_pestat] (25, 50, 75) percentile: (936, 2013, 2093)
[M::mem_pestat] low and high boundaries for computing mean and std.dev: (1, 4407)
[M::mem_pestat] mean and std.dev: (1542.56, 737.44)
[M::mem_pestat] low and high boundaries for proper pairs: (1, 5564)
[M::mem_pestat] analyzing insert size distribution for orientation RR...
[M::mem_pestat] (25, 50, 75) percentile: (752, 973, 1374)
[M::mem_pestat] low and high boundaries for computing mean and std.dev: (1, 2618)
[M::mem_pestat] mean and std.dev: (1000.90, 556.29)
[M::mem_pestat] low and high boundaries for proper pairs: (1, 3240)
[M::mem_pestat] skip orientation FF
[M::mem_pestat] skip orientation RF
[M::mem_pestat] skip orientation RR
[M::mem_process_seqs] Processed 266668 reads in 486.974 CPU sec, 122.065 real sec
[M::process] read 266668 sequences (40000200 bp)...
[M::mem_pestat] # candidate unique pairs for (FF, FR, RF, RR): (22, 11524, 43, 20)
[M::mem_pestat] analyzing insert size distribution for orientation FF...
[M::mem_pestat] (25, 50, 75) percentile: (336, 1061, 2122)
[M::mem_pestat] low and high boundaries for computing mean and std.dev: (1, 5694)
[M::mem_pestat] mean and std.dev: (1173.52, 919.21)
[M::mem_pestat] low and high boundaries for proper pairs: (1, 7480)
[M::mem_pestat] analyzing insert size distribution for orientation FR...
[M::mem_pestat] (25, 50, 75) percentile: (144, 501, 523)
[M::mem_pestat] low and high boundaries for computing mean and std.dev: (1, 1281)
[M::mem_pestat] mean and std.dev: (360.90, 187.79)
[M::mem_pestat] low and high boundaries for proper pairs: (1, 1660)
[M::mem_pestat] analyzing insert size distribution for orientation RF...
[M::mem_pestat] (25, 50, 75) percentile: (1224, 2067, 2172)
[M::mem_pestat] low and high boundaries for computing mean and std.dev: (1, 4068)
[M::mem_pestat] mean and std.dev: (1680.77, 949.33)
[M::mem_pestat] low and high boundaries for proper pairs: (1, 5478)
[M::mem_pestat] analyzing insert size distribution for orientation RR...
[M::mem_pestat] (25, 50, 75) percentile: (448, 704, 1639)
[M::mem_pestat] low and high boundaries for computing mean and std.dev: (1, 4021)
[M::mem_pestat] mean and std.dev: (996.32, 768.61)
[M::mem_pestat] low and high boundaries for proper pairs: (1, 5212)
[M::mem_pestat] skip orientation FF
[M::mem_pestat] skip orientation RF
[M::mem_pestat] skip orientation RR
[M::mem_process_seqs] Processed 266668 reads in 490.466 CPU sec, 123.128 real sec
[M::process] read 266668 sequences (40000200 bp)...
[M::mem_pestat] # candidate unique pairs for (FF, FR, RF, RR): (21, 11555, 32, 24)
[M::mem_pestat] analyzing insert size distribution for orientation FF...
[M::mem_pestat] (25, 50, 75) percentile: (421, 998, 1792)
[M::mem_pestat] low and high boundaries for computing mean and std.dev: (1, 4534)
[M::mem_pestat] mean and std.dev: (1130.86, 885.37)
[M::mem_pestat] low and high boundaries for proper pairs: (1, 5905)
[M::mem_pestat] analyzing insert size distribution for orientation FR...
[M::mem_pestat] (25, 50, 75) percentile: (144, 501, 525)
[M::mem_pestat] low and high boundaries for computing mean and std.dev: (1, 1287)
[M::mem_pestat] mean and std.dev: (364.71, 190.24)
[M::mem_pestat] low and high boundaries for proper pairs: (1, 1668)
[M::mem_pestat] analyzing insert size distribution for orientation RF...
[M::mem_pestat] (25, 50, 75) percentile: (1419, 2077, 2130)
[M::mem_pestat] low and high boundaries for computing mean and std.dev: (1, 3552)
[M::mem_pestat] mean and std.dev: (1633.15, 724.79)
[M::mem_pestat] low and high boundaries for proper pairs: (1, 4532)
[M::mem_pestat] analyzing insert size distribution for orientation RR...
[M::mem_pestat] (25, 50, 75) percentile: (617, 876, 2678)
[M::mem_pestat] low and high boundaries for computing mean and std.dev: (1, 6800)
[M::mem_pestat] mean and std.dev: (1608.74, 1640.25)
[M::mem_pestat] low and high boundaries for proper pairs: (1, 8861)
[M::mem_pestat] skip orientation FF
[M::mem_pestat] skip orientation RF
[M::mem_pestat] skip orientation RR
[M::mem_process_seqs] Processed 266668 reads in 486.257 CPU sec, 122.187 real sec
[M::process] read 266668 sequences (40000200 bp)...
[M::mem_pestat] # candidate unique pairs for (FF, FR, RF, RR): (31, 11495, 33, 23)
[M::mem_pestat] analyzing insert size distribution for orientation FF...
[M::mem_pestat] (25, 50, 75) percentile: (265, 559, 1019)
[M::mem_pestat] low and high boundaries for computing mean and std.dev: (1, 2527)
[M::mem_pestat] mean and std.dev: (733.03, 627.29)
[M::mem_pestat] low and high boundaries for proper pairs: (1, 3281)
[M::mem_pestat] analyzing insert size distribution for orientation FR...
[M::mem_pestat] (25, 50, 75) percentile: (143, 500, 523)
[M::mem_pestat] low and high boundaries for computing mean and std.dev: (1, 1283)
[M::mem_pestat] mean and std.dev: (357.28, 189.60)
[M::mem_pestat] low and high boundaries for proper pairs: (1, 1663)
[M::mem_pestat] analyzing insert size distribution for orientation RF...
[M::mem_pestat] (25, 50, 75) percentile: (1489, 2065, 2161)
[M::mem_pestat] low and high boundaries for computing mean and std.dev: (145, 3505)
[M::mem_pestat] mean and std.dev: (1848.14, 776.79)
[M::mem_pestat] low and high boundaries for proper pairs: (1, 4955)
[M::mem_pestat] analyzing insert size distribution for orientation RR...
[M::mem_pestat] (25, 50, 75) percentile: (666, 904, 1699)
[M::mem_pestat] low and high boundaries for computing mean and std.dev: (1, 3765)
[M::mem_pestat] mean and std.dev: (958.00, 666.33)
[M::mem_pestat] low and high boundaries for proper pairs: (1, 4798)
[M::mem_pestat] skip orientation FF
[M::mem_pestat] skip orientation RF
[M::mem_pestat] skip orientation RR
[M::mem_process_seqs] Processed 266668 reads in 490.124 CPU sec, 122.875 real sec
[M::process] read 266668 sequences (40000200 bp)...
[M::mem_pestat] # candidate unique pairs for (FF, FR, RF, RR): (20, 11606, 32, 15)
[M::mem_pestat] analyzing insert size distribution for orientation FF...
[M::mem_pestat] (25, 50, 75) percentile: (300, 1114, 1753)
[M::mem_pestat] low and high boundaries for computing mean and std.dev: (1, 4659)
[M::mem_pestat] mean and std.dev: (1106.30, 764.24)
[M::mem_pestat] low and high boundaries for proper pairs: (1, 6112)
[M::mem_pestat] analyzing insert size distribution for orientation FR...
[M::mem_pestat] (25, 50, 75) percentile: (144, 500, 523)
[M::mem_pestat] low and high boundaries for computing mean and std.dev: (1, 1281)
[M::mem_pestat] mean and std.dev: (359.61, 187.95)
[M::mem_pestat] low and high boundaries for proper pairs: (1, 1660)
[M::mem_pestat] analyzing insert size distribution for orientation RF...
[M::mem_pestat] (25, 50, 75) percentile: (2017, 2110, 2976)
[M::mem_pestat] low and high boundaries for computing mean and std.dev: (99, 4894)
[M::mem_pestat] mean and std.dev: (2176.79, 950.12)
[M::mem_pestat] low and high boundaries for proper pairs: (1, 5977)
[M::mem_pestat] analyzing insert size distribution for orientation RR...
[M::mem_pestat] (25, 50, 75) percentile: (1043, 2451, 4188)
[M::mem_pestat] low and high boundaries for computing mean and std.dev: (1, 10478)
[M::mem_pestat] mean and std.dev: (2698.53, 2117.67)
[M::mem_pestat] low and high boundaries for proper pairs: (1, 13623)
[M::mem_pestat] skip orientation FF
[M::mem_pestat] skip orientation RF
[M::mem_pestat] skip orientation RR
[M::mem_process_seqs] Processed 266668 reads in 495.983 CPU sec, 124.350 real sec
[M::process] read 266668 sequences (40000200 bp)...
[M::mem_pestat] # candidate unique pairs for (FF, FR, RF, RR): (27, 11623, 34, 20)
[M::mem_pestat] analyzing insert size distribution for orientation FF...
[M::mem_pestat] (25, 50, 75) percentile: (510, 752, 1981)
[M::mem_pestat] low and high boundaries for computing mean and std.dev: (1, 4923)
[M::mem_pestat] mean and std.dev: (1144.92, 1135.47)
[M::mem_pestat] low and high boundaries for proper pairs: (1, 6394)
[M::mem_pestat] analyzing insert size distribution for orientation FR...
[M::mem_pestat] (25, 50, 75) percentile: (144, 501, 524)
[M::mem_pestat] low and high boundaries for computing mean and std.dev: (1, 1284)
[M::mem_pestat] mean and std.dev: (361.06, 188.48)
[M::mem_pestat] low and high boundaries for proper pairs: (1, 1664)
[M::mem_pestat] analyzing insert size distribution for orientation RF...
[M::mem_pestat] (25, 50, 75) percentile: (1169, 2078, 2141)
[M::mem_pestat] low and high boundaries for computing mean and std.dev: (1, 4085)
[M::mem_pestat] mean and std.dev: (1683.31, 938.17)
[M::mem_pestat] low and high boundaries for proper pairs: (1, 5436)
[M::mem_pestat] analyzing insert size distribution for orientation RR...
[M::mem_pestat] (25, 50, 75) percentile: (575, 1061, 2809)
[M::mem_pestat] low and high boundaries for computing mean and std.dev: (1, 7277)
[M::mem_pestat] mean and std.dev: (1545.05, 1582.32)
[M::mem_pestat] low and high boundaries for proper pairs: (1, 9511)
[M::mem_pestat] skip orientation FF
[M::mem_pestat] skip orientation RF
[M::mem_pestat] skip orientation RR
[M::mem_process_seqs] Processed 266668 reads in 487.369 CPU sec, 122.124 real sec
[M::process] read 266668 sequences (40000200 bp)...
[M::mem_pestat] # candidate unique pairs for (FF, FR, RF, RR): (20, 11378, 32, 22)
[M::mem_pestat] analyzing insert size distribution for orientation FF...
[M::mem_pestat] (25, 50, 75) percentile: (187, 495, 1315)
[M::mem_pestat] low and high boundaries for computing mean and std.dev: (1, 3571)
[M::mem_pestat] mean and std.dev: (687.16, 711.23)
[M::mem_pestat] low and high boundaries for proper pairs: (1, 4699)
[M::mem_pestat] analyzing insert size distribution for orientation FR...
[M::mem_pestat] (25, 50, 75) percentile: (144, 501, 524)
[M::mem_pestat] low and high boundaries for computing mean and std.dev: (1, 1284)
[M::mem_pestat] mean and std.dev: (362.53, 188.34)
[M::mem_pestat] low and high boundaries for proper pairs: (1, 1664)
[M::mem_pestat] analyzing insert size distribution for orientation RF...
[M::mem_pestat] (25, 50, 75) percentile: (885, 2037, 2090)
[M::mem_pestat] low and high boundaries for computing mean and std.dev: (1, 4500)
[M::mem_pestat] mean and std.dev: (1526.50, 893.86)
[M::mem_pestat] low and high boundaries for proper pairs: (1, 5705)
[M::mem_pestat] analyzing insert size distribution for orientation RR...
[M::mem_pestat] (25, 50, 75) percentile: (617, 1057, 1767)
[M::mem_pestat] low and high boundaries for computing mean and std.dev: (1, 4067)
[M::mem_pestat] mean and std.dev: (1203.27, 828.62)
[M::mem_pestat] low and high boundaries for proper pairs: (1, 5217)
[M::mem_pestat] skip orientation FF
[M::mem_pestat] skip orientation RF
[M::mem_pestat] skip orientation RR
[M::mem_process_seqs] Processed 266668 reads in 487.368 CPU sec, 122.221 real sec
[M::process] read 266668 sequences (40000200 bp)...
[M::mem_pestat] # candidate unique pairs for (FF, FR, RF, RR): (37, 11553, 27, 18)
[M::mem_pestat] analyzing insert size distribution for orientation FF...
[M::mem_pestat] (25, 50, 75) percentile: (279, 590, 1140)
[M::mem_pestat] low and high boundaries for computing mean and std.dev: (1, 2862)
[M::mem_pestat] mean and std.dev: (723.85, 643.38)
[M::mem_pestat] low and high boundaries for proper pairs: (1, 3723)
[M::mem_pestat] analyzing insert size distribution for orientation FR...
[M::mem_pestat] (25, 50, 75) percentile: (144, 501, 524)
[M::mem_pestat] low and high boundaries for computing mean and std.dev: (1, 1284)
[M::mem_pestat] mean and std.dev: (362.48, 188.43)
[M::mem_pestat] low and high boundaries for proper pairs: (1, 1664)
[M::mem_pestat] analyzing insert size distribution for orientation RF...
[M::mem_pestat] (25, 50, 75) percentile: (2057, 2104, 2178)
[M::mem_pestat] low and high boundaries for computing mean and std.dev: (1815, 2420)
[M::mem_pestat] mean and std.dev: (2101.75, 44.28)
[M::mem_pestat] low and high boundaries for proper pairs: (1694, 2541)
[M::mem_pestat] analyzing insert size distribution for orientation RR...
[M::mem_pestat] (25, 50, 75) percentile: (680, 1497, 1956)
[M::mem_pestat] low and high boundaries for computing mean and std.dev: (1, 4508)
[M::mem_pestat] mean and std.dev: (1474.53, 1074.51)
[M::mem_pestat] low and high boundaries for proper pairs: (1, 5784)
[M::mem_pestat] skip orientation FF
[M::mem_pestat] skip orientation RF
[M::mem_pestat] skip orientation RR
[M::mem_process_seqs] Processed 266668 reads in 489.293 CPU sec, 122.637 real sec
[M::process] read 266668 sequences (40000200 bp)...
[M::mem_pestat] # candidate unique pairs for (FF, FR, RF, RR): (21, 11646, 31, 11)
[M::mem_pestat] analyzing insert size distribution for orientation FF...
[M::mem_pestat] (25, 50, 75) percentile: (706, 1019, 2067)
[M::mem_pestat] low and high boundaries for computing mean and std.dev: (1, 4789)
[M::mem_pestat] mean and std.dev: (1232.10, 821.03)
[M::mem_pestat] low and high boundaries for proper pairs: (1, 6150)
[M::mem_pestat] analyzing insert size distribution for orientation FR...
[M::mem_pestat] (25, 50, 75) percentile: (144, 501, 524)
[M::mem_pestat] low and high boundaries for computing mean and std.dev: (1, 1284)
[M::mem_pestat] mean and std.dev: (360.18, 189.95)
[M::mem_pestat] low and high boundaries for proper pairs: (1, 1664)
[M::mem_pestat] analyzing insert size distribution for orientation RF...
[M::mem_pestat] (25, 50, 75) percentile: (990, 2072, 2122)
[M::mem_pestat] low and high boundaries for computing mean and std.dev: (1, 4386)
[M::mem_pestat] mean and std.dev: (1667.47, 795.67)
[M::mem_pestat] low and high boundaries for proper pairs: (1, 5518)
[M::mem_pestat] analyzing insert size distribution for orientation RR...
[M::mem_pestat] (25, 50, 75) percentile: (743, 1546, 2389)
[M::mem_pestat] low and high boundaries for computing mean and std.dev: (1, 5681)
[M::mem_pestat] mean and std.dev: (1430.10, 755.79)
[M::mem_pestat] low and high boundaries for proper pairs: (1, 7327)
[M::mem_pestat] skip orientation FF
[M::mem_pestat] skip orientation RF
[M::mem_pestat] skip orientation RR
[M::mem_process_seqs] Processed 266668 reads in 487.023 CPU sec, 122.089 real sec
[M::process] read 266668 sequences (40000200 bp)...
[M::mem_pestat] # candidate unique pairs for (FF, FR, RF, RR): (31, 11203, 26, 37)
[M::mem_pestat] analyzing insert size distribution for orientation FF...
[M::mem_pestat] (25, 50, 75) percentile: (450, 748, 1143)
[M::mem_pestat] low and high boundaries for computing mean and std.dev: (1, 2529)
[M::mem_pestat] mean and std.dev: (788.89, 555.05)
[M::mem_pestat] low and high boundaries for proper pairs: (1, 3222)
[M::mem_pestat] analyzing insert size distribution for orientation FR...
[M::mem_pestat] (25, 50, 75) percentile: (144, 502, 525)
[M::mem_pestat] low and high boundaries for computing mean and std.dev: (1, 1287)
[M::mem_pestat] mean and std.dev: (365.10, 189.60)
[M::mem_pestat] low and high boundaries for proper pairs: (1, 1668)
[M::mem_pestat] analyzing insert size distribution for orientation RF...
[M::mem_pestat] (25, 50, 75) percentile: (2007, 2071, 3098)
[M::mem_pestat] low and high boundaries for computing mean and std.dev: (1, 5280)
[M::mem_pestat] mean and std.dev: (2001.00, 1044.43)
[M::mem_pestat] low and high boundaries for proper pairs: (1, 6371)
[M::mem_pestat] analyzing insert size distribution for orientation RR...
[M::mem_pestat] (25, 50, 75) percentile: (233, 1006, 1546)
[M::mem_pestat] low and high boundaries for computing mean and std.dev: (1, 4172)
[M::mem_pestat] mean and std.dev: (1003.74, 786.04)
[M::mem_pestat] low and high boundaries for proper pairs: (1, 5485)
[M::mem_pestat] skip orientation FF
[M::mem_pestat] skip orientation RF
[M::mem_pestat] skip orientation RR
[M::mem_process_seqs] Processed 266668 reads in 494.135 CPU sec, 123.917 real sec
[M::process] read 266668 sequences (40000200 bp)...
[M::mem_pestat] # candidate unique pairs for (FF, FR, RF, RR): (31, 11579, 38, 16)
[M::mem_pestat] analyzing insert size distribution for orientation FF...
[M::mem_pestat] (25, 50, 75) percentile: (228, 653, 1164)
[M::mem_pestat] low and high boundaries for computing mean and std.dev: (1, 3036)
[M::mem_pestat] mean and std.dev: (711.17, 635.84)
[M::mem_pestat] low and high boundaries for proper pairs: (1, 3972)
[M::mem_pestat] analyzing insert size distribution for orientation FR...
[M::mem_pestat] (25, 50, 75) percentile: (144, 501, 524)
[M::mem_pestat] low and high boundaries for computing mean and std.dev: (1, 1284)
[M::mem_pestat] mean and std.dev: (363.28, 189.69)
[M::mem_pestat] low and high boundaries for proper pairs: (1, 1664)
[M::mem_pestat] analyzing insert size distribution for orientation RF...
[M::mem_pestat] (25, 50, 75) percentile: (649, 2004, 2079)
[M::mem_pestat] low and high boundaries for computing mean and std.dev: (1, 4939)
[M::mem_pestat] mean and std.dev: (1477.69, 947.24)
[M::mem_pestat] low and high boundaries for proper pairs: (1, 6369)
[M::mem_pestat] analyzing insert size distribution for orientation RR...
[M::mem_pestat] (25, 50, 75) percentile: (738, 862, 1396)
[M::mem_pestat] low and high boundaries for computing mean and std.dev: (1, 2712)
[M::mem_pestat] mean and std.dev: (851.57, 507.08)
[M::mem_pestat] low and high boundaries for proper pairs: (1, 3370)
[M::mem_pestat] skip orientation FF
[M::mem_pestat] skip orientation RF
[M::mem_pestat] skip orientation RR
[M::mem_process_seqs] Processed 266668 reads in 484.457 CPU sec, 121.421 real sec
[M::process] read 266668 sequences (40000200 bp)...
[M::mem_pestat] # candidate unique pairs for (FF, FR, RF, RR): (32, 11588, 36, 20)
[M::mem_pestat] analyzing insert size distribution for orientation FF...
[M::mem_pestat] (25, 50, 75) percentile: (190, 496, 961)
[M::mem_pestat] low and high boundaries for computing mean and std.dev: (1, 2503)
[M::mem_pestat] mean and std.dev: (618.90, 577.70)
[M::mem_pestat] low and high boundaries for proper pairs: (1, 3274)
[M::mem_pestat] analyzing insert size distribution for orientation FR...
[M::mem_pestat] (25, 50, 75) percentile: (144, 501, 524)
[M::mem_pestat] low and high boundaries for computing mean and std.dev: (1, 1284)
[M::mem_pestat] mean and std.dev: (361.76, 189.36)
[M::mem_pestat] low and high boundaries for proper pairs: (1, 1664)
[M::mem_pestat] analyzing insert size distribution for orientation RF...
[M::mem_pestat] (25, 50, 75) percentile: (1186, 2103, 3197)
[M::mem_pestat] low and high boundaries for computing mean and std.dev: (1, 7219)
[M::mem_pestat] mean and std.dev: (2086.09, 1420.14)
[M::mem_pestat] low and high boundaries for proper pairs: (1, 9230)
[M::mem_pestat] analyzing insert size distribution for orientation RR...
[M::mem_pestat] (25, 50, 75) percentile: (533, 688, 1799)
[M::mem_pestat] low and high boundaries for computing mean and std.dev: (1, 4331)
[M::mem_pestat] mean and std.dev: (987.26, 996.38)
[M::mem_pestat] low and high boundaries for proper pairs: (1, 5597)
[M::mem_pestat] skip orientation FF
[M::mem_pestat] skip orientation RF
[M::mem_pestat] skip orientation RR
[M::mem_process_seqs] Processed 266668 reads in 484.712 CPU sec, 121.668 real sec
[M::process] read 266668 sequences (40000200 bp)...
[M::mem_pestat] # candidate unique pairs for (FF, FR, RF, RR): (31, 11667, 42, 25)
[M::mem_pestat] analyzing insert size distribution for orientation FF...
[M::mem_pestat] (25, 50, 75) percentile: (371, 745, 1528)
[M::mem_pestat] low and high boundaries for computing mean and std.dev: (1, 3842)
[M::mem_pestat] mean and std.dev: (897.33, 758.80)
[M::mem_pestat] low and high boundaries for proper pairs: (1, 4999)
[M::mem_pestat] analyzing insert size distribution for orientation FR...
[M::mem_pestat] (25, 50, 75) percentile: (144, 502, 525)
[M::mem_pestat] low and high boundaries for computing mean and std.dev: (1, 1287)
[M::mem_pestat] mean and std.dev: (366.71, 188.74)
[M::mem_pestat] low and high boundaries for proper pairs: (1, 1668)
[M::mem_pestat] analyzing insert size distribution for orientation RF...
[M::mem_pestat] (25, 50, 75) percentile: (991, 2071, 2128)
[M::mem_pestat] low and high boundaries for computing mean and std.dev: (1, 4402)
[M::mem_pestat] mean and std.dev: (1625.22, 943.56)
[M::mem_pestat] low and high boundaries for proper pairs: (1, 5539)
[M::mem_pestat] analyzing insert size distribution for orientation RR...
[M::mem_pestat] (25, 50, 75) percentile: (721, 951, 1366)
[M::mem_pestat] low and high boundaries for computing mean and std.dev: (1, 2656)
[M::mem_pestat] mean and std.dev: (945.27, 503.82)
[M::mem_pestat] low and high boundaries for proper pairs: (1, 3301)
[M::mem_pestat] skip orientation FF
[M::mem_pestat] skip orientation RF
[M::mem_pestat] skip orientation RR
[M::mem_process_seqs] Processed 266668 reads in 485.692 CPU sec, 122.068 real sec
[M::process] read 266668 sequences (40000200 bp)...
[M::mem_pestat] # candidate unique pairs for (FF, FR, RF, RR): (21, 11360, 30, 20)
[M::mem_pestat] analyzing insert size distribution for orientation FF...
[M::mem_pestat] (25, 50, 75) percentile: (271, 938, 1723)
[M::mem_pestat] low and high boundaries for computing mean and std.dev: (1, 4627)
[M::mem_pestat] mean and std.dev: (970.95, 783.09)
[M::mem_pestat] low and high boundaries for proper pairs: (1, 6079)
[M::mem_pestat] analyzing insert size distribution for orientation FR...
[M::mem_pestat] (25, 50, 75) percentile: (144, 501, 524)
[M::mem_pestat] low and high boundaries for computing mean and std.dev: (1, 1284)
[M::mem_pestat] mean and std.dev: (365.08, 188.59)
[M::mem_pestat] low and high boundaries for proper pairs: (1, 1664)
[M::mem_pestat] analyzing insert size distribution for orientation RF...
[M::mem_pestat] (25, 50, 75) percentile: (948, 2073, 2148)
[M::mem_pestat] low and high boundaries for computing mean and std.dev: (1, 4548)
[M::mem_pestat] mean and std.dev: (1657.93, 838.61)
[M::mem_pestat] low and high boundaries for proper pairs: (1, 5748)
[M::mem_pestat] analyzing insert size distribution for orientation RR...
[M::mem_pestat] (25, 50, 75) percentile: (442, 834, 1369)
[M::mem_pestat] low and high boundaries for computing mean and std.dev: (1, 3223)
[M::mem_pestat] mean and std.dev: (890.95, 649.55)
[M::mem_pestat] low and high boundaries for proper pairs: (1, 4150)
[M::mem_pestat] skip orientation FF
[M::mem_pestat] skip orientation RF
[M::mem_pestat] skip orientation RR
[M::mem_process_seqs] Processed 266668 reads in 484.620 CPU sec, 121.462 real sec
[M::process] read 266668 sequences (40000200 bp)...
[M::mem_pestat] # candidate unique pairs for (FF, FR, RF, RR): (28, 11471, 37, 22)
[M::mem_pestat] analyzing insert size distribution for orientation FF...
[M::mem_pestat] (25, 50, 75) percentile: (183, 663, 1037)
[M::mem_pestat] low and high boundaries for computing mean and std.dev: (1, 2745)
[M::mem_pestat] mean and std.dev: (634.65, 483.93)
[M::mem_pestat] low and high boundaries for proper pairs: (1, 3599)
[M::mem_pestat] analyzing insert size distribution for orientation FR...
[M::mem_pestat] (25, 50, 75) percentile: (144, 501, 525)
[M::mem_pestat] low and high boundaries for computing mean and std.dev: (1, 1287)
[M::mem_pestat] mean and std.dev: (365.29, 188.71)
[M::mem_pestat] low and high boundaries for proper pairs: (1, 1668)
[M::mem_pestat] analyzing insert size distribution for orientation RF...
[M::mem_pestat] (25, 50, 75) percentile: (984, 2070, 2120)
[M::mem_pestat] low and high boundaries for computing mean and std.dev: (1, 4392)
[M::mem_pestat] mean and std.dev: (1618.71, 821.17)
[M::mem_pestat] low and high boundaries for proper pairs: (1, 5528)
[M::mem_pestat] analyzing insert size distribution for orientation RR...
[M::mem_pestat] (25, 50, 75) percentile: (794, 1185, 2016)
[M::mem_pestat] low and high boundaries for computing mean and std.dev: (1, 4460)
[M::mem_pestat] mean and std.dev: (1331.67, 1055.34)
[M::mem_pestat] low and high boundaries for proper pairs: (1, 5682)
[M::mem_pestat] skip orientation FF
[M::mem_pestat] skip orientation RF
[M::mem_pestat] skip orientation RR
[M::mem_process_seqs] Processed 266668 reads in 489.323 CPU sec, 122.689 real sec
[M::process] read 266668 sequences (40000200 bp)...
[M::mem_pestat] # candidate unique pairs for (FF, FR, RF, RR): (21, 11489, 35, 24)
[M::mem_pestat] analyzing insert size distribution for orientation FF...
[M::mem_pestat] (25, 50, 75) percentile: (199, 640, 2588)
[M::mem_pestat] low and high boundaries for computing mean and std.dev: (1, 7366)
[M::mem_pestat] mean and std.dev: (1377.80, 1662.59)
[M::mem_pestat] low and high boundaries for proper pairs: (1, 9755)
[M::mem_pestat] analyzing insert size distribution for orientation FR...
[M::mem_pestat] (25, 50, 75) percentile: (144, 502, 525)
[M::mem_pestat] low and high boundaries for computing mean and std.dev: (1, 1287)
[M::mem_pestat] mean and std.dev: (367.95, 188.91)
[M::mem_pestat] low and high boundaries for proper pairs: (1, 1668)
[M::mem_pestat] analyzing insert size distribution for orientation RF...
[M::mem_pestat] (25, 50, 75) percentile: (791, 2037, 2125)
[M::mem_pestat] low and high boundaries for computing mean and std.dev: (1, 4793)
[M::mem_pestat] mean and std.dev: (1508.79, 1091.39)
[M::mem_pestat] low and high boundaries for proper pairs: (1, 6127)
[M::mem_pestat] analyzing insert size distribution for orientation RR...
[M::mem_pestat] (25, 50, 75) percentile: (231, 694, 1795)
[M::mem_pestat] low and high boundaries for computing mean and std.dev: (1, 4923)
[M::mem_pestat] mean and std.dev: (968.50, 978.02)
[M::mem_pestat] low and high boundaries for proper pairs: (1, 6487)
[M::mem_pestat] skip orientation FF
[M::mem_pestat] skip orientation RF
[M::mem_pestat] skip orientation RR
[M::mem_process_seqs] Processed 266668 reads in 485.425 CPU sec, 121.723 real sec
[M::process] read 266668 sequences (40000200 bp)...
[M::mem_pestat] # candidate unique pairs for (FF, FR, RF, RR): (25, 11564, 42, 21)
[M::mem_pestat] analyzing insert size distribution for orientation FF...
[M::mem_pestat] (25, 50, 75) percentile: (280, 635, 1624)
[M::mem_pestat] low and high boundaries for computing mean and std.dev: (1, 4312)
[M::mem_pestat] mean and std.dev: (905.71, 780.94)
[M::mem_pestat] low and high boundaries for proper pairs: (1, 5656)
[M::mem_pestat] analyzing insert size distribution for orientation FR...
[M::mem_pestat] (25, 50, 75) percentile: (144, 501, 525)
[M::mem_pestat] low and high boundaries for computing mean and std.dev: (1, 1287)
[M::mem_pestat] mean and std.dev: (363.50, 188.92)
[M::mem_pestat] low and high boundaries for proper pairs: (1, 1668)
[M::mem_pestat] analyzing insert size distribution for orientation RF...
[M::mem_pestat] (25, 50, 75) percentile: (390, 2068, 2132)
[M::mem_pestat] low and high boundaries for computing mean and std.dev: (1, 5616)
[M::mem_pestat] mean and std.dev: (1579.21, 1329.38)
[M::mem_pestat] low and high boundaries for proper pairs: (1, 7358)
[M::mem_pestat] analyzing insert size distribution for orientation RR...
[M::mem_pestat] (25, 50, 75) percentile: (805, 1111, 2945)
[M::mem_pestat] low and high boundaries for computing mean and std.dev: (1, 7225)
[M::mem_pestat] mean and std.dev: (1654.52, 1578.92)
[M::mem_pestat] low and high boundaries for proper pairs: (1, 9365)
[M::mem_pestat] skip orientation FF
[M::mem_pestat] skip orientation RF
[M::mem_pestat] skip orientation RR
[M::mem_process_seqs] Processed 266668 reads in 488.521 CPU sec, 122.650 real sec
[M::process] read 266668 sequences (40000200 bp)...
[M::mem_pestat] # candidate unique pairs for (FF, FR, RF, RR): (21, 11660, 40, 20)
[M::mem_pestat] analyzing insert size distribution for orientation FF...
[M::mem_pestat] (25, 50, 75) percentile: (263, 804, 2609)
[M::mem_pestat] low and high boundaries for computing mean and std.dev: (1, 7301)
[M::mem_pestat] mean and std.dev: (1526.29, 1762.20)
[M::mem_pestat] low and high boundaries for proper pairs: (1, 9647)
[M::mem_pestat] analyzing insert size distribution for orientation FR...
[M::mem_pestat] (25, 50, 75) percentile: (144, 501, 524)
[M::mem_pestat] low and high boundaries for computing mean and std.dev: (1, 1284)
[M::mem_pestat] mean and std.dev: (361.78, 190.32)
[M::mem_pestat] low and high boundaries for proper pairs: (1, 1664)
[M::mem_pestat] analyzing insert size distribution for orientation RF...
[M::mem_pestat] (25, 50, 75) percentile: (577, 2050, 2104)
[M::mem_pestat] low and high boundaries for computing mean and std.dev: (1, 5158)
[M::mem_pestat] mean and std.dev: (1522.62, 1012.72)
[M::mem_pestat] low and high boundaries for proper pairs: (1, 6685)
[M::mem_pestat] analyzing insert size distribution for orientation RR...
[M::mem_pestat] (25, 50, 75) percentile: (836, 1166, 2101)
[M::mem_pestat] low and high boundaries for computing mean and std.dev: (1, 4631)
[M::mem_pestat] mean and std.dev: (1178.61, 856.32)
[M::mem_pestat] low and high boundaries for proper pairs: (1, 5896)
[M::mem_pestat] skip orientation FF
[M::mem_pestat] skip orientation RF
[M::mem_pestat] skip orientation RR
[M::mem_process_seqs] Processed 266668 reads in 483.954 CPU sec, 121.510 real sec
[M::process] read 266668 sequences (40000200 bp)...
[M::mem_pestat] # candidate unique pairs for (FF, FR, RF, RR): (31, 11583, 33, 16)
[M::mem_pestat] analyzing insert size distribution for orientation FF...
[M::mem_pestat] (25, 50, 75) percentile: (447, 849, 1808)
[M::mem_pestat] low and high boundaries for computing mean and std.dev: (1, 4530)
[M::mem_pestat] mean and std.dev: (1214.30, 1126.47)
[M::mem_pestat] low and high boundaries for proper pairs: (1, 5891)
[M::mem_pestat] analyzing insert size distribution for orientation FR...
[M::mem_pestat] (25, 50, 75) percentile: (144, 502, 525)
[M::mem_pestat] low and high boundaries for computing mean and std.dev: (1, 1287)
[M::mem_pestat] mean and std.dev: (364.67, 189.12)
[M::mem_pestat] low and high boundaries for proper pairs: (1, 1668)
[M::mem_pestat] analyzing insert size distribution for orientation RF...
[M::mem_pestat] (25, 50, 75) percentile: (2017, 2072, 2143)
[M::mem_pestat] low and high boundaries for computing mean and std.dev: (1765, 2395)
[M::mem_pestat] mean and std.dev: (2079.59, 49.57)
[M::mem_pestat] low and high boundaries for proper pairs: (1639, 2521)
[M::mem_pestat] analyzing insert size distribution for orientation RR...
[M::mem_pestat] (25, 50, 75) percentile: (708, 1387, 3494)
[M::mem_pestat] low and high boundaries for computing mean and std.dev: (1, 9066)
[M::mem_pestat] mean and std.dev: (2174.19, 2368.70)
[M::mem_pestat] low and high boundaries for proper pairs: (1, 11852)
[M::mem_pestat] skip orientation FF
[M::mem_pestat] skip orientation RF
[M::mem_pestat] skip orientation RR
[M::mem_process_seqs] Processed 266668 reads in 487.076 CPU sec, 122.047 real sec
[M::process] read 266668 sequences (40000200 bp)...
[M::mem_pestat] # candidate unique pairs for (FF, FR, RF, RR): (25, 11559, 44, 23)
[M::mem_pestat] analyzing insert size distribution for orientation FF...
[M::mem_pestat] (25, 50, 75) percentile: (234, 469, 1481)
[M::mem_pestat] low and high boundaries for computing mean and std.dev: (1, 3975)
[M::mem_pestat] mean and std.dev: (908.60, 1001.48)
[M::mem_pestat] low and high boundaries for proper pairs: (1, 5222)
[M::mem_pestat] analyzing insert size distribution for orientation FR...
[M::mem_pestat] (25, 50, 75) percentile: (144, 502, 525)
[M::mem_pestat] low and high boundaries for computing mean and std.dev: (1, 1287)
[M::mem_pestat] mean and std.dev: (366.42, 190.24)
[M::mem_pestat] low and high boundaries for proper pairs: (1, 1668)
[M::mem_pestat] analyzing insert size distribution for orientation RF...
[M::mem_pestat] (25, 50, 75) percentile: (893, 2017, 2111)
[M::mem_pestat] low and high boundaries for computing mean and std.dev: (1, 4547)
[M::mem_pestat] mean and std.dev: (1623.76, 914.43)
[M::mem_pestat] low and high boundaries for proper pairs: (1, 5765)
[M::mem_pestat] analyzing insert size distribution for orientation RR...
[M::mem_pestat] (25, 50, 75) percentile: (652, 1431, 2042)
[M::mem_pestat] low and high boundaries for computing mean and std.dev: (1, 4822)
[M::mem_pestat] mean and std.dev: (1222.33, 794.67)
[M::mem_pestat] low and high boundaries for proper pairs: (1, 6212)
[M::mem_pestat] skip orientation FF
[M::mem_pestat] skip orientation RF
[M::mem_pestat] skip orientation RR
[M::mem_process_seqs] Processed 266668 reads in 486.989 CPU sec, 122.012 real sec
[M::process] read 266668 sequences (40000200 bp)...
[M::mem_pestat] # candidate unique pairs for (FF, FR, RF, RR): (18, 11417, 38, 24)
[M::mem_pestat] analyzing insert size distribution for orientation FF...
[M::mem_pestat] (25, 50, 75) percentile: (200, 1029, 1869)
[M::mem_pestat] low and high boundaries for computing mean and std.dev: (1, 5207)
[M::mem_pestat] mean and std.dev: (1121.17, 916.57)
[M::mem_pestat] low and high boundaries for proper pairs: (1, 6876)
[M::mem_pestat] analyzing insert size distribution for orientation FR...
[M::mem_pestat] (25, 50, 75) percentile: (144, 501, 525)
[M::mem_pestat] low and high boundaries for computing mean and std.dev: (1, 1287)
[M::mem_pestat] mean and std.dev: (363.78, 190.14)
[M::mem_pestat] low and high boundaries for proper pairs: (1, 1668)
[M::mem_pestat] analyzing insert size distribution for orientation RF...
[M::mem_pestat] (25, 50, 75) percentile: (2049, 2090, 2172)
[M::mem_pestat] low and high boundaries for computing mean and std.dev: (1803, 2418)
[M::mem_pestat] mean and std.dev: (2091.09, 36.28)
[M::mem_pestat] low and high boundaries for proper pairs: (1680, 2541)
[M::mem_pestat] analyzing insert size distribution for orientation RR...
[M::mem_pestat] (25, 50, 75) percentile: (764, 975, 1720)
[M::mem_pestat] low and high boundaries for computing mean and std.dev: (1, 3632)
[M::mem_pestat] mean and std.dev: (1022.43, 636.28)
[M::mem_pestat] low and high boundaries for proper pairs: (1, 4588)
[M::mem_pestat] skip orientation FF
[M::mem_pestat] skip orientation RF
[M::mem_pestat] skip orientation RR
[M::mem_process_seqs] Processed 266668 reads in 482.177 CPU sec, 120.767 real sec
[M::process] read 266668 sequences (40000200 bp)...
[M::mem_pestat] # candidate unique pairs for (FF, FR, RF, RR): (19, 11493, 33, 28)
[M::mem_pestat] analyzing insert size distribution for orientation FF...
[M::mem_pestat] (25, 50, 75) percentile: (610, 1144, 4115)
[M::mem_pestat] low and high boundaries for computing mean and std.dev: (1, 11125)
[M::mem_pestat] mean and std.dev: (2420.63, 2596.28)
[M::mem_pestat] low and high boundaries for proper pairs: (1, 14630)
[M::mem_pestat] analyzing insert size distribution for orientation FR...
[M::mem_pestat] (25, 50, 75) percentile: (144, 501, 524)
[M::mem_pestat] low and high boundaries for computing mean and std.dev: (1, 1284)
[M::mem_pestat] mean and std.dev: (362.98, 188.34)
[M::mem_pestat] low and high boundaries for proper pairs: (1, 1664)
[M::mem_pestat] analyzing insert size distribution for orientation RF...
[M::mem_pestat] (25, 50, 75) percentile: (967, 2089, 4240)
[M::mem_pestat] low and high boundaries for computing mean and std.dev: (1, 10786)
[M::mem_pestat] mean and std.dev: (2492.18, 2137.46)
[M::mem_pestat] low and high boundaries for proper pairs: (1, 14059)
[M::mem_pestat] analyzing insert size distribution for orientation RR...
[M::mem_pestat] (25, 50, 75) percentile: (668, 1290, 1663)
[M::mem_pestat] low and high boundaries for computing mean and std.dev: (1, 3653)
[M::mem_pestat] mean and std.dev: (1062.81, 675.54)
[M::mem_pestat] low and high boundaries for proper pairs: (1, 4648)
[M::mem_pestat] skip orientation FF
[M::mem_pestat] skip orientation RF
[M::mem_pestat] skip orientation RR
[M::mem_process_seqs] Processed 266668 reads in 485.288 CPU sec, 121.850 real sec
[M::process] read 266668 sequences (40000200 bp)...
[M::mem_pestat] # candidate unique pairs for (FF, FR, RF, RR): (20, 11575, 32, 23)
[M::mem_pestat] analyzing insert size distribution for orientation FF...
[M::mem_pestat] (25, 50, 75) percentile: (241, 866, 2142)
[M::mem_pestat] low and high boundaries for computing mean and std.dev: (1, 5944)
[M::mem_pestat] mean and std.dev: (1122.42, 1067.33)
[M::mem_pestat] low and high boundaries for proper pairs: (1, 7845)
[M::mem_pestat] analyzing insert size distribution for orientation FR...
[M::mem_pestat] (25, 50, 75) percentile: (144, 502, 524)
[M::mem_pestat] low and high boundaries for computing mean and std.dev: (1, 1284)
[M::mem_pestat] mean and std.dev: (365.55, 188.07)
[M::mem_pestat] low and high boundaries for proper pairs: (1, 1664)
[M::mem_pestat] analyzing insert size distribution for orientation RF...
[M::mem_pestat] (25, 50, 75) percentile: (1098, 2074, 2173)
[M::mem_pestat] low and high boundaries for computing mean and std.dev: (1, 4323)
[M::mem_pestat] mean and std.dev: (1669.53, 1034.00)
[M::mem_pestat] low and high boundaries for proper pairs: (1, 5806)
[M::mem_pestat] analyzing insert size distribution for orientation RR...
[M::mem_pestat] (25, 50, 75) percentile: (454, 687, 1259)
[M::mem_pestat] low and high boundaries for computing mean and std.dev: (1, 2869)
[M::mem_pestat] mean and std.dev: (768.24, 631.28)
[M::mem_pestat] low and high boundaries for proper pairs: (1, 3674)
[M::mem_pestat] skip orientation FF
[M::mem_pestat] skip orientation RF
[M::mem_pestat] skip orientation RR
[M::mem_process_seqs] Processed 266668 reads in 483.688 CPU sec, 121.518 real sec
[M::process] read 266668 sequences (40000200 bp)...
[M::mem_pestat] # candidate unique pairs for (FF, FR, RF, RR): (25, 11717, 28, 25)
[M::mem_pestat] analyzing insert size distribution for orientation FF...
[M::mem_pestat] (25, 50, 75) percentile: (346, 848, 2036)
[M::mem_pestat] low and high boundaries for computing mean and std.dev: (1, 5416)
[M::mem_pestat] mean and std.dev: (1090.54, 1109.60)
[M::mem_pestat] low and high boundaries for proper pairs: (1, 7106)
[M::mem_pestat] analyzing insert size distribution for orientation FR...
[M::mem_pestat] (25, 50, 75) percentile: (144, 502, 525)
[M::mem_pestat] low and high boundaries for computing mean and std.dev: (1, 1287)
[M::mem_pestat] mean and std.dev: (365.78, 189.71)
[M::mem_pestat] low and high boundaries for proper pairs: (1, 1668)
[M::mem_pestat] analyzing insert size distribution for orientation RF...
[M::mem_pestat] (25, 50, 75) percentile: (1206, 2015, 2110)
[M::mem_pestat] low and high boundaries for computing mean and std.dev: (1, 3918)
[M::mem_pestat] mean and std.dev: (1609.64, 768.50)
[M::mem_pestat] low and high boundaries for proper pairs: (1, 4822)
[M::mem_pestat] analyzing insert size distribution for orientation RR...
[M::mem_pestat] (25, 50, 75) percentile: (272, 915, 2194)
[M::mem_pestat] low and high boundaries for computing mean and std.dev: (1, 6038)
[M::mem_pestat] mean and std.dev: (1086.58, 965.64)
[M::mem_pestat] low and high boundaries for proper pairs: (1, 7960)
[M::mem_pestat] skip orientation FF
[M::mem_pestat] skip orientation RF
[M::mem_pestat] skip orientation RR
[M::mem_process_seqs] Processed 266668 reads in 483.362 CPU sec, 121.262 real sec
[M::process] read 266668 sequences (40000200 bp)...
[M::mem_pestat] # candidate unique pairs for (FF, FR, RF, RR): (28, 11468, 34, 32)
[M::mem_pestat] analyzing insert size distribution for orientation FF...
[M::mem_pestat] (25, 50, 75) percentile: (166, 470, 1270)
[M::mem_pestat] low and high boundaries for computing mean and std.dev: (1, 3478)
[M::mem_pestat] mean and std.dev: (738.68, 723.60)
[M::mem_pestat] low and high boundaries for proper pairs: (1, 4582)
[M::mem_pestat] analyzing insert size distribution for orientation FR...
[M::mem_pestat] (25, 50, 75) percentile: (144, 501, 524)
[M::mem_pestat] low and high boundaries for computing mean and std.dev: (1, 1284)
[M::mem_pestat] mean and std.dev: (361.85, 189.69)
[M::mem_pestat] low and high boundaries for proper pairs: (1, 1664)
[M::mem_pestat] analyzing insert size distribution for orientation RF...
[M::mem_pestat] (25, 50, 75) percentile: (1413, 2071, 2103)
[M::mem_pestat] low and high boundaries for computing mean and std.dev: (33, 3483)
[M::mem_pestat] mean and std.dev: (1646.03, 689.88)
[M::mem_pestat] low and high boundaries for proper pairs: (1, 4406)
[M::mem_pestat] analyzing insert size distribution for orientation RR...
[M::mem_pestat] (25, 50, 75) percentile: (495, 1076, 1544)
[M::mem_pestat] low and high boundaries for computing mean and std.dev: (1, 3642)
[M::mem_pestat] mean and std.dev: (1016.70, 651.64)
[M::mem_pestat] low and high boundaries for proper pairs: (1, 4691)
[M::mem_pestat] skip orientation FF
[M::mem_pestat] skip orientation RF
[M::mem_pestat] skip orientation RR
[M::mem_process_seqs] Processed 266668 reads in 485.232 CPU sec, 121.759 real sec
[M::process] read 266668 sequences (40000200 bp)...
[M::mem_pestat] # candidate unique pairs for (FF, FR, RF, RR): (31, 11654, 34, 20)
[M::mem_pestat] analyzing insert size distribution for orientation FF...
[M::mem_pestat] (25, 50, 75) percentile: (353, 525, 1128)
[M::mem_pestat] low and high boundaries for computing mean and std.dev: (1, 2678)
[M::mem_pestat] mean and std.dev: (766.07, 655.67)
[M::mem_pestat] low and high boundaries for proper pairs: (1, 3453)
[M::mem_pestat] analyzing insert size distribution for orientation FR...
[M::mem_pestat] (25, 50, 75) percentile: (144, 501, 524)
[M::mem_pestat] low and high boundaries for computing mean and std.dev: (1, 1284)
[M::mem_pestat] mean and std.dev: (359.93, 189.10)
[M::mem_pestat] low and high boundaries for proper pairs: (1, 1664)
[M::mem_pestat] analyzing insert size distribution for orientation RF...
[M::mem_pestat] (25, 50, 75) percentile: (642, 2052, 2115)
[M::mem_pestat] low and high boundaries for computing mean and std.dev: (1, 5061)
[M::mem_pestat] mean and std.dev: (1679.53, 999.65)
[M::mem_pestat] low and high boundaries for proper pairs: (1, 6534)
[M::mem_pestat] analyzing insert size distribution for orientation RR...
[M::mem_pestat] (25, 50, 75) percentile: (281, 1045, 1561)
[M::mem_pestat] low and high boundaries for computing mean and std.dev: (1, 4121)
[M::mem_pestat] mean and std.dev: (1052.05, 860.31)
[M::mem_pestat] low and high boundaries for proper pairs: (1, 5401)
[M::mem_pestat] skip orientation FF
[M::mem_pestat] skip orientation RF
[M::mem_pestat] skip orientation RR
[M::mem_process_seqs] Processed 266668 reads in 486.727 CPU sec, 122.036 real sec
[M::process] read 266668 sequences (40000200 bp)...
[M::mem_pestat] # candidate unique pairs for (FF, FR, RF, RR): (24, 11591, 39, 25)
[M::mem_pestat] analyzing insert size distribution for orientation FF...
[M::mem_pestat] (25, 50, 75) percentile: (229, 530, 861)
[M::mem_pestat] low and high boundaries for computing mean and std.dev: (1, 2125)
[M::mem_pestat] mean and std.dev: (550.91, 386.24)
[M::mem_pestat] low and high boundaries for proper pairs: (1, 2757)
[M::mem_pestat] analyzing insert size distribution for orientation FR...
[M::mem_pestat] (25, 50, 75) percentile: (144, 502, 525)
[M::mem_pestat] low and high boundaries for computing mean and std.dev: (1, 1287)
[M::mem_pestat] mean and std.dev: (365.89, 189.58)
[M::mem_pestat] low and high boundaries for proper pairs: (1, 1668)
[M::mem_pestat] analyzing insert size distribution for orientation RF...
[M::mem_pestat] (25, 50, 75) percentile: (1972, 2079, 2680)
[M::mem_pestat] low and high boundaries for computing mean and std.dev: (556, 4096)
[M::mem_pestat] mean and std.dev: (2051.83, 547.06)
[M::mem_pestat] low and high boundaries for proper pairs: (1, 4804)
[M::mem_pestat] analyzing insert size distribution for orientation RR...
[M::mem_pestat] (25, 50, 75) percentile: (668, 1079, 2326)
[M::mem_pestat] low and high boundaries for computing mean and std.dev: (1, 5642)
[M::mem_pestat] mean and std.dev: (1300.75, 946.27)
[M::mem_pestat] low and high boundaries for proper pairs: (1, 7300)
[M::mem_pestat] skip orientation FF
[M::mem_pestat] skip orientation RF
[M::mem_pestat] skip orientation RR
[M::mem_process_seqs] Processed 266668 reads in 482.277 CPU sec, 121.148 real sec
[M::process] read 266668 sequences (40000200 bp)...
[M::mem_pestat] # candidate unique pairs for (FF, FR, RF, RR): (22, 11521, 29, 25)
[M::mem_pestat] analyzing insert size distribution for orientation FF...
[M::mem_pestat] (25, 50, 75) percentile: (218, 1103, 1254)
[M::mem_pestat] low and high boundaries for computing mean and std.dev: (1, 3326)
[M::mem_pestat] mean and std.dev: (742.05, 500.38)
[M::mem_pestat] low and high boundaries for proper pairs: (1, 4362)
[M::mem_pestat] analyzing insert size distribution for orientation FR...
[M::mem_pestat] (25, 50, 75) percentile: (144, 501, 525)
[M::mem_pestat] low and high boundaries for computing mean and std.dev: (1, 1287)
[M::mem_pestat] mean and std.dev: (361.98, 190.58)
[M::mem_pestat] low and high boundaries for proper pairs: (1, 1668)
[M::mem_pestat] analyzing insert size distribution for orientation RF...
[M::mem_pestat] (25, 50, 75) percentile: (186, 526, 2101)
[M::mem_pestat] low and high boundaries for computing mean and std.dev: (1, 5931)
[M::mem_pestat] mean and std.dev: (1111.90, 975.27)
[M::mem_pestat] low and high boundaries for proper pairs: (1, 7846)
[M::mem_pestat] analyzing insert size distribution for orientation RR...
[M::mem_pestat] (25, 50, 75) percentile: (217, 638, 995)
[M::mem_pestat] low and high boundaries for computing mean and std.dev: (1, 2551)
[M::mem_pestat] mean and std.dev: (622.87, 495.30)
[M::mem_pestat] low and high boundaries for proper pairs: (1, 3329)
[M::mem_pestat] skip orientation FF
[M::mem_pestat] skip orientation RF
[M::mem_pestat] skip orientation RR
[M::mem_process_seqs] Processed 266668 reads in 481.491 CPU sec, 120.876 real sec
[M::process] read 266668 sequences (40000200 bp)...
[M::mem_pestat] # candidate unique pairs for (FF, FR, RF, RR): (30, 11551, 27, 20)
[M::mem_pestat] analyzing insert size distribution for orientation FF...
[M::mem_pestat] (25, 50, 75) percentile: (209, 574, 1177)
[M::mem_pestat] low and high boundaries for computing mean and std.dev: (1, 3113)
[M::mem_pestat] mean and std.dev: (761.04, 747.26)
[M::mem_pestat] low and high boundaries for proper pairs: (1, 4081)
[M::mem_pestat] analyzing insert size distribution for orientation FR...
[M::mem_pestat] (25, 50, 75) percentile: (144, 502, 525)
[M::mem_pestat] low and high boundaries for computing mean and std.dev: (1, 1287)
[M::mem_pestat] mean and std.dev: (365.11, 189.88)
[M::mem_pestat] low and high boundaries for proper pairs: (1, 1668)
[M::mem_pestat] analyzing insert size distribution for orientation RF...
[M::mem_pestat] (25, 50, 75) percentile: (838, 2070, 2157)
[M::mem_pestat] low and high boundaries for computing mean and std.dev: (1, 4795)
[M::mem_pestat] mean and std.dev: (1757.65, 1123.48)
[M::mem_pestat] low and high boundaries for proper pairs: (1, 6252)
[M::mem_pestat] analyzing insert size distribution for orientation RR...
[M::mem_pestat] (25, 50, 75) percentile: (677, 900, 1536)
[M::mem_pestat] low and high boundaries for computing mean and std.dev: (1, 3254)
[M::mem_pestat] mean and std.dev: (912.79, 561.51)
[M::mem_pestat] low and high boundaries for proper pairs: (1, 4113)
[M::mem_pestat] skip orientation FF
[M::mem_pestat] skip orientation RF
[M::mem_pestat] skip orientation RR
[M::mem_process_seqs] Processed 266668 reads in 485.663 CPU sec, 121.919 real sec
[M::process] read 266668 sequences (40000200 bp)...
[M::mem_pestat] # candidate unique pairs for (FF, FR, RF, RR): (16, 11633, 30, 17)
[M::mem_pestat] analyzing insert size distribution for orientation FF...
[M::mem_pestat] (25, 50, 75) percentile: (111, 421, 2495)
[M::mem_pestat] low and high boundaries for computing mean and std.dev: (1, 7263)
[M::mem_pestat] mean and std.dev: (1032.13, 1216.23)
[M::mem_pestat] low and high boundaries for proper pairs: (1, 9647)
[M::mem_pestat] analyzing insert size distribution for orientation FR...
[M::mem_pestat] (25, 50, 75) percentile: (144, 502, 525)
[M::mem_pestat] low and high boundaries for computing mean and std.dev: (1, 1287)
[M::mem_pestat] mean and std.dev: (368.73, 189.38)
[M::mem_pestat] low and high boundaries for proper pairs: (1, 1668)
[M::mem_pestat] analyzing insert size distribution for orientation RF...
[M::mem_pestat] (25, 50, 75) percentile: (2044, 2102, 2203)
[M::mem_pestat] low and high boundaries for computing mean and std.dev: (1726, 2521)
[M::mem_pestat] mean and std.dev: (2133.52, 140.08)
[M::mem_pestat] low and high boundaries for proper pairs: (1567, 2694)
[M::mem_pestat] analyzing insert size distribution for orientation RR...
[M::mem_pestat] (25, 50, 75) percentile: (229, 828, 1094)
[M::mem_pestat] low and high boundaries for computing mean and std.dev: (1, 2824)
[M::mem_pestat] mean and std.dev: (840.41, 652.36)
[M::mem_pestat] low and high boundaries for proper pairs: (1, 3689)
[M::mem_pestat] skip orientation FF
[M::mem_pestat] skip orientation RF
[M::mem_pestat] skip orientation RR
[M::mem_process_seqs] Processed 266668 reads in 485.537 CPU sec, 121.618 real sec
[M::process] read 266668 sequences (40000200 bp)...
[M::mem_pestat] # candidate unique pairs for (FF, FR, RF, RR): (16, 11575, 38, 22)
[M::mem_pestat] analyzing insert size distribution for orientation FF...
[M::mem_pestat] (25, 50, 75) percentile: (575, 781, 1392)
[M::mem_pestat] low and high boundaries for computing mean and std.dev: (1, 3026)
[M::mem_pestat] mean and std.dev: (979.56, 704.01)
[M::mem_pestat] low and high boundaries for proper pairs: (1, 3843)
[M::mem_pestat] analyzing insert size distribution for orientation FR...
[M::mem_pestat] (25, 50, 75) percentile: (144, 501, 524)
[M::mem_pestat] low and high boundaries for computing mean and std.dev: (1, 1284)
[M::mem_pestat] mean and std.dev: (363.03, 188.42)
[M::mem_pestat] low and high boundaries for proper pairs: (1, 1664)
[M::mem_pestat] analyzing insert size distribution for orientation RF...
[M::mem_pestat] (25, 50, 75) percentile: (424, 2062, 2122)
[M::mem_pestat] low and high boundaries for computing mean and std.dev: (1, 5518)
[M::mem_pestat] mean and std.dev: (1744.81, 1158.66)
[M::mem_pestat] low and high boundaries for proper pairs: (1, 7216)
[M::mem_pestat] analyzing insert size distribution for orientation RR...
[M::mem_pestat] (25, 50, 75) percentile: (256, 795, 1177)
[M::mem_pestat] low and high boundaries for computing mean and std.dev: (1, 3019)
[M::mem_pestat] mean and std.dev: (774.75, 635.75)
[M::mem_pestat] low and high boundaries for proper pairs: (1, 3940)
[M::mem_pestat] skip orientation FF
[M::mem_pestat] skip orientation RF
[M::mem_pestat] skip orientation RR
[M::mem_process_seqs] Processed 266668 reads in 487.858 CPU sec, 122.309 real sec
[M::process] read 266668 sequences (40000200 bp)...
[M::mem_pestat] # candidate unique pairs for (FF, FR, RF, RR): (16, 11599, 29, 28)
[M::mem_pestat] analyzing insert size distribution for orientation FF...
[M::mem_pestat] (25, 50, 75) percentile: (437, 969, 1126)
[M::mem_pestat] low and high boundaries for computing mean and std.dev: (1, 2504)
[M::mem_pestat] mean and std.dev: (769.80, 396.94)
[M::mem_pestat] low and high boundaries for proper pairs: (1, 3193)
[M::mem_pestat] analyzing insert size distribution for orientation FR...
[M::mem_pestat] (25, 50, 75) percentile: (144, 501, 525)
[M::mem_pestat] low and high boundaries for computing mean and std.dev: (1, 1287)
[M::mem_pestat] mean and std.dev: (362.90, 189.72)
[M::mem_pestat] low and high boundaries for proper pairs: (1, 1668)
[M::mem_pestat] analyzing insert size distribution for orientation RF...
[M::mem_pestat] (25, 50, 75) percentile: (774, 2087, 2156)
[M::mem_pestat] low and high boundaries for computing mean and std.dev: (1, 4920)
[M::mem_pestat] mean and std.dev: (1674.74, 1134.81)
[M::mem_pestat] low and high boundaries for proper pairs: (1, 6302)
[M::mem_pestat] analyzing insert size distribution for orientation RR...
[M::mem_pestat] (25, 50, 75) percentile: (642, 940, 1445)
[M::mem_pestat] low and high boundaries for computing mean and std.dev: (1, 3051)
[M::mem_pestat] mean and std.dev: (989.14, 546.60)
[M::mem_pestat] low and high boundaries for proper pairs: (1, 3854)
[M::mem_pestat] skip orientation FF
[M::mem_pestat] skip orientation RF
[M::mem_pestat] skip orientation RR
[M::mem_process_seqs] Processed 266668 reads in 489.604 CPU sec, 122.789 real sec
[M::process] read 266668 sequences (40000200 bp)...
[M::mem_pestat] # candidate unique pairs for (FF, FR, RF, RR): (23, 11616, 47, 23)
[M::mem_pestat] analyzing insert size distribution for orientation FF...
[M::mem_pestat] (25, 50, 75) percentile: (216, 573, 1442)
[M::mem_pestat] low and high boundaries for computing mean and std.dev: (1, 3894)
[M::mem_pestat] mean and std.dev: (851.50, 826.83)
[M::mem_pestat] low and high boundaries for proper pairs: (1, 5120)
[M::mem_pestat] analyzing insert size distribution for orientation FR...
[M::mem_pestat] (25, 50, 75) percentile: (144, 502, 525)
[M::mem_pestat] low and high boundaries for computing mean and std.dev: (1, 1287)
[M::mem_pestat] mean and std.dev: (366.76, 189.49)
[M::mem_pestat] low and high boundaries for proper pairs: (1, 1668)
[M::mem_pestat] analyzing insert size distribution for orientation RF...
[M::mem_pestat] (25, 50, 75) percentile: (1030, 2070, 2154)
[M::mem_pestat] low and high boundaries for computing mean and std.dev: (1, 4402)
[M::mem_pestat] mean and std.dev: (1650.98, 912.01)
[M::mem_pestat] low and high boundaries for proper pairs: (1, 5526)
[M::mem_pestat] analyzing insert size distribution for orientation RR...
[M::mem_pestat] (25, 50, 75) percentile: (453, 1069, 1296)
[M::mem_pestat] low and high boundaries for computing mean and std.dev: (1, 2982)
[M::mem_pestat] mean and std.dev: (1054.00, 692.56)
[M::mem_pestat] low and high boundaries for proper pairs: (1, 3825)
[M::mem_pestat] skip orientation FF
[M::mem_pestat] skip orientation RF
[M::mem_pestat] skip orientation RR
[M::mem_process_seqs] Processed 266668 reads in 487.653 CPU sec, 122.350 real sec
[M::process] read 266668 sequences (40000200 bp)...
[M::mem_pestat] # candidate unique pairs for (FF, FR, RF, RR): (13, 11590, 35, 21)
[M::mem_pestat] analyzing insert size distribution for orientation FF...
[M::mem_pestat] (25, 50, 75) percentile: (209, 458, 1347)
[M::mem_pestat] low and high boundaries for computing mean and std.dev: (1, 3623)
[M::mem_pestat] mean and std.dev: (729.69, 683.18)
[M::mem_pestat] low and high boundaries for proper pairs: (1, 4761)
[M::mem_pestat] analyzing insert size distribution for orientation FR...
[M::mem_pestat] (25, 50, 75) percentile: (144, 502, 525)
[M::mem_pestat] low and high boundaries for computing mean and std.dev: (1, 1287)
[M::mem_pestat] mean and std.dev: (367.20, 188.68)
[M::mem_pestat] low and high boundaries for proper pairs: (1, 1668)
[M::mem_pestat] analyzing insert size distribution for orientation RF...
[M::mem_pestat] (25, 50, 75) percentile: (1285, 2033, 2156)
[M::mem_pestat] low and high boundaries for computing mean and std.dev: (1, 3898)
[M::mem_pestat] mean and std.dev: (1664.73, 886.37)
[M::mem_pestat] low and high boundaries for proper pairs: (1, 5210)
[M::mem_pestat] analyzing insert size distribution for orientation RR...
[M::mem_pestat] (25, 50, 75) percentile: (769, 1486, 2751)
[M::mem_pestat] low and high boundaries for computing mean and std.dev: (1, 6715)
[M::mem_pestat] mean and std.dev: (1653.90, 1438.16)
[M::mem_pestat] low and high boundaries for proper pairs: (1, 8697)
[M::mem_pestat] skip orientation FF
[M::mem_pestat] skip orientation RF
[M::mem_pestat] skip orientation RR
[M::mem_process_seqs] Processed 266668 reads in 482.545 CPU sec, 120.964 real sec
[M::process] read 266668 sequences (40000200 bp)...
[M::mem_pestat] # candidate unique pairs for (FF, FR, RF, RR): (17, 11622, 35, 17)
[M::mem_pestat] analyzing insert size distribution for orientation FF...
[M::mem_pestat] (25, 50, 75) percentile: (394, 850, 1804)
[M::mem_pestat] low and high boundaries for computing mean and std.dev: (1, 4624)
[M::mem_pestat] mean and std.dev: (1028.88, 708.52)
[M::mem_pestat] low and high boundaries for proper pairs: (1, 6034)
[M::mem_pestat] analyzing insert size distribution for orientation FR...
[M::mem_pestat] (25, 50, 75) percentile: (144, 501, 525)
[M::mem_pestat] low and high boundaries for computing mean and std.dev: (1, 1287)
[M::mem_pestat] mean and std.dev: (365.01, 189.45)
[M::mem_pestat] low and high boundaries for proper pairs: (1, 1668)
[M::mem_pestat] analyzing insert size distribution for orientation RF...
[M::mem_pestat] (25, 50, 75) percentile: (1683, 2068, 2106)
[M::mem_pestat] low and high boundaries for computing mean and std.dev: (837, 2952)
[M::mem_pestat] mean and std.dev: (2010.17, 249.27)
[M::mem_pestat] low and high boundaries for proper pairs: (414, 3375)
[M::mem_pestat] analyzing insert size distribution for orientation RR...
[M::mem_pestat] (25, 50, 75) percentile: (281, 832, 1247)
[M::mem_pestat] low and high boundaries for computing mean and std.dev: (1, 3179)
[M::mem_pestat] mean and std.dev: (820.65, 656.78)
[M::mem_pestat] low and high boundaries for proper pairs: (1, 4145)
[M::mem_pestat] skip orientation FF
[M::mem_pestat] skip orientation RF
[M::mem_pestat] skip orientation RR
[M::mem_process_seqs] Processed 266668 reads in 490.378 CPU sec, 122.940 real sec
[M::process] read 266668 sequences (40000200 bp)...
[M::mem_pestat] # candidate unique pairs for (FF, FR, RF, RR): (32, 11885, 31, 17)
[M::mem_pestat] analyzing insert size distribution for orientation FF...
[M::mem_pestat] (25, 50, 75) percentile: (276, 849, 2226)
[M::mem_pestat] low and high boundaries for computing mean and std.dev: (1, 6126)
[M::mem_pestat] mean and std.dev: (1320.35, 1386.39)
[M::mem_pestat] low and high boundaries for proper pairs: (1, 8076)
[M::mem_pestat] analyzing insert size distribution for orientation FR...
[M::mem_pestat] (25, 50, 75) percentile: (145, 501, 525)
[M::mem_pestat] low and high boundaries for computing mean and std.dev: (1, 1285)
[M::mem_pestat] mean and std.dev: (367.34, 189.02)
[M::mem_pestat] low and high boundaries for proper pairs: (1, 1665)
[M::mem_pestat] analyzing insert size distribution for orientation RF...
[M::mem_pestat] (25, 50, 75) percentile: (1261, 2054, 2119)
[M::mem_pestat] low and high boundaries for computing mean and std.dev: (1, 3835)
[M::mem_pestat] mean and std.dev: (1611.93, 876.54)
[M::mem_pestat] low and high boundaries for proper pairs: (1, 5118)
[M::mem_pestat] analyzing insert size distribution for orientation RR...
[M::mem_pestat] (25, 50, 75) percentile: (610, 759, 1963)
[M::mem_pestat] low and high boundaries for computing mean and std.dev: (1, 4669)
[M::mem_pestat] mean and std.dev: (1186.41, 800.83)
[M::mem_pestat] low and high boundaries for proper pairs: (1, 6022)
[M::mem_pestat] skip orientation FF
[M::mem_pestat] skip orientation RF
[M::mem_pestat] skip orientation RR
[M::mem_process_seqs] Processed 266668 reads in 475.787 CPU sec, 119.318 real sec
[M::process] read 266668 sequences (40000200 bp)...
[M::mem_pestat] # candidate unique pairs for (FF, FR, RF, RR): (32, 11495, 30, 24)
[M::mem_pestat] analyzing insert size distribution for orientation FF...
[M::mem_pestat] (25, 50, 75) percentile: (234, 667, 1738)
[M::mem_pestat] low and high boundaries for computing mean and std.dev: (1, 4746)
[M::mem_pestat] mean and std.dev: (917.65, 727.52)
[M::mem_pestat] low and high boundaries for proper pairs: (1, 6250)
[M::mem_pestat] analyzing insert size distribution for orientation FR...
[M::mem_pestat] (25, 50, 75) percentile: (144, 502, 525)
[M::mem_pestat] low and high boundaries for computing mean and std.dev: (1, 1287)
[M::mem_pestat] mean and std.dev: (367.72, 189.05)
[M::mem_pestat] low and high boundaries for proper pairs: (1, 1668)
[M::mem_pestat] analyzing insert size distribution for orientation RF...
[M::mem_pestat] (25, 50, 75) percentile: (1097, 2057, 2118)
[M::mem_pestat] low and high boundaries for computing mean and std.dev: (1, 4160)
[M::mem_pestat] mean and std.dev: (1599.83, 897.03)
[M::mem_pestat] low and high boundaries for proper pairs: (1, 5188)
[M::mem_pestat] analyzing insert size distribution for orientation RR...
[M::mem_pestat] (25, 50, 75) percentile: (609, 1246, 2680)
[M::mem_pestat] low and high boundaries for computing mean and std.dev: (1, 6822)
[M::mem_pestat] mean and std.dev: (1617.88, 1389.23)
[M::mem_pestat] low and high boundaries for proper pairs: (1, 8893)
[M::mem_pestat] skip orientation FF
[M::mem_pestat] skip orientation RF
[M::mem_pestat] skip orientation RR
[M::mem_process_seqs] Processed 266668 reads in 480.076 CPU sec, 120.427 real sec
[M::process] read 266668 sequences (40000200 bp)...
[M::mem_pestat] # candidate unique pairs for (FF, FR, RF, RR): (25, 11730, 38, 14)
[M::mem_pestat] analyzing insert size distribution for orientation FF...
[M::mem_pestat] (25, 50, 75) percentile: (240, 432, 1501)
[M::mem_pestat] low and high boundaries for computing mean and std.dev: (1, 4023)
[M::mem_pestat] mean and std.dev: (818.43, 892.10)
[M::mem_pestat] low and high boundaries for proper pairs: (1, 5284)
[M::mem_pestat] analyzing insert size distribution for orientation FR...
[M::mem_pestat] (25, 50, 75) percentile: (144, 501, 524)
[M::mem_pestat] low and high boundaries for computing mean and std.dev: (1, 1284)
[M::mem_pestat] mean and std.dev: (361.46, 190.03)
[M::mem_pestat] low and high boundaries for proper pairs: (1, 1664)
[M::mem_pestat] analyzing insert size distribution for orientation RF...
[M::mem_pestat] (25, 50, 75) percentile: (1272, 2056, 2111)
[M::mem_pestat] low and high boundaries for computing mean and std.dev: (1, 3789)
[M::mem_pestat] mean and std.dev: (1744.31, 810.26)
[M::mem_pestat] low and high boundaries for proper pairs: (1, 4985)
[M::mem_pestat] analyzing insert size distribution for orientation RR...
[M::mem_pestat] (25, 50, 75) percentile: (350, 934, 1277)
[M::mem_pestat] low and high boundaries for computing mean and std.dev: (1, 3131)
[M::mem_pestat] mean and std.dev: (828.85, 502.02)
[M::mem_pestat] low and high boundaries for proper pairs: (1, 4058)
[M::mem_pestat] skip orientation FF
[M::mem_pestat] skip orientation RF
[M::mem_pestat] skip orientation RR
[M::mem_process_seqs] Processed 266668 reads in 479.984 CPU sec, 120.403 real sec
[M::process] read 266668 sequences (40000200 bp)...
[M::mem_pestat] # candidate unique pairs for (FF, FR, RF, RR): (22, 11609, 32, 21)
[M::mem_pestat] analyzing insert size distribution for orientation FF...
[M::mem_pestat] (25, 50, 75) percentile: (293, 907, 1561)
[M::mem_pestat] low and high boundaries for computing mean and std.dev: (1, 4097)
[M::mem_pestat] mean and std.dev: (879.50, 883.80)
[M::mem_pestat] low and high boundaries for proper pairs: (1, 5365)
[M::mem_pestat] analyzing insert size distribution for orientation FR...
[M::mem_pestat] (25, 50, 75) percentile: (145, 501, 525)
[M::mem_pestat] low and high boundaries for computing mean and std.dev: (1, 1285)
[M::mem_pestat] mean and std.dev: (365.69, 189.29)
[M::mem_pestat] low and high boundaries for proper pairs: (1, 1665)
[M::mem_pestat] analyzing insert size distribution for orientation RF...
[M::mem_pestat] (25, 50, 75) percentile: (1967, 2063, 2119)
[M::mem_pestat] low and high boundaries for computing mean and std.dev: (1663, 2423)
[M::mem_pestat] mean and std.dev: (2063.26, 88.46)
[M::mem_pestat] low and high boundaries for proper pairs: (1511, 2575)
[M::mem_pestat] analyzing insert size distribution for orientation RR...
[M::mem_pestat] (25, 50, 75) percentile: (587, 824, 1195)
[M::mem_pestat] low and high boundaries for computing mean and std.dev: (1, 2411)
[M::mem_pestat] mean and std.dev: (758.89, 329.28)
[M::mem_pestat] low and high boundaries for proper pairs: (1, 3019)
[M::mem_pestat] skip orientation FF
[M::mem_pestat] skip orientation RF
[M::mem_pestat] skip orientation RR
[M::mem_process_seqs] Processed 266668 reads in 483.567 CPU sec, 121.200 real sec
[M::process] read 266668 sequences (40000200 bp)...
[M::mem_pestat] # candidate unique pairs for (FF, FR, RF, RR): (22, 11447, 33, 22)
[M::mem_pestat] analyzing insert size distribution for orientation FF...
[M::mem_pestat] (25, 50, 75) percentile: (194, 579, 1628)
[M::mem_pestat] low and high boundaries for computing mean and std.dev: (1, 4496)
[M::mem_pestat] mean and std.dev: (935.50, 873.51)
[M::mem_pestat] low and high boundaries for proper pairs: (1, 5930)
[M::mem_pestat] analyzing insert size distribution for orientation FR...
[M::mem_pestat] (25, 50, 75) percentile: (144, 502, 525)
[M::mem_pestat] low and high boundaries for computing mean and std.dev: (1, 1287)
[M::mem_pestat] mean and std.dev: (368.30, 188.29)
[M::mem_pestat] low and high boundaries for proper pairs: (1, 1668)
[M::mem_pestat] analyzing insert size distribution for orientation RF...
[M::mem_pestat] (25, 50, 75) percentile: (312, 2066, 2144)
[M::mem_pestat] low and high boundaries for computing mean and std.dev: (1, 5808)
[M::mem_pestat] mean and std.dev: (1528.62, 1088.57)
[M::mem_pestat] low and high boundaries for proper pairs: (1, 7640)
[M::mem_pestat] analyzing insert size distribution for orientation RR...
[M::mem_pestat] (25, 50, 75) percentile: (176, 767, 1172)
[M::mem_pestat] low and high boundaries for computing mean and std.dev: (1, 3164)
[M::mem_pestat] mean and std.dev: (729.67, 609.36)
[M::mem_pestat] low and high boundaries for proper pairs: (1, 4160)
[M::mem_pestat] skip orientation FF
[M::mem_pestat] skip orientation RF
[M::mem_pestat] skip orientation RR
[M::mem_process_seqs] Processed 266668 reads in 482.662 CPU sec, 121.038 real sec
[M::process] read 266668 sequences (40000200 bp)...
[M::mem_pestat] # candidate unique pairs for (FF, FR, RF, RR): (26, 11696, 35, 30)
[M::mem_pestat] analyzing insert size distribution for orientation FF...
[M::mem_pestat] (25, 50, 75) percentile: (240, 781, 1214)
[M::mem_pestat] low and high boundaries for computing mean and std.dev: (1, 3162)
[M::mem_pestat] mean and std.dev: (864.00, 711.31)
[M::mem_pestat] low and high boundaries for proper pairs: (1, 4136)
[M::mem_pestat] analyzing insert size distribution for orientation FR...
[M::mem_pestat] (25, 50, 75) percentile: (144, 502, 525)
[M::mem_pestat] low and high boundaries for computing mean and std.dev: (1, 1287)
[M::mem_pestat] mean and std.dev: (367.14, 189.20)
[M::mem_pestat] low and high boundaries for proper pairs: (1, 1668)
[M::mem_pestat] analyzing insert size distribution for orientation RF...
[M::mem_pestat] (25, 50, 75) percentile: (1224, 2073, 2125)
[M::mem_pestat] low and high boundaries for computing mean and std.dev: (1, 3927)
[M::mem_pestat] mean and std.dev: (1727.23, 757.54)
[M::mem_pestat] low and high boundaries for proper pairs: (1, 4828)
[M::mem_pestat] analyzing insert size distribution for orientation RR...
[M::mem_pestat] (25, 50, 75) percentile: (309, 1333, 2090)
[M::mem_pestat] low and high boundaries for computing mean and std.dev: (1, 5652)
[M::mem_pestat] mean and std.dev: (1357.76, 1189.34)
[M::mem_pestat] low and high boundaries for proper pairs: (1, 7433)
[M::mem_pestat] skip orientation FF
[M::mem_pestat] skip orientation RF
[M::mem_pestat] skip orientation RR
[M::mem_process_seqs] Processed 266668 reads in 479.794 CPU sec, 120.178 real sec
[M::process] read 266668 sequences (40000200 bp)...
[M::mem_pestat] # candidate unique pairs for (FF, FR, RF, RR): (22, 11558, 35, 19)
[M::mem_pestat] analyzing insert size distribution for orientation FF...
[M::mem_pestat] (25, 50, 75) percentile: (431, 808, 3173)
[M::mem_pestat] low and high boundaries for computing mean and std.dev: (1, 8657)
[M::mem_pestat] mean and std.dev: (1779.64, 1794.54)
[M::mem_pestat] low and high boundaries for proper pairs: (1, 11399)
[M::mem_pestat] analyzing insert size distribution for orientation FR...
[M::mem_pestat] (25, 50, 75) percentile: (144, 502, 525)
[M::mem_pestat] low and high boundaries for computing mean and std.dev: (1, 1287)
[M::mem_pestat] mean and std.dev: (366.25, 189.36)
[M::mem_pestat] low and high boundaries for proper pairs: (1, 1668)
[M::mem_pestat] analyzing insert size distribution for orientation RF...
[M::mem_pestat] (25, 50, 75) percentile: (921, 2123, 3664)
[M::mem_pestat] low and high boundaries for computing mean and std.dev: (1, 9150)
[M::mem_pestat] mean and std.dev: (2412.68, 2142.13)
[M::mem_pestat] low and high boundaries for proper pairs: (1, 11893)
[M::mem_pestat] analyzing insert size distribution for orientation RR...
[M::mem_pestat] (25, 50, 75) percentile: (597, 1355, 2732)
[M::mem_pestat] low and high boundaries for computing mean and std.dev: (1, 7002)
[M::mem_pestat] mean and std.dev: (1523.83, 1138.49)
[M::mem_pestat] low and high boundaries for proper pairs: (1, 9137)
[M::mem_pestat] skip orientation FF
[M::mem_pestat] skip orientation RF
[M::mem_pestat] skip orientation RR
[M::mem_process_seqs] Processed 266668 reads in 482.084 CPU sec, 120.904 real sec
[M::process] read 266668 sequences (40000200 bp)...
[M::mem_pestat] # candidate unique pairs for (FF, FR, RF, RR): (31, 11612, 47, 20)
[M::mem_pestat] analyzing insert size distribution for orientation FF...
[M::mem_pestat] (25, 50, 75) percentile: (235, 714, 1481)
[M::mem_pestat] low and high boundaries for computing mean and std.dev: (1, 3973)
[M::mem_pestat] mean and std.dev: (945.30, 956.95)
[M::mem_pestat] low and high boundaries for proper pairs: (1, 5219)
[M::mem_pestat] analyzing insert size distribution for orientation FR...
[M::mem_pestat] (25, 50, 75) percentile: (145, 503, 526)
[M::mem_pestat] low and high boundaries for computing mean and std.dev: (1, 1288)
[M::mem_pestat] mean and std.dev: (371.38, 188.40)
[M::mem_pestat] low and high boundaries for proper pairs: (1, 1669)
[M::mem_pestat] analyzing insert size distribution for orientation RF...
[M::mem_pestat] (25, 50, 75) percentile: (1262, 2063, 2123)
[M::mem_pestat] low and high boundaries for computing mean and std.dev: (1, 3845)
[M::mem_pestat] mean and std.dev: (1631.00, 848.51)
[M::mem_pestat] low and high boundaries for proper pairs: (1, 5025)
[M::mem_pestat] analyzing insert size distribution for orientation RR...
[M::mem_pestat] (25, 50, 75) percentile: (207, 635, 1507)
[M::mem_pestat] low and high boundaries for computing mean and std.dev: (1, 4107)
[M::mem_pestat] mean and std.dev: (836.79, 897.29)
[M::mem_pestat] low and high boundaries for proper pairs: (1, 5407)
[M::mem_pestat] skip orientation FF
[M::mem_pestat] skip orientation RF
[M::mem_pestat] skip orientation RR
[M::mem_process_seqs] Processed 266668 reads in 482.604 CPU sec, 121.008 real sec
[M::process] read 266668 sequences (40000200 bp)...
[M::mem_pestat] # candidate unique pairs for (FF, FR, RF, RR): (26, 11683, 39, 27)
[M::mem_pestat] analyzing insert size distribution for orientation FF...
[M::mem_pestat] (25, 50, 75) percentile: (370, 699, 1062)
[M::mem_pestat] low and high boundaries for computing mean and std.dev: (1, 2446)
[M::mem_pestat] mean and std.dev: (741.60, 592.08)
[M::mem_pestat] low and high boundaries for proper pairs: (1, 3138)
[M::mem_pestat] analyzing insert size distribution for orientation FR...
[M::mem_pestat] (25, 50, 75) percentile: (144, 501, 525)
[M::mem_pestat] low and high boundaries for computing mean and std.dev: (1, 1287)
[M::mem_pestat] mean and std.dev: (362.84, 189.74)
[M::mem_pestat] low and high boundaries for proper pairs: (1, 1668)
[M::mem_pestat] analyzing insert size distribution for orientation RF...
[M::mem_pestat] (25, 50, 75) percentile: (714, 2017, 2114)
[M::mem_pestat] low and high boundaries for computing mean and std.dev: (1, 4914)
[M::mem_pestat] mean and std.dev: (1803.74, 1229.42)
[M::mem_pestat] low and high boundaries for proper pairs: (1, 6721)
[M::mem_pestat] analyzing insert size distribution for orientation RR...
[M::mem_pestat] (25, 50, 75) percentile: (252, 717, 1663)
[M::mem_pestat] low and high boundaries for computing mean and std.dev: (1, 4485)
[M::mem_pestat] mean and std.dev: (1152.93, 1151.24)
[M::mem_pestat] low and high boundaries for proper pairs: (1, 5896)
[M::mem_pestat] skip orientation FF
[M::mem_pestat] skip orientation RF
[M::mem_pestat] skip orientation RR
[M::mem_process_seqs] Processed 266668 reads in 483.798 CPU sec, 121.270 real sec
[M::process] read 266668 sequences (40000200 bp)...
[M::mem_pestat] # candidate unique pairs for (FF, FR, RF, RR): (23, 11836, 35, 25)
[M::mem_pestat] analyzing insert size distribution for orientation FF...
[M::mem_pestat] (25, 50, 75) percentile: (149, 380, 879)
[M::mem_pestat] low and high boundaries for computing mean and std.dev: (1, 2339)
[M::mem_pestat] mean and std.dev: (479.90, 521.49)
[M::mem_pestat] low and high boundaries for proper pairs: (1, 3069)
[M::mem_pestat] analyzing insert size distribution for orientation FR...
[M::mem_pestat] (25, 50, 75) percentile: (144, 502, 526)
[M::mem_pestat] low and high boundaries for computing mean and std.dev: (1, 1290)
[M::mem_pestat] mean and std.dev: (366.43, 189.61)
[M::mem_pestat] low and high boundaries for proper pairs: (1, 1672)
[M::mem_pestat] analyzing insert size distribution for orientation RF...
[M::mem_pestat] (25, 50, 75) percentile: (1106, 2065, 2130)
[M::mem_pestat] low and high boundaries for computing mean and std.dev: (1, 4178)
[M::mem_pestat] mean and std.dev: (1604.94, 906.58)
[M::mem_pestat] low and high boundaries for proper pairs: (1, 5231)
[M::mem_pestat] analyzing insert size distribution for orientation RR...
[M::mem_pestat] (25, 50, 75) percentile: (667, 1041, 1544)
[M::mem_pestat] low and high boundaries for computing mean and std.dev: (1, 3298)
[M::mem_pestat] mean and std.dev: (987.43, 538.31)
[M::mem_pestat] low and high boundaries for proper pairs: (1, 4175)
[M::mem_pestat] skip orientation FF
[M::mem_pestat] skip orientation RF
[M::mem_pestat] skip orientation RR
[M::mem_process_seqs] Processed 266668 reads in 479.803 CPU sec, 120.249 real sec
[M::process] read 266668 sequences (40000200 bp)...
[M::mem_pestat] # candidate unique pairs for (FF, FR, RF, RR): (37, 11797, 37, 30)
[M::mem_pestat] analyzing insert size distribution for orientation FF...
[M::mem_pestat] (25, 50, 75) percentile: (321, 693, 1679)
[M::mem_pestat] low and high boundaries for computing mean and std.dev: (1, 4395)
[M::mem_pestat] mean and std.dev: (903.14, 743.58)
[M::mem_pestat] low and high boundaries for proper pairs: (1, 5753)
[M::mem_pestat] analyzing insert size distribution for orientation FR...
[M::mem_pestat] (25, 50, 75) percentile: (144, 502, 526)
[M::mem_pestat] low and high boundaries for computing mean and std.dev: (1, 1290)
[M::mem_pestat] mean and std.dev: (366.36, 190.37)
[M::mem_pestat] low and high boundaries for proper pairs: (1, 1672)
[M::mem_pestat] analyzing insert size distribution for orientation RF...
[M::mem_pestat] (25, 50, 75) percentile: (1180, 2073, 2114)
[M::mem_pestat] low and high boundaries for computing mean and std.dev: (1, 3982)
[M::mem_pestat] mean and std.dev: (1544.12, 830.77)
[M::mem_pestat] low and high boundaries for proper pairs: (1, 4916)
[M::mem_pestat] analyzing insert size distribution for orientation RR...
[M::mem_pestat] (25, 50, 75) percentile: (630, 997, 1511)
[M::mem_pestat] low and high boundaries for computing mean and std.dev: (1, 3273)
[M::mem_pestat] mean and std.dev: (1137.59, 792.32)
[M::mem_pestat] low and high boundaries for proper pairs: (1, 4307)
[M::mem_pestat] skip orientation FF
[M::mem_pestat] skip orientation RF
[M::mem_pestat] skip orientation RR
[M::mem_process_seqs] Processed 266668 reads in 480.419 CPU sec, 120.681 real sec
[M::process] read 266668 sequences (40000200 bp)...
[M::mem_pestat] # candidate unique pairs for (FF, FR, RF, RR): (29, 11900, 22, 20)
[M::mem_pestat] analyzing insert size distribution for orientation FF...
[M::mem_pestat] (25, 50, 75) percentile: (201, 543, 1327)
[M::mem_pestat] low and high boundaries for computing mean and std.dev: (1, 3579)
[M::mem_pestat] mean and std.dev: (657.04, 548.04)
[M::mem_pestat] low and high boundaries for proper pairs: (1, 4705)
[M::mem_pestat] analyzing insert size distribution for orientation FR...
[M::mem_pestat] (25, 50, 75) percentile: (145, 502, 525)
[M::mem_pestat] low and high boundaries for computing mean and std.dev: (1, 1285)
[M::mem_pestat] mean and std.dev: (367.90, 189.28)
[M::mem_pestat] low and high boundaries for proper pairs: (1, 1665)
[M::mem_pestat] analyzing insert size distribution for orientation RF...
[M::mem_pestat] (25, 50, 75) percentile: (1981, 2103, 2164)
[M::mem_pestat] low and high boundaries for computing mean and std.dev: (1615, 2530)
[M::mem_pestat] mean and std.dev: (2087.33, 44.87)
[M::mem_pestat] low and high boundaries for proper pairs: (1432, 2713)
[M::mem_pestat] analyzing insert size distribution for orientation RR...
[M::mem_pestat] (25, 50, 75) percentile: (236, 848, 1997)
[M::mem_pestat] low and high boundaries for computing mean and std.dev: (1, 5519)
[M::mem_pestat] mean and std.dev: (1016.40, 867.39)
[M::mem_pestat] low and high boundaries for proper pairs: (1, 7280)
[M::mem_pestat] skip orientation FF
[M::mem_pestat] skip orientation RF
[M::mem_pestat] skip orientation RR
[M::mem_process_seqs] Processed 266668 reads in 485.746 CPU sec, 121.905 real sec
[M::process] read 266668 sequences (40000200 bp)...
[M::mem_pestat] # candidate unique pairs for (FF, FR, RF, RR): (30, 11593, 35, 27)
[M::mem_pestat] analyzing insert size distribution for orientation FF...
[M::mem_pestat] (25, 50, 75) percentile: (218, 645, 1076)
[M::mem_pestat] low and high boundaries for computing mean and std.dev: (1, 2792)
[M::mem_pestat] mean and std.dev: (667.56, 625.19)
[M::mem_pestat] low and high boundaries for proper pairs: (1, 3650)
[M::mem_pestat] analyzing insert size distribution for orientation FR...
[M::mem_pestat] (25, 50, 75) percentile: (144, 501, 524)
[M::mem_pestat] low and high boundaries for computing mean and std.dev: (1, 1284)
[M::mem_pestat] mean and std.dev: (363.01, 190.66)
[M::mem_pestat] low and high boundaries for proper pairs: (1, 1664)
[M::mem_pestat] analyzing insert size distribution for orientation RF...
[M::mem_pestat] (25, 50, 75) percentile: (2013, 2066, 2173)
[M::mem_pestat] low and high boundaries for computing mean and std.dev: (1693, 2493)
[M::mem_pestat] mean and std.dev: (2065.43, 84.93)
[M::mem_pestat] low and high boundaries for proper pairs: (1533, 2653)
[M::mem_pestat] analyzing insert size distribution for orientation RR...
[M::mem_pestat] (25, 50, 75) percentile: (617, 1054, 2695)
[M::mem_pestat] low and high boundaries for computing mean and std.dev: (1, 6851)
[M::mem_pestat] mean and std.dev: (1605.00, 1631.11)
[M::mem_pestat] low and high boundaries for proper pairs: (1, 8929)
[M::mem_pestat] skip orientation FF
[M::mem_pestat] skip orientation RF
[M::mem_pestat] skip orientation RR
[M::mem_process_seqs] Processed 266668 reads in 481.074 CPU sec, 120.661 real sec
[M::process] read 266668 sequences (40000200 bp)...
[M::mem_pestat] # candidate unique pairs for (FF, FR, RF, RR): (24, 11556, 21, 33)
[M::mem_pestat] analyzing insert size distribution for orientation FF...
[M::mem_pestat] (25, 50, 75) percentile: (446, 733, 1277)
[M::mem_pestat] low and high boundaries for computing mean and std.dev: (1, 2939)
[M::mem_pestat] mean and std.dev: (635.45, 369.37)
[M::mem_pestat] low and high boundaries for proper pairs: (1, 3770)
[M::mem_pestat] analyzing insert size distribution for orientation FR...
[M::mem_pestat] (25, 50, 75) percentile: (144, 501, 524)
[M::mem_pestat] low and high boundaries for computing mean and std.dev: (1, 1284)
[M::mem_pestat] mean and std.dev: (364.79, 188.56)
[M::mem_pestat] low and high boundaries for proper pairs: (1, 1664)
[M::mem_pestat] analyzing insert size distribution for orientation RF...
[M::mem_pestat] (25, 50, 75) percentile: (1833, 2497, 5350)
[M::mem_pestat] low and high boundaries for computing mean and std.dev: (1, 12384)
[M::mem_pestat] mean and std.dev: (3390.81, 2448.87)
[M::mem_pestat] low and high boundaries for proper pairs: (1, 15901)
[M::mem_pestat] analyzing insert size distribution for orientation RR...
[M::mem_pestat] (25, 50, 75) percentile: (258, 857, 1488)
[M::mem_pestat] low and high boundaries for computing mean and std.dev: (1, 3948)
[M::mem_pestat] mean and std.dev: (851.10, 638.39)
[M::mem_pestat] low and high boundaries for proper pairs: (1, 5178)
[M::mem_pestat] skip orientation FF
[M::mem_pestat] skip orientation RF
[M::mem_pestat] skip orientation RR
[M::mem_process_seqs] Processed 266668 reads in 478.067 CPU sec, 119.791 real sec
[M::process] read 266668 sequences (40000200 bp)...
[M::mem_pestat] # candidate unique pairs for (FF, FR, RF, RR): (29, 11652, 34, 24)
[M::mem_pestat] analyzing insert size distribution for orientation FF...
[M::mem_pestat] (25, 50, 75) percentile: (415, 874, 1860)
[M::mem_pestat] low and high boundaries for computing mean and std.dev: (1, 4750)
[M::mem_pestat] mean and std.dev: (1172.21, 1175.72)
[M::mem_pestat] low and high boundaries for proper pairs: (1, 6195)
[M::mem_pestat] analyzing insert size distribution for orientation FR...
[M::mem_pestat] (25, 50, 75) percentile: (144, 502, 525)
[M::mem_pestat] low and high boundaries for computing mean and std.dev: (1, 1287)
[M::mem_pestat] mean and std.dev: (366.19, 189.09)
[M::mem_pestat] low and high boundaries for proper pairs: (1, 1668)
[M::mem_pestat] analyzing insert size distribution for orientation RF...
[M::mem_pestat] (25, 50, 75) percentile: (680, 2068, 2121)
[M::mem_pestat] low and high boundaries for computing mean and std.dev: (1, 5003)
[M::mem_pestat] mean and std.dev: (1667.15, 1042.61)
[M::mem_pestat] low and high boundaries for proper pairs: (1, 6444)
[M::mem_pestat] analyzing insert size distribution for orientation RR...
[M::mem_pestat] (25, 50, 75) percentile: (334, 1482, 2820)
[M::mem_pestat] low and high boundaries for computing mean and std.dev: (1, 7792)
[M::mem_pestat] mean and std.dev: (1678.17, 1590.37)
[M::mem_pestat] low and high boundaries for proper pairs: (1, 10278)
[M::mem_pestat] skip orientation FF
[M::mem_pestat] skip orientation RF
[M::mem_pestat] skip orientation RR
[M::mem_process_seqs] Processed 266668 reads in 481.348 CPU sec, 120.589 real sec
[M::process] read 266668 sequences (40000200 bp)...
[M::mem_pestat] # candidate unique pairs for (FF, FR, RF, RR): (15, 11574, 33, 24)
[M::mem_pestat] analyzing insert size distribution for orientation FF...
[M::mem_pestat] (25, 50, 75) percentile: (592, 954, 1488)
[M::mem_pestat] low and high boundaries for computing mean and std.dev: (1, 3280)
[M::mem_pestat] mean and std.dev: (1156.93, 823.78)
[M::mem_pestat] low and high boundaries for proper pairs: (1, 4452)
[M::mem_pestat] analyzing insert size distribution for orientation FR...
[M::mem_pestat] (25, 50, 75) percentile: (144, 502, 525)
[M::mem_pestat] low and high boundaries for computing mean and std.dev: (1, 1287)
[M::mem_pestat] mean and std.dev: (366.49, 189.54)
[M::mem_pestat] low and high boundaries for proper pairs: (1, 1668)
[M::mem_pestat] analyzing insert size distribution for orientation RF...
[M::mem_pestat] (25, 50, 75) percentile: (2012, 2081, 2189)
[M::mem_pestat] low and high boundaries for computing mean and std.dev: (1658, 2543)
[M::mem_pestat] mean and std.dev: (2057.42, 120.11)
[M::mem_pestat] low and high boundaries for proper pairs: (1481, 2720)
[M::mem_pestat] analyzing insert size distribution for orientation RR...
[M::mem_pestat] (25, 50, 75) percentile: (600, 976, 1478)
[M::mem_pestat] low and high boundaries for computing mean and std.dev: (1, 3234)
[M::mem_pestat] mean and std.dev: (868.82, 492.31)
[M::mem_pestat] low and high boundaries for proper pairs: (1, 4112)
[M::mem_pestat] skip orientation FF
[M::mem_pestat] skip orientation RF
[M::mem_pestat] skip orientation RR
[M::mem_process_seqs] Processed 266668 reads in 482.805 CPU sec, 121.010 real sec
[M::process] read 266668 sequences (40000200 bp)...
[M::mem_pestat] # candidate unique pairs for (FF, FR, RF, RR): (24, 11611, 36, 21)
[M::mem_pestat] analyzing insert size distribution for orientation FF...
[M::mem_pestat] (25, 50, 75) percentile: (216, 715, 1956)
[M::mem_pestat] low and high boundaries for computing mean and std.dev: (1, 5436)
[M::mem_pestat] mean and std.dev: (966.43, 940.07)
[M::mem_pestat] low and high boundaries for proper pairs: (1, 7176)
[M::mem_pestat] analyzing insert size distribution for orientation FR...
[M::mem_pestat] (25, 50, 75) percentile: (144, 501, 524)
[M::mem_pestat] low and high boundaries for computing mean and std.dev: (1, 1284)
[M::mem_pestat] mean and std.dev: (360.60, 189.49)
[M::mem_pestat] low and high boundaries for proper pairs: (1, 1664)
[M::mem_pestat] analyzing insert size distribution for orientation RF...
[M::mem_pestat] (25, 50, 75) percentile: (893, 2013, 2147)
[M::mem_pestat] low and high boundaries for computing mean and std.dev: (1, 4655)
[M::mem_pestat] mean and std.dev: (1778.19, 1208.99)
[M::mem_pestat] low and high boundaries for proper pairs: (1, 6614)
[M::mem_pestat] analyzing insert size distribution for orientation RR...
[M::mem_pestat] (25, 50, 75) percentile: (500, 888, 1192)
[M::mem_pestat] low and high boundaries for computing mean and std.dev: (1, 2576)
[M::mem_pestat] mean and std.dev: (860.45, 478.69)
[M::mem_pestat] low and high boundaries for proper pairs: (1, 3268)
[M::mem_pestat] skip orientation FF
[M::mem_pestat] skip orientation RF
[M::mem_pestat] skip orientation RR
[M::mem_process_seqs] Processed 266668 reads in 479.866 CPU sec, 120.344 real sec
[M::process] read 266668 sequences (40000200 bp)...
[M::mem_pestat] # candidate unique pairs for (FF, FR, RF, RR): (18, 11692, 53, 25)
[M::mem_pestat] analyzing insert size distribution for orientation FF...
[M::mem_pestat] (25, 50, 75) percentile: (176, 583, 1016)
[M::mem_pestat] low and high boundaries for computing mean and std.dev: (1, 2696)
[M::mem_pestat] mean and std.dev: (618.11, 522.08)
[M::mem_pestat] low and high boundaries for proper pairs: (1, 3536)
[M::mem_pestat] analyzing insert size distribution for orientation FR...
[M::mem_pestat] (25, 50, 75) percentile: (144, 501, 525)
[M::mem_pestat] low and high boundaries for computing mean and std.dev: (1, 1287)
[M::mem_pestat] mean and std.dev: (365.09, 189.07)
[M::mem_pestat] low and high boundaries for proper pairs: (1, 1668)
[M::mem_pestat] analyzing insert size distribution for orientation RF...
[M::mem_pestat] (25, 50, 75) percentile: (1114, 2055, 2125)
[M::mem_pestat] low and high boundaries for computing mean and std.dev: (1, 4147)
[M::mem_pestat] mean and std.dev: (1653.06, 896.24)
[M::mem_pestat] low and high boundaries for proper pairs: (1, 5238)
[M::mem_pestat] analyzing insert size distribution for orientation RR...
[M::mem_pestat] (25, 50, 75) percentile: (492, 931, 2808)
[M::mem_pestat] low and high boundaries for computing mean and std.dev: (1, 7440)
[M::mem_pestat] mean and std.dev: (1650.54, 1792.79)
[M::mem_pestat] low and high boundaries for proper pairs: (1, 9756)
[M::mem_pestat] skip orientation FF
[M::mem_pestat] skip orientation RF
[M::mem_pestat] skip orientation RR
[M::mem_process_seqs] Processed 266668 reads in 481.782 CPU sec, 120.833 real sec
[M::process] read 266668 sequences (40000200 bp)...
[M::mem_pestat] # candidate unique pairs for (FF, FR, RF, RR): (24, 11718, 29, 22)
[M::mem_pestat] analyzing insert size distribution for orientation FF...
[M::mem_pestat] (25, 50, 75) percentile: (275, 546, 2482)
[M::mem_pestat] low and high boundaries for computing mean and std.dev: (1, 6896)
[M::mem_pestat] mean and std.dev: (1324.92, 1519.42)
[M::mem_pestat] low and high boundaries for proper pairs: (1, 9103)
[M::mem_pestat] analyzing insert size distribution for orientation FR...
[M::mem_pestat] (25, 50, 75) percentile: (144, 502, 525)
[M::mem_pestat] low and high boundaries for computing mean and std.dev: (1, 1287)
[M::mem_pestat] mean and std.dev: (367.37, 189.47)
[M::mem_pestat] low and high boundaries for proper pairs: (1, 1668)
[M::mem_pestat] analyzing insert size distribution for orientation RF...
[M::mem_pestat] (25, 50, 75) percentile: (543, 2072, 2150)
[M::mem_pestat] low and high boundaries for computing mean and std.dev: (1, 5364)
[M::mem_pestat] mean and std.dev: (1786.36, 1282.36)
[M::mem_pestat] low and high boundaries for proper pairs: (1, 6971)
[M::mem_pestat] analyzing insert size distribution for orientation RR...
[M::mem_pestat] (25, 50, 75) percentile: (239, 688, 1056)
[M::mem_pestat] low and high boundaries for computing mean and std.dev: (1, 2690)
[M::mem_pestat] mean and std.dev: (683.76, 510.09)
[M::mem_pestat] low and high boundaries for proper pairs: (1, 3507)
[M::mem_pestat] skip orientation FF
[M::mem_pestat] skip orientation RF
[M::mem_pestat] skip orientation RR
[M::mem_process_seqs] Processed 266668 reads in 478.231 CPU sec, 119.879 real sec
[M::process] read 266668 sequences (40000200 bp)...
[M::mem_pestat] # candidate unique pairs for (FF, FR, RF, RR): (30, 11531, 32, 30)
[M::mem_pestat] analyzing insert size distribution for orientation FF...
[M::mem_pestat] (25, 50, 75) percentile: (327, 650, 1402)
[M::mem_pestat] low and high boundaries for computing mean and std.dev: (1, 3552)
[M::mem_pestat] mean and std.dev: (831.61, 734.17)
[M::mem_pestat] low and high boundaries for proper pairs: (1, 4627)
[M::mem_pestat] analyzing insert size distribution for orientation FR...
[M::mem_pestat] (25, 50, 75) percentile: (144, 502, 524)
[M::mem_pestat] low and high boundaries for computing mean and std.dev: (1, 1284)
[M::mem_pestat] mean and std.dev: (365.76, 188.78)
[M::mem_pestat] low and high boundaries for proper pairs: (1, 1664)
[M::mem_pestat] analyzing insert size distribution for orientation RF...
[M::mem_pestat] (25, 50, 75) percentile: (2031, 2080, 2117)
[M::mem_pestat] low and high boundaries for computing mean and std.dev: (1859, 2289)
[M::mem_pestat] mean and std.dev: (2081.48, 57.06)
[M::mem_pestat] low and high boundaries for proper pairs: (1773, 2375)
[M::mem_pestat] analyzing insert size distribution for orientation RR...
[M::mem_pestat] (25, 50, 75) percentile: (434, 870, 1523)
[M::mem_pestat] low and high boundaries for computing mean and std.dev: (1, 3701)
[M::mem_pestat] mean and std.dev: (1042.72, 772.97)
[M::mem_pestat] low and high boundaries for proper pairs: (1, 4790)
[M::mem_pestat] skip orientation FF
[M::mem_pestat] skip orientation RF
[M::mem_pestat] skip orientation RR
[M::mem_process_seqs] Processed 266668 reads in 476.312 CPU sec, 119.398 real sec
[M::process] read 266668 sequences (40000200 bp)...
[M::mem_pestat] # candidate unique pairs for (FF, FR, RF, RR): (22, 11755, 44, 30)
[M::mem_pestat] analyzing insert size distribution for orientation FF...
[M::mem_pestat] (25, 50, 75) percentile: (151, 526, 863)
[M::mem_pestat] low and high boundaries for computing mean and std.dev: (1, 2287)
[M::mem_pestat] mean and std.dev: (457.26, 428.97)
[M::mem_pestat] low and high boundaries for proper pairs: (1, 2999)
[M::mem_pestat] analyzing insert size distribution for orientation FR...
[M::mem_pestat] (25, 50, 75) percentile: (144, 502, 525)
[M::mem_pestat] low and high boundaries for computing mean and std.dev: (1, 1287)
[M::mem_pestat] mean and std.dev: (369.79, 188.60)
[M::mem_pestat] low and high boundaries for proper pairs: (1, 1668)
[M::mem_pestat] analyzing insert size distribution for orientation RF...
[M::mem_pestat] (25, 50, 75) percentile: (1321, 2077, 2620)
[M::mem_pestat] low and high boundaries for computing mean and std.dev: (1, 5218)
[M::mem_pestat] mean and std.dev: (1910.17, 1130.00)
[M::mem_pestat] low and high boundaries for proper pairs: (1, 6517)
[M::mem_pestat] analyzing insert size distribution for orientation RR...
[M::mem_pestat] (25, 50, 75) percentile: (268, 926, 1292)
[M::mem_pestat] low and high boundaries for computing mean and std.dev: (1, 3340)
[M::mem_pestat] mean and std.dev: (955.59, 721.99)
[M::mem_pestat] low and high boundaries for proper pairs: (1, 4364)
[M::mem_pestat] skip orientation FF
[M::mem_pestat] skip orientation RF
[M::mem_pestat] skip orientation RR
[M::mem_process_seqs] Processed 266668 reads in 481.143 CPU sec, 120.719 real sec
[M::process] read 266668 sequences (40000200 bp)...
[M::mem_pestat] # candidate unique pairs for (FF, FR, RF, RR): (20, 11632, 36, 24)
[M::mem_pestat] analyzing insert size distribution for orientation FF...
[M::mem_pestat] (25, 50, 75) percentile: (219, 795, 1078)
[M::mem_pestat] low and high boundaries for computing mean and std.dev: (1, 2796)
[M::mem_pestat] mean and std.dev: (610.72, 440.54)
[M::mem_pestat] low and high boundaries for proper pairs: (1, 3655)
[M::mem_pestat] analyzing insert size distribution for orientation FR...
[M::mem_pestat] (25, 50, 75) percentile: (145, 502, 526)
[M::mem_pestat] low and high boundaries for computing mean and std.dev: (1, 1288)
[M::mem_pestat] mean and std.dev: (371.41, 188.09)
[M::mem_pestat] low and high boundaries for proper pairs: (1, 1669)
[M::mem_pestat] analyzing insert size distribution for orientation RF...
[M::mem_pestat] (25, 50, 75) percentile: (682, 2072, 2104)
[M::mem_pestat] low and high boundaries for computing mean and std.dev: (1, 4948)
[M::mem_pestat] mean and std.dev: (1584.53, 967.03)
[M::mem_pestat] low and high boundaries for proper pairs: (1, 6370)
[M::mem_pestat] analyzing insert size distribution for orientation RR...
[M::mem_pestat] (25, 50, 75) percentile: (521, 1098, 1706)
[M::mem_pestat] low and high boundaries for computing mean and std.dev: (1, 4076)
[M::mem_pestat] mean and std.dev: (1125.17, 833.88)
[M::mem_pestat] low and high boundaries for proper pairs: (1, 5261)
[M::mem_pestat] skip orientation FF
[M::mem_pestat] skip orientation RF
[M::mem_pestat] skip orientation RR
[M::mem_process_seqs] Processed 266668 reads in 480.000 CPU sec, 120.430 real sec
[M::process] read 38974 sequences (5846100 bp)...
[M::mem_pestat] # candidate unique pairs for (FF, FR, RF, RR): (20, 11801, 36, 26)
[M::mem_pestat] analyzing insert size distribution for orientation FF...
[M::mem_pestat] (25, 50, 75) percentile: (467, 671, 1931)
[M::mem_pestat] low and high boundaries for computing mean and std.dev: (1, 4859)
[M::mem_pestat] mean and std.dev: (957.63, 837.14)
[M::mem_pestat] low and high boundaries for proper pairs: (1, 6323)
[M::mem_pestat] analyzing insert size distribution for orientation FR...
[M::mem_pestat] (25, 50, 75) percentile: (144, 502, 525)
[M::mem_pestat] low and high boundaries for computing mean and std.dev: (1, 1287)
[M::mem_pestat] mean and std.dev: (366.21, 188.78)
[M::mem_pestat] low and high boundaries for proper pairs: (1, 1668)
[M::mem_pestat] analyzing insert size distribution for orientation RF...
[M::mem_pestat] (25, 50, 75) percentile: (1065, 2070, 2111)
[M::mem_pestat] low and high boundaries for computing mean and std.dev: (1, 4203)
[M::mem_pestat] mean and std.dev: (1739.47, 950.11)
[M::mem_pestat] low and high boundaries for proper pairs: (1, 5540)
[M::mem_pestat] analyzing insert size distribution for orientation RR...
[M::mem_pestat] (25, 50, 75) percentile: (192, 1190, 1420)
[M::mem_pestat] low and high boundaries for computing mean and std.dev: (1, 3876)
[M::mem_pestat] mean and std.dev: (1031.76, 787.53)
[M::mem_pestat] low and high boundaries for proper pairs: (1, 5104)
[M::mem_pestat] skip orientation FF
[M::mem_pestat] skip orientation RF
[M::mem_pestat] skip orientation RR
[M::mem_process_seqs] Processed 266668 reads in 475.306 CPU sec, 119.239 real sec
[M::mem_pestat] # candidate unique pairs for (FF, FR, RF, RR): (3, 1710, 4, 6)
[M::mem_pestat] skip orientation FF as there are not enough pairs
[M::mem_pestat] analyzing insert size distribution for orientation FR...
[M::mem_pestat] (25, 50, 75) percentile: (144, 501, 524)
[M::mem_pestat] low and high boundaries for computing mean and std.dev: (1, 1284)
[M::mem_pestat] mean and std.dev: (362.93, 186.34)
[M::mem_pestat] low and high boundaries for proper pairs: (1, 1664)
[M::mem_pestat] skip orientation RF as there are not enough pairs
[M::mem_pestat] skip orientation RR as there are not enough pairs
[M::mem_process_seqs] Processed 38974 reads in 70.419 CPU sec, 17.656 real sec
[main] Version: 0.7.17-r1188
[main] CMD: bwa mem -t 4 -a /mnt/raid6/bacphagenetwork/data/bwa_index/Homo_sapiens.GRCh38.dna.toplevel.fa /mnt/raid6/bacphagenetwork/data/skin_metagenome/Beijing/02_rm_host/BJ027_1.fastq.gz /mnt/raid6/bacphagenetwork/data/skin_metagenome/Beijing/02_rm_host/BJ027_2.fastq.gz
[main] Real time: 7189.226 sec; CPU: 28646.106 sec
