[M::bwa_idx_load_from_disk] read 0 ALT contigs
[M::process] read 266668 sequences (40000200 bp)...
[M::process] read 266668 sequences (40000200 bp)...
[M::mem_pestat] # candidate unique pairs for (FF, FR, RF, RR): (55, 55188, 19, 51)
[M::mem_pestat] analyzing insert size distribution for orientation FF...
[M::mem_pestat] (25, 50, 75) percentile: (187, 638, 1394)
[M::mem_pestat] low and high boundaries for computing mean and std.dev: (1, 3808)
[M::mem_pestat] mean and std.dev: (868.60, 917.77)
[M::mem_pestat] low and high boundaries for proper pairs: (1, 5015)
[M::mem_pestat] analyzing insert size distribution for orientation FR...
[M::mem_pestat] (25, 50, 75) percentile: (510, 527, 554)
[M::mem_pestat] low and high boundaries for computing mean and std.dev: (422, 642)
[M::mem_pestat] mean and std.dev: (535.68, 31.85)
[M::mem_pestat] low and high boundaries for proper pairs: (378, 686)
[M::mem_pestat] analyzing insert size distribution for orientation RF...
[M::mem_pestat] (25, 50, 75) percentile: (781, 1999, 3096)
[M::mem_pestat] low and high boundaries for computing mean and std.dev: (1, 7726)
[M::mem_pestat] mean and std.dev: (1985.32, 1690.41)
[M::mem_pestat] low and high boundaries for proper pairs: (1, 10041)
[M::mem_pestat] analyzing insert size distribution for orientation RR...
[M::mem_pestat] (25, 50, 75) percentile: (1095, 1475, 2410)
[M::mem_pestat] low and high boundaries for computing mean and std.dev: (1, 5040)
[M::mem_pestat] mean and std.dev: (1673.06, 937.23)
[M::mem_pestat] low and high boundaries for proper pairs: (1, 6355)
[M::mem_pestat] skip orientation FF
[M::mem_pestat] skip orientation RF
[M::mem_pestat] skip orientation RR
[M::mem_process_seqs] Processed 266668 reads in 420.347 CPU sec, 106.614 real sec
[M::process] read 266668 sequences (40000200 bp)...
[M::mem_pestat] # candidate unique pairs for (FF, FR, RF, RR): (42, 54735, 23, 49)
[M::mem_pestat] analyzing insert size distribution for orientation FF...
[M::mem_pestat] (25, 50, 75) percentile: (261, 985, 1556)
[M::mem_pestat] low and high boundaries for computing mean and std.dev: (1, 4146)
[M::mem_pestat] mean and std.dev: (1198.75, 1166.43)
[M::mem_pestat] low and high boundaries for proper pairs: (1, 5864)
[M::mem_pestat] analyzing insert size distribution for orientation FR...
[M::mem_pestat] (25, 50, 75) percentile: (510, 526, 554)
[M::mem_pestat] low and high boundaries for computing mean and std.dev: (422, 642)
[M::mem_pestat] mean and std.dev: (535.26, 31.81)
[M::mem_pestat] low and high boundaries for proper pairs: (378, 686)
[M::mem_pestat] analyzing insert size distribution for orientation RF...
[M::mem_pestat] (25, 50, 75) percentile: (971, 1448, 2100)
[M::mem_pestat] low and high boundaries for computing mean and std.dev: (1, 4358)
[M::mem_pestat] mean and std.dev: (1325.70, 851.96)
[M::mem_pestat] low and high boundaries for proper pairs: (1, 5487)
[M::mem_pestat] analyzing insert size distribution for orientation RR...
[M::mem_pestat] (25, 50, 75) percentile: (755, 1192, 2573)
[M::mem_pestat] low and high boundaries for computing mean and std.dev: (1, 6209)
[M::mem_pestat] mean and std.dev: (1537.80, 1329.23)
[M::mem_pestat] low and high boundaries for proper pairs: (1, 8027)
[M::mem_pestat] skip orientation FF
[M::mem_pestat] skip orientation RF
[M::mem_pestat] skip orientation RR
[M::mem_process_seqs] Processed 266668 reads in 429.276 CPU sec, 109.690 real sec
[M::process] read 266668 sequences (40000200 bp)...
[M::mem_pestat] # candidate unique pairs for (FF, FR, RF, RR): (58, 54999, 16, 41)
[M::mem_pestat] analyzing insert size distribution for orientation FF...
[M::mem_pestat] (25, 50, 75) percentile: (571, 1062, 2058)
[M::mem_pestat] low and high boundaries for computing mean and std.dev: (1, 5032)
[M::mem_pestat] mean and std.dev: (1264.28, 996.61)
[M::mem_pestat] low and high boundaries for proper pairs: (1, 6519)
[M::mem_pestat] analyzing insert size distribution for orientation FR...
[M::mem_pestat] (25, 50, 75) percentile: (510, 526, 554)
[M::mem_pestat] low and high boundaries for computing mean and std.dev: (422, 642)
[M::mem_pestat] mean and std.dev: (535.71, 31.75)
[M::mem_pestat] low and high boundaries for proper pairs: (378, 686)
[M::mem_pestat] analyzing insert size distribution for orientation RF...
[M::mem_pestat] (25, 50, 75) percentile: (1033, 2968, 4379)
[M::mem_pestat] low and high boundaries for computing mean and std.dev: (1, 11071)
[M::mem_pestat] mean and std.dev: (2937.56, 2144.53)
[M::mem_pestat] low and high boundaries for proper pairs: (1, 14417)
[M::mem_pestat] analyzing insert size distribution for orientation RR...
[M::mem_pestat] (25, 50, 75) percentile: (887, 1628, 2435)
[M::mem_pestat] low and high boundaries for computing mean and std.dev: (1, 5531)
[M::mem_pestat] mean and std.dev: (1682.69, 1019.52)
[M::mem_pestat] low and high boundaries for proper pairs: (1, 7079)
[M::mem_pestat] skip orientation FF
[M::mem_pestat] skip orientation RF
[M::mem_pestat] skip orientation RR
[M::mem_process_seqs] Processed 266668 reads in 434.188 CPU sec, 110.770 real sec
[M::process] read 266668 sequences (40000200 bp)...
[M::mem_pestat] # candidate unique pairs for (FF, FR, RF, RR): (47, 54677, 17, 45)
[M::mem_pestat] analyzing insert size distribution for orientation FF...
[M::mem_pestat] (25, 50, 75) percentile: (740, 1143, 1928)
[M::mem_pestat] low and high boundaries for computing mean and std.dev: (1, 4304)
[M::mem_pestat] mean and std.dev: (1202.16, 855.81)
[M::mem_pestat] low and high boundaries for proper pairs: (1, 5492)
[M::mem_pestat] analyzing insert size distribution for orientation FR...
[M::mem_pestat] (25, 50, 75) percentile: (510, 527, 555)
[M::mem_pestat] low and high boundaries for computing mean and std.dev: (420, 645)
[M::mem_pestat] mean and std.dev: (536.08, 32.34)
[M::mem_pestat] low and high boundaries for proper pairs: (375, 690)
[M::mem_pestat] analyzing insert size distribution for orientation RF...
[M::mem_pestat] (25, 50, 75) percentile: (80, 1246, 2559)
[M::mem_pestat] low and high boundaries for computing mean and std.dev: (1, 7517)
[M::mem_pestat] mean and std.dev: (1637.59, 1877.22)
[M::mem_pestat] low and high boundaries for proper pairs: (1, 9996)
[M::mem_pestat] analyzing insert size distribution for orientation RR...
[M::mem_pestat] (25, 50, 75) percentile: (801, 1141, 1837)
[M::mem_pestat] low and high boundaries for computing mean and std.dev: (1, 3909)
[M::mem_pestat] mean and std.dev: (1159.51, 728.46)
[M::mem_pestat] low and high boundaries for proper pairs: (1, 4945)
[M::mem_pestat] skip orientation FF
[M::mem_pestat] skip orientation RF
[M::mem_pestat] skip orientation RR
[M::mem_process_seqs] Processed 266668 reads in 428.203 CPU sec, 108.291 real sec
[M::process] read 266668 sequences (40000200 bp)...
[M::mem_pestat] # candidate unique pairs for (FF, FR, RF, RR): (43, 54759, 25, 43)
[M::mem_pestat] analyzing insert size distribution for orientation FF...
[M::mem_pestat] (25, 50, 75) percentile: (325, 725, 1801)
[M::mem_pestat] low and high boundaries for computing mean and std.dev: (1, 4753)
[M::mem_pestat] mean and std.dev: (1085.72, 1083.43)
[M::mem_pestat] low and high boundaries for proper pairs: (1, 6229)
[M::mem_pestat] analyzing insert size distribution for orientation FR...
[M::mem_pestat] (25, 50, 75) percentile: (510, 526, 554)
[M::mem_pestat] low and high boundaries for computing mean and std.dev: (422, 642)
[M::mem_pestat] mean and std.dev: (535.67, 31.88)
[M::mem_pestat] low and high boundaries for proper pairs: (378, 686)
[M::mem_pestat] analyzing insert size distribution for orientation RF...
[M::mem_pestat] (25, 50, 75) percentile: (345, 1683, 3812)
[M::mem_pestat] low and high boundaries for computing mean and std.dev: (1, 10746)
[M::mem_pestat] mean and std.dev: (2277.56, 2554.00)
[M::mem_pestat] low and high boundaries for proper pairs: (1, 14213)
[M::mem_pestat] analyzing insert size distribution for orientation RR...
[M::mem_pestat] (25, 50, 75) percentile: (803, 1361, 3320)
[M::mem_pestat] low and high boundaries for computing mean and std.dev: (1, 8354)
[M::mem_pestat] mean and std.dev: (2325.37, 2207.03)
[M::mem_pestat] low and high boundaries for proper pairs: (1, 11153)
[M::mem_pestat] skip orientation FF
[M::mem_pestat] skip orientation RF
[M::mem_pestat] skip orientation RR
[M::mem_process_seqs] Processed 266668 reads in 425.838 CPU sec, 107.206 real sec
[M::process] read 266668 sequences (40000200 bp)...
[M::mem_pestat] # candidate unique pairs for (FF, FR, RF, RR): (41, 55299, 24, 45)
[M::mem_pestat] analyzing insert size distribution for orientation FF...
[M::mem_pestat] (25, 50, 75) percentile: (522, 894, 2113)
[M::mem_pestat] low and high boundaries for computing mean and std.dev: (1, 5295)
[M::mem_pestat] mean and std.dev: (1380.44, 1231.78)
[M::mem_pestat] low and high boundaries for proper pairs: (1, 6886)
[M::mem_pestat] analyzing insert size distribution for orientation FR...
[M::mem_pestat] (25, 50, 75) percentile: (510, 526, 554)
[M::mem_pestat] low and high boundaries for computing mean and std.dev: (422, 642)
[M::mem_pestat] mean and std.dev: (535.67, 31.73)
[M::mem_pestat] low and high boundaries for proper pairs: (378, 686)
[M::mem_pestat] analyzing insert size distribution for orientation RF...
[M::mem_pestat] (25, 50, 75) percentile: (562, 1950, 3314)
[M::mem_pestat] low and high boundaries for computing mean and std.dev: (1, 8818)
[M::mem_pestat] mean and std.dev: (2053.35, 2151.17)
[M::mem_pestat] low and high boundaries for proper pairs: (1, 11570)
[M::mem_pestat] analyzing insert size distribution for orientation RR...
[M::mem_pestat] (25, 50, 75) percentile: (731, 1295, 2676)
[M::mem_pestat] low and high boundaries for computing mean and std.dev: (1, 6566)
[M::mem_pestat] mean and std.dev: (1629.09, 1409.83)
[M::mem_pestat] low and high boundaries for proper pairs: (1, 8511)
[M::mem_pestat] skip orientation FF
[M::mem_pestat] skip orientation RF
[M::mem_pestat] skip orientation RR
[M::mem_process_seqs] Processed 266668 reads in 409.889 CPU sec, 102.874 real sec
[M::process] read 266668 sequences (40000200 bp)...
[M::mem_pestat] # candidate unique pairs for (FF, FR, RF, RR): (45, 55500, 21, 48)
[M::mem_pestat] analyzing insert size distribution for orientation FF...
[M::mem_pestat] (25, 50, 75) percentile: (239, 955, 1746)
[M::mem_pestat] low and high boundaries for computing mean and std.dev: (1, 4760)
[M::mem_pestat] mean and std.dev: (1084.48, 860.31)
[M::mem_pestat] low and high boundaries for proper pairs: (1, 6267)
[M::mem_pestat] analyzing insert size distribution for orientation FR...
[M::mem_pestat] (25, 50, 75) percentile: (510, 526, 554)
[M::mem_pestat] low and high boundaries for computing mean and std.dev: (422, 642)
[M::mem_pestat] mean and std.dev: (535.60, 31.79)
[M::mem_pestat] low and high boundaries for proper pairs: (378, 686)
[M::mem_pestat] analyzing insert size distribution for orientation RF...
[M::mem_pestat] (25, 50, 75) percentile: (549, 2002, 3108)
[M::mem_pestat] low and high boundaries for computing mean and std.dev: (1, 8226)
[M::mem_pestat] mean and std.dev: (1767.00, 1341.77)
[M::mem_pestat] low and high boundaries for proper pairs: (1, 10785)
[M::mem_pestat] analyzing insert size distribution for orientation RR...
[M::mem_pestat] (25, 50, 75) percentile: (878, 1203, 2529)
[M::mem_pestat] low and high boundaries for computing mean and std.dev: (1, 5831)
[M::mem_pestat] mean and std.dev: (1630.79, 1294.85)
[M::mem_pestat] low and high boundaries for proper pairs: (1, 7482)
[M::mem_pestat] skip orientation FF
[M::mem_pestat] skip orientation RF
[M::mem_pestat] skip orientation RR
[M::mem_process_seqs] Processed 266668 reads in 423.215 CPU sec, 107.177 real sec
[M::process] read 266668 sequences (40000200 bp)...
[M::mem_pestat] # candidate unique pairs for (FF, FR, RF, RR): (49, 55305, 17, 46)
[M::mem_pestat] analyzing insert size distribution for orientation FF...
[M::mem_pestat] (25, 50, 75) percentile: (315, 834, 1616)
[M::mem_pestat] low and high boundaries for computing mean and std.dev: (1, 4218)
[M::mem_pestat] mean and std.dev: (963.09, 737.35)
[M::mem_pestat] low and high boundaries for proper pairs: (1, 5519)
[M::mem_pestat] analyzing insert size distribution for orientation FR...
[M::mem_pestat] (25, 50, 75) percentile: (510, 527, 555)
[M::mem_pestat] low and high boundaries for computing mean and std.dev: (420, 645)
[M::mem_pestat] mean and std.dev: (536.04, 32.34)
[M::mem_pestat] low and high boundaries for proper pairs: (375, 690)
[M::mem_pestat] analyzing insert size distribution for orientation RF...
[M::mem_pestat] (25, 50, 75) percentile: (710, 1998, 2803)
[M::mem_pestat] low and high boundaries for computing mean and std.dev: (1, 6989)
[M::mem_pestat] mean and std.dev: (1615.65, 1129.58)
[M::mem_pestat] low and high boundaries for proper pairs: (1, 9082)
[M::mem_pestat] analyzing insert size distribution for orientation RR...
[M::mem_pestat] (25, 50, 75) percentile: (945, 1504, 2581)
[M::mem_pestat] low and high boundaries for computing mean and std.dev: (1, 5853)
[M::mem_pestat] mean and std.dev: (1743.98, 1167.35)
[M::mem_pestat] low and high boundaries for proper pairs: (1, 7489)
[M::mem_pestat] skip orientation FF
[M::mem_pestat] skip orientation RF
[M::mem_pestat] skip orientation RR
[M::mem_process_seqs] Processed 266668 reads in 421.904 CPU sec, 107.983 real sec
[M::process] read 266668 sequences (40000200 bp)...
[M::mem_pestat] # candidate unique pairs for (FF, FR, RF, RR): (50, 55379, 28, 36)
[M::mem_pestat] analyzing insert size distribution for orientation FF...
[M::mem_pestat] (25, 50, 75) percentile: (444, 1364, 2293)
[M::mem_pestat] low and high boundaries for computing mean and std.dev: (1, 5991)
[M::mem_pestat] mean and std.dev: (1391.19, 1132.50)
[M::mem_pestat] low and high boundaries for proper pairs: (1, 7840)
[M::mem_pestat] analyzing insert size distribution for orientation FR...
[M::mem_pestat] (25, 50, 75) percentile: (510, 526, 554)
[M::mem_pestat] low and high boundaries for computing mean and std.dev: (422, 642)
[M::mem_pestat] mean and std.dev: (535.42, 31.80)
[M::mem_pestat] low and high boundaries for proper pairs: (378, 686)
[M::mem_pestat] analyzing insert size distribution for orientation RF...
[M::mem_pestat] (25, 50, 75) percentile: (657, 1661, 3787)
[M::mem_pestat] low and high boundaries for computing mean and std.dev: (1, 10047)
[M::mem_pestat] mean and std.dev: (2544.64, 2643.07)
[M::mem_pestat] low and high boundaries for proper pairs: (1, 13177)
[M::mem_pestat] analyzing insert size distribution for orientation RR...
[M::mem_pestat] (25, 50, 75) percentile: (475, 1215, 3361)
[M::mem_pestat] low and high boundaries for computing mean and std.dev: (1, 9133)
[M::mem_pestat] mean and std.dev: (1934.89, 1835.77)
[M::mem_pestat] low and high boundaries for proper pairs: (1, 12019)
[M::mem_pestat] skip orientation FF
[M::mem_pestat] skip orientation RF
[M::mem_pestat] skip orientation RR
[M::mem_process_seqs] Processed 266668 reads in 413.334 CPU sec, 105.388 real sec
[M::process] read 266668 sequences (40000200 bp)...
[M::mem_pestat] # candidate unique pairs for (FF, FR, RF, RR): (41, 55269, 28, 45)
[M::mem_pestat] analyzing insert size distribution for orientation FF...
[M::mem_pestat] (25, 50, 75) percentile: (388, 1106, 2008)
[M::mem_pestat] low and high boundaries for computing mean and std.dev: (1, 5248)
[M::mem_pestat] mean and std.dev: (1245.37, 926.94)
[M::mem_pestat] low and high boundaries for proper pairs: (1, 6868)
[M::mem_pestat] analyzing insert size distribution for orientation FR...
[M::mem_pestat] (25, 50, 75) percentile: (510, 526, 555)
[M::mem_pestat] low and high boundaries for computing mean and std.dev: (420, 645)
[M::mem_pestat] mean and std.dev: (536.09, 32.50)
[M::mem_pestat] low and high boundaries for proper pairs: (375, 690)
[M::mem_pestat] analyzing insert size distribution for orientation RF...
[M::mem_pestat] (25, 50, 75) percentile: (484, 1859, 2105)
[M::mem_pestat] low and high boundaries for computing mean and std.dev: (1, 5347)
[M::mem_pestat] mean and std.dev: (1475.92, 1225.21)
[M::mem_pestat] low and high boundaries for proper pairs: (1, 6968)
[M::mem_pestat] analyzing insert size distribution for orientation RR...
[M::mem_pestat] (25, 50, 75) percentile: (907, 1353, 2120)
[M::mem_pestat] low and high boundaries for computing mean and std.dev: (1, 4546)
[M::mem_pestat] mean and std.dev: (1466.30, 880.40)
[M::mem_pestat] low and high boundaries for proper pairs: (1, 5759)
[M::mem_pestat] skip orientation FF
[M::mem_pestat] skip orientation RF
[M::mem_pestat] skip orientation RR
[M::mem_process_seqs] Processed 266668 reads in 416.210 CPU sec, 104.348 real sec
[M::process] read 266668 sequences (40000200 bp)...
[M::mem_pestat] # candidate unique pairs for (FF, FR, RF, RR): (57, 55506, 24, 41)
[M::mem_pestat] analyzing insert size distribution for orientation FF...
[M::mem_pestat] (25, 50, 75) percentile: (349, 797, 1762)
[M::mem_pestat] low and high boundaries for computing mean and std.dev: (1, 4588)
[M::mem_pestat] mean and std.dev: (1039.00, 896.77)
[M::mem_pestat] low and high boundaries for proper pairs: (1, 6001)
[M::mem_pestat] analyzing insert size distribution for orientation FR...
[M::mem_pestat] (25, 50, 75) percentile: (510, 527, 555)
[M::mem_pestat] low and high boundaries for computing mean and std.dev: (420, 645)
[M::mem_pestat] mean and std.dev: (535.91, 32.24)
[M::mem_pestat] low and high boundaries for proper pairs: (375, 690)
[M::mem_pestat] analyzing insert size distribution for orientation RF...
[M::mem_pestat] (25, 50, 75) percentile: (465, 1971, 2635)
[M::mem_pestat] low and high boundaries for computing mean and std.dev: (1, 6975)
[M::mem_pestat] mean and std.dev: (1656.17, 1310.48)
[M::mem_pestat] low and high boundaries for proper pairs: (1, 9145)
[M::mem_pestat] analyzing insert size distribution for orientation RR...
[M::mem_pestat] (25, 50, 75) percentile: (990, 1175, 2418)
[M::mem_pestat] low and high boundaries for computing mean and std.dev: (1, 5274)
[M::mem_pestat] mean and std.dev: (1566.74, 1080.26)
[M::mem_pestat] low and high boundaries for proper pairs: (1, 6702)
[M::mem_pestat] skip orientation FF
[M::mem_pestat] skip orientation RF
[M::mem_pestat] skip orientation RR
[M::mem_process_seqs] Processed 266668 reads in 411.928 CPU sec, 103.277 real sec
[M::process] read 266668 sequences (40000200 bp)...
[M::mem_pestat] # candidate unique pairs for (FF, FR, RF, RR): (43, 55634, 10, 50)
[M::mem_pestat] analyzing insert size distribution for orientation FF...
[M::mem_pestat] (25, 50, 75) percentile: (452, 1027, 1893)
[M::mem_pestat] low and high boundaries for computing mean and std.dev: (1, 4775)
[M::mem_pestat] mean and std.dev: (1215.60, 935.82)
[M::mem_pestat] low and high boundaries for proper pairs: (1, 6216)
[M::mem_pestat] analyzing insert size distribution for orientation FR...
[M::mem_pestat] (25, 50, 75) percentile: (510, 526, 555)
[M::mem_pestat] low and high boundaries for computing mean and std.dev: (420, 645)
[M::mem_pestat] mean and std.dev: (535.88, 32.21)
[M::mem_pestat] low and high boundaries for proper pairs: (375, 690)
[M::mem_pestat] analyzing insert size distribution for orientation RF...
[M::mem_pestat] (25, 50, 75) percentile: (69, 954, 2077)
[M::mem_pestat] low and high boundaries for computing mean and std.dev: (1, 6093)
[M::mem_pestat] mean and std.dev: (1092.50, 1095.13)
[M::mem_pestat] low and high boundaries for proper pairs: (1, 8101)
[M::mem_pestat] analyzing insert size distribution for orientation RR...
[M::mem_pestat] (25, 50, 75) percentile: (706, 1380, 2468)
[M::mem_pestat] low and high boundaries for computing mean and std.dev: (1, 5992)
[M::mem_pestat] mean and std.dev: (1610.16, 1222.33)
[M::mem_pestat] low and high boundaries for proper pairs: (1, 7754)
[M::mem_pestat] skip orientation FF
[M::mem_pestat] skip orientation RF
[M::mem_pestat] skip orientation RR
[M::mem_process_seqs] Processed 266668 reads in 413.712 CPU sec, 103.775 real sec
[M::process] read 266668 sequences (40000200 bp)...
[M::mem_pestat] # candidate unique pairs for (FF, FR, RF, RR): (49, 55417, 27, 49)
[M::mem_pestat] analyzing insert size distribution for orientation FF...
[M::mem_pestat] (25, 50, 75) percentile: (282, 866, 1259)
[M::mem_pestat] low and high boundaries for computing mean and std.dev: (1, 3213)
[M::mem_pestat] mean and std.dev: (828.72, 677.84)
[M::mem_pestat] low and high boundaries for proper pairs: (1, 4190)
[M::mem_pestat] analyzing insert size distribution for orientation FR...
[M::mem_pestat] (25, 50, 75) percentile: (510, 527, 555)
[M::mem_pestat] low and high boundaries for computing mean and std.dev: (420, 645)
[M::mem_pestat] mean and std.dev: (536.01, 32.23)
[M::mem_pestat] low and high boundaries for proper pairs: (375, 690)
[M::mem_pestat] analyzing insert size distribution for orientation RF...
[M::mem_pestat] (25, 50, 75) percentile: (673, 1960, 3279)
[M::mem_pestat] low and high boundaries for computing mean and std.dev: (1, 8491)
[M::mem_pestat] mean and std.dev: (2082.59, 1955.49)
[M::mem_pestat] low and high boundaries for proper pairs: (1, 11097)
[M::mem_pestat] analyzing insert size distribution for orientation RR...
[M::mem_pestat] (25, 50, 75) percentile: (556, 1079, 2713)
[M::mem_pestat] low and high boundaries for computing mean and std.dev: (1, 7027)
[M::mem_pestat] mean and std.dev: (1684.25, 1693.98)
[M::mem_pestat] low and high boundaries for proper pairs: (1, 9184)
[M::mem_pestat] skip orientation FF
[M::mem_pestat] skip orientation RF
[M::mem_pestat] skip orientation RR
[M::mem_process_seqs] Processed 266668 reads in 411.329 CPU sec, 105.025 real sec
[M::process] read 266668 sequences (40000200 bp)...
[M::mem_pestat] # candidate unique pairs for (FF, FR, RF, RR): (48, 55220, 19, 46)
[M::mem_pestat] analyzing insert size distribution for orientation FF...
[M::mem_pestat] (25, 50, 75) percentile: (346, 905, 2086)
[M::mem_pestat] low and high boundaries for computing mean and std.dev: (1, 5566)
[M::mem_pestat] mean and std.dev: (1227.79, 1168.51)
[M::mem_pestat] low and high boundaries for proper pairs: (1, 7306)
[M::mem_pestat] analyzing insert size distribution for orientation FR...
[M::mem_pestat] (25, 50, 75) percentile: (510, 527, 555)
[M::mem_pestat] low and high boundaries for computing mean and std.dev: (420, 645)
[M::mem_pestat] mean and std.dev: (535.97, 32.20)
[M::mem_pestat] low and high boundaries for proper pairs: (375, 690)
[M::mem_pestat] analyzing insert size distribution for orientation RF...
[M::mem_pestat] (25, 50, 75) percentile: (1291, 2009, 4067)
[M::mem_pestat] low and high boundaries for computing mean and std.dev: (1, 9619)
[M::mem_pestat] mean and std.dev: (2709.79, 2342.71)
[M::mem_pestat] low and high boundaries for proper pairs: (1, 12395)
[M::mem_pestat] analyzing insert size distribution for orientation RR...
[M::mem_pestat] (25, 50, 75) percentile: (629, 1399, 2108)
[M::mem_pestat] low and high boundaries for computing mean and std.dev: (1, 5066)
[M::mem_pestat] mean and std.dev: (1326.37, 866.37)
[M::mem_pestat] low and high boundaries for proper pairs: (1, 6545)
[M::mem_pestat] skip orientation FF
[M::mem_pestat] skip orientation RF
[M::mem_pestat] skip orientation RR
[M::mem_process_seqs] Processed 266668 reads in 415.846 CPU sec, 107.046 real sec
[M::process] read 266668 sequences (40000200 bp)...
[M::mem_pestat] # candidate unique pairs for (FF, FR, RF, RR): (51, 55281, 19, 39)
[M::mem_pestat] analyzing insert size distribution for orientation FF...
[M::mem_pestat] (25, 50, 75) percentile: (427, 1163, 2132)
[M::mem_pestat] low and high boundaries for computing mean and std.dev: (1, 5542)
[M::mem_pestat] mean and std.dev: (1308.46, 1247.12)
[M::mem_pestat] low and high boundaries for proper pairs: (1, 7247)
[M::mem_pestat] analyzing insert size distribution for orientation FR...
[M::mem_pestat] (25, 50, 75) percentile: (510, 527, 555)
[M::mem_pestat] low and high boundaries for computing mean and std.dev: (420, 645)
[M::mem_pestat] mean and std.dev: (536.04, 32.42)
[M::mem_pestat] low and high boundaries for proper pairs: (375, 690)
[M::mem_pestat] analyzing insert size distribution for orientation RF...
[M::mem_pestat] (25, 50, 75) percentile: (1569, 2124, 3052)
[M::mem_pestat] low and high boundaries for computing mean and std.dev: (1, 6018)
[M::mem_pestat] mean and std.dev: (1895.82, 1020.99)
[M::mem_pestat] low and high boundaries for proper pairs: (1, 7501)
[M::mem_pestat] analyzing insert size distribution for orientation RR...
[M::mem_pestat] (25, 50, 75) percentile: (838, 1526, 2507)
[M::mem_pestat] low and high boundaries for computing mean and std.dev: (1, 5845)
[M::mem_pestat] mean and std.dev: (1641.92, 1225.23)
[M::mem_pestat] low and high boundaries for proper pairs: (1, 7514)
[M::mem_pestat] skip orientation FF
[M::mem_pestat] skip orientation RF
[M::mem_pestat] skip orientation RR
[M::mem_process_seqs] Processed 266668 reads in 407.031 CPU sec, 103.830 real sec
[M::process] read 266668 sequences (40000200 bp)...
[M::mem_pestat] # candidate unique pairs for (FF, FR, RF, RR): (61, 55291, 14, 42)
[M::mem_pestat] analyzing insert size distribution for orientation FF...
[M::mem_pestat] (25, 50, 75) percentile: (302, 857, 1555)
[M::mem_pestat] low and high boundaries for computing mean and std.dev: (1, 4061)
[M::mem_pestat] mean and std.dev: (928.29, 722.28)
[M::mem_pestat] low and high boundaries for proper pairs: (1, 5314)
[M::mem_pestat] analyzing insert size distribution for orientation FR...
[M::mem_pestat] (25, 50, 75) percentile: (510, 527, 555)
[M::mem_pestat] low and high boundaries for computing mean and std.dev: (420, 645)
[M::mem_pestat] mean and std.dev: (536.17, 32.53)
[M::mem_pestat] low and high boundaries for proper pairs: (375, 690)
[M::mem_pestat] analyzing insert size distribution for orientation RF...
[M::mem_pestat] (25, 50, 75) percentile: (1958, 2051, 3166)
[M::mem_pestat] low and high boundaries for computing mean and std.dev: (1, 5582)
[M::mem_pestat] mean and std.dev: (2434.43, 1250.59)
[M::mem_pestat] low and high boundaries for proper pairs: (1, 7437)
[M::mem_pestat] analyzing insert size distribution for orientation RR...
[M::mem_pestat] (25, 50, 75) percentile: (854, 1276, 1651)
[M::mem_pestat] low and high boundaries for computing mean and std.dev: (1, 3245)
[M::mem_pestat] mean and std.dev: (1062.09, 511.78)
[M::mem_pestat] low and high boundaries for proper pairs: (1, 4042)
[M::mem_pestat] skip orientation FF
[M::mem_pestat] skip orientation RF
[M::mem_pestat] skip orientation RR
[M::mem_process_seqs] Processed 266668 reads in 409.204 CPU sec, 102.690 real sec
[M::process] read 266668 sequences (40000200 bp)...
[M::mem_pestat] # candidate unique pairs for (FF, FR, RF, RR): (37, 55325, 24, 47)
[M::mem_pestat] analyzing insert size distribution for orientation FF...
[M::mem_pestat] (25, 50, 75) percentile: (711, 1137, 2109)
[M::mem_pestat] low and high boundaries for computing mean and std.dev: (1, 4905)
[M::mem_pestat] mean and std.dev: (1373.92, 1015.50)
[M::mem_pestat] low and high boundaries for proper pairs: (1, 6303)
[M::mem_pestat] analyzing insert size distribution for orientation FR...
[M::mem_pestat] (25, 50, 75) percentile: (510, 527, 555)
[M::mem_pestat] low and high boundaries for computing mean and std.dev: (420, 645)
[M::mem_pestat] mean and std.dev: (536.04, 32.20)
[M::mem_pestat] low and high boundaries for proper pairs: (375, 690)
[M::mem_pestat] analyzing insert size distribution for orientation RF...
[M::mem_pestat] (25, 50, 75) percentile: (701, 2019, 3044)
[M::mem_pestat] low and high boundaries for computing mean and std.dev: (1, 7730)
[M::mem_pestat] mean and std.dev: (2061.54, 1865.44)
[M::mem_pestat] low and high boundaries for proper pairs: (1, 10073)
[M::mem_pestat] analyzing insert size distribution for orientation RR...
[M::mem_pestat] (25, 50, 75) percentile: (748, 1104, 1638)
[M::mem_pestat] low and high boundaries for computing mean and std.dev: (1, 3418)
[M::mem_pestat] mean and std.dev: (1093.72, 710.44)
[M::mem_pestat] low and high boundaries for proper pairs: (1, 4308)
[M::mem_pestat] skip orientation FF
[M::mem_pestat] skip orientation RF
[M::mem_pestat] skip orientation RR
[M::mem_process_seqs] Processed 266668 reads in 405.808 CPU sec, 101.965 real sec
[M::process] read 266668 sequences (40000200 bp)...
[M::mem_pestat] # candidate unique pairs for (FF, FR, RF, RR): (54, 55255, 24, 42)
[M::mem_pestat] analyzing insert size distribution for orientation FF...
[M::mem_pestat] (25, 50, 75) percentile: (235, 795, 1359)
[M::mem_pestat] low and high boundaries for computing mean and std.dev: (1, 3607)
[M::mem_pestat] mean and std.dev: (948.38, 802.93)
[M::mem_pestat] low and high boundaries for proper pairs: (1, 4731)
[M::mem_pestat] analyzing insert size distribution for orientation FR...
[M::mem_pestat] (25, 50, 75) percentile: (510, 527, 555)
[M::mem_pestat] low and high boundaries for computing mean and std.dev: (420, 645)
[M::mem_pestat] mean and std.dev: (536.18, 32.43)
[M::mem_pestat] low and high boundaries for proper pairs: (375, 690)
[M::mem_pestat] analyzing insert size distribution for orientation RF...
[M::mem_pestat] (25, 50, 75) percentile: (1247, 2019, 3588)
[M::mem_pestat] low and high boundaries for computing mean and std.dev: (1, 8270)
[M::mem_pestat] mean and std.dev: (2581.42, 1991.33)
[M::mem_pestat] low and high boundaries for proper pairs: (1, 10611)
[M::mem_pestat] analyzing insert size distribution for orientation RR...
[M::mem_pestat] (25, 50, 75) percentile: (877, 1296, 2378)
[M::mem_pestat] low and high boundaries for computing mean and std.dev: (1, 5380)
[M::mem_pestat] mean and std.dev: (1378.54, 856.04)
[M::mem_pestat] low and high boundaries for proper pairs: (1, 6881)
[M::mem_pestat] skip orientation FF
[M::mem_pestat] skip orientation RF
[M::mem_pestat] skip orientation RR
[M::mem_process_seqs] Processed 266668 reads in 411.825 CPU sec, 103.405 real sec
[M::process] read 266668 sequences (40000200 bp)...
[M::mem_pestat] # candidate unique pairs for (FF, FR, RF, RR): (42, 55426, 23, 56)
[M::mem_pestat] analyzing insert size distribution for orientation FF...
[M::mem_pestat] (25, 50, 75) percentile: (216, 785, 1430)
[M::mem_pestat] low and high boundaries for computing mean and std.dev: (1, 3858)
[M::mem_pestat] mean and std.dev: (915.58, 888.54)
[M::mem_pestat] low and high boundaries for proper pairs: (1, 5072)
[M::mem_pestat] analyzing insert size distribution for orientation FR...
[M::mem_pestat] (25, 50, 75) percentile: (510, 527, 555)
[M::mem_pestat] low and high boundaries for computing mean and std.dev: (420, 645)
[M::mem_pestat] mean and std.dev: (536.04, 32.32)
[M::mem_pestat] low and high boundaries for proper pairs: (375, 690)
[M::mem_pestat] analyzing insert size distribution for orientation RF...
[M::mem_pestat] (25, 50, 75) percentile: (236, 1784, 2787)
[M::mem_pestat] low and high boundaries for computing mean and std.dev: (1, 7889)
[M::mem_pestat] mean and std.dev: (2048.87, 2124.63)
[M::mem_pestat] low and high boundaries for proper pairs: (1, 10547)
[M::mem_pestat] analyzing insert size distribution for orientation RR...
[M::mem_pestat] (25, 50, 75) percentile: (913, 1446, 2490)
[M::mem_pestat] low and high boundaries for computing mean and std.dev: (1, 5644)
[M::mem_pestat] mean and std.dev: (1463.47, 1002.42)
[M::mem_pestat] low and high boundaries for proper pairs: (1, 7221)
[M::mem_pestat] skip orientation FF
[M::mem_pestat] skip orientation RF
[M::mem_pestat] skip orientation RR
[M::mem_process_seqs] Processed 266668 reads in 399.945 CPU sec, 102.217 real sec
[M::process] read 266668 sequences (40000200 bp)...
[M::mem_pestat] # candidate unique pairs for (FF, FR, RF, RR): (39, 55622, 18, 36)
[M::mem_pestat] analyzing insert size distribution for orientation FF...
[M::mem_pestat] (25, 50, 75) percentile: (433, 1105, 1889)
[M::mem_pestat] low and high boundaries for computing mean and std.dev: (1, 4801)
[M::mem_pestat] mean and std.dev: (1254.92, 1124.31)
[M::mem_pestat] low and high boundaries for proper pairs: (1, 6257)
[M::mem_pestat] analyzing insert size distribution for orientation FR...
[M::mem_pestat] (25, 50, 75) percentile: (510, 527, 555)
[M::mem_pestat] low and high boundaries for computing mean and std.dev: (420, 645)
[M::mem_pestat] mean and std.dev: (536.16, 32.32)
[M::mem_pestat] low and high boundaries for proper pairs: (375, 690)
[M::mem_pestat] analyzing insert size distribution for orientation RF...
[M::mem_pestat] (25, 50, 75) percentile: (221, 2091, 3079)
[M::mem_pestat] low and high boundaries for computing mean and std.dev: (1, 8795)
[M::mem_pestat] mean and std.dev: (1876.00, 1556.98)
[M::mem_pestat] low and high boundaries for proper pairs: (1, 11653)
[M::mem_pestat] analyzing insert size distribution for orientation RR...
[M::mem_pestat] (25, 50, 75) percentile: (535, 1155, 3069)
[M::mem_pestat] low and high boundaries for computing mean and std.dev: (1, 8137)
[M::mem_pestat] mean and std.dev: (1725.50, 1966.20)
[M::mem_pestat] low and high boundaries for proper pairs: (1, 10671)
[M::mem_pestat] skip orientation FF
[M::mem_pestat] skip orientation RF
[M::mem_pestat] skip orientation RR
[M::mem_process_seqs] Processed 266668 reads in 407.319 CPU sec, 104.095 real sec
[M::process] read 266668 sequences (40000200 bp)...
[M::mem_pestat] # candidate unique pairs for (FF, FR, RF, RR): (59, 55791, 12, 46)
[M::mem_pestat] analyzing insert size distribution for orientation FF...
[M::mem_pestat] (25, 50, 75) percentile: (300, 1012, 1965)
[M::mem_pestat] low and high boundaries for computing mean and std.dev: (1, 5295)
[M::mem_pestat] mean and std.dev: (1121.77, 985.07)
[M::mem_pestat] low and high boundaries for proper pairs: (1, 6960)
[M::mem_pestat] analyzing insert size distribution for orientation FR...
[M::mem_pestat] (25, 50, 75) percentile: (510, 527, 555)
[M::mem_pestat] low and high boundaries for computing mean and std.dev: (420, 645)
[M::mem_pestat] mean and std.dev: (536.20, 32.51)
[M::mem_pestat] low and high boundaries for proper pairs: (375, 690)
[M::mem_pestat] analyzing insert size distribution for orientation RF...
[M::mem_pestat] (25, 50, 75) percentile: (474, 2053, 3617)
[M::mem_pestat] low and high boundaries for computing mean and std.dev: (1, 9903)
[M::mem_pestat] mean and std.dev: (1903.50, 1490.13)
[M::mem_pestat] low and high boundaries for proper pairs: (1, 13046)
[M::mem_pestat] analyzing insert size distribution for orientation RR...
[M::mem_pestat] (25, 50, 75) percentile: (806, 1245, 2897)
[M::mem_pestat] low and high boundaries for computing mean and std.dev: (1, 7079)
[M::mem_pestat] mean and std.dev: (1868.54, 1523.63)
[M::mem_pestat] low and high boundaries for proper pairs: (1, 9170)
[M::mem_pestat] skip orientation FF
[M::mem_pestat] skip orientation RF
[M::mem_pestat] skip orientation RR
[M::mem_process_seqs] Processed 266668 reads in 404.685 CPU sec, 102.507 real sec
[M::process] read 266668 sequences (40000200 bp)...
[M::mem_pestat] # candidate unique pairs for (FF, FR, RF, RR): (46, 55401, 31, 39)
[M::mem_pestat] analyzing insert size distribution for orientation FF...
[M::mem_pestat] (25, 50, 75) percentile: (247, 671, 1560)
[M::mem_pestat] low and high boundaries for computing mean and std.dev: (1, 4186)
[M::mem_pestat] mean and std.dev: (930.34, 848.79)
[M::mem_pestat] low and high boundaries for proper pairs: (1, 5499)
[M::mem_pestat] analyzing insert size distribution for orientation FR...
[M::mem_pestat] (25, 50, 75) percentile: (510, 527, 555)
[M::mem_pestat] low and high boundaries for computing mean and std.dev: (420, 645)
[M::mem_pestat] mean and std.dev: (536.24, 32.38)
[M::mem_pestat] low and high boundaries for proper pairs: (375, 690)
[M::mem_pestat] analyzing insert size distribution for orientation RF...
[M::mem_pestat] (25, 50, 75) percentile: (588, 1515, 3106)
[M::mem_pestat] low and high boundaries for computing mean and std.dev: (1, 8142)
[M::mem_pestat] mean and std.dev: (1633.04, 1442.38)
[M::mem_pestat] low and high boundaries for proper pairs: (1, 10660)
[M::mem_pestat] analyzing insert size distribution for orientation RR...
[M::mem_pestat] (25, 50, 75) percentile: (698, 1098, 1649)
[M::mem_pestat] low and high boundaries for computing mean and std.dev: (1, 3551)
[M::mem_pestat] mean and std.dev: (1049.65, 710.36)
[M::mem_pestat] low and high boundaries for proper pairs: (1, 4502)
[M::mem_pestat] skip orientation FF
[M::mem_pestat] skip orientation RF
[M::mem_pestat] skip orientation RR
[M::mem_process_seqs] Processed 266668 reads in 404.577 CPU sec, 101.585 real sec
[M::process] read 266668 sequences (40000200 bp)...
[M::mem_pestat] # candidate unique pairs for (FF, FR, RF, RR): (43, 55640, 17, 48)
[M::mem_pestat] analyzing insert size distribution for orientation FF...
[M::mem_pestat] (25, 50, 75) percentile: (285, 688, 1779)
[M::mem_pestat] low and high boundaries for computing mean and std.dev: (1, 4767)
[M::mem_pestat] mean and std.dev: (1067.29, 1050.76)
[M::mem_pestat] low and high boundaries for proper pairs: (1, 6261)
[M::mem_pestat] analyzing insert size distribution for orientation FR...
[M::mem_pestat] (25, 50, 75) percentile: (510, 527, 556)
[M::mem_pestat] low and high boundaries for computing mean and std.dev: (418, 648)
[M::mem_pestat] mean and std.dev: (536.60, 32.84)
[M::mem_pestat] low and high boundaries for proper pairs: (372, 694)
[M::mem_pestat] analyzing insert size distribution for orientation RF...
[M::mem_pestat] (25, 50, 75) percentile: (1061, 2058, 2121)
[M::mem_pestat] low and high boundaries for computing mean and std.dev: (1, 4241)
[M::mem_pestat] mean and std.dev: (1745.35, 1079.53)
[M::mem_pestat] low and high boundaries for proper pairs: (1, 6063)
[M::mem_pestat] analyzing insert size distribution for orientation RR...
[M::mem_pestat] (25, 50, 75) percentile: (955, 1316, 2332)
[M::mem_pestat] low and high boundaries for computing mean and std.dev: (1, 5086)
[M::mem_pestat] mean and std.dev: (1578.62, 1012.58)
[M::mem_pestat] low and high boundaries for proper pairs: (1, 6463)
[M::mem_pestat] skip orientation FF
[M::mem_pestat] skip orientation RF
[M::mem_pestat] skip orientation RR
[M::mem_process_seqs] Processed 266668 reads in 403.858 CPU sec, 101.381 real sec
[M::process] read 266668 sequences (40000200 bp)...
[M::mem_pestat] # candidate unique pairs for (FF, FR, RF, RR): (41, 56028, 15, 48)
[M::mem_pestat] analyzing insert size distribution for orientation FF...
[M::mem_pestat] (25, 50, 75) percentile: (219, 968, 1937)
[M::mem_pestat] low and high boundaries for computing mean and std.dev: (1, 5373)
[M::mem_pestat] mean and std.dev: (1313.07, 1278.34)
[M::mem_pestat] low and high boundaries for proper pairs: (1, 7091)
[M::mem_pestat] analyzing insert size distribution for orientation FR...
[M::mem_pestat] (25, 50, 75) percentile: (510, 527, 555)
[M::mem_pestat] low and high boundaries for computing mean and std.dev: (420, 645)
[M::mem_pestat] mean and std.dev: (536.34, 32.52)
[M::mem_pestat] low and high boundaries for proper pairs: (375, 690)
[M::mem_pestat] analyzing insert size distribution for orientation RF...
[M::mem_pestat] (25, 50, 75) percentile: (634, 1999, 3478)
[M::mem_pestat] low and high boundaries for computing mean and std.dev: (1, 9166)
[M::mem_pestat] mean and std.dev: (2246.60, 2263.59)
[M::mem_pestat] low and high boundaries for proper pairs: (1, 12010)
[M::mem_pestat] analyzing insert size distribution for orientation RR...
[M::mem_pestat] (25, 50, 75) percentile: (952, 1226, 1909)
[M::mem_pestat] low and high boundaries for computing mean and std.dev: (1, 3823)
[M::mem_pestat] mean and std.dev: (1342.77, 757.55)
[M::mem_pestat] low and high boundaries for proper pairs: (1, 4780)
[M::mem_pestat] skip orientation FF
[M::mem_pestat] skip orientation RF
[M::mem_pestat] skip orientation RR
[M::mem_process_seqs] Processed 266668 reads in 401.417 CPU sec, 100.767 real sec
[M::process] read 266668 sequences (40000200 bp)...
[M::mem_pestat] # candidate unique pairs for (FF, FR, RF, RR): (36, 55522, 18, 36)
[M::mem_pestat] analyzing insert size distribution for orientation FF...
[M::mem_pestat] (25, 50, 75) percentile: (247, 936, 1994)
[M::mem_pestat] low and high boundaries for computing mean and std.dev: (1, 5488)
[M::mem_pestat] mean and std.dev: (1200.23, 1199.51)
[M::mem_pestat] low and high boundaries for proper pairs: (1, 7235)
[M::mem_pestat] analyzing insert size distribution for orientation FR...
[M::mem_pestat] (25, 50, 75) percentile: (510, 527, 555)
[M::mem_pestat] low and high boundaries for computing mean and std.dev: (420, 645)
[M::mem_pestat] mean and std.dev: (536.08, 32.42)
[M::mem_pestat] low and high boundaries for proper pairs: (375, 690)
[M::mem_pestat] analyzing insert size distribution for orientation RF...
[M::mem_pestat] (25, 50, 75) percentile: (1972, 2824, 3708)
[M::mem_pestat] low and high boundaries for computing mean and std.dev: (1, 7180)
[M::mem_pestat] mean and std.dev: (2685.59, 1625.83)
[M::mem_pestat] low and high boundaries for proper pairs: (1, 9189)
[M::mem_pestat] analyzing insert size distribution for orientation RR...
[M::mem_pestat] (25, 50, 75) percentile: (888, 1667, 3148)
[M::mem_pestat] low and high boundaries for computing mean and std.dev: (1, 7668)
[M::mem_pestat] mean and std.dev: (2012.83, 1580.89)
[M::mem_pestat] low and high boundaries for proper pairs: (1, 9928)
[M::mem_pestat] skip orientation FF
[M::mem_pestat] skip orientation RF
[M::mem_pestat] skip orientation RR
[M::mem_process_seqs] Processed 266668 reads in 403.147 CPU sec, 101.816 real sec
[M::process] read 266668 sequences (40000200 bp)...
[M::mem_pestat] # candidate unique pairs for (FF, FR, RF, RR): (44, 55650, 22, 33)
[M::mem_pestat] analyzing insert size distribution for orientation FF...
[M::mem_pestat] (25, 50, 75) percentile: (460, 1017, 1303)
[M::mem_pestat] low and high boundaries for computing mean and std.dev: (1, 2989)
[M::mem_pestat] mean and std.dev: (969.62, 675.29)
[M::mem_pestat] low and high boundaries for proper pairs: (1, 3832)
[M::mem_pestat] analyzing insert size distribution for orientation FR...
[M::mem_pestat] (25, 50, 75) percentile: (510, 526, 554)
[M::mem_pestat] low and high boundaries for computing mean and std.dev: (422, 642)
[M::mem_pestat] mean and std.dev: (535.52, 31.78)
[M::mem_pestat] low and high boundaries for proper pairs: (378, 686)
[M::mem_pestat] analyzing insert size distribution for orientation RF...
[M::mem_pestat] (25, 50, 75) percentile: (1007, 2123, 3428)
[M::mem_pestat] low and high boundaries for computing mean and std.dev: (1, 8270)
[M::mem_pestat] mean and std.dev: (2350.82, 1719.57)
[M::mem_pestat] low and high boundaries for proper pairs: (1, 10691)
[M::mem_pestat] analyzing insert size distribution for orientation RR...
[M::mem_pestat] (25, 50, 75) percentile: (1202, 1934, 2897)
[M::mem_pestat] low and high boundaries for computing mean and std.dev: (1, 6287)
[M::mem_pestat] mean and std.dev: (2039.55, 1223.80)
[M::mem_pestat] low and high boundaries for proper pairs: (1, 7982)
[M::mem_pestat] skip orientation FF
[M::mem_pestat] skip orientation RF
[M::mem_pestat] skip orientation RR
[M::mem_process_seqs] Processed 266668 reads in 404.061 CPU sec, 102.068 real sec
[M::process] read 266668 sequences (40000200 bp)...
[M::mem_pestat] # candidate unique pairs for (FF, FR, RF, RR): (57, 55595, 22, 40)
[M::mem_pestat] analyzing insert size distribution for orientation FF...
[M::mem_pestat] (25, 50, 75) percentile: (233, 887, 1704)
[M::mem_pestat] low and high boundaries for computing mean and std.dev: (1, 4646)
[M::mem_pestat] mean and std.dev: (1035.35, 998.23)
[M::mem_pestat] low and high boundaries for proper pairs: (1, 6117)
[M::mem_pestat] analyzing insert size distribution for orientation FR...
[M::mem_pestat] (25, 50, 75) percentile: (510, 527, 555)
[M::mem_pestat] low and high boundaries for computing mean and std.dev: (420, 645)
[M::mem_pestat] mean and std.dev: (536.32, 32.57)
[M::mem_pestat] low and high boundaries for proper pairs: (375, 690)
[M::mem_pestat] analyzing insert size distribution for orientation RF...
[M::mem_pestat] (25, 50, 75) percentile: (965, 1902, 4445)
[M::mem_pestat] low and high boundaries for computing mean and std.dev: (1, 11405)
[M::mem_pestat] mean and std.dev: (3013.82, 2756.43)
[M::mem_pestat] low and high boundaries for proper pairs: (1, 14885)
[M::mem_pestat] analyzing insert size distribution for orientation RR...
[M::mem_pestat] (25, 50, 75) percentile: (926, 1333, 1933)
[M::mem_pestat] low and high boundaries for computing mean and std.dev: (1, 3947)
[M::mem_pestat] mean and std.dev: (1339.19, 719.80)
[M::mem_pestat] low and high boundaries for proper pairs: (1, 4954)
[M::mem_pestat] skip orientation FF
[M::mem_pestat] skip orientation RF
[M::mem_pestat] skip orientation RR
[M::mem_process_seqs] Processed 266668 reads in 403.772 CPU sec, 101.639 real sec
[M::process] read 266668 sequences (40000200 bp)...
[M::mem_pestat] # candidate unique pairs for (FF, FR, RF, RR): (50, 55515, 20, 46)
[M::mem_pestat] analyzing insert size distribution for orientation FF...
[M::mem_pestat] (25, 50, 75) percentile: (238, 900, 2303)
[M::mem_pestat] low and high boundaries for computing mean and std.dev: (1, 6433)
[M::mem_pestat] mean and std.dev: (1285.62, 1482.40)
[M::mem_pestat] low and high boundaries for proper pairs: (1, 8498)
[M::mem_pestat] analyzing insert size distribution for orientation FR...
[M::mem_pestat] (25, 50, 75) percentile: (510, 527, 555)
[M::mem_pestat] low and high boundaries for computing mean and std.dev: (420, 645)
[M::mem_pestat] mean and std.dev: (536.44, 32.58)
[M::mem_pestat] low and high boundaries for proper pairs: (375, 690)
[M::mem_pestat] analyzing insert size distribution for orientation RF...
[M::mem_pestat] (25, 50, 75) percentile: (620, 1753, 2515)
[M::mem_pestat] low and high boundaries for computing mean and std.dev: (1, 6305)
[M::mem_pestat] mean and std.dev: (1659.55, 1124.19)
[M::mem_pestat] low and high boundaries for proper pairs: (1, 8200)
[M::mem_pestat] analyzing insert size distribution for orientation RR...
[M::mem_pestat] (25, 50, 75) percentile: (529, 1113, 1649)
[M::mem_pestat] low and high boundaries for computing mean and std.dev: (1, 3889)
[M::mem_pestat] mean and std.dev: (1244.29, 906.19)
[M::mem_pestat] low and high boundaries for proper pairs: (1, 5009)
[M::mem_pestat] skip orientation FF
[M::mem_pestat] skip orientation RF
[M::mem_pestat] skip orientation RR
[M::mem_process_seqs] Processed 266668 reads in 397.370 CPU sec, 99.668 real sec
[M::process] read 266668 sequences (40000200 bp)...
[M::mem_pestat] # candidate unique pairs for (FF, FR, RF, RR): (40, 56164, 17, 49)
[M::mem_pestat] analyzing insert size distribution for orientation FF...
[M::mem_pestat] (25, 50, 75) percentile: (451, 1066, 2018)
[M::mem_pestat] low and high boundaries for computing mean and std.dev: (1, 5152)
[M::mem_pestat] mean and std.dev: (1249.89, 1034.75)
[M::mem_pestat] low and high boundaries for proper pairs: (1, 6719)
[M::mem_pestat] analyzing insert size distribution for orientation FR...
[M::mem_pestat] (25, 50, 75) percentile: (510, 527, 555)
[M::mem_pestat] low and high boundaries for computing mean and std.dev: (420, 645)
[M::mem_pestat] mean and std.dev: (536.15, 32.35)
[M::mem_pestat] low and high boundaries for proper pairs: (375, 690)
[M::mem_pestat] analyzing insert size distribution for orientation RF...
[M::mem_pestat] (25, 50, 75) percentile: (1060, 2015, 4537)
[M::mem_pestat] low and high boundaries for computing mean and std.dev: (1, 11491)
[M::mem_pestat] mean and std.dev: (2666.94, 2352.82)
[M::mem_pestat] low and high boundaries for proper pairs: (1, 14968)
[M::mem_pestat] analyzing insert size distribution for orientation RR...
[M::mem_pestat] (25, 50, 75) percentile: (498, 1106, 1742)
[M::mem_pestat] low and high boundaries for computing mean and std.dev: (1, 4230)
[M::mem_pestat] mean and std.dev: (1192.90, 785.27)
[M::mem_pestat] low and high boundaries for proper pairs: (1, 5474)
[M::mem_pestat] skip orientation FF
[M::mem_pestat] skip orientation RF
[M::mem_pestat] skip orientation RR
[M::mem_process_seqs] Processed 266668 reads in 395.026 CPU sec, 99.307 real sec
[M::process] read 266668 sequences (40000200 bp)...
[M::mem_pestat] # candidate unique pairs for (FF, FR, RF, RR): (44, 55895, 19, 43)
[M::mem_pestat] analyzing insert size distribution for orientation FF...
[M::mem_pestat] (25, 50, 75) percentile: (370, 804, 1503)
[M::mem_pestat] low and high boundaries for computing mean and std.dev: (1, 3769)
[M::mem_pestat] mean and std.dev: (1108.86, 942.12)
[M::mem_pestat] low and high boundaries for proper pairs: (1, 4902)
[M::mem_pestat] analyzing insert size distribution for orientation FR...
[M::mem_pestat] (25, 50, 75) percentile: (510, 527, 555)
[M::mem_pestat] low and high boundaries for computing mean and std.dev: (420, 645)
[M::mem_pestat] mean and std.dev: (536.26, 32.50)
[M::mem_pestat] low and high boundaries for proper pairs: (375, 690)
[M::mem_pestat] analyzing insert size distribution for orientation RF...
[M::mem_pestat] (25, 50, 75) percentile: (631, 1640, 2075)
[M::mem_pestat] low and high boundaries for computing mean and std.dev: (1, 4963)
[M::mem_pestat] mean and std.dev: (1321.41, 1159.99)
[M::mem_pestat] low and high boundaries for proper pairs: (1, 6407)
[M::mem_pestat] analyzing insert size distribution for orientation RR...
[M::mem_pestat] (25, 50, 75) percentile: (856, 1020, 1899)
[M::mem_pestat] low and high boundaries for computing mean and std.dev: (1, 3985)
[M::mem_pestat] mean and std.dev: (1202.05, 730.42)
[M::mem_pestat] low and high boundaries for proper pairs: (1, 5028)
[M::mem_pestat] skip orientation FF
[M::mem_pestat] skip orientation RF
[M::mem_pestat] skip orientation RR
[M::mem_process_seqs] Processed 266668 reads in 399.475 CPU sec, 100.460 real sec
[M::process] read 266668 sequences (40000200 bp)...
[M::mem_pestat] # candidate unique pairs for (FF, FR, RF, RR): (42, 55909, 14, 36)
[M::mem_pestat] analyzing insert size distribution for orientation FF...
[M::mem_pestat] (25, 50, 75) percentile: (238, 905, 1351)
[M::mem_pestat] low and high boundaries for computing mean and std.dev: (1, 3577)
[M::mem_pestat] mean and std.dev: (857.13, 722.65)
[M::mem_pestat] low and high boundaries for proper pairs: (1, 4690)
[M::mem_pestat] analyzing insert size distribution for orientation FR...
[M::mem_pestat] (25, 50, 75) percentile: (510, 527, 555)
[M::mem_pestat] low and high boundaries for computing mean and std.dev: (420, 645)
[M::mem_pestat] mean and std.dev: (536.13, 32.36)
[M::mem_pestat] low and high boundaries for proper pairs: (375, 690)
[M::mem_pestat] analyzing insert size distribution for orientation RF...
[M::mem_pestat] (25, 50, 75) percentile: (166, 819, 3286)
[M::mem_pestat] low and high boundaries for computing mean and std.dev: (1, 9526)
[M::mem_pestat] mean and std.dev: (1806.93, 2047.34)
[M::mem_pestat] low and high boundaries for proper pairs: (1, 12646)
[M::mem_pestat] analyzing insert size distribution for orientation RR...
[M::mem_pestat] (25, 50, 75) percentile: (785, 1279, 2717)
[M::mem_pestat] low and high boundaries for computing mean and std.dev: (1, 6581)
[M::mem_pestat] mean and std.dev: (1665.57, 1311.22)
[M::mem_pestat] low and high boundaries for proper pairs: (1, 8513)
[M::mem_pestat] skip orientation FF
[M::mem_pestat] skip orientation RF
[M::mem_pestat] skip orientation RR
[M::mem_process_seqs] Processed 266668 reads in 397.657 CPU sec, 101.487 real sec
[M::process] read 266668 sequences (40000200 bp)...
[M::mem_pestat] # candidate unique pairs for (FF, FR, RF, RR): (53, 55960, 21, 48)
[M::mem_pestat] analyzing insert size distribution for orientation FF...
[M::mem_pestat] (25, 50, 75) percentile: (348, 939, 2387)
[M::mem_pestat] low and high boundaries for computing mean and std.dev: (1, 6465)
[M::mem_pestat] mean and std.dev: (1331.71, 1313.05)
[M::mem_pestat] low and high boundaries for proper pairs: (1, 8504)
[M::mem_pestat] analyzing insert size distribution for orientation FR...
[M::mem_pestat] (25, 50, 75) percentile: (510, 527, 555)
[M::mem_pestat] low and high boundaries for computing mean and std.dev: (420, 645)
[M::mem_pestat] mean and std.dev: (536.19, 32.39)
[M::mem_pestat] low and high boundaries for proper pairs: (375, 690)
[M::mem_pestat] analyzing insert size distribution for orientation RF...
[M::mem_pestat] (25, 50, 75) percentile: (1106, 1969, 2518)
[M::mem_pestat] low and high boundaries for computing mean and std.dev: (1, 5342)
[M::mem_pestat] mean and std.dev: (1853.40, 1275.59)
[M::mem_pestat] low and high boundaries for proper pairs: (1, 6956)
[M::mem_pestat] analyzing insert size distribution for orientation RR...
[M::mem_pestat] (25, 50, 75) percentile: (892, 1295, 2133)
[M::mem_pestat] low and high boundaries for computing mean and std.dev: (1, 4615)
[M::mem_pestat] mean and std.dev: (1314.81, 931.00)
[M::mem_pestat] low and high boundaries for proper pairs: (1, 5856)
[M::mem_pestat] skip orientation FF
[M::mem_pestat] skip orientation RF
[M::mem_pestat] skip orientation RR
[M::mem_process_seqs] Processed 266668 reads in 397.552 CPU sec, 101.385 real sec
[M::process] read 266668 sequences (40000200 bp)...
[M::mem_pestat] # candidate unique pairs for (FF, FR, RF, RR): (49, 55806, 25, 38)
[M::mem_pestat] analyzing insert size distribution for orientation FF...
[M::mem_pestat] (25, 50, 75) percentile: (233, 951, 1800)
[M::mem_pestat] low and high boundaries for computing mean and std.dev: (1, 4934)
[M::mem_pestat] mean and std.dev: (1146.81, 1114.02)
[M::mem_pestat] low and high boundaries for proper pairs: (1, 6501)
[M::mem_pestat] analyzing insert size distribution for orientation FR...
[M::mem_pestat] (25, 50, 75) percentile: (510, 527, 555)
[M::mem_pestat] low and high boundaries for computing mean and std.dev: (420, 645)
[M::mem_pestat] mean and std.dev: (536.28, 32.44)
[M::mem_pestat] low and high boundaries for proper pairs: (375, 690)
[M::mem_pestat] analyzing insert size distribution for orientation RF...
[M::mem_pestat] (25, 50, 75) percentile: (472, 1562, 2070)
[M::mem_pestat] low and high boundaries for computing mean and std.dev: (1, 5266)
[M::mem_pestat] mean and std.dev: (1482.00, 1190.69)
[M::mem_pestat] low and high boundaries for proper pairs: (1, 6864)
[M::mem_pestat] analyzing insert size distribution for orientation RR...
[M::mem_pestat] (25, 50, 75) percentile: (471, 1252, 2607)
[M::mem_pestat] low and high boundaries for computing mean and std.dev: (1, 6879)
[M::mem_pestat] mean and std.dev: (1555.24, 1232.03)
[M::mem_pestat] low and high boundaries for proper pairs: (1, 9015)
[M::mem_pestat] skip orientation FF
[M::mem_pestat] skip orientation RF
[M::mem_pestat] skip orientation RR
[M::mem_process_seqs] Processed 266668 reads in 404.544 CPU sec, 102.011 real sec
[M::process] read 266668 sequences (40000200 bp)...
[M::mem_pestat] # candidate unique pairs for (FF, FR, RF, RR): (58, 56319, 24, 38)
[M::mem_pestat] analyzing insert size distribution for orientation FF...
[M::mem_pestat] (25, 50, 75) percentile: (313, 1057, 1686)
[M::mem_pestat] low and high boundaries for computing mean and std.dev: (1, 4432)
[M::mem_pestat] mean and std.dev: (1126.91, 928.08)
[M::mem_pestat] low and high boundaries for proper pairs: (1, 5805)
[M::mem_pestat] analyzing insert size distribution for orientation FR...
[M::mem_pestat] (25, 50, 75) percentile: (510, 527, 555)
[M::mem_pestat] low and high boundaries for computing mean and std.dev: (420, 645)
[M::mem_pestat] mean and std.dev: (536.12, 32.50)
[M::mem_pestat] low and high boundaries for proper pairs: (375, 690)
[M::mem_pestat] analyzing insert size distribution for orientation RF...
[M::mem_pestat] (25, 50, 75) percentile: (866, 2003, 4409)
[M::mem_pestat] low and high boundaries for computing mean and std.dev: (1, 11495)
[M::mem_pestat] mean and std.dev: (2912.00, 2749.83)
[M::mem_pestat] low and high boundaries for proper pairs: (1, 15038)
[M::mem_pestat] analyzing insert size distribution for orientation RR...
[M::mem_pestat] (25, 50, 75) percentile: (797, 1269, 2374)
[M::mem_pestat] low and high boundaries for computing mean and std.dev: (1, 5528)
[M::mem_pestat] mean and std.dev: (1535.95, 1134.35)
[M::mem_pestat] low and high boundaries for proper pairs: (1, 7105)
[M::mem_pestat] skip orientation FF
[M::mem_pestat] skip orientation RF
[M::mem_pestat] skip orientation RR
[M::mem_process_seqs] Processed 266668 reads in 396.283 CPU sec, 99.384 real sec
[M::process] read 266668 sequences (40000200 bp)...
[M::mem_pestat] # candidate unique pairs for (FF, FR, RF, RR): (52, 55713, 24, 51)
[M::mem_pestat] analyzing insert size distribution for orientation FF...
[M::mem_pestat] (25, 50, 75) percentile: (453, 953, 1785)
[M::mem_pestat] low and high boundaries for computing mean and std.dev: (1, 4449)
[M::mem_pestat] mean and std.dev: (1076.34, 848.63)
[M::mem_pestat] low and high boundaries for proper pairs: (1, 5781)
[M::mem_pestat] analyzing insert size distribution for orientation FR...
[M::mem_pestat] (25, 50, 75) percentile: (510, 527, 555)
[M::mem_pestat] low and high boundaries for computing mean and std.dev: (420, 645)
[M::mem_pestat] mean and std.dev: (536.16, 32.22)
[M::mem_pestat] low and high boundaries for proper pairs: (375, 690)
[M::mem_pestat] analyzing insert size distribution for orientation RF...
[M::mem_pestat] (25, 50, 75) percentile: (486, 1746, 2118)
[M::mem_pestat] low and high boundaries for computing mean and std.dev: (1, 5382)
[M::mem_pestat] mean and std.dev: (1316.00, 899.82)
[M::mem_pestat] low and high boundaries for proper pairs: (1, 7014)
[M::mem_pestat] analyzing insert size distribution for orientation RR...
[M::mem_pestat] (25, 50, 75) percentile: (747, 1181, 2154)
[M::mem_pestat] low and high boundaries for computing mean and std.dev: (1, 4968)
[M::mem_pestat] mean and std.dev: (1370.81, 968.10)
[M::mem_pestat] low and high boundaries for proper pairs: (1, 6375)
[M::mem_pestat] skip orientation FF
[M::mem_pestat] skip orientation RF
[M::mem_pestat] skip orientation RR
[M::mem_process_seqs] Processed 266668 reads in 397.767 CPU sec, 99.678 real sec
[M::process] read 266668 sequences (40000200 bp)...
[M::mem_pestat] # candidate unique pairs for (FF, FR, RF, RR): (47, 55790, 32, 37)
[M::mem_pestat] analyzing insert size distribution for orientation FF...
[M::mem_pestat] (25, 50, 75) percentile: (319, 798, 1833)
[M::mem_pestat] low and high boundaries for computing mean and std.dev: (1, 4861)
[M::mem_pestat] mean and std.dev: (1110.67, 1076.18)
[M::mem_pestat] low and high boundaries for proper pairs: (1, 6375)
[M::mem_pestat] analyzing insert size distribution for orientation FR...
[M::mem_pestat] (25, 50, 75) percentile: (510, 526, 555)
[M::mem_pestat] low and high boundaries for computing mean and std.dev: (420, 645)
[M::mem_pestat] mean and std.dev: (535.92, 32.32)
[M::mem_pestat] low and high boundaries for proper pairs: (375, 690)
[M::mem_pestat] analyzing insert size distribution for orientation RF...
[M::mem_pestat] (25, 50, 75) percentile: (533, 2002, 2505)
[M::mem_pestat] low and high boundaries for computing mean and std.dev: (1, 6449)
[M::mem_pestat] mean and std.dev: (1553.43, 1365.31)
[M::mem_pestat] low and high boundaries for proper pairs: (1, 8421)
[M::mem_pestat] analyzing insert size distribution for orientation RR...
[M::mem_pestat] (25, 50, 75) percentile: (713, 1078, 1553)
[M::mem_pestat] low and high boundaries for computing mean and std.dev: (1, 3233)
[M::mem_pestat] mean and std.dev: (1126.34, 678.80)
[M::mem_pestat] low and high boundaries for proper pairs: (1, 4073)
[M::mem_pestat] skip orientation FF
[M::mem_pestat] skip orientation RF
[M::mem_pestat] skip orientation RR
[M::mem_process_seqs] Processed 266668 reads in 398.563 CPU sec, 100.263 real sec
[M::process] read 266668 sequences (40000200 bp)...
[M::mem_pestat] # candidate unique pairs for (FF, FR, RF, RR): (61, 55919, 23, 32)
[M::mem_pestat] analyzing insert size distribution for orientation FF...
[M::mem_pestat] (25, 50, 75) percentile: (233, 998, 1916)
[M::mem_pestat] low and high boundaries for computing mean and std.dev: (1, 5282)
[M::mem_pestat] mean and std.dev: (1196.71, 1124.73)
[M::mem_pestat] low and high boundaries for proper pairs: (1, 6965)
[M::mem_pestat] analyzing insert size distribution for orientation FR...
[M::mem_pestat] (25, 50, 75) percentile: (510, 527, 555)
[M::mem_pestat] low and high boundaries for computing mean and std.dev: (420, 645)
[M::mem_pestat] mean and std.dev: (536.06, 32.44)
[M::mem_pestat] low and high boundaries for proper pairs: (375, 690)
[M::mem_pestat] analyzing insert size distribution for orientation RF...
[M::mem_pestat] (25, 50, 75) percentile: (483, 787, 3157)
[M::mem_pestat] low and high boundaries for computing mean and std.dev: (1, 8505)
[M::mem_pestat] mean and std.dev: (1510.27, 1451.70)
[M::mem_pestat] low and high boundaries for proper pairs: (1, 11179)
[M::mem_pestat] analyzing insert size distribution for orientation RR...
[M::mem_pestat] (25, 50, 75) percentile: (961, 1683, 2938)
[M::mem_pestat] low and high boundaries for computing mean and std.dev: (1, 6892)
[M::mem_pestat] mean and std.dev: (2004.10, 1557.25)
[M::mem_pestat] low and high boundaries for proper pairs: (1, 8869)
[M::mem_pestat] skip orientation FF
[M::mem_pestat] skip orientation RF
[M::mem_pestat] skip orientation RR
[M::mem_process_seqs] Processed 266668 reads in 396.441 CPU sec, 101.608 real sec
[M::process] read 266668 sequences (40000200 bp)...
[M::mem_pestat] # candidate unique pairs for (FF, FR, RF, RR): (53, 56219, 12, 47)
[M::mem_pestat] analyzing insert size distribution for orientation FF...
[M::mem_pestat] (25, 50, 75) percentile: (388, 991, 2044)
[M::mem_pestat] low and high boundaries for computing mean and std.dev: (1, 5356)
[M::mem_pestat] mean and std.dev: (1282.92, 1135.17)
[M::mem_pestat] low and high boundaries for proper pairs: (1, 7012)
[M::mem_pestat] analyzing insert size distribution for orientation FR...
[M::mem_pestat] (25, 50, 75) percentile: (510, 527, 556)
[M::mem_pestat] low and high boundaries for computing mean and std.dev: (418, 648)
[M::mem_pestat] mean and std.dev: (536.64, 33.03)
[M::mem_pestat] low and high boundaries for proper pairs: (372, 694)
[M::mem_pestat] analyzing insert size distribution for orientation RF...
[M::mem_pestat] (25, 50, 75) percentile: (794, 2164, 5729)
[M::mem_pestat] low and high boundaries for computing mean and std.dev: (1, 15599)
[M::mem_pestat] mean and std.dev: (2720.17, 2197.12)
[M::mem_pestat] low and high boundaries for proper pairs: (1, 20534)
[M::mem_pestat] analyzing insert size distribution for orientation RR...
[M::mem_pestat] (25, 50, 75) percentile: (747, 1146, 1837)
[M::mem_pestat] low and high boundaries for computing mean and std.dev: (1, 4017)
[M::mem_pestat] mean and std.dev: (1343.82, 938.71)
[M::mem_pestat] low and high boundaries for proper pairs: (1, 5107)
[M::mem_pestat] skip orientation FF
[M::mem_pestat] skip orientation RF
[M::mem_pestat] skip orientation RR
[M::mem_process_seqs] Processed 266668 reads in 398.182 CPU sec, 101.926 real sec
[M::process] read 233756 sequences (35063400 bp)...
[M::mem_pestat] # candidate unique pairs for (FF, FR, RF, RR): (47, 55961, 16, 46)
[M::mem_pestat] analyzing insert size distribution for orientation FF...
[M::mem_pestat] (25, 50, 75) percentile: (278, 861, 1537)
[M::mem_pestat] low and high boundaries for computing mean and std.dev: (1, 4055)
[M::mem_pestat] mean and std.dev: (911.12, 794.63)
[M::mem_pestat] low and high boundaries for proper pairs: (1, 5314)
[M::mem_pestat] analyzing insert size distribution for orientation FR...
[M::mem_pestat] (25, 50, 75) percentile: (510, 527, 555)
[M::mem_pestat] low and high boundaries for computing mean and std.dev: (420, 645)
[M::mem_pestat] mean and std.dev: (536.22, 32.45)
[M::mem_pestat] low and high boundaries for proper pairs: (375, 690)
[M::mem_pestat] analyzing insert size distribution for orientation RF...
[M::mem_pestat] (25, 50, 75) percentile: (933, 1690, 2810)
[M::mem_pestat] low and high boundaries for computing mean and std.dev: (1, 6564)
[M::mem_pestat] mean and std.dev: (1791.94, 1341.63)
[M::mem_pestat] low and high boundaries for proper pairs: (1, 8441)
[M::mem_pestat] analyzing insert size distribution for orientation RR...
[M::mem_pestat] (25, 50, 75) percentile: (842, 1116, 1989)
[M::mem_pestat] low and high boundaries for computing mean and std.dev: (1, 4283)
[M::mem_pestat] mean and std.dev: (1191.36, 689.26)
[M::mem_pestat] low and high boundaries for proper pairs: (1, 5430)
[M::mem_pestat] skip orientation FF
[M::mem_pestat] skip orientation RF
[M::mem_pestat] skip orientation RR
[M::mem_process_seqs] Processed 266668 reads in 399.104 CPU sec, 100.536 real sec
[M::mem_pestat] # candidate unique pairs for (FF, FR, RF, RR): (42, 49505, 18, 48)
[M::mem_pestat] analyzing insert size distribution for orientation FF...
[M::mem_pestat] (25, 50, 75) percentile: (253, 919, 1782)
[M::mem_pestat] low and high boundaries for computing mean and std.dev: (1, 4840)
[M::mem_pestat] mean and std.dev: (1097.97, 999.83)
[M::mem_pestat] low and high boundaries for proper pairs: (1, 6369)
[M::mem_pestat] analyzing insert size distribution for orientation FR...
[M::mem_pestat] (25, 50, 75) percentile: (510, 527, 556)
[M::mem_pestat] low and high boundaries for computing mean and std.dev: (418, 648)
[M::mem_pestat] mean and std.dev: (536.52, 32.88)
[M::mem_pestat] low and high boundaries for proper pairs: (372, 694)
[M::mem_pestat] analyzing insert size distribution for orientation RF...
[M::mem_pestat] (25, 50, 75) percentile: (841, 1943, 2091)
[M::mem_pestat] low and high boundaries for computing mean and std.dev: (1, 4591)
[M::mem_pestat] mean and std.dev: (1516.69, 919.09)
[M::mem_pestat] low and high boundaries for proper pairs: (1, 5841)
[M::mem_pestat] analyzing insert size distribution for orientation RR...
[M::mem_pestat] (25, 50, 75) percentile: (1017, 1474, 2379)
[M::mem_pestat] low and high boundaries for computing mean and std.dev: (1, 5103)
[M::mem_pestat] mean and std.dev: (1559.09, 983.57)
[M::mem_pestat] low and high boundaries for proper pairs: (1, 6465)
[M::mem_pestat] skip orientation FF
[M::mem_pestat] skip orientation RF
[M::mem_pestat] skip orientation RR
[M::mem_process_seqs] Processed 233756 reads in 340.465 CPU sec, 85.426 real sec
[main] Version: 0.7.17-r1188
[main] CMD: bwa mem -t 4 -a /mnt/raid6/bacphagenetwork/data/bwa_index/Homo_sapiens.GRCh38.dna.toplevel.fa /mnt/raid6/bacphagenetwork/data/skin_metagenome/Beijing/02_rm_host/BJ015_1.fastq.gz /mnt/raid6/bacphagenetwork/data/skin_metagenome/Beijing/02_rm_host/BJ015_2.fastq.gz
[main] Real time: 4119.809 sec; CPU: 16267.048 sec
