/home/bacphagenetwork/.bashrc: line 15: Custom: command not found
[M::bwa_idx_load_from_disk] read 0 ALT contigs
[M::process] read 266668 sequences (40000200 bp)...
[M::process] read 266668 sequences (40000200 bp)...
[M::mem_pestat] # candidate unique pairs for (FF, FR, RF, RR): (4, 8530, 7, 9)
[M::mem_pestat] skip orientation FF as there are not enough pairs
[M::mem_pestat] analyzing insert size distribution for orientation FR...
[M::mem_pestat] (25, 50, 75) percentile: (141, 332, 519)
[M::mem_pestat] low and high boundaries for computing mean and std.dev: (1, 1275)
[M::mem_pestat] mean and std.dev: (340.23, 188.64)
[M::mem_pestat] low and high boundaries for proper pairs: (1, 1653)
[M::mem_pestat] skip orientation RF as there are not enough pairs
[M::mem_pestat] skip orientation RR as there are not enough pairs
[M::mem_process_seqs] Processed 266668 reads in 379.808 CPU sec, 95.167 real sec
[M::process] read 266668 sequences (40000200 bp)...
[M::mem_pestat] # candidate unique pairs for (FF, FR, RF, RR): (8, 8469, 5, 6)
[M::mem_pestat] skip orientation FF as there are not enough pairs
[M::mem_pestat] analyzing insert size distribution for orientation FR...
[M::mem_pestat] (25, 50, 75) percentile: (141, 335, 518)
[M::mem_pestat] low and high boundaries for computing mean and std.dev: (1, 1272)
[M::mem_pestat] mean and std.dev: (339.78, 187.99)
[M::mem_pestat] low and high boundaries for proper pairs: (1, 1649)
[M::mem_pestat] skip orientation RF as there are not enough pairs
[M::mem_pestat] skip orientation RR as there are not enough pairs
[M::mem_process_seqs] Processed 266668 reads in 384.721 CPU sec, 96.318 real sec
[M::process] read 266668 sequences (40000200 bp)...
[M::mem_pestat] # candidate unique pairs for (FF, FR, RF, RR): (11, 8544, 5, 5)
[M::mem_pestat] analyzing insert size distribution for orientation FF...
[M::mem_pestat] (25, 50, 75) percentile: (254, 728, 1839)
[M::mem_pestat] low and high boundaries for computing mean and std.dev: (1, 5009)
[M::mem_pestat] mean and std.dev: (901.36, 790.86)
[M::mem_pestat] low and high boundaries for proper pairs: (1, 6594)
[M::mem_pestat] analyzing insert size distribution for orientation FR...
[M::mem_pestat] (25, 50, 75) percentile: (141, 336, 518)
[M::mem_pestat] low and high boundaries for computing mean and std.dev: (1, 1272)
[M::mem_pestat] mean and std.dev: (339.73, 186.99)
[M::mem_pestat] low and high boundaries for proper pairs: (1, 1649)
[M::mem_pestat] skip orientation RF as there are not enough pairs
[M::mem_pestat] skip orientation RR as there are not enough pairs
[M::mem_pestat] skip orientation FF
[M::mem_process_seqs] Processed 266668 reads in 385.902 CPU sec, 96.615 real sec
[M::process] read 266668 sequences (40000200 bp)...
[M::mem_pestat] # candidate unique pairs for (FF, FR, RF, RR): (10, 8603, 8, 10)
[M::mem_pestat] analyzing insert size distribution for orientation FF...
[M::mem_pestat] (25, 50, 75) percentile: (209, 749, 1595)
[M::mem_pestat] low and high boundaries for computing mean and std.dev: (1, 4367)
[M::mem_pestat] mean and std.dev: (966.00, 1066.04)
[M::mem_pestat] low and high boundaries for proper pairs: (1, 5753)
[M::mem_pestat] analyzing insert size distribution for orientation FR...
[M::mem_pestat] (25, 50, 75) percentile: (140, 329, 520)
[M::mem_pestat] low and high boundaries for computing mean and std.dev: (1, 1280)
[M::mem_pestat] mean and std.dev: (338.36, 188.80)
[M::mem_pestat] low and high boundaries for proper pairs: (1, 1660)
[M::mem_pestat] skip orientation RF as there are not enough pairs
[M::mem_pestat] analyzing insert size distribution for orientation RR...
[M::mem_pestat] (25, 50, 75) percentile: (263, 1044, 1754)
[M::mem_pestat] low and high boundaries for computing mean and std.dev: (1, 4736)
[M::mem_pestat] mean and std.dev: (885.11, 626.37)
[M::mem_pestat] low and high boundaries for proper pairs: (1, 6227)
[M::mem_pestat] skip orientation FF
[M::mem_pestat] skip orientation RR
[M::mem_process_seqs] Processed 266668 reads in 380.076 CPU sec, 95.140 real sec
[M::process] read 266668 sequences (40000200 bp)...
[M::mem_pestat] # candidate unique pairs for (FF, FR, RF, RR): (10, 8464, 4, 4)
[M::mem_pestat] analyzing insert size distribution for orientation FF...
[M::mem_pestat] (25, 50, 75) percentile: (62, 418, 1879)
[M::mem_pestat] low and high boundaries for computing mean and std.dev: (1, 5513)
[M::mem_pestat] mean and std.dev: (669.44, 896.82)
[M::mem_pestat] low and high boundaries for proper pairs: (1, 7330)
[M::mem_pestat] analyzing insert size distribution for orientation FR...
[M::mem_pestat] (25, 50, 75) percentile: (141, 321, 517)
[M::mem_pestat] low and high boundaries for computing mean and std.dev: (1, 1269)
[M::mem_pestat] mean and std.dev: (335.28, 187.60)
[M::mem_pestat] low and high boundaries for proper pairs: (1, 1645)
[M::mem_pestat] skip orientation RF as there are not enough pairs
[M::mem_pestat] skip orientation RR as there are not enough pairs
[M::mem_pestat] skip orientation FF
[M::mem_process_seqs] Processed 266668 reads in 394.673 CPU sec, 98.799 real sec
[M::process] read 266668 sequences (40000200 bp)...
[M::mem_pestat] # candidate unique pairs for (FF, FR, RF, RR): (12, 8493, 5, 8)
[M::mem_pestat] analyzing insert size distribution for orientation FF...
[M::mem_pestat] (25, 50, 75) percentile: (136, 200, 1548)
[M::mem_pestat] low and high boundaries for computing mean and std.dev: (1, 4372)
[M::mem_pestat] mean and std.dev: (836.58, 1017.18)
[M::mem_pestat] low and high boundaries for proper pairs: (1, 5784)
[M::mem_pestat] analyzing insert size distribution for orientation FR...
[M::mem_pestat] (25, 50, 75) percentile: (141, 335, 519)
[M::mem_pestat] low and high boundaries for computing mean and std.dev: (1, 1275)
[M::mem_pestat] mean and std.dev: (340.31, 188.53)
[M::mem_pestat] low and high boundaries for proper pairs: (1, 1653)
[M::mem_pestat] skip orientation RF as there are not enough pairs
[M::mem_pestat] skip orientation RR as there are not enough pairs
[M::mem_pestat] skip orientation FF
[M::mem_process_seqs] Processed 266668 reads in 384.916 CPU sec, 96.389 real sec
[M::process] read 266668 sequences (40000200 bp)...
[M::mem_pestat] # candidate unique pairs for (FF, FR, RF, RR): (8, 8429, 1, 7)
[M::mem_pestat] skip orientation FF as there are not enough pairs
[M::mem_pestat] analyzing insert size distribution for orientation FR...
[M::mem_pestat] (25, 50, 75) percentile: (140, 309, 516)
[M::mem_pestat] low and high boundaries for computing mean and std.dev: (1, 1268)
[M::mem_pestat] mean and std.dev: (330.55, 187.67)
[M::mem_pestat] low and high boundaries for proper pairs: (1, 1644)
[M::mem_pestat] skip orientation RF as there are not enough pairs
[M::mem_pestat] skip orientation RR as there are not enough pairs
[M::mem_process_seqs] Processed 266668 reads in 394.722 CPU sec, 98.867 real sec
[M::process] read 266668 sequences (40000200 bp)...
[M::mem_pestat] # candidate unique pairs for (FF, FR, RF, RR): (9, 8560, 4, 8)
[M::mem_pestat] skip orientation FF as there are not enough pairs
[M::mem_pestat] analyzing insert size distribution for orientation FR...
[M::mem_pestat] (25, 50, 75) percentile: (141, 328, 519)
[M::mem_pestat] low and high boundaries for computing mean and std.dev: (1, 1275)
[M::mem_pestat] mean and std.dev: (338.71, 188.87)
[M::mem_pestat] low and high boundaries for proper pairs: (1, 1653)
[M::mem_pestat] skip orientation RF as there are not enough pairs
[M::mem_pestat] skip orientation RR as there are not enough pairs
[M::mem_process_seqs] Processed 266668 reads in 382.393 CPU sec, 95.755 real sec
[M::process] read 266668 sequences (40000200 bp)...
[M::mem_pestat] # candidate unique pairs for (FF, FR, RF, RR): (12, 8642, 8, 2)
[M::mem_pestat] analyzing insert size distribution for orientation FF...
[M::mem_pestat] (25, 50, 75) percentile: (318, 1046, 1379)
[M::mem_pestat] low and high boundaries for computing mean and std.dev: (1, 3501)
[M::mem_pestat] mean and std.dev: (804.73, 556.14)
[M::mem_pestat] low and high boundaries for proper pairs: (1, 4562)
[M::mem_pestat] analyzing insert size distribution for orientation FR...
[M::mem_pestat] (25, 50, 75) percentile: (140, 305, 517)
[M::mem_pestat] low and high boundaries for computing mean and std.dev: (1, 1271)
[M::mem_pestat] mean and std.dev: (329.22, 187.58)
[M::mem_pestat] low and high boundaries for proper pairs: (1, 1648)
[M::mem_pestat] skip orientation RF as there are not enough pairs
[M::mem_pestat] skip orientation RR as there are not enough pairs
[M::mem_pestat] skip orientation FF
[M::mem_process_seqs] Processed 266668 reads in 390.579 CPU sec, 97.748 real sec
[M::process] read 266668 sequences (40000200 bp)...
[M::mem_pestat] # candidate unique pairs for (FF, FR, RF, RR): (13, 8621, 8, 9)
[M::mem_pestat] analyzing insert size distribution for orientation FF...
[M::mem_pestat] (25, 50, 75) percentile: (494, 1171, 3806)
[M::mem_pestat] low and high boundaries for computing mean and std.dev: (1, 10430)
[M::mem_pestat] mean and std.dev: (2596.92, 2646.32)
[M::mem_pestat] low and high boundaries for proper pairs: (1, 13742)
[M::mem_pestat] analyzing insert size distribution for orientation FR...
[M::mem_pestat] (25, 50, 75) percentile: (141, 322, 518)
[M::mem_pestat] low and high boundaries for computing mean and std.dev: (1, 1272)
[M::mem_pestat] mean and std.dev: (336.74, 189.50)
[M::mem_pestat] low and high boundaries for proper pairs: (1, 1649)
[M::mem_pestat] skip orientation RF as there are not enough pairs
[M::mem_pestat] skip orientation RR as there are not enough pairs
[M::mem_pestat] skip orientation FF
[M::mem_process_seqs] Processed 266668 reads in 385.288 CPU sec, 96.459 real sec
[M::process] read 266668 sequences (40000200 bp)...
[M::mem_pestat] # candidate unique pairs for (FF, FR, RF, RR): (11, 8667, 3, 9)
[M::mem_pestat] analyzing insert size distribution for orientation FF...
[M::mem_pestat] (25, 50, 75) percentile: (179, 425, 1040)
[M::mem_pestat] low and high boundaries for computing mean and std.dev: (1, 2762)
[M::mem_pestat] mean and std.dev: (381.33, 304.71)
[M::mem_pestat] low and high boundaries for proper pairs: (1, 3623)
[M::mem_pestat] analyzing insert size distribution for orientation FR...
[M::mem_pestat] (25, 50, 75) percentile: (140, 311, 518)
[M::mem_pestat] low and high boundaries for computing mean and std.dev: (1, 1274)
[M::mem_pestat] mean and std.dev: (331.95, 187.35)
[M::mem_pestat] low and high boundaries for proper pairs: (1, 1652)
[M::mem_pestat] skip orientation RF as there are not enough pairs
[M::mem_pestat] skip orientation RR as there are not enough pairs
[M::mem_pestat] skip orientation FF
[M::mem_process_seqs] Processed 266668 reads in 394.535 CPU sec, 98.768 real sec
[M::process] read 266668 sequences (40000200 bp)...
[M::mem_pestat] # candidate unique pairs for (FF, FR, RF, RR): (6, 8600, 4, 12)
[M::mem_pestat] skip orientation FF as there are not enough pairs
[M::mem_pestat] analyzing insert size distribution for orientation FR...
[M::mem_pestat] (25, 50, 75) percentile: (141, 329, 519)
[M::mem_pestat] low and high boundaries for computing mean and std.dev: (1, 1275)
[M::mem_pestat] mean and std.dev: (338.91, 188.32)
[M::mem_pestat] low and high boundaries for proper pairs: (1, 1653)
[M::mem_pestat] skip orientation RF as there are not enough pairs
[M::mem_pestat] analyzing insert size distribution for orientation RR...
[M::mem_pestat] (25, 50, 75) percentile: (954, 1393, 2488)
[M::mem_pestat] low and high boundaries for computing mean and std.dev: (1, 5556)
[M::mem_pestat] mean and std.dev: (1745.25, 1390.55)
[M::mem_pestat] low and high boundaries for proper pairs: (1, 7307)
[M::mem_pestat] skip orientation RR
[M::mem_process_seqs] Processed 266668 reads in 389.579 CPU sec, 97.548 real sec
[M::process] read 266668 sequences (40000200 bp)...
[M::mem_pestat] # candidate unique pairs for (FF, FR, RF, RR): (7, 8535, 6, 7)
[M::mem_pestat] skip orientation FF as there are not enough pairs
[M::mem_pestat] analyzing insert size distribution for orientation FR...
[M::mem_pestat] (25, 50, 75) percentile: (141, 334, 518)
[M::mem_pestat] low and high boundaries for computing mean and std.dev: (1, 1272)
[M::mem_pestat] mean and std.dev: (339.41, 187.29)
[M::mem_pestat] low and high boundaries for proper pairs: (1, 1649)
[M::mem_pestat] skip orientation RF as there are not enough pairs
[M::mem_pestat] skip orientation RR as there are not enough pairs
[M::mem_process_seqs] Processed 266668 reads in 385.892 CPU sec, 96.663 real sec
[M::process] read 266668 sequences (40000200 bp)...
[M::mem_pestat] # candidate unique pairs for (FF, FR, RF, RR): (9, 8583, 6, 6)
[M::mem_pestat] skip orientation FF as there are not enough pairs
[M::mem_pestat] analyzing insert size distribution for orientation FR...
[M::mem_pestat] (25, 50, 75) percentile: (141, 334, 519)
[M::mem_pestat] low and high boundaries for computing mean and std.dev: (1, 1275)
[M::mem_pestat] mean and std.dev: (340.82, 188.73)
[M::mem_pestat] low and high boundaries for proper pairs: (1, 1653)
[M::mem_pestat] skip orientation RF as there are not enough pairs
[M::mem_pestat] skip orientation RR as there are not enough pairs
[M::mem_process_seqs] Processed 266668 reads in 381.576 CPU sec, 95.681 real sec
[M::process] read 266668 sequences (40000200 bp)...
[M::mem_pestat] # candidate unique pairs for (FF, FR, RF, RR): (15, 8659, 5, 10)
[M::mem_pestat] analyzing insert size distribution for orientation FF...
[M::mem_pestat] (25, 50, 75) percentile: (181, 607, 1629)
[M::mem_pestat] low and high boundaries for computing mean and std.dev: (1, 4525)
[M::mem_pestat] mean and std.dev: (901.47, 794.17)
[M::mem_pestat] low and high boundaries for proper pairs: (1, 5973)
[M::mem_pestat] analyzing insert size distribution for orientation FR...
[M::mem_pestat] (25, 50, 75) percentile: (140, 333, 519)
[M::mem_pestat] low and high boundaries for computing mean and std.dev: (1, 1277)
[M::mem_pestat] mean and std.dev: (339.03, 188.99)
[M::mem_pestat] low and high boundaries for proper pairs: (1, 1656)
[M::mem_pestat] skip orientation RF as there are not enough pairs
[M::mem_pestat] analyzing insert size distribution for orientation RR...
[M::mem_pestat] (25, 50, 75) percentile: (312, 1167, 1822)
[M::mem_pestat] low and high boundaries for computing mean and std.dev: (1, 4842)
[M::mem_pestat] mean and std.dev: (995.00, 664.03)
[M::mem_pestat] low and high boundaries for proper pairs: (1, 6352)
[M::mem_pestat] skip orientation FF
[M::mem_pestat] skip orientation RR
[M::mem_process_seqs] Processed 266668 reads in 381.638 CPU sec, 95.540 real sec
[M::process] read 266668 sequences (40000200 bp)...
[M::mem_pestat] # candidate unique pairs for (FF, FR, RF, RR): (11, 8407, 5, 9)
[M::mem_pestat] analyzing insert size distribution for orientation FF...
[M::mem_pestat] (25, 50, 75) percentile: (225, 275, 1196)
[M::mem_pestat] low and high boundaries for computing mean and std.dev: (1, 3138)
[M::mem_pestat] mean and std.dev: (535.10, 580.58)
[M::mem_pestat] low and high boundaries for proper pairs: (1, 4109)
[M::mem_pestat] analyzing insert size distribution for orientation FR...
[M::mem_pestat] (25, 50, 75) percentile: (140, 321, 518)
[M::mem_pestat] low and high boundaries for computing mean and std.dev: (1, 1274)
[M::mem_pestat] mean and std.dev: (335.45, 188.09)
[M::mem_pestat] low and high boundaries for proper pairs: (1, 1652)
[M::mem_pestat] skip orientation RF as there are not enough pairs
[M::mem_pestat] skip orientation RR as there are not enough pairs
[M::mem_pestat] skip orientation FF
[M::mem_process_seqs] Processed 266668 reads in 388.949 CPU sec, 97.396 real sec
[M::process] read 266668 sequences (40000200 bp)...
[M::mem_pestat] # candidate unique pairs for (FF, FR, RF, RR): (16, 8608, 2, 10)
[M::mem_pestat] analyzing insert size distribution for orientation FF...
[M::mem_pestat] (25, 50, 75) percentile: (251, 888, 1345)
[M::mem_pestat] low and high boundaries for computing mean and std.dev: (1, 3533)
[M::mem_pestat] mean and std.dev: (742.69, 566.73)
[M::mem_pestat] low and high boundaries for proper pairs: (1, 4627)
[M::mem_pestat] analyzing insert size distribution for orientation FR...
[M::mem_pestat] (25, 50, 75) percentile: (141, 335, 519)
[M::mem_pestat] low and high boundaries for computing mean and std.dev: (1, 1275)
[M::mem_pestat] mean and std.dev: (340.46, 188.25)
[M::mem_pestat] low and high boundaries for proper pairs: (1, 1653)
[M::mem_pestat] skip orientation RF as there are not enough pairs
[M::mem_pestat] analyzing insert size distribution for orientation RR...
[M::mem_pestat] (25, 50, 75) percentile: (206, 1125, 1688)
[M::mem_pestat] low and high boundaries for computing mean and std.dev: (1, 4652)
[M::mem_pestat] mean and std.dev: (949.56, 652.07)
[M::mem_pestat] low and high boundaries for proper pairs: (1, 6134)
[M::mem_pestat] skip orientation FF
[M::mem_pestat] skip orientation RR
[M::mem_process_seqs] Processed 266668 reads in 386.537 CPU sec, 96.749 real sec
[M::process] read 266668 sequences (40000200 bp)...
[M::mem_pestat] # candidate unique pairs for (FF, FR, RF, RR): (9, 8589, 8, 6)
[M::mem_pestat] skip orientation FF as there are not enough pairs
[M::mem_pestat] analyzing insert size distribution for orientation FR...
[M::mem_pestat] (25, 50, 75) percentile: (140, 326, 519)
[M::mem_pestat] low and high boundaries for computing mean and std.dev: (1, 1277)
[M::mem_pestat] mean and std.dev: (337.10, 188.92)
[M::mem_pestat] low and high boundaries for proper pairs: (1, 1656)
[M::mem_pestat] skip orientation RF as there are not enough pairs
[M::mem_pestat] skip orientation RR as there are not enough pairs
[M::mem_process_seqs] Processed 266668 reads in 390.999 CPU sec, 97.864 real sec
[M::process] read 266668 sequences (40000200 bp)...
[M::mem_pestat] # candidate unique pairs for (FF, FR, RF, RR): (8, 8713, 4, 10)
[M::mem_pestat] skip orientation FF as there are not enough pairs
[M::mem_pestat] analyzing insert size distribution for orientation FR...
[M::mem_pestat] (25, 50, 75) percentile: (141, 337, 520)
[M::mem_pestat] low and high boundaries for computing mean and std.dev: (1, 1278)
[M::mem_pestat] mean and std.dev: (341.16, 188.00)
[M::mem_pestat] low and high boundaries for proper pairs: (1, 1657)
[M::mem_pestat] skip orientation RF as there are not enough pairs
[M::mem_pestat] analyzing insert size distribution for orientation RR...
[M::mem_pestat] (25, 50, 75) percentile: (91, 227, 916)
[M::mem_pestat] low and high boundaries for computing mean and std.dev: (1, 2566)
[M::mem_pestat] mean and std.dev: (445.20, 439.84)
[M::mem_pestat] low and high boundaries for proper pairs: (1, 3391)
[M::mem_pestat] skip orientation RR
[M::mem_process_seqs] Processed 266668 reads in 383.645 CPU sec, 96.059 real sec
[M::process] read 266668 sequences (40000200 bp)...
[M::mem_pestat] # candidate unique pairs for (FF, FR, RF, RR): (8, 8487, 3, 6)
[M::mem_pestat] skip orientation FF as there are not enough pairs
[M::mem_pestat] analyzing insert size distribution for orientation FR...
[M::mem_pestat] (25, 50, 75) percentile: (141, 332, 519)
[M::mem_pestat] low and high boundaries for computing mean and std.dev: (1, 1275)
[M::mem_pestat] mean and std.dev: (340.48, 187.34)
[M::mem_pestat] low and high boundaries for proper pairs: (1, 1653)
[M::mem_pestat] skip orientation RF as there are not enough pairs
[M::mem_pestat] skip orientation RR as there are not enough pairs
[M::mem_process_seqs] Processed 266668 reads in 382.104 CPU sec, 95.625 real sec
[M::process] read 266668 sequences (40000200 bp)...
[M::mem_pestat] # candidate unique pairs for (FF, FR, RF, RR): (9, 8626, 4, 7)
[M::mem_pestat] skip orientation FF as there are not enough pairs
[M::mem_pestat] analyzing insert size distribution for orientation FR...
[M::mem_pestat] (25, 50, 75) percentile: (140, 317, 520)
[M::mem_pestat] low and high boundaries for computing mean and std.dev: (1, 1280)
[M::mem_pestat] mean and std.dev: (335.69, 189.13)
[M::mem_pestat] low and high boundaries for proper pairs: (1, 1660)
[M::mem_pestat] skip orientation RF as there are not enough pairs
[M::mem_pestat] skip orientation RR as there are not enough pairs
[M::mem_process_seqs] Processed 266668 reads in 381.393 CPU sec, 95.437 real sec
[M::process] read 266668 sequences (40000200 bp)...
[M::mem_pestat] # candidate unique pairs for (FF, FR, RF, RR): (5, 8660, 4, 5)
[M::mem_pestat] skip orientation FF as there are not enough pairs
[M::mem_pestat] analyzing insert size distribution for orientation FR...
[M::mem_pestat] (25, 50, 75) percentile: (140, 323, 518)
[M::mem_pestat] low and high boundaries for computing mean and std.dev: (1, 1274)
[M::mem_pestat] mean and std.dev: (336.28, 188.69)
[M::mem_pestat] low and high boundaries for proper pairs: (1, 1652)
[M::mem_pestat] skip orientation RF as there are not enough pairs
[M::mem_pestat] skip orientation RR as there are not enough pairs
[M::mem_process_seqs] Processed 266668 reads in 384.961 CPU sec, 96.367 real sec
[M::process] read 266668 sequences (40000200 bp)...
[M::mem_pestat] # candidate unique pairs for (FF, FR, RF, RR): (6, 8579, 6, 8)
[M::mem_pestat] skip orientation FF as there are not enough pairs
[M::mem_pestat] analyzing insert size distribution for orientation FR...
[M::mem_pestat] (25, 50, 75) percentile: (141, 337, 519)
[M::mem_pestat] low and high boundaries for computing mean and std.dev: (1, 1275)
[M::mem_pestat] mean and std.dev: (341.81, 189.03)
[M::mem_pestat] low and high boundaries for proper pairs: (1, 1653)
[M::mem_pestat] skip orientation RF as there are not enough pairs
[M::mem_pestat] skip orientation RR as there are not enough pairs
[M::mem_process_seqs] Processed 266668 reads in 382.469 CPU sec, 95.702 real sec
[M::process] read 266668 sequences (40000200 bp)...
[M::mem_pestat] # candidate unique pairs for (FF, FR, RF, RR): (11, 8686, 7, 5)
[M::mem_pestat] analyzing insert size distribution for orientation FF...
[M::mem_pestat] (25, 50, 75) percentile: (822, 947, 1426)
[M::mem_pestat] low and high boundaries for computing mean and std.dev: (1, 2634)
[M::mem_pestat] mean and std.dev: (922.60, 626.66)
[M::mem_pestat] low and high boundaries for proper pairs: (1, 3429)
[M::mem_pestat] analyzing insert size distribution for orientation FR...
[M::mem_pestat] (25, 50, 75) percentile: (141, 326, 519)
[M::mem_pestat] low and high boundaries for computing mean and std.dev: (1, 1275)
[M::mem_pestat] mean and std.dev: (337.20, 188.58)
[M::mem_pestat] low and high boundaries for proper pairs: (1, 1653)
[M::mem_pestat] skip orientation RF as there are not enough pairs
[M::mem_pestat] skip orientation RR as there are not enough pairs
[M::mem_pestat] skip orientation FF
[M::mem_process_seqs] Processed 266668 reads in 381.070 CPU sec, 95.374 real sec
[M::process] read 266668 sequences (40000200 bp)...
[M::mem_pestat] # candidate unique pairs for (FF, FR, RF, RR): (7, 8599, 6, 7)
[M::mem_pestat] skip orientation FF as there are not enough pairs
[M::mem_pestat] analyzing insert size distribution for orientation FR...
[M::mem_pestat] (25, 50, 75) percentile: (140, 326, 518)
[M::mem_pestat] low and high boundaries for computing mean and std.dev: (1, 1274)
[M::mem_pestat] mean and std.dev: (335.92, 188.68)
[M::mem_pestat] low and high boundaries for proper pairs: (1, 1652)
[M::mem_pestat] skip orientation RF as there are not enough pairs
[M::mem_pestat] skip orientation RR as there are not enough pairs
[M::mem_process_seqs] Processed 266668 reads in 381.900 CPU sec, 95.602 real sec
[M::process] read 266668 sequences (40000200 bp)...
[M::mem_pestat] # candidate unique pairs for (FF, FR, RF, RR): (6, 8608, 9, 9)
[M::mem_pestat] skip orientation FF as there are not enough pairs
[M::mem_pestat] analyzing insert size distribution for orientation FR...
[M::mem_pestat] (25, 50, 75) percentile: (141, 339, 519)
[M::mem_pestat] low and high boundaries for computing mean and std.dev: (1, 1275)
[M::mem_pestat] mean and std.dev: (341.97, 188.81)
[M::mem_pestat] low and high boundaries for proper pairs: (1, 1653)
[M::mem_pestat] skip orientation RF as there are not enough pairs
[M::mem_pestat] skip orientation RR as there are not enough pairs
[M::mem_process_seqs] Processed 266668 reads in 384.868 CPU sec, 96.329 real sec
[M::process] read 266668 sequences (40000200 bp)...
[M::mem_pestat] # candidate unique pairs for (FF, FR, RF, RR): (7, 8533, 0, 7)
[M::mem_pestat] skip orientation FF as there are not enough pairs
[M::mem_pestat] analyzing insert size distribution for orientation FR...
[M::mem_pestat] (25, 50, 75) percentile: (141, 332, 519)
[M::mem_pestat] low and high boundaries for computing mean and std.dev: (1, 1275)
[M::mem_pestat] mean and std.dev: (339.85, 187.97)
[M::mem_pestat] low and high boundaries for proper pairs: (1, 1653)
[M::mem_pestat] skip orientation RF as there are not enough pairs
[M::mem_pestat] skip orientation RR as there are not enough pairs
[M::mem_process_seqs] Processed 266668 reads in 383.411 CPU sec, 95.954 real sec
[M::process] read 266668 sequences (40000200 bp)...
[M::mem_pestat] # candidate unique pairs for (FF, FR, RF, RR): (14, 8564, 7, 9)
[M::mem_pestat] analyzing insert size distribution for orientation FF...
[M::mem_pestat] (25, 50, 75) percentile: (297, 1290, 1852)
[M::mem_pestat] low and high boundaries for computing mean and std.dev: (1, 4962)
[M::mem_pestat] mean and std.dev: (1227.21, 933.42)
[M::mem_pestat] low and high boundaries for proper pairs: (1, 6517)
[M::mem_pestat] analyzing insert size distribution for orientation FR...
[M::mem_pestat] (25, 50, 75) percentile: (141, 328, 519)
[M::mem_pestat] low and high boundaries for computing mean and std.dev: (1, 1275)
[M::mem_pestat] mean and std.dev: (338.58, 189.32)
[M::mem_pestat] low and high boundaries for proper pairs: (1, 1653)
[M::mem_pestat] skip orientation RF as there are not enough pairs
[M::mem_pestat] skip orientation RR as there are not enough pairs
[M::mem_pestat] skip orientation FF
[M::mem_process_seqs] Processed 266668 reads in 387.997 CPU sec, 97.100 real sec
[M::process] read 266668 sequences (40000200 bp)...
[M::mem_pestat] # candidate unique pairs for (FF, FR, RF, RR): (10, 8496, 2, 11)
[M::mem_pestat] analyzing insert size distribution for orientation FF...
[M::mem_pestat] (25, 50, 75) percentile: (144, 932, 1032)
[M::mem_pestat] low and high boundaries for computing mean and std.dev: (1, 2808)
[M::mem_pestat] mean and std.dev: (937.60, 856.82)
[M::mem_pestat] low and high boundaries for proper pairs: (1, 4365)
[M::mem_pestat] analyzing insert size distribution for orientation FR...
[M::mem_pestat] (25, 50, 75) percentile: (141, 336, 519)
[M::mem_pestat] low and high boundaries for computing mean and std.dev: (1, 1275)
[M::mem_pestat] mean and std.dev: (340.50, 189.47)
[M::mem_pestat] low and high boundaries for proper pairs: (1, 1653)
[M::mem_pestat] skip orientation RF as there are not enough pairs
[M::mem_pestat] analyzing insert size distribution for orientation RR...
[M::mem_pestat] (25, 50, 75) percentile: (1164, 1282, 2641)
[M::mem_pestat] low and high boundaries for computing mean and std.dev: (1, 5595)
[M::mem_pestat] mean and std.dev: (1741.82, 1176.58)
[M::mem_pestat] low and high boundaries for proper pairs: (1, 7072)
[M::mem_pestat] skip orientation FF
[M::mem_pestat] skip orientation RR
[M::mem_process_seqs] Processed 266668 reads in 382.791 CPU sec, 95.812 real sec
[M::process] read 266668 sequences (40000200 bp)...
[M::mem_pestat] # candidate unique pairs for (FF, FR, RF, RR): (11, 8518, 4, 9)
[M::mem_pestat] analyzing insert size distribution for orientation FF...
[M::mem_pestat] (25, 50, 75) percentile: (509, 554, 1182)
[M::mem_pestat] low and high boundaries for computing mean and std.dev: (1, 2528)
[M::mem_pestat] mean and std.dev: (857.45, 701.22)
[M::mem_pestat] low and high boundaries for proper pairs: (1, 3662)
[M::mem_pestat] analyzing insert size distribution for orientation FR...
[M::mem_pestat] (25, 50, 75) percentile: (140, 329, 519)
[M::mem_pestat] low and high boundaries for computing mean and std.dev: (1, 1277)
[M::mem_pestat] mean and std.dev: (338.46, 189.29)
[M::mem_pestat] low and high boundaries for proper pairs: (1, 1656)
[M::mem_pestat] skip orientation RF as there are not enough pairs
[M::mem_pestat] skip orientation RR as there are not enough pairs
[M::mem_pestat] skip orientation FF
[M::mem_process_seqs] Processed 266668 reads in 386.521 CPU sec, 96.765 real sec
[M::process] read 266668 sequences (40000200 bp)...
[M::mem_pestat] # candidate unique pairs for (FF, FR, RF, RR): (9, 8474, 3, 2)
[M::mem_pestat] skip orientation FF as there are not enough pairs
[M::mem_pestat] analyzing insert size distribution for orientation FR...
[M::mem_pestat] (25, 50, 75) percentile: (141, 335, 520)
[M::mem_pestat] low and high boundaries for computing mean and std.dev: (1, 1278)
[M::mem_pestat] mean and std.dev: (339.49, 190.15)
[M::mem_pestat] low and high boundaries for proper pairs: (1, 1657)
[M::mem_pestat] skip orientation RF as there are not enough pairs
[M::mem_pestat] skip orientation RR as there are not enough pairs
[M::mem_process_seqs] Processed 266668 reads in 381.590 CPU sec, 95.535 real sec
[M::process] read 266668 sequences (40000200 bp)...
[M::mem_pestat] # candidate unique pairs for (FF, FR, RF, RR): (9, 8812, 4, 5)
[M::mem_pestat] skip orientation FF as there are not enough pairs
[M::mem_pestat] analyzing insert size distribution for orientation FR...
[M::mem_pestat] (25, 50, 75) percentile: (141, 326, 518)
[M::mem_pestat] low and high boundaries for computing mean and std.dev: (1, 1272)
[M::mem_pestat] mean and std.dev: (337.13, 188.21)
[M::mem_pestat] low and high boundaries for proper pairs: (1, 1649)
[M::mem_pestat] skip orientation RF as there are not enough pairs
[M::mem_pestat] skip orientation RR as there are not enough pairs
[M::mem_process_seqs] Processed 266668 reads in 379.067 CPU sec, 94.861 real sec
[M::process] read 266668 sequences (40000200 bp)...
[M::mem_pestat] # candidate unique pairs for (FF, FR, RF, RR): (7, 8717, 9, 6)
[M::mem_pestat] skip orientation FF as there are not enough pairs
[M::mem_pestat] analyzing insert size distribution for orientation FR...
[M::mem_pestat] (25, 50, 75) percentile: (141, 331, 519)
[M::mem_pestat] low and high boundaries for computing mean and std.dev: (1, 1275)
[M::mem_pestat] mean and std.dev: (338.86, 188.64)
[M::mem_pestat] low and high boundaries for proper pairs: (1, 1653)
[M::mem_pestat] skip orientation RF as there are not enough pairs
[M::mem_pestat] skip orientation RR as there are not enough pairs
[M::mem_process_seqs] Processed 266668 reads in 382.852 CPU sec, 96.024 real sec
[M::process] read 266668 sequences (40000200 bp)...
[M::mem_pestat] # candidate unique pairs for (FF, FR, RF, RR): (10, 8488, 8, 5)
[M::mem_pestat] analyzing insert size distribution for orientation FF...
[M::mem_pestat] (25, 50, 75) percentile: (118, 295, 479)
[M::mem_pestat] low and high boundaries for computing mean and std.dev: (1, 1201)
[M::mem_pestat] mean and std.dev: (274.56, 184.03)
[M::mem_pestat] low and high boundaries for proper pairs: (1, 1562)
[M::mem_pestat] analyzing insert size distribution for orientation FR...
[M::mem_pestat] (25, 50, 75) percentile: (140, 324, 519)
[M::mem_pestat] low and high boundaries for computing mean and std.dev: (1, 1277)
[M::mem_pestat] mean and std.dev: (337.28, 188.37)
[M::mem_pestat] low and high boundaries for proper pairs: (1, 1656)
[M::mem_pestat] skip orientation RF as there are not enough pairs
[M::mem_pestat] skip orientation RR as there are not enough pairs
[M::mem_pestat] skip orientation FF
[M::mem_process_seqs] Processed 266668 reads in 382.328 CPU sec, 95.692 real sec
[M::process] read 266668 sequences (40000200 bp)...
[M::mem_pestat] # candidate unique pairs for (FF, FR, RF, RR): (6, 8641, 3, 8)
[M::mem_pestat] skip orientation FF as there are not enough pairs
[M::mem_pestat] analyzing insert size distribution for orientation FR...
[M::mem_pestat] (25, 50, 75) percentile: (141, 340, 519)
[M::mem_pestat] low and high boundaries for computing mean and std.dev: (1, 1275)
[M::mem_pestat] mean and std.dev: (341.60, 188.43)
[M::mem_pestat] low and high boundaries for proper pairs: (1, 1653)
[M::mem_pestat] skip orientation RF as there are not enough pairs
[M::mem_pestat] skip orientation RR as there are not enough pairs
[M::mem_process_seqs] Processed 266668 reads in 380.863 CPU sec, 95.318 real sec
[M::process] read 266668 sequences (40000200 bp)...
[M::mem_pestat] # candidate unique pairs for (FF, FR, RF, RR): (8, 8691, 3, 6)
[M::mem_pestat] skip orientation FF as there are not enough pairs
[M::mem_pestat] analyzing insert size distribution for orientation FR...
[M::mem_pestat] (25, 50, 75) percentile: (141, 350, 520)
[M::mem_pestat] low and high boundaries for computing mean and std.dev: (1, 1278)
[M::mem_pestat] mean and std.dev: (344.25, 189.36)
[M::mem_pestat] low and high boundaries for proper pairs: (1, 1657)
[M::mem_pestat] skip orientation RF as there are not enough pairs
[M::mem_pestat] skip orientation RR as there are not enough pairs
[M::mem_process_seqs] Processed 266668 reads in 384.632 CPU sec, 96.479 real sec
[M::process] read 266668 sequences (40000200 bp)...
[M::mem_pestat] # candidate unique pairs for (FF, FR, RF, RR): (7, 8627, 1, 4)
[M::mem_pestat] skip orientation FF as there are not enough pairs
[M::mem_pestat] analyzing insert size distribution for orientation FR...
[M::mem_pestat] (25, 50, 75) percentile: (141, 327, 518)
[M::mem_pestat] low and high boundaries for computing mean and std.dev: (1, 1272)
[M::mem_pestat] mean and std.dev: (336.91, 188.17)
[M::mem_pestat] low and high boundaries for proper pairs: (1, 1649)
[M::mem_pestat] skip orientation RF as there are not enough pairs
[M::mem_pestat] skip orientation RR as there are not enough pairs
[M::mem_process_seqs] Processed 266668 reads in 386.372 CPU sec, 96.816 real sec
[M::process] read 266668 sequences (40000200 bp)...
[M::mem_pestat] # candidate unique pairs for (FF, FR, RF, RR): (8, 8679, 7, 7)
[M::mem_pestat] skip orientation FF as there are not enough pairs
[M::mem_pestat] analyzing insert size distribution for orientation FR...
[M::mem_pestat] (25, 50, 75) percentile: (141, 334, 519)
[M::mem_pestat] low and high boundaries for computing mean and std.dev: (1, 1275)
[M::mem_pestat] mean and std.dev: (339.42, 189.21)
[M::mem_pestat] low and high boundaries for proper pairs: (1, 1653)
[M::mem_pestat] skip orientation RF as there are not enough pairs
[M::mem_pestat] skip orientation RR as there are not enough pairs
[M::mem_process_seqs] Processed 266668 reads in 378.929 CPU sec, 94.934 real sec
[M::process] read 266668 sequences (40000200 bp)...
[M::mem_pestat] # candidate unique pairs for (FF, FR, RF, RR): (4, 8560, 7, 11)
[M::mem_pestat] skip orientation FF as there are not enough pairs
[M::mem_pestat] analyzing insert size distribution for orientation FR...
[M::mem_pestat] (25, 50, 75) percentile: (140, 322, 518)
[M::mem_pestat] low and high boundaries for computing mean and std.dev: (1, 1274)
[M::mem_pestat] mean and std.dev: (336.72, 189.54)
[M::mem_pestat] low and high boundaries for proper pairs: (1, 1652)
[M::mem_pestat] skip orientation RF as there are not enough pairs
[M::mem_pestat] analyzing insert size distribution for orientation RR...
[M::mem_pestat] (25, 50, 75) percentile: (801, 1137, 6159)
[M::mem_pestat] low and high boundaries for computing mean and std.dev: (1, 16875)
[M::mem_pestat] mean and std.dev: (3354.27, 3163.62)
[M::mem_pestat] low and high boundaries for proper pairs: (1, 22233)
[M::mem_pestat] skip orientation RR
[M::mem_process_seqs] Processed 266668 reads in 384.191 CPU sec, 96.172 real sec
[M::process] read 266668 sequences (40000200 bp)...
[M::mem_pestat] # candidate unique pairs for (FF, FR, RF, RR): (3, 8609, 6, 11)
[M::mem_pestat] skip orientation FF as there are not enough pairs
[M::mem_pestat] analyzing insert size distribution for orientation FR...
[M::mem_pestat] (25, 50, 75) percentile: (141, 339, 519)
[M::mem_pestat] low and high boundaries for computing mean and std.dev: (1, 1275)
[M::mem_pestat] mean and std.dev: (341.73, 188.92)
[M::mem_pestat] low and high boundaries for proper pairs: (1, 1653)
[M::mem_pestat] skip orientation RF as there are not enough pairs
[M::mem_pestat] analyzing insert size distribution for orientation RR...
[M::mem_pestat] (25, 50, 75) percentile: (304, 1020, 2248)
[M::mem_pestat] low and high boundaries for computing mean and std.dev: (1, 6136)
[M::mem_pestat] mean and std.dev: (1307.60, 1631.01)
[M::mem_pestat] low and high boundaries for proper pairs: (1, 8080)
[M::mem_pestat] skip orientation RR
[M::mem_process_seqs] Processed 266668 reads in 380.426 CPU sec, 95.204 real sec
[M::process] read 266668 sequences (40000200 bp)...
[M::mem_pestat] # candidate unique pairs for (FF, FR, RF, RR): (9, 8663, 6, 8)
[M::mem_pestat] skip orientation FF as there are not enough pairs
[M::mem_pestat] analyzing insert size distribution for orientation FR...
[M::mem_pestat] (25, 50, 75) percentile: (141, 331, 519)
[M::mem_pestat] low and high boundaries for computing mean and std.dev: (1, 1275)
[M::mem_pestat] mean and std.dev: (338.39, 189.06)
[M::mem_pestat] low and high boundaries for proper pairs: (1, 1653)
[M::mem_pestat] skip orientation RF as there are not enough pairs
[M::mem_pestat] skip orientation RR as there are not enough pairs
[M::mem_process_seqs] Processed 266668 reads in 378.536 CPU sec, 94.727 real sec
[M::process] read 266668 sequences (40000200 bp)...
[M::mem_pestat] # candidate unique pairs for (FF, FR, RF, RR): (4, 8833, 6, 7)
[M::mem_pestat] skip orientation FF as there are not enough pairs
[M::mem_pestat] analyzing insert size distribution for orientation FR...
[M::mem_pestat] (25, 50, 75) percentile: (141, 327, 519)
[M::mem_pestat] low and high boundaries for computing mean and std.dev: (1, 1275)
[M::mem_pestat] mean and std.dev: (337.81, 188.22)
[M::mem_pestat] low and high boundaries for proper pairs: (1, 1653)
[M::mem_pestat] skip orientation RF as there are not enough pairs
[M::mem_pestat] skip orientation RR as there are not enough pairs
[M::mem_process_seqs] Processed 266668 reads in 384.491 CPU sec, 96.234 real sec
[M::process] read 266668 sequences (40000200 bp)...
[M::mem_pestat] # candidate unique pairs for (FF, FR, RF, RR): (13, 8830, 2, 6)
[M::mem_pestat] analyzing insert size distribution for orientation FF...
[M::mem_pestat] (25, 50, 75) percentile: (140, 859, 5151)
[M::mem_pestat] low and high boundaries for computing mean and std.dev: (1, 15173)
[M::mem_pestat] mean and std.dev: (2266.08, 2698.79)
[M::mem_pestat] low and high boundaries for proper pairs: (1, 20184)
[M::mem_pestat] analyzing insert size distribution for orientation FR...
[M::mem_pestat] (25, 50, 75) percentile: (140, 332, 520)
[M::mem_pestat] low and high boundaries for computing mean and std.dev: (1, 1280)
[M::mem_pestat] mean and std.dev: (340.14, 189.64)
[M::mem_pestat] low and high boundaries for proper pairs: (1, 1660)
[M::mem_pestat] skip orientation RF as there are not enough pairs
[M::mem_pestat] skip orientation RR as there are not enough pairs
[M::mem_pestat] skip orientation FF
[M::mem_process_seqs] Processed 266668 reads in 378.916 CPU sec, 94.955 real sec
[M::process] read 266668 sequences (40000200 bp)...
[M::mem_pestat] # candidate unique pairs for (FF, FR, RF, RR): (12, 8633, 3, 10)
[M::mem_pestat] analyzing insert size distribution for orientation FF...
[M::mem_pestat] (25, 50, 75) percentile: (95, 118, 606)
[M::mem_pestat] low and high boundaries for computing mean and std.dev: (1, 1628)
[M::mem_pestat] mean and std.dev: (268.82, 397.72)
[M::mem_pestat] low and high boundaries for proper pairs: (1, 2139)
[M::mem_pestat] analyzing insert size distribution for orientation FR...
[M::mem_pestat] (25, 50, 75) percentile: (140, 329, 519)
[M::mem_pestat] low and high boundaries for computing mean and std.dev: (1, 1277)
[M::mem_pestat] mean and std.dev: (337.37, 189.11)
[M::mem_pestat] low and high boundaries for proper pairs: (1, 1656)
[M::mem_pestat] skip orientation RF as there are not enough pairs
[M::mem_pestat] analyzing insert size distribution for orientation RR...
[M::mem_pestat] (25, 50, 75) percentile: (148, 863, 2143)
[M::mem_pestat] low and high boundaries for computing mean and std.dev: (1, 6133)
[M::mem_pestat] mean and std.dev: (971.89, 972.95)
[M::mem_pestat] low and high boundaries for proper pairs: (1, 8128)
[M::mem_pestat] skip orientation FF
[M::mem_pestat] skip orientation RR
[M::mem_process_seqs] Processed 266668 reads in 384.048 CPU sec, 96.241 real sec
[M::process] read 266668 sequences (40000200 bp)...
[M::mem_pestat] # candidate unique pairs for (FF, FR, RF, RR): (7, 8806, 4, 9)
[M::mem_pestat] skip orientation FF as there are not enough pairs
[M::mem_pestat] analyzing insert size distribution for orientation FR...
[M::mem_pestat] (25, 50, 75) percentile: (141, 327, 520)
[M::mem_pestat] low and high boundaries for computing mean and std.dev: (1, 1278)
[M::mem_pestat] mean and std.dev: (337.68, 188.80)
[M::mem_pestat] low and high boundaries for proper pairs: (1, 1657)
[M::mem_pestat] skip orientation RF as there are not enough pairs
[M::mem_pestat] skip orientation RR as there are not enough pairs
[M::mem_process_seqs] Processed 266668 reads in 380.979 CPU sec, 95.371 real sec
[M::process] read 266668 sequences (40000200 bp)...
[M::mem_pestat] # candidate unique pairs for (FF, FR, RF, RR): (9, 8799, 5, 7)
[M::mem_pestat] skip orientation FF as there are not enough pairs
[M::mem_pestat] analyzing insert size distribution for orientation FR...
[M::mem_pestat] (25, 50, 75) percentile: (141, 332, 519)
[M::mem_pestat] low and high boundaries for computing mean and std.dev: (1, 1275)
[M::mem_pestat] mean and std.dev: (338.55, 189.07)
[M::mem_pestat] low and high boundaries for proper pairs: (1, 1653)
[M::mem_pestat] skip orientation RF as there are not enough pairs
[M::mem_pestat] skip orientation RR as there are not enough pairs
[M::mem_process_seqs] Processed 266668 reads in 395.010 CPU sec, 98.902 real sec
[M::process] read 266668 sequences (40000200 bp)...
[M::mem_pestat] # candidate unique pairs for (FF, FR, RF, RR): (11, 8602, 8, 6)
[M::mem_pestat] analyzing insert size distribution for orientation FF...
[M::mem_pestat] (25, 50, 75) percentile: (309, 548, 1559)
[M::mem_pestat] low and high boundaries for computing mean and std.dev: (1, 4059)
[M::mem_pestat] mean and std.dev: (726.90, 694.99)
[M::mem_pestat] low and high boundaries for proper pairs: (1, 5309)
[M::mem_pestat] analyzing insert size distribution for orientation FR...
[M::mem_pestat] (25, 50, 75) percentile: (141, 326, 519)
[M::mem_pestat] low and high boundaries for computing mean and std.dev: (1, 1275)
[M::mem_pestat] mean and std.dev: (337.68, 189.13)
[M::mem_pestat] low and high boundaries for proper pairs: (1, 1653)
[M::mem_pestat] skip orientation RF as there are not enough pairs
[M::mem_pestat] skip orientation RR as there are not enough pairs
[M::mem_pestat] skip orientation FF
[M::mem_process_seqs] Processed 266668 reads in 396.183 CPU sec, 99.554 real sec
[M::process] read 266668 sequences (40000200 bp)...
[M::mem_pestat] # candidate unique pairs for (FF, FR, RF, RR): (11, 8504, 2, 3)
[M::mem_pestat] analyzing insert size distribution for orientation FF...
[M::mem_pestat] (25, 50, 75) percentile: (212, 512, 2097)
[M::mem_pestat] low and high boundaries for computing mean and std.dev: (1, 5867)
[M::mem_pestat] mean and std.dev: (1050.82, 952.69)
[M::mem_pestat] low and high boundaries for proper pairs: (1, 7752)
[M::mem_pestat] analyzing insert size distribution for orientation FR...
[M::mem_pestat] (25, 50, 75) percentile: (141, 336, 519)
[M::mem_pestat] low and high boundaries for computing mean and std.dev: (1, 1275)
[M::mem_pestat] mean and std.dev: (341.36, 189.04)
[M::mem_pestat] low and high boundaries for proper pairs: (1, 1653)
[M::mem_pestat] skip orientation RF as there are not enough pairs
[M::mem_pestat] skip orientation RR as there are not enough pairs
[M::mem_pestat] skip orientation FF
[M::mem_process_seqs] Processed 266668 reads in 395.766 CPU sec, 99.271 real sec
[M::process] read 266668 sequences (40000200 bp)...
[M::mem_pestat] # candidate unique pairs for (FF, FR, RF, RR): (9, 8687, 3, 5)
[M::mem_pestat] skip orientation FF as there are not enough pairs
[M::mem_pestat] analyzing insert size distribution for orientation FR...
[M::mem_pestat] (25, 50, 75) percentile: (140, 337, 519)
[M::mem_pestat] low and high boundaries for computing mean and std.dev: (1, 1277)
[M::mem_pestat] mean and std.dev: (339.63, 188.78)
[M::mem_pestat] low and high boundaries for proper pairs: (1, 1656)
[M::mem_pestat] skip orientation RF as there are not enough pairs
[M::mem_pestat] skip orientation RR as there are not enough pairs
[M::mem_process_seqs] Processed 266668 reads in 382.109 CPU sec, 106.091 real sec
[M::process] read 266668 sequences (40000200 bp)...
[M::mem_pestat] # candidate unique pairs for (FF, FR, RF, RR): (10, 8681, 6, 11)
[M::mem_pestat] analyzing insert size distribution for orientation FF...
[M::mem_pestat] (25, 50, 75) percentile: (100, 381, 627)
[M::mem_pestat] low and high boundaries for computing mean and std.dev: (1, 1681)
[M::mem_pestat] mean and std.dev: (317.67, 220.86)
[M::mem_pestat] low and high boundaries for proper pairs: (1, 2208)
[M::mem_pestat] analyzing insert size distribution for orientation FR...
[M::mem_pestat] (25, 50, 75) percentile: (141, 321, 518)
[M::mem_pestat] low and high boundaries for computing mean and std.dev: (1, 1272)
[M::mem_pestat] mean and std.dev: (337.32, 189.17)
[M::mem_pestat] low and high boundaries for proper pairs: (1, 1649)
[M::mem_pestat] skip orientation RF as there are not enough pairs
[M::mem_pestat] analyzing insert size distribution for orientation RR...
[M::mem_pestat] (25, 50, 75) percentile: (575, 905, 1310)
[M::mem_pestat] low and high boundaries for computing mean and std.dev: (1, 2780)
[M::mem_pestat] mean and std.dev: (798.10, 424.80)
[M::mem_pestat] low and high boundaries for proper pairs: (1, 3515)
[M::mem_pestat] skip orientation FF
[M::mem_pestat] skip orientation RR
[M::mem_process_seqs] Processed 266668 reads in 384.489 CPU sec, 103.831 real sec
[M::process] read 266668 sequences (40000200 bp)...
[M::mem_pestat] # candidate unique pairs for (FF, FR, RF, RR): (10, 8611, 4, 4)
[M::mem_pestat] analyzing insert size distribution for orientation FF...
[M::mem_pestat] (25, 50, 75) percentile: (240, 614, 1195)
[M::mem_pestat] low and high boundaries for computing mean and std.dev: (1, 3105)
[M::mem_pestat] mean and std.dev: (756.10, 618.86)
[M::mem_pestat] low and high boundaries for proper pairs: (1, 4060)
[M::mem_pestat] analyzing insert size distribution for orientation FR...
[M::mem_pestat] (25, 50, 75) percentile: (141, 336, 520)
[M::mem_pestat] low and high boundaries for computing mean and std.dev: (1, 1278)
[M::mem_pestat] mean and std.dev: (340.28, 189.58)
[M::mem_pestat] low and high boundaries for proper pairs: (1, 1657)
[M::mem_pestat] skip orientation RF as there are not enough pairs
[M::mem_pestat] skip orientation RR as there are not enough pairs
[M::mem_pestat] skip orientation FF
[M::mem_process_seqs] Processed 266668 reads in 380.241 CPU sec, 95.196 real sec
[M::process] read 266668 sequences (40000200 bp)...
[M::mem_pestat] # candidate unique pairs for (FF, FR, RF, RR): (7, 8647, 6, 7)
[M::mem_pestat] skip orientation FF as there are not enough pairs
[M::mem_pestat] analyzing insert size distribution for orientation FR...
[M::mem_pestat] (25, 50, 75) percentile: (140, 322, 518)
[M::mem_pestat] low and high boundaries for computing mean and std.dev: (1, 1274)
[M::mem_pestat] mean and std.dev: (335.24, 187.66)
[M::mem_pestat] low and high boundaries for proper pairs: (1, 1652)
[M::mem_pestat] skip orientation RF as there are not enough pairs
[M::mem_pestat] skip orientation RR as there are not enough pairs
[M::mem_process_seqs] Processed 266668 reads in 368.843 CPU sec, 92.352 real sec
[M::process] read 266668 sequences (40000200 bp)...
[M::mem_pestat] # candidate unique pairs for (FF, FR, RF, RR): (10, 8524, 4, 4)
[M::mem_pestat] analyzing insert size distribution for orientation FF...
[M::mem_pestat] (25, 50, 75) percentile: (360, 956, 1382)
[M::mem_pestat] low and high boundaries for computing mean and std.dev: (1, 3426)
[M::mem_pestat] mean and std.dev: (911.78, 785.00)
[M::mem_pestat] low and high boundaries for proper pairs: (1, 4448)
[M::mem_pestat] analyzing insert size distribution for orientation FR...
[M::mem_pestat] (25, 50, 75) percentile: (141, 336, 519)
[M::mem_pestat] low and high boundaries for computing mean and std.dev: (1, 1275)
[M::mem_pestat] mean and std.dev: (338.55, 188.28)
[M::mem_pestat] low and high boundaries for proper pairs: (1, 1653)
[M::mem_pestat] skip orientation RF as there are not enough pairs
[M::mem_pestat] skip orientation RR as there are not enough pairs
[M::mem_pestat] skip orientation FF
[M::mem_process_seqs] Processed 266668 reads in 386.931 CPU sec, 96.841 real sec
[M::process] read 266668 sequences (40000200 bp)...
[M::mem_pestat] # candidate unique pairs for (FF, FR, RF, RR): (8, 8793, 4, 10)
[M::mem_pestat] skip orientation FF as there are not enough pairs
[M::mem_pestat] analyzing insert size distribution for orientation FR...
[M::mem_pestat] (25, 50, 75) percentile: (141, 339, 520)
[M::mem_pestat] low and high boundaries for computing mean and std.dev: (1, 1278)
[M::mem_pestat] mean and std.dev: (342.70, 188.73)
[M::mem_pestat] low and high boundaries for proper pairs: (1, 1657)
[M::mem_pestat] skip orientation RF as there are not enough pairs
[M::mem_pestat] analyzing insert size distribution for orientation RR...
[M::mem_pestat] (25, 50, 75) percentile: (722, 2276, 2782)
[M::mem_pestat] low and high boundaries for computing mean and std.dev: (1, 6902)
[M::mem_pestat] mean and std.dev: (1903.50, 1147.66)
[M::mem_pestat] low and high boundaries for proper pairs: (1, 8962)
[M::mem_pestat] skip orientation RR
[M::mem_process_seqs] Processed 266668 reads in 383.030 CPU sec, 95.871 real sec
[M::process] read 266668 sequences (40000200 bp)...
[M::mem_pestat] # candidate unique pairs for (FF, FR, RF, RR): (4, 8579, 6, 8)
[M::mem_pestat] skip orientation FF as there are not enough pairs
[M::mem_pestat] analyzing insert size distribution for orientation FR...
[M::mem_pestat] (25, 50, 75) percentile: (141, 336, 520)
[M::mem_pestat] low and high boundaries for computing mean and std.dev: (1, 1278)
[M::mem_pestat] mean and std.dev: (340.26, 189.29)
[M::mem_pestat] low and high boundaries for proper pairs: (1, 1657)
[M::mem_pestat] skip orientation RF as there are not enough pairs
[M::mem_pestat] skip orientation RR as there are not enough pairs
[M::mem_process_seqs] Processed 266668 reads in 390.417 CPU sec, 98.870 real sec
[M::process] read 266668 sequences (40000200 bp)...
[M::mem_pestat] # candidate unique pairs for (FF, FR, RF, RR): (6, 8743, 3, 6)
[M::mem_pestat] skip orientation FF as there are not enough pairs
[M::mem_pestat] analyzing insert size distribution for orientation FR...
[M::mem_pestat] (25, 50, 75) percentile: (141, 335, 520)
[M::mem_pestat] low and high boundaries for computing mean and std.dev: (1, 1278)
[M::mem_pestat] mean and std.dev: (341.34, 189.35)
[M::mem_pestat] low and high boundaries for proper pairs: (1, 1657)
[M::mem_pestat] skip orientation RF as there are not enough pairs
[M::mem_pestat] skip orientation RR as there are not enough pairs
[M::mem_process_seqs] Processed 266668 reads in 387.348 CPU sec, 97.542 real sec
[M::process] read 266668 sequences (40000200 bp)...
[M::mem_pestat] # candidate unique pairs for (FF, FR, RF, RR): (10, 8627, 6, 18)
[M::mem_pestat] analyzing insert size distribution for orientation FF...
[M::mem_pestat] (25, 50, 75) percentile: (708, 1118, 1631)
[M::mem_pestat] low and high boundaries for computing mean and std.dev: (1, 3477)
[M::mem_pestat] mean and std.dev: (945.33, 485.93)
[M::mem_pestat] low and high boundaries for proper pairs: (1, 4400)
[M::mem_pestat] analyzing insert size distribution for orientation FR...
[M::mem_pestat] (25, 50, 75) percentile: (140, 313, 518)
[M::mem_pestat] low and high boundaries for computing mean and std.dev: (1, 1274)
[M::mem_pestat] mean and std.dev: (332.92, 188.39)
[M::mem_pestat] low and high boundaries for proper pairs: (1, 1652)
[M::mem_pestat] skip orientation RF as there are not enough pairs
[M::mem_pestat] analyzing insert size distribution for orientation RR...
[M::mem_pestat] (25, 50, 75) percentile: (262, 734, 1229)
[M::mem_pestat] low and high boundaries for computing mean and std.dev: (1, 3163)
[M::mem_pestat] mean and std.dev: (723.81, 589.72)
[M::mem_pestat] low and high boundaries for proper pairs: (1, 4130)
[M::mem_pestat] skip orientation FF
[M::mem_pestat] skip orientation RR
[M::mem_process_seqs] Processed 266668 reads in 390.421 CPU sec, 97.850 real sec
[M::process] read 266668 sequences (40000200 bp)...
[M::mem_pestat] # candidate unique pairs for (FF, FR, RF, RR): (14, 8628, 2, 12)
[M::mem_pestat] analyzing insert size distribution for orientation FF...
[M::mem_pestat] (25, 50, 75) percentile: (185, 653, 2004)
[M::mem_pestat] low and high boundaries for computing mean and std.dev: (1, 5642)
[M::mem_pestat] mean and std.dev: (1025.79, 1004.93)
[M::mem_pestat] low and high boundaries for proper pairs: (1, 7461)
[M::mem_pestat] analyzing insert size distribution for orientation FR...
[M::mem_pestat] (25, 50, 75) percentile: (140, 332, 519)
[M::mem_pestat] low and high boundaries for computing mean and std.dev: (1, 1277)
[M::mem_pestat] mean and std.dev: (338.05, 188.95)
[M::mem_pestat] low and high boundaries for proper pairs: (1, 1656)
[M::mem_pestat] skip orientation RF as there are not enough pairs
[M::mem_pestat] analyzing insert size distribution for orientation RR...
[M::mem_pestat] (25, 50, 75) percentile: (929, 1186, 2911)
[M::mem_pestat] low and high boundaries for computing mean and std.dev: (1, 6875)
[M::mem_pestat] mean and std.dev: (1644.58, 1297.41)
[M::mem_pestat] low and high boundaries for proper pairs: (1, 8857)
[M::mem_pestat] skip orientation FF
[M::mem_pestat] skip orientation RR
[M::mem_process_seqs] Processed 266668 reads in 392.532 CPU sec, 98.301 real sec
[M::process] read 266668 sequences (40000200 bp)...
[M::mem_pestat] # candidate unique pairs for (FF, FR, RF, RR): (7, 8845, 3, 9)
[M::mem_pestat] skip orientation FF as there are not enough pairs
[M::mem_pestat] analyzing insert size distribution for orientation FR...
[M::mem_pestat] (25, 50, 75) percentile: (141, 341, 519)
[M::mem_pestat] low and high boundaries for computing mean and std.dev: (1, 1275)
[M::mem_pestat] mean and std.dev: (342.10, 188.46)
[M::mem_pestat] low and high boundaries for proper pairs: (1, 1653)
[M::mem_pestat] skip orientation RF as there are not enough pairs
[M::mem_pestat] skip orientation RR as there are not enough pairs
[M::mem_process_seqs] Processed 266668 reads in 395.710 CPU sec, 99.094 real sec
[M::process] read 266668 sequences (40000200 bp)...
[M::mem_pestat] # candidate unique pairs for (FF, FR, RF, RR): (8, 8703, 7, 8)
[M::mem_pestat] skip orientation FF as there are not enough pairs
[M::mem_pestat] analyzing insert size distribution for orientation FR...
[M::mem_pestat] (25, 50, 75) percentile: (141, 331, 519)
[M::mem_pestat] low and high boundaries for computing mean and std.dev: (1, 1275)
[M::mem_pestat] mean and std.dev: (339.63, 187.85)
[M::mem_pestat] low and high boundaries for proper pairs: (1, 1653)
[M::mem_pestat] skip orientation RF as there are not enough pairs
[M::mem_pestat] skip orientation RR as there are not enough pairs
[M::mem_process_seqs] Processed 266668 reads in 393.457 CPU sec, 98.605 real sec
[M::process] read 266668 sequences (40000200 bp)...
[M::mem_pestat] # candidate unique pairs for (FF, FR, RF, RR): (6, 8597, 8, 7)
[M::mem_pestat] skip orientation FF as there are not enough pairs
[M::mem_pestat] analyzing insert size distribution for orientation FR...
[M::mem_pestat] (25, 50, 75) percentile: (141, 335, 518)
[M::mem_pestat] low and high boundaries for computing mean and std.dev: (1, 1272)
[M::mem_pestat] mean and std.dev: (340.31, 187.44)
[M::mem_pestat] low and high boundaries for proper pairs: (1, 1649)
[M::mem_pestat] skip orientation RF as there are not enough pairs
[M::mem_pestat] skip orientation RR as there are not enough pairs
[M::mem_process_seqs] Processed 266668 reads in 408.090 CPU sec, 117.817 real sec
[M::process] read 266668 sequences (40000200 bp)...
[M::mem_pestat] # candidate unique pairs for (FF, FR, RF, RR): (6, 8670, 5, 5)
[M::mem_pestat] skip orientation FF as there are not enough pairs
[M::mem_pestat] analyzing insert size distribution for orientation FR...
[M::mem_pestat] (25, 50, 75) percentile: (141, 342, 520)
[M::mem_pestat] low and high boundaries for computing mean and std.dev: (1, 1278)
[M::mem_pestat] mean and std.dev: (342.97, 189.23)
[M::mem_pestat] low and high boundaries for proper pairs: (1, 1657)
[M::mem_pestat] skip orientation RF as there are not enough pairs
[M::mem_pestat] skip orientation RR as there are not enough pairs
[M::mem_process_seqs] Processed 266668 reads in 403.780 CPU sec, 118.340 real sec
[M::process] read 266668 sequences (40000200 bp)...
[M::mem_pestat] # candidate unique pairs for (FF, FR, RF, RR): (11, 8774, 4, 7)
[M::mem_pestat] analyzing insert size distribution for orientation FF...
[M::mem_pestat] (25, 50, 75) percentile: (154, 279, 837)
[M::mem_pestat] low and high boundaries for computing mean and std.dev: (1, 2203)
[M::mem_pestat] mean and std.dev: (527.00, 611.70)
[M::mem_pestat] low and high boundaries for proper pairs: (1, 2974)
[M::mem_pestat] analyzing insert size distribution for orientation FR...
[M::mem_pestat] (25, 50, 75) percentile: (141, 331, 519)
[M::mem_pestat] low and high boundaries for computing mean and std.dev: (1, 1275)
[M::mem_pestat] mean and std.dev: (338.77, 187.97)
[M::mem_pestat] low and high boundaries for proper pairs: (1, 1653)
[M::mem_pestat] skip orientation RF as there are not enough pairs
[M::mem_pestat] skip orientation RR as there are not enough pairs
[M::mem_pestat] skip orientation FF
[M::mem_process_seqs] Processed 266668 reads in 399.674 CPU sec, 104.834 real sec
[M::process] read 266668 sequences (40000200 bp)...
[M::mem_pestat] # candidate unique pairs for (FF, FR, RF, RR): (9, 8605, 7, 10)
[M::mem_pestat] skip orientation FF as there are not enough pairs
[M::mem_pestat] analyzing insert size distribution for orientation FR...
[M::mem_pestat] (25, 50, 75) percentile: (141, 338, 520)
[M::mem_pestat] low and high boundaries for computing mean and std.dev: (1, 1278)
[M::mem_pestat] mean and std.dev: (340.69, 189.61)
[M::mem_pestat] low and high boundaries for proper pairs: (1, 1657)
[M::mem_pestat] skip orientation RF as there are not enough pairs
[M::mem_pestat] analyzing insert size distribution for orientation RR...
[M::mem_pestat] (25, 50, 75) percentile: (618, 798, 1313)
[M::mem_pestat] low and high boundaries for computing mean and std.dev: (1, 2703)
[M::mem_pestat] mean and std.dev: (890.33, 718.32)
[M::mem_pestat] low and high boundaries for proper pairs: (1, 3764)
[M::mem_pestat] skip orientation RR
[M::mem_process_seqs] Processed 266668 reads in 394.697 CPU sec, 98.862 real sec
[M::process] read 266668 sequences (40000200 bp)...
[M::mem_pestat] # candidate unique pairs for (FF, FR, RF, RR): (7, 8657, 2, 8)
[M::mem_pestat] skip orientation FF as there are not enough pairs
[M::mem_pestat] analyzing insert size distribution for orientation FR...
[M::mem_pestat] (25, 50, 75) percentile: (141, 336, 519)
[M::mem_pestat] low and high boundaries for computing mean and std.dev: (1, 1275)
[M::mem_pestat] mean and std.dev: (341.14, 188.82)
[M::mem_pestat] low and high boundaries for proper pairs: (1, 1653)
[M::mem_pestat] skip orientation RF as there are not enough pairs
[M::mem_pestat] skip orientation RR as there are not enough pairs
[M::mem_process_seqs] Processed 266668 reads in 388.499 CPU sec, 97.349 real sec
[M::process] read 266668 sequences (40000200 bp)...
[M::mem_pestat] # candidate unique pairs for (FF, FR, RF, RR): (5, 8547, 7, 6)
[M::mem_pestat] skip orientation FF as there are not enough pairs
[M::mem_pestat] analyzing insert size distribution for orientation FR...
[M::mem_pestat] (25, 50, 75) percentile: (140, 323, 519)
[M::mem_pestat] low and high boundaries for computing mean and std.dev: (1, 1277)
[M::mem_pestat] mean and std.dev: (336.74, 190.37)
[M::mem_pestat] low and high boundaries for proper pairs: (1, 1656)
[M::mem_pestat] skip orientation RF as there are not enough pairs
[M::mem_pestat] skip orientation RR as there are not enough pairs
[M::mem_process_seqs] Processed 266668 reads in 397.212 CPU sec, 103.051 real sec
[M::process] read 266668 sequences (40000200 bp)...
[M::mem_pestat] # candidate unique pairs for (FF, FR, RF, RR): (8, 8779, 2, 4)
[M::mem_pestat] skip orientation FF as there are not enough pairs
[M::mem_pestat] analyzing insert size distribution for orientation FR...
[M::mem_pestat] (25, 50, 75) percentile: (141, 337, 520)
[M::mem_pestat] low and high boundaries for computing mean and std.dev: (1, 1278)
[M::mem_pestat] mean and std.dev: (340.12, 188.84)
[M::mem_pestat] low and high boundaries for proper pairs: (1, 1657)
[M::mem_pestat] skip orientation RF as there are not enough pairs
[M::mem_pestat] skip orientation RR as there are not enough pairs
[M::mem_process_seqs] Processed 266668 reads in 402.094 CPU sec, 116.579 real sec
[M::process] read 266668 sequences (40000200 bp)...
[M::mem_pestat] # candidate unique pairs for (FF, FR, RF, RR): (7, 8588, 6, 10)
[M::mem_pestat] skip orientation FF as there are not enough pairs
[M::mem_pestat] analyzing insert size distribution for orientation FR...
[M::mem_pestat] (25, 50, 75) percentile: (140, 333, 520)
[M::mem_pestat] low and high boundaries for computing mean and std.dev: (1, 1280)
[M::mem_pestat] mean and std.dev: (339.05, 189.97)
[M::mem_pestat] low and high boundaries for proper pairs: (1, 1660)
[M::mem_pestat] skip orientation RF as there are not enough pairs
[M::mem_pestat] analyzing insert size distribution for orientation RR...
[M::mem_pestat] (25, 50, 75) percentile: (911, 1464, 2380)
[M::mem_pestat] low and high boundaries for computing mean and std.dev: (1, 5318)
[M::mem_pestat] mean and std.dev: (1733.40, 1240.30)
[M::mem_pestat] low and high boundaries for proper pairs: (1, 6787)
[M::mem_pestat] skip orientation RR
[M::mem_process_seqs] Processed 266668 reads in 399.489 CPU sec, 112.604 real sec
[M::process] read 266668 sequences (40000200 bp)...
[M::mem_pestat] # candidate unique pairs for (FF, FR, RF, RR): (4, 8446, 4, 6)
[M::mem_pestat] skip orientation FF as there are not enough pairs
[M::mem_pestat] analyzing insert size distribution for orientation FR...
[M::mem_pestat] (25, 50, 75) percentile: (140, 322, 518)
[M::mem_pestat] low and high boundaries for computing mean and std.dev: (1, 1274)
[M::mem_pestat] mean and std.dev: (336.10, 188.75)
[M::mem_pestat] low and high boundaries for proper pairs: (1, 1652)
[M::mem_pestat] skip orientation RF as there are not enough pairs
[M::mem_pestat] skip orientation RR as there are not enough pairs
[M::mem_process_seqs] Processed 266668 reads in 394.816 CPU sec, 98.857 real sec
[M::process] read 266668 sequences (40000200 bp)...
[M::mem_pestat] # candidate unique pairs for (FF, FR, RF, RR): (9, 8651, 3, 8)
[M::mem_pestat] skip orientation FF as there are not enough pairs
[M::mem_pestat] analyzing insert size distribution for orientation FR...
[M::mem_pestat] (25, 50, 75) percentile: (141, 335, 520)
[M::mem_pestat] low and high boundaries for computing mean and std.dev: (1, 1278)
[M::mem_pestat] mean and std.dev: (339.68, 189.24)
[M::mem_pestat] low and high boundaries for proper pairs: (1, 1657)
[M::mem_pestat] skip orientation RF as there are not enough pairs
[M::mem_pestat] skip orientation RR as there are not enough pairs
[M::mem_process_seqs] Processed 266668 reads in 399.501 CPU sec, 100.133 real sec
[M::process] read 266668 sequences (40000200 bp)...
[M::mem_pestat] # candidate unique pairs for (FF, FR, RF, RR): (14, 8783, 6, 9)
[M::mem_pestat] analyzing insert size distribution for orientation FF...
[M::mem_pestat] (25, 50, 75) percentile: (150, 588, 888)
[M::mem_pestat] low and high boundaries for computing mean and std.dev: (1, 2364)
[M::mem_pestat] mean and std.dev: (555.46, 516.65)
[M::mem_pestat] low and high boundaries for proper pairs: (1, 3102)
[M::mem_pestat] analyzing insert size distribution for orientation FR...
[M::mem_pestat] (25, 50, 75) percentile: (141, 334, 520)
[M::mem_pestat] low and high boundaries for computing mean and std.dev: (1, 1278)
[M::mem_pestat] mean and std.dev: (340.93, 190.26)
[M::mem_pestat] low and high boundaries for proper pairs: (1, 1657)
[M::mem_pestat] skip orientation RF as there are not enough pairs
[M::mem_pestat] skip orientation RR as there are not enough pairs
[M::mem_pestat] skip orientation FF
[M::mem_process_seqs] Processed 266668 reads in 396.111 CPU sec, 99.231 real sec
[M::process] read 266668 sequences (40000200 bp)...
[M::mem_pestat] # candidate unique pairs for (FF, FR, RF, RR): (10, 8668, 4, 6)
[M::mem_pestat] analyzing insert size distribution for orientation FF...
[M::mem_pestat] (25, 50, 75) percentile: (127, 318, 2913)
[M::mem_pestat] low and high boundaries for computing mean and std.dev: (1, 8485)
[M::mem_pestat] mean and std.dev: (1772.20, 2321.90)
[M::mem_pestat] low and high boundaries for proper pairs: (1, 11271)
[M::mem_pestat] analyzing insert size distribution for orientation FR...
[M::mem_pestat] (25, 50, 75) percentile: (140, 328, 519)
[M::mem_pestat] low and high boundaries for computing mean and std.dev: (1, 1277)
[M::mem_pestat] mean and std.dev: (336.66, 189.03)
[M::mem_pestat] low and high boundaries for proper pairs: (1, 1656)
[M::mem_pestat] skip orientation RF as there are not enough pairs
[M::mem_pestat] skip orientation RR as there are not enough pairs
[M::mem_pestat] skip orientation FF
[M::mem_process_seqs] Processed 266668 reads in 397.153 CPU sec, 105.827 real sec
[M::process] read 266668 sequences (40000200 bp)...
[M::mem_pestat] # candidate unique pairs for (FF, FR, RF, RR): (8, 8792, 2, 8)
[M::mem_pestat] skip orientation FF as there are not enough pairs
[M::mem_pestat] analyzing insert size distribution for orientation FR...
[M::mem_pestat] (25, 50, 75) percentile: (141, 342, 520)
[M::mem_pestat] low and high boundaries for computing mean and std.dev: (1, 1278)
[M::mem_pestat] mean and std.dev: (342.08, 189.29)
[M::mem_pestat] low and high boundaries for proper pairs: (1, 1657)
[M::mem_pestat] skip orientation RF as there are not enough pairs
[M::mem_pestat] skip orientation RR as there are not enough pairs
[M::mem_process_seqs] Processed 266668 reads in 395.371 CPU sec, 105.564 real sec
[M::process] read 266668 sequences (40000200 bp)...
[M::mem_pestat] # candidate unique pairs for (FF, FR, RF, RR): (5, 8548, 7, 15)
[M::mem_pestat] skip orientation FF as there are not enough pairs
[M::mem_pestat] analyzing insert size distribution for orientation FR...
[M::mem_pestat] (25, 50, 75) percentile: (140, 329, 519)
[M::mem_pestat] low and high boundaries for computing mean and std.dev: (1, 1277)
[M::mem_pestat] mean and std.dev: (339.00, 187.82)
[M::mem_pestat] low and high boundaries for proper pairs: (1, 1656)
[M::mem_pestat] skip orientation RF as there are not enough pairs
[M::mem_pestat] analyzing insert size distribution for orientation RR...
[M::mem_pestat] (25, 50, 75) percentile: (548, 595, 1400)
[M::mem_pestat] low and high boundaries for computing mean and std.dev: (1, 3104)
[M::mem_pestat] mean and std.dev: (859.67, 569.12)
[M::mem_pestat] low and high boundaries for proper pairs: (1, 3956)
[M::mem_pestat] skip orientation RR
[M::mem_process_seqs] Processed 266668 reads in 403.148 CPU sec, 102.107 real sec
[M::process] read 266668 sequences (40000200 bp)...
[M::mem_pestat] # candidate unique pairs for (FF, FR, RF, RR): (10, 8647, 3, 11)
[M::mem_pestat] analyzing insert size distribution for orientation FF...
[M::mem_pestat] (25, 50, 75) percentile: (169, 321, 882)
[M::mem_pestat] low and high boundaries for computing mean and std.dev: (1, 2308)
[M::mem_pestat] mean and std.dev: (555.20, 572.38)
[M::mem_pestat] low and high boundaries for proper pairs: (1, 3021)
[M::mem_pestat] analyzing insert size distribution for orientation FR...
[M::mem_pestat] (25, 50, 75) percentile: (141, 350, 520)
[M::mem_pestat] low and high boundaries for computing mean and std.dev: (1, 1278)
[M::mem_pestat] mean and std.dev: (344.54, 188.82)
[M::mem_pestat] low and high boundaries for proper pairs: (1, 1657)
[M::mem_pestat] skip orientation RF as there are not enough pairs
[M::mem_pestat] analyzing insert size distribution for orientation RR...
[M::mem_pestat] (25, 50, 75) percentile: (432, 652, 2106)
[M::mem_pestat] low and high boundaries for computing mean and std.dev: (1, 5454)
[M::mem_pestat] mean and std.dev: (1011.45, 831.67)
[M::mem_pestat] low and high boundaries for proper pairs: (1, 7128)
[M::mem_pestat] skip orientation FF
[M::mem_pestat] skip orientation RR
[M::mem_process_seqs] Processed 266668 reads in 392.769 CPU sec, 98.403 real sec
[M::process] read 266668 sequences (40000200 bp)...
[M::mem_pestat] # candidate unique pairs for (FF, FR, RF, RR): (16, 8582, 6, 9)
[M::mem_pestat] analyzing insert size distribution for orientation FF...
[M::mem_pestat] (25, 50, 75) percentile: (151, 358, 1233)
[M::mem_pestat] low and high boundaries for computing mean and std.dev: (1, 3397)
[M::mem_pestat] mean and std.dev: (644.50, 644.15)
[M::mem_pestat] low and high boundaries for proper pairs: (1, 4479)
[M::mem_pestat] analyzing insert size distribution for orientation FR...
[M::mem_pestat] (25, 50, 75) percentile: (141, 335, 518)
[M::mem_pestat] low and high boundaries for computing mean and std.dev: (1, 1272)
[M::mem_pestat] mean and std.dev: (340.32, 187.95)
[M::mem_pestat] low and high boundaries for proper pairs: (1, 1649)
[M::mem_pestat] skip orientation RF as there are not enough pairs
[M::mem_pestat] skip orientation RR as there are not enough pairs
[M::mem_pestat] skip orientation FF
[M::mem_process_seqs] Processed 266668 reads in 398.824 CPU sec, 99.905 real sec
[M::process] read 266668 sequences (40000200 bp)...
[M::mem_pestat] # candidate unique pairs for (FF, FR, RF, RR): (6, 8537, 4, 6)
[M::mem_pestat] skip orientation FF as there are not enough pairs
[M::mem_pestat] analyzing insert size distribution for orientation FR...
[M::mem_pestat] (25, 50, 75) percentile: (141, 345, 520)
[M::mem_pestat] low and high boundaries for computing mean and std.dev: (1, 1278)
[M::mem_pestat] mean and std.dev: (342.34, 189.04)
[M::mem_pestat] low and high boundaries for proper pairs: (1, 1657)
[M::mem_pestat] skip orientation RF as there are not enough pairs
[M::mem_pestat] skip orientation RR as there are not enough pairs
[M::mem_process_seqs] Processed 266668 reads in 390.819 CPU sec, 97.928 real sec
[M::process] read 266668 sequences (40000200 bp)...
[M::mem_pestat] # candidate unique pairs for (FF, FR, RF, RR): (5, 8605, 5, 8)
[M::mem_pestat] skip orientation FF as there are not enough pairs
[M::mem_pestat] analyzing insert size distribution for orientation FR...
[M::mem_pestat] (25, 50, 75) percentile: (140, 331, 519)
[M::mem_pestat] low and high boundaries for computing mean and std.dev: (1, 1277)
[M::mem_pestat] mean and std.dev: (338.40, 189.11)
[M::mem_pestat] low and high boundaries for proper pairs: (1, 1656)
[M::mem_pestat] skip orientation RF as there are not enough pairs
[M::mem_pestat] skip orientation RR as there are not enough pairs
[M::mem_process_seqs] Processed 266668 reads in 398.985 CPU sec, 106.907 real sec
[M::process] read 266668 sequences (40000200 bp)...
[M::mem_pestat] # candidate unique pairs for (FF, FR, RF, RR): (11, 8611, 5, 8)
[M::mem_pestat] analyzing insert size distribution for orientation FF...
[M::mem_pestat] (25, 50, 75) percentile: (215, 919, 2009)
[M::mem_pestat] low and high boundaries for computing mean and std.dev: (1, 5597)
[M::mem_pestat] mean and std.dev: (1351.45, 1435.73)
[M::mem_pestat] low and high boundaries for proper pairs: (1, 7391)
[M::mem_pestat] analyzing insert size distribution for orientation FR...
[M::mem_pestat] (25, 50, 75) percentile: (141, 330, 520)
[M::mem_pestat] low and high boundaries for computing mean and std.dev: (1, 1278)
[M::mem_pestat] mean and std.dev: (338.94, 190.14)
[M::mem_pestat] low and high boundaries for proper pairs: (1, 1657)
[M::mem_pestat] skip orientation RF as there are not enough pairs
[M::mem_pestat] skip orientation RR as there are not enough pairs
[M::mem_pestat] skip orientation FF
[M::mem_process_seqs] Processed 266668 reads in 403.689 CPU sec, 112.566 real sec
[M::process] read 266668 sequences (40000200 bp)...
[M::mem_pestat] # candidate unique pairs for (FF, FR, RF, RR): (8, 8730, 4, 8)
[M::mem_pestat] skip orientation FF as there are not enough pairs
[M::mem_pestat] analyzing insert size distribution for orientation FR...
[M::mem_pestat] (25, 50, 75) percentile: (140, 321, 518)
[M::mem_pestat] low and high boundaries for computing mean and std.dev: (1, 1274)
[M::mem_pestat] mean and std.dev: (336.81, 188.52)
[M::mem_pestat] low and high boundaries for proper pairs: (1, 1652)
[M::mem_pestat] skip orientation RF as there are not enough pairs
[M::mem_pestat] skip orientation RR as there are not enough pairs
[M::mem_process_seqs] Processed 266668 reads in 408.246 CPU sec, 108.480 real sec
[M::process] read 266668 sequences (40000200 bp)...
[M::mem_pestat] # candidate unique pairs for (FF, FR, RF, RR): (4, 8509, 5, 8)
[M::mem_pestat] skip orientation FF as there are not enough pairs
[M::mem_pestat] analyzing insert size distribution for orientation FR...
[M::mem_pestat] (25, 50, 75) percentile: (140, 323, 519)
[M::mem_pestat] low and high boundaries for computing mean and std.dev: (1, 1277)
[M::mem_pestat] mean and std.dev: (338.22, 188.09)
[M::mem_pestat] low and high boundaries for proper pairs: (1, 1656)
[M::mem_pestat] skip orientation RF as there are not enough pairs
[M::mem_pestat] skip orientation RR as there are not enough pairs
[M::mem_process_seqs] Processed 266668 reads in 398.477 CPU sec, 99.826 real sec
[M::process] read 266668 sequences (40000200 bp)...
[M::mem_pestat] # candidate unique pairs for (FF, FR, RF, RR): (9, 8854, 4, 9)
[M::mem_pestat] skip orientation FF as there are not enough pairs
[M::mem_pestat] analyzing insert size distribution for orientation FR...
[M::mem_pestat] (25, 50, 75) percentile: (140, 323, 519)
[M::mem_pestat] low and high boundaries for computing mean and std.dev: (1, 1277)
[M::mem_pestat] mean and std.dev: (336.92, 189.72)
[M::mem_pestat] low and high boundaries for proper pairs: (1, 1656)
[M::mem_pestat] skip orientation RF as there are not enough pairs
[M::mem_pestat] skip orientation RR as there are not enough pairs
[M::mem_process_seqs] Processed 266668 reads in 396.526 CPU sec, 99.323 real sec
[M::process] read 266668 sequences (40000200 bp)...
[M::mem_pestat] # candidate unique pairs for (FF, FR, RF, RR): (9, 8590, 5, 7)
[M::mem_pestat] skip orientation FF as there are not enough pairs
[M::mem_pestat] analyzing insert size distribution for orientation FR...
[M::mem_pestat] (25, 50, 75) percentile: (140, 320, 518)
[M::mem_pestat] low and high boundaries for computing mean and std.dev: (1, 1274)
[M::mem_pestat] mean and std.dev: (334.07, 189.81)
[M::mem_pestat] low and high boundaries for proper pairs: (1, 1652)
[M::mem_pestat] skip orientation RF as there are not enough pairs
[M::mem_pestat] skip orientation RR as there are not enough pairs
[M::mem_process_seqs] Processed 266668 reads in 382.889 CPU sec, 95.873 real sec
[M::process] read 266668 sequences (40000200 bp)...
[M::mem_pestat] # candidate unique pairs for (FF, FR, RF, RR): (17, 8601, 4, 5)
[M::mem_pestat] analyzing insert size distribution for orientation FF...
[M::mem_pestat] (25, 50, 75) percentile: (113, 312, 1734)
[M::mem_pestat] low and high boundaries for computing mean and std.dev: (1, 4976)
[M::mem_pestat] mean and std.dev: (1162.88, 1549.90)
[M::mem_pestat] low and high boundaries for proper pairs: (1, 7362)
[M::mem_pestat] analyzing insert size distribution for orientation FR...
[M::mem_pestat] (25, 50, 75) percentile: (141, 351, 520)
[M::mem_pestat] low and high boundaries for computing mean and std.dev: (1, 1278)
[M::mem_pestat] mean and std.dev: (345.29, 188.23)
[M::mem_pestat] low and high boundaries for proper pairs: (1, 1657)
[M::mem_pestat] skip orientation RF as there are not enough pairs
[M::mem_pestat] skip orientation RR as there are not enough pairs
[M::mem_pestat] skip orientation FF
[M::mem_process_seqs] Processed 266668 reads in 387.317 CPU sec, 96.962 real sec
[M::process] read 266668 sequences (40000200 bp)...
[M::mem_pestat] # candidate unique pairs for (FF, FR, RF, RR): (12, 8487, 7, 8)
[M::mem_pestat] analyzing insert size distribution for orientation FF...
[M::mem_pestat] (25, 50, 75) percentile: (237, 562, 1226)
[M::mem_pestat] low and high boundaries for computing mean and std.dev: (1, 3204)
[M::mem_pestat] mean and std.dev: (744.92, 714.21)
[M::mem_pestat] low and high boundaries for proper pairs: (1, 4193)
[M::mem_pestat] analyzing insert size distribution for orientation FR...
[M::mem_pestat] (25, 50, 75) percentile: (140, 331, 519)
[M::mem_pestat] low and high boundaries for computing mean and std.dev: (1, 1277)
[M::mem_pestat] mean and std.dev: (339.63, 189.84)
[M::mem_pestat] low and high boundaries for proper pairs: (1, 1656)
[M::mem_pestat] skip orientation RF as there are not enough pairs
[M::mem_pestat] skip orientation RR as there are not enough pairs
[M::mem_pestat] skip orientation FF
[M::mem_process_seqs] Processed 266668 reads in 384.412 CPU sec, 96.258 real sec
[M::process] read 266668 sequences (40000200 bp)...
[M::mem_pestat] # candidate unique pairs for (FF, FR, RF, RR): (10, 8556, 4, 6)
[M::mem_pestat] analyzing insert size distribution for orientation FF...
[M::mem_pestat] (25, 50, 75) percentile: (177, 1120, 1382)
[M::mem_pestat] low and high boundaries for computing mean and std.dev: (1, 3792)
[M::mem_pestat] mean and std.dev: (903.10, 701.44)
[M::mem_pestat] low and high boundaries for proper pairs: (1, 4997)
[M::mem_pestat] analyzing insert size distribution for orientation FR...
[M::mem_pestat] (25, 50, 75) percentile: (140, 326, 520)
[M::mem_pestat] low and high boundaries for computing mean and std.dev: (1, 1280)
[M::mem_pestat] mean and std.dev: (339.06, 190.72)
[M::mem_pestat] low and high boundaries for proper pairs: (1, 1660)
[M::mem_pestat] skip orientation RF as there are not enough pairs
[M::mem_pestat] skip orientation RR as there are not enough pairs
[M::mem_pestat] skip orientation FF
[M::mem_process_seqs] Processed 266668 reads in 382.945 CPU sec, 95.874 real sec
[M::process] read 266668 sequences (40000200 bp)...
[M::mem_pestat] # candidate unique pairs for (FF, FR, RF, RR): (12, 8728, 8, 4)
[M::mem_pestat] analyzing insert size distribution for orientation FF...
[M::mem_pestat] (25, 50, 75) percentile: (331, 1070, 2926)
[M::mem_pestat] low and high boundaries for computing mean and std.dev: (1, 8116)
[M::mem_pestat] mean and std.dev: (1529.50, 1586.60)
[M::mem_pestat] low and high boundaries for proper pairs: (1, 10711)
[M::mem_pestat] analyzing insert size distribution for orientation FR...
[M::mem_pestat] (25, 50, 75) percentile: (141, 337, 520)
[M::mem_pestat] low and high boundaries for computing mean and std.dev: (1, 1278)
[M::mem_pestat] mean and std.dev: (341.22, 188.57)
[M::mem_pestat] low and high boundaries for proper pairs: (1, 1657)
[M::mem_pestat] skip orientation RF as there are not enough pairs
[M::mem_pestat] skip orientation RR as there are not enough pairs
[M::mem_pestat] skip orientation FF
[M::mem_process_seqs] Processed 266668 reads in 388.102 CPU sec, 97.141 real sec
[M::process] read 266668 sequences (40000200 bp)...
[M::mem_pestat] # candidate unique pairs for (FF, FR, RF, RR): (15, 8704, 2, 6)
[M::mem_pestat] analyzing insert size distribution for orientation FF...
[M::mem_pestat] (25, 50, 75) percentile: (220, 553, 2080)
[M::mem_pestat] low and high boundaries for computing mean and std.dev: (1, 5800)
[M::mem_pestat] mean and std.dev: (910.14, 901.66)
[M::mem_pestat] low and high boundaries for proper pairs: (1, 7660)
[M::mem_pestat] analyzing insert size distribution for orientation FR...
[M::mem_pestat] (25, 50, 75) percentile: (141, 333, 520)
[M::mem_pestat] low and high boundaries for computing mean and std.dev: (1, 1278)
[M::mem_pestat] mean and std.dev: (340.06, 189.40)
[M::mem_pestat] low and high boundaries for proper pairs: (1, 1657)
[M::mem_pestat] skip orientation RF as there are not enough pairs
[M::mem_pestat] skip orientation RR as there are not enough pairs
[M::mem_pestat] skip orientation FF
[M::mem_process_seqs] Processed 266668 reads in 389.214 CPU sec, 97.500 real sec
[M::process] read 266668 sequences (40000200 bp)...
[M::mem_pestat] # candidate unique pairs for (FF, FR, RF, RR): (11, 8707, 7, 5)
[M::mem_pestat] analyzing insert size distribution for orientation FF...
[M::mem_pestat] (25, 50, 75) percentile: (502, 784, 2869)
[M::mem_pestat] low and high boundaries for computing mean and std.dev: (1, 7603)
[M::mem_pestat] mean and std.dev: (1241.50, 1161.59)
[M::mem_pestat] low and high boundaries for proper pairs: (1, 9970)
[M::mem_pestat] analyzing insert size distribution for orientation FR...
[M::mem_pestat] (25, 50, 75) percentile: (141, 330, 519)
[M::mem_pestat] low and high boundaries for computing mean and std.dev: (1, 1275)
[M::mem_pestat] mean and std.dev: (338.46, 188.92)
[M::mem_pestat] low and high boundaries for proper pairs: (1, 1653)
[M::mem_pestat] skip orientation RF as there are not enough pairs
[M::mem_pestat] skip orientation RR as there are not enough pairs
[M::mem_pestat] skip orientation FF
[M::mem_process_seqs] Processed 266668 reads in 395.024 CPU sec, 98.997 real sec
[M::process] read 117392 sequences (17608800 bp)...
[M::mem_pestat] # candidate unique pairs for (FF, FR, RF, RR): (7, 8738, 6, 10)
[M::mem_pestat] skip orientation FF as there are not enough pairs
[M::mem_pestat] analyzing insert size distribution for orientation FR...
[M::mem_pestat] (25, 50, 75) percentile: (141, 338, 520)
[M::mem_pestat] low and high boundaries for computing mean and std.dev: (1, 1278)
[M::mem_pestat] mean and std.dev: (341.64, 188.97)
[M::mem_pestat] low and high boundaries for proper pairs: (1, 1657)
[M::mem_pestat] skip orientation RF as there are not enough pairs
[M::mem_pestat] analyzing insert size distribution for orientation RR...
[M::mem_pestat] (25, 50, 75) percentile: (228, 962, 2133)
[M::mem_pestat] low and high boundaries for computing mean and std.dev: (1, 5943)
[M::mem_pestat] mean and std.dev: (1516.30, 1646.71)
[M::mem_pestat] low and high boundaries for proper pairs: (1, 8103)
[M::mem_pestat] skip orientation RR
[M::mem_process_seqs] Processed 266668 reads in 396.878 CPU sec, 105.751 real sec
[M::mem_pestat] # candidate unique pairs for (FF, FR, RF, RR): (5, 3834, 1, 4)
[M::mem_pestat] skip orientation FF as there are not enough pairs
[M::mem_pestat] analyzing insert size distribution for orientation FR...
[M::mem_pestat] (25, 50, 75) percentile: (141, 345, 519)
[M::mem_pestat] low and high boundaries for computing mean and std.dev: (1, 1275)
[M::mem_pestat] mean and std.dev: (342.69, 188.51)
[M::mem_pestat] low and high boundaries for proper pairs: (1, 1653)
[M::mem_pestat] skip orientation RF as there are not enough pairs
[M::mem_pestat] skip orientation RR as there are not enough pairs
[M::mem_process_seqs] Processed 117392 reads in 182.658 CPU sec, 50.838 real sec
[main] Version: 0.7.17-r1188
[main] CMD: bwa mem -t 4 -a /mnt/raid6/bacphagenetwork/data/bwa_index/chm13v2.0_noY.fa /mnt/raid6/bacphagenetwork/data/skin_metagenome/Beijing/02_rm_host/BJ041_1.fastq.gz /mnt/raid6/bacphagenetwork/data/skin_metagenome/Beijing/02_rm_host/BJ041_2.fastq.gz
[main] Real time: 8954.134 sec; CPU: 35179.563 sec
