[M::bwa_idx_load_from_disk] read 0 ALT contigs
[M::process] read 266668 sequences (40000200 bp)...
[M::process] read 266668 sequences (40000200 bp)...
[M::mem_pestat] # candidate unique pairs for (FF, FR, RF, RR): (20, 2918, 5, 14)
[M::mem_pestat] analyzing insert size distribution for orientation FF...
[M::mem_pestat] (25, 50, 75) percentile: (148, 206, 517)
[M::mem_pestat] low and high boundaries for computing mean and std.dev: (1, 1255)
[M::mem_pestat] mean and std.dev: (269.94, 222.90)
[M::mem_pestat] low and high boundaries for proper pairs: (1, 1624)
[M::mem_pestat] analyzing insert size distribution for orientation FR...
[M::mem_pestat] (25, 50, 75) percentile: (334, 511, 537)
[M::mem_pestat] low and high boundaries for computing mean and std.dev: (1, 943)
[M::mem_pestat] mean and std.dev: (446.99, 151.21)
[M::mem_pestat] low and high boundaries for proper pairs: (1, 1146)
[M::mem_pestat] skip orientation RF as there are not enough pairs
[M::mem_pestat] analyzing insert size distribution for orientation RR...
[M::mem_pestat] (25, 50, 75) percentile: (784, 2031, 2224)
[M::mem_pestat] low and high boundaries for computing mean and std.dev: (1, 5104)
[M::mem_pestat] mean and std.dev: (1642.93, 1054.71)
[M::mem_pestat] low and high boundaries for proper pairs: (1, 6544)
[M::mem_pestat] skip orientation FF
[M::mem_pestat] skip orientation RR
[M::mem_process_seqs] Processed 266668 reads in 201.068 CPU sec, 50.517 real sec
[M::process] read 266668 sequences (40000200 bp)...
[M::mem_pestat] # candidate unique pairs for (FF, FR, RF, RR): (15, 2887, 10, 18)
[M::mem_pestat] analyzing insert size distribution for orientation FF...
[M::mem_pestat] (25, 50, 75) percentile: (178, 467, 1888)
[M::mem_pestat] low and high boundaries for computing mean and std.dev: (1, 5308)
[M::mem_pestat] mean and std.dev: (1052.53, 1221.00)
[M::mem_pestat] low and high boundaries for proper pairs: (1, 7018)
[M::mem_pestat] analyzing insert size distribution for orientation FR...
[M::mem_pestat] (25, 50, 75) percentile: (315, 511, 536)
[M::mem_pestat] low and high boundaries for computing mean and std.dev: (1, 978)
[M::mem_pestat] mean and std.dev: (439.47, 156.43)
[M::mem_pestat] low and high boundaries for proper pairs: (1, 1199)
[M::mem_pestat] analyzing insert size distribution for orientation RF...
[M::mem_pestat] (25, 50, 75) percentile: (91, 289, 1663)
[M::mem_pestat] low and high boundaries for computing mean and std.dev: (1, 4807)
[M::mem_pestat] mean and std.dev: (916.80, 1284.75)
[M::mem_pestat] low and high boundaries for proper pairs: (1, 6379)
[M::mem_pestat] analyzing insert size distribution for orientation RR...
[M::mem_pestat] (25, 50, 75) percentile: (149, 577, 1520)
[M::mem_pestat] low and high boundaries for computing mean and std.dev: (1, 4262)
[M::mem_pestat] mean and std.dev: (798.71, 982.91)
[M::mem_pestat] low and high boundaries for proper pairs: (1, 5633)
[M::mem_pestat] skip orientation FF
[M::mem_pestat] skip orientation RF
[M::mem_pestat] skip orientation RR
[M::mem_process_seqs] Processed 266668 reads in 198.675 CPU sec, 49.778 real sec
[M::process] read 266668 sequences (40000200 bp)...
[M::mem_pestat] # candidate unique pairs for (FF, FR, RF, RR): (20, 2949, 6, 11)
[M::mem_pestat] analyzing insert size distribution for orientation FF...
[M::mem_pestat] (25, 50, 75) percentile: (164, 261, 619)
[M::mem_pestat] low and high boundaries for computing mean and std.dev: (1, 1529)
[M::mem_pestat] mean and std.dev: (305.94, 278.34)
[M::mem_pestat] low and high boundaries for proper pairs: (1, 1984)
[M::mem_pestat] analyzing insert size distribution for orientation FR...
[M::mem_pestat] (25, 50, 75) percentile: (330, 513, 538)
[M::mem_pestat] low and high boundaries for computing mean and std.dev: (1, 954)
[M::mem_pestat] mean and std.dev: (447.86, 153.01)
[M::mem_pestat] low and high boundaries for proper pairs: (1, 1162)
[M::mem_pestat] skip orientation RF as there are not enough pairs
[M::mem_pestat] analyzing insert size distribution for orientation RR...
[M::mem_pestat] (25, 50, 75) percentile: (304, 565, 1094)
[M::mem_pestat] low and high boundaries for computing mean and std.dev: (1, 2674)
[M::mem_pestat] mean and std.dev: (760.09, 697.37)
[M::mem_pestat] low and high boundaries for proper pairs: (1, 3550)
[M::mem_pestat] skip orientation FF
[M::mem_pestat] skip orientation RR
[M::mem_process_seqs] Processed 266668 reads in 201.759 CPU sec, 50.559 real sec
[M::process] read 266668 sequences (40000200 bp)...
[M::mem_pestat] # candidate unique pairs for (FF, FR, RF, RR): (14, 2983, 9, 9)
[M::mem_pestat] analyzing insert size distribution for orientation FF...
[M::mem_pestat] (25, 50, 75) percentile: (226, 511, 1198)
[M::mem_pestat] low and high boundaries for computing mean and std.dev: (1, 3142)
[M::mem_pestat] mean and std.dev: (690.79, 632.52)
[M::mem_pestat] low and high boundaries for proper pairs: (1, 4114)
[M::mem_pestat] analyzing insert size distribution for orientation FR...
[M::mem_pestat] (25, 50, 75) percentile: (345, 512, 536)
[M::mem_pestat] low and high boundaries for computing mean and std.dev: (1, 918)
[M::mem_pestat] mean and std.dev: (448.04, 152.50)
[M::mem_pestat] low and high boundaries for proper pairs: (1, 1109)
[M::mem_pestat] skip orientation RF as there are not enough pairs
[M::mem_pestat] skip orientation RR as there are not enough pairs
[M::mem_pestat] skip orientation FF
[M::mem_process_seqs] Processed 266668 reads in 209.437 CPU sec, 52.496 real sec
[M::process] read 266668 sequences (40000200 bp)...
[M::mem_pestat] # candidate unique pairs for (FF, FR, RF, RR): (13, 2860, 8, 20)
[M::mem_pestat] analyzing insert size distribution for orientation FF...
[M::mem_pestat] (25, 50, 75) percentile: (154, 234, 1708)
[M::mem_pestat] low and high boundaries for computing mean and std.dev: (1, 4816)
[M::mem_pestat] mean and std.dev: (902.69, 1039.54)
[M::mem_pestat] low and high boundaries for proper pairs: (1, 6370)
[M::mem_pestat] analyzing insert size distribution for orientation FR...
[M::mem_pestat] (25, 50, 75) percentile: (342, 512, 537)
[M::mem_pestat] low and high boundaries for computing mean and std.dev: (1, 927)
[M::mem_pestat] mean and std.dev: (449.15, 150.89)
[M::mem_pestat] low and high boundaries for proper pairs: (1, 1122)
[M::mem_pestat] skip orientation RF as there are not enough pairs
[M::mem_pestat] analyzing insert size distribution for orientation RR...
[M::mem_pestat] (25, 50, 75) percentile: (221, 781, 1318)
[M::mem_pestat] low and high boundaries for computing mean and std.dev: (1, 3512)
[M::mem_pestat] mean and std.dev: (859.89, 802.77)
[M::mem_pestat] low and high boundaries for proper pairs: (1, 4609)
[M::mem_pestat] skip orientation FF
[M::mem_pestat] skip orientation RR
[M::mem_process_seqs] Processed 266668 reads in 201.791 CPU sec, 50.573 real sec
[M::process] read 266668 sequences (40000200 bp)...
[M::mem_pestat] # candidate unique pairs for (FF, FR, RF, RR): (15, 2846, 8, 14)
[M::mem_pestat] analyzing insert size distribution for orientation FF...
[M::mem_pestat] (25, 50, 75) percentile: (152, 181, 1245)
[M::mem_pestat] low and high boundaries for computing mean and std.dev: (1, 3431)
[M::mem_pestat] mean and std.dev: (581.79, 793.53)
[M::mem_pestat] low and high boundaries for proper pairs: (1, 4524)
[M::mem_pestat] analyzing insert size distribution for orientation FR...
[M::mem_pestat] (25, 50, 75) percentile: (329, 512, 537)
[M::mem_pestat] low and high boundaries for computing mean and std.dev: (1, 953)
[M::mem_pestat] mean and std.dev: (445.18, 152.08)
[M::mem_pestat] low and high boundaries for proper pairs: (1, 1161)
[M::mem_pestat] skip orientation RF as there are not enough pairs
[M::mem_pestat] analyzing insert size distribution for orientation RR...
[M::mem_pestat] (25, 50, 75) percentile: (191, 827, 1244)
[M::mem_pestat] low and high boundaries for computing mean and std.dev: (1, 3350)
[M::mem_pestat] mean and std.dev: (659.25, 454.87)
[M::mem_pestat] low and high boundaries for proper pairs: (1, 4403)
[M::mem_pestat] skip orientation FF
[M::mem_pestat] skip orientation RR
[M::mem_process_seqs] Processed 266668 reads in 205.515 CPU sec, 51.520 real sec
[M::process] read 266668 sequences (40000200 bp)...
[M::mem_pestat] # candidate unique pairs for (FF, FR, RF, RR): (19, 2948, 3, 12)
[M::mem_pestat] analyzing insert size distribution for orientation FF...
[M::mem_pestat] (25, 50, 75) percentile: (164, 276, 484)
[M::mem_pestat] low and high boundaries for computing mean and std.dev: (1, 1124)
[M::mem_pestat] mean and std.dev: (293.35, 224.03)
[M::mem_pestat] low and high boundaries for proper pairs: (1, 1444)
[M::mem_pestat] analyzing insert size distribution for orientation FR...
[M::mem_pestat] (25, 50, 75) percentile: (331, 511, 539)
[M::mem_pestat] low and high boundaries for computing mean and std.dev: (1, 955)
[M::mem_pestat] mean and std.dev: (447.11, 153.70)
[M::mem_pestat] low and high boundaries for proper pairs: (1, 1163)
[M::mem_pestat] skip orientation RF as there are not enough pairs
[M::mem_pestat] analyzing insert size distribution for orientation RR...
[M::mem_pestat] (25, 50, 75) percentile: (448, 965, 1704)
[M::mem_pestat] low and high boundaries for computing mean and std.dev: (1, 4216)
[M::mem_pestat] mean and std.dev: (907.00, 662.17)
[M::mem_pestat] low and high boundaries for proper pairs: (1, 5472)
[M::mem_pestat] skip orientation FF
[M::mem_pestat] skip orientation RR
[M::mem_process_seqs] Processed 266668 reads in 201.952 CPU sec, 50.577 real sec
[M::process] read 266668 sequences (40000200 bp)...
[M::mem_pestat] # candidate unique pairs for (FF, FR, RF, RR): (17, 3011, 5, 5)
[M::mem_pestat] analyzing insert size distribution for orientation FF...
[M::mem_pestat] (25, 50, 75) percentile: (192, 448, 1520)
[M::mem_pestat] low and high boundaries for computing mean and std.dev: (1, 4176)
[M::mem_pestat] mean and std.dev: (685.81, 756.00)
[M::mem_pestat] low and high boundaries for proper pairs: (1, 5504)
[M::mem_pestat] analyzing insert size distribution for orientation FR...
[M::mem_pestat] (25, 50, 75) percentile: (337, 513, 538)
[M::mem_pestat] low and high boundaries for computing mean and std.dev: (1, 940)
[M::mem_pestat] mean and std.dev: (449.46, 151.73)
[M::mem_pestat] low and high boundaries for proper pairs: (1, 1141)
[M::mem_pestat] skip orientation RF as there are not enough pairs
[M::mem_pestat] skip orientation RR as there are not enough pairs
[M::mem_pestat] skip orientation FF
[M::mem_process_seqs] Processed 266668 reads in 199.263 CPU sec, 49.936 real sec
[M::process] read 266668 sequences (40000200 bp)...
[M::mem_pestat] # candidate unique pairs for (FF, FR, RF, RR): (26, 2939, 3, 11)
[M::mem_pestat] analyzing insert size distribution for orientation FF...
[M::mem_pestat] (25, 50, 75) percentile: (152, 395, 1037)
[M::mem_pestat] low and high boundaries for computing mean and std.dev: (1, 2807)
[M::mem_pestat] mean and std.dev: (611.20, 555.54)
[M::mem_pestat] low and high boundaries for proper pairs: (1, 3692)
[M::mem_pestat] analyzing insert size distribution for orientation FR...
[M::mem_pestat] (25, 50, 75) percentile: (341, 512, 540)
[M::mem_pestat] low and high boundaries for computing mean and std.dev: (1, 938)
[M::mem_pestat] mean and std.dev: (447.58, 153.95)
[M::mem_pestat] low and high boundaries for proper pairs: (1, 1137)
[M::mem_pestat] skip orientation RF as there are not enough pairs
[M::mem_pestat] analyzing insert size distribution for orientation RR...
[M::mem_pestat] (25, 50, 75) percentile: (515, 1104, 7561)
[M::mem_pestat] low and high boundaries for computing mean and std.dev: (1, 21653)
[M::mem_pestat] mean and std.dev: (2901.18, 3710.16)
[M::mem_pestat] low and high boundaries for proper pairs: (1, 28699)
[M::mem_pestat] skip orientation FF
[M::mem_pestat] skip orientation RR
[M::mem_process_seqs] Processed 266668 reads in 195.612 CPU sec, 48.994 real sec
[M::process] read 266668 sequences (40000200 bp)...
[M::mem_pestat] # candidate unique pairs for (FF, FR, RF, RR): (17, 2967, 3, 21)
[M::mem_pestat] analyzing insert size distribution for orientation FF...
[M::mem_pestat] (25, 50, 75) percentile: (120, 173, 267)
[M::mem_pestat] low and high boundaries for computing mean and std.dev: (1, 561)
[M::mem_pestat] mean and std.dev: (177.31, 85.09)
[M::mem_pestat] low and high boundaries for proper pairs: (1, 708)
[M::mem_pestat] analyzing insert size distribution for orientation FR...
[M::mem_pestat] (25, 50, 75) percentile: (332, 511, 535)
[M::mem_pestat] low and high boundaries for computing mean and std.dev: (1, 941)
[M::mem_pestat] mean and std.dev: (445.72, 154.07)
[M::mem_pestat] low and high boundaries for proper pairs: (1, 1144)
[M::mem_pestat] skip orientation RF as there are not enough pairs
[M::mem_pestat] analyzing insert size distribution for orientation RR...
[M::mem_pestat] (25, 50, 75) percentile: (425, 1152, 1826)
[M::mem_pestat] low and high boundaries for computing mean and std.dev: (1, 4628)
[M::mem_pestat] mean and std.dev: (1147.90, 832.47)
[M::mem_pestat] low and high boundaries for proper pairs: (1, 6029)
[M::mem_pestat] skip orientation FF
[M::mem_pestat] skip orientation RR
[M::mem_process_seqs] Processed 266668 reads in 202.628 CPU sec, 50.757 real sec
[M::process] read 266668 sequences (40000200 bp)...
[M::mem_pestat] # candidate unique pairs for (FF, FR, RF, RR): (15, 2936, 11, 11)
[M::mem_pestat] analyzing insert size distribution for orientation FF...
[M::mem_pestat] (25, 50, 75) percentile: (193, 585, 1990)
[M::mem_pestat] low and high boundaries for computing mean and std.dev: (1, 5584)
[M::mem_pestat] mean and std.dev: (876.80, 785.38)
[M::mem_pestat] low and high boundaries for proper pairs: (1, 7381)
[M::mem_pestat] analyzing insert size distribution for orientation FR...
[M::mem_pestat] (25, 50, 75) percentile: (341, 512, 540)
[M::mem_pestat] low and high boundaries for computing mean and std.dev: (1, 938)
[M::mem_pestat] mean and std.dev: (450.35, 152.88)
[M::mem_pestat] low and high boundaries for proper pairs: (1, 1137)
[M::mem_pestat] analyzing insert size distribution for orientation RF...
[M::mem_pestat] (25, 50, 75) percentile: (455, 1300, 2117)
[M::mem_pestat] low and high boundaries for computing mean and std.dev: (1, 5441)
[M::mem_pestat] mean and std.dev: (1433.30, 1173.03)
[M::mem_pestat] low and high boundaries for proper pairs: (1, 7103)
[M::mem_pestat] analyzing insert size distribution for orientation RR...
[M::mem_pestat] (25, 50, 75) percentile: (984, 1320, 2999)
[M::mem_pestat] low and high boundaries for computing mean and std.dev: (1, 7029)
[M::mem_pestat] mean and std.dev: (1941.09, 1792.71)
[M::mem_pestat] low and high boundaries for proper pairs: (1, 9112)
[M::mem_pestat] skip orientation FF
[M::mem_pestat] skip orientation RF
[M::mem_pestat] skip orientation RR
[M::mem_process_seqs] Processed 266668 reads in 199.159 CPU sec, 49.884 real sec
[M::process] read 266668 sequences (40000200 bp)...
[M::mem_pestat] # candidate unique pairs for (FF, FR, RF, RR): (30, 2984, 9, 14)
[M::mem_pestat] analyzing insert size distribution for orientation FF...
[M::mem_pestat] (25, 50, 75) percentile: (110, 165, 212)
[M::mem_pestat] low and high boundaries for computing mean and std.dev: (1, 416)
[M::mem_pestat] mean and std.dev: (143.96, 47.58)
[M::mem_pestat] low and high boundaries for proper pairs: (1, 518)
[M::mem_pestat] analyzing insert size distribution for orientation FR...
[M::mem_pestat] (25, 50, 75) percentile: (337, 513, 537)
[M::mem_pestat] low and high boundaries for computing mean and std.dev: (1, 937)
[M::mem_pestat] mean and std.dev: (448.23, 151.46)
[M::mem_pestat] low and high boundaries for proper pairs: (1, 1137)
[M::mem_pestat] skip orientation RF as there are not enough pairs
[M::mem_pestat] analyzing insert size distribution for orientation RR...
[M::mem_pestat] (25, 50, 75) percentile: (206, 953, 1438)
[M::mem_pestat] low and high boundaries for computing mean and std.dev: (1, 3902)
[M::mem_pestat] mean and std.dev: (1175.29, 1076.03)
[M::mem_pestat] low and high boundaries for proper pairs: (1, 5479)
[M::mem_pestat] skip orientation FF
[M::mem_pestat] skip orientation RR
[M::mem_process_seqs] Processed 266668 reads in 202.913 CPU sec, 50.826 real sec
[M::process] read 266668 sequences (40000200 bp)...
[M::mem_pestat] # candidate unique pairs for (FF, FR, RF, RR): (20, 2921, 5, 13)
[M::mem_pestat] analyzing insert size distribution for orientation FF...
[M::mem_pestat] (25, 50, 75) percentile: (143, 184, 699)
[M::mem_pestat] low and high boundaries for computing mean and std.dev: (1, 1811)
[M::mem_pestat] mean and std.dev: (486.40, 566.72)
[M::mem_pestat] low and high boundaries for proper pairs: (1, 2753)
[M::mem_pestat] analyzing insert size distribution for orientation FR...
[M::mem_pestat] (25, 50, 75) percentile: (324, 512, 538)
[M::mem_pestat] low and high boundaries for computing mean and std.dev: (1, 966)
[M::mem_pestat] mean and std.dev: (444.25, 155.85)
[M::mem_pestat] low and high boundaries for proper pairs: (1, 1180)
[M::mem_pestat] skip orientation RF as there are not enough pairs
[M::mem_pestat] analyzing insert size distribution for orientation RR...
[M::mem_pestat] (25, 50, 75) percentile: (200, 256, 1515)
[M::mem_pestat] low and high boundaries for computing mean and std.dev: (1, 4145)
[M::mem_pestat] mean and std.dev: (390.09, 383.12)
[M::mem_pestat] low and high boundaries for proper pairs: (1, 5460)
[M::mem_pestat] skip orientation FF
[M::mem_pestat] skip orientation RR
[M::mem_process_seqs] Processed 266668 reads in 202.907 CPU sec, 50.818 real sec
[M::process] read 266668 sequences (40000200 bp)...
[M::mem_pestat] # candidate unique pairs for (FF, FR, RF, RR): (22, 2882, 9, 8)
[M::mem_pestat] analyzing insert size distribution for orientation FF...
[M::mem_pestat] (25, 50, 75) percentile: (158, 275, 836)
[M::mem_pestat] low and high boundaries for computing mean and std.dev: (1, 2192)
[M::mem_pestat] mean and std.dev: (441.05, 440.10)
[M::mem_pestat] low and high boundaries for proper pairs: (1, 2870)
[M::mem_pestat] analyzing insert size distribution for orientation FR...
[M::mem_pestat] (25, 50, 75) percentile: (322, 512, 538)
[M::mem_pestat] low and high boundaries for computing mean and std.dev: (1, 970)
[M::mem_pestat] mean and std.dev: (444.20, 155.08)
[M::mem_pestat] low and high boundaries for proper pairs: (1, 1186)
[M::mem_pestat] skip orientation RF as there are not enough pairs
[M::mem_pestat] skip orientation RR as there are not enough pairs
[M::mem_pestat] skip orientation FF
[M::mem_process_seqs] Processed 266668 reads in 204.746 CPU sec, 51.289 real sec
[M::process] read 266668 sequences (40000200 bp)...
[M::mem_pestat] # candidate unique pairs for (FF, FR, RF, RR): (25, 2993, 6, 14)
[M::mem_pestat] analyzing insert size distribution for orientation FF...
[M::mem_pestat] (25, 50, 75) percentile: (191, 467, 1765)
[M::mem_pestat] low and high boundaries for computing mean and std.dev: (1, 4913)
[M::mem_pestat] mean and std.dev: (948.52, 1114.95)
[M::mem_pestat] low and high boundaries for proper pairs: (1, 6487)
[M::mem_pestat] analyzing insert size distribution for orientation FR...
[M::mem_pestat] (25, 50, 75) percentile: (338, 512, 538)
[M::mem_pestat] low and high boundaries for computing mean and std.dev: (1, 938)
[M::mem_pestat] mean and std.dev: (448.36, 153.14)
[M::mem_pestat] low and high boundaries for proper pairs: (1, 1138)
[M::mem_pestat] skip orientation RF as there are not enough pairs
[M::mem_pestat] analyzing insert size distribution for orientation RR...
[M::mem_pestat] (25, 50, 75) percentile: (550, 1692, 2337)
[M::mem_pestat] low and high boundaries for computing mean and std.dev: (1, 5911)
[M::mem_pestat] mean and std.dev: (1573.00, 1273.24)
[M::mem_pestat] low and high boundaries for proper pairs: (1, 7698)
[M::mem_pestat] skip orientation FF
[M::mem_pestat] skip orientation RR
[M::mem_process_seqs] Processed 266668 reads in 204.838 CPU sec, 51.322 real sec
[M::process] read 266668 sequences (40000200 bp)...
[M::mem_pestat] # candidate unique pairs for (FF, FR, RF, RR): (19, 2859, 9, 21)
[M::mem_pestat] analyzing insert size distribution for orientation FF...
[M::mem_pestat] (25, 50, 75) percentile: (149, 200, 1467)
[M::mem_pestat] low and high boundaries for computing mean and std.dev: (1, 4103)
[M::mem_pestat] mean and std.dev: (786.84, 1053.27)
[M::mem_pestat] low and high boundaries for proper pairs: (1, 5421)
[M::mem_pestat] analyzing insert size distribution for orientation FR...
[M::mem_pestat] (25, 50, 75) percentile: (336, 511, 536)
[M::mem_pestat] low and high boundaries for computing mean and std.dev: (1, 936)
[M::mem_pestat] mean and std.dev: (446.67, 151.10)
[M::mem_pestat] low and high boundaries for proper pairs: (1, 1136)
[M::mem_pestat] skip orientation RF as there are not enough pairs
[M::mem_pestat] analyzing insert size distribution for orientation RR...
[M::mem_pestat] (25, 50, 75) percentile: (353, 975, 2126)
[M::mem_pestat] low and high boundaries for computing mean and std.dev: (1, 5672)
[M::mem_pestat] mean and std.dev: (1256.05, 1306.75)
[M::mem_pestat] low and high boundaries for proper pairs: (1, 7445)
[M::mem_pestat] skip orientation FF
[M::mem_pestat] skip orientation RR
[M::mem_process_seqs] Processed 266668 reads in 207.343 CPU sec, 51.982 real sec
[M::process] read 266668 sequences (40000200 bp)...
[M::mem_pestat] # candidate unique pairs for (FF, FR, RF, RR): (21, 2978, 6, 14)
[M::mem_pestat] analyzing insert size distribution for orientation FF...
[M::mem_pestat] (25, 50, 75) percentile: (137, 255, 781)
[M::mem_pestat] low and high boundaries for computing mean and std.dev: (1, 2069)
[M::mem_pestat] mean and std.dev: (389.32, 337.32)
[M::mem_pestat] low and high boundaries for proper pairs: (1, 2713)
[M::mem_pestat] analyzing insert size distribution for orientation FR...
[M::mem_pestat] (25, 50, 75) percentile: (340, 513, 538)
[M::mem_pestat] low and high boundaries for computing mean and std.dev: (1, 934)
[M::mem_pestat] mean and std.dev: (450.62, 150.86)
[M::mem_pestat] low and high boundaries for proper pairs: (1, 1132)
[M::mem_pestat] skip orientation RF as there are not enough pairs
[M::mem_pestat] analyzing insert size distribution for orientation RR...
[M::mem_pestat] (25, 50, 75) percentile: (221, 918, 3127)
[M::mem_pestat] low and high boundaries for computing mean and std.dev: (1, 8939)
[M::mem_pestat] mean and std.dev: (1916.71, 2270.76)
[M::mem_pestat] low and high boundaries for proper pairs: (1, 11845)
[M::mem_pestat] skip orientation FF
[M::mem_pestat] skip orientation RR
[M::mem_process_seqs] Processed 266668 reads in 201.482 CPU sec, 50.499 real sec
[M::process] read 266668 sequences (40000200 bp)...
[M::mem_pestat] # candidate unique pairs for (FF, FR, RF, RR): (22, 2848, 4, 16)
[M::mem_pestat] analyzing insert size distribution for orientation FF...
[M::mem_pestat] (25, 50, 75) percentile: (145, 254, 634)
[M::mem_pestat] low and high boundaries for computing mean and std.dev: (1, 1612)
[M::mem_pestat] mean and std.dev: (275.84, 184.28)
[M::mem_pestat] low and high boundaries for proper pairs: (1, 2101)
[M::mem_pestat] analyzing insert size distribution for orientation FR...
[M::mem_pestat] (25, 50, 75) percentile: (331, 512, 536)
[M::mem_pestat] low and high boundaries for computing mean and std.dev: (1, 946)
[M::mem_pestat] mean and std.dev: (445.61, 153.62)
[M::mem_pestat] low and high boundaries for proper pairs: (1, 1151)
[M::mem_pestat] skip orientation RF as there are not enough pairs
[M::mem_pestat] analyzing insert size distribution for orientation RR...
[M::mem_pestat] (25, 50, 75) percentile: (315, 813, 1474)
[M::mem_pestat] low and high boundaries for computing mean and std.dev: (1, 3792)
[M::mem_pestat] mean and std.dev: (842.13, 709.85)
[M::mem_pestat] low and high boundaries for proper pairs: (1, 4951)
[M::mem_pestat] skip orientation FF
[M::mem_pestat] skip orientation RR
[M::mem_process_seqs] Processed 266668 reads in 204.126 CPU sec, 51.140 real sec
[M::process] read 266668 sequences (40000200 bp)...
[M::mem_pestat] # candidate unique pairs for (FF, FR, RF, RR): (18, 2797, 2, 11)
[M::mem_pestat] analyzing insert size distribution for orientation FF...
[M::mem_pestat] (25, 50, 75) percentile: (173, 301, 846)
[M::mem_pestat] low and high boundaries for computing mean and std.dev: (1, 2192)
[M::mem_pestat] mean and std.dev: (489.94, 460.79)
[M::mem_pestat] low and high boundaries for proper pairs: (1, 2865)
[M::mem_pestat] analyzing insert size distribution for orientation FR...
[M::mem_pestat] (25, 50, 75) percentile: (335, 511, 535)
[M::mem_pestat] low and high boundaries for computing mean and std.dev: (1, 935)
[M::mem_pestat] mean and std.dev: (444.88, 150.62)
[M::mem_pestat] low and high boundaries for proper pairs: (1, 1135)
[M::mem_pestat] skip orientation RF as there are not enough pairs
[M::mem_pestat] analyzing insert size distribution for orientation RR...
[M::mem_pestat] (25, 50, 75) percentile: (965, 1515, 2337)
[M::mem_pestat] low and high boundaries for computing mean and std.dev: (1, 5081)
[M::mem_pestat] mean and std.dev: (1636.00, 1258.41)
[M::mem_pestat] low and high boundaries for proper pairs: (1, 6670)
[M::mem_pestat] skip orientation FF
[M::mem_pestat] skip orientation RR
[M::mem_process_seqs] Processed 266668 reads in 202.997 CPU sec, 50.841 real sec
[M::process] read 266668 sequences (40000200 bp)...
[M::mem_pestat] # candidate unique pairs for (FF, FR, RF, RR): (19, 2923, 6, 12)
[M::mem_pestat] analyzing insert size distribution for orientation FF...
[M::mem_pestat] (25, 50, 75) percentile: (173, 447, 870)
[M::mem_pestat] low and high boundaries for computing mean and std.dev: (1, 2264)
[M::mem_pestat] mean and std.dev: (549.17, 530.06)
[M::mem_pestat] low and high boundaries for proper pairs: (1, 2961)
[M::mem_pestat] analyzing insert size distribution for orientation FR...
[M::mem_pestat] (25, 50, 75) percentile: (324, 511, 537)
[M::mem_pestat] low and high boundaries for computing mean and std.dev: (1, 963)
[M::mem_pestat] mean and std.dev: (445.45, 155.94)
[M::mem_pestat] low and high boundaries for proper pairs: (1, 1176)
[M::mem_pestat] skip orientation RF as there are not enough pairs
[M::mem_pestat] analyzing insert size distribution for orientation RR...
[M::mem_pestat] (25, 50, 75) percentile: (580, 1067, 1593)
[M::mem_pestat] low and high boundaries for computing mean and std.dev: (1, 3619)
[M::mem_pestat] mean and std.dev: (907.73, 515.55)
[M::mem_pestat] low and high boundaries for proper pairs: (1, 4632)
[M::mem_pestat] skip orientation FF
[M::mem_pestat] skip orientation RR
[M::mem_process_seqs] Processed 266668 reads in 205.669 CPU sec, 51.520 real sec
[M::process] read 266668 sequences (40000200 bp)...
[M::mem_pestat] # candidate unique pairs for (FF, FR, RF, RR): (20, 2927, 5, 14)
[M::mem_pestat] analyzing insert size distribution for orientation FF...
[M::mem_pestat] (25, 50, 75) percentile: (159, 249, 1820)
[M::mem_pestat] low and high boundaries for computing mean and std.dev: (1, 5142)
[M::mem_pestat] mean and std.dev: (817.68, 1236.10)
[M::mem_pestat] low and high boundaries for proper pairs: (1, 6803)
[M::mem_pestat] analyzing insert size distribution for orientation FR...
[M::mem_pestat] (25, 50, 75) percentile: (331, 513, 539)
[M::mem_pestat] low and high boundaries for computing mean and std.dev: (1, 955)
[M::mem_pestat] mean and std.dev: (448.15, 154.65)
[M::mem_pestat] low and high boundaries for proper pairs: (1, 1163)
[M::mem_pestat] skip orientation RF as there are not enough pairs
[M::mem_pestat] analyzing insert size distribution for orientation RR...
[M::mem_pestat] (25, 50, 75) percentile: (253, 782, 1424)
[M::mem_pestat] low and high boundaries for computing mean and std.dev: (1, 3766)
[M::mem_pestat] mean and std.dev: (940.00, 851.16)
[M::mem_pestat] low and high boundaries for proper pairs: (1, 4937)
[M::mem_pestat] skip orientation FF
[M::mem_pestat] skip orientation RR
[M::mem_process_seqs] Processed 266668 reads in 201.831 CPU sec, 50.545 real sec
[M::process] read 266668 sequences (40000200 bp)...
[M::mem_pestat] # candidate unique pairs for (FF, FR, RF, RR): (21, 2864, 8, 13)
[M::mem_pestat] analyzing insert size distribution for orientation FF...
[M::mem_pestat] (25, 50, 75) percentile: (208, 300, 758)
[M::mem_pestat] low and high boundaries for computing mean and std.dev: (1, 1858)
[M::mem_pestat] mean and std.dev: (482.00, 410.12)
[M::mem_pestat] low and high boundaries for proper pairs: (1, 2408)
[M::mem_pestat] analyzing insert size distribution for orientation FR...
[M::mem_pestat] (25, 50, 75) percentile: (320, 511, 536)
[M::mem_pestat] low and high boundaries for computing mean and std.dev: (1, 968)
[M::mem_pestat] mean and std.dev: (442.25, 155.82)
[M::mem_pestat] low and high boundaries for proper pairs: (1, 1184)
[M::mem_pestat] skip orientation RF as there are not enough pairs
[M::mem_pestat] analyzing insert size distribution for orientation RR...
[M::mem_pestat] (25, 50, 75) percentile: (290, 953, 1548)
[M::mem_pestat] low and high boundaries for computing mean and std.dev: (1, 4064)
[M::mem_pestat] mean and std.dev: (950.38, 750.87)
[M::mem_pestat] low and high boundaries for proper pairs: (1, 5322)
[M::mem_pestat] skip orientation FF
[M::mem_pestat] skip orientation RR
[M::mem_process_seqs] Processed 266668 reads in 205.222 CPU sec, 51.409 real sec
[M::process] read 266668 sequences (40000200 bp)...
[M::mem_pestat] # candidate unique pairs for (FF, FR, RF, RR): (33, 2925, 3, 16)
[M::mem_pestat] analyzing insert size distribution for orientation FF...
[M::mem_pestat] (25, 50, 75) percentile: (153, 239, 629)
[M::mem_pestat] low and high boundaries for computing mean and std.dev: (1, 1581)
[M::mem_pestat] mean and std.dev: (331.87, 275.98)
[M::mem_pestat] low and high boundaries for proper pairs: (1, 2057)
[M::mem_pestat] analyzing insert size distribution for orientation FR...
[M::mem_pestat] (25, 50, 75) percentile: (321, 512, 538)
[M::mem_pestat] low and high boundaries for computing mean and std.dev: (1, 972)
[M::mem_pestat] mean and std.dev: (444.14, 155.36)
[M::mem_pestat] low and high boundaries for proper pairs: (1, 1189)
[M::mem_pestat] skip orientation RF as there are not enough pairs
[M::mem_pestat] analyzing insert size distribution for orientation RR...
[M::mem_pestat] (25, 50, 75) percentile: (329, 757, 1810)
[M::mem_pestat] low and high boundaries for computing mean and std.dev: (1, 4772)
[M::mem_pestat] mean and std.dev: (978.40, 909.80)
[M::mem_pestat] low and high boundaries for proper pairs: (1, 6253)
[M::mem_pestat] skip orientation FF
[M::mem_pestat] skip orientation RR
[M::mem_process_seqs] Processed 266668 reads in 203.773 CPU sec, 51.040 real sec
[M::process] read 266668 sequences (40000200 bp)...
[M::mem_pestat] # candidate unique pairs for (FF, FR, RF, RR): (19, 2887, 7, 11)
[M::mem_pestat] analyzing insert size distribution for orientation FF...
[M::mem_pestat] (25, 50, 75) percentile: (189, 247, 1634)
[M::mem_pestat] low and high boundaries for computing mean and std.dev: (1, 4524)
[M::mem_pestat] mean and std.dev: (642.06, 866.05)
[M::mem_pestat] low and high boundaries for proper pairs: (1, 5969)
[M::mem_pestat] analyzing insert size distribution for orientation FR...
[M::mem_pestat] (25, 50, 75) percentile: (342, 514, 540)
[M::mem_pestat] low and high boundaries for computing mean and std.dev: (1, 936)
[M::mem_pestat] mean and std.dev: (451.41, 150.18)
[M::mem_pestat] low and high boundaries for proper pairs: (1, 1134)
[M::mem_pestat] skip orientation RF as there are not enough pairs
[M::mem_pestat] analyzing insert size distribution for orientation RR...
[M::mem_pestat] (25, 50, 75) percentile: (305, 448, 936)
[M::mem_pestat] low and high boundaries for computing mean and std.dev: (1, 2198)
[M::mem_pestat] mean and std.dev: (622.00, 428.28)
[M::mem_pestat] low and high boundaries for proper pairs: (1, 2829)
[M::mem_pestat] skip orientation FF
[M::mem_pestat] skip orientation RR
[M::mem_process_seqs] Processed 266668 reads in 203.796 CPU sec, 51.078 real sec
[M::process] read 266668 sequences (40000200 bp)...
[M::mem_pestat] # candidate unique pairs for (FF, FR, RF, RR): (16, 2966, 10, 10)
[M::mem_pestat] analyzing insert size distribution for orientation FF...
[M::mem_pestat] (25, 50, 75) percentile: (183, 260, 736)
[M::mem_pestat] low and high boundaries for computing mean and std.dev: (1, 1842)
[M::mem_pestat] mean and std.dev: (390.86, 406.03)
[M::mem_pestat] low and high boundaries for proper pairs: (1, 2395)
[M::mem_pestat] analyzing insert size distribution for orientation FR...
[M::mem_pestat] (25, 50, 75) percentile: (315, 511, 538)
[M::mem_pestat] low and high boundaries for computing mean and std.dev: (1, 984)
[M::mem_pestat] mean and std.dev: (442.73, 156.52)
[M::mem_pestat] low and high boundaries for proper pairs: (1, 1207)
[M::mem_pestat] analyzing insert size distribution for orientation RF...
[M::mem_pestat] (25, 50, 75) percentile: (1089, 2070, 3632)
[M::mem_pestat] low and high boundaries for computing mean and std.dev: (1, 8718)
[M::mem_pestat] mean and std.dev: (2271.00, 1521.03)
[M::mem_pestat] low and high boundaries for proper pairs: (1, 11261)
[M::mem_pestat] analyzing insert size distribution for orientation RR...
[M::mem_pestat] (25, 50, 75) percentile: (305, 669, 1647)
[M::mem_pestat] low and high boundaries for computing mean and std.dev: (1, 4331)
[M::mem_pestat] mean and std.dev: (936.00, 824.54)
[M::mem_pestat] low and high boundaries for proper pairs: (1, 5673)
[M::mem_pestat] skip orientation FF
[M::mem_pestat] skip orientation RF
[M::mem_pestat] skip orientation RR
[M::mem_process_seqs] Processed 266668 reads in 202.283 CPU sec, 50.662 real sec
[M::process] read 266668 sequences (40000200 bp)...
[M::mem_pestat] # candidate unique pairs for (FF, FR, RF, RR): (11, 3018, 6, 15)
[M::mem_pestat] analyzing insert size distribution for orientation FF...
[M::mem_pestat] (25, 50, 75) percentile: (158, 488, 1206)
[M::mem_pestat] low and high boundaries for computing mean and std.dev: (1, 3302)
[M::mem_pestat] mean and std.dev: (589.00, 492.05)
[M::mem_pestat] low and high boundaries for proper pairs: (1, 4350)
[M::mem_pestat] analyzing insert size distribution for orientation FR...
[M::mem_pestat] (25, 50, 75) percentile: (338, 511, 539)
[M::mem_pestat] low and high boundaries for computing mean and std.dev: (1, 941)
[M::mem_pestat] mean and std.dev: (448.51, 155.42)
[M::mem_pestat] low and high boundaries for proper pairs: (1, 1142)
[M::mem_pestat] skip orientation RF as there are not enough pairs
[M::mem_pestat] analyzing insert size distribution for orientation RR...
[M::mem_pestat] (25, 50, 75) percentile: (297, 550, 2266)
[M::mem_pestat] low and high boundaries for computing mean and std.dev: (1, 6204)
[M::mem_pestat] mean and std.dev: (1226.27, 1430.73)
[M::mem_pestat] low and high boundaries for proper pairs: (1, 8173)
[M::mem_pestat] skip orientation FF
[M::mem_pestat] skip orientation RR
[M::mem_process_seqs] Processed 266668 reads in 203.212 CPU sec, 50.917 real sec
[M::process] read 266668 sequences (40000200 bp)...
[M::mem_pestat] # candidate unique pairs for (FF, FR, RF, RR): (23, 3027, 2, 20)
[M::mem_pestat] analyzing insert size distribution for orientation FF...
[M::mem_pestat] (25, 50, 75) percentile: (144, 171, 1242)
[M::mem_pestat] low and high boundaries for computing mean and std.dev: (1, 3438)
[M::mem_pestat] mean and std.dev: (574.73, 707.02)
[M::mem_pestat] low and high boundaries for proper pairs: (1, 4536)
[M::mem_pestat] analyzing insert size distribution for orientation FR...
[M::mem_pestat] (25, 50, 75) percentile: (328, 511, 538)
[M::mem_pestat] low and high boundaries for computing mean and std.dev: (1, 958)
[M::mem_pestat] mean and std.dev: (446.23, 154.01)
[M::mem_pestat] low and high boundaries for proper pairs: (1, 1168)
[M::mem_pestat] skip orientation RF as there are not enough pairs
[M::mem_pestat] analyzing insert size distribution for orientation RR...
[M::mem_pestat] (25, 50, 75) percentile: (280, 812, 1779)
[M::mem_pestat] low and high boundaries for computing mean and std.dev: (1, 4777)
[M::mem_pestat] mean and std.dev: (1055.30, 991.25)
[M::mem_pestat] low and high boundaries for proper pairs: (1, 6276)
[M::mem_pestat] skip orientation FF
[M::mem_pestat] skip orientation RR
[M::mem_process_seqs] Processed 266668 reads in 203.318 CPU sec, 50.951 real sec
[M::process] read 266668 sequences (40000200 bp)...
[M::mem_pestat] # candidate unique pairs for (FF, FR, RF, RR): (20, 2969, 3, 10)
[M::mem_pestat] analyzing insert size distribution for orientation FF...
[M::mem_pestat] (25, 50, 75) percentile: (166, 293, 1820)
[M::mem_pestat] low and high boundaries for computing mean and std.dev: (1, 5128)
[M::mem_pestat] mean and std.dev: (881.26, 1210.85)
[M::mem_pestat] low and high boundaries for proper pairs: (1, 6782)
[M::mem_pestat] analyzing insert size distribution for orientation FR...
[M::mem_pestat] (25, 50, 75) percentile: (339, 512, 538)
[M::mem_pestat] low and high boundaries for computing mean and std.dev: (1, 936)
[M::mem_pestat] mean and std.dev: (448.82, 153.39)
[M::mem_pestat] low and high boundaries for proper pairs: (1, 1135)
[M::mem_pestat] skip orientation RF as there are not enough pairs
[M::mem_pestat] analyzing insert size distribution for orientation RR...
[M::mem_pestat] (25, 50, 75) percentile: (272, 754, 1394)
[M::mem_pestat] low and high boundaries for computing mean and std.dev: (1, 3638)
[M::mem_pestat] mean and std.dev: (979.20, 782.24)
[M::mem_pestat] low and high boundaries for proper pairs: (1, 4760)
[M::mem_pestat] skip orientation FF
[M::mem_pestat] skip orientation RR
[M::mem_process_seqs] Processed 266668 reads in 204.288 CPU sec, 51.214 real sec
[M::process] read 266668 sequences (40000200 bp)...
[M::mem_pestat] # candidate unique pairs for (FF, FR, RF, RR): (17, 2938, 5, 12)
[M::mem_pestat] analyzing insert size distribution for orientation FF...
[M::mem_pestat] (25, 50, 75) percentile: (140, 193, 447)
[M::mem_pestat] low and high boundaries for computing mean and std.dev: (1, 1061)
[M::mem_pestat] mean and std.dev: (253.88, 201.29)
[M::mem_pestat] low and high boundaries for proper pairs: (1, 1368)
[M::mem_pestat] analyzing insert size distribution for orientation FR...
[M::mem_pestat] (25, 50, 75) percentile: (339, 514, 540)
[M::mem_pestat] low and high boundaries for computing mean and std.dev: (1, 942)
[M::mem_pestat] mean and std.dev: (451.35, 152.28)
[M::mem_pestat] low and high boundaries for proper pairs: (1, 1143)
[M::mem_pestat] skip orientation RF as there are not enough pairs
[M::mem_pestat] analyzing insert size distribution for orientation RR...
[M::mem_pestat] (25, 50, 75) percentile: (696, 1691, 3723)
[M::mem_pestat] low and high boundaries for computing mean and std.dev: (1, 9777)
[M::mem_pestat] mean and std.dev: (2022.25, 1668.48)
[M::mem_pestat] low and high boundaries for proper pairs: (1, 12804)
[M::mem_pestat] skip orientation FF
[M::mem_pestat] skip orientation RR
[M::mem_process_seqs] Processed 266668 reads in 204.855 CPU sec, 51.331 real sec
[M::process] read 266668 sequences (40000200 bp)...
[M::mem_pestat] # candidate unique pairs for (FF, FR, RF, RR): (11, 2890, 7, 13)
[M::mem_pestat] analyzing insert size distribution for orientation FF...
[M::mem_pestat] (25, 50, 75) percentile: (181, 310, 1225)
[M::mem_pestat] low and high boundaries for computing mean and std.dev: (1, 3313)
[M::mem_pestat] mean and std.dev: (737.50, 857.99)
[M::mem_pestat] low and high boundaries for proper pairs: (1, 4357)
[M::mem_pestat] analyzing insert size distribution for orientation FR...
[M::mem_pestat] (25, 50, 75) percentile: (323, 512, 537)
[M::mem_pestat] low and high boundaries for computing mean and std.dev: (1, 965)
[M::mem_pestat] mean and std.dev: (444.41, 155.12)
[M::mem_pestat] low and high boundaries for proper pairs: (1, 1179)
[M::mem_pestat] skip orientation RF as there are not enough pairs
[M::mem_pestat] analyzing insert size distribution for orientation RR...
[M::mem_pestat] (25, 50, 75) percentile: (290, 621, 1268)
[M::mem_pestat] low and high boundaries for computing mean and std.dev: (1, 3224)
[M::mem_pestat] mean and std.dev: (820.46, 708.67)
[M::mem_pestat] low and high boundaries for proper pairs: (1, 4202)
[M::mem_pestat] skip orientation FF
[M::mem_pestat] skip orientation RR
[M::mem_process_seqs] Processed 266668 reads in 206.776 CPU sec, 51.829 real sec
[M::process] read 266668 sequences (40000200 bp)...
[M::mem_pestat] # candidate unique pairs for (FF, FR, RF, RR): (18, 3039, 8, 11)
[M::mem_pestat] analyzing insert size distribution for orientation FF...
[M::mem_pestat] (25, 50, 75) percentile: (134, 290, 1364)
[M::mem_pestat] low and high boundaries for computing mean and std.dev: (1, 3824)
[M::mem_pestat] mean and std.dev: (708.65, 870.97)
[M::mem_pestat] low and high boundaries for proper pairs: (1, 5054)
[M::mem_pestat] analyzing insert size distribution for orientation FR...
[M::mem_pestat] (25, 50, 75) percentile: (333, 512, 537)
[M::mem_pestat] low and high boundaries for computing mean and std.dev: (1, 945)
[M::mem_pestat] mean and std.dev: (446.12, 155.13)
[M::mem_pestat] low and high boundaries for proper pairs: (1, 1149)
[M::mem_pestat] skip orientation RF as there are not enough pairs
[M::mem_pestat] analyzing insert size distribution for orientation RR...
[M::mem_pestat] (25, 50, 75) percentile: (166, 964, 2117)
[M::mem_pestat] low and high boundaries for computing mean and std.dev: (1, 6019)
[M::mem_pestat] mean and std.dev: (1259.64, 1350.79)
[M::mem_pestat] low and high boundaries for proper pairs: (1, 7970)
[M::mem_pestat] skip orientation FF
[M::mem_pestat] skip orientation RR
[M::mem_process_seqs] Processed 266668 reads in 201.336 CPU sec, 50.426 real sec
[M::process] read 266668 sequences (40000200 bp)...
[M::mem_pestat] # candidate unique pairs for (FF, FR, RF, RR): (21, 2911, 7, 22)
[M::mem_pestat] analyzing insert size distribution for orientation FF...
[M::mem_pestat] (25, 50, 75) percentile: (166, 212, 2635)
[M::mem_pestat] low and high boundaries for computing mean and std.dev: (1, 7573)
[M::mem_pestat] mean and std.dev: (1233.43, 1572.56)
[M::mem_pestat] low and high boundaries for proper pairs: (1, 10042)
[M::mem_pestat] analyzing insert size distribution for orientation FR...
[M::mem_pestat] (25, 50, 75) percentile: (330, 513, 538)
[M::mem_pestat] low and high boundaries for computing mean and std.dev: (1, 954)
[M::mem_pestat] mean and std.dev: (445.57, 155.32)
[M::mem_pestat] low and high boundaries for proper pairs: (1, 1162)
[M::mem_pestat] skip orientation RF as there are not enough pairs
[M::mem_pestat] analyzing insert size distribution for orientation RR...
[M::mem_pestat] (25, 50, 75) percentile: (268, 964, 1905)
[M::mem_pestat] low and high boundaries for computing mean and std.dev: (1, 5179)
[M::mem_pestat] mean and std.dev: (1089.67, 1110.18)
[M::mem_pestat] low and high boundaries for proper pairs: (1, 6816)
[M::mem_pestat] skip orientation FF
[M::mem_pestat] skip orientation RR
[M::mem_process_seqs] Processed 266668 reads in 203.706 CPU sec, 51.016 real sec
[M::process] read 266668 sequences (40000200 bp)...
[M::mem_pestat] # candidate unique pairs for (FF, FR, RF, RR): (25, 2998, 8, 18)
[M::mem_pestat] analyzing insert size distribution for orientation FF...
[M::mem_pestat] (25, 50, 75) percentile: (181, 239, 1036)
[M::mem_pestat] low and high boundaries for computing mean and std.dev: (1, 2746)
[M::mem_pestat] mean and std.dev: (508.59, 601.48)
[M::mem_pestat] low and high boundaries for proper pairs: (1, 3601)
[M::mem_pestat] analyzing insert size distribution for orientation FR...
[M::mem_pestat] (25, 50, 75) percentile: (339, 512, 538)
[M::mem_pestat] low and high boundaries for computing mean and std.dev: (1, 936)
[M::mem_pestat] mean and std.dev: (446.85, 153.57)
[M::mem_pestat] low and high boundaries for proper pairs: (1, 1135)
[M::mem_pestat] skip orientation RF as there are not enough pairs
[M::mem_pestat] analyzing insert size distribution for orientation RR...
[M::mem_pestat] (25, 50, 75) percentile: (186, 1032, 2043)
[M::mem_pestat] low and high boundaries for computing mean and std.dev: (1, 5757)
[M::mem_pestat] mean and std.dev: (1404.35, 1585.26)
[M::mem_pestat] low and high boundaries for proper pairs: (1, 7745)
[M::mem_pestat] skip orientation FF
[M::mem_pestat] skip orientation RR
[M::mem_process_seqs] Processed 266668 reads in 200.335 CPU sec, 50.192 real sec
[M::process] read 266668 sequences (40000200 bp)...
[M::mem_pestat] # candidate unique pairs for (FF, FR, RF, RR): (20, 2989, 3, 24)
[M::mem_pestat] analyzing insert size distribution for orientation FF...
[M::mem_pestat] (25, 50, 75) percentile: (186, 343, 1698)
[M::mem_pestat] low and high boundaries for computing mean and std.dev: (1, 4722)
[M::mem_pestat] mean and std.dev: (836.05, 898.85)
[M::mem_pestat] low and high boundaries for proper pairs: (1, 6234)
[M::mem_pestat] analyzing insert size distribution for orientation FR...
[M::mem_pestat] (25, 50, 75) percentile: (332, 511, 539)
[M::mem_pestat] low and high boundaries for computing mean and std.dev: (1, 953)
[M::mem_pestat] mean and std.dev: (446.86, 153.13)
[M::mem_pestat] low and high boundaries for proper pairs: (1, 1160)
[M::mem_pestat] skip orientation RF as there are not enough pairs
[M::mem_pestat] analyzing insert size distribution for orientation RR...
[M::mem_pestat] (25, 50, 75) percentile: (306, 984, 2022)
[M::mem_pestat] low and high boundaries for computing mean and std.dev: (1, 5454)
[M::mem_pestat] mean and std.dev: (1189.52, 1091.49)
[M::mem_pestat] low and high boundaries for proper pairs: (1, 7170)
[M::mem_pestat] skip orientation FF
[M::mem_pestat] skip orientation RR
[M::mem_process_seqs] Processed 266668 reads in 203.673 CPU sec, 51.042 real sec
[M::process] read 266668 sequences (40000200 bp)...
[M::mem_pestat] # candidate unique pairs for (FF, FR, RF, RR): (21, 2980, 9, 13)
[M::mem_pestat] analyzing insert size distribution for orientation FF...
[M::mem_pestat] (25, 50, 75) percentile: (158, 201, 2141)
[M::mem_pestat] low and high boundaries for computing mean and std.dev: (1, 6107)
[M::mem_pestat] mean and std.dev: (1233.95, 1592.87)
[M::mem_pestat] low and high boundaries for proper pairs: (1, 8090)
[M::mem_pestat] analyzing insert size distribution for orientation FR...
[M::mem_pestat] (25, 50, 75) percentile: (331, 512, 540)
[M::mem_pestat] low and high boundaries for computing mean and std.dev: (1, 958)
[M::mem_pestat] mean and std.dev: (446.14, 153.99)
[M::mem_pestat] low and high boundaries for proper pairs: (1, 1167)
[M::mem_pestat] skip orientation RF as there are not enough pairs
[M::mem_pestat] analyzing insert size distribution for orientation RR...
[M::mem_pestat] (25, 50, 75) percentile: (304, 632, 1253)
[M::mem_pestat] low and high boundaries for computing mean and std.dev: (1, 3151)
[M::mem_pestat] mean and std.dev: (705.83, 522.33)
[M::mem_pestat] low and high boundaries for proper pairs: (1, 4100)
[M::mem_pestat] skip orientation FF
[M::mem_pestat] skip orientation RR
[M::mem_process_seqs] Processed 266668 reads in 206.056 CPU sec, 51.629 real sec
[M::process] read 266668 sequences (40000200 bp)...
[M::mem_pestat] # candidate unique pairs for (FF, FR, RF, RR): (22, 2999, 9, 22)
[M::mem_pestat] analyzing insert size distribution for orientation FF...
[M::mem_pestat] (25, 50, 75) percentile: (160, 279, 1036)
[M::mem_pestat] low and high boundaries for computing mean and std.dev: (1, 2788)
[M::mem_pestat] mean and std.dev: (492.30, 481.28)
[M::mem_pestat] low and high boundaries for proper pairs: (1, 3664)
[M::mem_pestat] analyzing insert size distribution for orientation FR...
[M::mem_pestat] (25, 50, 75) percentile: (330, 513, 538)
[M::mem_pestat] low and high boundaries for computing mean and std.dev: (1, 954)
[M::mem_pestat] mean and std.dev: (446.89, 154.45)
[M::mem_pestat] low and high boundaries for proper pairs: (1, 1162)
[M::mem_pestat] skip orientation RF as there are not enough pairs
[M::mem_pestat] analyzing insert size distribution for orientation RR...
[M::mem_pestat] (25, 50, 75) percentile: (236, 606, 1179)
[M::mem_pestat] low and high boundaries for computing mean and std.dev: (1, 3065)
[M::mem_pestat] mean and std.dev: (710.33, 652.67)
[M::mem_pestat] low and high boundaries for proper pairs: (1, 4008)
[M::mem_pestat] skip orientation FF
[M::mem_pestat] skip orientation RR
[M::mem_process_seqs] Processed 266668 reads in 202.747 CPU sec, 50.789 real sec
[M::process] read 266668 sequences (40000200 bp)...
[M::mem_pestat] # candidate unique pairs for (FF, FR, RF, RR): (15, 2962, 3, 12)
[M::mem_pestat] analyzing insert size distribution for orientation FF...
[M::mem_pestat] (25, 50, 75) percentile: (189, 269, 467)
[M::mem_pestat] low and high boundaries for computing mean and std.dev: (1, 1023)
[M::mem_pestat] mean and std.dev: (273.15, 177.57)
[M::mem_pestat] low and high boundaries for proper pairs: (1, 1301)
[M::mem_pestat] analyzing insert size distribution for orientation FR...
[M::mem_pestat] (25, 50, 75) percentile: (329, 511, 536)
[M::mem_pestat] low and high boundaries for computing mean and std.dev: (1, 950)
[M::mem_pestat] mean and std.dev: (444.91, 156.65)
[M::mem_pestat] low and high boundaries for proper pairs: (1, 1157)
[M::mem_pestat] skip orientation RF as there are not enough pairs
[M::mem_pestat] analyzing insert size distribution for orientation RR...
[M::mem_pestat] (25, 50, 75) percentile: (286, 1072, 4557)
[M::mem_pestat] low and high boundaries for computing mean and std.dev: (1, 13099)
[M::mem_pestat] mean and std.dev: (2107.42, 2291.83)
[M::mem_pestat] low and high boundaries for proper pairs: (1, 17370)
[M::mem_pestat] skip orientation FF
[M::mem_pestat] skip orientation RR
[M::mem_process_seqs] Processed 266668 reads in 201.139 CPU sec, 50.385 real sec
[M::process] read 266668 sequences (40000200 bp)...
[M::mem_pestat] # candidate unique pairs for (FF, FR, RF, RR): (26, 3068, 4, 16)
[M::mem_pestat] analyzing insert size distribution for orientation FF...
[M::mem_pestat] (25, 50, 75) percentile: (150, 248, 1434)
[M::mem_pestat] low and high boundaries for computing mean and std.dev: (1, 4002)
[M::mem_pestat] mean and std.dev: (520.74, 654.53)
[M::mem_pestat] low and high boundaries for proper pairs: (1, 5286)
[M::mem_pestat] analyzing insert size distribution for orientation FR...
[M::mem_pestat] (25, 50, 75) percentile: (336, 513, 539)
[M::mem_pestat] low and high boundaries for computing mean and std.dev: (1, 945)
[M::mem_pestat] mean and std.dev: (446.79, 155.67)
[M::mem_pestat] low and high boundaries for proper pairs: (1, 1148)
[M::mem_pestat] skip orientation RF as there are not enough pairs
[M::mem_pestat] analyzing insert size distribution for orientation RR...
[M::mem_pestat] (25, 50, 75) percentile: (189, 243, 1424)
[M::mem_pestat] low and high boundaries for computing mean and std.dev: (1, 3894)
[M::mem_pestat] mean and std.dev: (813.60, 1051.09)
[M::mem_pestat] low and high boundaries for proper pairs: (1, 5129)
[M::mem_pestat] skip orientation FF
[M::mem_pestat] skip orientation RR
[M::mem_process_seqs] Processed 266668 reads in 204.429 CPU sec, 51.236 real sec
[M::process] read 266668 sequences (40000200 bp)...
[M::mem_pestat] # candidate unique pairs for (FF, FR, RF, RR): (21, 2933, 5, 18)
[M::mem_pestat] analyzing insert size distribution for orientation FF...
[M::mem_pestat] (25, 50, 75) percentile: (216, 291, 1500)
[M::mem_pestat] low and high boundaries for computing mean and std.dev: (1, 4068)
[M::mem_pestat] mean and std.dev: (881.95, 1016.43)
[M::mem_pestat] low and high boundaries for proper pairs: (1, 5352)
[M::mem_pestat] analyzing insert size distribution for orientation FR...
[M::mem_pestat] (25, 50, 75) percentile: (315, 511, 536)
[M::mem_pestat] low and high boundaries for computing mean and std.dev: (1, 978)
[M::mem_pestat] mean and std.dev: (441.39, 154.63)
[M::mem_pestat] low and high boundaries for proper pairs: (1, 1199)
[M::mem_pestat] skip orientation RF as there are not enough pairs
[M::mem_pestat] analyzing insert size distribution for orientation RR...
[M::mem_pestat] (25, 50, 75) percentile: (290, 1165, 2126)
[M::mem_pestat] low and high boundaries for computing mean and std.dev: (1, 5798)
[M::mem_pestat] mean and std.dev: (1392.61, 1159.45)
[M::mem_pestat] low and high boundaries for proper pairs: (1, 7634)
[M::mem_pestat] skip orientation FF
[M::mem_pestat] skip orientation RR
[M::mem_process_seqs] Processed 266668 reads in 205.299 CPU sec, 51.440 real sec
[M::process] read 266668 sequences (40000200 bp)...
[M::mem_pestat] # candidate unique pairs for (FF, FR, RF, RR): (19, 2977, 7, 10)
[M::mem_pestat] analyzing insert size distribution for orientation FF...
[M::mem_pestat] (25, 50, 75) percentile: (190, 310, 1232)
[M::mem_pestat] low and high boundaries for computing mean and std.dev: (1, 3316)
[M::mem_pestat] mean and std.dev: (600.82, 572.56)
[M::mem_pestat] low and high boundaries for proper pairs: (1, 4358)
[M::mem_pestat] analyzing insert size distribution for orientation FR...
[M::mem_pestat] (25, 50, 75) percentile: (344, 512, 540)
[M::mem_pestat] low and high boundaries for computing mean and std.dev: (1, 932)
[M::mem_pestat] mean and std.dev: (450.10, 151.45)
[M::mem_pestat] low and high boundaries for proper pairs: (1, 1128)
[M::mem_pestat] skip orientation RF as there are not enough pairs
[M::mem_pestat] analyzing insert size distribution for orientation RR...
[M::mem_pestat] (25, 50, 75) percentile: (254, 1212, 1284)
[M::mem_pestat] low and high boundaries for computing mean and std.dev: (1, 3344)
[M::mem_pestat] mean and std.dev: (698.12, 469.48)
[M::mem_pestat] low and high boundaries for proper pairs: (1, 4374)
[M::mem_pestat] skip orientation FF
[M::mem_pestat] skip orientation RR
[M::mem_process_seqs] Processed 266668 reads in 204.597 CPU sec, 51.261 real sec
[M::process] read 266668 sequences (40000200 bp)...
[M::mem_pestat] # candidate unique pairs for (FF, FR, RF, RR): (13, 2938, 12, 16)
[M::mem_pestat] analyzing insert size distribution for orientation FF...
[M::mem_pestat] (25, 50, 75) percentile: (164, 652, 1188)
[M::mem_pestat] low and high boundaries for computing mean and std.dev: (1, 3236)
[M::mem_pestat] mean and std.dev: (592.50, 445.78)
[M::mem_pestat] low and high boundaries for proper pairs: (1, 4260)
[M::mem_pestat] analyzing insert size distribution for orientation FR...
[M::mem_pestat] (25, 50, 75) percentile: (343, 513, 539)
[M::mem_pestat] low and high boundaries for computing mean and std.dev: (1, 931)
[M::mem_pestat] mean and std.dev: (450.91, 150.62)
[M::mem_pestat] low and high boundaries for proper pairs: (1, 1127)
[M::mem_pestat] analyzing insert size distribution for orientation RF...
[M::mem_pestat] (25, 50, 75) percentile: (711, 994, 2118)
[M::mem_pestat] low and high boundaries for computing mean and std.dev: (1, 4932)
[M::mem_pestat] mean and std.dev: (1436.67, 1173.37)
[M::mem_pestat] low and high boundaries for proper pairs: (1, 6339)
[M::mem_pestat] analyzing insert size distribution for orientation RR...
[M::mem_pestat] (25, 50, 75) percentile: (240, 1011, 1996)
[M::mem_pestat] low and high boundaries for computing mean and std.dev: (1, 5508)
[M::mem_pestat] mean and std.dev: (1250.62, 1216.73)
[M::mem_pestat] low and high boundaries for proper pairs: (1, 7264)
[M::mem_pestat] skip orientation FF
[M::mem_pestat] skip orientation RF
[M::mem_pestat] skip orientation RR
[M::mem_process_seqs] Processed 266668 reads in 204.185 CPU sec, 51.185 real sec
[M::process] read 266668 sequences (40000200 bp)...
[M::mem_pestat] # candidate unique pairs for (FF, FR, RF, RR): (14, 2979, 5, 11)
[M::mem_pestat] analyzing insert size distribution for orientation FF...
[M::mem_pestat] (25, 50, 75) percentile: (143, 216, 250)
[M::mem_pestat] low and high boundaries for computing mean and std.dev: (1, 464)
[M::mem_pestat] mean and std.dev: (183.58, 54.70)
[M::mem_pestat] low and high boundaries for proper pairs: (1, 571)
[M::mem_pestat] analyzing insert size distribution for orientation FR...
[M::mem_pestat] (25, 50, 75) percentile: (332, 512, 537)
[M::mem_pestat] low and high boundaries for computing mean and std.dev: (1, 947)
[M::mem_pestat] mean and std.dev: (446.95, 155.13)
[M::mem_pestat] low and high boundaries for proper pairs: (1, 1152)
[M::mem_pestat] skip orientation RF as there are not enough pairs
[M::mem_pestat] analyzing insert size distribution for orientation RR...
[M::mem_pestat] (25, 50, 75) percentile: (278, 1548, 2016)
[M::mem_pestat] low and high boundaries for computing mean and std.dev: (1, 5492)
[M::mem_pestat] mean and std.dev: (1248.80, 1144.12)
[M::mem_pestat] low and high boundaries for proper pairs: (1, 7230)
[M::mem_pestat] skip orientation FF
[M::mem_pestat] skip orientation RR
[M::mem_process_seqs] Processed 266668 reads in 198.674 CPU sec, 49.751 real sec
[M::process] read 266668 sequences (40000200 bp)...
[M::mem_pestat] # candidate unique pairs for (FF, FR, RF, RR): (21, 2929, 4, 17)
[M::mem_pestat] analyzing insert size distribution for orientation FF...
[M::mem_pestat] (25, 50, 75) percentile: (179, 212, 577)
[M::mem_pestat] low and high boundaries for computing mean and std.dev: (1, 1373)
[M::mem_pestat] mean and std.dev: (267.56, 248.94)
[M::mem_pestat] low and high boundaries for proper pairs: (1, 1771)
[M::mem_pestat] analyzing insert size distribution for orientation FR...
[M::mem_pestat] (25, 50, 75) percentile: (325, 512, 537)
[M::mem_pestat] low and high boundaries for computing mean and std.dev: (1, 961)
[M::mem_pestat] mean and std.dev: (446.09, 156.02)
[M::mem_pestat] low and high boundaries for proper pairs: (1, 1173)
[M::mem_pestat] skip orientation RF as there are not enough pairs
[M::mem_pestat] analyzing insert size distribution for orientation RR...
[M::mem_pestat] (25, 50, 75) percentile: (189, 1158, 2083)
[M::mem_pestat] low and high boundaries for computing mean and std.dev: (1, 5871)
[M::mem_pestat] mean and std.dev: (1244.12, 1049.78)
[M::mem_pestat] low and high boundaries for proper pairs: (1, 7765)
[M::mem_pestat] skip orientation FF
[M::mem_pestat] skip orientation RR
[M::mem_process_seqs] Processed 266668 reads in 201.167 CPU sec, 50.379 real sec
[M::process] read 266668 sequences (40000200 bp)...
[M::mem_pestat] # candidate unique pairs for (FF, FR, RF, RR): (15, 2854, 3, 11)
[M::mem_pestat] analyzing insert size distribution for orientation FF...
[M::mem_pestat] (25, 50, 75) percentile: (315, 1060, 1543)
[M::mem_pestat] low and high boundaries for computing mean and std.dev: (1, 3999)
[M::mem_pestat] mean and std.dev: (1138.07, 962.95)
[M::mem_pestat] low and high boundaries for proper pairs: (1, 5227)
[M::mem_pestat] analyzing insert size distribution for orientation FR...
[M::mem_pestat] (25, 50, 75) percentile: (336, 512, 536)
[M::mem_pestat] low and high boundaries for computing mean and std.dev: (1, 936)
[M::mem_pestat] mean and std.dev: (446.66, 153.68)
[M::mem_pestat] low and high boundaries for proper pairs: (1, 1136)
[M::mem_pestat] skip orientation RF as there are not enough pairs
[M::mem_pestat] analyzing insert size distribution for orientation RR...
[M::mem_pestat] (25, 50, 75) percentile: (257, 1023, 1346)
[M::mem_pestat] low and high boundaries for computing mean and std.dev: (1, 3524)
[M::mem_pestat] mean and std.dev: (897.40, 887.92)
[M::mem_pestat] low and high boundaries for proper pairs: (1, 4613)
[M::mem_pestat] skip orientation FF
[M::mem_pestat] skip orientation RR
[M::mem_process_seqs] Processed 266668 reads in 202.555 CPU sec, 50.751 real sec
[M::process] read 266668 sequences (40000200 bp)...
[M::mem_pestat] # candidate unique pairs for (FF, FR, RF, RR): (23, 2970, 3, 12)
[M::mem_pestat] analyzing insert size distribution for orientation FF...
[M::mem_pestat] (25, 50, 75) percentile: (155, 528, 1708)
[M::mem_pestat] low and high boundaries for computing mean and std.dev: (1, 4814)
[M::mem_pestat] mean and std.dev: (828.60, 869.87)
[M::mem_pestat] low and high boundaries for proper pairs: (1, 6367)
[M::mem_pestat] analyzing insert size distribution for orientation FR...
[M::mem_pestat] (25, 50, 75) percentile: (329, 512, 537)
[M::mem_pestat] low and high boundaries for computing mean and std.dev: (1, 953)
[M::mem_pestat] mean and std.dev: (446.49, 153.12)
[M::mem_pestat] low and high boundaries for proper pairs: (1, 1161)
[M::mem_pestat] skip orientation RF as there are not enough pairs
[M::mem_pestat] analyzing insert size distribution for orientation RR...
[M::mem_pestat] (25, 50, 75) percentile: (555, 1098, 1810)
[M::mem_pestat] low and high boundaries for computing mean and std.dev: (1, 4320)
[M::mem_pestat] mean and std.dev: (1325.58, 1146.11)
[M::mem_pestat] low and high boundaries for proper pairs: (1, 5910)
[M::mem_pestat] skip orientation FF
[M::mem_pestat] skip orientation RR
[M::mem_process_seqs] Processed 266668 reads in 199.936 CPU sec, 50.073 real sec
[M::process] read 266668 sequences (40000200 bp)...
[M::mem_pestat] # candidate unique pairs for (FF, FR, RF, RR): (23, 2883, 5, 11)
[M::mem_pestat] analyzing insert size distribution for orientation FF...
[M::mem_pestat] (25, 50, 75) percentile: (149, 304, 846)
[M::mem_pestat] low and high boundaries for computing mean and std.dev: (1, 2240)
[M::mem_pestat] mean and std.dev: (453.71, 409.09)
[M::mem_pestat] low and high boundaries for proper pairs: (1, 2937)
[M::mem_pestat] analyzing insert size distribution for orientation FR...
[M::mem_pestat] (25, 50, 75) percentile: (324, 512, 538)
[M::mem_pestat] low and high boundaries for computing mean and std.dev: (1, 966)
[M::mem_pestat] mean and std.dev: (447.11, 155.03)
[M::mem_pestat] low and high boundaries for proper pairs: (1, 1180)
[M::mem_pestat] skip orientation RF as there are not enough pairs
[M::mem_pestat] analyzing insert size distribution for orientation RR...
[M::mem_pestat] (25, 50, 75) percentile: (294, 1098, 1400)
[M::mem_pestat] low and high boundaries for computing mean and std.dev: (1, 3612)
[M::mem_pestat] mean and std.dev: (978.55, 737.52)
[M::mem_pestat] low and high boundaries for proper pairs: (1, 4718)
[M::mem_pestat] skip orientation FF
[M::mem_pestat] skip orientation RR
[M::mem_process_seqs] Processed 266668 reads in 204.423 CPU sec, 51.201 real sec
[M::process] read 266668 sequences (40000200 bp)...
[M::mem_pestat] # candidate unique pairs for (FF, FR, RF, RR): (12, 2986, 4, 17)
[M::mem_pestat] analyzing insert size distribution for orientation FF...
[M::mem_pestat] (25, 50, 75) percentile: (111, 176, 404)
[M::mem_pestat] low and high boundaries for computing mean and std.dev: (1, 990)
[M::mem_pestat] mean and std.dev: (175.80, 99.76)
[M::mem_pestat] low and high boundaries for proper pairs: (1, 1283)
[M::mem_pestat] analyzing insert size distribution for orientation FR...
[M::mem_pestat] (25, 50, 75) percentile: (330, 512, 539)
[M::mem_pestat] low and high boundaries for computing mean and std.dev: (1, 957)
[M::mem_pestat] mean and std.dev: (448.02, 154.87)
[M::mem_pestat] low and high boundaries for proper pairs: (1, 1166)
[M::mem_pestat] skip orientation RF as there are not enough pairs
[M::mem_pestat] analyzing insert size distribution for orientation RR...
[M::mem_pestat] (25, 50, 75) percentile: (700, 858, 4371)
[M::mem_pestat] low and high boundaries for computing mean and std.dev: (1, 11713)
[M::mem_pestat] mean and std.dev: (1950.76, 2124.41)
[M::mem_pestat] low and high boundaries for proper pairs: (1, 15384)
[M::mem_pestat] skip orientation FF
[M::mem_pestat] skip orientation RR
[M::mem_process_seqs] Processed 266668 reads in 202.177 CPU sec, 50.629 real sec
[M::process] read 266668 sequences (40000200 bp)...
[M::mem_pestat] # candidate unique pairs for (FF, FR, RF, RR): (23, 3044, 7, 11)
[M::mem_pestat] analyzing insert size distribution for orientation FF...
[M::mem_pestat] (25, 50, 75) percentile: (143, 286, 1118)
[M::mem_pestat] low and high boundaries for computing mean and std.dev: (1, 3068)
[M::mem_pestat] mean and std.dev: (717.52, 737.25)
[M::mem_pestat] low and high boundaries for proper pairs: (1, 4043)
[M::mem_pestat] analyzing insert size distribution for orientation FR...
[M::mem_pestat] (25, 50, 75) percentile: (312, 511, 536)
[M::mem_pestat] low and high boundaries for computing mean and std.dev: (1, 984)
[M::mem_pestat] mean and std.dev: (441.11, 156.77)
[M::mem_pestat] low and high boundaries for proper pairs: (1, 1208)
[M::mem_pestat] skip orientation RF as there are not enough pairs
[M::mem_pestat] analyzing insert size distribution for orientation RR...
[M::mem_pestat] (25, 50, 75) percentile: (305, 944, 3008)
[M::mem_pestat] low and high boundaries for computing mean and std.dev: (1, 8414)
[M::mem_pestat] mean and std.dev: (1646.73, 1813.97)
[M::mem_pestat] low and high boundaries for proper pairs: (1, 11117)
[M::mem_pestat] skip orientation FF
[M::mem_pestat] skip orientation RR
[M::mem_process_seqs] Processed 266668 reads in 207.099 CPU sec, 51.874 real sec
[M::process] read 31936 sequences (4790400 bp)...
[M::mem_pestat] # candidate unique pairs for (FF, FR, RF, RR): (15, 2967, 11, 17)
[M::mem_pestat] analyzing insert size distribution for orientation FF...
[M::mem_pestat] (25, 50, 75) percentile: (141, 175, 1132)
[M::mem_pestat] low and high boundaries for computing mean and std.dev: (1, 3114)
[M::mem_pestat] mean and std.dev: (644.07, 811.84)
[M::mem_pestat] low and high boundaries for proper pairs: (1, 4105)
[M::mem_pestat] analyzing insert size distribution for orientation FR...
[M::mem_pestat] (25, 50, 75) percentile: (332, 512, 537)
[M::mem_pestat] low and high boundaries for computing mean and std.dev: (1, 947)
[M::mem_pestat] mean and std.dev: (447.42, 153.04)
[M::mem_pestat] low and high boundaries for proper pairs: (1, 1152)
[M::mem_pestat] analyzing insert size distribution for orientation RF...
[M::mem_pestat] (25, 50, 75) percentile: (1819, 2100, 3046)
[M::mem_pestat] low and high boundaries for computing mean and std.dev: (1, 5500)
[M::mem_pestat] mean and std.dev: (2137.30, 1154.42)
[M::mem_pestat] low and high boundaries for proper pairs: (1, 6755)
[M::mem_pestat] analyzing insert size distribution for orientation RR...
[M::mem_pestat] (25, 50, 75) percentile: (696, 1537, 2474)
[M::mem_pestat] low and high boundaries for computing mean and std.dev: (1, 6030)
[M::mem_pestat] mean and std.dev: (1567.71, 1089.71)
[M::mem_pestat] low and high boundaries for proper pairs: (1, 7808)
[M::mem_pestat] skip orientation FF
[M::mem_pestat] skip orientation RF
[M::mem_pestat] skip orientation RR
[M::mem_process_seqs] Processed 266668 reads in 198.728 CPU sec, 49.775 real sec
[M::mem_pestat] # candidate unique pairs for (FF, FR, RF, RR): (2, 343, 1, 3)
[M::mem_pestat] skip orientation FF as there are not enough pairs
[M::mem_pestat] analyzing insert size distribution for orientation FR...
[M::mem_pestat] (25, 50, 75) percentile: (323, 513, 533)
[M::mem_pestat] low and high boundaries for computing mean and std.dev: (1, 953)
[M::mem_pestat] mean and std.dev: (442.97, 153.69)
[M::mem_pestat] low and high boundaries for proper pairs: (1, 1163)
[M::mem_pestat] skip orientation RF as there are not enough pairs
[M::mem_pestat] skip orientation RR as there are not enough pairs
[M::mem_process_seqs] Processed 31936 reads in 26.480 CPU sec, 6.645 real sec
[main] Version: 0.7.17-r1188
[main] CMD: bwa mem -t 4 -a /mnt/raid6/bacphagenetwork/data/bwa_index/Homo_sapiens.GRCh38.dna.toplevel.fa /mnt/raid6/bacphagenetwork/data/skin_metagenome/Beijing/02_rm_host/BJ160_1.fastq.gz /mnt/raid6/bacphagenetwork/data/skin_metagenome/Beijing/02_rm_host/BJ160_2.fastq.gz
[main] Real time: 2504.351 sec; CPU: 9977.012 sec
