[M::bwa_idx_load_from_disk] read 0 ALT contigs
[M::process] read 266668 sequences (40000200 bp)...
[M::process] read 266668 sequences (40000200 bp)...
[M::mem_pestat] # candidate unique pairs for (FF, FR, RF, RR): (39, 18200, 12, 21)
[M::mem_pestat] analyzing insert size distribution for orientation FF...
[M::mem_pestat] (25, 50, 75) percentile: (147, 179, 291)
[M::mem_pestat] low and high boundaries for computing mean and std.dev: (1, 579)
[M::mem_pestat] mean and std.dev: (180.53, 65.12)
[M::mem_pestat] low and high boundaries for proper pairs: (1, 723)
[M::mem_pestat] analyzing insert size distribution for orientation FR...
[M::mem_pestat] (25, 50, 75) percentile: (507, 524, 553)
[M::mem_pestat] low and high boundaries for computing mean and std.dev: (415, 645)
[M::mem_pestat] mean and std.dev: (536.20, 32.65)
[M::mem_pestat] low and high boundaries for proper pairs: (369, 691)
[M::mem_pestat] analyzing insert size distribution for orientation RF...
[M::mem_pestat] (25, 50, 75) percentile: (190, 1581, 3965)
[M::mem_pestat] low and high boundaries for computing mean and std.dev: (1, 11515)
[M::mem_pestat] mean and std.dev: (2488.17, 3017.36)
[M::mem_pestat] low and high boundaries for proper pairs: (1, 15290)
[M::mem_pestat] analyzing insert size distribution for orientation RR...
[M::mem_pestat] (25, 50, 75) percentile: (218, 914, 1930)
[M::mem_pestat] low and high boundaries for computing mean and std.dev: (1, 5354)
[M::mem_pestat] mean and std.dev: (1076.71, 960.12)
[M::mem_pestat] low and high boundaries for proper pairs: (1, 7066)
[M::mem_pestat] skip orientation FF
[M::mem_pestat] skip orientation RF
[M::mem_pestat] skip orientation RR
[M::mem_process_seqs] Processed 266668 reads in 256.568 CPU sec, 65.059 real sec
[M::process] read 266668 sequences (40000200 bp)...
[M::mem_pestat] # candidate unique pairs for (FF, FR, RF, RR): (54, 17262, 15, 17)
[M::mem_pestat] analyzing insert size distribution for orientation FF...
[M::mem_pestat] (25, 50, 75) percentile: (129, 189, 352)
[M::mem_pestat] low and high boundaries for computing mean and std.dev: (1, 798)
[M::mem_pestat] mean and std.dev: (205.27, 134.58)
[M::mem_pestat] low and high boundaries for proper pairs: (1, 1021)
[M::mem_pestat] analyzing insert size distribution for orientation FR...
[M::mem_pestat] (25, 50, 75) percentile: (507, 523, 551)
[M::mem_pestat] low and high boundaries for computing mean and std.dev: (419, 639)
[M::mem_pestat] mean and std.dev: (535.36, 31.77)
[M::mem_pestat] low and high boundaries for proper pairs: (375, 683)
[M::mem_pestat] analyzing insert size distribution for orientation RF...
[M::mem_pestat] (25, 50, 75) percentile: (660, 1945, 2671)
[M::mem_pestat] low and high boundaries for computing mean and std.dev: (1, 6693)
[M::mem_pestat] mean and std.dev: (1560.46, 1324.56)
[M::mem_pestat] low and high boundaries for proper pairs: (1, 8704)
[M::mem_pestat] analyzing insert size distribution for orientation RR...
[M::mem_pestat] (25, 50, 75) percentile: (197, 818, 2012)
[M::mem_pestat] low and high boundaries for computing mean and std.dev: (1, 5642)
[M::mem_pestat] mean and std.dev: (1231.24, 1211.51)
[M::mem_pestat] low and high boundaries for proper pairs: (1, 7457)
[M::mem_pestat] skip orientation FF
[M::mem_pestat] skip orientation RF
[M::mem_pestat] skip orientation RR
[M::mem_process_seqs] Processed 266668 reads in 263.323 CPU sec, 66.372 real sec
[M::process] read 266668 sequences (40000200 bp)...
[M::mem_pestat] # candidate unique pairs for (FF, FR, RF, RR): (43, 17900, 12, 20)
[M::mem_pestat] analyzing insert size distribution for orientation FF...
[M::mem_pestat] (25, 50, 75) percentile: (104, 182, 274)
[M::mem_pestat] low and high boundaries for computing mean and std.dev: (1, 614)
[M::mem_pestat] mean and std.dev: (176.38, 120.93)
[M::mem_pestat] low and high boundaries for proper pairs: (1, 784)
[M::mem_pestat] analyzing insert size distribution for orientation FR...
[M::mem_pestat] (25, 50, 75) percentile: (507, 523, 552)
[M::mem_pestat] low and high boundaries for computing mean and std.dev: (417, 642)
[M::mem_pestat] mean and std.dev: (535.35, 32.16)
[M::mem_pestat] low and high boundaries for proper pairs: (372, 687)
[M::mem_pestat] analyzing insert size distribution for orientation RF...
[M::mem_pestat] (25, 50, 75) percentile: (181, 378, 935)
[M::mem_pestat] low and high boundaries for computing mean and std.dev: (1, 2443)
[M::mem_pestat] mean and std.dev: (367.00, 303.34)
[M::mem_pestat] low and high boundaries for proper pairs: (1, 3197)
[M::mem_pestat] analyzing insert size distribution for orientation RR...
[M::mem_pestat] (25, 50, 75) percentile: (713, 1059, 2159)
[M::mem_pestat] low and high boundaries for computing mean and std.dev: (1, 5051)
[M::mem_pestat] mean and std.dev: (1475.95, 1363.20)
[M::mem_pestat] low and high boundaries for proper pairs: (1, 6929)
[M::mem_pestat] skip orientation FF
[M::mem_pestat] skip orientation RF
[M::mem_pestat] skip orientation RR
[M::mem_process_seqs] Processed 266668 reads in 262.816 CPU sec, 66.704 real sec
[M::process] read 266668 sequences (40000200 bp)...
[M::mem_pestat] # candidate unique pairs for (FF, FR, RF, RR): (59, 17644, 14, 21)
[M::mem_pestat] analyzing insert size distribution for orientation FF...
[M::mem_pestat] (25, 50, 75) percentile: (159, 222, 311)
[M::mem_pestat] low and high boundaries for computing mean and std.dev: (1, 615)
[M::mem_pestat] mean and std.dev: (208.78, 103.52)
[M::mem_pestat] low and high boundaries for proper pairs: (1, 767)
[M::mem_pestat] analyzing insert size distribution for orientation FR...
[M::mem_pestat] (25, 50, 75) percentile: (507, 524, 552)
[M::mem_pestat] low and high boundaries for computing mean and std.dev: (417, 642)
[M::mem_pestat] mean and std.dev: (535.60, 32.06)
[M::mem_pestat] low and high boundaries for proper pairs: (372, 687)
[M::mem_pestat] analyzing insert size distribution for orientation RF...
[M::mem_pestat] (25, 50, 75) percentile: (197, 622, 3214)
[M::mem_pestat] low and high boundaries for computing mean and std.dev: (1, 9248)
[M::mem_pestat] mean and std.dev: (1713.93, 2343.52)
[M::mem_pestat] low and high boundaries for proper pairs: (1, 12265)
[M::mem_pestat] analyzing insert size distribution for orientation RR...
[M::mem_pestat] (25, 50, 75) percentile: (891, 1200, 1936)
[M::mem_pestat] low and high boundaries for computing mean and std.dev: (1, 4026)
[M::mem_pestat] mean and std.dev: (1203.25, 770.22)
[M::mem_pestat] low and high boundaries for proper pairs: (1, 5071)
[M::mem_pestat] skip orientation FF
[M::mem_pestat] skip orientation RF
[M::mem_pestat] skip orientation RR
[M::mem_process_seqs] Processed 266668 reads in 266.270 CPU sec, 67.502 real sec
[M::process] read 266668 sequences (40000200 bp)...
[M::mem_pestat] # candidate unique pairs for (FF, FR, RF, RR): (60, 17307, 11, 21)
[M::mem_pestat] analyzing insert size distribution for orientation FF...
[M::mem_pestat] (25, 50, 75) percentile: (125, 215, 921)
[M::mem_pestat] low and high boundaries for computing mean and std.dev: (1, 2513)
[M::mem_pestat] mean and std.dev: (450.84, 499.88)
[M::mem_pestat] low and high boundaries for proper pairs: (1, 3309)
[M::mem_pestat] analyzing insert size distribution for orientation FR...
[M::mem_pestat] (25, 50, 75) percentile: (506, 523, 552)
[M::mem_pestat] low and high boundaries for computing mean and std.dev: (414, 644)
[M::mem_pestat] mean and std.dev: (535.72, 32.48)
[M::mem_pestat] low and high boundaries for proper pairs: (368, 690)
[M::mem_pestat] analyzing insert size distribution for orientation RF...
[M::mem_pestat] (25, 50, 75) percentile: (403, 529, 1289)
[M::mem_pestat] low and high boundaries for computing mean and std.dev: (1, 3061)
[M::mem_pestat] mean and std.dev: (747.27, 741.46)
[M::mem_pestat] low and high boundaries for proper pairs: (1, 3947)
[M::mem_pestat] analyzing insert size distribution for orientation RR...
[M::mem_pestat] (25, 50, 75) percentile: (448, 1016, 2424)
[M::mem_pestat] low and high boundaries for computing mean and std.dev: (1, 6376)
[M::mem_pestat] mean and std.dev: (1313.60, 1125.58)
[M::mem_pestat] low and high boundaries for proper pairs: (1, 8352)
[M::mem_pestat] skip orientation FF
[M::mem_pestat] skip orientation RF
[M::mem_pestat] skip orientation RR
[M::mem_process_seqs] Processed 266668 reads in 266.253 CPU sec, 67.443 real sec
[M::process] read 266668 sequences (40000200 bp)...
[M::mem_pestat] # candidate unique pairs for (FF, FR, RF, RR): (50, 17776, 15, 15)
[M::mem_pestat] analyzing insert size distribution for orientation FF...
[M::mem_pestat] (25, 50, 75) percentile: (131, 200, 868)
[M::mem_pestat] low and high boundaries for computing mean and std.dev: (1, 2342)
[M::mem_pestat] mean and std.dev: (370.31, 426.02)
[M::mem_pestat] low and high boundaries for proper pairs: (1, 3079)
[M::mem_pestat] analyzing insert size distribution for orientation FR...
[M::mem_pestat] (25, 50, 75) percentile: (507, 524, 554)
[M::mem_pestat] low and high boundaries for computing mean and std.dev: (413, 648)
[M::mem_pestat] mean and std.dev: (536.77, 33.13)
[M::mem_pestat] low and high boundaries for proper pairs: (366, 695)
[M::mem_pestat] analyzing insert size distribution for orientation RF...
[M::mem_pestat] (25, 50, 75) percentile: (391, 468, 3202)
[M::mem_pestat] low and high boundaries for computing mean and std.dev: (1, 8824)
[M::mem_pestat] mean and std.dev: (1617.67, 1535.18)
[M::mem_pestat] low and high boundaries for proper pairs: (1, 11635)
[M::mem_pestat] analyzing insert size distribution for orientation RR...
[M::mem_pestat] (25, 50, 75) percentile: (139, 1193, 1939)
[M::mem_pestat] low and high boundaries for computing mean and std.dev: (1, 5539)
[M::mem_pestat] mean and std.dev: (1217.36, 1171.08)
[M::mem_pestat] low and high boundaries for proper pairs: (1, 7339)
[M::mem_pestat] skip orientation FF
[M::mem_pestat] skip orientation RF
[M::mem_pestat] skip orientation RR
[M::mem_process_seqs] Processed 266668 reads in 261.826 CPU sec, 65.704 real sec
[M::process] read 266668 sequences (40000200 bp)...
[M::mem_pestat] # candidate unique pairs for (FF, FR, RF, RR): (39, 17631, 15, 21)
[M::mem_pestat] analyzing insert size distribution for orientation FF...
[M::mem_pestat] (25, 50, 75) percentile: (140, 203, 378)
[M::mem_pestat] low and high boundaries for computing mean and std.dev: (1, 854)
[M::mem_pestat] mean and std.dev: (232.58, 177.62)
[M::mem_pestat] low and high boundaries for proper pairs: (1, 1092)
[M::mem_pestat] analyzing insert size distribution for orientation FR...
[M::mem_pestat] (25, 50, 75) percentile: (507, 524, 553)
[M::mem_pestat] low and high boundaries for computing mean and std.dev: (415, 645)
[M::mem_pestat] mean and std.dev: (536.21, 33.21)
[M::mem_pestat] low and high boundaries for proper pairs: (369, 691)
[M::mem_pestat] analyzing insert size distribution for orientation RF...
[M::mem_pestat] (25, 50, 75) percentile: (147, 609, 3623)
[M::mem_pestat] low and high boundaries for computing mean and std.dev: (1, 10575)
[M::mem_pestat] mean and std.dev: (1845.20, 2323.88)
[M::mem_pestat] low and high boundaries for proper pairs: (1, 14051)
[M::mem_pestat] analyzing insert size distribution for orientation RR...
[M::mem_pestat] (25, 50, 75) percentile: (230, 514, 1352)
[M::mem_pestat] low and high boundaries for computing mean and std.dev: (1, 3596)
[M::mem_pestat] mean and std.dev: (794.90, 704.78)
[M::mem_pestat] low and high boundaries for proper pairs: (1, 4718)
[M::mem_pestat] skip orientation FF
[M::mem_pestat] skip orientation RF
[M::mem_pestat] skip orientation RR
[M::mem_process_seqs] Processed 266668 reads in 261.059 CPU sec, 65.509 real sec
[M::process] read 266668 sequences (40000200 bp)...
[M::mem_pestat] # candidate unique pairs for (FF, FR, RF, RR): (56, 17990, 10, 19)
[M::mem_pestat] analyzing insert size distribution for orientation FF...
[M::mem_pestat] (25, 50, 75) percentile: (183, 235, 313)
[M::mem_pestat] low and high boundaries for computing mean and std.dev: (1, 573)
[M::mem_pestat] mean and std.dev: (196.19, 71.74)
[M::mem_pestat] low and high boundaries for proper pairs: (1, 703)
[M::mem_pestat] analyzing insert size distribution for orientation FR...
[M::mem_pestat] (25, 50, 75) percentile: (507, 525, 553)
[M::mem_pestat] low and high boundaries for computing mean and std.dev: (415, 645)
[M::mem_pestat] mean and std.dev: (536.38, 32.56)
[M::mem_pestat] low and high boundaries for proper pairs: (369, 691)
[M::mem_pestat] analyzing insert size distribution for orientation RF...
[M::mem_pestat] (25, 50, 75) percentile: (131, 438, 1121)
[M::mem_pestat] low and high boundaries for computing mean and std.dev: (1, 3101)
[M::mem_pestat] mean and std.dev: (549.89, 579.07)
[M::mem_pestat] low and high boundaries for proper pairs: (1, 4091)
[M::mem_pestat] analyzing insert size distribution for orientation RR...
[M::mem_pestat] (25, 50, 75) percentile: (446, 1091, 2057)
[M::mem_pestat] low and high boundaries for computing mean and std.dev: (1, 5279)
[M::mem_pestat] mean and std.dev: (1148.00, 999.93)
[M::mem_pestat] low and high boundaries for proper pairs: (1, 6890)
[M::mem_pestat] skip orientation FF
[M::mem_pestat] skip orientation RF
[M::mem_pestat] skip orientation RR
[M::mem_process_seqs] Processed 266668 reads in 261.916 CPU sec, 65.794 real sec
[M::process] read 266668 sequences (40000200 bp)...
[M::mem_pestat] # candidate unique pairs for (FF, FR, RF, RR): (50, 17828, 16, 22)
[M::mem_pestat] analyzing insert size distribution for orientation FF...
[M::mem_pestat] (25, 50, 75) percentile: (126, 199, 296)
[M::mem_pestat] low and high boundaries for computing mean and std.dev: (1, 636)
[M::mem_pestat] mean and std.dev: (181.68, 87.09)
[M::mem_pestat] low and high boundaries for proper pairs: (1, 806)
[M::mem_pestat] analyzing insert size distribution for orientation FR...
[M::mem_pestat] (25, 50, 75) percentile: (507, 524, 554)
[M::mem_pestat] low and high boundaries for computing mean and std.dev: (413, 648)
[M::mem_pestat] mean and std.dev: (536.96, 33.45)
[M::mem_pestat] low and high boundaries for proper pairs: (366, 695)
[M::mem_pestat] analyzing insert size distribution for orientation RF...
[M::mem_pestat] (25, 50, 75) percentile: (994, 1607, 3609)
[M::mem_pestat] low and high boundaries for computing mean and std.dev: (1, 8839)
[M::mem_pestat] mean and std.dev: (2206.38, 1751.91)
[M::mem_pestat] low and high boundaries for proper pairs: (1, 11454)
[M::mem_pestat] analyzing insert size distribution for orientation RR...
[M::mem_pestat] (25, 50, 75) percentile: (224, 980, 2042)
[M::mem_pestat] low and high boundaries for computing mean and std.dev: (1, 5678)
[M::mem_pestat] mean and std.dev: (1491.27, 1566.32)
[M::mem_pestat] low and high boundaries for proper pairs: (1, 7757)
[M::mem_pestat] skip orientation FF
[M::mem_pestat] skip orientation RF
[M::mem_pestat] skip orientation RR
[M::mem_process_seqs] Processed 266668 reads in 260.060 CPU sec, 65.215 real sec
[M::process] read 266668 sequences (40000200 bp)...
[M::mem_pestat] # candidate unique pairs for (FF, FR, RF, RR): (50, 17991, 12, 24)
[M::mem_pestat] analyzing insert size distribution for orientation FF...
[M::mem_pestat] (25, 50, 75) percentile: (159, 217, 819)
[M::mem_pestat] low and high boundaries for computing mean and std.dev: (1, 2139)
[M::mem_pestat] mean and std.dev: (401.44, 447.98)
[M::mem_pestat] low and high boundaries for proper pairs: (1, 2799)
[M::mem_pestat] analyzing insert size distribution for orientation FR...
[M::mem_pestat] (25, 50, 75) percentile: (507, 524, 554)
[M::mem_pestat] low and high boundaries for computing mean and std.dev: (413, 648)
[M::mem_pestat] mean and std.dev: (536.65, 33.21)
[M::mem_pestat] low and high boundaries for proper pairs: (366, 695)
[M::mem_pestat] analyzing insert size distribution for orientation RF...
[M::mem_pestat] (25, 50, 75) percentile: (453, 1167, 3469)
[M::mem_pestat] low and high boundaries for computing mean and std.dev: (1, 9501)
[M::mem_pestat] mean and std.dev: (1952.25, 1799.97)
[M::mem_pestat] low and high boundaries for proper pairs: (1, 12517)
[M::mem_pestat] analyzing insert size distribution for orientation RR...
[M::mem_pestat] (25, 50, 75) percentile: (274, 661, 1086)
[M::mem_pestat] low and high boundaries for computing mean and std.dev: (1, 2710)
[M::mem_pestat] mean and std.dev: (691.87, 569.98)
[M::mem_pestat] low and high boundaries for proper pairs: (1, 3522)
[M::mem_pestat] skip orientation FF
[M::mem_pestat] skip orientation RF
[M::mem_pestat] skip orientation RR
[M::mem_process_seqs] Processed 266668 reads in 259.588 CPU sec, 65.068 real sec
[M::process] read 266668 sequences (40000200 bp)...
[M::mem_pestat] # candidate unique pairs for (FF, FR, RF, RR): (50, 17672, 15, 27)
[M::mem_pestat] analyzing insert size distribution for orientation FF...
[M::mem_pestat] (25, 50, 75) percentile: (126, 208, 803)
[M::mem_pestat] low and high boundaries for computing mean and std.dev: (1, 2157)
[M::mem_pestat] mean and std.dev: (347.77, 402.94)
[M::mem_pestat] low and high boundaries for proper pairs: (1, 2834)
[M::mem_pestat] analyzing insert size distribution for orientation FR...
[M::mem_pestat] (25, 50, 75) percentile: (507, 524, 553)
[M::mem_pestat] low and high boundaries for computing mean and std.dev: (415, 645)
[M::mem_pestat] mean and std.dev: (536.00, 32.26)
[M::mem_pestat] low and high boundaries for proper pairs: (369, 691)
[M::mem_pestat] analyzing insert size distribution for orientation RF...
[M::mem_pestat] (25, 50, 75) percentile: (137, 483, 1041)
[M::mem_pestat] low and high boundaries for computing mean and std.dev: (1, 2849)
[M::mem_pestat] mean and std.dev: (654.53, 655.40)
[M::mem_pestat] low and high boundaries for proper pairs: (1, 3753)
[M::mem_pestat] analyzing insert size distribution for orientation RR...
[M::mem_pestat] (25, 50, 75) percentile: (261, 716, 1499)
[M::mem_pestat] low and high boundaries for computing mean and std.dev: (1, 3975)
[M::mem_pestat] mean and std.dev: (947.85, 852.88)
[M::mem_pestat] low and high boundaries for proper pairs: (1, 5213)
[M::mem_pestat] skip orientation FF
[M::mem_pestat] skip orientation RF
[M::mem_pestat] skip orientation RR
[M::mem_process_seqs] Processed 266668 reads in 261.266 CPU sec, 65.612 real sec
[M::process] read 266668 sequences (40000200 bp)...
[M::mem_pestat] # candidate unique pairs for (FF, FR, RF, RR): (59, 17696, 12, 19)
[M::mem_pestat] analyzing insert size distribution for orientation FF...
[M::mem_pestat] (25, 50, 75) percentile: (143, 188, 284)
[M::mem_pestat] low and high boundaries for computing mean and std.dev: (1, 566)
[M::mem_pestat] mean and std.dev: (172.07, 59.48)
[M::mem_pestat] low and high boundaries for proper pairs: (1, 707)
[M::mem_pestat] analyzing insert size distribution for orientation FR...
[M::mem_pestat] (25, 50, 75) percentile: (507, 524, 553)
[M::mem_pestat] low and high boundaries for computing mean and std.dev: (415, 645)
[M::mem_pestat] mean and std.dev: (536.43, 32.99)
[M::mem_pestat] low and high boundaries for proper pairs: (369, 691)
[M::mem_pestat] analyzing insert size distribution for orientation RF...
[M::mem_pestat] (25, 50, 75) percentile: (127, 521, 1219)
[M::mem_pestat] low and high boundaries for computing mean and std.dev: (1, 3403)
[M::mem_pestat] mean and std.dev: (506.09, 614.48)
[M::mem_pestat] low and high boundaries for proper pairs: (1, 4495)
[M::mem_pestat] analyzing insert size distribution for orientation RR...
[M::mem_pestat] (25, 50, 75) percentile: (498, 801, 1386)
[M::mem_pestat] low and high boundaries for computing mean and std.dev: (1, 3162)
[M::mem_pestat] mean and std.dev: (806.06, 668.31)
[M::mem_pestat] low and high boundaries for proper pairs: (1, 4050)
[M::mem_pestat] skip orientation FF
[M::mem_pestat] skip orientation RF
[M::mem_pestat] skip orientation RR
[M::mem_process_seqs] Processed 266668 reads in 254.460 CPU sec, 63.945 real sec
[M::process] read 266668 sequences (40000200 bp)...
[M::mem_pestat] # candidate unique pairs for (FF, FR, RF, RR): (61, 17803, 13, 20)
[M::mem_pestat] analyzing insert size distribution for orientation FF...
[M::mem_pestat] (25, 50, 75) percentile: (147, 186, 617)
[M::mem_pestat] low and high boundaries for computing mean and std.dev: (1, 1557)
[M::mem_pestat] mean and std.dev: (313.96, 331.93)
[M::mem_pestat] low and high boundaries for proper pairs: (1, 2027)
[M::mem_pestat] analyzing insert size distribution for orientation FR...
[M::mem_pestat] (25, 50, 75) percentile: (507, 524, 553)
[M::mem_pestat] low and high boundaries for computing mean and std.dev: (415, 645)
[M::mem_pestat] mean and std.dev: (536.48, 32.69)
[M::mem_pestat] low and high boundaries for proper pairs: (369, 691)
[M::mem_pestat] analyzing insert size distribution for orientation RF...
[M::mem_pestat] (25, 50, 75) percentile: (350, 1036, 2419)
[M::mem_pestat] low and high boundaries for computing mean and std.dev: (1, 6557)
[M::mem_pestat] mean and std.dev: (1567.46, 1826.44)
[M::mem_pestat] low and high boundaries for proper pairs: (1, 8873)
[M::mem_pestat] analyzing insert size distribution for orientation RR...
[M::mem_pestat] (25, 50, 75) percentile: (210, 695, 1196)
[M::mem_pestat] low and high boundaries for computing mean and std.dev: (1, 3168)
[M::mem_pestat] mean and std.dev: (716.37, 665.00)
[M::mem_pestat] low and high boundaries for proper pairs: (1, 4154)
[M::mem_pestat] skip orientation FF
[M::mem_pestat] skip orientation RF
[M::mem_pestat] skip orientation RR
[M::mem_process_seqs] Processed 266668 reads in 259.428 CPU sec, 65.171 real sec
[M::process] read 266668 sequences (40000200 bp)...
[M::mem_pestat] # candidate unique pairs for (FF, FR, RF, RR): (39, 17706, 15, 17)
[M::mem_pestat] analyzing insert size distribution for orientation FF...
[M::mem_pestat] (25, 50, 75) percentile: (170, 206, 353)
[M::mem_pestat] low and high boundaries for computing mean and std.dev: (1, 719)
[M::mem_pestat] mean and std.dev: (202.53, 87.15)
[M::mem_pestat] low and high boundaries for proper pairs: (1, 902)
[M::mem_pestat] analyzing insert size distribution for orientation FR...
[M::mem_pestat] (25, 50, 75) percentile: (507, 524, 553)
[M::mem_pestat] low and high boundaries for computing mean and std.dev: (415, 645)
[M::mem_pestat] mean and std.dev: (536.11, 32.60)
[M::mem_pestat] low and high boundaries for proper pairs: (369, 691)
[M::mem_pestat] analyzing insert size distribution for orientation RF...
[M::mem_pestat] (25, 50, 75) percentile: (715, 827, 1984)
[M::mem_pestat] low and high boundaries for computing mean and std.dev: (1, 4522)
[M::mem_pestat] mean and std.dev: (911.85, 716.39)
[M::mem_pestat] low and high boundaries for proper pairs: (1, 5791)
[M::mem_pestat] analyzing insert size distribution for orientation RR...
[M::mem_pestat] (25, 50, 75) percentile: (1059, 1187, 3265)
[M::mem_pestat] low and high boundaries for computing mean and std.dev: (1, 7677)
[M::mem_pestat] mean and std.dev: (1922.53, 1634.13)
[M::mem_pestat] low and high boundaries for proper pairs: (1, 9883)
[M::mem_pestat] skip orientation FF
[M::mem_pestat] skip orientation RF
[M::mem_pestat] skip orientation RR
[M::mem_process_seqs] Processed 266668 reads in 263.460 CPU sec, 66.221 real sec
[M::process] read 266668 sequences (40000200 bp)...
[M::mem_pestat] # candidate unique pairs for (FF, FR, RF, RR): (58, 17883, 18, 19)
[M::mem_pestat] analyzing insert size distribution for orientation FF...
[M::mem_pestat] (25, 50, 75) percentile: (141, 200, 291)
[M::mem_pestat] low and high boundaries for computing mean and std.dev: (1, 591)
[M::mem_pestat] mean and std.dev: (196.82, 80.47)
[M::mem_pestat] low and high boundaries for proper pairs: (1, 741)
[M::mem_pestat] analyzing insert size distribution for orientation FR...
[M::mem_pestat] (25, 50, 75) percentile: (507, 524, 553)
[M::mem_pestat] low and high boundaries for computing mean and std.dev: (415, 645)
[M::mem_pestat] mean and std.dev: (536.11, 33.12)
[M::mem_pestat] low and high boundaries for proper pairs: (369, 691)
[M::mem_pestat] analyzing insert size distribution for orientation RF...
[M::mem_pestat] (25, 50, 75) percentile: (87, 868, 1476)
[M::mem_pestat] low and high boundaries for computing mean and std.dev: (1, 4254)
[M::mem_pestat] mean and std.dev: (816.31, 929.28)
[M::mem_pestat] low and high boundaries for proper pairs: (1, 5643)
[M::mem_pestat] analyzing insert size distribution for orientation RR...
[M::mem_pestat] (25, 50, 75) percentile: (640, 1203, 2659)
[M::mem_pestat] low and high boundaries for computing mean and std.dev: (1, 6697)
[M::mem_pestat] mean and std.dev: (1388.29, 1474.45)
[M::mem_pestat] low and high boundaries for proper pairs: (1, 8716)
[M::mem_pestat] skip orientation FF
[M::mem_pestat] skip orientation RF
[M::mem_pestat] skip orientation RR
[M::mem_process_seqs] Processed 266668 reads in 257.279 CPU sec, 64.562 real sec
[M::process] read 266668 sequences (40000200 bp)...
[M::mem_pestat] # candidate unique pairs for (FF, FR, RF, RR): (49, 17960, 10, 23)
[M::mem_pestat] analyzing insert size distribution for orientation FF...
[M::mem_pestat] (25, 50, 75) percentile: (139, 213, 418)
[M::mem_pestat] low and high boundaries for computing mean and std.dev: (1, 976)
[M::mem_pestat] mean and std.dev: (262.75, 211.81)
[M::mem_pestat] low and high boundaries for proper pairs: (1, 1255)
[M::mem_pestat] analyzing insert size distribution for orientation FR...
[M::mem_pestat] (25, 50, 75) percentile: (507, 524, 553)
[M::mem_pestat] low and high boundaries for computing mean and std.dev: (415, 645)
[M::mem_pestat] mean and std.dev: (536.23, 32.48)
[M::mem_pestat] low and high boundaries for proper pairs: (369, 691)
[M::mem_pestat] analyzing insert size distribution for orientation RF...
[M::mem_pestat] (25, 50, 75) percentile: (492, 2137, 3603)
[M::mem_pestat] low and high boundaries for computing mean and std.dev: (1, 9825)
[M::mem_pestat] mean and std.dev: (2960.60, 2892.76)
[M::mem_pestat] low and high boundaries for proper pairs: (1, 14532)
[M::mem_pestat] analyzing insert size distribution for orientation RR...
[M::mem_pestat] (25, 50, 75) percentile: (468, 909, 1340)
[M::mem_pestat] low and high boundaries for computing mean and std.dev: (1, 3084)
[M::mem_pestat] mean and std.dev: (822.10, 532.93)
[M::mem_pestat] low and high boundaries for proper pairs: (1, 3956)
[M::mem_pestat] skip orientation FF
[M::mem_pestat] skip orientation RF
[M::mem_pestat] skip orientation RR
[M::mem_process_seqs] Processed 266668 reads in 258.232 CPU sec, 64.717 real sec
[M::process] read 266668 sequences (40000200 bp)...
[M::mem_pestat] # candidate unique pairs for (FF, FR, RF, RR): (49, 17840, 16, 23)
[M::mem_pestat] analyzing insert size distribution for orientation FF...
[M::mem_pestat] (25, 50, 75) percentile: (131, 192, 278)
[M::mem_pestat] low and high boundaries for computing mean and std.dev: (1, 572)
[M::mem_pestat] mean and std.dev: (177.60, 81.33)
[M::mem_pestat] low and high boundaries for proper pairs: (1, 719)
[M::mem_pestat] analyzing insert size distribution for orientation FR...
[M::mem_pestat] (25, 50, 75) percentile: (507, 524, 552)
[M::mem_pestat] low and high boundaries for computing mean and std.dev: (417, 642)
[M::mem_pestat] mean and std.dev: (536.14, 32.53)
[M::mem_pestat] low and high boundaries for proper pairs: (372, 687)
[M::mem_pestat] analyzing insert size distribution for orientation RF...
[M::mem_pestat] (25, 50, 75) percentile: (115, 502, 2746)
[M::mem_pestat] low and high boundaries for computing mean and std.dev: (1, 8008)
[M::mem_pestat] mean and std.dev: (1187.53, 1227.58)
[M::mem_pestat] low and high boundaries for proper pairs: (1, 10639)
[M::mem_pestat] analyzing insert size distribution for orientation RR...
[M::mem_pestat] (25, 50, 75) percentile: (1007, 1676, 3544)
[M::mem_pestat] low and high boundaries for computing mean and std.dev: (1, 8618)
[M::mem_pestat] mean and std.dev: (2188.70, 1882.24)
[M::mem_pestat] low and high boundaries for proper pairs: (1, 11155)
[M::mem_pestat] skip orientation FF
[M::mem_pestat] skip orientation RF
[M::mem_pestat] skip orientation RR
[M::mem_process_seqs] Processed 266668 reads in 258.485 CPU sec, 64.829 real sec
[M::process] read 266668 sequences (40000200 bp)...
[M::mem_pestat] # candidate unique pairs for (FF, FR, RF, RR): (58, 17831, 16, 24)
[M::mem_pestat] analyzing insert size distribution for orientation FF...
[M::mem_pestat] (25, 50, 75) percentile: (134, 231, 312)
[M::mem_pestat] low and high boundaries for computing mean and std.dev: (1, 668)
[M::mem_pestat] mean and std.dev: (212.79, 118.64)
[M::mem_pestat] low and high boundaries for proper pairs: (1, 846)
[M::mem_pestat] analyzing insert size distribution for orientation FR...
[M::mem_pestat] (25, 50, 75) percentile: (507, 524, 554)
[M::mem_pestat] low and high boundaries for computing mean and std.dev: (413, 648)
[M::mem_pestat] mean and std.dev: (537.00, 33.65)
[M::mem_pestat] low and high boundaries for proper pairs: (366, 695)
[M::mem_pestat] analyzing insert size distribution for orientation RF...
[M::mem_pestat] (25, 50, 75) percentile: (129, 487, 4403)
[M::mem_pestat] low and high boundaries for computing mean and std.dev: (1, 12951)
[M::mem_pestat] mean and std.dev: (1545.81, 2107.26)
[M::mem_pestat] low and high boundaries for proper pairs: (1, 17225)
[M::mem_pestat] analyzing insert size distribution for orientation RR...
[M::mem_pestat] (25, 50, 75) percentile: (254, 920, 1728)
[M::mem_pestat] low and high boundaries for computing mean and std.dev: (1, 4676)
[M::mem_pestat] mean and std.dev: (1045.04, 935.06)
[M::mem_pestat] low and high boundaries for proper pairs: (1, 6150)
[M::mem_pestat] skip orientation FF
[M::mem_pestat] skip orientation RF
[M::mem_pestat] skip orientation RR
[M::mem_process_seqs] Processed 266668 reads in 258.728 CPU sec, 64.922 real sec
[M::process] read 266668 sequences (40000200 bp)...
[M::mem_pestat] # candidate unique pairs for (FF, FR, RF, RR): (61, 18003, 11, 17)
[M::mem_pestat] analyzing insert size distribution for orientation FF...
[M::mem_pestat] (25, 50, 75) percentile: (157, 211, 338)
[M::mem_pestat] low and high boundaries for computing mean and std.dev: (1, 700)
[M::mem_pestat] mean and std.dev: (216.71, 116.34)
[M::mem_pestat] low and high boundaries for proper pairs: (1, 881)
[M::mem_pestat] analyzing insert size distribution for orientation FR...
[M::mem_pestat] (25, 50, 75) percentile: (507, 524, 553)
[M::mem_pestat] low and high boundaries for computing mean and std.dev: (415, 645)
[M::mem_pestat] mean and std.dev: (536.54, 32.90)
[M::mem_pestat] low and high boundaries for proper pairs: (369, 691)
[M::mem_pestat] analyzing insert size distribution for orientation RF...
[M::mem_pestat] (25, 50, 75) percentile: (286, 472, 2548)
[M::mem_pestat] low and high boundaries for computing mean and std.dev: (1, 7072)
[M::mem_pestat] mean and std.dev: (1049.40, 1400.46)
[M::mem_pestat] low and high boundaries for proper pairs: (1, 9334)
[M::mem_pestat] analyzing insert size distribution for orientation RR...
[M::mem_pestat] (25, 50, 75) percentile: (151, 515, 1493)
[M::mem_pestat] low and high boundaries for computing mean and std.dev: (1, 4177)
[M::mem_pestat] mean and std.dev: (793.18, 900.23)
[M::mem_pestat] low and high boundaries for proper pairs: (1, 5519)
[M::mem_pestat] skip orientation FF
[M::mem_pestat] skip orientation RF
[M::mem_pestat] skip orientation RR
[M::mem_process_seqs] Processed 266668 reads in 256.208 CPU sec, 64.301 real sec
[M::process] read 266668 sequences (40000200 bp)...
[M::mem_pestat] # candidate unique pairs for (FF, FR, RF, RR): (50, 17964, 14, 29)
[M::mem_pestat] analyzing insert size distribution for orientation FF...
[M::mem_pestat] (25, 50, 75) percentile: (150, 189, 323)
[M::mem_pestat] low and high boundaries for computing mean and std.dev: (1, 669)
[M::mem_pestat] mean and std.dev: (194.98, 92.84)
[M::mem_pestat] low and high boundaries for proper pairs: (1, 842)
[M::mem_pestat] analyzing insert size distribution for orientation FR...
[M::mem_pestat] (25, 50, 75) percentile: (507, 524, 553)
[M::mem_pestat] low and high boundaries for computing mean and std.dev: (415, 645)
[M::mem_pestat] mean and std.dev: (536.07, 32.65)
[M::mem_pestat] low and high boundaries for proper pairs: (369, 691)
[M::mem_pestat] analyzing insert size distribution for orientation RF...
[M::mem_pestat] (25, 50, 75) percentile: (265, 749, 2130)
[M::mem_pestat] low and high boundaries for computing mean and std.dev: (1, 5860)
[M::mem_pestat] mean and std.dev: (1068.92, 1279.49)
[M::mem_pestat] low and high boundaries for proper pairs: (1, 7725)
[M::mem_pestat] analyzing insert size distribution for orientation RR...
[M::mem_pestat] (25, 50, 75) percentile: (188, 757, 1584)
[M::mem_pestat] low and high boundaries for computing mean and std.dev: (1, 4376)
[M::mem_pestat] mean and std.dev: (904.32, 914.31)
[M::mem_pestat] low and high boundaries for proper pairs: (1, 5772)
[M::mem_pestat] skip orientation FF
[M::mem_pestat] skip orientation RF
[M::mem_pestat] skip orientation RR
[M::mem_process_seqs] Processed 266668 reads in 261.630 CPU sec, 65.601 real sec
[M::process] read 266668 sequences (40000200 bp)...
[M::mem_pestat] # candidate unique pairs for (FF, FR, RF, RR): (54, 17959, 11, 22)
[M::mem_pestat] analyzing insert size distribution for orientation FF...
[M::mem_pestat] (25, 50, 75) percentile: (173, 210, 298)
[M::mem_pestat] low and high boundaries for computing mean and std.dev: (1, 548)
[M::mem_pestat] mean and std.dev: (213.43, 77.68)
[M::mem_pestat] low and high boundaries for proper pairs: (1, 673)
[M::mem_pestat] analyzing insert size distribution for orientation FR...
[M::mem_pestat] (25, 50, 75) percentile: (507, 525, 554)
[M::mem_pestat] low and high boundaries for computing mean and std.dev: (413, 648)
[M::mem_pestat] mean and std.dev: (537.40, 33.42)
[M::mem_pestat] low and high boundaries for proper pairs: (366, 695)
[M::mem_pestat] analyzing insert size distribution for orientation RF...
[M::mem_pestat] (25, 50, 75) percentile: (2376, 3203, 4579)
[M::mem_pestat] low and high boundaries for computing mean and std.dev: (1, 8985)
[M::mem_pestat] mean and std.dev: (3332.40, 1960.88)
[M::mem_pestat] low and high boundaries for proper pairs: (1, 11188)
[M::mem_pestat] analyzing insert size distribution for orientation RR...
[M::mem_pestat] (25, 50, 75) percentile: (246, 898, 1537)
[M::mem_pestat] low and high boundaries for computing mean and std.dev: (1, 4119)
[M::mem_pestat] mean and std.dev: (1035.27, 814.60)
[M::mem_pestat] low and high boundaries for proper pairs: (1, 5410)
[M::mem_pestat] skip orientation FF
[M::mem_pestat] skip orientation RF
[M::mem_pestat] skip orientation RR
[M::mem_process_seqs] Processed 266668 reads in 265.447 CPU sec, 67.228 real sec
[M::process] read 266668 sequences (40000200 bp)...
[M::mem_pestat] # candidate unique pairs for (FF, FR, RF, RR): (50, 18001, 10, 15)
[M::mem_pestat] analyzing insert size distribution for orientation FF...
[M::mem_pestat] (25, 50, 75) percentile: (165, 199, 286)
[M::mem_pestat] low and high boundaries for computing mean and std.dev: (1, 528)
[M::mem_pestat] mean and std.dev: (181.72, 60.67)
[M::mem_pestat] low and high boundaries for proper pairs: (1, 649)
[M::mem_pestat] analyzing insert size distribution for orientation FR...
[M::mem_pestat] (25, 50, 75) percentile: (507, 525, 553)
[M::mem_pestat] low and high boundaries for computing mean and std.dev: (415, 645)
[M::mem_pestat] mean and std.dev: (536.54, 32.69)
[M::mem_pestat] low and high boundaries for proper pairs: (369, 691)
[M::mem_pestat] analyzing insert size distribution for orientation RF...
[M::mem_pestat] (25, 50, 75) percentile: (12, 731, 3520)
[M::mem_pestat] low and high boundaries for computing mean and std.dev: (1, 10536)
[M::mem_pestat] mean and std.dev: (2099.80, 3143.68)
[M::mem_pestat] low and high boundaries for proper pairs: (1, 14675)
[M::mem_pestat] analyzing insert size distribution for orientation RR...
[M::mem_pestat] (25, 50, 75) percentile: (197, 671, 1368)
[M::mem_pestat] low and high boundaries for computing mean and std.dev: (1, 3710)
[M::mem_pestat] mean and std.dev: (764.21, 751.18)
[M::mem_pestat] low and high boundaries for proper pairs: (1, 4881)
[M::mem_pestat] skip orientation FF
[M::mem_pestat] skip orientation RF
[M::mem_pestat] skip orientation RR
[M::mem_process_seqs] Processed 266668 reads in 257.699 CPU sec, 65.246 real sec
[M::process] read 266668 sequences (40000200 bp)...
[M::mem_pestat] # candidate unique pairs for (FF, FR, RF, RR): (47, 18083, 13, 19)
[M::mem_pestat] analyzing insert size distribution for orientation FF...
[M::mem_pestat] (25, 50, 75) percentile: (150, 238, 642)
[M::mem_pestat] low and high boundaries for computing mean and std.dev: (1, 1626)
[M::mem_pestat] mean and std.dev: (396.41, 421.98)
[M::mem_pestat] low and high boundaries for proper pairs: (1, 2118)
[M::mem_pestat] analyzing insert size distribution for orientation FR...
[M::mem_pestat] (25, 50, 75) percentile: (507, 524, 553)
[M::mem_pestat] low and high boundaries for computing mean and std.dev: (415, 645)
[M::mem_pestat] mean and std.dev: (536.40, 32.62)
[M::mem_pestat] low and high boundaries for proper pairs: (369, 691)
[M::mem_pestat] analyzing insert size distribution for orientation RF...
[M::mem_pestat] (25, 50, 75) percentile: (147, 485, 1935)
[M::mem_pestat] low and high boundaries for computing mean and std.dev: (1, 5511)
[M::mem_pestat] mean and std.dev: (862.69, 938.28)
[M::mem_pestat] low and high boundaries for proper pairs: (1, 7299)
[M::mem_pestat] analyzing insert size distribution for orientation RR...
[M::mem_pestat] (25, 50, 75) percentile: (662, 967, 2178)
[M::mem_pestat] low and high boundaries for computing mean and std.dev: (1, 5210)
[M::mem_pestat] mean and std.dev: (1443.11, 1364.57)
[M::mem_pestat] low and high boundaries for proper pairs: (1, 6901)
[M::mem_pestat] skip orientation FF
[M::mem_pestat] skip orientation RF
[M::mem_pestat] skip orientation RR
[M::mem_process_seqs] Processed 266668 reads in 257.611 CPU sec, 65.222 real sec
[M::process] read 266668 sequences (40000200 bp)...
[M::mem_pestat] # candidate unique pairs for (FF, FR, RF, RR): (65, 17918, 15, 25)
[M::mem_pestat] analyzing insert size distribution for orientation FF...
[M::mem_pestat] (25, 50, 75) percentile: (152, 204, 386)
[M::mem_pestat] low and high boundaries for computing mean and std.dev: (1, 854)
[M::mem_pestat] mean and std.dev: (249.67, 188.40)
[M::mem_pestat] low and high boundaries for proper pairs: (1, 1088)
[M::mem_pestat] analyzing insert size distribution for orientation FR...
[M::mem_pestat] (25, 50, 75) percentile: (507, 525, 554)
[M::mem_pestat] low and high boundaries for computing mean and std.dev: (413, 648)
[M::mem_pestat] mean and std.dev: (536.86, 33.31)
[M::mem_pestat] low and high boundaries for proper pairs: (366, 695)
[M::mem_pestat] analyzing insert size distribution for orientation RF...
[M::mem_pestat] (25, 50, 75) percentile: (456, 808, 3044)
[M::mem_pestat] low and high boundaries for computing mean and std.dev: (1, 8220)
[M::mem_pestat] mean and std.dev: (1455.50, 1702.33)
[M::mem_pestat] low and high boundaries for proper pairs: (1, 10808)
[M::mem_pestat] analyzing insert size distribution for orientation RR...
[M::mem_pestat] (25, 50, 75) percentile: (296, 930, 1638)
[M::mem_pestat] low and high boundaries for computing mean and std.dev: (1, 4322)
[M::mem_pestat] mean and std.dev: (956.78, 812.51)
[M::mem_pestat] low and high boundaries for proper pairs: (1, 5664)
[M::mem_pestat] skip orientation FF
[M::mem_pestat] skip orientation RF
[M::mem_pestat] skip orientation RR
[M::mem_process_seqs] Processed 266668 reads in 261.550 CPU sec, 65.948 real sec
[M::process] read 266668 sequences (40000200 bp)...
[M::mem_pestat] # candidate unique pairs for (FF, FR, RF, RR): (55, 17930, 17, 15)
[M::mem_pestat] analyzing insert size distribution for orientation FF...
[M::mem_pestat] (25, 50, 75) percentile: (133, 188, 329)
[M::mem_pestat] low and high boundaries for computing mean and std.dev: (1, 721)
[M::mem_pestat] mean and std.dev: (207.13, 123.13)
[M::mem_pestat] low and high boundaries for proper pairs: (1, 917)
[M::mem_pestat] analyzing insert size distribution for orientation FR...
[M::mem_pestat] (25, 50, 75) percentile: (507, 525, 554)
[M::mem_pestat] low and high boundaries for computing mean and std.dev: (413, 648)
[M::mem_pestat] mean and std.dev: (537.31, 33.42)
[M::mem_pestat] low and high boundaries for proper pairs: (366, 695)
[M::mem_pestat] analyzing insert size distribution for orientation RF...
[M::mem_pestat] (25, 50, 75) percentile: (538, 1156, 2684)
[M::mem_pestat] low and high boundaries for computing mean and std.dev: (1, 6976)
[M::mem_pestat] mean and std.dev: (1387.56, 1115.60)
[M::mem_pestat] low and high boundaries for proper pairs: (1, 9122)
[M::mem_pestat] analyzing insert size distribution for orientation RR...
[M::mem_pestat] (25, 50, 75) percentile: (520, 625, 3037)
[M::mem_pestat] low and high boundaries for computing mean and std.dev: (1, 8071)
[M::mem_pestat] mean and std.dev: (1619.67, 1645.15)
[M::mem_pestat] low and high boundaries for proper pairs: (1, 10588)
[M::mem_pestat] skip orientation FF
[M::mem_pestat] skip orientation RF
[M::mem_pestat] skip orientation RR
[M::mem_process_seqs] Processed 266668 reads in 257.309 CPU sec, 64.473 real sec
[M::process] read 266668 sequences (40000200 bp)...
[M::mem_pestat] # candidate unique pairs for (FF, FR, RF, RR): (43, 17816, 15, 19)
[M::mem_pestat] analyzing insert size distribution for orientation FF...
[M::mem_pestat] (25, 50, 75) percentile: (118, 170, 330)
[M::mem_pestat] low and high boundaries for computing mean and std.dev: (1, 754)
[M::mem_pestat] mean and std.dev: (195.33, 120.98)
[M::mem_pestat] low and high boundaries for proper pairs: (1, 966)
[M::mem_pestat] analyzing insert size distribution for orientation FR...
[M::mem_pestat] (25, 50, 75) percentile: (507, 525, 554)
[M::mem_pestat] low and high boundaries for computing mean and std.dev: (413, 648)
[M::mem_pestat] mean and std.dev: (536.84, 33.46)
[M::mem_pestat] low and high boundaries for proper pairs: (366, 695)
[M::mem_pestat] analyzing insert size distribution for orientation RF...
[M::mem_pestat] (25, 50, 75) percentile: (418, 612, 947)
[M::mem_pestat] low and high boundaries for computing mean and std.dev: (1, 2005)
[M::mem_pestat] mean and std.dev: (547.00, 320.01)
[M::mem_pestat] low and high boundaries for proper pairs: (1, 2534)
[M::mem_pestat] analyzing insert size distribution for orientation RR...
[M::mem_pestat] (25, 50, 75) percentile: (271, 789, 1903)
[M::mem_pestat] low and high boundaries for computing mean and std.dev: (1, 5167)
[M::mem_pestat] mean and std.dev: (903.88, 797.24)
[M::mem_pestat] low and high boundaries for proper pairs: (1, 6799)
[M::mem_pestat] skip orientation FF
[M::mem_pestat] skip orientation RF
[M::mem_pestat] skip orientation RR
[M::mem_process_seqs] Processed 266668 reads in 264.397 CPU sec, 66.277 real sec
[M::process] read 266668 sequences (40000200 bp)...
[M::mem_pestat] # candidate unique pairs for (FF, FR, RF, RR): (49, 17992, 15, 21)
[M::mem_pestat] analyzing insert size distribution for orientation FF...
[M::mem_pestat] (25, 50, 75) percentile: (141, 216, 281)
[M::mem_pestat] low and high boundaries for computing mean and std.dev: (1, 561)
[M::mem_pestat] mean and std.dev: (190.97, 81.84)
[M::mem_pestat] low and high boundaries for proper pairs: (1, 701)
[M::mem_pestat] analyzing insert size distribution for orientation FR...
[M::mem_pestat] (25, 50, 75) percentile: (507, 524, 554)
[M::mem_pestat] low and high boundaries for computing mean and std.dev: (413, 648)
[M::mem_pestat] mean and std.dev: (536.87, 33.15)
[M::mem_pestat] low and high boundaries for proper pairs: (366, 695)
[M::mem_pestat] analyzing insert size distribution for orientation RF...
[M::mem_pestat] (25, 50, 75) percentile: (398, 793, 3466)
[M::mem_pestat] low and high boundaries for computing mean and std.dev: (1, 9602)
[M::mem_pestat] mean and std.dev: (1971.00, 2244.50)
[M::mem_pestat] low and high boundaries for proper pairs: (1, 12670)
[M::mem_pestat] analyzing insert size distribution for orientation RR...
[M::mem_pestat] (25, 50, 75) percentile: (199, 842, 2178)
[M::mem_pestat] low and high boundaries for computing mean and std.dev: (1, 6136)
[M::mem_pestat] mean and std.dev: (1009.20, 920.78)
[M::mem_pestat] low and high boundaries for proper pairs: (1, 8115)
[M::mem_pestat] skip orientation FF
[M::mem_pestat] skip orientation RF
[M::mem_pestat] skip orientation RR
[M::mem_process_seqs] Processed 266668 reads in 257.266 CPU sec, 64.545 real sec
[M::process] read 266668 sequences (40000200 bp)...
[M::mem_pestat] # candidate unique pairs for (FF, FR, RF, RR): (61, 18118, 14, 18)
[M::mem_pestat] analyzing insert size distribution for orientation FF...
[M::mem_pestat] (25, 50, 75) percentile: (145, 208, 380)
[M::mem_pestat] low and high boundaries for computing mean and std.dev: (1, 850)
[M::mem_pestat] mean and std.dev: (214.88, 122.99)
[M::mem_pestat] low and high boundaries for proper pairs: (1, 1085)
[M::mem_pestat] analyzing insert size distribution for orientation FR...
[M::mem_pestat] (25, 50, 75) percentile: (507, 524, 554)
[M::mem_pestat] low and high boundaries for computing mean and std.dev: (413, 648)
[M::mem_pestat] mean and std.dev: (536.96, 33.64)
[M::mem_pestat] low and high boundaries for proper pairs: (366, 695)
[M::mem_pestat] analyzing insert size distribution for orientation RF...
[M::mem_pestat] (25, 50, 75) percentile: (52, 350, 1566)
[M::mem_pestat] low and high boundaries for computing mean and std.dev: (1, 4594)
[M::mem_pestat] mean and std.dev: (514.50, 607.11)
[M::mem_pestat] low and high boundaries for proper pairs: (1, 6108)
[M::mem_pestat] analyzing insert size distribution for orientation RR...
[M::mem_pestat] (25, 50, 75) percentile: (564, 1006, 2043)
[M::mem_pestat] low and high boundaries for computing mean and std.dev: (1, 5001)
[M::mem_pestat] mean and std.dev: (1394.44, 1203.80)
[M::mem_pestat] low and high boundaries for proper pairs: (1, 6480)
[M::mem_pestat] skip orientation FF
[M::mem_pestat] skip orientation RF
[M::mem_pestat] skip orientation RR
[M::mem_process_seqs] Processed 266668 reads in 257.522 CPU sec, 64.555 real sec
[M::process] read 266668 sequences (40000200 bp)...
[M::mem_pestat] # candidate unique pairs for (FF, FR, RF, RR): (50, 18179, 13, 22)
[M::mem_pestat] analyzing insert size distribution for orientation FF...
[M::mem_pestat] (25, 50, 75) percentile: (157, 210, 323)
[M::mem_pestat] low and high boundaries for computing mean and std.dev: (1, 655)
[M::mem_pestat] mean and std.dev: (193.05, 70.28)
[M::mem_pestat] low and high boundaries for proper pairs: (1, 821)
[M::mem_pestat] analyzing insert size distribution for orientation FR...
[M::mem_pestat] (25, 50, 75) percentile: (507, 525, 555)
[M::mem_pestat] low and high boundaries for computing mean and std.dev: (411, 651)
[M::mem_pestat] mean and std.dev: (537.30, 33.81)
[M::mem_pestat] low and high boundaries for proper pairs: (363, 699)
[M::mem_pestat] analyzing insert size distribution for orientation RF...
[M::mem_pestat] (25, 50, 75) percentile: (293, 580, 5478)
[M::mem_pestat] low and high boundaries for computing mean and std.dev: (1, 15848)
[M::mem_pestat] mean and std.dev: (2296.85, 2812.60)
[M::mem_pestat] low and high boundaries for proper pairs: (1, 21033)
[M::mem_pestat] analyzing insert size distribution for orientation RR...
[M::mem_pestat] (25, 50, 75) percentile: (504, 836, 1687)
[M::mem_pestat] low and high boundaries for computing mean and std.dev: (1, 4053)
[M::mem_pestat] mean and std.dev: (1055.95, 913.79)
[M::mem_pestat] low and high boundaries for proper pairs: (1, 5236)
[M::mem_pestat] skip orientation FF
[M::mem_pestat] skip orientation RF
[M::mem_pestat] skip orientation RR
[M::mem_process_seqs] Processed 266668 reads in 254.894 CPU sec, 63.957 real sec
[M::process] read 266668 sequences (40000200 bp)...
[M::mem_pestat] # candidate unique pairs for (FF, FR, RF, RR): (50, 18102, 17, 20)
[M::mem_pestat] analyzing insert size distribution for orientation FF...
[M::mem_pestat] (25, 50, 75) percentile: (121, 192, 254)
[M::mem_pestat] low and high boundaries for computing mean and std.dev: (1, 520)
[M::mem_pestat] mean and std.dev: (181.73, 78.53)
[M::mem_pestat] low and high boundaries for proper pairs: (1, 653)
[M::mem_pestat] analyzing insert size distribution for orientation FR...
[M::mem_pestat] (25, 50, 75) percentile: (507, 525, 554)
[M::mem_pestat] low and high boundaries for computing mean and std.dev: (413, 648)
[M::mem_pestat] mean and std.dev: (536.57, 33.12)
[M::mem_pestat] low and high boundaries for proper pairs: (366, 695)
[M::mem_pestat] analyzing insert size distribution for orientation RF...
[M::mem_pestat] (25, 50, 75) percentile: (141, 1025, 2738)
[M::mem_pestat] low and high boundaries for computing mean and std.dev: (1, 7932)
[M::mem_pestat] mean and std.dev: (1673.53, 2050.58)
[M::mem_pestat] low and high boundaries for proper pairs: (1, 10529)
[M::mem_pestat] analyzing insert size distribution for orientation RR...
[M::mem_pestat] (25, 50, 75) percentile: (232, 1114, 1549)
[M::mem_pestat] low and high boundaries for computing mean and std.dev: (1, 4183)
[M::mem_pestat] mean and std.dev: (1083.25, 998.10)
[M::mem_pestat] low and high boundaries for proper pairs: (1, 5500)
[M::mem_pestat] skip orientation FF
[M::mem_pestat] skip orientation RF
[M::mem_pestat] skip orientation RR
[M::mem_process_seqs] Processed 266668 reads in 255.324 CPU sec, 65.741 real sec
[M::process] read 266668 sequences (40000200 bp)...
[M::mem_pestat] # candidate unique pairs for (FF, FR, RF, RR): (46, 18290, 14, 24)
[M::mem_pestat] analyzing insert size distribution for orientation FF...
[M::mem_pestat] (25, 50, 75) percentile: (161, 206, 615)
[M::mem_pestat] low and high boundaries for computing mean and std.dev: (1, 1523)
[M::mem_pestat] mean and std.dev: (338.98, 319.86)
[M::mem_pestat] low and high boundaries for proper pairs: (1, 1977)
[M::mem_pestat] analyzing insert size distribution for orientation FR...
[M::mem_pestat] (25, 50, 75) percentile: (507, 525, 554)
[M::mem_pestat] low and high boundaries for computing mean and std.dev: (413, 648)
[M::mem_pestat] mean and std.dev: (537.41, 33.55)
[M::mem_pestat] low and high boundaries for proper pairs: (366, 695)
[M::mem_pestat] analyzing insert size distribution for orientation RF...
[M::mem_pestat] (25, 50, 75) percentile: (129, 702, 1595)
[M::mem_pestat] low and high boundaries for computing mean and std.dev: (1, 4527)
[M::mem_pestat] mean and std.dev: (861.46, 848.38)
[M::mem_pestat] low and high boundaries for proper pairs: (1, 5993)
[M::mem_pestat] analyzing insert size distribution for orientation RR...
[M::mem_pestat] (25, 50, 75) percentile: (217, 858, 1388)
[M::mem_pestat] low and high boundaries for computing mean and std.dev: (1, 3730)
[M::mem_pestat] mean and std.dev: (815.14, 777.10)
[M::mem_pestat] low and high boundaries for proper pairs: (1, 4901)
[M::mem_pestat] skip orientation FF
[M::mem_pestat] skip orientation RF
[M::mem_pestat] skip orientation RR
[M::mem_process_seqs] Processed 266668 reads in 256.297 CPU sec, 65.948 real sec
[M::process] read 266668 sequences (40000200 bp)...
[M::mem_pestat] # candidate unique pairs for (FF, FR, RF, RR): (47, 18155, 20, 21)
[M::mem_pestat] analyzing insert size distribution for orientation FF...
[M::mem_pestat] (25, 50, 75) percentile: (162, 217, 513)
[M::mem_pestat] low and high boundaries for computing mean and std.dev: (1, 1215)
[M::mem_pestat] mean and std.dev: (253.30, 184.15)
[M::mem_pestat] low and high boundaries for proper pairs: (1, 1566)
[M::mem_pestat] analyzing insert size distribution for orientation FR...
[M::mem_pestat] (25, 50, 75) percentile: (507, 524, 554)
[M::mem_pestat] low and high boundaries for computing mean and std.dev: (413, 648)
[M::mem_pestat] mean and std.dev: (536.66, 33.59)
[M::mem_pestat] low and high boundaries for proper pairs: (366, 695)
[M::mem_pestat] analyzing insert size distribution for orientation RF...
[M::mem_pestat] (25, 50, 75) percentile: (104, 637, 2069)
[M::mem_pestat] low and high boundaries for computing mean and std.dev: (1, 5999)
[M::mem_pestat] mean and std.dev: (1263.05, 1510.14)
[M::mem_pestat] low and high boundaries for proper pairs: (1, 7964)
[M::mem_pestat] analyzing insert size distribution for orientation RR...
[M::mem_pestat] (25, 50, 75) percentile: (325, 927, 1466)
[M::mem_pestat] low and high boundaries for computing mean and std.dev: (1, 3748)
[M::mem_pestat] mean and std.dev: (956.70, 820.05)
[M::mem_pestat] low and high boundaries for proper pairs: (1, 4889)
[M::mem_pestat] skip orientation FF
[M::mem_pestat] skip orientation RF
[M::mem_pestat] skip orientation RR
[M::mem_process_seqs] Processed 266668 reads in 256.196 CPU sec, 65.891 real sec
[M::process] read 266668 sequences (40000200 bp)...
[M::mem_pestat] # candidate unique pairs for (FF, FR, RF, RR): (43, 18080, 11, 22)
[M::mem_pestat] analyzing insert size distribution for orientation FF...
[M::mem_pestat] (25, 50, 75) percentile: (132, 209, 280)
[M::mem_pestat] low and high boundaries for computing mean and std.dev: (1, 576)
[M::mem_pestat] mean and std.dev: (192.08, 92.22)
[M::mem_pestat] low and high boundaries for proper pairs: (1, 724)
[M::mem_pestat] analyzing insert size distribution for orientation FR...
[M::mem_pestat] (25, 50, 75) percentile: (507, 525, 555)
[M::mem_pestat] low and high boundaries for computing mean and std.dev: (411, 651)
[M::mem_pestat] mean and std.dev: (537.38, 34.07)
[M::mem_pestat] low and high boundaries for proper pairs: (363, 699)
[M::mem_pestat] analyzing insert size distribution for orientation RF...
[M::mem_pestat] (25, 50, 75) percentile: (818, 1256, 2250)
[M::mem_pestat] low and high boundaries for computing mean and std.dev: (1, 5114)
[M::mem_pestat] mean and std.dev: (1503.18, 1181.17)
[M::mem_pestat] low and high boundaries for proper pairs: (1, 6546)
[M::mem_pestat] analyzing insert size distribution for orientation RR...
[M::mem_pestat] (25, 50, 75) percentile: (722, 1158, 2325)
[M::mem_pestat] low and high boundaries for computing mean and std.dev: (1, 5531)
[M::mem_pestat] mean and std.dev: (1124.32, 751.18)
[M::mem_pestat] low and high boundaries for proper pairs: (1, 7134)
[M::mem_pestat] skip orientation FF
[M::mem_pestat] skip orientation RF
[M::mem_pestat] skip orientation RR
[M::mem_process_seqs] Processed 266668 reads in 259.681 CPU sec, 66.133 real sec
[M::process] read 266668 sequences (40000200 bp)...
[M::mem_pestat] # candidate unique pairs for (FF, FR, RF, RR): (59, 18072, 15, 19)
[M::mem_pestat] analyzing insert size distribution for orientation FF...
[M::mem_pestat] (25, 50, 75) percentile: (144, 202, 312)
[M::mem_pestat] low and high boundaries for computing mean and std.dev: (1, 648)
[M::mem_pestat] mean and std.dev: (209.18, 108.85)
[M::mem_pestat] low and high boundaries for proper pairs: (1, 816)
[M::mem_pestat] analyzing insert size distribution for orientation FR...
[M::mem_pestat] (25, 50, 75) percentile: (507, 525, 554)
[M::mem_pestat] low and high boundaries for computing mean and std.dev: (413, 648)
[M::mem_pestat] mean and std.dev: (536.55, 33.17)
[M::mem_pestat] low and high boundaries for proper pairs: (366, 695)
[M::mem_pestat] analyzing insert size distribution for orientation RF...
[M::mem_pestat] (25, 50, 75) percentile: (340, 1512, 3300)
[M::mem_pestat] low and high boundaries for computing mean and std.dev: (1, 9220)
[M::mem_pestat] mean and std.dev: (2204.40, 2196.95)
[M::mem_pestat] low and high boundaries for proper pairs: (1, 12180)
[M::mem_pestat] analyzing insert size distribution for orientation RR...
[M::mem_pestat] (25, 50, 75) percentile: (443, 777, 2088)
[M::mem_pestat] low and high boundaries for computing mean and std.dev: (1, 5378)
[M::mem_pestat] mean and std.dev: (1435.68, 1461.58)
[M::mem_pestat] low and high boundaries for proper pairs: (1, 7282)
[M::mem_pestat] skip orientation FF
[M::mem_pestat] skip orientation RF
[M::mem_pestat] skip orientation RR
[M::mem_process_seqs] Processed 266668 reads in 253.874 CPU sec, 63.713 real sec
[M::process] read 266668 sequences (40000200 bp)...
[M::mem_pestat] # candidate unique pairs for (FF, FR, RF, RR): (50, 18077, 22, 26)
[M::mem_pestat] analyzing insert size distribution for orientation FF...
[M::mem_pestat] (25, 50, 75) percentile: (132, 202, 301)
[M::mem_pestat] low and high boundaries for computing mean and std.dev: (1, 639)
[M::mem_pestat] mean and std.dev: (198.04, 99.59)
[M::mem_pestat] low and high boundaries for proper pairs: (1, 808)
[M::mem_pestat] analyzing insert size distribution for orientation FR...
[M::mem_pestat] (25, 50, 75) percentile: (507, 525, 555)
[M::mem_pestat] low and high boundaries for computing mean and std.dev: (411, 651)
[M::mem_pestat] mean and std.dev: (537.22, 33.89)
[M::mem_pestat] low and high boundaries for proper pairs: (363, 699)
[M::mem_pestat] analyzing insert size distribution for orientation RF...
[M::mem_pestat] (25, 50, 75) percentile: (215, 1133, 2401)
[M::mem_pestat] low and high boundaries for computing mean and std.dev: (1, 6773)
[M::mem_pestat] mean and std.dev: (1535.09, 1531.61)
[M::mem_pestat] low and high boundaries for proper pairs: (1, 8959)
[M::mem_pestat] analyzing insert size distribution for orientation RR...
[M::mem_pestat] (25, 50, 75) percentile: (669, 1128, 1958)
[M::mem_pestat] low and high boundaries for computing mean and std.dev: (1, 4536)
[M::mem_pestat] mean and std.dev: (1501.65, 1228.28)
[M::mem_pestat] low and high boundaries for proper pairs: (1, 6415)
[M::mem_pestat] skip orientation FF
[M::mem_pestat] skip orientation RF
[M::mem_pestat] skip orientation RR
[M::mem_process_seqs] Processed 266668 reads in 253.858 CPU sec, 63.856 real sec
[M::process] read 266668 sequences (40000200 bp)...
[M::mem_pestat] # candidate unique pairs for (FF, FR, RF, RR): (56, 18007, 14, 21)
[M::mem_pestat] analyzing insert size distribution for orientation FF...
[M::mem_pestat] (25, 50, 75) percentile: (166, 216, 326)
[M::mem_pestat] low and high boundaries for computing mean and std.dev: (1, 646)
[M::mem_pestat] mean and std.dev: (201.17, 87.27)
[M::mem_pestat] low and high boundaries for proper pairs: (1, 806)
[M::mem_pestat] analyzing insert size distribution for orientation FR...
[M::mem_pestat] (25, 50, 75) percentile: (507, 524, 553)
[M::mem_pestat] low and high boundaries for computing mean and std.dev: (415, 645)
[M::mem_pestat] mean and std.dev: (536.30, 32.52)
[M::mem_pestat] low and high boundaries for proper pairs: (369, 691)
[M::mem_pestat] analyzing insert size distribution for orientation RF...
[M::mem_pestat] (25, 50, 75) percentile: (253, 1670, 2949)
[M::mem_pestat] low and high boundaries for computing mean and std.dev: (1, 8341)
[M::mem_pestat] mean and std.dev: (1950.57, 2089.20)
[M::mem_pestat] low and high boundaries for proper pairs: (1, 11037)
[M::mem_pestat] analyzing insert size distribution for orientation RR...
[M::mem_pestat] (25, 50, 75) percentile: (214, 762, 1356)
[M::mem_pestat] low and high boundaries for computing mean and std.dev: (1, 3640)
[M::mem_pestat] mean and std.dev: (718.70, 550.14)
[M::mem_pestat] low and high boundaries for proper pairs: (1, 4782)
[M::mem_pestat] skip orientation FF
[M::mem_pestat] skip orientation RF
[M::mem_pestat] skip orientation RR
[M::mem_process_seqs] Processed 266668 reads in 258.542 CPU sec, 64.838 real sec
[M::process] read 266668 sequences (40000200 bp)...
[M::mem_pestat] # candidate unique pairs for (FF, FR, RF, RR): (48, 18036, 12, 26)
[M::mem_pestat] analyzing insert size distribution for orientation FF...
[M::mem_pestat] (25, 50, 75) percentile: (183, 233, 782)
[M::mem_pestat] low and high boundaries for computing mean and std.dev: (1, 1980)
[M::mem_pestat] mean and std.dev: (472.55, 482.40)
[M::mem_pestat] low and high boundaries for proper pairs: (1, 2579)
[M::mem_pestat] analyzing insert size distribution for orientation FR...
[M::mem_pestat] (25, 50, 75) percentile: (507, 525, 554)
[M::mem_pestat] low and high boundaries for computing mean and std.dev: (413, 648)
[M::mem_pestat] mean and std.dev: (536.84, 33.48)
[M::mem_pestat] low and high boundaries for proper pairs: (366, 695)
[M::mem_pestat] analyzing insert size distribution for orientation RF...
[M::mem_pestat] (25, 50, 75) percentile: (446, 1746, 3536)
[M::mem_pestat] low and high boundaries for computing mean and std.dev: (1, 9716)
[M::mem_pestat] mean and std.dev: (1956.25, 1765.77)
[M::mem_pestat] low and high boundaries for proper pairs: (1, 12806)
[M::mem_pestat] analyzing insert size distribution for orientation RR...
[M::mem_pestat] (25, 50, 75) percentile: (660, 1437, 4162)
[M::mem_pestat] low and high boundaries for computing mean and std.dev: (1, 11166)
[M::mem_pestat] mean and std.dev: (2497.62, 2466.51)
[M::mem_pestat] low and high boundaries for proper pairs: (1, 14668)
[M::mem_pestat] skip orientation FF
[M::mem_pestat] skip orientation RF
[M::mem_pestat] skip orientation RR
[M::mem_process_seqs] Processed 266668 reads in 253.827 CPU sec, 63.664 real sec
[M::process] read 266668 sequences (40000200 bp)...
[M::mem_pestat] # candidate unique pairs for (FF, FR, RF, RR): (49, 18271, 9, 19)
[M::mem_pestat] analyzing insert size distribution for orientation FF...
[M::mem_pestat] (25, 50, 75) percentile: (136, 207, 555)
[M::mem_pestat] low and high boundaries for computing mean and std.dev: (1, 1393)
[M::mem_pestat] mean and std.dev: (255.86, 225.63)
[M::mem_pestat] low and high boundaries for proper pairs: (1, 1812)
[M::mem_pestat] analyzing insert size distribution for orientation FR...
[M::mem_pestat] (25, 50, 75) percentile: (507, 524, 553)
[M::mem_pestat] low and high boundaries for computing mean and std.dev: (415, 645)
[M::mem_pestat] mean and std.dev: (536.26, 32.89)
[M::mem_pestat] low and high boundaries for proper pairs: (369, 691)
[M::mem_pestat] skip orientation RF as there are not enough pairs
[M::mem_pestat] analyzing insert size distribution for orientation RR...
[M::mem_pestat] (25, 50, 75) percentile: (540, 1044, 2379)
[M::mem_pestat] low and high boundaries for computing mean and std.dev: (1, 6057)
[M::mem_pestat] mean and std.dev: (1621.84, 1454.79)
[M::mem_pestat] low and high boundaries for proper pairs: (1, 7896)
[M::mem_pestat] skip orientation FF
[M::mem_pestat] skip orientation RR
[M::mem_process_seqs] Processed 266668 reads in 257.331 CPU sec, 64.572 real sec
[M::process] read 266668 sequences (40000200 bp)...
[M::mem_pestat] # candidate unique pairs for (FF, FR, RF, RR): (54, 17928, 10, 27)
[M::mem_pestat] analyzing insert size distribution for orientation FF...
[M::mem_pestat] (25, 50, 75) percentile: (144, 205, 299)
[M::mem_pestat] low and high boundaries for computing mean and std.dev: (1, 609)
[M::mem_pestat] mean and std.dev: (193.85, 95.09)
[M::mem_pestat] low and high boundaries for proper pairs: (1, 764)
[M::mem_pestat] analyzing insert size distribution for orientation FR...
[M::mem_pestat] (25, 50, 75) percentile: (507, 524, 554)
[M::mem_pestat] low and high boundaries for computing mean and std.dev: (413, 648)
[M::mem_pestat] mean and std.dev: (536.67, 32.98)
[M::mem_pestat] low and high boundaries for proper pairs: (366, 695)
[M::mem_pestat] analyzing insert size distribution for orientation RF...
[M::mem_pestat] (25, 50, 75) percentile: (322, 1190, 4325)
[M::mem_pestat] low and high boundaries for computing mean and std.dev: (1, 12331)
[M::mem_pestat] mean and std.dev: (2035.50, 2162.30)
[M::mem_pestat] low and high boundaries for proper pairs: (1, 16334)
[M::mem_pestat] analyzing insert size distribution for orientation RR...
[M::mem_pestat] (25, 50, 75) percentile: (278, 710, 1064)
[M::mem_pestat] low and high boundaries for computing mean and std.dev: (1, 2636)
[M::mem_pestat] mean and std.dev: (652.64, 422.53)
[M::mem_pestat] low and high boundaries for proper pairs: (1, 3422)
[M::mem_pestat] skip orientation FF
[M::mem_pestat] skip orientation RF
[M::mem_pestat] skip orientation RR
[M::mem_process_seqs] Processed 266668 reads in 252.600 CPU sec, 63.770 real sec
[M::process] read 266668 sequences (40000200 bp)...
[M::mem_pestat] # candidate unique pairs for (FF, FR, RF, RR): (52, 17917, 9, 21)
[M::mem_pestat] analyzing insert size distribution for orientation FF...
[M::mem_pestat] (25, 50, 75) percentile: (130, 201, 518)
[M::mem_pestat] low and high boundaries for computing mean and std.dev: (1, 1294)
[M::mem_pestat] mean and std.dev: (267.04, 248.71)
[M::mem_pestat] low and high boundaries for proper pairs: (1, 1682)
[M::mem_pestat] analyzing insert size distribution for orientation FR...
[M::mem_pestat] (25, 50, 75) percentile: (507, 524, 553)
[M::mem_pestat] low and high boundaries for computing mean and std.dev: (415, 645)
[M::mem_pestat] mean and std.dev: (535.99, 32.69)
[M::mem_pestat] low and high boundaries for proper pairs: (369, 691)
[M::mem_pestat] skip orientation RF as there are not enough pairs
[M::mem_pestat] analyzing insert size distribution for orientation RR...
[M::mem_pestat] (25, 50, 75) percentile: (380, 830, 1227)
[M::mem_pestat] low and high boundaries for computing mean and std.dev: (1, 2921)
[M::mem_pestat] mean and std.dev: (770.05, 542.64)
[M::mem_pestat] low and high boundaries for proper pairs: (1, 3768)
[M::mem_pestat] skip orientation FF
[M::mem_pestat] skip orientation RR
[M::mem_process_seqs] Processed 266668 reads in 257.359 CPU sec, 64.957 real sec
[M::process] read 266668 sequences (40000200 bp)...
[M::mem_pestat] # candidate unique pairs for (FF, FR, RF, RR): (55, 18216, 9, 22)
[M::mem_pestat] analyzing insert size distribution for orientation FF...
[M::mem_pestat] (25, 50, 75) percentile: (130, 201, 708)
[M::mem_pestat] low and high boundaries for computing mean and std.dev: (1, 1864)
[M::mem_pestat] mean and std.dev: (347.98, 431.37)
[M::mem_pestat] low and high boundaries for proper pairs: (1, 2442)
[M::mem_pestat] analyzing insert size distribution for orientation FR...
[M::mem_pestat] (25, 50, 75) percentile: (507, 525, 554)
[M::mem_pestat] low and high boundaries for computing mean and std.dev: (413, 648)
[M::mem_pestat] mean and std.dev: (537.29, 33.71)
[M::mem_pestat] low and high boundaries for proper pairs: (366, 695)
[M::mem_pestat] skip orientation RF as there are not enough pairs
[M::mem_pestat] analyzing insert size distribution for orientation RR...
[M::mem_pestat] (25, 50, 75) percentile: (325, 874, 1818)
[M::mem_pestat] low and high boundaries for computing mean and std.dev: (1, 4804)
[M::mem_pestat] mean and std.dev: (1351.82, 1390.67)
[M::mem_pestat] low and high boundaries for proper pairs: (1, 6914)
[M::mem_pestat] skip orientation FF
[M::mem_pestat] skip orientation RR
[M::mem_process_seqs] Processed 266668 reads in 257.627 CPU sec, 65.053 real sec
[M::process] read 266668 sequences (40000200 bp)...
[M::mem_pestat] # candidate unique pairs for (FF, FR, RF, RR): (49, 18080, 7, 27)
[M::mem_pestat] analyzing insert size distribution for orientation FF...
[M::mem_pestat] (25, 50, 75) percentile: (145, 221, 349)
[M::mem_pestat] low and high boundaries for computing mean and std.dev: (1, 757)
[M::mem_pestat] mean and std.dev: (204.35, 114.59)
[M::mem_pestat] low and high boundaries for proper pairs: (1, 961)
[M::mem_pestat] analyzing insert size distribution for orientation FR...
[M::mem_pestat] (25, 50, 75) percentile: (507, 524, 553)
[M::mem_pestat] low and high boundaries for computing mean and std.dev: (415, 645)
[M::mem_pestat] mean and std.dev: (536.52, 33.07)
[M::mem_pestat] low and high boundaries for proper pairs: (369, 691)
[M::mem_pestat] skip orientation RF as there are not enough pairs
[M::mem_pestat] analyzing insert size distribution for orientation RR...
[M::mem_pestat] (25, 50, 75) percentile: (480, 940, 1762)
[M::mem_pestat] low and high boundaries for computing mean and std.dev: (1, 4326)
[M::mem_pestat] mean and std.dev: (1048.25, 940.11)
[M::mem_pestat] low and high boundaries for proper pairs: (1, 5608)
[M::mem_pestat] skip orientation FF
[M::mem_pestat] skip orientation RR
[M::mem_process_seqs] Processed 266668 reads in 251.691 CPU sec, 63.602 real sec
[M::process] read 266668 sequences (40000200 bp)...
[M::mem_pestat] # candidate unique pairs for (FF, FR, RF, RR): (56, 18070, 19, 12)
[M::mem_pestat] analyzing insert size distribution for orientation FF...
[M::mem_pestat] (25, 50, 75) percentile: (149, 217, 317)
[M::mem_pestat] low and high boundaries for computing mean and std.dev: (1, 653)
[M::mem_pestat] mean and std.dev: (195.24, 92.61)
[M::mem_pestat] low and high boundaries for proper pairs: (1, 821)
[M::mem_pestat] analyzing insert size distribution for orientation FR...
[M::mem_pestat] (25, 50, 75) percentile: (507, 524, 554)
[M::mem_pestat] low and high boundaries for computing mean and std.dev: (413, 648)
[M::mem_pestat] mean and std.dev: (536.92, 33.62)
[M::mem_pestat] low and high boundaries for proper pairs: (366, 695)
[M::mem_pestat] analyzing insert size distribution for orientation RF...
[M::mem_pestat] (25, 50, 75) percentile: (247, 422, 1234)
[M::mem_pestat] low and high boundaries for computing mean and std.dev: (1, 3208)
[M::mem_pestat] mean and std.dev: (679.00, 772.77)
[M::mem_pestat] low and high boundaries for proper pairs: (1, 4195)
[M::mem_pestat] analyzing insert size distribution for orientation RR...
[M::mem_pestat] (25, 50, 75) percentile: (171, 501, 1468)
[M::mem_pestat] low and high boundaries for computing mean and std.dev: (1, 4062)
[M::mem_pestat] mean and std.dev: (843.00, 871.14)
[M::mem_pestat] low and high boundaries for proper pairs: (1, 5359)
[M::mem_pestat] skip orientation FF
[M::mem_pestat] skip orientation RF
[M::mem_pestat] skip orientation RR
[M::mem_process_seqs] Processed 266668 reads in 257.166 CPU sec, 64.712 real sec
[M::process] read 266668 sequences (40000200 bp)...
[M::mem_pestat] # candidate unique pairs for (FF, FR, RF, RR): (48, 18083, 13, 20)
[M::mem_pestat] analyzing insert size distribution for orientation FF...
[M::mem_pestat] (25, 50, 75) percentile: (166, 238, 708)
[M::mem_pestat] low and high boundaries for computing mean and std.dev: (1, 1792)
[M::mem_pestat] mean and std.dev: (397.91, 393.24)
[M::mem_pestat] low and high boundaries for proper pairs: (1, 2334)
[M::mem_pestat] analyzing insert size distribution for orientation FR...
[M::mem_pestat] (25, 50, 75) percentile: (507, 525, 554)
[M::mem_pestat] low and high boundaries for computing mean and std.dev: (413, 648)
[M::mem_pestat] mean and std.dev: (536.75, 33.14)
[M::mem_pestat] low and high boundaries for proper pairs: (366, 695)
[M::mem_pestat] analyzing insert size distribution for orientation RF...
[M::mem_pestat] (25, 50, 75) percentile: (376, 621, 1682)
[M::mem_pestat] low and high boundaries for computing mean and std.dev: (1, 4294)
[M::mem_pestat] mean and std.dev: (741.33, 613.58)
[M::mem_pestat] low and high boundaries for proper pairs: (1, 5600)
[M::mem_pestat] analyzing insert size distribution for orientation RR...
[M::mem_pestat] (25, 50, 75) percentile: (269, 587, 2016)
[M::mem_pestat] low and high boundaries for computing mean and std.dev: (1, 5510)
[M::mem_pestat] mean and std.dev: (968.21, 1099.89)
[M::mem_pestat] low and high boundaries for proper pairs: (1, 7257)
[M::mem_pestat] skip orientation FF
[M::mem_pestat] skip orientation RF
[M::mem_pestat] skip orientation RR
[M::mem_process_seqs] Processed 266668 reads in 253.863 CPU sec, 63.726 real sec
[M::process] read 266668 sequences (40000200 bp)...
[M::mem_pestat] # candidate unique pairs for (FF, FR, RF, RR): (49, 18217, 15, 25)
[M::mem_pestat] analyzing insert size distribution for orientation FF...
[M::mem_pestat] (25, 50, 75) percentile: (143, 210, 529)
[M::mem_pestat] low and high boundaries for computing mean and std.dev: (1, 1301)
[M::mem_pestat] mean and std.dev: (247.34, 245.72)
[M::mem_pestat] low and high boundaries for proper pairs: (1, 1687)
[M::mem_pestat] analyzing insert size distribution for orientation FR...
[M::mem_pestat] (25, 50, 75) percentile: (507, 525, 554)
[M::mem_pestat] low and high boundaries for computing mean and std.dev: (413, 648)
[M::mem_pestat] mean and std.dev: (537.02, 33.57)
[M::mem_pestat] low and high boundaries for proper pairs: (366, 695)
[M::mem_pestat] analyzing insert size distribution for orientation RF...
[M::mem_pestat] (25, 50, 75) percentile: (395, 957, 3530)
[M::mem_pestat] low and high boundaries for computing mean and std.dev: (1, 9800)
[M::mem_pestat] mean and std.dev: (1964.87, 2332.69)
[M::mem_pestat] low and high boundaries for proper pairs: (1, 12935)
[M::mem_pestat] analyzing insert size distribution for orientation RR...
[M::mem_pestat] (25, 50, 75) percentile: (191, 980, 1480)
[M::mem_pestat] low and high boundaries for computing mean and std.dev: (1, 4058)
[M::mem_pestat] mean and std.dev: (917.92, 794.10)
[M::mem_pestat] low and high boundaries for proper pairs: (1, 5347)
[M::mem_pestat] skip orientation FF
[M::mem_pestat] skip orientation RF
[M::mem_pestat] skip orientation RR
[M::mem_process_seqs] Processed 266668 reads in 255.885 CPU sec, 64.131 real sec
[M::process] read 222220 sequences (33333000 bp)...
[M::mem_pestat] # candidate unique pairs for (FF, FR, RF, RR): (54, 18428, 21, 18)
[M::mem_pestat] analyzing insert size distribution for orientation FF...
[M::mem_pestat] (25, 50, 75) percentile: (155, 220, 478)
[M::mem_pestat] low and high boundaries for computing mean and std.dev: (1, 1124)
[M::mem_pestat] mean and std.dev: (250.00, 188.88)
[M::mem_pestat] low and high boundaries for proper pairs: (1, 1447)
[M::mem_pestat] analyzing insert size distribution for orientation FR...
[M::mem_pestat] (25, 50, 75) percentile: (507, 525, 554)
[M::mem_pestat] low and high boundaries for computing mean and std.dev: (413, 648)
[M::mem_pestat] mean and std.dev: (537.07, 33.27)
[M::mem_pestat] low and high boundaries for proper pairs: (366, 695)
[M::mem_pestat] analyzing insert size distribution for orientation RF...
[M::mem_pestat] (25, 50, 75) percentile: (102, 416, 2159)
[M::mem_pestat] low and high boundaries for computing mean and std.dev: (1, 6273)
[M::mem_pestat] mean and std.dev: (852.00, 1009.01)
[M::mem_pestat] low and high boundaries for proper pairs: (1, 8330)
[M::mem_pestat] analyzing insert size distribution for orientation RR...
[M::mem_pestat] (25, 50, 75) percentile: (301, 1054, 2378)
[M::mem_pestat] low and high boundaries for computing mean and std.dev: (1, 6532)
[M::mem_pestat] mean and std.dev: (1529.44, 1592.71)
[M::mem_pestat] low and high boundaries for proper pairs: (1, 8609)
[M::mem_pestat] skip orientation FF
[M::mem_pestat] skip orientation RF
[M::mem_pestat] skip orientation RR
[M::mem_process_seqs] Processed 266668 reads in 255.777 CPU sec, 64.245 real sec
[M::mem_pestat] # candidate unique pairs for (FF, FR, RF, RR): (51, 15566, 11, 19)
[M::mem_pestat] analyzing insert size distribution for orientation FF...
[M::mem_pestat] (25, 50, 75) percentile: (139, 191, 302)
[M::mem_pestat] low and high boundaries for computing mean and std.dev: (1, 628)
[M::mem_pestat] mean and std.dev: (183.22, 93.99)
[M::mem_pestat] low and high boundaries for proper pairs: (1, 791)
[M::mem_pestat] analyzing insert size distribution for orientation FR...
[M::mem_pestat] (25, 50, 75) percentile: (507, 525, 555)
[M::mem_pestat] low and high boundaries for computing mean and std.dev: (411, 651)
[M::mem_pestat] mean and std.dev: (537.27, 34.13)
[M::mem_pestat] low and high boundaries for proper pairs: (363, 699)
[M::mem_pestat] analyzing insert size distribution for orientation RF...
[M::mem_pestat] (25, 50, 75) percentile: (387, 1184, 2287)
[M::mem_pestat] low and high boundaries for computing mean and std.dev: (1, 6087)
[M::mem_pestat] mean and std.dev: (1436.45, 1337.34)
[M::mem_pestat] low and high boundaries for proper pairs: (1, 7987)
[M::mem_pestat] analyzing insert size distribution for orientation RR...
[M::mem_pestat] (25, 50, 75) percentile: (274, 668, 1457)
[M::mem_pestat] low and high boundaries for computing mean and std.dev: (1, 3823)
[M::mem_pestat] mean and std.dev: (769.47, 672.31)
[M::mem_pestat] low and high boundaries for proper pairs: (1, 5006)
[M::mem_pestat] skip orientation FF
[M::mem_pestat] skip orientation RF
[M::mem_pestat] skip orientation RR
[M::mem_process_seqs] Processed 222220 reads in 211.221 CPU sec, 52.966 real sec
[main] Version: 0.7.17-r1188
[main] CMD: bwa mem -t 4 -a /mnt/raid6/bacphagenetwork/data/bwa_index/Homo_sapiens.GRCh38.dna.toplevel.fa /mnt/raid6/bacphagenetwork/data/skin_metagenome/Beijing/02_rm_host/BJ022_1.fastq.gz /mnt/raid6/bacphagenetwork/data/skin_metagenome/Beijing/02_rm_host/BJ022_2.fastq.gz
[main] Real time: 3056.198 sec; CPU: 12106.577 sec
