/home/bacphagenetwork/.bashrc: line 15: Custom: command not found
[M::bwa_idx_load_from_disk] read 0 ALT contigs
[M::process] read 266668 sequences (40000200 bp)...
[M::process] read 266668 sequences (40000200 bp)...
[M::mem_pestat] # candidate unique pairs for (FF, FR, RF, RR): (21, 6625, 3, 13)
[M::mem_pestat] analyzing insert size distribution for orientation FF...
[M::mem_pestat] (25, 50, 75) percentile: (122, 222, 943)
[M::mem_pestat] low and high boundaries for computing mean and std.dev: (1, 2585)
[M::mem_pestat] mean and std.dev: (367.17, 403.68)
[M::mem_pestat] low and high boundaries for proper pairs: (1, 3406)
[M::mem_pestat] analyzing insert size distribution for orientation FR...
[M::mem_pestat] (25, 50, 75) percentile: (215, 396, 522)
[M::mem_pestat] low and high boundaries for computing mean and std.dev: (1, 1136)
[M::mem_pestat] mean and std.dev: (374.27, 172.35)
[M::mem_pestat] low and high boundaries for proper pairs: (1, 1443)
[M::mem_pestat] skip orientation RF as there are not enough pairs
[M::mem_pestat] analyzing insert size distribution for orientation RR...
[M::mem_pestat] (25, 50, 75) percentile: (772, 1596, 3317)
[M::mem_pestat] low and high boundaries for computing mean and std.dev: (1, 8407)
[M::mem_pestat] mean and std.dev: (1953.00, 1466.15)
[M::mem_pestat] low and high boundaries for proper pairs: (1, 10952)
[M::mem_pestat] skip orientation FF
[M::mem_pestat] skip orientation RR
[M::mem_process_seqs] Processed 266668 reads in 401.927 CPU sec, 101.014 real sec
[M::process] read 266668 sequences (40000200 bp)...
[M::mem_pestat] # candidate unique pairs for (FF, FR, RF, RR): (20, 6381, 9, 8)
[M::mem_pestat] analyzing insert size distribution for orientation FF...
[M::mem_pestat] (25, 50, 75) percentile: (161, 267, 890)
[M::mem_pestat] low and high boundaries for computing mean and std.dev: (1, 2348)
[M::mem_pestat] mean and std.dev: (459.84, 466.12)
[M::mem_pestat] low and high boundaries for proper pairs: (1, 3077)
[M::mem_pestat] analyzing insert size distribution for orientation FR...
[M::mem_pestat] (25, 50, 75) percentile: (210, 378, 520)
[M::mem_pestat] low and high boundaries for computing mean and std.dev: (1, 1140)
[M::mem_pestat] mean and std.dev: (369.41, 169.65)
[M::mem_pestat] low and high boundaries for proper pairs: (1, 1450)
[M::mem_pestat] skip orientation RF as there are not enough pairs
[M::mem_pestat] skip orientation RR as there are not enough pairs
[M::mem_pestat] skip orientation FF
[M::mem_process_seqs] Processed 266668 reads in 413.072 CPU sec, 103.837 real sec
[M::process] read 266668 sequences (40000200 bp)...
[M::mem_pestat] # candidate unique pairs for (FF, FR, RF, RR): (21, 6528, 5, 9)
[M::mem_pestat] analyzing insert size distribution for orientation FF...
[M::mem_pestat] (25, 50, 75) percentile: (145, 219, 1017)
[M::mem_pestat] low and high boundaries for computing mean and std.dev: (1, 2761)
[M::mem_pestat] mean and std.dev: (479.50, 538.41)
[M::mem_pestat] low and high boundaries for proper pairs: (1, 3633)
[M::mem_pestat] analyzing insert size distribution for orientation FR...
[M::mem_pestat] (25, 50, 75) percentile: (222, 404, 522)
[M::mem_pestat] low and high boundaries for computing mean and std.dev: (1, 1122)
[M::mem_pestat] mean and std.dev: (375.74, 170.50)
[M::mem_pestat] low and high boundaries for proper pairs: (1, 1422)
[M::mem_pestat] skip orientation RF as there are not enough pairs
[M::mem_pestat] skip orientation RR as there are not enough pairs
[M::mem_pestat] skip orientation FF
[M::mem_process_seqs] Processed 266668 reads in 402.842 CPU sec, 100.872 real sec
[M::process] read 266668 sequences (40000200 bp)...
[M::mem_pestat] # candidate unique pairs for (FF, FR, RF, RR): (10, 6433, 8, 7)
[M::mem_pestat] analyzing insert size distribution for orientation FF...
[M::mem_pestat] (25, 50, 75) percentile: (80, 204, 344)
[M::mem_pestat] low and high boundaries for computing mean and std.dev: (1, 872)
[M::mem_pestat] mean and std.dev: (249.60, 228.91)
[M::mem_pestat] low and high boundaries for proper pairs: (1, 1165)
[M::mem_pestat] analyzing insert size distribution for orientation FR...
[M::mem_pestat] (25, 50, 75) percentile: (216, 367, 519)
[M::mem_pestat] low and high boundaries for computing mean and std.dev: (1, 1125)
[M::mem_pestat] mean and std.dev: (368.84, 169.43)
[M::mem_pestat] low and high boundaries for proper pairs: (1, 1428)
[M::mem_pestat] skip orientation RF as there are not enough pairs
[M::mem_pestat] skip orientation RR as there are not enough pairs
[M::mem_pestat] skip orientation FF
[M::mem_process_seqs] Processed 266668 reads in 410.935 CPU sec, 102.912 real sec
[M::process] read 266668 sequences (40000200 bp)...
[M::mem_pestat] # candidate unique pairs for (FF, FR, RF, RR): (21, 6654, 7, 9)
[M::mem_pestat] analyzing insert size distribution for orientation FF...
[M::mem_pestat] (25, 50, 75) percentile: (167, 284, 905)
[M::mem_pestat] low and high boundaries for computing mean and std.dev: (1, 2381)
[M::mem_pestat] mean and std.dev: (551.75, 568.36)
[M::mem_pestat] low and high boundaries for proper pairs: (1, 3119)
[M::mem_pestat] analyzing insert size distribution for orientation FR...
[M::mem_pestat] (25, 50, 75) percentile: (206, 371, 521)
[M::mem_pestat] low and high boundaries for computing mean and std.dev: (1, 1151)
[M::mem_pestat] mean and std.dev: (368.70, 172.46)
[M::mem_pestat] low and high boundaries for proper pairs: (1, 1466)
[M::mem_pestat] skip orientation RF as there are not enough pairs
[M::mem_pestat] skip orientation RR as there are not enough pairs
[M::mem_pestat] skip orientation FF
[M::mem_process_seqs] Processed 266668 reads in 405.542 CPU sec, 101.632 real sec
[M::process] read 266668 sequences (40000200 bp)...
[M::mem_pestat] # candidate unique pairs for (FF, FR, RF, RR): (9, 6564, 8, 6)
[M::mem_pestat] skip orientation FF as there are not enough pairs
[M::mem_pestat] analyzing insert size distribution for orientation FR...
[M::mem_pestat] (25, 50, 75) percentile: (224, 379, 521)
[M::mem_pestat] low and high boundaries for computing mean and std.dev: (1, 1115)
[M::mem_pestat] mean and std.dev: (372.83, 169.11)
[M::mem_pestat] low and high boundaries for proper pairs: (1, 1412)
[M::mem_pestat] skip orientation RF as there are not enough pairs
[M::mem_pestat] skip orientation RR as there are not enough pairs
[M::mem_process_seqs] Processed 266668 reads in 408.897 CPU sec, 102.607 real sec
[M::process] read 266668 sequences (40000200 bp)...
[M::mem_pestat] # candidate unique pairs for (FF, FR, RF, RR): (23, 6453, 5, 8)
[M::mem_pestat] analyzing insert size distribution for orientation FF...
[M::mem_pestat] (25, 50, 75) percentile: (202, 299, 1015)
[M::mem_pestat] low and high boundaries for computing mean and std.dev: (1, 2641)
[M::mem_pestat] mean and std.dev: (536.71, 562.27)
[M::mem_pestat] low and high boundaries for proper pairs: (1, 3454)
[M::mem_pestat] analyzing insert size distribution for orientation FR...
[M::mem_pestat] (25, 50, 75) percentile: (209, 357, 519)
[M::mem_pestat] low and high boundaries for computing mean and std.dev: (1, 1139)
[M::mem_pestat] mean and std.dev: (365.52, 170.68)
[M::mem_pestat] low and high boundaries for proper pairs: (1, 1449)
[M::mem_pestat] skip orientation RF as there are not enough pairs
[M::mem_pestat] skip orientation RR as there are not enough pairs
[M::mem_pestat] skip orientation FF
[M::mem_process_seqs] Processed 266668 reads in 422.442 CPU sec, 110.948 real sec
[M::process] read 266668 sequences (40000200 bp)...
[M::mem_pestat] # candidate unique pairs for (FF, FR, RF, RR): (22, 6448, 4, 10)
[M::mem_pestat] analyzing insert size distribution for orientation FF...
[M::mem_pestat] (25, 50, 75) percentile: (166, 241, 331)
[M::mem_pestat] low and high boundaries for computing mean and std.dev: (1, 661)
[M::mem_pestat] mean and std.dev: (188.41, 79.21)
[M::mem_pestat] low and high boundaries for proper pairs: (1, 826)
[M::mem_pestat] analyzing insert size distribution for orientation FR...
[M::mem_pestat] (25, 50, 75) percentile: (204, 373, 519)
[M::mem_pestat] low and high boundaries for computing mean and std.dev: (1, 1149)
[M::mem_pestat] mean and std.dev: (368.84, 171.49)
[M::mem_pestat] low and high boundaries for proper pairs: (1, 1464)
[M::mem_pestat] skip orientation RF as there are not enough pairs
[M::mem_pestat] analyzing insert size distribution for orientation RR...
[M::mem_pestat] (25, 50, 75) percentile: (183, 833, 948)
[M::mem_pestat] low and high boundaries for computing mean and std.dev: (1, 2478)
[M::mem_pestat] mean and std.dev: (544.78, 368.42)
[M::mem_pestat] low and high boundaries for proper pairs: (1, 3243)
[M::mem_pestat] skip orientation FF
[M::mem_pestat] skip orientation RR
[M::mem_process_seqs] Processed 266668 reads in 421.842 CPU sec, 110.830 real sec
[M::process] read 266668 sequences (40000200 bp)...
[M::mem_pestat] # candidate unique pairs for (FF, FR, RF, RR): (16, 6506, 5, 9)
[M::mem_pestat] analyzing insert size distribution for orientation FF...
[M::mem_pestat] (25, 50, 75) percentile: (113, 173, 650)
[M::mem_pestat] low and high boundaries for computing mean and std.dev: (1, 1724)
[M::mem_pestat] mean and std.dev: (240.57, 243.42)
[M::mem_pestat] low and high boundaries for proper pairs: (1, 2261)
[M::mem_pestat] analyzing insert size distribution for orientation FR...
[M::mem_pestat] (25, 50, 75) percentile: (205, 368, 521)
[M::mem_pestat] low and high boundaries for computing mean and std.dev: (1, 1153)
[M::mem_pestat] mean and std.dev: (367.74, 171.57)
[M::mem_pestat] low and high boundaries for proper pairs: (1, 1469)
[M::mem_pestat] skip orientation RF as there are not enough pairs
[M::mem_pestat] skip orientation RR as there are not enough pairs
[M::mem_pestat] skip orientation FF
[M::mem_process_seqs] Processed 266668 reads in 412.935 CPU sec, 104.541 real sec
[M::process] read 266668 sequences (40000200 bp)...
[M::mem_pestat] # candidate unique pairs for (FF, FR, RF, RR): (19, 6516, 4, 7)
[M::mem_pestat] analyzing insert size distribution for orientation FF...
[M::mem_pestat] (25, 50, 75) percentile: (120, 214, 704)
[M::mem_pestat] low and high boundaries for computing mean and std.dev: (1, 1872)
[M::mem_pestat] mean and std.dev: (417.42, 407.94)
[M::mem_pestat] low and high boundaries for proper pairs: (1, 2456)
[M::mem_pestat] analyzing insert size distribution for orientation FR...
[M::mem_pestat] (25, 50, 75) percentile: (220, 402, 523)
[M::mem_pestat] low and high boundaries for computing mean and std.dev: (1, 1129)
[M::mem_pestat] mean and std.dev: (376.35, 171.47)
[M::mem_pestat] low and high boundaries for proper pairs: (1, 1432)
[M::mem_pestat] skip orientation RF as there are not enough pairs
[M::mem_pestat] skip orientation RR as there are not enough pairs
[M::mem_pestat] skip orientation FF
[M::mem_process_seqs] Processed 266668 reads in 412.173 CPU sec, 103.468 real sec
[M::process] read 266668 sequences (40000200 bp)...
[M::mem_pestat] # candidate unique pairs for (FF, FR, RF, RR): (20, 6371, 5, 6)
[M::mem_pestat] analyzing insert size distribution for orientation FF...
[M::mem_pestat] (25, 50, 75) percentile: (187, 262, 1416)
[M::mem_pestat] low and high boundaries for computing mean and std.dev: (1, 3874)
[M::mem_pestat] mean and std.dev: (770.58, 953.10)
[M::mem_pestat] low and high boundaries for proper pairs: (1, 5103)
[M::mem_pestat] analyzing insert size distribution for orientation FR...
[M::mem_pestat] (25, 50, 75) percentile: (203, 366, 519)
[M::mem_pestat] low and high boundaries for computing mean and std.dev: (1, 1151)
[M::mem_pestat] mean and std.dev: (366.39, 171.18)
[M::mem_pestat] low and high boundaries for proper pairs: (1, 1467)
[M::mem_pestat] skip orientation RF as there are not enough pairs
[M::mem_pestat] skip orientation RR as there are not enough pairs
[M::mem_pestat] skip orientation FF
[M::mem_process_seqs] Processed 266668 reads in 413.311 CPU sec, 103.614 real sec
[M::process] read 266668 sequences (40000200 bp)...
[M::mem_pestat] # candidate unique pairs for (FF, FR, RF, RR): (19, 6491, 7, 10)
[M::mem_pestat] analyzing insert size distribution for orientation FF...
[M::mem_pestat] (25, 50, 75) percentile: (235, 412, 1021)
[M::mem_pestat] low and high boundaries for computing mean and std.dev: (1, 2593)
[M::mem_pestat] mean and std.dev: (535.29, 513.74)
[M::mem_pestat] low and high boundaries for proper pairs: (1, 3379)
[M::mem_pestat] analyzing insert size distribution for orientation FR...
[M::mem_pestat] (25, 50, 75) percentile: (214, 378, 521)
[M::mem_pestat] low and high boundaries for computing mean and std.dev: (1, 1135)
[M::mem_pestat] mean and std.dev: (371.02, 171.35)
[M::mem_pestat] low and high boundaries for proper pairs: (1, 1442)
[M::mem_pestat] skip orientation RF as there are not enough pairs
[M::mem_pestat] analyzing insert size distribution for orientation RR...
[M::mem_pestat] (25, 50, 75) percentile: (285, 899, 2139)
[M::mem_pestat] low and high boundaries for computing mean and std.dev: (1, 5847)
[M::mem_pestat] mean and std.dev: (1204.30, 963.73)
[M::mem_pestat] low and high boundaries for proper pairs: (1, 7701)
[M::mem_pestat] skip orientation FF
[M::mem_pestat] skip orientation RR
[M::mem_process_seqs] Processed 266668 reads in 412.611 CPU sec, 103.855 real sec
[M::process] read 266668 sequences (40000200 bp)...
[M::mem_pestat] # candidate unique pairs for (FF, FR, RF, RR): (20, 6416, 5, 12)
[M::mem_pestat] analyzing insert size distribution for orientation FF...
[M::mem_pestat] (25, 50, 75) percentile: (150, 231, 1018)
[M::mem_pestat] low and high boundaries for computing mean and std.dev: (1, 2754)
[M::mem_pestat] mean and std.dev: (348.65, 401.21)
[M::mem_pestat] low and high boundaries for proper pairs: (1, 3622)
[M::mem_pestat] analyzing insert size distribution for orientation FR...
[M::mem_pestat] (25, 50, 75) percentile: (211, 387, 521)
[M::mem_pestat] low and high boundaries for computing mean and std.dev: (1, 1141)
[M::mem_pestat] mean and std.dev: (371.88, 171.52)
[M::mem_pestat] low and high boundaries for proper pairs: (1, 1451)
[M::mem_pestat] skip orientation RF as there are not enough pairs
[M::mem_pestat] analyzing insert size distribution for orientation RR...
[M::mem_pestat] (25, 50, 75) percentile: (241, 991, 1796)
[M::mem_pestat] low and high boundaries for computing mean and std.dev: (1, 4906)
[M::mem_pestat] mean and std.dev: (848.45, 647.11)
[M::mem_pestat] low and high boundaries for proper pairs: (1, 6461)
[M::mem_pestat] skip orientation FF
[M::mem_pestat] skip orientation RR
[M::mem_process_seqs] Processed 266668 reads in 417.648 CPU sec, 106.026 real sec
[M::process] read 266668 sequences (40000200 bp)...
[M::mem_pestat] # candidate unique pairs for (FF, FR, RF, RR): (17, 6614, 4, 10)
[M::mem_pestat] analyzing insert size distribution for orientation FF...
[M::mem_pestat] (25, 50, 75) percentile: (123, 255, 1505)
[M::mem_pestat] low and high boundaries for computing mean and std.dev: (1, 4269)
[M::mem_pestat] mean and std.dev: (931.24, 1253.71)
[M::mem_pestat] low and high boundaries for proper pairs: (1, 5946)
[M::mem_pestat] analyzing insert size distribution for orientation FR...
[M::mem_pestat] (25, 50, 75) percentile: (202, 366, 520)
[M::mem_pestat] low and high boundaries for computing mean and std.dev: (1, 1156)
[M::mem_pestat] mean and std.dev: (366.74, 171.93)
[M::mem_pestat] low and high boundaries for proper pairs: (1, 1474)
[M::mem_pestat] skip orientation RF as there are not enough pairs
[M::mem_pestat] analyzing insert size distribution for orientation RR...
[M::mem_pestat] (25, 50, 75) percentile: (240, 689, 951)
[M::mem_pestat] low and high boundaries for computing mean and std.dev: (1, 2373)
[M::mem_pestat] mean and std.dev: (539.22, 353.28)
[M::mem_pestat] low and high boundaries for proper pairs: (1, 3084)
[M::mem_pestat] skip orientation FF
[M::mem_pestat] skip orientation RR
[M::mem_process_seqs] Processed 266668 reads in 413.613 CPU sec, 104.747 real sec
[M::process] read 266668 sequences (40000200 bp)...
[M::mem_pestat] # candidate unique pairs for (FF, FR, RF, RR): (17, 6490, 1, 7)
[M::mem_pestat] analyzing insert size distribution for orientation FF...
[M::mem_pestat] (25, 50, 75) percentile: (114, 235, 1537)
[M::mem_pestat] low and high boundaries for computing mean and std.dev: (1, 4383)
[M::mem_pestat] mean and std.dev: (469.93, 548.11)
[M::mem_pestat] low and high boundaries for proper pairs: (1, 5806)
[M::mem_pestat] analyzing insert size distribution for orientation FR...
[M::mem_pestat] (25, 50, 75) percentile: (217, 382, 521)
[M::mem_pestat] low and high boundaries for computing mean and std.dev: (1, 1129)
[M::mem_pestat] mean and std.dev: (372.43, 171.01)
[M::mem_pestat] low and high boundaries for proper pairs: (1, 1433)
[M::mem_pestat] skip orientation RF as there are not enough pairs
[M::mem_pestat] skip orientation RR as there are not enough pairs
[M::mem_pestat] skip orientation FF
[M::mem_process_seqs] Processed 266668 reads in 412.470 CPU sec, 103.389 real sec
[M::process] read 266668 sequences (40000200 bp)...
[M::mem_pestat] # candidate unique pairs for (FF, FR, RF, RR): (17, 6735, 9, 10)
[M::mem_pestat] analyzing insert size distribution for orientation FF...
[M::mem_pestat] (25, 50, 75) percentile: (218, 526, 1559)
[M::mem_pestat] low and high boundaries for computing mean and std.dev: (1, 4241)
[M::mem_pestat] mean and std.dev: (701.27, 866.05)
[M::mem_pestat] low and high boundaries for proper pairs: (1, 5582)
[M::mem_pestat] analyzing insert size distribution for orientation FR...
[M::mem_pestat] (25, 50, 75) percentile: (219, 393, 523)
[M::mem_pestat] low and high boundaries for computing mean and std.dev: (1, 1131)
[M::mem_pestat] mean and std.dev: (373.54, 170.89)
[M::mem_pestat] low and high boundaries for proper pairs: (1, 1435)
[M::mem_pestat] skip orientation RF as there are not enough pairs
[M::mem_pestat] analyzing insert size distribution for orientation RR...
[M::mem_pestat] (25, 50, 75) percentile: (376, 907, 1820)
[M::mem_pestat] low and high boundaries for computing mean and std.dev: (1, 4708)
[M::mem_pestat] mean and std.dev: (995.11, 735.86)
[M::mem_pestat] low and high boundaries for proper pairs: (1, 6152)
[M::mem_pestat] skip orientation FF
[M::mem_pestat] skip orientation RR
[M::mem_process_seqs] Processed 266668 reads in 422.000 CPU sec, 105.873 real sec
[M::process] read 266668 sequences (40000200 bp)...
[M::mem_pestat] # candidate unique pairs for (FF, FR, RF, RR): (26, 6580, 4, 10)
[M::mem_pestat] analyzing insert size distribution for orientation FF...
[M::mem_pestat] (25, 50, 75) percentile: (109, 168, 997)
[M::mem_pestat] low and high boundaries for computing mean and std.dev: (1, 2773)
[M::mem_pestat] mean and std.dev: (509.80, 668.62)
[M::mem_pestat] low and high boundaries for proper pairs: (1, 3661)
[M::mem_pestat] analyzing insert size distribution for orientation FR...
[M::mem_pestat] (25, 50, 75) percentile: (217, 390, 522)
[M::mem_pestat] low and high boundaries for computing mean and std.dev: (1, 1132)
[M::mem_pestat] mean and std.dev: (373.45, 172.06)
[M::mem_pestat] low and high boundaries for proper pairs: (1, 1437)
[M::mem_pestat] skip orientation RF as there are not enough pairs
[M::mem_pestat] analyzing insert size distribution for orientation RR...
[M::mem_pestat] (25, 50, 75) percentile: (172, 685, 1066)
[M::mem_pestat] low and high boundaries for computing mean and std.dev: (1, 2854)
[M::mem_pestat] mean and std.dev: (558.78, 502.42)
[M::mem_pestat] low and high boundaries for proper pairs: (1, 3748)
[M::mem_pestat] skip orientation FF
[M::mem_pestat] skip orientation RR
[M::mem_process_seqs] Processed 266668 reads in 410.429 CPU sec, 102.829 real sec
[M::process] read 266668 sequences (40000200 bp)...
[M::mem_pestat] # candidate unique pairs for (FF, FR, RF, RR): (15, 6546, 6, 10)
[M::mem_pestat] analyzing insert size distribution for orientation FF...
[M::mem_pestat] (25, 50, 75) percentile: (172, 338, 1268)
[M::mem_pestat] low and high boundaries for computing mean and std.dev: (1, 3460)
[M::mem_pestat] mean and std.dev: (663.53, 615.25)
[M::mem_pestat] low and high boundaries for proper pairs: (1, 4556)
[M::mem_pestat] analyzing insert size distribution for orientation FR...
[M::mem_pestat] (25, 50, 75) percentile: (210, 366, 521)
[M::mem_pestat] low and high boundaries for computing mean and std.dev: (1, 1143)
[M::mem_pestat] mean and std.dev: (367.89, 172.34)
[M::mem_pestat] low and high boundaries for proper pairs: (1, 1454)
[M::mem_pestat] skip orientation RF as there are not enough pairs
[M::mem_pestat] analyzing insert size distribution for orientation RR...
[M::mem_pestat] (25, 50, 75) percentile: (76, 481, 644)
[M::mem_pestat] low and high boundaries for computing mean and std.dev: (1, 1780)
[M::mem_pestat] mean and std.dev: (355.78, 301.62)
[M::mem_pestat] low and high boundaries for proper pairs: (1, 2348)
[M::mem_pestat] skip orientation FF
[M::mem_pestat] skip orientation RR
[M::mem_process_seqs] Processed 266668 reads in 406.555 CPU sec, 102.206 real sec
[M::process] read 266668 sequences (40000200 bp)...
[M::mem_pestat] # candidate unique pairs for (FF, FR, RF, RR): (26, 6480, 8, 9)
[M::mem_pestat] analyzing insert size distribution for orientation FF...
[M::mem_pestat] (25, 50, 75) percentile: (138, 262, 522)
[M::mem_pestat] low and high boundaries for computing mean and std.dev: (1, 1290)
[M::mem_pestat] mean and std.dev: (332.79, 249.53)
[M::mem_pestat] low and high boundaries for proper pairs: (1, 1674)
[M::mem_pestat] analyzing insert size distribution for orientation FR...
[M::mem_pestat] (25, 50, 75) percentile: (217, 383, 521)
[M::mem_pestat] low and high boundaries for computing mean and std.dev: (1, 1129)
[M::mem_pestat] mean and std.dev: (371.76, 171.94)
[M::mem_pestat] low and high boundaries for proper pairs: (1, 1433)
[M::mem_pestat] skip orientation RF as there are not enough pairs
[M::mem_pestat] skip orientation RR as there are not enough pairs
[M::mem_pestat] skip orientation FF
[M::mem_process_seqs] Processed 266668 reads in 408.076 CPU sec, 102.704 real sec
[M::process] read 266668 sequences (40000200 bp)...
[M::mem_pestat] # candidate unique pairs for (FF, FR, RF, RR): (22, 6566, 9, 11)
[M::mem_pestat] analyzing insert size distribution for orientation FF...
[M::mem_pestat] (25, 50, 75) percentile: (171, 270, 1045)
[M::mem_pestat] low and high boundaries for computing mean and std.dev: (1, 2793)
[M::mem_pestat] mean and std.dev: (438.15, 380.70)
[M::mem_pestat] low and high boundaries for proper pairs: (1, 3667)
[M::mem_pestat] analyzing insert size distribution for orientation FR...
[M::mem_pestat] (25, 50, 75) percentile: (211, 376, 521)
[M::mem_pestat] low and high boundaries for computing mean and std.dev: (1, 1141)
[M::mem_pestat] mean and std.dev: (370.17, 171.42)
[M::mem_pestat] low and high boundaries for proper pairs: (1, 1451)
[M::mem_pestat] skip orientation RF as there are not enough pairs
[M::mem_pestat] analyzing insert size distribution for orientation RR...
[M::mem_pestat] (25, 50, 75) percentile: (156, 299, 706)
[M::mem_pestat] low and high boundaries for computing mean and std.dev: (1, 1806)
[M::mem_pestat] mean and std.dev: (405.00, 275.25)
[M::mem_pestat] low and high boundaries for proper pairs: (1, 2356)
[M::mem_pestat] skip orientation FF
[M::mem_pestat] skip orientation RR
[M::mem_process_seqs] Processed 266668 reads in 408.116 CPU sec, 102.296 real sec
[M::process] read 266668 sequences (40000200 bp)...
[M::mem_pestat] # candidate unique pairs for (FF, FR, RF, RR): (20, 6525, 7, 5)
[M::mem_pestat] analyzing insert size distribution for orientation FF...
[M::mem_pestat] (25, 50, 75) percentile: (157, 247, 1420)
[M::mem_pestat] low and high boundaries for computing mean and std.dev: (1, 3946)
[M::mem_pestat] mean and std.dev: (761.89, 1083.23)
[M::mem_pestat] low and high boundaries for proper pairs: (1, 5209)
[M::mem_pestat] analyzing insert size distribution for orientation FR...
[M::mem_pestat] (25, 50, 75) percentile: (218, 386, 521)
[M::mem_pestat] low and high boundaries for computing mean and std.dev: (1, 1127)
[M::mem_pestat] mean and std.dev: (373.47, 171.28)
[M::mem_pestat] low and high boundaries for proper pairs: (1, 1430)
[M::mem_pestat] skip orientation RF as there are not enough pairs
[M::mem_pestat] skip orientation RR as there are not enough pairs
[M::mem_pestat] skip orientation FF
[M::mem_process_seqs] Processed 266668 reads in 399.587 CPU sec, 100.062 real sec
[M::process] read 266668 sequences (40000200 bp)...
[M::mem_pestat] # candidate unique pairs for (FF, FR, RF, RR): (14, 6519, 5, 12)
[M::mem_pestat] analyzing insert size distribution for orientation FF...
[M::mem_pestat] (25, 50, 75) percentile: (179, 582, 991)
[M::mem_pestat] low and high boundaries for computing mean and std.dev: (1, 2615)
[M::mem_pestat] mean and std.dev: (662.64, 554.75)
[M::mem_pestat] low and high boundaries for proper pairs: (1, 3427)
[M::mem_pestat] analyzing insert size distribution for orientation FR...
[M::mem_pestat] (25, 50, 75) percentile: (223, 410, 521)
[M::mem_pestat] low and high boundaries for computing mean and std.dev: (1, 1117)
[M::mem_pestat] mean and std.dev: (375.49, 169.57)
[M::mem_pestat] low and high boundaries for proper pairs: (1, 1415)
[M::mem_pestat] skip orientation RF as there are not enough pairs
[M::mem_pestat] analyzing insert size distribution for orientation RR...
[M::mem_pestat] (25, 50, 75) percentile: (246, 557, 1610)
[M::mem_pestat] low and high boundaries for computing mean and std.dev: (1, 4338)
[M::mem_pestat] mean and std.dev: (943.83, 1105.58)
[M::mem_pestat] low and high boundaries for proper pairs: (1, 5702)
[M::mem_pestat] skip orientation FF
[M::mem_pestat] skip orientation RR
[M::mem_process_seqs] Processed 266668 reads in 397.846 CPU sec, 99.621 real sec
[M::process] read 266668 sequences (40000200 bp)...
[M::mem_pestat] # candidate unique pairs for (FF, FR, RF, RR): (16, 6508, 4, 13)
[M::mem_pestat] analyzing insert size distribution for orientation FF...
[M::mem_pestat] (25, 50, 75) percentile: (141, 171, 1565)
[M::mem_pestat] low and high boundaries for computing mean and std.dev: (1, 4413)
[M::mem_pestat] mean and std.dev: (577.60, 866.51)
[M::mem_pestat] low and high boundaries for proper pairs: (1, 5837)
[M::mem_pestat] analyzing insert size distribution for orientation FR...
[M::mem_pestat] (25, 50, 75) percentile: (211, 368, 521)
[M::mem_pestat] low and high boundaries for computing mean and std.dev: (1, 1141)
[M::mem_pestat] mean and std.dev: (369.50, 170.81)
[M::mem_pestat] low and high boundaries for proper pairs: (1, 1451)
[M::mem_pestat] skip orientation RF as there are not enough pairs
[M::mem_pestat] analyzing insert size distribution for orientation RR...
[M::mem_pestat] (25, 50, 75) percentile: (186, 724, 1522)
[M::mem_pestat] low and high boundaries for computing mean and std.dev: (1, 4194)
[M::mem_pestat] mean and std.dev: (954.46, 899.61)
[M::mem_pestat] low and high boundaries for proper pairs: (1, 5530)
[M::mem_pestat] skip orientation FF
[M::mem_pestat] skip orientation RR
[M::mem_process_seqs] Processed 266668 reads in 408.543 CPU sec, 102.283 real sec
[M::process] read 266668 sequences (40000200 bp)...
[M::mem_pestat] # candidate unique pairs for (FF, FR, RF, RR): (14, 6675, 6, 8)
[M::mem_pestat] analyzing insert size distribution for orientation FF...
[M::mem_pestat] (25, 50, 75) percentile: (115, 205, 1232)
[M::mem_pestat] low and high boundaries for computing mean and std.dev: (1, 3466)
[M::mem_pestat] mean and std.dev: (458.33, 579.72)
[M::mem_pestat] low and high boundaries for proper pairs: (1, 4583)
[M::mem_pestat] analyzing insert size distribution for orientation FR...
[M::mem_pestat] (25, 50, 75) percentile: (222, 397, 521)
[M::mem_pestat] low and high boundaries for computing mean and std.dev: (1, 1119)
[M::mem_pestat] mean and std.dev: (375.54, 170.12)
[M::mem_pestat] low and high boundaries for proper pairs: (1, 1418)
[M::mem_pestat] skip orientation RF as there are not enough pairs
[M::mem_pestat] skip orientation RR as there are not enough pairs
[M::mem_pestat] skip orientation FF
[M::mem_process_seqs] Processed 266668 reads in 416.193 CPU sec, 104.513 real sec
[M::process] read 266668 sequences (40000200 bp)...
[M::mem_pestat] # candidate unique pairs for (FF, FR, RF, RR): (13, 6526, 6, 9)
[M::mem_pestat] analyzing insert size distribution for orientation FF...
[M::mem_pestat] (25, 50, 75) percentile: (127, 232, 1186)
[M::mem_pestat] low and high boundaries for computing mean and std.dev: (1, 3304)
[M::mem_pestat] mean and std.dev: (555.58, 777.82)
[M::mem_pestat] low and high boundaries for proper pairs: (1, 4363)
[M::mem_pestat] analyzing insert size distribution for orientation FR...
[M::mem_pestat] (25, 50, 75) percentile: (214, 391, 522)
[M::mem_pestat] low and high boundaries for computing mean and std.dev: (1, 1138)
[M::mem_pestat] mean and std.dev: (373.65, 172.74)
[M::mem_pestat] low and high boundaries for proper pairs: (1, 1446)
[M::mem_pestat] skip orientation RF as there are not enough pairs
[M::mem_pestat] skip orientation RR as there are not enough pairs
[M::mem_pestat] skip orientation FF
[M::mem_process_seqs] Processed 266668 reads in 415.396 CPU sec, 104.502 real sec
[M::process] read 266668 sequences (40000200 bp)...
[M::mem_pestat] # candidate unique pairs for (FF, FR, RF, RR): (13, 6400, 6, 9)
[M::mem_pestat] analyzing insert size distribution for orientation FF...
[M::mem_pestat] (25, 50, 75) percentile: (73, 213, 3306)
[M::mem_pestat] low and high boundaries for computing mean and std.dev: (1, 9772)
[M::mem_pestat] mean and std.dev: (1285.77, 1712.29)
[M::mem_pestat] low and high boundaries for proper pairs: (1, 13005)
[M::mem_pestat] analyzing insert size distribution for orientation FR...
[M::mem_pestat] (25, 50, 75) percentile: (210, 376, 522)
[M::mem_pestat] low and high boundaries for computing mean and std.dev: (1, 1146)
[M::mem_pestat] mean and std.dev: (370.93, 171.89)
[M::mem_pestat] low and high boundaries for proper pairs: (1, 1458)
[M::mem_pestat] skip orientation RF as there are not enough pairs
[M::mem_pestat] skip orientation RR as there are not enough pairs
[M::mem_pestat] skip orientation FF
[M::mem_process_seqs] Processed 266668 reads in 410.769 CPU sec, 103.132 real sec
[M::process] read 266668 sequences (40000200 bp)...
[M::mem_pestat] # candidate unique pairs for (FF, FR, RF, RR): (12, 6424, 7, 8)
[M::mem_pestat] analyzing insert size distribution for orientation FF...
[M::mem_pestat] (25, 50, 75) percentile: (114, 600, 1101)
[M::mem_pestat] low and high boundaries for computing mean and std.dev: (1, 3075)
[M::mem_pestat] mean and std.dev: (576.50, 491.89)
[M::mem_pestat] low and high boundaries for proper pairs: (1, 4062)
[M::mem_pestat] analyzing insert size distribution for orientation FR...
[M::mem_pestat] (25, 50, 75) percentile: (203, 386, 521)
[M::mem_pestat] low and high boundaries for computing mean and std.dev: (1, 1157)
[M::mem_pestat] mean and std.dev: (371.23, 173.29)
[M::mem_pestat] low and high boundaries for proper pairs: (1, 1475)
[M::mem_pestat] skip orientation RF as there are not enough pairs
[M::mem_pestat] skip orientation RR as there are not enough pairs
[M::mem_pestat] skip orientation FF
[M::mem_process_seqs] Processed 266668 reads in 407.578 CPU sec, 102.038 real sec
[M::process] read 266668 sequences (40000200 bp)...
[M::mem_pestat] # candidate unique pairs for (FF, FR, RF, RR): (12, 6480, 4, 10)
[M::mem_pestat] analyzing insert size distribution for orientation FF...
[M::mem_pestat] (25, 50, 75) percentile: (185, 308, 2155)
[M::mem_pestat] low and high boundaries for computing mean and std.dev: (1, 6095)
[M::mem_pestat] mean and std.dev: (1020.00, 1181.55)
[M::mem_pestat] low and high boundaries for proper pairs: (1, 8065)
[M::mem_pestat] analyzing insert size distribution for orientation FR...
[M::mem_pestat] (25, 50, 75) percentile: (220, 387, 521)
[M::mem_pestat] low and high boundaries for computing mean and std.dev: (1, 1123)
[M::mem_pestat] mean and std.dev: (373.29, 170.92)
[M::mem_pestat] low and high boundaries for proper pairs: (1, 1424)
[M::mem_pestat] skip orientation RF as there are not enough pairs
[M::mem_pestat] analyzing insert size distribution for orientation RR...
[M::mem_pestat] (25, 50, 75) percentile: (265, 1108, 2694)
[M::mem_pestat] low and high boundaries for computing mean and std.dev: (1, 7552)
[M::mem_pestat] mean and std.dev: (1596.80, 1675.70)
[M::mem_pestat] low and high boundaries for proper pairs: (1, 9981)
[M::mem_pestat] skip orientation FF
[M::mem_pestat] skip orientation RR
[M::mem_process_seqs] Processed 266668 reads in 407.704 CPU sec, 102.184 real sec
[M::process] read 266668 sequences (40000200 bp)...
[M::mem_pestat] # candidate unique pairs for (FF, FR, RF, RR): (10, 6466, 5, 7)
[M::mem_pestat] analyzing insert size distribution for orientation FF...
[M::mem_pestat] (25, 50, 75) percentile: (149, 250, 684)
[M::mem_pestat] low and high boundaries for computing mean and std.dev: (1, 1754)
[M::mem_pestat] mean and std.dev: (439.90, 409.79)
[M::mem_pestat] low and high boundaries for proper pairs: (1, 2289)
[M::mem_pestat] analyzing insert size distribution for orientation FR...
[M::mem_pestat] (25, 50, 75) percentile: (215, 382, 521)
[M::mem_pestat] low and high boundaries for computing mean and std.dev: (1, 1133)
[M::mem_pestat] mean and std.dev: (372.29, 171.47)
[M::mem_pestat] low and high boundaries for proper pairs: (1, 1439)
[M::mem_pestat] skip orientation RF as there are not enough pairs
[M::mem_pestat] skip orientation RR as there are not enough pairs
[M::mem_pestat] skip orientation FF
[M::mem_process_seqs] Processed 266668 reads in 401.817 CPU sec, 100.766 real sec
[M::process] read 266668 sequences (40000200 bp)...
[M::mem_pestat] # candidate unique pairs for (FF, FR, RF, RR): (16, 6357, 3, 11)
[M::mem_pestat] analyzing insert size distribution for orientation FF...
[M::mem_pestat] (25, 50, 75) percentile: (129, 212, 617)
[M::mem_pestat] low and high boundaries for computing mean and std.dev: (1, 1593)
[M::mem_pestat] mean and std.dev: (208.62, 136.86)
[M::mem_pestat] low and high boundaries for proper pairs: (1, 2081)
[M::mem_pestat] analyzing insert size distribution for orientation FR...
[M::mem_pestat] (25, 50, 75) percentile: (214, 381, 521)
[M::mem_pestat] low and high boundaries for computing mean and std.dev: (1, 1135)
[M::mem_pestat] mean and std.dev: (371.13, 170.06)
[M::mem_pestat] low and high boundaries for proper pairs: (1, 1442)
[M::mem_pestat] skip orientation RF as there are not enough pairs
[M::mem_pestat] analyzing insert size distribution for orientation RR...
[M::mem_pestat] (25, 50, 75) percentile: (195, 671, 2597)
[M::mem_pestat] low and high boundaries for computing mean and std.dev: (1, 7401)
[M::mem_pestat] mean and std.dev: (854.50, 963.45)
[M::mem_pestat] low and high boundaries for proper pairs: (1, 9803)
[M::mem_pestat] skip orientation FF
[M::mem_pestat] skip orientation RR
[M::mem_process_seqs] Processed 266668 reads in 412.481 CPU sec, 103.988 real sec
[M::process] read 266668 sequences (40000200 bp)...
[M::mem_pestat] # candidate unique pairs for (FF, FR, RF, RR): (19, 6505, 4, 6)
[M::mem_pestat] analyzing insert size distribution for orientation FF...
[M::mem_pestat] (25, 50, 75) percentile: (170, 203, 1191)
[M::mem_pestat] low and high boundaries for computing mean and std.dev: (1, 3233)
[M::mem_pestat] mean and std.dev: (458.47, 516.74)
[M::mem_pestat] low and high boundaries for proper pairs: (1, 4254)
[M::mem_pestat] analyzing insert size distribution for orientation FR...
[M::mem_pestat] (25, 50, 75) percentile: (216, 376, 520)
[M::mem_pestat] low and high boundaries for computing mean and std.dev: (1, 1128)
[M::mem_pestat] mean and std.dev: (370.68, 170.59)
[M::mem_pestat] low and high boundaries for proper pairs: (1, 1432)
[M::mem_pestat] skip orientation RF as there are not enough pairs
[M::mem_pestat] skip orientation RR as there are not enough pairs
[M::mem_pestat] skip orientation FF
[M::mem_process_seqs] Processed 266668 reads in 411.093 CPU sec, 103.503 real sec
[M::process] read 266668 sequences (40000200 bp)...
[M::mem_pestat] # candidate unique pairs for (FF, FR, RF, RR): (14, 6493, 5, 6)
[M::mem_pestat] analyzing insert size distribution for orientation FF...
[M::mem_pestat] (25, 50, 75) percentile: (119, 867, 1163)
[M::mem_pestat] low and high boundaries for computing mean and std.dev: (1, 3251)
[M::mem_pestat] mean and std.dev: (723.92, 741.43)
[M::mem_pestat] low and high boundaries for proper pairs: (1, 4295)
[M::mem_pestat] analyzing insert size distribution for orientation FR...
[M::mem_pestat] (25, 50, 75) percentile: (202, 366, 520)
[M::mem_pestat] low and high boundaries for computing mean and std.dev: (1, 1156)
[M::mem_pestat] mean and std.dev: (367.34, 171.80)
[M::mem_pestat] low and high boundaries for proper pairs: (1, 1474)
[M::mem_pestat] skip orientation RF as there are not enough pairs
[M::mem_pestat] skip orientation RR as there are not enough pairs
[M::mem_pestat] skip orientation FF
[M::mem_process_seqs] Processed 266668 reads in 419.430 CPU sec, 105.467 real sec
[M::process] read 266668 sequences (40000200 bp)...
[M::mem_pestat] # candidate unique pairs for (FF, FR, RF, RR): (8, 6591, 3, 13)
[M::mem_pestat] skip orientation FF as there are not enough pairs
[M::mem_pestat] analyzing insert size distribution for orientation FR...
[M::mem_pestat] (25, 50, 75) percentile: (205, 366, 520)
[M::mem_pestat] low and high boundaries for computing mean and std.dev: (1, 1150)
[M::mem_pestat] mean and std.dev: (367.73, 172.42)
[M::mem_pestat] low and high boundaries for proper pairs: (1, 1465)
[M::mem_pestat] skip orientation RF as there are not enough pairs
[M::mem_pestat] analyzing insert size distribution for orientation RR...
[M::mem_pestat] (25, 50, 75) percentile: (204, 768, 3374)
[M::mem_pestat] low and high boundaries for computing mean and std.dev: (1, 9714)
[M::mem_pestat] mean and std.dev: (1406.77, 1745.79)
[M::mem_pestat] low and high boundaries for proper pairs: (1, 12884)
[M::mem_pestat] skip orientation RR
[M::mem_process_seqs] Processed 266668 reads in 413.072 CPU sec, 103.444 real sec
[M::process] read 266668 sequences (40000200 bp)...
[M::mem_pestat] # candidate unique pairs for (FF, FR, RF, RR): (16, 6590, 6, 13)
[M::mem_pestat] analyzing insert size distribution for orientation FF...
[M::mem_pestat] (25, 50, 75) percentile: (158, 406, 1549)
[M::mem_pestat] low and high boundaries for computing mean and std.dev: (1, 4331)
[M::mem_pestat] mean and std.dev: (764.88, 886.94)
[M::mem_pestat] low and high boundaries for proper pairs: (1, 5722)
[M::mem_pestat] analyzing insert size distribution for orientation FR...
[M::mem_pestat] (25, 50, 75) percentile: (205, 384, 522)
[M::mem_pestat] low and high boundaries for computing mean and std.dev: (1, 1156)
[M::mem_pestat] mean and std.dev: (370.76, 171.62)
[M::mem_pestat] low and high boundaries for proper pairs: (1, 1473)
[M::mem_pestat] skip orientation RF as there are not enough pairs
[M::mem_pestat] analyzing insert size distribution for orientation RR...
[M::mem_pestat] (25, 50, 75) percentile: (138, 662, 1109)
[M::mem_pestat] low and high boundaries for computing mean and std.dev: (1, 3051)
[M::mem_pestat] mean and std.dev: (565.17, 477.49)
[M::mem_pestat] low and high boundaries for proper pairs: (1, 4022)
[M::mem_pestat] skip orientation FF
[M::mem_pestat] skip orientation RR
[M::mem_process_seqs] Processed 266668 reads in 409.689 CPU sec, 102.569 real sec
[M::process] read 266668 sequences (40000200 bp)...
[M::mem_pestat] # candidate unique pairs for (FF, FR, RF, RR): (10, 6566, 5, 15)
[M::mem_pestat] analyzing insert size distribution for orientation FF...
[M::mem_pestat] (25, 50, 75) percentile: (199, 887, 1681)
[M::mem_pestat] low and high boundaries for computing mean and std.dev: (1, 4645)
[M::mem_pestat] mean and std.dev: (1011.60, 986.85)
[M::mem_pestat] low and high boundaries for proper pairs: (1, 6127)
[M::mem_pestat] analyzing insert size distribution for orientation FR...
[M::mem_pestat] (25, 50, 75) percentile: (218, 396, 522)
[M::mem_pestat] low and high boundaries for computing mean and std.dev: (1, 1130)
[M::mem_pestat] mean and std.dev: (374.74, 171.36)
[M::mem_pestat] low and high boundaries for proper pairs: (1, 1434)
[M::mem_pestat] skip orientation RF as there are not enough pairs
[M::mem_pestat] analyzing insert size distribution for orientation RR...
[M::mem_pestat] (25, 50, 75) percentile: (189, 726, 1481)
[M::mem_pestat] low and high boundaries for computing mean and std.dev: (1, 4065)
[M::mem_pestat] mean and std.dev: (778.43, 845.35)
[M::mem_pestat] low and high boundaries for proper pairs: (1, 5357)
[M::mem_pestat] skip orientation FF
[M::mem_pestat] skip orientation RR
[M::mem_process_seqs] Processed 266668 reads in 410.217 CPU sec, 102.788 real sec
[M::process] read 266668 sequences (40000200 bp)...
[M::mem_pestat] # candidate unique pairs for (FF, FR, RF, RR): (14, 6458, 9, 7)
[M::mem_pestat] analyzing insert size distribution for orientation FF...
[M::mem_pestat] (25, 50, 75) percentile: (81, 209, 644)
[M::mem_pestat] low and high boundaries for computing mean and std.dev: (1, 1770)
[M::mem_pestat] mean and std.dev: (377.46, 462.07)
[M::mem_pestat] low and high boundaries for proper pairs: (1, 2333)
[M::mem_pestat] analyzing insert size distribution for orientation FR...
[M::mem_pestat] (25, 50, 75) percentile: (210, 380, 521)
[M::mem_pestat] low and high boundaries for computing mean and std.dev: (1, 1143)
[M::mem_pestat] mean and std.dev: (370.82, 171.62)
[M::mem_pestat] low and high boundaries for proper pairs: (1, 1454)
[M::mem_pestat] skip orientation RF as there are not enough pairs
[M::mem_pestat] skip orientation RR as there are not enough pairs
[M::mem_pestat] skip orientation FF
[M::mem_process_seqs] Processed 266668 reads in 416.423 CPU sec, 104.739 real sec
[M::process] read 266668 sequences (40000200 bp)...
[M::mem_pestat] # candidate unique pairs for (FF, FR, RF, RR): (14, 6586, 1, 12)
[M::mem_pestat] analyzing insert size distribution for orientation FF...
[M::mem_pestat] (25, 50, 75) percentile: (95, 148, 161)
[M::mem_pestat] low and high boundaries for computing mean and std.dev: (1, 293)
[M::mem_pestat] mean and std.dev: (118.09, 35.52)
[M::mem_pestat] low and high boundaries for proper pairs: (1, 359)
[M::mem_pestat] analyzing insert size distribution for orientation FR...
[M::mem_pestat] (25, 50, 75) percentile: (205, 375, 521)
[M::mem_pestat] low and high boundaries for computing mean and std.dev: (1, 1153)
[M::mem_pestat] mean and std.dev: (369.38, 171.93)
[M::mem_pestat] low and high boundaries for proper pairs: (1, 1469)
[M::mem_pestat] skip orientation RF as there are not enough pairs
[M::mem_pestat] analyzing insert size distribution for orientation RR...
[M::mem_pestat] (25, 50, 75) percentile: (205, 960, 1320)
[M::mem_pestat] low and high boundaries for computing mean and std.dev: (1, 3550)
[M::mem_pestat] mean and std.dev: (771.00, 594.55)
[M::mem_pestat] low and high boundaries for proper pairs: (1, 4665)
[M::mem_pestat] skip orientation FF
[M::mem_pestat] skip orientation RR
[M::mem_process_seqs] Processed 266668 reads in 417.575 CPU sec, 105.183 real sec
[M::process] read 266668 sequences (40000200 bp)...
[M::mem_pestat] # candidate unique pairs for (FF, FR, RF, RR): (14, 6507, 4, 8)
[M::mem_pestat] analyzing insert size distribution for orientation FF...
[M::mem_pestat] (25, 50, 75) percentile: (147, 234, 453)
[M::mem_pestat] low and high boundaries for computing mean and std.dev: (1, 1065)
[M::mem_pestat] mean and std.dev: (282.08, 213.09)
[M::mem_pestat] low and high boundaries for proper pairs: (1, 1371)
[M::mem_pestat] analyzing insert size distribution for orientation FR...
[M::mem_pestat] (25, 50, 75) percentile: (213, 385, 521)
[M::mem_pestat] low and high boundaries for computing mean and std.dev: (1, 1137)
[M::mem_pestat] mean and std.dev: (371.33, 171.92)
[M::mem_pestat] low and high boundaries for proper pairs: (1, 1445)
[M::mem_pestat] skip orientation RF as there are not enough pairs
[M::mem_pestat] skip orientation RR as there are not enough pairs
[M::mem_pestat] skip orientation FF
[M::mem_process_seqs] Processed 266668 reads in 410.527 CPU sec, 102.965 real sec
[M::process] read 266668 sequences (40000200 bp)...
[M::mem_pestat] # candidate unique pairs for (FF, FR, RF, RR): (16, 6672, 7, 4)
[M::mem_pestat] analyzing insert size distribution for orientation FF...
[M::mem_pestat] (25, 50, 75) percentile: (152, 757, 1442)
[M::mem_pestat] low and high boundaries for computing mean and std.dev: (1, 4022)
[M::mem_pestat] mean and std.dev: (991.20, 1165.38)
[M::mem_pestat] low and high boundaries for proper pairs: (1, 5653)
[M::mem_pestat] analyzing insert size distribution for orientation FR...
[M::mem_pestat] (25, 50, 75) percentile: (214, 381, 522)
[M::mem_pestat] low and high boundaries for computing mean and std.dev: (1, 1138)
[M::mem_pestat] mean and std.dev: (372.57, 172.60)
[M::mem_pestat] low and high boundaries for proper pairs: (1, 1446)
[M::mem_pestat] skip orientation RF as there are not enough pairs
[M::mem_pestat] skip orientation RR as there are not enough pairs
[M::mem_pestat] skip orientation FF
[M::mem_process_seqs] Processed 266668 reads in 409.964 CPU sec, 102.688 real sec
[M::process] read 266668 sequences (40000200 bp)...
[M::mem_pestat] # candidate unique pairs for (FF, FR, RF, RR): (14, 6550, 5, 12)
[M::mem_pestat] analyzing insert size distribution for orientation FF...
[M::mem_pestat] (25, 50, 75) percentile: (168, 208, 444)
[M::mem_pestat] low and high boundaries for computing mean and std.dev: (1, 996)
[M::mem_pestat] mean and std.dev: (208.45, 106.25)
[M::mem_pestat] low and high boundaries for proper pairs: (1, 1272)
[M::mem_pestat] analyzing insert size distribution for orientation FR...
[M::mem_pestat] (25, 50, 75) percentile: (219, 394, 522)
[M::mem_pestat] low and high boundaries for computing mean and std.dev: (1, 1128)
[M::mem_pestat] mean and std.dev: (374.36, 171.13)
[M::mem_pestat] low and high boundaries for proper pairs: (1, 1431)
[M::mem_pestat] skip orientation RF as there are not enough pairs
[M::mem_pestat] analyzing insert size distribution for orientation RR...
[M::mem_pestat] (25, 50, 75) percentile: (905, 1442, 2215)
[M::mem_pestat] low and high boundaries for computing mean and std.dev: (1, 4835)
[M::mem_pestat] mean and std.dev: (1319.09, 833.12)
[M::mem_pestat] low and high boundaries for proper pairs: (1, 6145)
[M::mem_pestat] skip orientation FF
[M::mem_pestat] skip orientation RR
[M::mem_process_seqs] Processed 266668 reads in 406.813 CPU sec, 101.985 real sec
[M::process] read 266668 sequences (40000200 bp)...
[M::mem_pestat] # candidate unique pairs for (FF, FR, RF, RR): (22, 6580, 6, 7)
[M::mem_pestat] analyzing insert size distribution for orientation FF...
[M::mem_pestat] (25, 50, 75) percentile: (135, 230, 598)
[M::mem_pestat] low and high boundaries for computing mean and std.dev: (1, 1524)
[M::mem_pestat] mean and std.dev: (275.39, 250.67)
[M::mem_pestat] low and high boundaries for proper pairs: (1, 1987)
[M::mem_pestat] analyzing insert size distribution for orientation FR...
[M::mem_pestat] (25, 50, 75) percentile: (213, 369, 520)
[M::mem_pestat] low and high boundaries for computing mean and std.dev: (1, 1134)
[M::mem_pestat] mean and std.dev: (368.92, 171.64)
[M::mem_pestat] low and high boundaries for proper pairs: (1, 1441)
[M::mem_pestat] skip orientation RF as there are not enough pairs
[M::mem_pestat] skip orientation RR as there are not enough pairs
[M::mem_pestat] skip orientation FF
[M::mem_process_seqs] Processed 266668 reads in 411.534 CPU sec, 103.235 real sec
[M::process] read 266668 sequences (40000200 bp)...
[M::mem_pestat] # candidate unique pairs for (FF, FR, RF, RR): (19, 6409, 2, 8)
[M::mem_pestat] analyzing insert size distribution for orientation FF...
[M::mem_pestat] (25, 50, 75) percentile: (163, 198, 1205)
[M::mem_pestat] low and high boundaries for computing mean and std.dev: (1, 3289)
[M::mem_pestat] mean and std.dev: (609.83, 708.12)
[M::mem_pestat] low and high boundaries for proper pairs: (1, 4331)
[M::mem_pestat] analyzing insert size distribution for orientation FR...
[M::mem_pestat] (25, 50, 75) percentile: (206, 369, 521)
[M::mem_pestat] low and high boundaries for computing mean and std.dev: (1, 1151)
[M::mem_pestat] mean and std.dev: (369.17, 172.98)
[M::mem_pestat] low and high boundaries for proper pairs: (1, 1466)
[M::mem_pestat] skip orientation RF as there are not enough pairs
[M::mem_pestat] skip orientation RR as there are not enough pairs
[M::mem_pestat] skip orientation FF
[M::mem_process_seqs] Processed 266668 reads in 421.735 CPU sec, 106.327 real sec
[M::process] read 266668 sequences (40000200 bp)...
[M::mem_pestat] # candidate unique pairs for (FF, FR, RF, RR): (19, 6463, 5, 15)
[M::mem_pestat] analyzing insert size distribution for orientation FF...
[M::mem_pestat] (25, 50, 75) percentile: (86, 157, 864)
[M::mem_pestat] low and high boundaries for computing mean and std.dev: (1, 2420)
[M::mem_pestat] mean and std.dev: (437.29, 690.68)
[M::mem_pestat] low and high boundaries for proper pairs: (1, 3200)
[M::mem_pestat] analyzing insert size distribution for orientation FR...
[M::mem_pestat] (25, 50, 75) percentile: (210, 379, 521)
[M::mem_pestat] low and high boundaries for computing mean and std.dev: (1, 1143)
[M::mem_pestat] mean and std.dev: (370.99, 171.82)
[M::mem_pestat] low and high boundaries for proper pairs: (1, 1454)
[M::mem_pestat] skip orientation RF as there are not enough pairs
[M::mem_pestat] analyzing insert size distribution for orientation RR...
[M::mem_pestat] (25, 50, 75) percentile: (539, 1159, 3298)
[M::mem_pestat] low and high boundaries for computing mean and std.dev: (1, 8816)
[M::mem_pestat] mean and std.dev: (2269.60, 2462.67)
[M::mem_pestat] low and high boundaries for proper pairs: (1, 12120)
[M::mem_pestat] skip orientation FF
[M::mem_pestat] skip orientation RR
[M::mem_process_seqs] Processed 266668 reads in 409.511 CPU sec, 103.215 real sec
[M::process] read 266668 sequences (40000200 bp)...
[M::mem_pestat] # candidate unique pairs for (FF, FR, RF, RR): (17, 6614, 5, 10)
[M::mem_pestat] analyzing insert size distribution for orientation FF...
[M::mem_pestat] (25, 50, 75) percentile: (143, 183, 641)
[M::mem_pestat] low and high boundaries for computing mean and std.dev: (1, 1637)
[M::mem_pestat] mean and std.dev: (266.56, 218.57)
[M::mem_pestat] low and high boundaries for proper pairs: (1, 2135)
[M::mem_pestat] analyzing insert size distribution for orientation FR...
[M::mem_pestat] (25, 50, 75) percentile: (216, 398, 522)
[M::mem_pestat] low and high boundaries for computing mean and std.dev: (1, 1134)
[M::mem_pestat] mean and std.dev: (374.77, 171.41)
[M::mem_pestat] low and high boundaries for proper pairs: (1, 1440)
[M::mem_pestat] skip orientation RF as there are not enough pairs
[M::mem_pestat] analyzing insert size distribution for orientation RR...
[M::mem_pestat] (25, 50, 75) percentile: (93, 537, 1332)
[M::mem_pestat] low and high boundaries for computing mean and std.dev: (1, 3810)
[M::mem_pestat] mean and std.dev: (834.00, 857.69)
[M::mem_pestat] low and high boundaries for proper pairs: (1, 5049)
[M::mem_pestat] skip orientation FF
[M::mem_pestat] skip orientation RR
[M::mem_process_seqs] Processed 266668 reads in 407.741 CPU sec, 102.348 real sec
[M::process] read 266668 sequences (40000200 bp)...
[M::mem_pestat] # candidate unique pairs for (FF, FR, RF, RR): (18, 6378, 2, 16)
[M::mem_pestat] analyzing insert size distribution for orientation FF...
[M::mem_pestat] (25, 50, 75) percentile: (147, 178, 233)
[M::mem_pestat] low and high boundaries for computing mean and std.dev: (1, 405)
[M::mem_pestat] mean and std.dev: (165.73, 46.88)
[M::mem_pestat] low and high boundaries for proper pairs: (1, 491)
[M::mem_pestat] analyzing insert size distribution for orientation FR...
[M::mem_pestat] (25, 50, 75) percentile: (207, 381, 521)
[M::mem_pestat] low and high boundaries for computing mean and std.dev: (1, 1149)
[M::mem_pestat] mean and std.dev: (370.28, 172.64)
[M::mem_pestat] low and high boundaries for proper pairs: (1, 1463)
[M::mem_pestat] skip orientation RF as there are not enough pairs
[M::mem_pestat] analyzing insert size distribution for orientation RR...
[M::mem_pestat] (25, 50, 75) percentile: (808, 1140, 1805)
[M::mem_pestat] low and high boundaries for computing mean and std.dev: (1, 3799)
[M::mem_pestat] mean and std.dev: (996.50, 591.63)
[M::mem_pestat] low and high boundaries for proper pairs: (1, 4796)
[M::mem_pestat] skip orientation FF
[M::mem_pestat] skip orientation RR
[M::mem_process_seqs] Processed 266668 reads in 411.949 CPU sec, 103.264 real sec
[M::process] read 266668 sequences (40000200 bp)...
[M::mem_pestat] # candidate unique pairs for (FF, FR, RF, RR): (15, 6546, 3, 8)
[M::mem_pestat] analyzing insert size distribution for orientation FF...
[M::mem_pestat] (25, 50, 75) percentile: (120, 207, 687)
[M::mem_pestat] low and high boundaries for computing mean and std.dev: (1, 1821)
[M::mem_pestat] mean and std.dev: (367.50, 378.45)
[M::mem_pestat] low and high boundaries for proper pairs: (1, 2388)
[M::mem_pestat] analyzing insert size distribution for orientation FR...
[M::mem_pestat] (25, 50, 75) percentile: (216, 377, 521)
[M::mem_pestat] low and high boundaries for computing mean and std.dev: (1, 1131)
[M::mem_pestat] mean and std.dev: (370.87, 170.05)
[M::mem_pestat] low and high boundaries for proper pairs: (1, 1436)
[M::mem_pestat] skip orientation RF as there are not enough pairs
[M::mem_pestat] skip orientation RR as there are not enough pairs
[M::mem_pestat] skip orientation FF
[M::mem_process_seqs] Processed 266668 reads in 413.408 CPU sec, 103.629 real sec
[M::process] read 266668 sequences (40000200 bp)...
[M::mem_pestat] # candidate unique pairs for (FF, FR, RF, RR): (12, 6595, 4, 13)
[M::mem_pestat] analyzing insert size distribution for orientation FF...
[M::mem_pestat] (25, 50, 75) percentile: (94, 580, 1154)
[M::mem_pestat] low and high boundaries for computing mean and std.dev: (1, 3274)
[M::mem_pestat] mean and std.dev: (881.58, 1050.26)
[M::mem_pestat] low and high boundaries for proper pairs: (1, 5083)
[M::mem_pestat] analyzing insert size distribution for orientation FR...
[M::mem_pestat] (25, 50, 75) percentile: (213, 389, 522)
[M::mem_pestat] low and high boundaries for computing mean and std.dev: (1, 1140)
[M::mem_pestat] mean and std.dev: (372.65, 172.24)
[M::mem_pestat] low and high boundaries for proper pairs: (1, 1449)
[M::mem_pestat] skip orientation RF as there are not enough pairs
[M::mem_pestat] analyzing insert size distribution for orientation RR...
[M::mem_pestat] (25, 50, 75) percentile: (567, 705, 1469)
[M::mem_pestat] low and high boundaries for computing mean and std.dev: (1, 3273)
[M::mem_pestat] mean and std.dev: (895.92, 563.40)
[M::mem_pestat] low and high boundaries for proper pairs: (1, 4175)
[M::mem_pestat] skip orientation FF
[M::mem_pestat] skip orientation RR
[M::mem_process_seqs] Processed 266668 reads in 407.410 CPU sec, 102.206 real sec
[M::process] read 266668 sequences (40000200 bp)...
[M::mem_pestat] # candidate unique pairs for (FF, FR, RF, RR): (24, 6554, 4, 6)
[M::mem_pestat] analyzing insert size distribution for orientation FF...
[M::mem_pestat] (25, 50, 75) percentile: (149, 285, 971)
[M::mem_pestat] low and high boundaries for computing mean and std.dev: (1, 2615)
[M::mem_pestat] mean and std.dev: (534.09, 588.66)
[M::mem_pestat] low and high boundaries for proper pairs: (1, 3437)
[M::mem_pestat] analyzing insert size distribution for orientation FR...
[M::mem_pestat] (25, 50, 75) percentile: (216, 384, 521)
[M::mem_pestat] low and high boundaries for computing mean and std.dev: (1, 1131)
[M::mem_pestat] mean and std.dev: (372.01, 170.51)
[M::mem_pestat] low and high boundaries for proper pairs: (1, 1436)
[M::mem_pestat] skip orientation RF as there are not enough pairs
[M::mem_pestat] skip orientation RR as there are not enough pairs
[M::mem_pestat] skip orientation FF
[M::mem_process_seqs] Processed 266668 reads in 413.396 CPU sec, 103.760 real sec
[M::process] read 266668 sequences (40000200 bp)...
[M::mem_pestat] # candidate unique pairs for (FF, FR, RF, RR): (15, 6684, 3, 11)
[M::mem_pestat] analyzing insert size distribution for orientation FF...
[M::mem_pestat] (25, 50, 75) percentile: (135, 152, 252)
[M::mem_pestat] low and high boundaries for computing mean and std.dev: (1, 486)
[M::mem_pestat] mean and std.dev: (153.00, 50.50)
[M::mem_pestat] low and high boundaries for proper pairs: (1, 603)
[M::mem_pestat] analyzing insert size distribution for orientation FR...
[M::mem_pestat] (25, 50, 75) percentile: (214, 366, 521)
[M::mem_pestat] low and high boundaries for computing mean and std.dev: (1, 1135)
[M::mem_pestat] mean and std.dev: (368.99, 172.08)
[M::mem_pestat] low and high boundaries for proper pairs: (1, 1442)
[M::mem_pestat] skip orientation RF as there are not enough pairs
[M::mem_pestat] analyzing insert size distribution for orientation RR...
[M::mem_pestat] (25, 50, 75) percentile: (687, 1015, 1776)
[M::mem_pestat] low and high boundaries for computing mean and std.dev: (1, 3954)
[M::mem_pestat] mean and std.dev: (1101.80, 988.14)
[M::mem_pestat] low and high boundaries for proper pairs: (1, 5054)
[M::mem_pestat] skip orientation FF
[M::mem_pestat] skip orientation RR
[M::mem_process_seqs] Processed 266668 reads in 405.064 CPU sec, 101.584 real sec
[M::process] read 266668 sequences (40000200 bp)...
[M::mem_pestat] # candidate unique pairs for (FF, FR, RF, RR): (22, 6543, 6, 8)
[M::mem_pestat] analyzing insert size distribution for orientation FF...
[M::mem_pestat] (25, 50, 75) percentile: (103, 181, 527)
[M::mem_pestat] low and high boundaries for computing mean and std.dev: (1, 1375)
[M::mem_pestat] mean and std.dev: (229.26, 237.40)
[M::mem_pestat] low and high boundaries for proper pairs: (1, 1799)
[M::mem_pestat] analyzing insert size distribution for orientation FR...
[M::mem_pestat] (25, 50, 75) percentile: (222, 378, 521)
[M::mem_pestat] low and high boundaries for computing mean and std.dev: (1, 1119)
[M::mem_pestat] mean and std.dev: (371.82, 169.42)
[M::mem_pestat] low and high boundaries for proper pairs: (1, 1418)
[M::mem_pestat] skip orientation RF as there are not enough pairs
[M::mem_pestat] skip orientation RR as there are not enough pairs
[M::mem_pestat] skip orientation FF
[M::mem_process_seqs] Processed 266668 reads in 399.208 CPU sec, 99.932 real sec
[M::process] read 266668 sequences (40000200 bp)...
[M::mem_pestat] # candidate unique pairs for (FF, FR, RF, RR): (19, 6766, 5, 15)
[M::mem_pestat] analyzing insert size distribution for orientation FF...
[M::mem_pestat] (25, 50, 75) percentile: (121, 178, 1038)
[M::mem_pestat] low and high boundaries for computing mean and std.dev: (1, 2872)
[M::mem_pestat] mean and std.dev: (495.58, 574.08)
[M::mem_pestat] low and high boundaries for proper pairs: (1, 3789)
[M::mem_pestat] analyzing insert size distribution for orientation FR...
[M::mem_pestat] (25, 50, 75) percentile: (219, 383, 521)
[M::mem_pestat] low and high boundaries for computing mean and std.dev: (1, 1125)
[M::mem_pestat] mean and std.dev: (372.97, 170.94)
[M::mem_pestat] low and high boundaries for proper pairs: (1, 1427)
[M::mem_pestat] skip orientation RF as there are not enough pairs
[M::mem_pestat] analyzing insert size distribution for orientation RR...
[M::mem_pestat] (25, 50, 75) percentile: (471, 893, 1462)
[M::mem_pestat] low and high boundaries for computing mean and std.dev: (1, 3444)
[M::mem_pestat] mean and std.dev: (760.00, 462.66)
[M::mem_pestat] low and high boundaries for proper pairs: (1, 4435)
[M::mem_pestat] skip orientation FF
[M::mem_pestat] skip orientation RR
[M::mem_process_seqs] Processed 266668 reads in 401.144 CPU sec, 100.432 real sec
[M::process] read 266668 sequences (40000200 bp)...
[M::mem_pestat] # candidate unique pairs for (FF, FR, RF, RR): (13, 6569, 2, 11)
[M::mem_pestat] analyzing insert size distribution for orientation FF...
[M::mem_pestat] (25, 50, 75) percentile: (80, 161, 378)
[M::mem_pestat] low and high boundaries for computing mean and std.dev: (1, 974)
[M::mem_pestat] mean and std.dev: (207.67, 201.64)
[M::mem_pestat] low and high boundaries for proper pairs: (1, 1272)
[M::mem_pestat] analyzing insert size distribution for orientation FR...
[M::mem_pestat] (25, 50, 75) percentile: (212, 379, 521)
[M::mem_pestat] low and high boundaries for computing mean and std.dev: (1, 1139)
[M::mem_pestat] mean and std.dev: (370.85, 171.23)
[M::mem_pestat] low and high boundaries for proper pairs: (1, 1448)
[M::mem_pestat] skip orientation RF as there are not enough pairs
[M::mem_pestat] analyzing insert size distribution for orientation RR...
[M::mem_pestat] (25, 50, 75) percentile: (244, 1820, 3500)
[M::mem_pestat] low and high boundaries for computing mean and std.dev: (1, 10012)
[M::mem_pestat] mean and std.dev: (2360.36, 2528.57)
[M::mem_pestat] low and high boundaries for proper pairs: (1, 13268)
[M::mem_pestat] skip orientation FF
[M::mem_pestat] skip orientation RR
[M::mem_process_seqs] Processed 266668 reads in 404.041 CPU sec, 101.253 real sec
[M::process] read 266668 sequences (40000200 bp)...
[M::mem_pestat] # candidate unique pairs for (FF, FR, RF, RR): (23, 6398, 4, 9)
[M::mem_pestat] analyzing insert size distribution for orientation FF...
[M::mem_pestat] (25, 50, 75) percentile: (117, 188, 619)
[M::mem_pestat] low and high boundaries for computing mean and std.dev: (1, 1623)
[M::mem_pestat] mean and std.dev: (323.27, 331.52)
[M::mem_pestat] low and high boundaries for proper pairs: (1, 2125)
[M::mem_pestat] analyzing insert size distribution for orientation FR...
[M::mem_pestat] (25, 50, 75) percentile: (211, 378, 521)
[M::mem_pestat] low and high boundaries for computing mean and std.dev: (1, 1141)
[M::mem_pestat] mean and std.dev: (370.60, 171.21)
[M::mem_pestat] low and high boundaries for proper pairs: (1, 1451)
[M::mem_pestat] skip orientation RF as there are not enough pairs
[M::mem_pestat] skip orientation RR as there are not enough pairs
[M::mem_pestat] skip orientation FF
[M::mem_process_seqs] Processed 266668 reads in 403.882 CPU sec, 101.696 real sec
[M::process] read 266668 sequences (40000200 bp)...
[M::mem_pestat] # candidate unique pairs for (FF, FR, RF, RR): (14, 6534, 7, 9)
[M::mem_pestat] analyzing insert size distribution for orientation FF...
[M::mem_pestat] (25, 50, 75) percentile: (156, 217, 600)
[M::mem_pestat] low and high boundaries for computing mean and std.dev: (1, 1488)
[M::mem_pestat] mean and std.dev: (356.46, 325.09)
[M::mem_pestat] low and high boundaries for proper pairs: (1, 1932)
[M::mem_pestat] analyzing insert size distribution for orientation FR...
[M::mem_pestat] (25, 50, 75) percentile: (209, 365, 521)
[M::mem_pestat] low and high boundaries for computing mean and std.dev: (1, 1145)
[M::mem_pestat] mean and std.dev: (368.35, 172.03)
[M::mem_pestat] low and high boundaries for proper pairs: (1, 1457)
[M::mem_pestat] skip orientation RF as there are not enough pairs
[M::mem_pestat] skip orientation RR as there are not enough pairs
[M::mem_pestat] skip orientation FF
[M::mem_process_seqs] Processed 266668 reads in 416.796 CPU sec, 105.715 real sec
[M::process] read 266668 sequences (40000200 bp)...
[M::mem_pestat] # candidate unique pairs for (FF, FR, RF, RR): (14, 6518, 4, 5)
[M::mem_pestat] analyzing insert size distribution for orientation FF...
[M::mem_pestat] (25, 50, 75) percentile: (78, 828, 1072)
[M::mem_pestat] low and high boundaries for computing mean and std.dev: (1, 3060)
[M::mem_pestat] mean and std.dev: (725.54, 765.62)
[M::mem_pestat] low and high boundaries for proper pairs: (1, 4054)
[M::mem_pestat] analyzing insert size distribution for orientation FR...
[M::mem_pestat] (25, 50, 75) percentile: (201, 371, 520)
[M::mem_pestat] low and high boundaries for computing mean and std.dev: (1, 1158)
[M::mem_pestat] mean and std.dev: (367.55, 172.56)
[M::mem_pestat] low and high boundaries for proper pairs: (1, 1477)
[M::mem_pestat] skip orientation RF as there are not enough pairs
[M::mem_pestat] skip orientation RR as there are not enough pairs
[M::mem_pestat] skip orientation FF
[M::mem_process_seqs] Processed 266668 reads in 420.638 CPU sec, 106.315 real sec
[M::process] read 266668 sequences (40000200 bp)...
[M::mem_pestat] # candidate unique pairs for (FF, FR, RF, RR): (20, 6655, 6, 14)
[M::mem_pestat] analyzing insert size distribution for orientation FF...
[M::mem_pestat] (25, 50, 75) percentile: (118, 182, 260)
[M::mem_pestat] low and high boundaries for computing mean and std.dev: (1, 544)
[M::mem_pestat] mean and std.dev: (142.50, 65.15)
[M::mem_pestat] low and high boundaries for proper pairs: (1, 686)
[M::mem_pestat] analyzing insert size distribution for orientation FR...
[M::mem_pestat] (25, 50, 75) percentile: (215, 374, 521)
[M::mem_pestat] low and high boundaries for computing mean and std.dev: (1, 1133)
[M::mem_pestat] mean and std.dev: (370.46, 170.79)
[M::mem_pestat] low and high boundaries for proper pairs: (1, 1439)
[M::mem_pestat] skip orientation RF as there are not enough pairs
[M::mem_pestat] analyzing insert size distribution for orientation RR...
[M::mem_pestat] (25, 50, 75) percentile: (567, 699, 943)
[M::mem_pestat] low and high boundaries for computing mean and std.dev: (1, 1695)
[M::mem_pestat] mean and std.dev: (579.83, 307.88)
[M::mem_pestat] low and high boundaries for proper pairs: (1, 2071)
[M::mem_pestat] skip orientation FF
[M::mem_pestat] skip orientation RR
[M::mem_process_seqs] Processed 266668 reads in 412.900 CPU sec, 103.552 real sec
[M::process] read 266668 sequences (40000200 bp)...
[M::mem_pestat] # candidate unique pairs for (FF, FR, RF, RR): (13, 6443, 4, 6)
[M::mem_pestat] analyzing insert size distribution for orientation FF...
[M::mem_pestat] (25, 50, 75) percentile: (171, 205, 710)
[M::mem_pestat] low and high boundaries for computing mean and std.dev: (1, 1788)
[M::mem_pestat] mean and std.dev: (371.31, 301.68)
[M::mem_pestat] low and high boundaries for proper pairs: (1, 2327)
[M::mem_pestat] analyzing insert size distribution for orientation FR...
[M::mem_pestat] (25, 50, 75) percentile: (203, 365, 520)
[M::mem_pestat] low and high boundaries for computing mean and std.dev: (1, 1154)
[M::mem_pestat] mean and std.dev: (366.87, 171.22)
[M::mem_pestat] low and high boundaries for proper pairs: (1, 1471)
[M::mem_pestat] skip orientation RF as there are not enough pairs
[M::mem_pestat] skip orientation RR as there are not enough pairs
[M::mem_pestat] skip orientation FF
[M::mem_process_seqs] Processed 266668 reads in 415.305 CPU sec, 104.106 real sec
[M::process] read 266668 sequences (40000200 bp)...
[M::mem_pestat] # candidate unique pairs for (FF, FR, RF, RR): (18, 6693, 3, 11)
[M::mem_pestat] analyzing insert size distribution for orientation FF...
[M::mem_pestat] (25, 50, 75) percentile: (127, 249, 794)
[M::mem_pestat] low and high boundaries for computing mean and std.dev: (1, 2128)
[M::mem_pestat] mean and std.dev: (367.06, 357.84)
[M::mem_pestat] low and high boundaries for proper pairs: (1, 2795)
[M::mem_pestat] analyzing insert size distribution for orientation FR...
[M::mem_pestat] (25, 50, 75) percentile: (205, 369, 520)
[M::mem_pestat] low and high boundaries for computing mean and std.dev: (1, 1150)
[M::mem_pestat] mean and std.dev: (367.84, 171.39)
[M::mem_pestat] low and high boundaries for proper pairs: (1, 1465)
[M::mem_pestat] skip orientation RF as there are not enough pairs
[M::mem_pestat] analyzing insert size distribution for orientation RR...
[M::mem_pestat] (25, 50, 75) percentile: (237, 924, 1404)
[M::mem_pestat] low and high boundaries for computing mean and std.dev: (1, 3738)
[M::mem_pestat] mean and std.dev: (799.60, 653.62)
[M::mem_pestat] low and high boundaries for proper pairs: (1, 4905)
[M::mem_pestat] skip orientation FF
[M::mem_pestat] skip orientation RR
[M::mem_process_seqs] Processed 266668 reads in 414.289 CPU sec, 103.859 real sec
[M::process] read 266668 sequences (40000200 bp)...
[M::mem_pestat] # candidate unique pairs for (FF, FR, RF, RR): (21, 6576, 4, 7)
[M::mem_pestat] analyzing insert size distribution for orientation FF...
[M::mem_pestat] (25, 50, 75) percentile: (127, 200, 1205)
[M::mem_pestat] low and high boundaries for computing mean and std.dev: (1, 3361)
[M::mem_pestat] mean and std.dev: (401.67, 422.97)
[M::mem_pestat] low and high boundaries for proper pairs: (1, 4439)
[M::mem_pestat] analyzing insert size distribution for orientation FR...
[M::mem_pestat] (25, 50, 75) percentile: (219, 376, 521)
[M::mem_pestat] low and high boundaries for computing mean and std.dev: (1, 1125)
[M::mem_pestat] mean and std.dev: (372.00, 171.21)
[M::mem_pestat] low and high boundaries for proper pairs: (1, 1427)
[M::mem_pestat] skip orientation RF as there are not enough pairs
[M::mem_pestat] skip orientation RR as there are not enough pairs
[M::mem_pestat] skip orientation FF
[M::mem_process_seqs] Processed 266668 reads in 409.919 CPU sec, 103.077 real sec
[M::process] read 266668 sequences (40000200 bp)...
[M::mem_pestat] # candidate unique pairs for (FF, FR, RF, RR): (18, 6564, 9, 10)
[M::mem_pestat] analyzing insert size distribution for orientation FF...
[M::mem_pestat] (25, 50, 75) percentile: (152, 191, 328)
[M::mem_pestat] low and high boundaries for computing mean and std.dev: (1, 680)
[M::mem_pestat] mean and std.dev: (210.40, 142.15)
[M::mem_pestat] low and high boundaries for proper pairs: (1, 856)
[M::mem_pestat] analyzing insert size distribution for orientation FR...
[M::mem_pestat] (25, 50, 75) percentile: (206, 379, 521)
[M::mem_pestat] low and high boundaries for computing mean and std.dev: (1, 1151)
[M::mem_pestat] mean and std.dev: (370.68, 171.30)
[M::mem_pestat] low and high boundaries for proper pairs: (1, 1466)
[M::mem_pestat] skip orientation RF as there are not enough pairs
[M::mem_pestat] analyzing insert size distribution for orientation RR...
[M::mem_pestat] (25, 50, 75) percentile: (259, 435, 885)
[M::mem_pestat] low and high boundaries for computing mean and std.dev: (1, 2137)
[M::mem_pestat] mean and std.dev: (483.22, 364.04)
[M::mem_pestat] low and high boundaries for proper pairs: (1, 2763)
[M::mem_pestat] skip orientation FF
[M::mem_pestat] skip orientation RR
[M::mem_process_seqs] Processed 266668 reads in 412.056 CPU sec, 103.443 real sec
[M::process] read 266668 sequences (40000200 bp)...
[M::mem_pestat] # candidate unique pairs for (FF, FR, RF, RR): (10, 6604, 4, 12)
[M::mem_pestat] analyzing insert size distribution for orientation FF...
[M::mem_pestat] (25, 50, 75) percentile: (129, 207, 1337)
[M::mem_pestat] low and high boundaries for computing mean and std.dev: (1, 3753)
[M::mem_pestat] mean and std.dev: (791.00, 1030.48)
[M::mem_pestat] low and high boundaries for proper pairs: (1, 4961)
[M::mem_pestat] analyzing insert size distribution for orientation FR...
[M::mem_pestat] (25, 50, 75) percentile: (210, 370, 521)
[M::mem_pestat] low and high boundaries for computing mean and std.dev: (1, 1143)
[M::mem_pestat] mean and std.dev: (369.32, 172.02)
[M::mem_pestat] low and high boundaries for proper pairs: (1, 1454)
[M::mem_pestat] skip orientation RF as there are not enough pairs
[M::mem_pestat] analyzing insert size distribution for orientation RR...
[M::mem_pestat] (25, 50, 75) percentile: (218, 1078, 3686)
[M::mem_pestat] low and high boundaries for computing mean and std.dev: (1, 10622)
[M::mem_pestat] mean and std.dev: (1537.17, 1676.48)
[M::mem_pestat] low and high boundaries for proper pairs: (1, 14090)
[M::mem_pestat] skip orientation FF
[M::mem_pestat] skip orientation RR
[M::mem_process_seqs] Processed 266668 reads in 410.630 CPU sec, 102.869 real sec
[M::process] read 266668 sequences (40000200 bp)...
[M::mem_pestat] # candidate unique pairs for (FF, FR, RF, RR): (15, 6360, 6, 7)
[M::mem_pestat] analyzing insert size distribution for orientation FF...
[M::mem_pestat] (25, 50, 75) percentile: (173, 276, 846)
[M::mem_pestat] low and high boundaries for computing mean and std.dev: (1, 2192)
[M::mem_pestat] mean and std.dev: (519.93, 541.05)
[M::mem_pestat] low and high boundaries for proper pairs: (1, 2865)
[M::mem_pestat] analyzing insert size distribution for orientation FR...
[M::mem_pestat] (25, 50, 75) percentile: (209, 374, 521)
[M::mem_pestat] low and high boundaries for computing mean and std.dev: (1, 1145)
[M::mem_pestat] mean and std.dev: (368.22, 171.44)
[M::mem_pestat] low and high boundaries for proper pairs: (1, 1457)
[M::mem_pestat] skip orientation RF as there are not enough pairs
[M::mem_pestat] skip orientation RR as there are not enough pairs
[M::mem_pestat] skip orientation FF
[M::mem_process_seqs] Processed 266668 reads in 401.993 CPU sec, 100.637 real sec
[M::process] read 266668 sequences (40000200 bp)...
[M::mem_pestat] # candidate unique pairs for (FF, FR, RF, RR): (13, 6668, 8, 8)
[M::mem_pestat] analyzing insert size distribution for orientation FF...
[M::mem_pestat] (25, 50, 75) percentile: (163, 234, 5144)
[M::mem_pestat] low and high boundaries for computing mean and std.dev: (1, 15106)
[M::mem_pestat] mean and std.dev: (1596.08, 2275.20)
[M::mem_pestat] low and high boundaries for proper pairs: (1, 20087)
[M::mem_pestat] analyzing insert size distribution for orientation FR...
[M::mem_pestat] (25, 50, 75) percentile: (208, 364, 520)
[M::mem_pestat] low and high boundaries for computing mean and std.dev: (1, 1144)
[M::mem_pestat] mean and std.dev: (367.93, 170.62)
[M::mem_pestat] low and high boundaries for proper pairs: (1, 1456)
[M::mem_pestat] skip orientation RF as there are not enough pairs
[M::mem_pestat] skip orientation RR as there are not enough pairs
[M::mem_pestat] skip orientation FF
[M::mem_process_seqs] Processed 266668 reads in 411.182 CPU sec, 103.100 real sec
[M::process] read 266668 sequences (40000200 bp)...
[M::mem_pestat] # candidate unique pairs for (FF, FR, RF, RR): (19, 6495, 4, 6)
[M::mem_pestat] analyzing insert size distribution for orientation FF...
[M::mem_pestat] (25, 50, 75) percentile: (164, 203, 784)
[M::mem_pestat] low and high boundaries for computing mean and std.dev: (1, 2024)
[M::mem_pestat] mean and std.dev: (401.00, 394.90)
[M::mem_pestat] low and high boundaries for proper pairs: (1, 2644)
[M::mem_pestat] analyzing insert size distribution for orientation FR...
[M::mem_pestat] (25, 50, 75) percentile: (216, 400, 522)
[M::mem_pestat] low and high boundaries for computing mean and std.dev: (1, 1134)
[M::mem_pestat] mean and std.dev: (375.22, 172.13)
[M::mem_pestat] low and high boundaries for proper pairs: (1, 1440)
[M::mem_pestat] skip orientation RF as there are not enough pairs
[M::mem_pestat] skip orientation RR as there are not enough pairs
[M::mem_pestat] skip orientation FF
[M::mem_process_seqs] Processed 266668 reads in 411.282 CPU sec, 103.758 real sec
[M::process] read 266668 sequences (40000200 bp)...
[M::mem_pestat] # candidate unique pairs for (FF, FR, RF, RR): (14, 6630, 5, 10)
[M::mem_pestat] analyzing insert size distribution for orientation FF...
[M::mem_pestat] (25, 50, 75) percentile: (109, 155, 214)
[M::mem_pestat] low and high boundaries for computing mean and std.dev: (1, 424)
[M::mem_pestat] mean and std.dev: (131.73, 46.13)
[M::mem_pestat] low and high boundaries for proper pairs: (1, 529)
[M::mem_pestat] analyzing insert size distribution for orientation FR...
[M::mem_pestat] (25, 50, 75) percentile: (211, 379, 522)
[M::mem_pestat] low and high boundaries for computing mean and std.dev: (1, 1144)
[M::mem_pestat] mean and std.dev: (370.98, 172.05)
[M::mem_pestat] low and high boundaries for proper pairs: (1, 1455)
[M::mem_pestat] skip orientation RF as there are not enough pairs
[M::mem_pestat] analyzing insert size distribution for orientation RR...
[M::mem_pestat] (25, 50, 75) percentile: (188, 1048, 1605)
[M::mem_pestat] low and high boundaries for computing mean and std.dev: (1, 4439)
[M::mem_pestat] mean and std.dev: (998.22, 1152.34)
[M::mem_pestat] low and high boundaries for proper pairs: (1, 5856)
[M::mem_pestat] skip orientation FF
[M::mem_pestat] skip orientation RR
[M::mem_process_seqs] Processed 266668 reads in 415.030 CPU sec, 104.732 real sec
[M::process] read 266668 sequences (40000200 bp)...
[M::mem_pestat] # candidate unique pairs for (FF, FR, RF, RR): (23, 6557, 6, 7)
[M::mem_pestat] analyzing insert size distribution for orientation FF...
[M::mem_pestat] (25, 50, 75) percentile: (130, 166, 1004)
[M::mem_pestat] low and high boundaries for computing mean and std.dev: (1, 2752)
[M::mem_pestat] mean and std.dev: (446.32, 520.53)
[M::mem_pestat] low and high boundaries for proper pairs: (1, 3626)
[M::mem_pestat] analyzing insert size distribution for orientation FR...
[M::mem_pestat] (25, 50, 75) percentile: (200, 374, 521)
[M::mem_pestat] low and high boundaries for computing mean and std.dev: (1, 1163)
[M::mem_pestat] mean and std.dev: (368.45, 172.27)
[M::mem_pestat] low and high boundaries for proper pairs: (1, 1484)
[M::mem_pestat] skip orientation RF as there are not enough pairs
[M::mem_pestat] skip orientation RR as there are not enough pairs
[M::mem_pestat] skip orientation FF
[M::mem_process_seqs] Processed 266668 reads in 416.809 CPU sec, 105.579 real sec
[M::process] read 266668 sequences (40000200 bp)...
[M::mem_pestat] # candidate unique pairs for (FF, FR, RF, RR): (12, 6665, 7, 10)
[M::mem_pestat] analyzing insert size distribution for orientation FF...
[M::mem_pestat] (25, 50, 75) percentile: (110, 197, 591)
[M::mem_pestat] low and high boundaries for computing mean and std.dev: (1, 1553)
[M::mem_pestat] mean and std.dev: (190.40, 142.95)
[M::mem_pestat] low and high boundaries for proper pairs: (1, 2034)
[M::mem_pestat] analyzing insert size distribution for orientation FR...
[M::mem_pestat] (25, 50, 75) percentile: (202, 385, 521)
[M::mem_pestat] low and high boundaries for computing mean and std.dev: (1, 1159)
[M::mem_pestat] mean and std.dev: (370.63, 173.86)
[M::mem_pestat] low and high boundaries for proper pairs: (1, 1478)
[M::mem_pestat] skip orientation RF as there are not enough pairs
[M::mem_pestat] analyzing insert size distribution for orientation RR...
[M::mem_pestat] (25, 50, 75) percentile: (563, 1510, 3887)
[M::mem_pestat] low and high boundaries for computing mean and std.dev: (1, 10535)
[M::mem_pestat] mean and std.dev: (2227.70, 2065.56)
[M::mem_pestat] low and high boundaries for proper pairs: (1, 13859)
[M::mem_pestat] skip orientation FF
[M::mem_pestat] skip orientation RR
[M::mem_process_seqs] Processed 266668 reads in 422.797 CPU sec, 106.523 real sec
[M::process] read 266668 sequences (40000200 bp)...
[M::mem_pestat] # candidate unique pairs for (FF, FR, RF, RR): (18, 6520, 2, 15)
[M::mem_pestat] analyzing insert size distribution for orientation FF...
[M::mem_pestat] (25, 50, 75) percentile: (161, 534, 1986)
[M::mem_pestat] low and high boundaries for computing mean and std.dev: (1, 5636)
[M::mem_pestat] mean and std.dev: (992.00, 1194.39)
[M::mem_pestat] low and high boundaries for proper pairs: (1, 7461)
[M::mem_pestat] analyzing insert size distribution for orientation FR...
[M::mem_pestat] (25, 50, 75) percentile: (215, 388, 521)
[M::mem_pestat] low and high boundaries for computing mean and std.dev: (1, 1133)
[M::mem_pestat] mean and std.dev: (372.55, 171.67)
[M::mem_pestat] low and high boundaries for proper pairs: (1, 1439)
[M::mem_pestat] skip orientation RF as there are not enough pairs
[M::mem_pestat] analyzing insert size distribution for orientation RR...
[M::mem_pestat] (25, 50, 75) percentile: (899, 1595, 3012)
[M::mem_pestat] low and high boundaries for computing mean and std.dev: (1, 7238)
[M::mem_pestat] mean and std.dev: (1700.29, 1380.43)
[M::mem_pestat] low and high boundaries for proper pairs: (1, 9351)
[M::mem_pestat] skip orientation FF
[M::mem_pestat] skip orientation RR
[M::mem_process_seqs] Processed 266668 reads in 410.734 CPU sec, 102.985 real sec
[M::process] read 266668 sequences (40000200 bp)...
[M::mem_pestat] # candidate unique pairs for (FF, FR, RF, RR): (9, 6501, 3, 9)
[M::mem_pestat] skip orientation FF as there are not enough pairs
[M::mem_pestat] analyzing insert size distribution for orientation FR...
[M::mem_pestat] (25, 50, 75) percentile: (216, 383, 521)
[M::mem_pestat] low and high boundaries for computing mean and std.dev: (1, 1131)
[M::mem_pestat] mean and std.dev: (372.83, 172.56)
[M::mem_pestat] low and high boundaries for proper pairs: (1, 1436)
[M::mem_pestat] skip orientation RF as there are not enough pairs
[M::mem_pestat] skip orientation RR as there are not enough pairs
[M::mem_process_seqs] Processed 266668 reads in 413.027 CPU sec, 103.548 real sec
[M::process] read 266668 sequences (40000200 bp)...
[M::mem_pestat] # candidate unique pairs for (FF, FR, RF, RR): (22, 6683, 4, 14)
[M::mem_pestat] analyzing insert size distribution for orientation FF...
[M::mem_pestat] (25, 50, 75) percentile: (157, 222, 973)
[M::mem_pestat] low and high boundaries for computing mean and std.dev: (1, 2605)
[M::mem_pestat] mean and std.dev: (537.70, 673.21)
[M::mem_pestat] low and high boundaries for proper pairs: (1, 3421)
[M::mem_pestat] analyzing insert size distribution for orientation FR...
[M::mem_pestat] (25, 50, 75) percentile: (215, 378, 521)
[M::mem_pestat] low and high boundaries for computing mean and std.dev: (1, 1133)
[M::mem_pestat] mean and std.dev: (372.13, 171.51)
[M::mem_pestat] low and high boundaries for proper pairs: (1, 1439)
[M::mem_pestat] skip orientation RF as there are not enough pairs
[M::mem_pestat] analyzing insert size distribution for orientation RR...
[M::mem_pestat] (25, 50, 75) percentile: (570, 1245, 2841)
[M::mem_pestat] low and high boundaries for computing mean and std.dev: (1, 7383)
[M::mem_pestat] mean and std.dev: (1817.21, 1709.60)
[M::mem_pestat] low and high boundaries for proper pairs: (1, 9654)
[M::mem_pestat] skip orientation FF
[M::mem_pestat] skip orientation RR
[M::mem_process_seqs] Processed 266668 reads in 410.523 CPU sec, 103.304 real sec
[M::process] read 266668 sequences (40000200 bp)...
[M::mem_pestat] # candidate unique pairs for (FF, FR, RF, RR): (10, 6610, 5, 11)
[M::mem_pestat] analyzing insert size distribution for orientation FF...
[M::mem_pestat] (25, 50, 75) percentile: (125, 239, 861)
[M::mem_pestat] low and high boundaries for computing mean and std.dev: (1, 2333)
[M::mem_pestat] mean and std.dev: (522.10, 535.00)
[M::mem_pestat] low and high boundaries for proper pairs: (1, 3069)
[M::mem_pestat] analyzing insert size distribution for orientation FR...
[M::mem_pestat] (25, 50, 75) percentile: (215, 401, 522)
[M::mem_pestat] low and high boundaries for computing mean and std.dev: (1, 1136)
[M::mem_pestat] mean and std.dev: (374.54, 171.34)
[M::mem_pestat] low and high boundaries for proper pairs: (1, 1443)
[M::mem_pestat] skip orientation RF as there are not enough pairs
[M::mem_pestat] analyzing insert size distribution for orientation RR...
[M::mem_pestat] (25, 50, 75) percentile: (198, 648, 1039)
[M::mem_pestat] low and high boundaries for computing mean and std.dev: (1, 2721)
[M::mem_pestat] mean and std.dev: (705.82, 646.54)
[M::mem_pestat] low and high boundaries for proper pairs: (1, 3562)
[M::mem_pestat] skip orientation FF
[M::mem_pestat] skip orientation RR
[M::mem_process_seqs] Processed 266668 reads in 414.356 CPU sec, 104.994 real sec
[M::process] read 266668 sequences (40000200 bp)...
[M::mem_pestat] # candidate unique pairs for (FF, FR, RF, RR): (25, 6614, 5, 8)
[M::mem_pestat] analyzing insert size distribution for orientation FF...
[M::mem_pestat] (25, 50, 75) percentile: (140, 197, 688)
[M::mem_pestat] low and high boundaries for computing mean and std.dev: (1, 1784)
[M::mem_pestat] mean and std.dev: (239.43, 187.78)
[M::mem_pestat] low and high boundaries for proper pairs: (1, 2332)
[M::mem_pestat] analyzing insert size distribution for orientation FR...
[M::mem_pestat] (25, 50, 75) percentile: (197, 358, 520)
[M::mem_pestat] low and high boundaries for computing mean and std.dev: (1, 1166)
[M::mem_pestat] mean and std.dev: (364.32, 171.89)
[M::mem_pestat] low and high boundaries for proper pairs: (1, 1489)
[M::mem_pestat] skip orientation RF as there are not enough pairs
[M::mem_pestat] skip orientation RR as there are not enough pairs
[M::mem_pestat] skip orientation FF
[M::mem_process_seqs] Processed 266668 reads in 430.147 CPU sec, 107.936 real sec
[M::process] read 28060 sequences (4209000 bp)...
[M::mem_pestat] # candidate unique pairs for (FF, FR, RF, RR): (11, 6624, 3, 18)
[M::mem_pestat] analyzing insert size distribution for orientation FF...
[M::mem_pestat] (25, 50, 75) percentile: (136, 380, 663)
[M::mem_pestat] low and high boundaries for computing mean and std.dev: (1, 1717)
[M::mem_pestat] mean and std.dev: (293.44, 206.62)
[M::mem_pestat] low and high boundaries for proper pairs: (1, 2244)
[M::mem_pestat] analyzing insert size distribution for orientation FR...
[M::mem_pestat] (25, 50, 75) percentile: (209, 364, 521)
[M::mem_pestat] low and high boundaries for computing mean and std.dev: (1, 1145)
[M::mem_pestat] mean and std.dev: (367.45, 170.84)
[M::mem_pestat] low and high boundaries for proper pairs: (1, 1457)
[M::mem_pestat] skip orientation RF as there are not enough pairs
[M::mem_pestat] analyzing insert size distribution for orientation RR...
[M::mem_pestat] (25, 50, 75) percentile: (490, 1027, 1270)
[M::mem_pestat] low and high boundaries for computing mean and std.dev: (1, 2830)
[M::mem_pestat] mean and std.dev: (997.82, 672.43)
[M::mem_pestat] low and high boundaries for proper pairs: (1, 3688)
[M::mem_pestat] skip orientation FF
[M::mem_pestat] skip orientation RR
[M::mem_process_seqs] Processed 266668 reads in 419.883 CPU sec, 105.160 real sec
[M::mem_pestat] # candidate unique pairs for (FF, FR, RF, RR): (1, 681, 0, 0)
[M::mem_pestat] skip orientation FF as there are not enough pairs
[M::mem_pestat] analyzing insert size distribution for orientation FR...
[M::mem_pestat] (25, 50, 75) percentile: (209, 365, 521)
[M::mem_pestat] low and high boundaries for computing mean and std.dev: (1, 1145)
[M::mem_pestat] mean and std.dev: (370.65, 171.95)
[M::mem_pestat] low and high boundaries for proper pairs: (1, 1457)
[M::mem_pestat] skip orientation RF as there are not enough pairs
[M::mem_pestat] skip orientation RR as there are not enough pairs
[M::mem_process_seqs] Processed 28060 reads in 46.883 CPU sec, 11.741 real sec
[main] Version: 0.7.17-r1188
[main] CMD: bwa mem -t 4 -a /mnt/raid6/bacphagenetwork/data/bwa_index/chm13v2.0_noY.fa /mnt/raid6/bacphagenetwork/data/skin_metagenome/Beijing/02_rm_host/BJ122_1.fastq.gz /mnt/raid6/bacphagenetwork/data/skin_metagenome/Beijing/02_rm_host/BJ122_2.fastq.gz
[main] Real time: 7575.002 sec; CPU: 30092.258 sec
