[M::bwa_idx_load_from_disk] read 0 ALT contigs
[M::process] read 266668 sequences (40000200 bp)...
[M::process] read 266668 sequences (40000200 bp)...
[M::mem_pestat] # candidate unique pairs for (FF, FR, RF, RR): (23, 7958, 3, 17)
[M::mem_pestat] analyzing insert size distribution for orientation FF...
[M::mem_pestat] (25, 50, 75) percentile: (96, 149, 253)
[M::mem_pestat] low and high boundaries for computing mean and std.dev: (1, 567)
[M::mem_pestat] mean and std.dev: (148.16, 71.48)
[M::mem_pestat] low and high boundaries for proper pairs: (1, 724)
[M::mem_pestat] analyzing insert size distribution for orientation FR...
[M::mem_pestat] (25, 50, 75) percentile: (228, 508, 534)
[M::mem_pestat] low and high boundaries for computing mean and std.dev: (1, 1146)
[M::mem_pestat] mean and std.dev: (413.96, 177.74)
[M::mem_pestat] low and high boundaries for proper pairs: (1, 1452)
[M::mem_pestat] skip orientation RF as there are not enough pairs
[M::mem_pestat] analyzing insert size distribution for orientation RR...
[M::mem_pestat] (25, 50, 75) percentile: (179, 645, 1931)
[M::mem_pestat] low and high boundaries for computing mean and std.dev: (1, 5435)
[M::mem_pestat] mean and std.dev: (997.69, 1099.16)
[M::mem_pestat] low and high boundaries for proper pairs: (1, 7187)
[M::mem_pestat] skip orientation FF
[M::mem_pestat] skip orientation RR
[M::mem_process_seqs] Processed 266668 reads in 374.632 CPU sec, 93.902 real sec
[M::process] read 266668 sequences (40000200 bp)...
[M::mem_pestat] # candidate unique pairs for (FF, FR, RF, RR): (27, 7752, 12, 20)
[M::mem_pestat] analyzing insert size distribution for orientation FF...
[M::mem_pestat] (25, 50, 75) percentile: (103, 155, 226)
[M::mem_pestat] low and high boundaries for computing mean and std.dev: (1, 472)
[M::mem_pestat] mean and std.dev: (151.65, 77.49)
[M::mem_pestat] low and high boundaries for proper pairs: (1, 595)
[M::mem_pestat] analyzing insert size distribution for orientation FR...
[M::mem_pestat] (25, 50, 75) percentile: (202, 508, 535)
[M::mem_pestat] low and high boundaries for computing mean and std.dev: (1, 1201)
[M::mem_pestat] mean and std.dev: (407.97, 181.37)
[M::mem_pestat] low and high boundaries for proper pairs: (1, 1534)
[M::mem_pestat] analyzing insert size distribution for orientation RF...
[M::mem_pestat] (25, 50, 75) percentile: (107, 913, 1960)
[M::mem_pestat] low and high boundaries for computing mean and std.dev: (1, 5666)
[M::mem_pestat] mean and std.dev: (963.58, 907.29)
[M::mem_pestat] low and high boundaries for proper pairs: (1, 7519)
[M::mem_pestat] analyzing insert size distribution for orientation RR...
[M::mem_pestat] (25, 50, 75) percentile: (188, 410, 1427)
[M::mem_pestat] low and high boundaries for computing mean and std.dev: (1, 3905)
[M::mem_pestat] mean and std.dev: (803.84, 875.20)
[M::mem_pestat] low and high boundaries for proper pairs: (1, 5144)
[M::mem_pestat] skip orientation FF
[M::mem_pestat] skip orientation RF
[M::mem_pestat] skip orientation RR
[M::mem_process_seqs] Processed 266668 reads in 390.509 CPU sec, 97.832 real sec
[M::process] read 266668 sequences (40000200 bp)...
[M::mem_pestat] # candidate unique pairs for (FF, FR, RF, RR): (23, 7714, 8, 17)
[M::mem_pestat] analyzing insert size distribution for orientation FF...
[M::mem_pestat] (25, 50, 75) percentile: (100, 150, 549)
[M::mem_pestat] low and high boundaries for computing mean and std.dev: (1, 1447)
[M::mem_pestat] mean and std.dev: (288.65, 329.61)
[M::mem_pestat] low and high boundaries for proper pairs: (1, 1896)
[M::mem_pestat] analyzing insert size distribution for orientation FR...
[M::mem_pestat] (25, 50, 75) percentile: (214, 508, 535)
[M::mem_pestat] low and high boundaries for computing mean and std.dev: (1, 1177)
[M::mem_pestat] mean and std.dev: (409.01, 180.36)
[M::mem_pestat] low and high boundaries for proper pairs: (1, 1498)
[M::mem_pestat] skip orientation RF as there are not enough pairs
[M::mem_pestat] analyzing insert size distribution for orientation RR...
[M::mem_pestat] (25, 50, 75) percentile: (158, 310, 1166)
[M::mem_pestat] low and high boundaries for computing mean and std.dev: (1, 3182)
[M::mem_pestat] mean and std.dev: (600.19, 679.72)
[M::mem_pestat] low and high boundaries for proper pairs: (1, 4190)
[M::mem_pestat] skip orientation FF
[M::mem_pestat] skip orientation RR
[M::mem_process_seqs] Processed 266668 reads in 383.949 CPU sec, 96.166 real sec
[M::process] read 266668 sequences (40000200 bp)...
[M::mem_pestat] # candidate unique pairs for (FF, FR, RF, RR): (27, 7794, 7, 15)
[M::mem_pestat] analyzing insert size distribution for orientation FF...
[M::mem_pestat] (25, 50, 75) percentile: (137, 177, 490)
[M::mem_pestat] low and high boundaries for computing mean and std.dev: (1, 1196)
[M::mem_pestat] mean and std.dev: (301.23, 263.60)
[M::mem_pestat] low and high boundaries for proper pairs: (1, 1549)
[M::mem_pestat] analyzing insert size distribution for orientation FR...
[M::mem_pestat] (25, 50, 75) percentile: (223, 508, 533)
[M::mem_pestat] low and high boundaries for computing mean and std.dev: (1, 1153)
[M::mem_pestat] mean and std.dev: (411.29, 178.11)
[M::mem_pestat] low and high boundaries for proper pairs: (1, 1463)
[M::mem_pestat] skip orientation RF as there are not enough pairs
[M::mem_pestat] analyzing insert size distribution for orientation RR...
[M::mem_pestat] (25, 50, 75) percentile: (185, 253, 437)
[M::mem_pestat] low and high boundaries for computing mean and std.dev: (1, 941)
[M::mem_pestat] mean and std.dev: (277.69, 162.07)
[M::mem_pestat] low and high boundaries for proper pairs: (1, 1193)
[M::mem_pestat] skip orientation FF
[M::mem_pestat] skip orientation RR
[M::mem_process_seqs] Processed 266668 reads in 381.364 CPU sec, 95.599 real sec
[M::process] read 266668 sequences (40000200 bp)...
[M::mem_pestat] # candidate unique pairs for (FF, FR, RF, RR): (20, 7882, 15, 16)
[M::mem_pestat] analyzing insert size distribution for orientation FF...
[M::mem_pestat] (25, 50, 75) percentile: (145, 197, 366)
[M::mem_pestat] low and high boundaries for computing mean and std.dev: (1, 808)
[M::mem_pestat] mean and std.dev: (176.06, 84.93)
[M::mem_pestat] low and high boundaries for proper pairs: (1, 1029)
[M::mem_pestat] analyzing insert size distribution for orientation FR...
[M::mem_pestat] (25, 50, 75) percentile: (212, 508, 534)
[M::mem_pestat] low and high boundaries for computing mean and std.dev: (1, 1178)
[M::mem_pestat] mean and std.dev: (408.83, 179.07)
[M::mem_pestat] low and high boundaries for proper pairs: (1, 1500)
[M::mem_pestat] analyzing insert size distribution for orientation RF...
[M::mem_pestat] (25, 50, 75) percentile: (217, 1373, 4707)
[M::mem_pestat] low and high boundaries for computing mean and std.dev: (1, 13687)
[M::mem_pestat] mean and std.dev: (2312.40, 2631.15)
[M::mem_pestat] low and high boundaries for proper pairs: (1, 18177)
[M::mem_pestat] analyzing insert size distribution for orientation RR...
[M::mem_pestat] (25, 50, 75) percentile: (154, 269, 865)
[M::mem_pestat] low and high boundaries for computing mean and std.dev: (1, 2287)
[M::mem_pestat] mean and std.dev: (533.60, 589.52)
[M::mem_pestat] low and high boundaries for proper pairs: (1, 2998)
[M::mem_pestat] skip orientation FF
[M::mem_pestat] skip orientation RF
[M::mem_pestat] skip orientation RR
[M::mem_process_seqs] Processed 266668 reads in 383.029 CPU sec, 95.980 real sec
[M::process] read 266668 sequences (40000200 bp)...
[M::mem_pestat] # candidate unique pairs for (FF, FR, RF, RR): (22, 7938, 16, 14)
[M::mem_pestat] analyzing insert size distribution for orientation FF...
[M::mem_pestat] (25, 50, 75) percentile: (80, 228, 374)
[M::mem_pestat] low and high boundaries for computing mean and std.dev: (1, 962)
[M::mem_pestat] mean and std.dev: (170.29, 102.84)
[M::mem_pestat] low and high boundaries for proper pairs: (1, 1256)
[M::mem_pestat] analyzing insert size distribution for orientation FR...
[M::mem_pestat] (25, 50, 75) percentile: (205, 508, 535)
[M::mem_pestat] low and high boundaries for computing mean and std.dev: (1, 1195)
[M::mem_pestat] mean and std.dev: (407.19, 181.30)
[M::mem_pestat] low and high boundaries for proper pairs: (1, 1525)
[M::mem_pestat] analyzing insert size distribution for orientation RF...
[M::mem_pestat] (25, 50, 75) percentile: (394, 1077, 2076)
[M::mem_pestat] low and high boundaries for computing mean and std.dev: (1, 5440)
[M::mem_pestat] mean and std.dev: (1174.88, 1050.17)
[M::mem_pestat] low and high boundaries for proper pairs: (1, 7122)
[M::mem_pestat] analyzing insert size distribution for orientation RR...
[M::mem_pestat] (25, 50, 75) percentile: (185, 318, 853)
[M::mem_pestat] low and high boundaries for computing mean and std.dev: (1, 2189)
[M::mem_pestat] mean and std.dev: (467.67, 531.95)
[M::mem_pestat] low and high boundaries for proper pairs: (1, 2857)
[M::mem_pestat] skip orientation FF
[M::mem_pestat] skip orientation RF
[M::mem_pestat] skip orientation RR
[M::mem_process_seqs] Processed 266668 reads in 389.374 CPU sec, 97.579 real sec
[M::process] read 266668 sequences (40000200 bp)...
[M::mem_pestat] # candidate unique pairs for (FF, FR, RF, RR): (25, 7843, 8, 17)
[M::mem_pestat] analyzing insert size distribution for orientation FF...
[M::mem_pestat] (25, 50, 75) percentile: (112, 176, 770)
[M::mem_pestat] low and high boundaries for computing mean and std.dev: (1, 2086)
[M::mem_pestat] mean and std.dev: (382.04, 463.10)
[M::mem_pestat] low and high boundaries for proper pairs: (1, 2744)
[M::mem_pestat] analyzing insert size distribution for orientation FR...
[M::mem_pestat] (25, 50, 75) percentile: (226, 509, 536)
[M::mem_pestat] low and high boundaries for computing mean and std.dev: (1, 1156)
[M::mem_pestat] mean and std.dev: (413.20, 178.11)
[M::mem_pestat] low and high boundaries for proper pairs: (1, 1466)
[M::mem_pestat] skip orientation RF as there are not enough pairs
[M::mem_pestat] analyzing insert size distribution for orientation RR...
[M::mem_pestat] (25, 50, 75) percentile: (197, 243, 1093)
[M::mem_pestat] low and high boundaries for computing mean and std.dev: (1, 2885)
[M::mem_pestat] mean and std.dev: (460.44, 443.47)
[M::mem_pestat] low and high boundaries for proper pairs: (1, 3781)
[M::mem_pestat] skip orientation FF
[M::mem_pestat] skip orientation RR
[M::mem_process_seqs] Processed 266668 reads in 382.419 CPU sec, 95.855 real sec
[M::process] read 266668 sequences (40000200 bp)...
[M::mem_pestat] # candidate unique pairs for (FF, FR, RF, RR): (26, 7870, 17, 21)
[M::mem_pestat] analyzing insert size distribution for orientation FF...
[M::mem_pestat] (25, 50, 75) percentile: (74, 207, 1004)
[M::mem_pestat] low and high boundaries for computing mean and std.dev: (1, 2864)
[M::mem_pestat] mean and std.dev: (442.12, 587.54)
[M::mem_pestat] low and high boundaries for proper pairs: (1, 3794)
[M::mem_pestat] analyzing insert size distribution for orientation FR...
[M::mem_pestat] (25, 50, 75) percentile: (216, 508, 534)
[M::mem_pestat] low and high boundaries for computing mean and std.dev: (1, 1170)
[M::mem_pestat] mean and std.dev: (410.05, 179.13)
[M::mem_pestat] low and high boundaries for proper pairs: (1, 1488)
[M::mem_pestat] analyzing insert size distribution for orientation RF...
[M::mem_pestat] (25, 50, 75) percentile: (259, 893, 2645)
[M::mem_pestat] low and high boundaries for computing mean and std.dev: (1, 7417)
[M::mem_pestat] mean and std.dev: (1354.88, 1405.33)
[M::mem_pestat] low and high boundaries for proper pairs: (1, 9803)
[M::mem_pestat] analyzing insert size distribution for orientation RR...
[M::mem_pestat] (25, 50, 75) percentile: (239, 379, 1154)
[M::mem_pestat] low and high boundaries for computing mean and std.dev: (1, 2984)
[M::mem_pestat] mean and std.dev: (560.95, 451.23)
[M::mem_pestat] low and high boundaries for proper pairs: (1, 3899)
[M::mem_pestat] skip orientation FF
[M::mem_pestat] skip orientation RF
[M::mem_pestat] skip orientation RR
[M::mem_process_seqs] Processed 266668 reads in 382.037 CPU sec, 95.683 real sec
[M::process] read 266668 sequences (40000200 bp)...
[M::mem_pestat] # candidate unique pairs for (FF, FR, RF, RR): (30, 7897, 8, 9)
[M::mem_pestat] analyzing insert size distribution for orientation FF...
[M::mem_pestat] (25, 50, 75) percentile: (100, 196, 754)
[M::mem_pestat] low and high boundaries for computing mean and std.dev: (1, 2062)
[M::mem_pestat] mean and std.dev: (484.62, 553.70)
[M::mem_pestat] low and high boundaries for proper pairs: (1, 2716)
[M::mem_pestat] analyzing insert size distribution for orientation FR...
[M::mem_pestat] (25, 50, 75) percentile: (218, 509, 535)
[M::mem_pestat] low and high boundaries for computing mean and std.dev: (1, 1169)
[M::mem_pestat] mean and std.dev: (412.11, 179.39)
[M::mem_pestat] low and high boundaries for proper pairs: (1, 1486)
[M::mem_pestat] skip orientation RF as there are not enough pairs
[M::mem_pestat] skip orientation RR as there are not enough pairs
[M::mem_pestat] skip orientation FF
[M::mem_process_seqs] Processed 266668 reads in 382.924 CPU sec, 95.912 real sec
[M::process] read 266668 sequences (40000200 bp)...
[M::mem_pestat] # candidate unique pairs for (FF, FR, RF, RR): (34, 7957, 11, 15)
[M::mem_pestat] analyzing insert size distribution for orientation FF...
[M::mem_pestat] (25, 50, 75) percentile: (90, 182, 333)
[M::mem_pestat] low and high boundaries for computing mean and std.dev: (1, 819)
[M::mem_pestat] mean and std.dev: (188.86, 158.98)
[M::mem_pestat] low and high boundaries for proper pairs: (1, 1062)
[M::mem_pestat] analyzing insert size distribution for orientation FR...
[M::mem_pestat] (25, 50, 75) percentile: (236, 509, 535)
[M::mem_pestat] low and high boundaries for computing mean and std.dev: (1, 1133)
[M::mem_pestat] mean and std.dev: (416.51, 176.67)
[M::mem_pestat] low and high boundaries for proper pairs: (1, 1432)
[M::mem_pestat] analyzing insert size distribution for orientation RF...
[M::mem_pestat] (25, 50, 75) percentile: (415, 982, 2128)
[M::mem_pestat] low and high boundaries for computing mean and std.dev: (1, 5554)
[M::mem_pestat] mean and std.dev: (1154.20, 942.26)
[M::mem_pestat] low and high boundaries for proper pairs: (1, 7267)
[M::mem_pestat] analyzing insert size distribution for orientation RR...
[M::mem_pestat] (25, 50, 75) percentile: (358, 767, 1187)
[M::mem_pestat] low and high boundaries for computing mean and std.dev: (1, 2845)
[M::mem_pestat] mean and std.dev: (861.07, 659.21)
[M::mem_pestat] low and high boundaries for proper pairs: (1, 3674)
[M::mem_pestat] skip orientation FF
[M::mem_pestat] skip orientation RF
[M::mem_pestat] skip orientation RR
[M::mem_process_seqs] Processed 266668 reads in 378.760 CPU sec, 94.961 real sec
[M::process] read 266668 sequences (40000200 bp)...
[M::mem_pestat] # candidate unique pairs for (FF, FR, RF, RR): (28, 8185, 5, 10)
[M::mem_pestat] analyzing insert size distribution for orientation FF...
[M::mem_pestat] (25, 50, 75) percentile: (123, 179, 583)
[M::mem_pestat] low and high boundaries for computing mean and std.dev: (1, 1503)
[M::mem_pestat] mean and std.dev: (300.58, 280.63)
[M::mem_pestat] low and high boundaries for proper pairs: (1, 1963)
[M::mem_pestat] analyzing insert size distribution for orientation FR...
[M::mem_pestat] (25, 50, 75) percentile: (214, 508, 536)
[M::mem_pestat] low and high boundaries for computing mean and std.dev: (1, 1180)
[M::mem_pestat] mean and std.dev: (409.80, 180.32)
[M::mem_pestat] low and high boundaries for proper pairs: (1, 1502)
[M::mem_pestat] skip orientation RF as there are not enough pairs
[M::mem_pestat] analyzing insert size distribution for orientation RR...
[M::mem_pestat] (25, 50, 75) percentile: (632, 768, 1706)
[M::mem_pestat] low and high boundaries for computing mean and std.dev: (1, 3854)
[M::mem_pestat] mean and std.dev: (842.00, 581.49)
[M::mem_pestat] low and high boundaries for proper pairs: (1, 4928)
[M::mem_pestat] skip orientation FF
[M::mem_pestat] skip orientation RR
[M::mem_process_seqs] Processed 266668 reads in 384.860 CPU sec, 96.506 real sec
[M::process] read 266668 sequences (40000200 bp)...
[M::mem_pestat] # candidate unique pairs for (FF, FR, RF, RR): (26, 7883, 13, 13)
[M::mem_pestat] analyzing insert size distribution for orientation FF...
[M::mem_pestat] (25, 50, 75) percentile: (149, 221, 905)
[M::mem_pestat] low and high boundaries for computing mean and std.dev: (1, 2417)
[M::mem_pestat] mean and std.dev: (458.96, 574.75)
[M::mem_pestat] low and high boundaries for proper pairs: (1, 3173)
[M::mem_pestat] analyzing insert size distribution for orientation FR...
[M::mem_pestat] (25, 50, 75) percentile: (218, 509, 535)
[M::mem_pestat] low and high boundaries for computing mean and std.dev: (1, 1169)
[M::mem_pestat] mean and std.dev: (411.75, 178.68)
[M::mem_pestat] low and high boundaries for proper pairs: (1, 1486)
[M::mem_pestat] analyzing insert size distribution for orientation RF...
[M::mem_pestat] (25, 50, 75) percentile: (118, 648, 2519)
[M::mem_pestat] low and high boundaries for computing mean and std.dev: (1, 7321)
[M::mem_pestat] mean and std.dev: (1391.69, 1639.51)
[M::mem_pestat] low and high boundaries for proper pairs: (1, 9722)
[M::mem_pestat] analyzing insert size distribution for orientation RR...
[M::mem_pestat] (25, 50, 75) percentile: (215, 369, 2460)
[M::mem_pestat] low and high boundaries for computing mean and std.dev: (1, 6950)
[M::mem_pestat] mean and std.dev: (1169.62, 1501.37)
[M::mem_pestat] low and high boundaries for proper pairs: (1, 9195)
[M::mem_pestat] skip orientation FF
[M::mem_pestat] skip orientation RF
[M::mem_pestat] skip orientation RR
[M::mem_process_seqs] Processed 266668 reads in 382.316 CPU sec, 95.775 real sec
[M::process] read 266668 sequences (40000200 bp)...
[M::mem_pestat] # candidate unique pairs for (FF, FR, RF, RR): (26, 8064, 11, 17)
[M::mem_pestat] analyzing insert size distribution for orientation FF...
[M::mem_pestat] (25, 50, 75) percentile: (111, 168, 232)
[M::mem_pestat] low and high boundaries for computing mean and std.dev: (1, 474)
[M::mem_pestat] mean and std.dev: (140.81, 67.15)
[M::mem_pestat] low and high boundaries for proper pairs: (1, 595)
[M::mem_pestat] analyzing insert size distribution for orientation FR...
[M::mem_pestat] (25, 50, 75) percentile: (220, 509, 536)
[M::mem_pestat] low and high boundaries for computing mean and std.dev: (1, 1168)
[M::mem_pestat] mean and std.dev: (412.03, 178.37)
[M::mem_pestat] low and high boundaries for proper pairs: (1, 1484)
[M::mem_pestat] analyzing insert size distribution for orientation RF...
[M::mem_pestat] (25, 50, 75) percentile: (331, 916, 2281)
[M::mem_pestat] low and high boundaries for computing mean and std.dev: (1, 6181)
[M::mem_pestat] mean and std.dev: (1290.91, 1325.03)
[M::mem_pestat] low and high boundaries for proper pairs: (1, 8131)
[M::mem_pestat] analyzing insert size distribution for orientation RR...
[M::mem_pestat] (25, 50, 75) percentile: (157, 662, 1360)
[M::mem_pestat] low and high boundaries for computing mean and std.dev: (1, 3766)
[M::mem_pestat] mean and std.dev: (828.00, 797.70)
[M::mem_pestat] low and high boundaries for proper pairs: (1, 4969)
[M::mem_pestat] skip orientation FF
[M::mem_pestat] skip orientation RF
[M::mem_pestat] skip orientation RR
[M::mem_process_seqs] Processed 266668 reads in 379.627 CPU sec, 95.087 real sec
[M::process] read 266668 sequences (40000200 bp)...
[M::mem_pestat] # candidate unique pairs for (FF, FR, RF, RR): (25, 7874, 11, 17)
[M::mem_pestat] analyzing insert size distribution for orientation FF...
[M::mem_pestat] (25, 50, 75) percentile: (155, 194, 279)
[M::mem_pestat] low and high boundaries for computing mean and std.dev: (1, 527)
[M::mem_pestat] mean and std.dev: (185.95, 54.45)
[M::mem_pestat] low and high boundaries for proper pairs: (1, 651)
[M::mem_pestat] analyzing insert size distribution for orientation FR...
[M::mem_pestat] (25, 50, 75) percentile: (226, 509, 535)
[M::mem_pestat] low and high boundaries for computing mean and std.dev: (1, 1153)
[M::mem_pestat] mean and std.dev: (413.51, 178.24)
[M::mem_pestat] low and high boundaries for proper pairs: (1, 1462)
[M::mem_pestat] analyzing insert size distribution for orientation RF...
[M::mem_pestat] (25, 50, 75) percentile: (328, 1463, 4931)
[M::mem_pestat] low and high boundaries for computing mean and std.dev: (1, 14137)
[M::mem_pestat] mean and std.dev: (2681.09, 2790.77)
[M::mem_pestat] low and high boundaries for proper pairs: (1, 18740)
[M::mem_pestat] analyzing insert size distribution for orientation RR...
[M::mem_pestat] (25, 50, 75) percentile: (168, 768, 1953)
[M::mem_pestat] low and high boundaries for computing mean and std.dev: (1, 5523)
[M::mem_pestat] mean and std.dev: (937.75, 1058.99)
[M::mem_pestat] low and high boundaries for proper pairs: (1, 7308)
[M::mem_pestat] skip orientation FF
[M::mem_pestat] skip orientation RF
[M::mem_pestat] skip orientation RR
[M::mem_process_seqs] Processed 266668 reads in 380.646 CPU sec, 95.337 real sec
[M::process] read 266668 sequences (40000200 bp)...
[M::mem_pestat] # candidate unique pairs for (FF, FR, RF, RR): (26, 7903, 13, 15)
[M::mem_pestat] analyzing insert size distribution for orientation FF...
[M::mem_pestat] (25, 50, 75) percentile: (117, 198, 549)
[M::mem_pestat] low and high boundaries for computing mean and std.dev: (1, 1413)
[M::mem_pestat] mean and std.dev: (317.04, 349.62)
[M::mem_pestat] low and high boundaries for proper pairs: (1, 1845)
[M::mem_pestat] analyzing insert size distribution for orientation FR...
[M::mem_pestat] (25, 50, 75) percentile: (217, 509, 535)
[M::mem_pestat] low and high boundaries for computing mean and std.dev: (1, 1171)
[M::mem_pestat] mean and std.dev: (410.92, 179.39)
[M::mem_pestat] low and high boundaries for proper pairs: (1, 1489)
[M::mem_pestat] analyzing insert size distribution for orientation RF...
[M::mem_pestat] (25, 50, 75) percentile: (935, 1051, 2631)
[M::mem_pestat] low and high boundaries for computing mean and std.dev: (1, 6023)
[M::mem_pestat] mean and std.dev: (1155.55, 686.81)
[M::mem_pestat] low and high boundaries for proper pairs: (1, 7719)
[M::mem_pestat] analyzing insert size distribution for orientation RR...
[M::mem_pestat] (25, 50, 75) percentile: (196, 643, 1015)
[M::mem_pestat] low and high boundaries for computing mean and std.dev: (1, 2653)
[M::mem_pestat] mean and std.dev: (596.00, 558.80)
[M::mem_pestat] low and high boundaries for proper pairs: (1, 3472)
[M::mem_pestat] skip orientation FF
[M::mem_pestat] skip orientation RF
[M::mem_pestat] skip orientation RR
[M::mem_process_seqs] Processed 266668 reads in 380.397 CPU sec, 95.306 real sec
[M::process] read 266668 sequences (40000200 bp)...
[M::mem_pestat] # candidate unique pairs for (FF, FR, RF, RR): (27, 7964, 12, 21)
[M::mem_pestat] analyzing insert size distribution for orientation FF...
[M::mem_pestat] (25, 50, 75) percentile: (106, 189, 317)
[M::mem_pestat] low and high boundaries for computing mean and std.dev: (1, 739)
[M::mem_pestat] mean and std.dev: (193.39, 143.79)
[M::mem_pestat] low and high boundaries for proper pairs: (1, 950)
[M::mem_pestat] analyzing insert size distribution for orientation FR...
[M::mem_pestat] (25, 50, 75) percentile: (222, 509, 535)
[M::mem_pestat] low and high boundaries for computing mean and std.dev: (1, 1161)
[M::mem_pestat] mean and std.dev: (412.44, 178.98)
[M::mem_pestat] low and high boundaries for proper pairs: (1, 1474)
[M::mem_pestat] analyzing insert size distribution for orientation RF...
[M::mem_pestat] (25, 50, 75) percentile: (826, 2061, 3691)
[M::mem_pestat] low and high boundaries for computing mean and std.dev: (1, 9421)
[M::mem_pestat] mean and std.dev: (2180.50, 1957.85)
[M::mem_pestat] low and high boundaries for proper pairs: (1, 12286)
[M::mem_pestat] analyzing insert size distribution for orientation RR...
[M::mem_pestat] (25, 50, 75) percentile: (207, 383, 1107)
[M::mem_pestat] low and high boundaries for computing mean and std.dev: (1, 2907)
[M::mem_pestat] mean and std.dev: (556.15, 474.88)
[M::mem_pestat] low and high boundaries for proper pairs: (1, 3807)
[M::mem_pestat] skip orientation FF
[M::mem_pestat] skip orientation RF
[M::mem_pestat] skip orientation RR
[M::mem_process_seqs] Processed 266668 reads in 381.215 CPU sec, 95.520 real sec
[M::process] read 266668 sequences (40000200 bp)...
[M::mem_pestat] # candidate unique pairs for (FF, FR, RF, RR): (20, 7865, 7, 15)
[M::mem_pestat] analyzing insert size distribution for orientation FF...
[M::mem_pestat] (25, 50, 75) percentile: (123, 181, 585)
[M::mem_pestat] low and high boundaries for computing mean and std.dev: (1, 1509)
[M::mem_pestat] mean and std.dev: (265.33, 259.98)
[M::mem_pestat] low and high boundaries for proper pairs: (1, 1971)
[M::mem_pestat] analyzing insert size distribution for orientation FR...
[M::mem_pestat] (25, 50, 75) percentile: (222, 509, 535)
[M::mem_pestat] low and high boundaries for computing mean and std.dev: (1, 1161)
[M::mem_pestat] mean and std.dev: (412.95, 179.40)
[M::mem_pestat] low and high boundaries for proper pairs: (1, 1474)
[M::mem_pestat] skip orientation RF as there are not enough pairs
[M::mem_pestat] analyzing insert size distribution for orientation RR...
[M::mem_pestat] (25, 50, 75) percentile: (195, 597, 1804)
[M::mem_pestat] low and high boundaries for computing mean and std.dev: (1, 5022)
[M::mem_pestat] mean and std.dev: (1029.00, 1175.80)
[M::mem_pestat] low and high boundaries for proper pairs: (1, 6631)
[M::mem_pestat] skip orientation FF
[M::mem_pestat] skip orientation RR
[M::mem_process_seqs] Processed 266668 reads in 383.067 CPU sec, 96.008 real sec
[M::process] read 266668 sequences (40000200 bp)...
[M::mem_pestat] # candidate unique pairs for (FF, FR, RF, RR): (24, 7854, 9, 16)
[M::mem_pestat] analyzing insert size distribution for orientation FF...
[M::mem_pestat] (25, 50, 75) percentile: (129, 161, 487)
[M::mem_pestat] low and high boundaries for computing mean and std.dev: (1, 1203)
[M::mem_pestat] mean and std.dev: (253.82, 233.72)
[M::mem_pestat] low and high boundaries for proper pairs: (1, 1561)
[M::mem_pestat] analyzing insert size distribution for orientation FR...
[M::mem_pestat] (25, 50, 75) percentile: (219, 509, 535)
[M::mem_pestat] low and high boundaries for computing mean and std.dev: (1, 1167)
[M::mem_pestat] mean and std.dev: (412.04, 179.06)
[M::mem_pestat] low and high boundaries for proper pairs: (1, 1483)
[M::mem_pestat] skip orientation RF as there are not enough pairs
[M::mem_pestat] analyzing insert size distribution for orientation RR...
[M::mem_pestat] (25, 50, 75) percentile: (285, 602, 1357)
[M::mem_pestat] low and high boundaries for computing mean and std.dev: (1, 3501)
[M::mem_pestat] mean and std.dev: (853.06, 814.86)
[M::mem_pestat] low and high boundaries for proper pairs: (1, 4573)
[M::mem_pestat] skip orientation FF
[M::mem_pestat] skip orientation RR
[M::mem_process_seqs] Processed 266668 reads in 384.423 CPU sec, 96.342 real sec
[M::process] read 266668 sequences (40000200 bp)...
[M::mem_pestat] # candidate unique pairs for (FF, FR, RF, RR): (20, 8013, 10, 17)
[M::mem_pestat] analyzing insert size distribution for orientation FF...
[M::mem_pestat] (25, 50, 75) percentile: (131, 237, 638)
[M::mem_pestat] low and high boundaries for computing mean and std.dev: (1, 1652)
[M::mem_pestat] mean and std.dev: (358.94, 383.29)
[M::mem_pestat] low and high boundaries for proper pairs: (1, 2159)
[M::mem_pestat] analyzing insert size distribution for orientation FR...
[M::mem_pestat] (25, 50, 75) percentile: (212, 508, 533)
[M::mem_pestat] low and high boundaries for computing mean and std.dev: (1, 1175)
[M::mem_pestat] mean and std.dev: (408.37, 180.41)
[M::mem_pestat] low and high boundaries for proper pairs: (1, 1496)
[M::mem_pestat] analyzing insert size distribution for orientation RF...
[M::mem_pestat] (25, 50, 75) percentile: (145, 794, 2120)
[M::mem_pestat] low and high boundaries for computing mean and std.dev: (1, 6070)
[M::mem_pestat] mean and std.dev: (950.78, 916.28)
[M::mem_pestat] low and high boundaries for proper pairs: (1, 8045)
[M::mem_pestat] analyzing insert size distribution for orientation RR...
[M::mem_pestat] (25, 50, 75) percentile: (176, 256, 1612)
[M::mem_pestat] low and high boundaries for computing mean and std.dev: (1, 4484)
[M::mem_pestat] mean and std.dev: (711.06, 848.60)
[M::mem_pestat] low and high boundaries for proper pairs: (1, 5920)
[M::mem_pestat] skip orientation FF
[M::mem_pestat] skip orientation RF
[M::mem_pestat] skip orientation RR
[M::mem_process_seqs] Processed 266668 reads in 381.947 CPU sec, 95.671 real sec
[M::process] read 266668 sequences (40000200 bp)...
[M::mem_pestat] # candidate unique pairs for (FF, FR, RF, RR): (24, 7834, 3, 16)
[M::mem_pestat] analyzing insert size distribution for orientation FF...
[M::mem_pestat] (25, 50, 75) percentile: (97, 285, 655)
[M::mem_pestat] low and high boundaries for computing mean and std.dev: (1, 1771)
[M::mem_pestat] mean and std.dev: (383.52, 416.86)
[M::mem_pestat] low and high boundaries for proper pairs: (1, 2329)
[M::mem_pestat] analyzing insert size distribution for orientation FR...
[M::mem_pestat] (25, 50, 75) percentile: (216, 509, 535)
[M::mem_pestat] low and high boundaries for computing mean and std.dev: (1, 1173)
[M::mem_pestat] mean and std.dev: (411.10, 179.78)
[M::mem_pestat] low and high boundaries for proper pairs: (1, 1492)
[M::mem_pestat] skip orientation RF as there are not enough pairs
[M::mem_pestat] analyzing insert size distribution for orientation RR...
[M::mem_pestat] (25, 50, 75) percentile: (130, 598, 932)
[M::mem_pestat] low and high boundaries for computing mean and std.dev: (1, 2536)
[M::mem_pestat] mean and std.dev: (606.47, 648.12)
[M::mem_pestat] low and high boundaries for proper pairs: (1, 3338)
[M::mem_pestat] skip orientation FF
[M::mem_pestat] skip orientation RR
[M::mem_process_seqs] Processed 266668 reads in 381.677 CPU sec, 95.606 real sec
[M::process] read 266668 sequences (40000200 bp)...
[M::mem_pestat] # candidate unique pairs for (FF, FR, RF, RR): (27, 7861, 11, 10)
[M::mem_pestat] analyzing insert size distribution for orientation FF...
[M::mem_pestat] (25, 50, 75) percentile: (167, 251, 989)
[M::mem_pestat] low and high boundaries for computing mean and std.dev: (1, 2633)
[M::mem_pestat] mean and std.dev: (557.74, 635.45)
[M::mem_pestat] low and high boundaries for proper pairs: (1, 3455)
[M::mem_pestat] analyzing insert size distribution for orientation FR...
[M::mem_pestat] (25, 50, 75) percentile: (208, 508, 533)
[M::mem_pestat] low and high boundaries for computing mean and std.dev: (1, 1183)
[M::mem_pestat] mean and std.dev: (405.66, 179.69)
[M::mem_pestat] low and high boundaries for proper pairs: (1, 1508)
[M::mem_pestat] analyzing insert size distribution for orientation RF...
[M::mem_pestat] (25, 50, 75) percentile: (575, 1154, 2448)
[M::mem_pestat] low and high boundaries for computing mean and std.dev: (1, 6194)
[M::mem_pestat] mean and std.dev: (1170.00, 904.08)
[M::mem_pestat] low and high boundaries for proper pairs: (1, 8067)
[M::mem_pestat] analyzing insert size distribution for orientation RR...
[M::mem_pestat] (25, 50, 75) percentile: (146, 255, 598)
[M::mem_pestat] low and high boundaries for computing mean and std.dev: (1, 1502)
[M::mem_pestat] mean and std.dev: (379.00, 414.53)
[M::mem_pestat] low and high boundaries for proper pairs: (1, 2037)
[M::mem_pestat] skip orientation FF
[M::mem_pestat] skip orientation RF
[M::mem_pestat] skip orientation RR
[M::mem_process_seqs] Processed 266668 reads in 389.695 CPU sec, 97.604 real sec
[M::process] read 266668 sequences (40000200 bp)...
[M::mem_pestat] # candidate unique pairs for (FF, FR, RF, RR): (24, 7924, 8, 14)
[M::mem_pestat] analyzing insert size distribution for orientation FF...
[M::mem_pestat] (25, 50, 75) percentile: (122, 163, 347)
[M::mem_pestat] low and high boundaries for computing mean and std.dev: (1, 797)
[M::mem_pestat] mean and std.dev: (165.53, 71.71)
[M::mem_pestat] low and high boundaries for proper pairs: (1, 1022)
[M::mem_pestat] analyzing insert size distribution for orientation FR...
[M::mem_pestat] (25, 50, 75) percentile: (218, 508, 536)
[M::mem_pestat] low and high boundaries for computing mean and std.dev: (1, 1172)
[M::mem_pestat] mean and std.dev: (411.35, 179.55)
[M::mem_pestat] low and high boundaries for proper pairs: (1, 1490)
[M::mem_pestat] skip orientation RF as there are not enough pairs
[M::mem_pestat] analyzing insert size distribution for orientation RR...
[M::mem_pestat] (25, 50, 75) percentile: (576, 834, 1429)
[M::mem_pestat] low and high boundaries for computing mean and std.dev: (1, 3135)
[M::mem_pestat] mean and std.dev: (1019.36, 764.86)
[M::mem_pestat] low and high boundaries for proper pairs: (1, 4079)
[M::mem_pestat] skip orientation FF
[M::mem_pestat] skip orientation RR
[M::mem_process_seqs] Processed 266668 reads in 384.524 CPU sec, 96.323 real sec
[M::process] read 266668 sequences (40000200 bp)...
[M::mem_pestat] # candidate unique pairs for (FF, FR, RF, RR): (22, 7851, 7, 8)
[M::mem_pestat] analyzing insert size distribution for orientation FF...
[M::mem_pestat] (25, 50, 75) percentile: (71, 201, 276)
[M::mem_pestat] low and high boundaries for computing mean and std.dev: (1, 686)
[M::mem_pestat] mean and std.dev: (173.70, 100.64)
[M::mem_pestat] low and high boundaries for proper pairs: (1, 891)
[M::mem_pestat] analyzing insert size distribution for orientation FR...
[M::mem_pestat] (25, 50, 75) percentile: (219, 509, 535)
[M::mem_pestat] low and high boundaries for computing mean and std.dev: (1, 1167)
[M::mem_pestat] mean and std.dev: (411.05, 179.73)
[M::mem_pestat] low and high boundaries for proper pairs: (1, 1483)
[M::mem_pestat] skip orientation RF as there are not enough pairs
[M::mem_pestat] skip orientation RR as there are not enough pairs
[M::mem_pestat] skip orientation FF
[M::mem_process_seqs] Processed 266668 reads in 384.629 CPU sec, 96.400 real sec
[M::process] read 266668 sequences (40000200 bp)...
[M::mem_pestat] # candidate unique pairs for (FF, FR, RF, RR): (22, 7917, 9, 12)
[M::mem_pestat] analyzing insert size distribution for orientation FF...
[M::mem_pestat] (25, 50, 75) percentile: (127, 181, 281)
[M::mem_pestat] low and high boundaries for computing mean and std.dev: (1, 589)
[M::mem_pestat] mean and std.dev: (193.84, 91.82)
[M::mem_pestat] low and high boundaries for proper pairs: (1, 743)
[M::mem_pestat] analyzing insert size distribution for orientation FR...
[M::mem_pestat] (25, 50, 75) percentile: (218, 508, 535)
[M::mem_pestat] low and high boundaries for computing mean and std.dev: (1, 1169)
[M::mem_pestat] mean and std.dev: (409.58, 179.94)
[M::mem_pestat] low and high boundaries for proper pairs: (1, 1486)
[M::mem_pestat] skip orientation RF as there are not enough pairs
[M::mem_pestat] analyzing insert size distribution for orientation RR...
[M::mem_pestat] (25, 50, 75) percentile: (702, 1143, 4150)
[M::mem_pestat] low and high boundaries for computing mean and std.dev: (1, 11046)
[M::mem_pestat] mean and std.dev: (2282.42, 2185.77)
[M::mem_pestat] low and high boundaries for proper pairs: (1, 14494)
[M::mem_pestat] skip orientation FF
[M::mem_pestat] skip orientation RR
[M::mem_process_seqs] Processed 266668 reads in 382.063 CPU sec, 95.751 real sec
[M::process] read 266668 sequences (40000200 bp)...
[M::mem_pestat] # candidate unique pairs for (FF, FR, RF, RR): (18, 8036, 10, 21)
[M::mem_pestat] analyzing insert size distribution for orientation FF...
[M::mem_pestat] (25, 50, 75) percentile: (118, 193, 320)
[M::mem_pestat] low and high boundaries for computing mean and std.dev: (1, 724)
[M::mem_pestat] mean and std.dev: (217.06, 140.12)
[M::mem_pestat] low and high boundaries for proper pairs: (1, 926)
[M::mem_pestat] analyzing insert size distribution for orientation FR...
[M::mem_pestat] (25, 50, 75) percentile: (219, 508, 536)
[M::mem_pestat] low and high boundaries for computing mean and std.dev: (1, 1170)
[M::mem_pestat] mean and std.dev: (412.11, 179.17)
[M::mem_pestat] low and high boundaries for proper pairs: (1, 1487)
[M::mem_pestat] analyzing insert size distribution for orientation RF...
[M::mem_pestat] (25, 50, 75) percentile: (493, 2029, 3020)
[M::mem_pestat] low and high boundaries for computing mean and std.dev: (1, 8074)
[M::mem_pestat] mean and std.dev: (1815.78, 1814.10)
[M::mem_pestat] low and high boundaries for proper pairs: (1, 10601)
[M::mem_pestat] analyzing insert size distribution for orientation RR...
[M::mem_pestat] (25, 50, 75) percentile: (201, 342, 886)
[M::mem_pestat] low and high boundaries for computing mean and std.dev: (1, 2256)
[M::mem_pestat] mean and std.dev: (533.35, 467.34)
[M::mem_pestat] low and high boundaries for proper pairs: (1, 2941)
[M::mem_pestat] skip orientation FF
[M::mem_pestat] skip orientation RF
[M::mem_pestat] skip orientation RR
[M::mem_process_seqs] Processed 266668 reads in 383.921 CPU sec, 96.186 real sec
[M::process] read 266668 sequences (40000200 bp)...
[M::mem_pestat] # candidate unique pairs for (FF, FR, RF, RR): (29, 7816, 8, 13)
[M::mem_pestat] analyzing insert size distribution for orientation FF...
[M::mem_pestat] (25, 50, 75) percentile: (101, 150, 876)
[M::mem_pestat] low and high boundaries for computing mean and std.dev: (1, 2426)
[M::mem_pestat] mean and std.dev: (348.46, 454.00)
[M::mem_pestat] low and high boundaries for proper pairs: (1, 3201)
[M::mem_pestat] analyzing insert size distribution for orientation FR...
[M::mem_pestat] (25, 50, 75) percentile: (223, 509, 537)
[M::mem_pestat] low and high boundaries for computing mean and std.dev: (1, 1165)
[M::mem_pestat] mean and std.dev: (414.26, 179.45)
[M::mem_pestat] low and high boundaries for proper pairs: (1, 1479)
[M::mem_pestat] skip orientation RF as there are not enough pairs
[M::mem_pestat] analyzing insert size distribution for orientation RR...
[M::mem_pestat] (25, 50, 75) percentile: (226, 726, 1094)
[M::mem_pestat] low and high boundaries for computing mean and std.dev: (1, 2830)
[M::mem_pestat] mean and std.dev: (578.42, 402.40)
[M::mem_pestat] low and high boundaries for proper pairs: (1, 3698)
[M::mem_pestat] skip orientation FF
[M::mem_pestat] skip orientation RR
[M::mem_process_seqs] Processed 266668 reads in 383.466 CPU sec, 96.045 real sec
[M::process] read 266668 sequences (40000200 bp)...
[M::mem_pestat] # candidate unique pairs for (FF, FR, RF, RR): (30, 7887, 10, 19)
[M::mem_pestat] analyzing insert size distribution for orientation FF...
[M::mem_pestat] (25, 50, 75) percentile: (83, 164, 702)
[M::mem_pestat] low and high boundaries for computing mean and std.dev: (1, 1940)
[M::mem_pestat] mean and std.dev: (287.63, 349.50)
[M::mem_pestat] low and high boundaries for proper pairs: (1, 2559)
[M::mem_pestat] analyzing insert size distribution for orientation FR...
[M::mem_pestat] (25, 50, 75) percentile: (223, 509, 534)
[M::mem_pestat] low and high boundaries for computing mean and std.dev: (1, 1156)
[M::mem_pestat] mean and std.dev: (411.82, 178.57)
[M::mem_pestat] low and high boundaries for proper pairs: (1, 1467)
[M::mem_pestat] analyzing insert size distribution for orientation RF...
[M::mem_pestat] (25, 50, 75) percentile: (329, 1098, 5103)
[M::mem_pestat] low and high boundaries for computing mean and std.dev: (1, 14651)
[M::mem_pestat] mean and std.dev: (2671.50, 3176.00)
[M::mem_pestat] low and high boundaries for proper pairs: (1, 19425)
[M::mem_pestat] analyzing insert size distribution for orientation RR...
[M::mem_pestat] (25, 50, 75) percentile: (622, 999, 2890)
[M::mem_pestat] low and high boundaries for computing mean and std.dev: (1, 7426)
[M::mem_pestat] mean and std.dev: (1492.39, 1450.74)
[M::mem_pestat] low and high boundaries for proper pairs: (1, 9694)
[M::mem_pestat] skip orientation FF
[M::mem_pestat] skip orientation RF
[M::mem_pestat] skip orientation RR
[M::mem_process_seqs] Processed 266668 reads in 385.702 CPU sec, 96.603 real sec
[M::process] read 266668 sequences (40000200 bp)...
[M::mem_pestat] # candidate unique pairs for (FF, FR, RF, RR): (31, 7992, 3, 18)
[M::mem_pestat] analyzing insert size distribution for orientation FF...
[M::mem_pestat] (25, 50, 75) percentile: (95, 160, 764)
[M::mem_pestat] low and high boundaries for computing mean and std.dev: (1, 2102)
[M::mem_pestat] mean and std.dev: (303.14, 419.86)
[M::mem_pestat] low and high boundaries for proper pairs: (1, 2771)
[M::mem_pestat] analyzing insert size distribution for orientation FR...
[M::mem_pestat] (25, 50, 75) percentile: (212, 509, 536)
[M::mem_pestat] low and high boundaries for computing mean and std.dev: (1, 1184)
[M::mem_pestat] mean and std.dev: (410.86, 179.77)
[M::mem_pestat] low and high boundaries for proper pairs: (1, 1508)
[M::mem_pestat] skip orientation RF as there are not enough pairs
[M::mem_pestat] analyzing insert size distribution for orientation RR...
[M::mem_pestat] (25, 50, 75) percentile: (255, 855, 1287)
[M::mem_pestat] low and high boundaries for computing mean and std.dev: (1, 3351)
[M::mem_pestat] mean and std.dev: (825.59, 781.48)
[M::mem_pestat] low and high boundaries for proper pairs: (1, 4383)
[M::mem_pestat] skip orientation FF
[M::mem_pestat] skip orientation RR
[M::mem_process_seqs] Processed 266668 reads in 385.955 CPU sec, 96.672 real sec
[M::process] read 266668 sequences (40000200 bp)...
[M::mem_pestat] # candidate unique pairs for (FF, FR, RF, RR): (23, 7989, 9, 16)
[M::mem_pestat] analyzing insert size distribution for orientation FF...
[M::mem_pestat] (25, 50, 75) percentile: (110, 143, 278)
[M::mem_pestat] low and high boundaries for computing mean and std.dev: (1, 614)
[M::mem_pestat] mean and std.dev: (162.26, 88.31)
[M::mem_pestat] low and high boundaries for proper pairs: (1, 782)
[M::mem_pestat] analyzing insert size distribution for orientation FR...
[M::mem_pestat] (25, 50, 75) percentile: (226, 509, 535)
[M::mem_pestat] low and high boundaries for computing mean and std.dev: (1, 1153)
[M::mem_pestat] mean and std.dev: (412.89, 179.18)
[M::mem_pestat] low and high boundaries for proper pairs: (1, 1462)
[M::mem_pestat] skip orientation RF as there are not enough pairs
[M::mem_pestat] analyzing insert size distribution for orientation RR...
[M::mem_pestat] (25, 50, 75) percentile: (221, 1013, 1519)
[M::mem_pestat] low and high boundaries for computing mean and std.dev: (1, 4115)
[M::mem_pestat] mean and std.dev: (955.44, 807.73)
[M::mem_pestat] low and high boundaries for proper pairs: (1, 5413)
[M::mem_pestat] skip orientation FF
[M::mem_pestat] skip orientation RR
[M::mem_process_seqs] Processed 266668 reads in 383.825 CPU sec, 96.174 real sec
[M::process] read 266668 sequences (40000200 bp)...
[M::mem_pestat] # candidate unique pairs for (FF, FR, RF, RR): (24, 7958, 8, 21)
[M::mem_pestat] analyzing insert size distribution for orientation FF...
[M::mem_pestat] (25, 50, 75) percentile: (129, 183, 299)
[M::mem_pestat] low and high boundaries for computing mean and std.dev: (1, 639)
[M::mem_pestat] mean and std.dev: (204.59, 123.16)
[M::mem_pestat] low and high boundaries for proper pairs: (1, 809)
[M::mem_pestat] analyzing insert size distribution for orientation FR...
[M::mem_pestat] (25, 50, 75) percentile: (230, 509, 535)
[M::mem_pestat] low and high boundaries for computing mean and std.dev: (1, 1145)
[M::mem_pestat] mean and std.dev: (414.79, 177.30)
[M::mem_pestat] low and high boundaries for proper pairs: (1, 1450)
[M::mem_pestat] skip orientation RF as there are not enough pairs
[M::mem_pestat] analyzing insert size distribution for orientation RR...
[M::mem_pestat] (25, 50, 75) percentile: (217, 662, 1182)
[M::mem_pestat] low and high boundaries for computing mean and std.dev: (1, 3112)
[M::mem_pestat] mean and std.dev: (651.79, 619.09)
[M::mem_pestat] low and high boundaries for proper pairs: (1, 4077)
[M::mem_pestat] skip orientation FF
[M::mem_pestat] skip orientation RR
[M::mem_process_seqs] Processed 266668 reads in 382.420 CPU sec, 95.826 real sec
[M::process] read 266668 sequences (40000200 bp)...
[M::mem_pestat] # candidate unique pairs for (FF, FR, RF, RR): (21, 7876, 10, 16)
[M::mem_pestat] analyzing insert size distribution for orientation FF...
[M::mem_pestat] (25, 50, 75) percentile: (162, 311, 614)
[M::mem_pestat] low and high boundaries for computing mean and std.dev: (1, 1518)
[M::mem_pestat] mean and std.dev: (379.21, 307.91)
[M::mem_pestat] low and high boundaries for proper pairs: (1, 1970)
[M::mem_pestat] analyzing insert size distribution for orientation FR...
[M::mem_pestat] (25, 50, 75) percentile: (224, 508, 534)
[M::mem_pestat] low and high boundaries for computing mean and std.dev: (1, 1154)
[M::mem_pestat] mean and std.dev: (412.17, 177.96)
[M::mem_pestat] low and high boundaries for proper pairs: (1, 1464)
[M::mem_pestat] analyzing insert size distribution for orientation RF...
[M::mem_pestat] (25, 50, 75) percentile: (95, 500, 807)
[M::mem_pestat] low and high boundaries for computing mean and std.dev: (1, 2231)
[M::mem_pestat] mean and std.dev: (528.44, 632.55)
[M::mem_pestat] low and high boundaries for proper pairs: (1, 3059)
[M::mem_pestat] analyzing insert size distribution for orientation RR...
[M::mem_pestat] (25, 50, 75) percentile: (190, 728, 1623)
[M::mem_pestat] low and high boundaries for computing mean and std.dev: (1, 4489)
[M::mem_pestat] mean and std.dev: (1002.50, 979.89)
[M::mem_pestat] low and high boundaries for proper pairs: (1, 5922)
[M::mem_pestat] skip orientation FF
[M::mem_pestat] skip orientation RF
[M::mem_pestat] skip orientation RR
[M::mem_process_seqs] Processed 266668 reads in 380.304 CPU sec, 95.278 real sec
[M::process] read 266668 sequences (40000200 bp)...
[M::mem_pestat] # candidate unique pairs for (FF, FR, RF, RR): (37, 7949, 13, 19)
[M::mem_pestat] analyzing insert size distribution for orientation FF...
[M::mem_pestat] (25, 50, 75) percentile: (114, 197, 678)
[M::mem_pestat] low and high boundaries for computing mean and std.dev: (1, 1806)
[M::mem_pestat] mean and std.dev: (376.39, 411.21)
[M::mem_pestat] low and high boundaries for proper pairs: (1, 2370)
[M::mem_pestat] analyzing insert size distribution for orientation FR...
[M::mem_pestat] (25, 50, 75) percentile: (218, 508, 536)
[M::mem_pestat] low and high boundaries for computing mean and std.dev: (1, 1172)
[M::mem_pestat] mean and std.dev: (411.50, 180.09)
[M::mem_pestat] low and high boundaries for proper pairs: (1, 1490)
[M::mem_pestat] analyzing insert size distribution for orientation RF...
[M::mem_pestat] (25, 50, 75) percentile: (554, 1221, 3078)
[M::mem_pestat] low and high boundaries for computing mean and std.dev: (1, 8126)
[M::mem_pestat] mean and std.dev: (1587.62, 1638.18)
[M::mem_pestat] low and high boundaries for proper pairs: (1, 10650)
[M::mem_pestat] analyzing insert size distribution for orientation RR...
[M::mem_pestat] (25, 50, 75) percentile: (221, 633, 1358)
[M::mem_pestat] low and high boundaries for computing mean and std.dev: (1, 3632)
[M::mem_pestat] mean and std.dev: (635.59, 524.65)
[M::mem_pestat] low and high boundaries for proper pairs: (1, 4769)
[M::mem_pestat] skip orientation FF
[M::mem_pestat] skip orientation RF
[M::mem_pestat] skip orientation RR
[M::mem_process_seqs] Processed 266668 reads in 382.550 CPU sec, 95.835 real sec
[M::process] read 266668 sequences (40000200 bp)...
[M::mem_pestat] # candidate unique pairs for (FF, FR, RF, RR): (26, 7948, 4, 13)
[M::mem_pestat] analyzing insert size distribution for orientation FF...
[M::mem_pestat] (25, 50, 75) percentile: (90, 275, 1158)
[M::mem_pestat] low and high boundaries for computing mean and std.dev: (1, 3294)
[M::mem_pestat] mean and std.dev: (559.40, 576.98)
[M::mem_pestat] low and high boundaries for proper pairs: (1, 4362)
[M::mem_pestat] analyzing insert size distribution for orientation FR...
[M::mem_pestat] (25, 50, 75) percentile: (224, 509, 535)
[M::mem_pestat] low and high boundaries for computing mean and std.dev: (1, 1157)
[M::mem_pestat] mean and std.dev: (411.08, 179.21)
[M::mem_pestat] low and high boundaries for proper pairs: (1, 1468)
[M::mem_pestat] skip orientation RF as there are not enough pairs
[M::mem_pestat] analyzing insert size distribution for orientation RR...
[M::mem_pestat] (25, 50, 75) percentile: (237, 1094, 3067)
[M::mem_pestat] low and high boundaries for computing mean and std.dev: (1, 8727)
[M::mem_pestat] mean and std.dev: (1518.77, 1536.90)
[M::mem_pestat] low and high boundaries for proper pairs: (1, 11557)
[M::mem_pestat] skip orientation FF
[M::mem_pestat] skip orientation RR
[M::mem_process_seqs] Processed 266668 reads in 392.383 CPU sec, 98.270 real sec
[M::process] read 266668 sequences (40000200 bp)...
[M::mem_pestat] # candidate unique pairs for (FF, FR, RF, RR): (23, 7985, 12, 21)
[M::mem_pestat] analyzing insert size distribution for orientation FF...
[M::mem_pestat] (25, 50, 75) percentile: (143, 171, 477)
[M::mem_pestat] low and high boundaries for computing mean and std.dev: (1, 1145)
[M::mem_pestat] mean and std.dev: (239.15, 185.01)
[M::mem_pestat] low and high boundaries for proper pairs: (1, 1479)
[M::mem_pestat] analyzing insert size distribution for orientation FR...
[M::mem_pestat] (25, 50, 75) percentile: (227, 509, 536)
[M::mem_pestat] low and high boundaries for computing mean and std.dev: (1, 1154)
[M::mem_pestat] mean and std.dev: (412.81, 177.67)
[M::mem_pestat] low and high boundaries for proper pairs: (1, 1463)
[M::mem_pestat] analyzing insert size distribution for orientation RF...
[M::mem_pestat] (25, 50, 75) percentile: (340, 1356, 2087)
[M::mem_pestat] low and high boundaries for computing mean and std.dev: (1, 5581)
[M::mem_pestat] mean and std.dev: (1356.42, 1289.34)
[M::mem_pestat] low and high boundaries for proper pairs: (1, 7328)
[M::mem_pestat] analyzing insert size distribution for orientation RR...
[M::mem_pestat] (25, 50, 75) percentile: (154, 631, 1310)
[M::mem_pestat] low and high boundaries for computing mean and std.dev: (1, 3622)
[M::mem_pestat] mean and std.dev: (654.50, 532.40)
[M::mem_pestat] low and high boundaries for proper pairs: (1, 4778)
[M::mem_pestat] skip orientation FF
[M::mem_pestat] skip orientation RF
[M::mem_pestat] skip orientation RR
[M::mem_process_seqs] Processed 266668 reads in 378.384 CPU sec, 94.779 real sec
[M::process] read 266668 sequences (40000200 bp)...
[M::mem_pestat] # candidate unique pairs for (FF, FR, RF, RR): (37, 8022, 10, 23)
[M::mem_pestat] analyzing insert size distribution for orientation FF...
[M::mem_pestat] (25, 50, 75) percentile: (135, 173, 285)
[M::mem_pestat] low and high boundaries for computing mean and std.dev: (1, 585)
[M::mem_pestat] mean and std.dev: (166.17, 72.17)
[M::mem_pestat] low and high boundaries for proper pairs: (1, 735)
[M::mem_pestat] analyzing insert size distribution for orientation FR...
[M::mem_pestat] (25, 50, 75) percentile: (212, 508, 534)
[M::mem_pestat] low and high boundaries for computing mean and std.dev: (1, 1178)
[M::mem_pestat] mean and std.dev: (410.00, 179.32)
[M::mem_pestat] low and high boundaries for proper pairs: (1, 1500)
[M::mem_pestat] analyzing insert size distribution for orientation RF...
[M::mem_pestat] (25, 50, 75) percentile: (264, 2067, 2851)
[M::mem_pestat] low and high boundaries for computing mean and std.dev: (1, 8025)
[M::mem_pestat] mean and std.dev: (1772.00, 1542.91)
[M::mem_pestat] low and high boundaries for proper pairs: (1, 10612)
[M::mem_pestat] analyzing insert size distribution for orientation RR...
[M::mem_pestat] (25, 50, 75) percentile: (142, 363, 1501)
[M::mem_pestat] low and high boundaries for computing mean and std.dev: (1, 4219)
[M::mem_pestat] mean and std.dev: (814.00, 840.41)
[M::mem_pestat] low and high boundaries for proper pairs: (1, 5578)
[M::mem_pestat] skip orientation FF
[M::mem_pestat] skip orientation RF
[M::mem_pestat] skip orientation RR
[M::mem_process_seqs] Processed 266668 reads in 386.500 CPU sec, 96.911 real sec
[M::process] read 266668 sequences (40000200 bp)...
[M::mem_pestat] # candidate unique pairs for (FF, FR, RF, RR): (20, 7949, 8, 19)
[M::mem_pestat] analyzing insert size distribution for orientation FF...
[M::mem_pestat] (25, 50, 75) percentile: (128, 170, 496)
[M::mem_pestat] low and high boundaries for computing mean and std.dev: (1, 1232)
[M::mem_pestat] mean and std.dev: (281.79, 287.91)
[M::mem_pestat] low and high boundaries for proper pairs: (1, 1600)
[M::mem_pestat] analyzing insert size distribution for orientation FR...
[M::mem_pestat] (25, 50, 75) percentile: (233, 509, 536)
[M::mem_pestat] low and high boundaries for computing mean and std.dev: (1, 1142)
[M::mem_pestat] mean and std.dev: (414.64, 177.47)
[M::mem_pestat] low and high boundaries for proper pairs: (1, 1445)
[M::mem_pestat] skip orientation RF as there are not enough pairs
[M::mem_pestat] analyzing insert size distribution for orientation RR...
[M::mem_pestat] (25, 50, 75) percentile: (126, 306, 1098)
[M::mem_pestat] low and high boundaries for computing mean and std.dev: (1, 3042)
[M::mem_pestat] mean and std.dev: (564.42, 540.58)
[M::mem_pestat] low and high boundaries for proper pairs: (1, 4014)
[M::mem_pestat] skip orientation FF
[M::mem_pestat] skip orientation RR
[M::mem_process_seqs] Processed 266668 reads in 382.668 CPU sec, 95.928 real sec
[M::process] read 266668 sequences (40000200 bp)...
[M::mem_pestat] # candidate unique pairs for (FF, FR, RF, RR): (26, 8047, 11, 14)
[M::mem_pestat] analyzing insert size distribution for orientation FF...
[M::mem_pestat] (25, 50, 75) percentile: (154, 247, 681)
[M::mem_pestat] low and high boundaries for computing mean and std.dev: (1, 1735)
[M::mem_pestat] mean and std.dev: (350.17, 335.52)
[M::mem_pestat] low and high boundaries for proper pairs: (1, 2262)
[M::mem_pestat] analyzing insert size distribution for orientation FR...
[M::mem_pestat] (25, 50, 75) percentile: (211, 507, 534)
[M::mem_pestat] low and high boundaries for computing mean and std.dev: (1, 1180)
[M::mem_pestat] mean and std.dev: (406.36, 179.65)
[M::mem_pestat] low and high boundaries for proper pairs: (1, 1503)
[M::mem_pestat] analyzing insert size distribution for orientation RF...
[M::mem_pestat] (25, 50, 75) percentile: (595, 785, 1756)
[M::mem_pestat] low and high boundaries for computing mean and std.dev: (1, 4078)
[M::mem_pestat] mean and std.dev: (752.00, 598.24)
[M::mem_pestat] low and high boundaries for proper pairs: (1, 5239)
[M::mem_pestat] analyzing insert size distribution for orientation RR...
[M::mem_pestat] (25, 50, 75) percentile: (196, 599, 813)
[M::mem_pestat] low and high boundaries for computing mean and std.dev: (1, 2047)
[M::mem_pestat] mean and std.dev: (576.17, 491.79)
[M::mem_pestat] low and high boundaries for proper pairs: (1, 2664)
[M::mem_pestat] skip orientation FF
[M::mem_pestat] skip orientation RF
[M::mem_pestat] skip orientation RR
[M::mem_process_seqs] Processed 266668 reads in 385.600 CPU sec, 96.646 real sec
[M::process] read 266668 sequences (40000200 bp)...
[M::mem_pestat] # candidate unique pairs for (FF, FR, RF, RR): (30, 7903, 15, 15)
[M::mem_pestat] analyzing insert size distribution for orientation FF...
[M::mem_pestat] (25, 50, 75) percentile: (105, 179, 600)
[M::mem_pestat] low and high boundaries for computing mean and std.dev: (1, 1590)
[M::mem_pestat] mean and std.dev: (159.22, 116.76)
[M::mem_pestat] low and high boundaries for proper pairs: (1, 2085)
[M::mem_pestat] analyzing insert size distribution for orientation FR...
[M::mem_pestat] (25, 50, 75) percentile: (201, 508, 534)
[M::mem_pestat] low and high boundaries for computing mean and std.dev: (1, 1200)
[M::mem_pestat] mean and std.dev: (406.65, 181.63)
[M::mem_pestat] low and high boundaries for proper pairs: (1, 1533)
[M::mem_pestat] analyzing insert size distribution for orientation RF...
[M::mem_pestat] (25, 50, 75) percentile: (148, 570, 2558)
[M::mem_pestat] low and high boundaries for computing mean and std.dev: (1, 7378)
[M::mem_pestat] mean and std.dev: (1491.13, 1721.20)
[M::mem_pestat] low and high boundaries for proper pairs: (1, 9788)
[M::mem_pestat] analyzing insert size distribution for orientation RR...
[M::mem_pestat] (25, 50, 75) percentile: (257, 616, 1195)
[M::mem_pestat] low and high boundaries for computing mean and std.dev: (1, 3071)
[M::mem_pestat] mean and std.dev: (749.80, 636.23)
[M::mem_pestat] low and high boundaries for proper pairs: (1, 4009)
[M::mem_pestat] skip orientation FF
[M::mem_pestat] skip orientation RF
[M::mem_pestat] skip orientation RR
[M::mem_process_seqs] Processed 266668 reads in 387.020 CPU sec, 96.952 real sec
[M::process] read 266668 sequences (40000200 bp)...
[M::mem_pestat] # candidate unique pairs for (FF, FR, RF, RR): (36, 7948, 14, 13)
[M::mem_pestat] analyzing insert size distribution for orientation FF...
[M::mem_pestat] (25, 50, 75) percentile: (116, 155, 246)
[M::mem_pestat] low and high boundaries for computing mean and std.dev: (1, 506)
[M::mem_pestat] mean and std.dev: (159.48, 90.88)
[M::mem_pestat] low and high boundaries for proper pairs: (1, 636)
[M::mem_pestat] analyzing insert size distribution for orientation FR...
[M::mem_pestat] (25, 50, 75) percentile: (221, 509, 536)
[M::mem_pestat] low and high boundaries for computing mean and std.dev: (1, 1166)
[M::mem_pestat] mean and std.dev: (413.29, 179.14)
[M::mem_pestat] low and high boundaries for proper pairs: (1, 1481)
[M::mem_pestat] analyzing insert size distribution for orientation RF...
[M::mem_pestat] (25, 50, 75) percentile: (30, 1558, 2148)
[M::mem_pestat] low and high boundaries for computing mean and std.dev: (1, 6384)
[M::mem_pestat] mean and std.dev: (1158.15, 1059.12)
[M::mem_pestat] low and high boundaries for proper pairs: (1, 8502)
[M::mem_pestat] analyzing insert size distribution for orientation RR...
[M::mem_pestat] (25, 50, 75) percentile: (243, 678, 3123)
[M::mem_pestat] low and high boundaries for computing mean and std.dev: (1, 8883)
[M::mem_pestat] mean and std.dev: (1480.69, 1898.27)
[M::mem_pestat] low and high boundaries for proper pairs: (1, 11763)
[M::mem_pestat] skip orientation FF
[M::mem_pestat] skip orientation RF
[M::mem_pestat] skip orientation RR
[M::mem_process_seqs] Processed 266668 reads in 380.113 CPU sec, 95.204 real sec
[M::process] read 266668 sequences (40000200 bp)...
[M::mem_pestat] # candidate unique pairs for (FF, FR, RF, RR): (26, 7900, 10, 18)
[M::mem_pestat] analyzing insert size distribution for orientation FF...
[M::mem_pestat] (25, 50, 75) percentile: (122, 213, 1309)
[M::mem_pestat] low and high boundaries for computing mean and std.dev: (1, 3683)
[M::mem_pestat] mean and std.dev: (623.04, 860.44)
[M::mem_pestat] low and high boundaries for proper pairs: (1, 4870)
[M::mem_pestat] analyzing insert size distribution for orientation FR...
[M::mem_pestat] (25, 50, 75) percentile: (224, 508, 534)
[M::mem_pestat] low and high boundaries for computing mean and std.dev: (1, 1154)
[M::mem_pestat] mean and std.dev: (410.23, 178.95)
[M::mem_pestat] low and high boundaries for proper pairs: (1, 1464)
[M::mem_pestat] analyzing insert size distribution for orientation RF...
[M::mem_pestat] (25, 50, 75) percentile: (34, 429, 1082)
[M::mem_pestat] low and high boundaries for computing mean and std.dev: (1, 3178)
[M::mem_pestat] mean and std.dev: (724.50, 753.33)
[M::mem_pestat] low and high boundaries for proper pairs: (1, 4226)
[M::mem_pestat] analyzing insert size distribution for orientation RR...
[M::mem_pestat] (25, 50, 75) percentile: (148, 355, 858)
[M::mem_pestat] low and high boundaries for computing mean and std.dev: (1, 2278)
[M::mem_pestat] mean and std.dev: (380.27, 374.43)
[M::mem_pestat] low and high boundaries for proper pairs: (1, 2988)
[M::mem_pestat] skip orientation FF
[M::mem_pestat] skip orientation RF
[M::mem_pestat] skip orientation RR
[M::mem_process_seqs] Processed 266668 reads in 379.023 CPU sec, 94.934 real sec
[M::process] read 266668 sequences (40000200 bp)...
[M::mem_pestat] # candidate unique pairs for (FF, FR, RF, RR): (18, 8061, 12, 15)
[M::mem_pestat] analyzing insert size distribution for orientation FF...
[M::mem_pestat] (25, 50, 75) percentile: (140, 263, 1152)
[M::mem_pestat] low and high boundaries for computing mean and std.dev: (1, 3176)
[M::mem_pestat] mean and std.dev: (470.88, 591.82)
[M::mem_pestat] low and high boundaries for proper pairs: (1, 4188)
[M::mem_pestat] analyzing insert size distribution for orientation FR...
[M::mem_pestat] (25, 50, 75) percentile: (219, 508, 535)
[M::mem_pestat] low and high boundaries for computing mean and std.dev: (1, 1167)
[M::mem_pestat] mean and std.dev: (411.32, 178.97)
[M::mem_pestat] low and high boundaries for proper pairs: (1, 1483)
[M::mem_pestat] analyzing insert size distribution for orientation RF...
[M::mem_pestat] (25, 50, 75) percentile: (591, 1935, 2082)
[M::mem_pestat] low and high boundaries for computing mean and std.dev: (1, 5064)
[M::mem_pestat] mean and std.dev: (1189.55, 874.90)
[M::mem_pestat] low and high boundaries for proper pairs: (1, 6555)
[M::mem_pestat] analyzing insert size distribution for orientation RR...
[M::mem_pestat] (25, 50, 75) percentile: (203, 833, 1425)
[M::mem_pestat] low and high boundaries for computing mean and std.dev: (1, 3869)
[M::mem_pestat] mean and std.dev: (896.79, 844.59)
[M::mem_pestat] low and high boundaries for proper pairs: (1, 5091)
[M::mem_pestat] skip orientation FF
[M::mem_pestat] skip orientation RF
[M::mem_pestat] skip orientation RR
[M::mem_process_seqs] Processed 266668 reads in 382.867 CPU sec, 95.902 real sec
[M::process] read 266668 sequences (40000200 bp)...
[M::mem_pestat] # candidate unique pairs for (FF, FR, RF, RR): (26, 7916, 6, 21)
[M::mem_pestat] analyzing insert size distribution for orientation FF...
[M::mem_pestat] (25, 50, 75) percentile: (80, 177, 562)
[M::mem_pestat] low and high boundaries for computing mean and std.dev: (1, 1526)
[M::mem_pestat] mean and std.dev: (342.46, 426.57)
[M::mem_pestat] low and high boundaries for proper pairs: (1, 2049)
[M::mem_pestat] analyzing insert size distribution for orientation FR...
[M::mem_pestat] (25, 50, 75) percentile: (228, 509, 536)
[M::mem_pestat] low and high boundaries for computing mean and std.dev: (1, 1152)
[M::mem_pestat] mean and std.dev: (414.32, 179.42)
[M::mem_pestat] low and high boundaries for proper pairs: (1, 1460)
[M::mem_pestat] skip orientation RF as there are not enough pairs
[M::mem_pestat] analyzing insert size distribution for orientation RR...
[M::mem_pestat] (25, 50, 75) percentile: (220, 632, 1025)
[M::mem_pestat] low and high boundaries for computing mean and std.dev: (1, 2635)
[M::mem_pestat] mean and std.dev: (628.55, 420.30)
[M::mem_pestat] low and high boundaries for proper pairs: (1, 3440)
[M::mem_pestat] skip orientation FF
[M::mem_pestat] skip orientation RR
[M::mem_process_seqs] Processed 266668 reads in 384.090 CPU sec, 96.238 real sec
[M::process] read 266668 sequences (40000200 bp)...
[M::mem_pestat] # candidate unique pairs for (FF, FR, RF, RR): (20, 7833, 18, 18)
[M::mem_pestat] analyzing insert size distribution for orientation FF...
[M::mem_pestat] (25, 50, 75) percentile: (109, 193, 1114)
[M::mem_pestat] low and high boundaries for computing mean and std.dev: (1, 3124)
[M::mem_pestat] mean and std.dev: (618.15, 749.88)
[M::mem_pestat] low and high boundaries for proper pairs: (1, 4129)
[M::mem_pestat] analyzing insert size distribution for orientation FR...
[M::mem_pestat] (25, 50, 75) percentile: (211, 510, 537)
[M::mem_pestat] low and high boundaries for computing mean and std.dev: (1, 1189)
[M::mem_pestat] mean and std.dev: (411.65, 181.33)
[M::mem_pestat] low and high boundaries for proper pairs: (1, 1515)
[M::mem_pestat] analyzing insert size distribution for orientation RF...
[M::mem_pestat] (25, 50, 75) percentile: (446, 1751, 2165)
[M::mem_pestat] low and high boundaries for computing mean and std.dev: (1, 5603)
[M::mem_pestat] mean and std.dev: (1363.00, 1054.94)
[M::mem_pestat] low and high boundaries for proper pairs: (1, 7322)
[M::mem_pestat] analyzing insert size distribution for orientation RR...
[M::mem_pestat] (25, 50, 75) percentile: (115, 277, 940)
[M::mem_pestat] low and high boundaries for computing mean and std.dev: (1, 2590)
[M::mem_pestat] mean and std.dev: (509.11, 564.84)
[M::mem_pestat] low and high boundaries for proper pairs: (1, 3415)
[M::mem_pestat] skip orientation FF
[M::mem_pestat] skip orientation RF
[M::mem_pestat] skip orientation RR
[M::mem_process_seqs] Processed 266668 reads in 385.006 CPU sec, 96.470 real sec
[M::process] read 266668 sequences (40000200 bp)...
[M::mem_pestat] # candidate unique pairs for (FF, FR, RF, RR): (28, 7873, 10, 17)
[M::mem_pestat] analyzing insert size distribution for orientation FF...
[M::mem_pestat] (25, 50, 75) percentile: (118, 191, 317)
[M::mem_pestat] low and high boundaries for computing mean and std.dev: (1, 715)
[M::mem_pestat] mean and std.dev: (181.88, 107.36)
[M::mem_pestat] low and high boundaries for proper pairs: (1, 914)
[M::mem_pestat] analyzing insert size distribution for orientation FR...
[M::mem_pestat] (25, 50, 75) percentile: (229, 509, 536)
[M::mem_pestat] low and high boundaries for computing mean and std.dev: (1, 1150)
[M::mem_pestat] mean and std.dev: (414.50, 177.94)
[M::mem_pestat] low and high boundaries for proper pairs: (1, 1457)
[M::mem_pestat] analyzing insert size distribution for orientation RF...
[M::mem_pestat] (25, 50, 75) percentile: (501, 930, 2659)
[M::mem_pestat] low and high boundaries for computing mean and std.dev: (1, 6975)
[M::mem_pestat] mean and std.dev: (1216.78, 1067.52)
[M::mem_pestat] low and high boundaries for proper pairs: (1, 9133)
[M::mem_pestat] analyzing insert size distribution for orientation RR...
[M::mem_pestat] (25, 50, 75) percentile: (178, 341, 1287)
[M::mem_pestat] low and high boundaries for computing mean and std.dev: (1, 3505)
[M::mem_pestat] mean and std.dev: (647.06, 596.32)
[M::mem_pestat] low and high boundaries for proper pairs: (1, 4614)
[M::mem_pestat] skip orientation FF
[M::mem_pestat] skip orientation RF
[M::mem_pestat] skip orientation RR
[M::mem_process_seqs] Processed 266668 reads in 379.912 CPU sec, 95.209 real sec
[M::process] read 266668 sequences (40000200 bp)...
[M::mem_pestat] # candidate unique pairs for (FF, FR, RF, RR): (21, 8061, 11, 16)
[M::mem_pestat] analyzing insert size distribution for orientation FF...
[M::mem_pestat] (25, 50, 75) percentile: (84, 142, 244)
[M::mem_pestat] low and high boundaries for computing mean and std.dev: (1, 564)
[M::mem_pestat] mean and std.dev: (147.95, 76.87)
[M::mem_pestat] low and high boundaries for proper pairs: (1, 724)
[M::mem_pestat] analyzing insert size distribution for orientation FR...
[M::mem_pestat] (25, 50, 75) percentile: (225, 509, 535)
[M::mem_pestat] low and high boundaries for computing mean and std.dev: (1, 1155)
[M::mem_pestat] mean and std.dev: (413.38, 178.64)
[M::mem_pestat] low and high boundaries for proper pairs: (1, 1465)
[M::mem_pestat] analyzing insert size distribution for orientation RF...
[M::mem_pestat] (25, 50, 75) percentile: (693, 2018, 3494)
[M::mem_pestat] low and high boundaries for computing mean and std.dev: (1, 9096)
[M::mem_pestat] mean and std.dev: (2435.27, 2288.67)
[M::mem_pestat] low and high boundaries for proper pairs: (1, 11897)
[M::mem_pestat] analyzing insert size distribution for orientation RR...
[M::mem_pestat] (25, 50, 75) percentile: (210, 487, 1551)
[M::mem_pestat] low and high boundaries for computing mean and std.dev: (1, 4233)
[M::mem_pestat] mean and std.dev: (822.00, 1007.90)
[M::mem_pestat] low and high boundaries for proper pairs: (1, 5574)
[M::mem_pestat] skip orientation FF
[M::mem_pestat] skip orientation RF
[M::mem_pestat] skip orientation RR
[M::mem_process_seqs] Processed 266668 reads in 379.160 CPU sec, 94.957 real sec
[M::process] read 266668 sequences (40000200 bp)...
[M::mem_pestat] # candidate unique pairs for (FF, FR, RF, RR): (29, 7919, 15, 11)
[M::mem_pestat] analyzing insert size distribution for orientation FF...
[M::mem_pestat] (25, 50, 75) percentile: (110, 167, 291)
[M::mem_pestat] low and high boundaries for computing mean and std.dev: (1, 653)
[M::mem_pestat] mean and std.dev: (191.54, 113.74)
[M::mem_pestat] low and high boundaries for proper pairs: (1, 834)
[M::mem_pestat] analyzing insert size distribution for orientation FR...
[M::mem_pestat] (25, 50, 75) percentile: (225, 509, 535)
[M::mem_pestat] low and high boundaries for computing mean and std.dev: (1, 1155)
[M::mem_pestat] mean and std.dev: (414.01, 179.56)
[M::mem_pestat] low and high boundaries for proper pairs: (1, 1465)
[M::mem_pestat] analyzing insert size distribution for orientation RF...
[M::mem_pestat] (25, 50, 75) percentile: (282, 2129, 2755)
[M::mem_pestat] low and high boundaries for computing mean and std.dev: (1, 7701)
[M::mem_pestat] mean and std.dev: (1680.20, 1508.13)
[M::mem_pestat] low and high boundaries for proper pairs: (1, 10174)
[M::mem_pestat] analyzing insert size distribution for orientation RR...
[M::mem_pestat] (25, 50, 75) percentile: (725, 1741, 2885)
[M::mem_pestat] low and high boundaries for computing mean and std.dev: (1, 7205)
[M::mem_pestat] mean and std.dev: (1414.30, 1025.40)
[M::mem_pestat] low and high boundaries for proper pairs: (1, 9365)
[M::mem_pestat] skip orientation FF
[M::mem_pestat] skip orientation RF
[M::mem_pestat] skip orientation RR
[M::mem_process_seqs] Processed 266668 reads in 383.827 CPU sec, 96.125 real sec
[M::process] read 156266 sequences (23439900 bp)...
[M::mem_pestat] # candidate unique pairs for (FF, FR, RF, RR): (24, 7848, 8, 20)
[M::mem_pestat] analyzing insert size distribution for orientation FF...
[M::mem_pestat] (25, 50, 75) percentile: (100, 215, 1187)
[M::mem_pestat] low and high boundaries for computing mean and std.dev: (1, 3361)
[M::mem_pestat] mean and std.dev: (299.40, 382.84)
[M::mem_pestat] low and high boundaries for proper pairs: (1, 4448)
[M::mem_pestat] analyzing insert size distribution for orientation FR...
[M::mem_pestat] (25, 50, 75) percentile: (210, 508, 535)
[M::mem_pestat] low and high boundaries for computing mean and std.dev: (1, 1185)
[M::mem_pestat] mean and std.dev: (409.21, 179.83)
[M::mem_pestat] low and high boundaries for proper pairs: (1, 1510)
[M::mem_pestat] skip orientation RF as there are not enough pairs
[M::mem_pestat] analyzing insert size distribution for orientation RR...
[M::mem_pestat] (25, 50, 75) percentile: (151, 231, 901)
[M::mem_pestat] low and high boundaries for computing mean and std.dev: (1, 2401)
[M::mem_pestat] mean and std.dev: (513.05, 528.29)
[M::mem_pestat] low and high boundaries for proper pairs: (1, 3151)
[M::mem_pestat] skip orientation FF
[M::mem_pestat] skip orientation RR
[M::mem_process_seqs] Processed 266668 reads in 388.388 CPU sec, 97.284 real sec
[M::mem_pestat] # candidate unique pairs for (FF, FR, RF, RR): (19, 4755, 7, 4)
[M::mem_pestat] analyzing insert size distribution for orientation FF...
[M::mem_pestat] (25, 50, 75) percentile: (134, 161, 256)
[M::mem_pestat] low and high boundaries for computing mean and std.dev: (1, 500)
[M::mem_pestat] mean and std.dev: (182.41, 106.01)
[M::mem_pestat] low and high boundaries for proper pairs: (1, 622)
[M::mem_pestat] analyzing insert size distribution for orientation FR...
[M::mem_pestat] (25, 50, 75) percentile: (218, 508, 534)
[M::mem_pestat] low and high boundaries for computing mean and std.dev: (1, 1166)
[M::mem_pestat] mean and std.dev: (408.42, 179.40)
[M::mem_pestat] low and high boundaries for proper pairs: (1, 1482)
[M::mem_pestat] skip orientation RF as there are not enough pairs
[M::mem_pestat] skip orientation RR as there are not enough pairs
[M::mem_pestat] skip orientation FF
[M::mem_process_seqs] Processed 156266 reads in 229.109 CPU sec, 57.422 real sec
[main] Version: 0.7.17-r1188
[main] CMD: bwa mem -t 4 -a /mnt/raid6/bacphagenetwork/data/bwa_index/Homo_sapiens.GRCh38.dna.toplevel.fa /mnt/raid6/bacphagenetwork/data/skin_metagenome/Beijing/02_rm_host/BJ147_1.fastq.gz /mnt/raid6/bacphagenetwork/data/skin_metagenome/Beijing/02_rm_host/BJ147_2.fastq.gz
[main] Real time: 4576.360 sec; CPU: 18247.538 sec
