[M::bwa_idx_load_from_disk] read 0 ALT contigs
[M::process] read 266668 sequences (40000200 bp)...
[M::process] read 266668 sequences (40000200 bp)...
[M::mem_pestat] # candidate unique pairs for (FF, FR, RF, RR): (219, 34766, 63, 231)
[M::mem_pestat] analyzing insert size distribution for orientation FF...
[M::mem_pestat] (25, 50, 75) percentile: (256, 760, 1615)
[M::mem_pestat] low and high boundaries for computing mean and std.dev: (1, 4333)
[M::mem_pestat] mean and std.dev: (989.45, 964.97)
[M::mem_pestat] low and high boundaries for proper pairs: (1, 5692)
[M::mem_pestat] analyzing insert size distribution for orientation FR...
[M::mem_pestat] (25, 50, 75) percentile: (423, 516, 544)
[M::mem_pestat] low and high boundaries for computing mean and std.dev: (181, 786)
[M::mem_pestat] mean and std.dev: (519.77, 79.38)
[M::mem_pestat] low and high boundaries for proper pairs: (60, 907)
[M::mem_pestat] analyzing insert size distribution for orientation RF...
[M::mem_pestat] (25, 50, 75) percentile: (183, 904, 2068)
[M::mem_pestat] low and high boundaries for computing mean and std.dev: (1, 5838)
[M::mem_pestat] mean and std.dev: (1275.93, 1338.51)
[M::mem_pestat] low and high boundaries for proper pairs: (1, 7723)
[M::mem_pestat] analyzing insert size distribution for orientation RR...
[M::mem_pestat] (25, 50, 75) percentile: (573, 979, 1649)
[M::mem_pestat] low and high boundaries for computing mean and std.dev: (1, 3801)
[M::mem_pestat] mean and std.dev: (1078.07, 751.08)
[M::mem_pestat] low and high boundaries for proper pairs: (1, 4877)
[M::mem_pestat] skip orientation FF
[M::mem_pestat] skip orientation RF
[M::mem_pestat] skip orientation RR
[M::mem_process_seqs] Processed 266668 reads in 592.086 CPU sec, 148.312 real sec
[M::process] read 266668 sequences (40000200 bp)...
[M::mem_pestat] # candidate unique pairs for (FF, FR, RF, RR): (227, 34537, 55, 197)
[M::mem_pestat] analyzing insert size distribution for orientation FF...
[M::mem_pestat] (25, 50, 75) percentile: (318, 659, 1365)
[M::mem_pestat] low and high boundaries for computing mean and std.dev: (1, 3459)
[M::mem_pestat] mean and std.dev: (846.94, 720.19)
[M::mem_pestat] low and high boundaries for proper pairs: (1, 4506)
[M::mem_pestat] analyzing insert size distribution for orientation FR...
[M::mem_pestat] (25, 50, 75) percentile: (435, 516, 544)
[M::mem_pestat] low and high boundaries for computing mean and std.dev: (217, 762)
[M::mem_pestat] mean and std.dev: (523.37, 71.90)
[M::mem_pestat] low and high boundaries for proper pairs: (108, 871)
[M::mem_pestat] analyzing insert size distribution for orientation RF...
[M::mem_pestat] (25, 50, 75) percentile: (170, 556, 2155)
[M::mem_pestat] low and high boundaries for computing mean and std.dev: (1, 6125)
[M::mem_pestat] mean and std.dev: (1261.69, 1312.76)
[M::mem_pestat] low and high boundaries for proper pairs: (1, 8110)
[M::mem_pestat] analyzing insert size distribution for orientation RR...
[M::mem_pestat] (25, 50, 75) percentile: (612, 1090, 1558)
[M::mem_pestat] low and high boundaries for computing mean and std.dev: (1, 3450)
[M::mem_pestat] mean and std.dev: (1102.55, 720.79)
[M::mem_pestat] low and high boundaries for proper pairs: (1, 4396)
[M::mem_pestat] skip orientation FF
[M::mem_pestat] skip orientation RF
[M::mem_pestat] skip orientation RR
[M::mem_process_seqs] Processed 266668 reads in 573.050 CPU sec, 143.460 real sec
[M::process] read 266668 sequences (40000200 bp)...
[M::mem_pestat] # candidate unique pairs for (FF, FR, RF, RR): (221, 35442, 47, 221)
[M::mem_pestat] analyzing insert size distribution for orientation FF...
[M::mem_pestat] (25, 50, 75) percentile: (276, 688, 1422)
[M::mem_pestat] low and high boundaries for computing mean and std.dev: (1, 3714)
[M::mem_pestat] mean and std.dev: (866.75, 738.93)
[M::mem_pestat] low and high boundaries for proper pairs: (1, 4860)
[M::mem_pestat] analyzing insert size distribution for orientation FR...
[M::mem_pestat] (25, 50, 75) percentile: (458, 516, 544)
[M::mem_pestat] low and high boundaries for computing mean and std.dev: (286, 716)
[M::mem_pestat] mean and std.dev: (530.89, 54.92)
[M::mem_pestat] low and high boundaries for proper pairs: (200, 802)
[M::mem_pestat] analyzing insert size distribution for orientation RF...
[M::mem_pestat] (25, 50, 75) percentile: (93, 537, 2938)
[M::mem_pestat] low and high boundaries for computing mean and std.dev: (1, 8628)
[M::mem_pestat] mean and std.dev: (1762.91, 2471.40)
[M::mem_pestat] low and high boundaries for proper pairs: (1, 11649)
[M::mem_pestat] analyzing insert size distribution for orientation RR...
[M::mem_pestat] (25, 50, 75) percentile: (522, 970, 1560)
[M::mem_pestat] low and high boundaries for computing mean and std.dev: (1, 3636)
[M::mem_pestat] mean and std.dev: (1053.26, 751.11)
[M::mem_pestat] low and high boundaries for proper pairs: (1, 4674)
[M::mem_pestat] skip orientation FF
[M::mem_pestat] skip orientation RF
[M::mem_pestat] skip orientation RR
[M::mem_process_seqs] Processed 266668 reads in 564.712 CPU sec, 141.383 real sec
[M::process] read 266668 sequences (40000200 bp)...
[M::mem_pestat] # candidate unique pairs for (FF, FR, RF, RR): (230, 35342, 44, 216)
[M::mem_pestat] analyzing insert size distribution for orientation FF...
[M::mem_pestat] (25, 50, 75) percentile: (252, 584, 1357)
[M::mem_pestat] low and high boundaries for computing mean and std.dev: (1, 3567)
[M::mem_pestat] mean and std.dev: (831.79, 792.25)
[M::mem_pestat] low and high boundaries for proper pairs: (1, 4672)
[M::mem_pestat] analyzing insert size distribution for orientation FR...
[M::mem_pestat] (25, 50, 75) percentile: (500, 517, 545)
[M::mem_pestat] low and high boundaries for computing mean and std.dev: (410, 635)
[M::mem_pestat] mean and std.dev: (534.37, 31.39)
[M::mem_pestat] low and high boundaries for proper pairs: (365, 680)
[M::mem_pestat] analyzing insert size distribution for orientation RF...
[M::mem_pestat] (25, 50, 75) percentile: (175, 2029, 2681)
[M::mem_pestat] low and high boundaries for computing mean and std.dev: (1, 7693)
[M::mem_pestat] mean and std.dev: (1665.62, 1586.90)
[M::mem_pestat] low and high boundaries for proper pairs: (1, 10199)
[M::mem_pestat] analyzing insert size distribution for orientation RR...
[M::mem_pestat] (25, 50, 75) percentile: (564, 1027, 1601)
[M::mem_pestat] low and high boundaries for computing mean and std.dev: (1, 3675)
[M::mem_pestat] mean and std.dev: (1059.40, 767.42)
[M::mem_pestat] low and high boundaries for proper pairs: (1, 4712)
[M::mem_pestat] skip orientation FF
[M::mem_pestat] skip orientation RF
[M::mem_pestat] skip orientation RR
[M::mem_process_seqs] Processed 266668 reads in 528.427 CPU sec, 132.298 real sec
[M::process] read 266668 sequences (40000200 bp)...
[M::mem_pestat] # candidate unique pairs for (FF, FR, RF, RR): (224, 35669, 56, 237)
[M::mem_pestat] analyzing insert size distribution for orientation FF...
[M::mem_pestat] (25, 50, 75) percentile: (317, 744, 1409)
[M::mem_pestat] low and high boundaries for computing mean and std.dev: (1, 3593)
[M::mem_pestat] mean and std.dev: (889.34, 779.28)
[M::mem_pestat] low and high boundaries for proper pairs: (1, 4685)
[M::mem_pestat] analyzing insert size distribution for orientation FR...
[M::mem_pestat] (25, 50, 75) percentile: (500, 516, 545)
[M::mem_pestat] low and high boundaries for computing mean and std.dev: (410, 635)
[M::mem_pestat] mean and std.dev: (534.49, 31.63)
[M::mem_pestat] low and high boundaries for proper pairs: (365, 680)
[M::mem_pestat] analyzing insert size distribution for orientation RF...
[M::mem_pestat] (25, 50, 75) percentile: (80, 1853, 2118)
[M::mem_pestat] low and high boundaries for computing mean and std.dev: (1, 6194)
[M::mem_pestat] mean and std.dev: (1338.90, 1448.22)
[M::mem_pestat] low and high boundaries for proper pairs: (1, 8232)
[M::mem_pestat] analyzing insert size distribution for orientation RR...
[M::mem_pestat] (25, 50, 75) percentile: (560, 1031, 1985)
[M::mem_pestat] low and high boundaries for computing mean and std.dev: (1, 4835)
[M::mem_pestat] mean and std.dev: (1307.51, 1099.66)
[M::mem_pestat] low and high boundaries for proper pairs: (1, 6260)
[M::mem_pestat] skip orientation FF
[M::mem_pestat] skip orientation RF
[M::mem_pestat] skip orientation RR
[M::mem_process_seqs] Processed 266668 reads in 526.445 CPU sec, 131.826 real sec
[M::process] read 266668 sequences (40000200 bp)...
[M::mem_pestat] # candidate unique pairs for (FF, FR, RF, RR): (217, 35520, 54, 201)
[M::mem_pestat] analyzing insert size distribution for orientation FF...
[M::mem_pestat] (25, 50, 75) percentile: (405, 792, 1702)
[M::mem_pestat] low and high boundaries for computing mean and std.dev: (1, 4296)
[M::mem_pestat] mean and std.dev: (1048.68, 892.15)
[M::mem_pestat] low and high boundaries for proper pairs: (1, 5593)
[M::mem_pestat] analyzing insert size distribution for orientation FR...
[M::mem_pestat] (25, 50, 75) percentile: (500, 517, 545)
[M::mem_pestat] low and high boundaries for computing mean and std.dev: (410, 635)
[M::mem_pestat] mean and std.dev: (534.81, 31.68)
[M::mem_pestat] low and high boundaries for proper pairs: (365, 680)
[M::mem_pestat] analyzing insert size distribution for orientation RF...
[M::mem_pestat] (25, 50, 75) percentile: (82, 675, 2050)
[M::mem_pestat] low and high boundaries for computing mean and std.dev: (1, 5986)
[M::mem_pestat] mean and std.dev: (1167.57, 1382.71)
[M::mem_pestat] low and high boundaries for proper pairs: (1, 7954)
[M::mem_pestat] analyzing insert size distribution for orientation RR...
[M::mem_pestat] (25, 50, 75) percentile: (500, 964, 1609)
[M::mem_pestat] low and high boundaries for computing mean and std.dev: (1, 3827)
[M::mem_pestat] mean and std.dev: (1086.38, 801.10)
[M::mem_pestat] low and high boundaries for proper pairs: (1, 4936)
[M::mem_pestat] skip orientation FF
[M::mem_pestat] skip orientation RF
[M::mem_pestat] skip orientation RR
[M::mem_process_seqs] Processed 266668 reads in 531.115 CPU sec, 132.976 real sec
[M::process] read 266668 sequences (40000200 bp)...
[M::mem_pestat] # candidate unique pairs for (FF, FR, RF, RR): (200, 35989, 63, 224)
[M::mem_pestat] analyzing insert size distribution for orientation FF...
[M::mem_pestat] (25, 50, 75) percentile: (340, 716, 1400)
[M::mem_pestat] low and high boundaries for computing mean and std.dev: (1, 3520)
[M::mem_pestat] mean and std.dev: (899.42, 721.84)
[M::mem_pestat] low and high boundaries for proper pairs: (1, 4580)
[M::mem_pestat] analyzing insert size distribution for orientation FR...
[M::mem_pestat] (25, 50, 75) percentile: (500, 517, 546)
[M::mem_pestat] low and high boundaries for computing mean and std.dev: (408, 638)
[M::mem_pestat] mean and std.dev: (535.33, 32.47)
[M::mem_pestat] low and high boundaries for proper pairs: (362, 684)
[M::mem_pestat] analyzing insert size distribution for orientation RF...
[M::mem_pestat] (25, 50, 75) percentile: (62, 1038, 2664)
[M::mem_pestat] low and high boundaries for computing mean and std.dev: (1, 7868)
[M::mem_pestat] mean and std.dev: (1875.44, 2345.91)
[M::mem_pestat] low and high boundaries for proper pairs: (1, 11259)
[M::mem_pestat] analyzing insert size distribution for orientation RR...
[M::mem_pestat] (25, 50, 75) percentile: (589, 971, 1561)
[M::mem_pestat] low and high boundaries for computing mean and std.dev: (1, 3505)
[M::mem_pestat] mean and std.dev: (1045.61, 697.05)
[M::mem_pestat] low and high boundaries for proper pairs: (1, 4477)
[M::mem_pestat] skip orientation FF
[M::mem_pestat] skip orientation RF
[M::mem_pestat] skip orientation RR
[M::mem_process_seqs] Processed 266668 reads in 517.968 CPU sec, 129.661 real sec
[M::process] read 266668 sequences (40000200 bp)...
[M::mem_pestat] # candidate unique pairs for (FF, FR, RF, RR): (197, 36193, 51, 210)
[M::mem_pestat] analyzing insert size distribution for orientation FF...
[M::mem_pestat] (25, 50, 75) percentile: (275, 723, 1498)
[M::mem_pestat] low and high boundaries for computing mean and std.dev: (1, 3944)
[M::mem_pestat] mean and std.dev: (906.90, 793.06)
[M::mem_pestat] low and high boundaries for proper pairs: (1, 5167)
[M::mem_pestat] analyzing insert size distribution for orientation FR...
[M::mem_pestat] (25, 50, 75) percentile: (500, 517, 546)
[M::mem_pestat] low and high boundaries for computing mean and std.dev: (408, 638)
[M::mem_pestat] mean and std.dev: (534.98, 32.21)
[M::mem_pestat] low and high boundaries for proper pairs: (362, 684)
[M::mem_pestat] analyzing insert size distribution for orientation RF...
[M::mem_pestat] (25, 50, 75) percentile: (195, 1577, 2084)
[M::mem_pestat] low and high boundaries for computing mean and std.dev: (1, 5862)
[M::mem_pestat] mean and std.dev: (1330.06, 1299.60)
[M::mem_pestat] low and high boundaries for proper pairs: (1, 7751)
[M::mem_pestat] analyzing insert size distribution for orientation RR...
[M::mem_pestat] (25, 50, 75) percentile: (628, 1008, 1822)
[M::mem_pestat] low and high boundaries for computing mean and std.dev: (1, 4210)
[M::mem_pestat] mean and std.dev: (1204.66, 890.20)
[M::mem_pestat] low and high boundaries for proper pairs: (1, 5404)
[M::mem_pestat] skip orientation FF
[M::mem_pestat] skip orientation RF
[M::mem_pestat] skip orientation RR
[M::mem_process_seqs] Processed 266668 reads in 524.497 CPU sec, 131.351 real sec
[M::process] read 266668 sequences (40000200 bp)...
[M::mem_pestat] # candidate unique pairs for (FF, FR, RF, RR): (231, 35776, 53, 211)
[M::mem_pestat] analyzing insert size distribution for orientation FF...
[M::mem_pestat] (25, 50, 75) percentile: (287, 634, 1319)
[M::mem_pestat] low and high boundaries for computing mean and std.dev: (1, 3383)
[M::mem_pestat] mean and std.dev: (873.59, 771.88)
[M::mem_pestat] low and high boundaries for proper pairs: (1, 4415)
[M::mem_pestat] analyzing insert size distribution for orientation FR...
[M::mem_pestat] (25, 50, 75) percentile: (500, 517, 546)
[M::mem_pestat] low and high boundaries for computing mean and std.dev: (408, 638)
[M::mem_pestat] mean and std.dev: (535.13, 32.16)
[M::mem_pestat] low and high boundaries for proper pairs: (362, 684)
[M::mem_pestat] analyzing insert size distribution for orientation RF...
[M::mem_pestat] (25, 50, 75) percentile: (47, 562, 3087)
[M::mem_pestat] low and high boundaries for computing mean and std.dev: (1, 9167)
[M::mem_pestat] mean and std.dev: (1699.73, 2187.51)
[M::mem_pestat] low and high boundaries for proper pairs: (1, 12207)
[M::mem_pestat] analyzing insert size distribution for orientation RR...
[M::mem_pestat] (25, 50, 75) percentile: (506, 999, 1748)
[M::mem_pestat] low and high boundaries for computing mean and std.dev: (1, 4232)
[M::mem_pestat] mean and std.dev: (1141.06, 925.78)
[M::mem_pestat] low and high boundaries for proper pairs: (1, 5474)
[M::mem_pestat] skip orientation FF
[M::mem_pestat] skip orientation RF
[M::mem_pestat] skip orientation RR
[M::mem_process_seqs] Processed 266668 reads in 519.870 CPU sec, 130.254 real sec
[M::process] read 266668 sequences (40000200 bp)...
[M::mem_pestat] # candidate unique pairs for (FF, FR, RF, RR): (193, 35790, 50, 214)
[M::mem_pestat] analyzing insert size distribution for orientation FF...
[M::mem_pestat] (25, 50, 75) percentile: (320, 751, 1387)
[M::mem_pestat] low and high boundaries for computing mean and std.dev: (1, 3521)
[M::mem_pestat] mean and std.dev: (850.47, 685.27)
[M::mem_pestat] low and high boundaries for proper pairs: (1, 4588)
[M::mem_pestat] analyzing insert size distribution for orientation FR...
[M::mem_pestat] (25, 50, 75) percentile: (500, 517, 546)
[M::mem_pestat] low and high boundaries for computing mean and std.dev: (408, 638)
[M::mem_pestat] mean and std.dev: (534.81, 32.31)
[M::mem_pestat] low and high boundaries for proper pairs: (362, 684)
[M::mem_pestat] analyzing insert size distribution for orientation RF...
[M::mem_pestat] (25, 50, 75) percentile: (123, 709, 2563)
[M::mem_pestat] low and high boundaries for computing mean and std.dev: (1, 7443)
[M::mem_pestat] mean and std.dev: (1499.06, 1813.74)
[M::mem_pestat] low and high boundaries for proper pairs: (1, 9883)
[M::mem_pestat] analyzing insert size distribution for orientation RR...
[M::mem_pestat] (25, 50, 75) percentile: (616, 998, 1721)
[M::mem_pestat] low and high boundaries for computing mean and std.dev: (1, 3931)
[M::mem_pestat] mean and std.dev: (1151.35, 832.08)
[M::mem_pestat] low and high boundaries for proper pairs: (1, 5036)
[M::mem_pestat] skip orientation FF
[M::mem_pestat] skip orientation RF
[M::mem_pestat] skip orientation RR
[M::mem_process_seqs] Processed 266668 reads in 523.586 CPU sec, 131.245 real sec
[M::process] read 266668 sequences (40000200 bp)...
[M::mem_pestat] # candidate unique pairs for (FF, FR, RF, RR): (218, 35941, 47, 226)
[M::mem_pestat] analyzing insert size distribution for orientation FF...
[M::mem_pestat] (25, 50, 75) percentile: (354, 833, 1563)
[M::mem_pestat] low and high boundaries for computing mean and std.dev: (1, 3981)
[M::mem_pestat] mean and std.dev: (947.10, 772.41)
[M::mem_pestat] low and high boundaries for proper pairs: (1, 5190)
[M::mem_pestat] analyzing insert size distribution for orientation FR...
[M::mem_pestat] (25, 50, 75) percentile: (500, 516, 546)
[M::mem_pestat] low and high boundaries for computing mean and std.dev: (408, 638)
[M::mem_pestat] mean and std.dev: (534.83, 32.57)
[M::mem_pestat] low and high boundaries for proper pairs: (362, 684)
[M::mem_pestat] analyzing insert size distribution for orientation RF...
[M::mem_pestat] (25, 50, 75) percentile: (202, 639, 2099)
[M::mem_pestat] low and high boundaries for computing mean and std.dev: (1, 5893)
[M::mem_pestat] mean and std.dev: (1169.98, 1270.21)
[M::mem_pestat] low and high boundaries for proper pairs: (1, 7790)
[M::mem_pestat] analyzing insert size distribution for orientation RR...
[M::mem_pestat] (25, 50, 75) percentile: (530, 936, 1557)
[M::mem_pestat] low and high boundaries for computing mean and std.dev: (1, 3611)
[M::mem_pestat] mean and std.dev: (1068.68, 803.86)
[M::mem_pestat] low and high boundaries for proper pairs: (1, 4638)
[M::mem_pestat] skip orientation FF
[M::mem_pestat] skip orientation RF
[M::mem_pestat] skip orientation RR
[M::mem_process_seqs] Processed 266668 reads in 523.178 CPU sec, 131.003 real sec
[M::process] read 266668 sequences (40000200 bp)...
[M::mem_pestat] # candidate unique pairs for (FF, FR, RF, RR): (211, 36038, 61, 213)
[M::mem_pestat] analyzing insert size distribution for orientation FF...
[M::mem_pestat] (25, 50, 75) percentile: (345, 768, 1557)
[M::mem_pestat] low and high boundaries for computing mean and std.dev: (1, 3981)
[M::mem_pestat] mean and std.dev: (932.90, 815.59)
[M::mem_pestat] low and high boundaries for proper pairs: (1, 5193)
[M::mem_pestat] analyzing insert size distribution for orientation FR...
[M::mem_pestat] (25, 50, 75) percentile: (500, 517, 546)
[M::mem_pestat] low and high boundaries for computing mean and std.dev: (408, 638)
[M::mem_pestat] mean and std.dev: (535.29, 32.25)
[M::mem_pestat] low and high boundaries for proper pairs: (362, 684)
[M::mem_pestat] analyzing insert size distribution for orientation RF...
[M::mem_pestat] (25, 50, 75) percentile: (276, 1663, 2096)
[M::mem_pestat] low and high boundaries for computing mean and std.dev: (1, 5736)
[M::mem_pestat] mean and std.dev: (1513.93, 1306.21)
[M::mem_pestat] low and high boundaries for proper pairs: (1, 7556)
[M::mem_pestat] analyzing insert size distribution for orientation RR...
[M::mem_pestat] (25, 50, 75) percentile: (523, 974, 1741)
[M::mem_pestat] low and high boundaries for computing mean and std.dev: (1, 4177)
[M::mem_pestat] mean and std.dev: (1137.38, 889.36)
[M::mem_pestat] low and high boundaries for proper pairs: (1, 5395)
[M::mem_pestat] skip orientation FF
[M::mem_pestat] skip orientation RF
[M::mem_pestat] skip orientation RR
[M::mem_process_seqs] Processed 266668 reads in 519.686 CPU sec, 130.105 real sec
[M::process] read 266668 sequences (40000200 bp)...
[M::mem_pestat] # candidate unique pairs for (FF, FR, RF, RR): (222, 36319, 48, 230)
[M::mem_pestat] analyzing insert size distribution for orientation FF...
[M::mem_pestat] (25, 50, 75) percentile: (355, 867, 1399)
[M::mem_pestat] low and high boundaries for computing mean and std.dev: (1, 3487)
[M::mem_pestat] mean and std.dev: (918.30, 733.25)
[M::mem_pestat] low and high boundaries for proper pairs: (1, 4531)
[M::mem_pestat] analyzing insert size distribution for orientation FR...
[M::mem_pestat] (25, 50, 75) percentile: (500, 517, 547)
[M::mem_pestat] low and high boundaries for computing mean and std.dev: (406, 641)
[M::mem_pestat] mean and std.dev: (535.70, 32.94)
[M::mem_pestat] low and high boundaries for proper pairs: (359, 688)
[M::mem_pestat] analyzing insert size distribution for orientation RF...
[M::mem_pestat] (25, 50, 75) percentile: (81, 1192, 2077)
[M::mem_pestat] low and high boundaries for computing mean and std.dev: (1, 6069)
[M::mem_pestat] mean and std.dev: (1123.44, 1181.20)
[M::mem_pestat] low and high boundaries for proper pairs: (1, 8065)
[M::mem_pestat] analyzing insert size distribution for orientation RR...
[M::mem_pestat] (25, 50, 75) percentile: (666, 1164, 1752)
[M::mem_pestat] low and high boundaries for computing mean and std.dev: (1, 3924)
[M::mem_pestat] mean and std.dev: (1177.77, 788.86)
[M::mem_pestat] low and high boundaries for proper pairs: (1, 5010)
[M::mem_pestat] skip orientation FF
[M::mem_pestat] skip orientation RF
[M::mem_pestat] skip orientation RR
[M::mem_process_seqs] Processed 266668 reads in 522.152 CPU sec, 130.705 real sec
[M::process] read 266668 sequences (40000200 bp)...
[M::mem_pestat] # candidate unique pairs for (FF, FR, RF, RR): (209, 36411, 68, 215)
[M::mem_pestat] analyzing insert size distribution for orientation FF...
[M::mem_pestat] (25, 50, 75) percentile: (258, 709, 1473)
[M::mem_pestat] low and high boundaries for computing mean and std.dev: (1, 3903)
[M::mem_pestat] mean and std.dev: (923.10, 862.93)
[M::mem_pestat] low and high boundaries for proper pairs: (1, 5118)
[M::mem_pestat] analyzing insert size distribution for orientation FR...
[M::mem_pestat] (25, 50, 75) percentile: (500, 518, 547)
[M::mem_pestat] low and high boundaries for computing mean and std.dev: (406, 641)
[M::mem_pestat] mean and std.dev: (535.23, 32.50)
[M::mem_pestat] low and high boundaries for proper pairs: (359, 688)
[M::mem_pestat] analyzing insert size distribution for orientation RF...
[M::mem_pestat] (25, 50, 75) percentile: (67, 870, 2141)
[M::mem_pestat] low and high boundaries for computing mean and std.dev: (1, 6289)
[M::mem_pestat] mean and std.dev: (1238.06, 1418.97)
[M::mem_pestat] low and high boundaries for proper pairs: (1, 8363)
[M::mem_pestat] analyzing insert size distribution for orientation RR...
[M::mem_pestat] (25, 50, 75) percentile: (523, 970, 1569)
[M::mem_pestat] low and high boundaries for computing mean and std.dev: (1, 3661)
[M::mem_pestat] mean and std.dev: (995.25, 710.15)
[M::mem_pestat] low and high boundaries for proper pairs: (1, 4707)
[M::mem_pestat] skip orientation FF
[M::mem_pestat] skip orientation RF
[M::mem_pestat] skip orientation RR
[M::mem_process_seqs] Processed 266668 reads in 525.492 CPU sec, 131.572 real sec
[M::process] read 266668 sequences (40000200 bp)...
[M::mem_pestat] # candidate unique pairs for (FF, FR, RF, RR): (228, 36329, 51, 224)
[M::mem_pestat] analyzing insert size distribution for orientation FF...
[M::mem_pestat] (25, 50, 75) percentile: (352, 868, 1594)
[M::mem_pestat] low and high boundaries for computing mean and std.dev: (1, 4078)
[M::mem_pestat] mean and std.dev: (1046.28, 871.61)
[M::mem_pestat] low and high boundaries for proper pairs: (1, 5320)
[M::mem_pestat] analyzing insert size distribution for orientation FR...
[M::mem_pestat] (25, 50, 75) percentile: (500, 517, 547)
[M::mem_pestat] low and high boundaries for computing mean and std.dev: (406, 641)
[M::mem_pestat] mean and std.dev: (535.47, 33.01)
[M::mem_pestat] low and high boundaries for proper pairs: (359, 688)
[M::mem_pestat] analyzing insert size distribution for orientation RF...
[M::mem_pestat] (25, 50, 75) percentile: (115, 1015, 3075)
[M::mem_pestat] low and high boundaries for computing mean and std.dev: (1, 8995)
[M::mem_pestat] mean and std.dev: (2015.20, 2384.85)
[M::mem_pestat] low and high boundaries for proper pairs: (1, 11955)
[M::mem_pestat] analyzing insert size distribution for orientation RR...
[M::mem_pestat] (25, 50, 75) percentile: (593, 966, 1804)
[M::mem_pestat] low and high boundaries for computing mean and std.dev: (1, 4226)
[M::mem_pestat] mean and std.dev: (1160.56, 866.80)
[M::mem_pestat] low and high boundaries for proper pairs: (1, 5437)
[M::mem_pestat] skip orientation FF
[M::mem_pestat] skip orientation RF
[M::mem_pestat] skip orientation RR
[M::mem_process_seqs] Processed 266668 reads in 523.355 CPU sec, 131.017 real sec
[M::process] read 266668 sequences (40000200 bp)...
[M::mem_pestat] # candidate unique pairs for (FF, FR, RF, RR): (206, 36009, 47, 230)
[M::mem_pestat] analyzing insert size distribution for orientation FF...
[M::mem_pestat] (25, 50, 75) percentile: (343, 778, 1578)
[M::mem_pestat] low and high boundaries for computing mean and std.dev: (1, 4048)
[M::mem_pestat] mean and std.dev: (986.37, 844.05)
[M::mem_pestat] low and high boundaries for proper pairs: (1, 5283)
[M::mem_pestat] analyzing insert size distribution for orientation FR...
[M::mem_pestat] (25, 50, 75) percentile: (500, 518, 548)
[M::mem_pestat] low and high boundaries for computing mean and std.dev: (404, 644)
[M::mem_pestat] mean and std.dev: (536.30, 33.87)
[M::mem_pestat] low and high boundaries for proper pairs: (356, 692)
[M::mem_pestat] analyzing insert size distribution for orientation RF...
[M::mem_pestat] (25, 50, 75) percentile: (100, 791, 2088)
[M::mem_pestat] low and high boundaries for computing mean and std.dev: (1, 6064)
[M::mem_pestat] mean and std.dev: (1193.20, 1251.95)
[M::mem_pestat] low and high boundaries for proper pairs: (1, 8052)
[M::mem_pestat] analyzing insert size distribution for orientation RR...
[M::mem_pestat] (25, 50, 75) percentile: (598, 1067, 1734)
[M::mem_pestat] low and high boundaries for computing mean and std.dev: (1, 4006)
[M::mem_pestat] mean and std.dev: (1185.61, 866.49)
[M::mem_pestat] low and high boundaries for proper pairs: (1, 5142)
[M::mem_pestat] skip orientation FF
[M::mem_pestat] skip orientation RF
[M::mem_pestat] skip orientation RR
[M::mem_process_seqs] Processed 266668 reads in 532.407 CPU sec, 133.282 real sec
[M::process] read 266668 sequences (40000200 bp)...
[M::mem_pestat] # candidate unique pairs for (FF, FR, RF, RR): (218, 36398, 54, 228)
[M::mem_pestat] analyzing insert size distribution for orientation FF...
[M::mem_pestat] (25, 50, 75) percentile: (287, 795, 1436)
[M::mem_pestat] low and high boundaries for computing mean and std.dev: (1, 3734)
[M::mem_pestat] mean and std.dev: (907.02, 748.09)
[M::mem_pestat] low and high boundaries for proper pairs: (1, 4883)
[M::mem_pestat] analyzing insert size distribution for orientation FR...
[M::mem_pestat] (25, 50, 75) percentile: (500, 517, 546)
[M::mem_pestat] low and high boundaries for computing mean and std.dev: (408, 638)
[M::mem_pestat] mean and std.dev: (535.28, 32.46)
[M::mem_pestat] low and high boundaries for proper pairs: (362, 684)
[M::mem_pestat] analyzing insert size distribution for orientation RF...
[M::mem_pestat] (25, 50, 75) percentile: (79, 1197, 2378)
[M::mem_pestat] low and high boundaries for computing mean and std.dev: (1, 6976)
[M::mem_pestat] mean and std.dev: (1461.25, 1676.38)
[M::mem_pestat] low and high boundaries for proper pairs: (1, 9275)
[M::mem_pestat] analyzing insert size distribution for orientation RR...
[M::mem_pestat] (25, 50, 75) percentile: (637, 1168, 1891)
[M::mem_pestat] low and high boundaries for computing mean and std.dev: (1, 4399)
[M::mem_pestat] mean and std.dev: (1232.51, 884.19)
[M::mem_pestat] low and high boundaries for proper pairs: (1, 5653)
[M::mem_pestat] skip orientation FF
[M::mem_pestat] skip orientation RF
[M::mem_pestat] skip orientation RR
[M::mem_process_seqs] Processed 266668 reads in 532.532 CPU sec, 133.355 real sec
[M::process] read 266668 sequences (40000200 bp)...
[M::mem_pestat] # candidate unique pairs for (FF, FR, RF, RR): (219, 35975, 49, 206)
[M::mem_pestat] analyzing insert size distribution for orientation FF...
[M::mem_pestat] (25, 50, 75) percentile: (324, 720, 1383)
[M::mem_pestat] low and high boundaries for computing mean and std.dev: (1, 3501)
[M::mem_pestat] mean and std.dev: (895.70, 777.92)
[M::mem_pestat] low and high boundaries for proper pairs: (1, 4560)
[M::mem_pestat] analyzing insert size distribution for orientation FR...
[M::mem_pestat] (25, 50, 75) percentile: (500, 517, 546)
[M::mem_pestat] low and high boundaries for computing mean and std.dev: (408, 638)
[M::mem_pestat] mean and std.dev: (535.05, 32.27)
[M::mem_pestat] low and high boundaries for proper pairs: (362, 684)
[M::mem_pestat] analyzing insert size distribution for orientation RF...
[M::mem_pestat] (25, 50, 75) percentile: (68, 751, 2109)
[M::mem_pestat] low and high boundaries for computing mean and std.dev: (1, 6191)
[M::mem_pestat] mean and std.dev: (1266.43, 1481.48)
[M::mem_pestat] low and high boundaries for proper pairs: (1, 8232)
[M::mem_pestat] analyzing insert size distribution for orientation RR...
[M::mem_pestat] (25, 50, 75) percentile: (552, 955, 1461)
[M::mem_pestat] low and high boundaries for computing mean and std.dev: (1, 3279)
[M::mem_pestat] mean and std.dev: (988.76, 705.66)
[M::mem_pestat] low and high boundaries for proper pairs: (1, 4188)
[M::mem_pestat] skip orientation FF
[M::mem_pestat] skip orientation RF
[M::mem_pestat] skip orientation RR
[M::mem_process_seqs] Processed 266668 reads in 523.349 CPU sec, 131.031 real sec
[M::process] read 266668 sequences (40000200 bp)...
[M::mem_pestat] # candidate unique pairs for (FF, FR, RF, RR): (216, 36280, 48, 201)
[M::mem_pestat] analyzing insert size distribution for orientation FF...
[M::mem_pestat] (25, 50, 75) percentile: (253, 704, 1401)
[M::mem_pestat] low and high boundaries for computing mean and std.dev: (1, 3697)
[M::mem_pestat] mean and std.dev: (817.21, 675.65)
[M::mem_pestat] low and high boundaries for proper pairs: (1, 4845)
[M::mem_pestat] analyzing insert size distribution for orientation FR...
[M::mem_pestat] (25, 50, 75) percentile: (500, 517, 546)
[M::mem_pestat] low and high boundaries for computing mean and std.dev: (408, 638)
[M::mem_pestat] mean and std.dev: (535.02, 32.12)
[M::mem_pestat] low and high boundaries for proper pairs: (362, 684)
[M::mem_pestat] analyzing insert size distribution for orientation RF...
[M::mem_pestat] (25, 50, 75) percentile: (414, 2054, 2933)
[M::mem_pestat] low and high boundaries for computing mean and std.dev: (1, 7971)
[M::mem_pestat] mean and std.dev: (1892.65, 1608.65)
[M::mem_pestat] low and high boundaries for proper pairs: (1, 10490)
[M::mem_pestat] analyzing insert size distribution for orientation RR...
[M::mem_pestat] (25, 50, 75) percentile: (588, 965, 1573)
[M::mem_pestat] low and high boundaries for computing mean and std.dev: (1, 3543)
[M::mem_pestat] mean and std.dev: (1027.44, 665.89)
[M::mem_pestat] low and high boundaries for proper pairs: (1, 4528)
[M::mem_pestat] skip orientation FF
[M::mem_pestat] skip orientation RF
[M::mem_pestat] skip orientation RR
[M::mem_process_seqs] Processed 266668 reads in 522.308 CPU sec, 130.785 real sec
[M::process] read 266668 sequences (40000200 bp)...
[M::mem_pestat] # candidate unique pairs for (FF, FR, RF, RR): (210, 36178, 64, 236)
[M::mem_pestat] analyzing insert size distribution for orientation FF...
[M::mem_pestat] (25, 50, 75) percentile: (238, 646, 1375)
[M::mem_pestat] low and high boundaries for computing mean and std.dev: (1, 3649)
[M::mem_pestat] mean and std.dev: (867.32, 766.76)
[M::mem_pestat] low and high boundaries for proper pairs: (1, 4786)
[M::mem_pestat] analyzing insert size distribution for orientation FR...
[M::mem_pestat] (25, 50, 75) percentile: (500, 517, 546)
[M::mem_pestat] low and high boundaries for computing mean and std.dev: (408, 638)
[M::mem_pestat] mean and std.dev: (535.21, 32.36)
[M::mem_pestat] low and high boundaries for proper pairs: (362, 684)
[M::mem_pestat] analyzing insert size distribution for orientation RF...
[M::mem_pestat] (25, 50, 75) percentile: (73, 251, 2074)
[M::mem_pestat] low and high boundaries for computing mean and std.dev: (1, 6076)
[M::mem_pestat] mean and std.dev: (945.60, 1371.96)
[M::mem_pestat] low and high boundaries for proper pairs: (1, 8077)
[M::mem_pestat] analyzing insert size distribution for orientation RR...
[M::mem_pestat] (25, 50, 75) percentile: (528, 1027, 1833)
[M::mem_pestat] low and high boundaries for computing mean and std.dev: (1, 4443)
[M::mem_pestat] mean and std.dev: (1209.62, 934.18)
[M::mem_pestat] low and high boundaries for proper pairs: (1, 5748)
[M::mem_pestat] skip orientation FF
[M::mem_pestat] skip orientation RF
[M::mem_pestat] skip orientation RR
[M::mem_process_seqs] Processed 266668 reads in 534.667 CPU sec, 133.843 real sec
[M::process] read 266668 sequences (40000200 bp)...
[M::mem_pestat] # candidate unique pairs for (FF, FR, RF, RR): (209, 35798, 57, 197)
[M::mem_pestat] analyzing insert size distribution for orientation FF...
[M::mem_pestat] (25, 50, 75) percentile: (234, 697, 1365)
[M::mem_pestat] low and high boundaries for computing mean and std.dev: (1, 3627)
[M::mem_pestat] mean and std.dev: (773.68, 680.00)
[M::mem_pestat] low and high boundaries for proper pairs: (1, 4758)
[M::mem_pestat] analyzing insert size distribution for orientation FR...
[M::mem_pestat] (25, 50, 75) percentile: (500, 517, 546)
[M::mem_pestat] low and high boundaries for computing mean and std.dev: (408, 638)
[M::mem_pestat] mean and std.dev: (535.10, 32.18)
[M::mem_pestat] low and high boundaries for proper pairs: (362, 684)
[M::mem_pestat] analyzing insert size distribution for orientation RF...
[M::mem_pestat] (25, 50, 75) percentile: (67, 414, 2061)
[M::mem_pestat] low and high boundaries for computing mean and std.dev: (1, 6049)
[M::mem_pestat] mean and std.dev: (1150.88, 1328.03)
[M::mem_pestat] low and high boundaries for proper pairs: (1, 8043)
[M::mem_pestat] analyzing insert size distribution for orientation RR...
[M::mem_pestat] (25, 50, 75) percentile: (584, 915, 1517)
[M::mem_pestat] low and high boundaries for computing mean and std.dev: (1, 3383)
[M::mem_pestat] mean and std.dev: (1017.68, 658.84)
[M::mem_pestat] low and high boundaries for proper pairs: (1, 4316)
[M::mem_pestat] skip orientation FF
[M::mem_pestat] skip orientation RF
[M::mem_pestat] skip orientation RR
[M::mem_process_seqs] Processed 266668 reads in 525.300 CPU sec, 131.514 real sec
[M::process] read 266668 sequences (40000200 bp)...
[M::mem_pestat] # candidate unique pairs for (FF, FR, RF, RR): (226, 36162, 45, 202)
[M::mem_pestat] analyzing insert size distribution for orientation FF...
[M::mem_pestat] (25, 50, 75) percentile: (245, 784, 1562)
[M::mem_pestat] low and high boundaries for computing mean and std.dev: (1, 4196)
[M::mem_pestat] mean and std.dev: (988.29, 952.35)
[M::mem_pestat] low and high boundaries for proper pairs: (1, 5513)
[M::mem_pestat] analyzing insert size distribution for orientation FR...
[M::mem_pestat] (25, 50, 75) percentile: (500, 517, 546)
[M::mem_pestat] low and high boundaries for computing mean and std.dev: (408, 638)
[M::mem_pestat] mean and std.dev: (535.04, 32.43)
[M::mem_pestat] low and high boundaries for proper pairs: (362, 684)
[M::mem_pestat] analyzing insert size distribution for orientation RF...
[M::mem_pestat] (25, 50, 75) percentile: (70, 255, 2045)
[M::mem_pestat] low and high boundaries for computing mean and std.dev: (1, 5995)
[M::mem_pestat] mean and std.dev: (928.07, 1313.74)
[M::mem_pestat] low and high boundaries for proper pairs: (1, 7970)
[M::mem_pestat] analyzing insert size distribution for orientation RR...
[M::mem_pestat] (25, 50, 75) percentile: (570, 947, 1657)
[M::mem_pestat] low and high boundaries for computing mean and std.dev: (1, 3831)
[M::mem_pestat] mean and std.dev: (1048.82, 749.91)
[M::mem_pestat] low and high boundaries for proper pairs: (1, 4918)
[M::mem_pestat] skip orientation FF
[M::mem_pestat] skip orientation RF
[M::mem_pestat] skip orientation RR
[M::mem_process_seqs] Processed 266668 reads in 527.913 CPU sec, 132.164 real sec
[M::process] read 266668 sequences (40000200 bp)...
[M::mem_pestat] # candidate unique pairs for (FF, FR, RF, RR): (223, 36259, 45, 199)
[M::mem_pestat] analyzing insert size distribution for orientation FF...
[M::mem_pestat] (25, 50, 75) percentile: (288, 799, 1557)
[M::mem_pestat] low and high boundaries for computing mean and std.dev: (1, 4095)
[M::mem_pestat] mean and std.dev: (994.04, 910.47)
[M::mem_pestat] low and high boundaries for proper pairs: (1, 5364)
[M::mem_pestat] analyzing insert size distribution for orientation FR...
[M::mem_pestat] (25, 50, 75) percentile: (500, 518, 548)
[M::mem_pestat] low and high boundaries for computing mean and std.dev: (404, 644)
[M::mem_pestat] mean and std.dev: (536.12, 33.83)
[M::mem_pestat] low and high boundaries for proper pairs: (356, 692)
[M::mem_pestat] analyzing insert size distribution for orientation RF...
[M::mem_pestat] (25, 50, 75) percentile: (107, 1117, 2090)
[M::mem_pestat] low and high boundaries for computing mean and std.dev: (1, 6056)
[M::mem_pestat] mean and std.dev: (1148.17, 1062.60)
[M::mem_pestat] low and high boundaries for proper pairs: (1, 8039)
[M::mem_pestat] analyzing insert size distribution for orientation RR...
[M::mem_pestat] (25, 50, 75) percentile: (525, 909, 1569)
[M::mem_pestat] low and high boundaries for computing mean and std.dev: (1, 3657)
[M::mem_pestat] mean and std.dev: (1059.67, 810.32)
[M::mem_pestat] low and high boundaries for proper pairs: (1, 4701)
[M::mem_pestat] skip orientation FF
[M::mem_pestat] skip orientation RF
[M::mem_pestat] skip orientation RR
[M::mem_process_seqs] Processed 266668 reads in 520.552 CPU sec, 130.298 real sec
[M::process] read 266668 sequences (40000200 bp)...
[M::mem_pestat] # candidate unique pairs for (FF, FR, RF, RR): (199, 36129, 44, 208)
[M::mem_pestat] analyzing insert size distribution for orientation FF...
[M::mem_pestat] (25, 50, 75) percentile: (271, 701, 1416)
[M::mem_pestat] low and high boundaries for computing mean and std.dev: (1, 3706)
[M::mem_pestat] mean and std.dev: (855.36, 752.75)
[M::mem_pestat] low and high boundaries for proper pairs: (1, 4851)
[M::mem_pestat] analyzing insert size distribution for orientation FR...
[M::mem_pestat] (25, 50, 75) percentile: (500, 517, 546)
[M::mem_pestat] low and high boundaries for computing mean and std.dev: (408, 638)
[M::mem_pestat] mean and std.dev: (534.98, 32.22)
[M::mem_pestat] low and high boundaries for proper pairs: (362, 684)
[M::mem_pestat] analyzing insert size distribution for orientation RF...
[M::mem_pestat] (25, 50, 75) percentile: (156, 1638, 2115)
[M::mem_pestat] low and high boundaries for computing mean and std.dev: (1, 6033)
[M::mem_pestat] mean and std.dev: (1411.34, 1397.80)
[M::mem_pestat] low and high boundaries for proper pairs: (1, 7992)
[M::mem_pestat] analyzing insert size distribution for orientation RR...
[M::mem_pestat] (25, 50, 75) percentile: (464, 983, 1562)
[M::mem_pestat] low and high boundaries for computing mean and std.dev: (1, 3758)
[M::mem_pestat] mean and std.dev: (1092.79, 797.49)
[M::mem_pestat] low and high boundaries for proper pairs: (1, 4856)
[M::mem_pestat] skip orientation FF
[M::mem_pestat] skip orientation RF
[M::mem_pestat] skip orientation RR
[M::mem_process_seqs] Processed 266668 reads in 518.764 CPU sec, 129.870 real sec
[M::process] read 266668 sequences (40000200 bp)...
[M::mem_pestat] # candidate unique pairs for (FF, FR, RF, RR): (212, 35992, 50, 214)
[M::mem_pestat] analyzing insert size distribution for orientation FF...
[M::mem_pestat] (25, 50, 75) percentile: (267, 641, 1297)
[M::mem_pestat] low and high boundaries for computing mean and std.dev: (1, 3357)
[M::mem_pestat] mean and std.dev: (841.27, 792.20)
[M::mem_pestat] low and high boundaries for proper pairs: (1, 4387)
[M::mem_pestat] analyzing insert size distribution for orientation FR...
[M::mem_pestat] (25, 50, 75) percentile: (500, 517, 546)
[M::mem_pestat] low and high boundaries for computing mean and std.dev: (408, 638)
[M::mem_pestat] mean and std.dev: (535.30, 32.09)
[M::mem_pestat] low and high boundaries for proper pairs: (362, 684)
[M::mem_pestat] analyzing insert size distribution for orientation RF...
[M::mem_pestat] (25, 50, 75) percentile: (169, 1306, 2104)
[M::mem_pestat] low and high boundaries for computing mean and std.dev: (1, 5974)
[M::mem_pestat] mean and std.dev: (1382.98, 1379.32)
[M::mem_pestat] low and high boundaries for proper pairs: (1, 7909)
[M::mem_pestat] analyzing insert size distribution for orientation RR...
[M::mem_pestat] (25, 50, 75) percentile: (620, 1052, 1838)
[M::mem_pestat] low and high boundaries for computing mean and std.dev: (1, 4274)
[M::mem_pestat] mean and std.dev: (1232.22, 895.93)
[M::mem_pestat] low and high boundaries for proper pairs: (1, 5492)
[M::mem_pestat] skip orientation FF
[M::mem_pestat] skip orientation RF
[M::mem_pestat] skip orientation RR
[M::mem_process_seqs] Processed 266668 reads in 517.831 CPU sec, 129.633 real sec
[M::process] read 266668 sequences (40000200 bp)...
[M::mem_pestat] # candidate unique pairs for (FF, FR, RF, RR): (219, 36088, 54, 205)
[M::mem_pestat] analyzing insert size distribution for orientation FF...
[M::mem_pestat] (25, 50, 75) percentile: (313, 674, 1475)
[M::mem_pestat] low and high boundaries for computing mean and std.dev: (1, 3799)
[M::mem_pestat] mean and std.dev: (914.97, 816.56)
[M::mem_pestat] low and high boundaries for proper pairs: (1, 4961)
[M::mem_pestat] analyzing insert size distribution for orientation FR...
[M::mem_pestat] (25, 50, 75) percentile: (500, 517, 546)
[M::mem_pestat] low and high boundaries for computing mean and std.dev: (408, 638)
[M::mem_pestat] mean and std.dev: (534.98, 32.24)
[M::mem_pestat] low and high boundaries for proper pairs: (362, 684)
[M::mem_pestat] analyzing insert size distribution for orientation RF...
[M::mem_pestat] (25, 50, 75) percentile: (58, 528, 2065)
[M::mem_pestat] low and high boundaries for computing mean and std.dev: (1, 6079)
[M::mem_pestat] mean and std.dev: (1075.29, 1314.02)
[M::mem_pestat] low and high boundaries for proper pairs: (1, 8086)
[M::mem_pestat] analyzing insert size distribution for orientation RR...
[M::mem_pestat] (25, 50, 75) percentile: (541, 919, 1638)
[M::mem_pestat] low and high boundaries for computing mean and std.dev: (1, 3832)
[M::mem_pestat] mean and std.dev: (1084.79, 833.80)
[M::mem_pestat] low and high boundaries for proper pairs: (1, 4929)
[M::mem_pestat] skip orientation FF
[M::mem_pestat] skip orientation RF
[M::mem_pestat] skip orientation RR
[M::mem_process_seqs] Processed 266668 reads in 520.343 CPU sec, 130.271 real sec
[M::process] read 266668 sequences (40000200 bp)...
[M::mem_pestat] # candidate unique pairs for (FF, FR, RF, RR): (240, 35780, 52, 212)
[M::mem_pestat] analyzing insert size distribution for orientation FF...
[M::mem_pestat] (25, 50, 75) percentile: (254, 751, 1456)
[M::mem_pestat] low and high boundaries for computing mean and std.dev: (1, 3860)
[M::mem_pestat] mean and std.dev: (915.24, 805.62)
[M::mem_pestat] low and high boundaries for proper pairs: (1, 5062)
[M::mem_pestat] analyzing insert size distribution for orientation FR...
[M::mem_pestat] (25, 50, 75) percentile: (500, 517, 546)
[M::mem_pestat] low and high boundaries for computing mean and std.dev: (408, 638)
[M::mem_pestat] mean and std.dev: (534.82, 32.30)
[M::mem_pestat] low and high boundaries for proper pairs: (362, 684)
[M::mem_pestat] analyzing insert size distribution for orientation RF...
[M::mem_pestat] (25, 50, 75) percentile: (146, 911, 2051)
[M::mem_pestat] low and high boundaries for computing mean and std.dev: (1, 5861)
[M::mem_pestat] mean and std.dev: (1189.96, 1252.27)
[M::mem_pestat] low and high boundaries for proper pairs: (1, 7766)
[M::mem_pestat] analyzing insert size distribution for orientation RR...
[M::mem_pestat] (25, 50, 75) percentile: (594, 1022, 1896)
[M::mem_pestat] low and high boundaries for computing mean and std.dev: (1, 4500)
[M::mem_pestat] mean and std.dev: (1224.21, 909.36)
[M::mem_pestat] low and high boundaries for proper pairs: (1, 5802)
[M::mem_pestat] skip orientation FF
[M::mem_pestat] skip orientation RF
[M::mem_pestat] skip orientation RR
[M::mem_process_seqs] Processed 266668 reads in 522.090 CPU sec, 130.690 real sec
[M::process] read 266668 sequences (40000200 bp)...
[M::mem_pestat] # candidate unique pairs for (FF, FR, RF, RR): (205, 36051, 53, 200)
[M::mem_pestat] analyzing insert size distribution for orientation FF...
[M::mem_pestat] (25, 50, 75) percentile: (266, 718, 1198)
[M::mem_pestat] low and high boundaries for computing mean and std.dev: (1, 3062)
[M::mem_pestat] mean and std.dev: (829.87, 647.24)
[M::mem_pestat] low and high boundaries for proper pairs: (1, 3994)
[M::mem_pestat] analyzing insert size distribution for orientation FR...
[M::mem_pestat] (25, 50, 75) percentile: (500, 517, 547)
[M::mem_pestat] low and high boundaries for computing mean and std.dev: (406, 641)
[M::mem_pestat] mean and std.dev: (535.40, 32.58)
[M::mem_pestat] low and high boundaries for proper pairs: (359, 688)
[M::mem_pestat] analyzing insert size distribution for orientation RF...
[M::mem_pestat] (25, 50, 75) percentile: (81, 1395, 2660)
[M::mem_pestat] low and high boundaries for computing mean and std.dev: (1, 7818)
[M::mem_pestat] mean and std.dev: (1533.75, 1586.53)
[M::mem_pestat] low and high boundaries for proper pairs: (1, 10397)
[M::mem_pestat] analyzing insert size distribution for orientation RR...
[M::mem_pestat] (25, 50, 75) percentile: (591, 979, 1748)
[M::mem_pestat] low and high boundaries for computing mean and std.dev: (1, 4062)
[M::mem_pestat] mean and std.dev: (1137.02, 855.31)
[M::mem_pestat] low and high boundaries for proper pairs: (1, 5219)
[M::mem_pestat] skip orientation FF
[M::mem_pestat] skip orientation RF
[M::mem_pestat] skip orientation RR
[M::mem_process_seqs] Processed 266668 reads in 527.407 CPU sec, 132.029 real sec
[M::process] read 266668 sequences (40000200 bp)...
[M::mem_pestat] # candidate unique pairs for (FF, FR, RF, RR): (233, 36732, 50, 219)
[M::mem_pestat] analyzing insert size distribution for orientation FF...
[M::mem_pestat] (25, 50, 75) percentile: (271, 703, 1404)
[M::mem_pestat] low and high boundaries for computing mean and std.dev: (1, 3670)
[M::mem_pestat] mean and std.dev: (862.20, 758.13)
[M::mem_pestat] low and high boundaries for proper pairs: (1, 4803)
[M::mem_pestat] analyzing insert size distribution for orientation FR...
[M::mem_pestat] (25, 50, 75) percentile: (500, 518, 547)
[M::mem_pestat] low and high boundaries for computing mean and std.dev: (406, 641)
[M::mem_pestat] mean and std.dev: (535.87, 32.95)
[M::mem_pestat] low and high boundaries for proper pairs: (359, 688)
[M::mem_pestat] analyzing insert size distribution for orientation RF...
[M::mem_pestat] (25, 50, 75) percentile: (236, 1500, 2375)
[M::mem_pestat] low and high boundaries for computing mean and std.dev: (1, 6653)
[M::mem_pestat] mean and std.dev: (1457.38, 1427.56)
[M::mem_pestat] low and high boundaries for proper pairs: (1, 8792)
[M::mem_pestat] analyzing insert size distribution for orientation RR...
[M::mem_pestat] (25, 50, 75) percentile: (533, 878, 1499)
[M::mem_pestat] low and high boundaries for computing mean and std.dev: (1, 3431)
[M::mem_pestat] mean and std.dev: (1037.28, 757.88)
[M::mem_pestat] low and high boundaries for proper pairs: (1, 4397)
[M::mem_pestat] skip orientation FF
[M::mem_pestat] skip orientation RF
[M::mem_pestat] skip orientation RR
[M::mem_process_seqs] Processed 266668 reads in 517.786 CPU sec, 129.632 real sec
[M::process] read 266668 sequences (40000200 bp)...
[M::mem_pestat] # candidate unique pairs for (FF, FR, RF, RR): (204, 36088, 44, 254)
[M::mem_pestat] analyzing insert size distribution for orientation FF...
[M::mem_pestat] (25, 50, 75) percentile: (283, 743, 1717)
[M::mem_pestat] low and high boundaries for computing mean and std.dev: (1, 4585)
[M::mem_pestat] mean and std.dev: (1040.05, 1009.93)
[M::mem_pestat] low and high boundaries for proper pairs: (1, 6019)
[M::mem_pestat] analyzing insert size distribution for orientation FR...
[M::mem_pestat] (25, 50, 75) percentile: (500, 517, 547)
[M::mem_pestat] low and high boundaries for computing mean and std.dev: (406, 641)
[M::mem_pestat] mean and std.dev: (535.23, 33.00)
[M::mem_pestat] low and high boundaries for proper pairs: (359, 688)
[M::mem_pestat] analyzing insert size distribution for orientation RF...
[M::mem_pestat] (25, 50, 75) percentile: (113, 1181, 2550)
[M::mem_pestat] low and high boundaries for computing mean and std.dev: (1, 7424)
[M::mem_pestat] mean and std.dev: (1572.40, 1751.65)
[M::mem_pestat] low and high boundaries for proper pairs: (1, 9861)
[M::mem_pestat] analyzing insert size distribution for orientation RR...
[M::mem_pestat] (25, 50, 75) percentile: (588, 999, 1872)
[M::mem_pestat] low and high boundaries for computing mean and std.dev: (1, 4440)
[M::mem_pestat] mean and std.dev: (1228.27, 906.47)
[M::mem_pestat] low and high boundaries for proper pairs: (1, 5724)
[M::mem_pestat] skip orientation FF
[M::mem_pestat] skip orientation RF
[M::mem_pestat] skip orientation RR
[M::mem_process_seqs] Processed 266668 reads in 522.368 CPU sec, 130.778 real sec
[M::process] read 266668 sequences (40000200 bp)...
[M::mem_pestat] # candidate unique pairs for (FF, FR, RF, RR): (200, 36128, 58, 199)
[M::mem_pestat] analyzing insert size distribution for orientation FF...
[M::mem_pestat] (25, 50, 75) percentile: (290, 755, 1415)
[M::mem_pestat] low and high boundaries for computing mean and std.dev: (1, 3665)
[M::mem_pestat] mean and std.dev: (907.48, 818.54)
[M::mem_pestat] low and high boundaries for proper pairs: (1, 4790)
[M::mem_pestat] analyzing insert size distribution for orientation FR...
[M::mem_pestat] (25, 50, 75) percentile: (500, 517, 547)
[M::mem_pestat] low and high boundaries for computing mean and std.dev: (406, 641)
[M::mem_pestat] mean and std.dev: (535.64, 32.90)
[M::mem_pestat] low and high boundaries for proper pairs: (359, 688)
[M::mem_pestat] analyzing insert size distribution for orientation RF...
[M::mem_pestat] (25, 50, 75) percentile: (80, 1711, 2073)
[M::mem_pestat] low and high boundaries for computing mean and std.dev: (1, 6059)
[M::mem_pestat] mean and std.dev: (1438.82, 1511.04)
[M::mem_pestat] low and high boundaries for proper pairs: (1, 8052)
[M::mem_pestat] analyzing insert size distribution for orientation RR...
[M::mem_pestat] (25, 50, 75) percentile: (622, 1019, 1845)
[M::mem_pestat] low and high boundaries for computing mean and std.dev: (1, 4291)
[M::mem_pestat] mean and std.dev: (1260.25, 979.06)
[M::mem_pestat] low and high boundaries for proper pairs: (1, 5514)
[M::mem_pestat] skip orientation FF
[M::mem_pestat] skip orientation RF
[M::mem_pestat] skip orientation RR
[M::mem_process_seqs] Processed 266668 reads in 521.215 CPU sec, 130.486 real sec
[M::process] read 266668 sequences (40000200 bp)...
[M::mem_pestat] # candidate unique pairs for (FF, FR, RF, RR): (196, 36403, 43, 222)
[M::mem_pestat] analyzing insert size distribution for orientation FF...
[M::mem_pestat] (25, 50, 75) percentile: (299, 763, 1387)
[M::mem_pestat] low and high boundaries for computing mean and std.dev: (1, 3563)
[M::mem_pestat] mean and std.dev: (904.92, 789.59)
[M::mem_pestat] low and high boundaries for proper pairs: (1, 4651)
[M::mem_pestat] analyzing insert size distribution for orientation FR...
[M::mem_pestat] (25, 50, 75) percentile: (500, 517, 546)
[M::mem_pestat] low and high boundaries for computing mean and std.dev: (408, 638)
[M::mem_pestat] mean and std.dev: (534.92, 32.24)
[M::mem_pestat] low and high boundaries for proper pairs: (362, 684)
[M::mem_pestat] analyzing insert size distribution for orientation RF...
[M::mem_pestat] (25, 50, 75) percentile: (473, 2035, 2980)
[M::mem_pestat] low and high boundaries for computing mean and std.dev: (1, 7994)
[M::mem_pestat] mean and std.dev: (2011.54, 1970.27)
[M::mem_pestat] low and high boundaries for proper pairs: (1, 10501)
[M::mem_pestat] analyzing insert size distribution for orientation RR...
[M::mem_pestat] (25, 50, 75) percentile: (598, 936, 1588)
[M::mem_pestat] low and high boundaries for computing mean and std.dev: (1, 3568)
[M::mem_pestat] mean and std.dev: (1041.71, 748.61)
[M::mem_pestat] low and high boundaries for proper pairs: (1, 4558)
[M::mem_pestat] skip orientation FF
[M::mem_pestat] skip orientation RF
[M::mem_pestat] skip orientation RR
[M::mem_process_seqs] Processed 266668 reads in 525.674 CPU sec, 131.600 real sec
[M::process] read 266668 sequences (40000200 bp)...
[M::mem_pestat] # candidate unique pairs for (FF, FR, RF, RR): (210, 36430, 55, 197)
[M::mem_pestat] analyzing insert size distribution for orientation FF...
[M::mem_pestat] (25, 50, 75) percentile: (298, 793, 1708)
[M::mem_pestat] low and high boundaries for computing mean and std.dev: (1, 4528)
[M::mem_pestat] mean and std.dev: (1015.29, 941.52)
[M::mem_pestat] low and high boundaries for proper pairs: (1, 5938)
[M::mem_pestat] analyzing insert size distribution for orientation FR...
[M::mem_pestat] (25, 50, 75) percentile: (500, 517, 546)
[M::mem_pestat] low and high boundaries for computing mean and std.dev: (408, 638)
[M::mem_pestat] mean and std.dev: (535.09, 32.25)
[M::mem_pestat] low and high boundaries for proper pairs: (362, 684)
[M::mem_pestat] analyzing insert size distribution for orientation RF...
[M::mem_pestat] (25, 50, 75) percentile: (202, 1438, 2100)
[M::mem_pestat] low and high boundaries for computing mean and std.dev: (1, 5896)
[M::mem_pestat] mean and std.dev: (1393.82, 1384.80)
[M::mem_pestat] low and high boundaries for proper pairs: (1, 7794)
[M::mem_pestat] analyzing insert size distribution for orientation RR...
[M::mem_pestat] (25, 50, 75) percentile: (569, 993, 1715)
[M::mem_pestat] low and high boundaries for computing mean and std.dev: (1, 4007)
[M::mem_pestat] mean and std.dev: (1079.10, 795.84)
[M::mem_pestat] low and high boundaries for proper pairs: (1, 5153)
[M::mem_pestat] skip orientation FF
[M::mem_pestat] skip orientation RF
[M::mem_pestat] skip orientation RR
[M::mem_process_seqs] Processed 266668 reads in 522.715 CPU sec, 130.834 real sec
[M::process] read 266668 sequences (40000200 bp)...
[M::mem_pestat] # candidate unique pairs for (FF, FR, RF, RR): (231, 36232, 49, 217)
[M::mem_pestat] analyzing insert size distribution for orientation FF...
[M::mem_pestat] (25, 50, 75) percentile: (287, 714, 1321)
[M::mem_pestat] low and high boundaries for computing mean and std.dev: (1, 3389)
[M::mem_pestat] mean and std.dev: (874.68, 740.18)
[M::mem_pestat] low and high boundaries for proper pairs: (1, 4423)
[M::mem_pestat] analyzing insert size distribution for orientation FR...
[M::mem_pestat] (25, 50, 75) percentile: (500, 517, 547)
[M::mem_pestat] low and high boundaries for computing mean and std.dev: (406, 641)
[M::mem_pestat] mean and std.dev: (535.67, 33.31)
[M::mem_pestat] low and high boundaries for proper pairs: (359, 688)
[M::mem_pestat] analyzing insert size distribution for orientation RF...
[M::mem_pestat] (25, 50, 75) percentile: (47, 772, 2085)
[M::mem_pestat] low and high boundaries for computing mean and std.dev: (1, 6161)
[M::mem_pestat] mean and std.dev: (1015.70, 1147.93)
[M::mem_pestat] low and high boundaries for proper pairs: (1, 8199)
[M::mem_pestat] analyzing insert size distribution for orientation RR...
[M::mem_pestat] (25, 50, 75) percentile: (581, 939, 1545)
[M::mem_pestat] low and high boundaries for computing mean and std.dev: (1, 3473)
[M::mem_pestat] mean and std.dev: (1011.03, 700.15)
[M::mem_pestat] low and high boundaries for proper pairs: (1, 4437)
[M::mem_pestat] skip orientation FF
[M::mem_pestat] skip orientation RF
[M::mem_pestat] skip orientation RR
[M::mem_process_seqs] Processed 266668 reads in 523.994 CPU sec, 131.221 real sec
[M::process] read 266668 sequences (40000200 bp)...
[M::mem_pestat] # candidate unique pairs for (FF, FR, RF, RR): (226, 36772, 46, 220)
[M::mem_pestat] analyzing insert size distribution for orientation FF...
[M::mem_pestat] (25, 50, 75) percentile: (342, 761, 1384)
[M::mem_pestat] low and high boundaries for computing mean and std.dev: (1, 3468)
[M::mem_pestat] mean and std.dev: (920.60, 768.61)
[M::mem_pestat] low and high boundaries for proper pairs: (1, 4510)
[M::mem_pestat] analyzing insert size distribution for orientation FR...
[M::mem_pestat] (25, 50, 75) percentile: (500, 517, 547)
[M::mem_pestat] low and high boundaries for computing mean and std.dev: (406, 641)
[M::mem_pestat] mean and std.dev: (535.71, 33.10)
[M::mem_pestat] low and high boundaries for proper pairs: (359, 688)
[M::mem_pestat] analyzing insert size distribution for orientation RF...
[M::mem_pestat] (25, 50, 75) percentile: (196, 1810, 2138)
[M::mem_pestat] low and high boundaries for computing mean and std.dev: (1, 6022)
[M::mem_pestat] mean and std.dev: (1423.82, 1266.44)
[M::mem_pestat] low and high boundaries for proper pairs: (1, 7964)
[M::mem_pestat] analyzing insert size distribution for orientation RR...
[M::mem_pestat] (25, 50, 75) percentile: (620, 1021, 1734)
[M::mem_pestat] low and high boundaries for computing mean and std.dev: (1, 3962)
[M::mem_pestat] mean and std.dev: (1139.63, 809.04)
[M::mem_pestat] low and high boundaries for proper pairs: (1, 5076)
[M::mem_pestat] skip orientation FF
[M::mem_pestat] skip orientation RF
[M::mem_pestat] skip orientation RR
[M::mem_process_seqs] Processed 266668 reads in 512.069 CPU sec, 128.179 real sec
[M::process] read 266668 sequences (40000200 bp)...
[M::mem_pestat] # candidate unique pairs for (FF, FR, RF, RR): (217, 36465, 53, 212)
[M::mem_pestat] analyzing insert size distribution for orientation FF...
[M::mem_pestat] (25, 50, 75) percentile: (383, 768, 1382)
[M::mem_pestat] low and high boundaries for computing mean and std.dev: (1, 3380)
[M::mem_pestat] mean and std.dev: (916.17, 743.60)
[M::mem_pestat] low and high boundaries for proper pairs: (1, 4379)
[M::mem_pestat] analyzing insert size distribution for orientation FR...
[M::mem_pestat] (25, 50, 75) percentile: (500, 517, 547)
[M::mem_pestat] low and high boundaries for computing mean and std.dev: (406, 641)
[M::mem_pestat] mean and std.dev: (535.51, 32.59)
[M::mem_pestat] low and high boundaries for proper pairs: (359, 688)
[M::mem_pestat] analyzing insert size distribution for orientation RF...
[M::mem_pestat] (25, 50, 75) percentile: (184, 2032, 2907)
[M::mem_pestat] low and high boundaries for computing mean and std.dev: (1, 8353)
[M::mem_pestat] mean and std.dev: (1880.00, 1940.28)
[M::mem_pestat] low and high boundaries for proper pairs: (1, 11076)
[M::mem_pestat] analyzing insert size distribution for orientation RR...
[M::mem_pestat] (25, 50, 75) percentile: (554, 985, 1624)
[M::mem_pestat] low and high boundaries for computing mean and std.dev: (1, 3764)
[M::mem_pestat] mean and std.dev: (1080.87, 805.04)
[M::mem_pestat] low and high boundaries for proper pairs: (1, 4834)
[M::mem_pestat] skip orientation FF
[M::mem_pestat] skip orientation RF
[M::mem_pestat] skip orientation RR
[M::mem_process_seqs] Processed 266668 reads in 518.949 CPU sec, 129.893 real sec
[M::process] read 266668 sequences (40000200 bp)...
[M::mem_pestat] # candidate unique pairs for (FF, FR, RF, RR): (201, 36350, 46, 221)
[M::mem_pestat] analyzing insert size distribution for orientation FF...
[M::mem_pestat] (25, 50, 75) percentile: (342, 768, 1572)
[M::mem_pestat] low and high boundaries for computing mean and std.dev: (1, 4032)
[M::mem_pestat] mean and std.dev: (933.07, 823.52)
[M::mem_pestat] low and high boundaries for proper pairs: (1, 5262)
[M::mem_pestat] analyzing insert size distribution for orientation FR...
[M::mem_pestat] (25, 50, 75) percentile: (500, 517, 547)
[M::mem_pestat] low and high boundaries for computing mean and std.dev: (406, 641)
[M::mem_pestat] mean and std.dev: (535.30, 32.54)
[M::mem_pestat] low and high boundaries for proper pairs: (359, 688)
[M::mem_pestat] analyzing insert size distribution for orientation RF...
[M::mem_pestat] (25, 50, 75) percentile: (103, 654, 2068)
[M::mem_pestat] low and high boundaries for computing mean and std.dev: (1, 5998)
[M::mem_pestat] mean and std.dev: (1216.00, 1340.06)
[M::mem_pestat] low and high boundaries for proper pairs: (1, 7963)
[M::mem_pestat] analyzing insert size distribution for orientation RR...
[M::mem_pestat] (25, 50, 75) percentile: (546, 990, 1632)
[M::mem_pestat] low and high boundaries for computing mean and std.dev: (1, 3804)
[M::mem_pestat] mean and std.dev: (1092.43, 771.19)
[M::mem_pestat] low and high boundaries for proper pairs: (1, 4890)
[M::mem_pestat] skip orientation FF
[M::mem_pestat] skip orientation RF
[M::mem_pestat] skip orientation RR
[M::mem_process_seqs] Processed 266668 reads in 524.704 CPU sec, 131.358 real sec
[M::process] read 266668 sequences (40000200 bp)...
[M::mem_pestat] # candidate unique pairs for (FF, FR, RF, RR): (219, 36636, 52, 232)
[M::mem_pestat] analyzing insert size distribution for orientation FF...
[M::mem_pestat] (25, 50, 75) percentile: (404, 855, 1506)
[M::mem_pestat] low and high boundaries for computing mean and std.dev: (1, 3710)
[M::mem_pestat] mean and std.dev: (967.86, 765.58)
[M::mem_pestat] low and high boundaries for proper pairs: (1, 4812)
[M::mem_pestat] analyzing insert size distribution for orientation FR...
[M::mem_pestat] (25, 50, 75) percentile: (500, 518, 546)
[M::mem_pestat] low and high boundaries for computing mean and std.dev: (408, 638)
[M::mem_pestat] mean and std.dev: (535.25, 32.30)
[M::mem_pestat] low and high boundaries for proper pairs: (362, 684)
[M::mem_pestat] analyzing insert size distribution for orientation RF...
[M::mem_pestat] (25, 50, 75) percentile: (107, 904, 2093)
[M::mem_pestat] low and high boundaries for computing mean and std.dev: (1, 6065)
[M::mem_pestat] mean and std.dev: (1133.67, 1219.53)
[M::mem_pestat] low and high boundaries for proper pairs: (1, 8051)
[M::mem_pestat] analyzing insert size distribution for orientation RR...
[M::mem_pestat] (25, 50, 75) percentile: (476, 949, 1645)
[M::mem_pestat] low and high boundaries for computing mean and std.dev: (1, 3983)
[M::mem_pestat] mean and std.dev: (1119.05, 892.63)
[M::mem_pestat] low and high boundaries for proper pairs: (1, 5152)
[M::mem_pestat] skip orientation FF
[M::mem_pestat] skip orientation RF
[M::mem_pestat] skip orientation RR
[M::mem_process_seqs] Processed 266668 reads in 519.443 CPU sec, 130.012 real sec
[M::process] read 266668 sequences (40000200 bp)...
[M::mem_pestat] # candidate unique pairs for (FF, FR, RF, RR): (215, 36164, 48, 178)
[M::mem_pestat] analyzing insert size distribution for orientation FF...
[M::mem_pestat] (25, 50, 75) percentile: (343, 709, 1248)
[M::mem_pestat] low and high boundaries for computing mean and std.dev: (1, 3058)
[M::mem_pestat] mean and std.dev: (831.56, 655.78)
[M::mem_pestat] low and high boundaries for proper pairs: (1, 3963)
[M::mem_pestat] analyzing insert size distribution for orientation FR...
[M::mem_pestat] (25, 50, 75) percentile: (500, 517, 547)
[M::mem_pestat] low and high boundaries for computing mean and std.dev: (406, 641)
[M::mem_pestat] mean and std.dev: (535.72, 32.70)
[M::mem_pestat] low and high boundaries for proper pairs: (359, 688)
[M::mem_pestat] analyzing insert size distribution for orientation RF...
[M::mem_pestat] (25, 50, 75) percentile: (51, 562, 2097)
[M::mem_pestat] low and high boundaries for computing mean and std.dev: (1, 6189)
[M::mem_pestat] mean and std.dev: (1106.33, 1326.11)
[M::mem_pestat] low and high boundaries for proper pairs: (1, 8235)
[M::mem_pestat] analyzing insert size distribution for orientation RR...
[M::mem_pestat] (25, 50, 75) percentile: (501, 936, 1604)
[M::mem_pestat] low and high boundaries for computing mean and std.dev: (1, 3810)
[M::mem_pestat] mean and std.dev: (1043.68, 799.56)
[M::mem_pestat] low and high boundaries for proper pairs: (1, 4913)
[M::mem_pestat] skip orientation FF
[M::mem_pestat] skip orientation RF
[M::mem_pestat] skip orientation RR
[M::mem_process_seqs] Processed 266668 reads in 531.793 CPU sec, 133.146 real sec
[M::process] read 266668 sequences (40000200 bp)...
[M::mem_pestat] # candidate unique pairs for (FF, FR, RF, RR): (204, 36298, 43, 200)
[M::mem_pestat] analyzing insert size distribution for orientation FF...
[M::mem_pestat] (25, 50, 75) percentile: (254, 628, 1098)
[M::mem_pestat] low and high boundaries for computing mean and std.dev: (1, 2786)
[M::mem_pestat] mean and std.dev: (694.85, 556.88)
[M::mem_pestat] low and high boundaries for proper pairs: (1, 3630)
[M::mem_pestat] analyzing insert size distribution for orientation FR...
[M::mem_pestat] (25, 50, 75) percentile: (500, 518, 547)
[M::mem_pestat] low and high boundaries for computing mean and std.dev: (406, 641)
[M::mem_pestat] mean and std.dev: (535.46, 32.64)
[M::mem_pestat] low and high boundaries for proper pairs: (359, 688)
[M::mem_pestat] analyzing insert size distribution for orientation RF...
[M::mem_pestat] (25, 50, 75) percentile: (97, 363, 2104)
[M::mem_pestat] low and high boundaries for computing mean and std.dev: (1, 6118)
[M::mem_pestat] mean and std.dev: (837.05, 1001.48)
[M::mem_pestat] low and high boundaries for proper pairs: (1, 8125)
[M::mem_pestat] analyzing insert size distribution for orientation RR...
[M::mem_pestat] (25, 50, 75) percentile: (543, 978, 1604)
[M::mem_pestat] low and high boundaries for computing mean and std.dev: (1, 3726)
[M::mem_pestat] mean and std.dev: (1048.32, 736.81)
[M::mem_pestat] low and high boundaries for proper pairs: (1, 4787)
[M::mem_pestat] skip orientation FF
[M::mem_pestat] skip orientation RF
[M::mem_pestat] skip orientation RR
[M::mem_process_seqs] Processed 266668 reads in 527.911 CPU sec, 132.163 real sec
[M::process] read 266668 sequences (40000200 bp)...
[M::mem_pestat] # candidate unique pairs for (FF, FR, RF, RR): (211, 36395, 50, 215)
[M::mem_pestat] analyzing insert size distribution for orientation FF...
[M::mem_pestat] (25, 50, 75) percentile: (360, 780, 1590)
[M::mem_pestat] low and high boundaries for computing mean and std.dev: (1, 4050)
[M::mem_pestat] mean and std.dev: (994.92, 857.98)
[M::mem_pestat] low and high boundaries for proper pairs: (1, 5280)
[M::mem_pestat] analyzing insert size distribution for orientation FR...
[M::mem_pestat] (25, 50, 75) percentile: (500, 517, 547)
[M::mem_pestat] low and high boundaries for computing mean and std.dev: (406, 641)
[M::mem_pestat] mean and std.dev: (535.44, 32.54)
[M::mem_pestat] low and high boundaries for proper pairs: (359, 688)
[M::mem_pestat] analyzing insert size distribution for orientation RF...
[M::mem_pestat] (25, 50, 75) percentile: (46, 645, 2118)
[M::mem_pestat] low and high boundaries for computing mean and std.dev: (1, 6262)
[M::mem_pestat] mean and std.dev: (1170.85, 1320.67)
[M::mem_pestat] low and high boundaries for proper pairs: (1, 8334)
[M::mem_pestat] analyzing insert size distribution for orientation RR...
[M::mem_pestat] (25, 50, 75) percentile: (515, 979, 1671)
[M::mem_pestat] low and high boundaries for computing mean and std.dev: (1, 3983)
[M::mem_pestat] mean and std.dev: (1105.54, 815.77)
[M::mem_pestat] low and high boundaries for proper pairs: (1, 5139)
[M::mem_pestat] skip orientation FF
[M::mem_pestat] skip orientation RF
[M::mem_pestat] skip orientation RR
[M::mem_process_seqs] Processed 266668 reads in 521.466 CPU sec, 130.548 real sec
[M::process] read 266668 sequences (40000200 bp)...
[M::mem_pestat] # candidate unique pairs for (FF, FR, RF, RR): (211, 36631, 56, 224)
[M::mem_pestat] analyzing insert size distribution for orientation FF...
[M::mem_pestat] (25, 50, 75) percentile: (378, 803, 1543)
[M::mem_pestat] low and high boundaries for computing mean and std.dev: (1, 3873)
[M::mem_pestat] mean and std.dev: (978.85, 793.12)
[M::mem_pestat] low and high boundaries for proper pairs: (1, 5038)
[M::mem_pestat] analyzing insert size distribution for orientation FR...
[M::mem_pestat] (25, 50, 75) percentile: (500, 517, 547)
[M::mem_pestat] low and high boundaries for computing mean and std.dev: (406, 641)
[M::mem_pestat] mean and std.dev: (535.61, 33.16)
[M::mem_pestat] low and high boundaries for proper pairs: (359, 688)
[M::mem_pestat] analyzing insert size distribution for orientation RF...
[M::mem_pestat] (25, 50, 75) percentile: (207, 1136, 2090)
[M::mem_pestat] low and high boundaries for computing mean and std.dev: (1, 5856)
[M::mem_pestat] mean and std.dev: (1160.74, 1289.40)
[M::mem_pestat] low and high boundaries for proper pairs: (1, 7739)
[M::mem_pestat] analyzing insert size distribution for orientation RR...
[M::mem_pestat] (25, 50, 75) percentile: (519, 959, 1633)
[M::mem_pestat] low and high boundaries for computing mean and std.dev: (1, 3861)
[M::mem_pestat] mean and std.dev: (1054.34, 778.45)
[M::mem_pestat] low and high boundaries for proper pairs: (1, 4975)
[M::mem_pestat] skip orientation FF
[M::mem_pestat] skip orientation RF
[M::mem_pestat] skip orientation RR
[M::mem_process_seqs] Processed 266668 reads in 519.045 CPU sec, 129.942 real sec
[M::process] read 266668 sequences (40000200 bp)...
[M::mem_pestat] # candidate unique pairs for (FF, FR, RF, RR): (219, 36731, 43, 223)
[M::mem_pestat] analyzing insert size distribution for orientation FF...
[M::mem_pestat] (25, 50, 75) percentile: (323, 764, 1392)
[M::mem_pestat] low and high boundaries for computing mean and std.dev: (1, 3530)
[M::mem_pestat] mean and std.dev: (926.10, 765.97)
[M::mem_pestat] low and high boundaries for proper pairs: (1, 4599)
[M::mem_pestat] analyzing insert size distribution for orientation FR...
[M::mem_pestat] (25, 50, 75) percentile: (500, 518, 547)
[M::mem_pestat] low and high boundaries for computing mean and std.dev: (406, 641)
[M::mem_pestat] mean and std.dev: (535.83, 33.08)
[M::mem_pestat] low and high boundaries for proper pairs: (359, 688)
[M::mem_pestat] analyzing insert size distribution for orientation RF...
[M::mem_pestat] (25, 50, 75) percentile: (98, 1273, 2034)
[M::mem_pestat] low and high boundaries for computing mean and std.dev: (1, 5906)
[M::mem_pestat] mean and std.dev: (1131.49, 1132.07)
[M::mem_pestat] low and high boundaries for proper pairs: (1, 7842)
[M::mem_pestat] analyzing insert size distribution for orientation RR...
[M::mem_pestat] (25, 50, 75) percentile: (496, 905, 1763)
[M::mem_pestat] low and high boundaries for computing mean and std.dev: (1, 4297)
[M::mem_pestat] mean and std.dev: (1133.47, 975.77)
[M::mem_pestat] low and high boundaries for proper pairs: (1, 5564)
[M::mem_pestat] skip orientation FF
[M::mem_pestat] skip orientation RF
[M::mem_pestat] skip orientation RR
[M::mem_process_seqs] Processed 266668 reads in 526.614 CPU sec, 131.828 real sec
[M::process] read 266668 sequences (40000200 bp)...
[M::mem_pestat] # candidate unique pairs for (FF, FR, RF, RR): (201, 36264, 53, 214)
[M::mem_pestat] analyzing insert size distribution for orientation FF...
[M::mem_pestat] (25, 50, 75) percentile: (365, 831, 1483)
[M::mem_pestat] low and high boundaries for computing mean and std.dev: (1, 3719)
[M::mem_pestat] mean and std.dev: (966.08, 831.50)
[M::mem_pestat] low and high boundaries for proper pairs: (1, 4837)
[M::mem_pestat] analyzing insert size distribution for orientation FR...
[M::mem_pestat] (25, 50, 75) percentile: (500, 518, 548)
[M::mem_pestat] low and high boundaries for computing mean and std.dev: (404, 644)
[M::mem_pestat] mean and std.dev: (536.20, 33.64)
[M::mem_pestat] low and high boundaries for proper pairs: (356, 692)
[M::mem_pestat] analyzing insert size distribution for orientation RF...
[M::mem_pestat] (25, 50, 75) percentile: (61, 291, 2096)
[M::mem_pestat] low and high boundaries for computing mean and std.dev: (1, 6166)
[M::mem_pestat] mean and std.dev: (1093.04, 1280.21)
[M::mem_pestat] low and high boundaries for proper pairs: (1, 8201)
[M::mem_pestat] analyzing insert size distribution for orientation RR...
[M::mem_pestat] (25, 50, 75) percentile: (627, 1070, 1919)
[M::mem_pestat] low and high boundaries for computing mean and std.dev: (1, 4503)
[M::mem_pestat] mean and std.dev: (1197.83, 884.57)
[M::mem_pestat] low and high boundaries for proper pairs: (1, 5795)
[M::mem_pestat] skip orientation FF
[M::mem_pestat] skip orientation RF
[M::mem_pestat] skip orientation RR
[M::mem_process_seqs] Processed 266668 reads in 521.806 CPU sec, 130.642 real sec
[M::process] read 266668 sequences (40000200 bp)...
[M::mem_pestat] # candidate unique pairs for (FF, FR, RF, RR): (199, 36589, 55, 214)
[M::mem_pestat] analyzing insert size distribution for orientation FF...
[M::mem_pestat] (25, 50, 75) percentile: (232, 655, 1511)
[M::mem_pestat] low and high boundaries for computing mean and std.dev: (1, 4069)
[M::mem_pestat] mean and std.dev: (878.41, 829.39)
[M::mem_pestat] low and high boundaries for proper pairs: (1, 5348)
[M::mem_pestat] analyzing insert size distribution for orientation FR...
[M::mem_pestat] (25, 50, 75) percentile: (500, 517, 547)
[M::mem_pestat] low and high boundaries for computing mean and std.dev: (406, 641)
[M::mem_pestat] mean and std.dev: (535.62, 32.83)
[M::mem_pestat] low and high boundaries for proper pairs: (359, 688)
[M::mem_pestat] analyzing insert size distribution for orientation RF...
[M::mem_pestat] (25, 50, 75) percentile: (223, 821, 2897)
[M::mem_pestat] low and high boundaries for computing mean and std.dev: (1, 8245)
[M::mem_pestat] mean and std.dev: (1645.72, 1878.26)
[M::mem_pestat] low and high boundaries for proper pairs: (1, 10919)
[M::mem_pestat] analyzing insert size distribution for orientation RR...
[M::mem_pestat] (25, 50, 75) percentile: (571, 996, 1519)
[M::mem_pestat] low and high boundaries for computing mean and std.dev: (1, 3415)
[M::mem_pestat] mean and std.dev: (1008.26, 688.76)
[M::mem_pestat] low and high boundaries for proper pairs: (1, 4363)
[M::mem_pestat] skip orientation FF
[M::mem_pestat] skip orientation RF
[M::mem_pestat] skip orientation RR
[M::mem_process_seqs] Processed 266668 reads in 512.382 CPU sec, 128.271 real sec
[M::process] read 266668 sequences (40000200 bp)...
[M::mem_pestat] # candidate unique pairs for (FF, FR, RF, RR): (212, 36521, 72, 211)
[M::mem_pestat] analyzing insert size distribution for orientation FF...
[M::mem_pestat] (25, 50, 75) percentile: (373, 898, 1772)
[M::mem_pestat] low and high boundaries for computing mean and std.dev: (1, 4570)
[M::mem_pestat] mean and std.dev: (1145.96, 1003.09)
[M::mem_pestat] low and high boundaries for proper pairs: (1, 5969)
[M::mem_pestat] analyzing insert size distribution for orientation FR...
[M::mem_pestat] (25, 50, 75) percentile: (500, 517, 547)
[M::mem_pestat] low and high boundaries for computing mean and std.dev: (406, 641)
[M::mem_pestat] mean and std.dev: (535.44, 33.10)
[M::mem_pestat] low and high boundaries for proper pairs: (359, 688)
[M::mem_pestat] analyzing insert size distribution for orientation RF...
[M::mem_pestat] (25, 50, 75) percentile: (114, 1648, 2115)
[M::mem_pestat] low and high boundaries for computing mean and std.dev: (1, 6117)
[M::mem_pestat] mean and std.dev: (1447.58, 1502.01)
[M::mem_pestat] low and high boundaries for proper pairs: (1, 8118)
[M::mem_pestat] analyzing insert size distribution for orientation RR...
[M::mem_pestat] (25, 50, 75) percentile: (530, 1025, 1685)
[M::mem_pestat] low and high boundaries for computing mean and std.dev: (1, 3995)
[M::mem_pestat] mean and std.dev: (1126.28, 786.31)
[M::mem_pestat] low and high boundaries for proper pairs: (1, 5150)
[M::mem_pestat] skip orientation FF
[M::mem_pestat] skip orientation RF
[M::mem_pestat] skip orientation RR
[M::mem_process_seqs] Processed 266668 reads in 520.599 CPU sec, 130.332 real sec
[M::process] read 266668 sequences (40000200 bp)...
[M::mem_pestat] # candidate unique pairs for (FF, FR, RF, RR): (221, 36590, 50, 181)
[M::mem_pestat] analyzing insert size distribution for orientation FF...
[M::mem_pestat] (25, 50, 75) percentile: (283, 684, 1283)
[M::mem_pestat] low and high boundaries for computing mean and std.dev: (1, 3283)
[M::mem_pestat] mean and std.dev: (810.30, 674.34)
[M::mem_pestat] low and high boundaries for proper pairs: (1, 4283)
[M::mem_pestat] analyzing insert size distribution for orientation FR...
[M::mem_pestat] (25, 50, 75) percentile: (500, 517, 547)
[M::mem_pestat] low and high boundaries for computing mean and std.dev: (406, 641)
[M::mem_pestat] mean and std.dev: (535.78, 33.09)
[M::mem_pestat] low and high boundaries for proper pairs: (359, 688)
[M::mem_pestat] analyzing insert size distribution for orientation RF...
[M::mem_pestat] (25, 50, 75) percentile: (146, 939, 2041)
[M::mem_pestat] low and high boundaries for computing mean and std.dev: (1, 5831)
[M::mem_pestat] mean and std.dev: (1185.18, 1156.01)
[M::mem_pestat] low and high boundaries for proper pairs: (1, 7726)
[M::mem_pestat] analyzing insert size distribution for orientation RR...
[M::mem_pestat] (25, 50, 75) percentile: (546, 1048, 1836)
[M::mem_pestat] low and high boundaries for computing mean and std.dev: (1, 4416)
[M::mem_pestat] mean and std.dev: (1267.22, 1013.66)
[M::mem_pestat] low and high boundaries for proper pairs: (1, 5706)
[M::mem_pestat] skip orientation FF
[M::mem_pestat] skip orientation RF
[M::mem_pestat] skip orientation RR
[M::mem_process_seqs] Processed 266668 reads in 522.332 CPU sec, 130.775 real sec
[M::process] read 252304 sequences (37845600 bp)...
[M::mem_pestat] # candidate unique pairs for (FF, FR, RF, RR): (202, 36095, 43, 219)
[M::mem_pestat] analyzing insert size distribution for orientation FF...
[M::mem_pestat] (25, 50, 75) percentile: (266, 638, 1157)
[M::mem_pestat] low and high boundaries for computing mean and std.dev: (1, 2939)
[M::mem_pestat] mean and std.dev: (737.41, 613.18)
[M::mem_pestat] low and high boundaries for proper pairs: (1, 3830)
[M::mem_pestat] analyzing insert size distribution for orientation FR...
[M::mem_pestat] (25, 50, 75) percentile: (500, 517, 547)
[M::mem_pestat] low and high boundaries for computing mean and std.dev: (406, 641)
[M::mem_pestat] mean and std.dev: (535.73, 32.89)
[M::mem_pestat] low and high boundaries for proper pairs: (359, 688)
[M::mem_pestat] analyzing insert size distribution for orientation RF...
[M::mem_pestat] (25, 50, 75) percentile: (413, 1991, 2062)
[M::mem_pestat] low and high boundaries for computing mean and std.dev: (1, 5360)
[M::mem_pestat] mean and std.dev: (1520.98, 1239.76)
[M::mem_pestat] low and high boundaries for proper pairs: (1, 7009)
[M::mem_pestat] analyzing insert size distribution for orientation RR...
[M::mem_pestat] (25, 50, 75) percentile: (580, 992, 1538)
[M::mem_pestat] low and high boundaries for computing mean and std.dev: (1, 3454)
[M::mem_pestat] mean and std.dev: (1031.23, 687.51)
[M::mem_pestat] low and high boundaries for proper pairs: (1, 4412)
[M::mem_pestat] skip orientation FF
[M::mem_pestat] skip orientation RF
[M::mem_pestat] skip orientation RR
[M::mem_process_seqs] Processed 266668 reads in 520.479 CPU sec, 130.313 real sec
[M::mem_pestat] # candidate unique pairs for (FF, FR, RF, RR): (192, 34643, 38, 207)
[M::mem_pestat] analyzing insert size distribution for orientation FF...
[M::mem_pestat] (25, 50, 75) percentile: (414, 860, 1441)
[M::mem_pestat] low and high boundaries for computing mean and std.dev: (1, 3495)
[M::mem_pestat] mean and std.dev: (984.03, 809.12)
[M::mem_pestat] low and high boundaries for proper pairs: (1, 4522)
[M::mem_pestat] analyzing insert size distribution for orientation FR...
[M::mem_pestat] (25, 50, 75) percentile: (500, 517, 547)
[M::mem_pestat] low and high boundaries for computing mean and std.dev: (406, 641)
[M::mem_pestat] mean and std.dev: (535.59, 32.83)
[M::mem_pestat] low and high boundaries for proper pairs: (359, 688)
[M::mem_pestat] analyzing insert size distribution for orientation RF...
[M::mem_pestat] (25, 50, 75) percentile: (302, 1752, 2871)
[M::mem_pestat] low and high boundaries for computing mean and std.dev: (1, 8009)
[M::mem_pestat] mean and std.dev: (1491.62, 1472.72)
[M::mem_pestat] low and high boundaries for proper pairs: (1, 10578)
[M::mem_pestat] analyzing insert size distribution for orientation RR...
[M::mem_pestat] (25, 50, 75) percentile: (570, 897, 1494)
[M::mem_pestat] low and high boundaries for computing mean and std.dev: (1, 3342)
[M::mem_pestat] mean and std.dev: (1023.04, 671.82)
[M::mem_pestat] low and high boundaries for proper pairs: (1, 4266)
[M::mem_pestat] skip orientation FF
[M::mem_pestat] skip orientation RF
[M::mem_pestat] skip orientation RR
[M::mem_process_seqs] Processed 252304 reads in 493.328 CPU sec, 123.487 real sec
[main] Version: 0.7.17-r1188
[main] CMD: bwa mem -t 4 -a /mnt/raid6/bacphagenetwork/data/bwa_index/Homo_sapiens.GRCh38.dna.toplevel.fa /mnt/raid6/bacphagenetwork/data/skin_metagenome/Beijing/02_rm_host/BJ073_1.fastq.gz /mnt/raid6/bacphagenetwork/data/skin_metagenome/Beijing/02_rm_host/BJ073_2.fastq.gz
[main] Real time: 6457.884 sec; CPU: 25773.579 sec
