/home/bacphagenetwork/.bashrc: line 15: Custom: command not found
[M::bwa_idx_load_from_disk] read 0 ALT contigs
[M::process] read 266668 sequences (40000200 bp)...
[M::process] read 266668 sequences (40000200 bp)...
[M::mem_pestat] # candidate unique pairs for (FF, FR, RF, RR): (54, 58463, 8, 54)
[M::mem_pestat] analyzing insert size distribution for orientation FF...
[M::mem_pestat] (25, 50, 75) percentile: (195, 740, 1539)
[M::mem_pestat] low and high boundaries for computing mean and std.dev: (1, 4227)
[M::mem_pestat] mean and std.dev: (927.53, 926.57)
[M::mem_pestat] low and high boundaries for proper pairs: (1, 5571)
[M::mem_pestat] analyzing insert size distribution for orientation FR...
[M::mem_pestat] (25, 50, 75) percentile: (509, 526, 553)
[M::mem_pestat] low and high boundaries for computing mean and std.dev: (421, 641)
[M::mem_pestat] mean and std.dev: (535.24, 32.11)
[M::mem_pestat] low and high boundaries for proper pairs: (377, 685)
[M::mem_pestat] skip orientation RF as there are not enough pairs
[M::mem_pestat] analyzing insert size distribution for orientation RR...
[M::mem_pestat] (25, 50, 75) percentile: (1102, 1612, 2426)
[M::mem_pestat] low and high boundaries for computing mean and std.dev: (1, 5074)
[M::mem_pestat] mean and std.dev: (1756.33, 933.21)
[M::mem_pestat] low and high boundaries for proper pairs: (1, 6398)
[M::mem_pestat] skip orientation FF
[M::mem_pestat] skip orientation RR
[M::mem_process_seqs] Processed 266668 reads in 459.223 CPU sec, 115.215 real sec
[M::process] read 266668 sequences (40000200 bp)...
[M::mem_pestat] # candidate unique pairs for (FF, FR, RF, RR): (43, 57997, 8, 50)
[M::mem_pestat] analyzing insert size distribution for orientation FF...
[M::mem_pestat] (25, 50, 75) percentile: (398, 951, 1556)
[M::mem_pestat] low and high boundaries for computing mean and std.dev: (1, 3872)
[M::mem_pestat] mean and std.dev: (957.08, 861.58)
[M::mem_pestat] low and high boundaries for proper pairs: (1, 5030)
[M::mem_pestat] analyzing insert size distribution for orientation FR...
[M::mem_pestat] (25, 50, 75) percentile: (509, 525, 552)
[M::mem_pestat] low and high boundaries for computing mean and std.dev: (423, 638)
[M::mem_pestat] mean and std.dev: (534.61, 31.71)
[M::mem_pestat] low and high boundaries for proper pairs: (380, 681)
[M::mem_pestat] skip orientation RF as there are not enough pairs
[M::mem_pestat] analyzing insert size distribution for orientation RR...
[M::mem_pestat] (25, 50, 75) percentile: (755, 1447, 2392)
[M::mem_pestat] low and high boundaries for computing mean and std.dev: (1, 5666)
[M::mem_pestat] mean and std.dev: (1480.93, 1140.93)
[M::mem_pestat] low and high boundaries for proper pairs: (1, 7303)
[M::mem_pestat] skip orientation FF
[M::mem_pestat] skip orientation RR
[M::mem_process_seqs] Processed 266668 reads in 463.767 CPU sec, 116.150 real sec
[M::process] read 266668 sequences (40000200 bp)...
[M::mem_pestat] # candidate unique pairs for (FF, FR, RF, RR): (56, 58330, 10, 37)
[M::mem_pestat] analyzing insert size distribution for orientation FF...
[M::mem_pestat] (25, 50, 75) percentile: (590, 1062, 2141)
[M::mem_pestat] low and high boundaries for computing mean and std.dev: (1, 5243)
[M::mem_pestat] mean and std.dev: (1350.34, 1116.19)
[M::mem_pestat] low and high boundaries for proper pairs: (1, 6794)
[M::mem_pestat] analyzing insert size distribution for orientation FR...
[M::mem_pestat] (25, 50, 75) percentile: (509, 525, 553)
[M::mem_pestat] low and high boundaries for computing mean and std.dev: (421, 641)
[M::mem_pestat] mean and std.dev: (535.22, 32.08)
[M::mem_pestat] low and high boundaries for proper pairs: (377, 685)
[M::mem_pestat] analyzing insert size distribution for orientation RF...
[M::mem_pestat] (25, 50, 75) percentile: (422, 2420, 3556)
[M::mem_pestat] low and high boundaries for computing mean and std.dev: (1, 9824)
[M::mem_pestat] mean and std.dev: (2595.60, 2510.74)
[M::mem_pestat] low and high boundaries for proper pairs: (1, 12958)
[M::mem_pestat] analyzing insert size distribution for orientation RR...
[M::mem_pestat] (25, 50, 75) percentile: (1111, 1693, 2433)
[M::mem_pestat] low and high boundaries for computing mean and std.dev: (1, 5077)
[M::mem_pestat] mean and std.dev: (1737.53, 1042.32)
[M::mem_pestat] low and high boundaries for proper pairs: (1, 6399)
[M::mem_pestat] skip orientation FF
[M::mem_pestat] skip orientation RF
[M::mem_pestat] skip orientation RR
[M::mem_process_seqs] Processed 266668 reads in 465.380 CPU sec, 116.544 real sec
[M::process] read 266668 sequences (40000200 bp)...
[M::mem_pestat] # candidate unique pairs for (FF, FR, RF, RR): (50, 58038, 6, 50)
[M::mem_pestat] analyzing insert size distribution for orientation FF...
[M::mem_pestat] (25, 50, 75) percentile: (740, 1118, 1902)
[M::mem_pestat] low and high boundaries for computing mean and std.dev: (1, 4226)
[M::mem_pestat] mean and std.dev: (1185.74, 831.16)
[M::mem_pestat] low and high boundaries for proper pairs: (1, 5388)
[M::mem_pestat] analyzing insert size distribution for orientation FR...
[M::mem_pestat] (25, 50, 75) percentile: (509, 526, 553)
[M::mem_pestat] low and high boundaries for computing mean and std.dev: (421, 641)
[M::mem_pestat] mean and std.dev: (535.38, 32.42)
[M::mem_pestat] low and high boundaries for proper pairs: (377, 685)
[M::mem_pestat] skip orientation RF as there are not enough pairs
[M::mem_pestat] analyzing insert size distribution for orientation RR...
[M::mem_pestat] (25, 50, 75) percentile: (821, 1170, 1838)
[M::mem_pestat] low and high boundaries for computing mean and std.dev: (1, 3872)
[M::mem_pestat] mean and std.dev: (1208.67, 720.53)
[M::mem_pestat] low and high boundaries for proper pairs: (1, 4889)
[M::mem_pestat] skip orientation FF
[M::mem_pestat] skip orientation RR
[M::mem_process_seqs] Processed 266668 reads in 462.543 CPU sec, 115.845 real sec
[M::process] read 266668 sequences (40000200 bp)...
[M::mem_pestat] # candidate unique pairs for (FF, FR, RF, RR): (42, 57971, 12, 40)
[M::mem_pestat] analyzing insert size distribution for orientation FF...
[M::mem_pestat] (25, 50, 75) percentile: (399, 948, 1876)
[M::mem_pestat] low and high boundaries for computing mean and std.dev: (1, 4830)
[M::mem_pestat] mean and std.dev: (1174.72, 1057.61)
[M::mem_pestat] low and high boundaries for proper pairs: (1, 6307)
[M::mem_pestat] analyzing insert size distribution for orientation FR...
[M::mem_pestat] (25, 50, 75) percentile: (509, 525, 553)
[M::mem_pestat] low and high boundaries for computing mean and std.dev: (421, 641)
[M::mem_pestat] mean and std.dev: (535.18, 32.19)
[M::mem_pestat] low and high boundaries for proper pairs: (377, 685)
[M::mem_pestat] analyzing insert size distribution for orientation RF...
[M::mem_pestat] (25, 50, 75) percentile: (729, 1734, 5908)
[M::mem_pestat] low and high boundaries for computing mean and std.dev: (1, 16266)
[M::mem_pestat] mean and std.dev: (2845.25, 2853.46)
[M::mem_pestat] low and high boundaries for proper pairs: (1, 21445)
[M::mem_pestat] analyzing insert size distribution for orientation RR...
[M::mem_pestat] (25, 50, 75) percentile: (796, 1621, 3843)
[M::mem_pestat] low and high boundaries for computing mean and std.dev: (1, 9937)
[M::mem_pestat] mean and std.dev: (2598.22, 2388.03)
[M::mem_pestat] low and high boundaries for proper pairs: (1, 12984)
[M::mem_pestat] skip orientation FF
[M::mem_pestat] skip orientation RF
[M::mem_pestat] skip orientation RR
[M::mem_process_seqs] Processed 266668 reads in 457.872 CPU sec, 114.654 real sec
[M::process] read 266668 sequences (40000200 bp)...
[M::mem_pestat] # candidate unique pairs for (FF, FR, RF, RR): (43, 58499, 8, 42)
[M::mem_pestat] analyzing insert size distribution for orientation FF...
[M::mem_pestat] (25, 50, 75) percentile: (578, 897, 2112)
[M::mem_pestat] low and high boundaries for computing mean and std.dev: (1, 5180)
[M::mem_pestat] mean and std.dev: (1339.29, 1186.03)
[M::mem_pestat] low and high boundaries for proper pairs: (1, 6714)
[M::mem_pestat] analyzing insert size distribution for orientation FR...
[M::mem_pestat] (25, 50, 75) percentile: (509, 526, 553)
[M::mem_pestat] low and high boundaries for computing mean and std.dev: (421, 641)
[M::mem_pestat] mean and std.dev: (535.19, 32.09)
[M::mem_pestat] low and high boundaries for proper pairs: (377, 685)
[M::mem_pestat] skip orientation RF as there are not enough pairs
[M::mem_pestat] analyzing insert size distribution for orientation RR...
[M::mem_pestat] (25, 50, 75) percentile: (772, 1312, 2566)
[M::mem_pestat] low and high boundaries for computing mean and std.dev: (1, 6154)
[M::mem_pestat] mean and std.dev: (1613.49, 1254.34)
[M::mem_pestat] low and high boundaries for proper pairs: (1, 7948)
[M::mem_pestat] skip orientation FF
[M::mem_pestat] skip orientation RR
[M::mem_process_seqs] Processed 266668 reads in 441.617 CPU sec, 110.591 real sec
[M::process] read 266668 sequences (40000200 bp)...
[M::mem_pestat] # candidate unique pairs for (FF, FR, RF, RR): (43, 58741, 7, 47)
[M::mem_pestat] analyzing insert size distribution for orientation FF...
[M::mem_pestat] (25, 50, 75) percentile: (311, 1047, 1965)
[M::mem_pestat] low and high boundaries for computing mean and std.dev: (1, 5273)
[M::mem_pestat] mean and std.dev: (1170.40, 903.39)
[M::mem_pestat] low and high boundaries for proper pairs: (1, 6927)
[M::mem_pestat] analyzing insert size distribution for orientation FR...
[M::mem_pestat] (25, 50, 75) percentile: (509, 526, 553)
[M::mem_pestat] low and high boundaries for computing mean and std.dev: (421, 641)
[M::mem_pestat] mean and std.dev: (535.17, 32.15)
[M::mem_pestat] low and high boundaries for proper pairs: (377, 685)
[M::mem_pestat] skip orientation RF as there are not enough pairs
[M::mem_pestat] analyzing insert size distribution for orientation RR...
[M::mem_pestat] (25, 50, 75) percentile: (898, 1212, 2519)
[M::mem_pestat] low and high boundaries for computing mean and std.dev: (1, 5761)
[M::mem_pestat] mean and std.dev: (1672.85, 1283.27)
[M::mem_pestat] low and high boundaries for proper pairs: (1, 7382)
[M::mem_pestat] skip orientation FF
[M::mem_pestat] skip orientation RR
[M::mem_process_seqs] Processed 266668 reads in 461.143 CPU sec, 115.494 real sec
[M::process] read 266668 sequences (40000200 bp)...
[M::mem_pestat] # candidate unique pairs for (FF, FR, RF, RR): (51, 58667, 3, 50)
[M::mem_pestat] analyzing insert size distribution for orientation FF...
[M::mem_pestat] (25, 50, 75) percentile: (510, 916, 1635)
[M::mem_pestat] low and high boundaries for computing mean and std.dev: (1, 3885)
[M::mem_pestat] mean and std.dev: (1028.10, 775.07)
[M::mem_pestat] low and high boundaries for proper pairs: (1, 5010)
[M::mem_pestat] analyzing insert size distribution for orientation FR...
[M::mem_pestat] (25, 50, 75) percentile: (509, 526, 554)
[M::mem_pestat] low and high boundaries for computing mean and std.dev: (419, 644)
[M::mem_pestat] mean and std.dev: (535.55, 32.70)
[M::mem_pestat] low and high boundaries for proper pairs: (374, 689)
[M::mem_pestat] skip orientation RF as there are not enough pairs
[M::mem_pestat] analyzing insert size distribution for orientation RR...
[M::mem_pestat] (25, 50, 75) percentile: (979, 1479, 2506)
[M::mem_pestat] low and high boundaries for computing mean and std.dev: (1, 5560)
[M::mem_pestat] mean and std.dev: (1741.27, 1104.26)
[M::mem_pestat] low and high boundaries for proper pairs: (1, 7087)
[M::mem_pestat] skip orientation FF
[M::mem_pestat] skip orientation RR
[M::mem_process_seqs] Processed 266668 reads in 451.497 CPU sec, 113.124 real sec
[M::process] read 266668 sequences (40000200 bp)...
[M::mem_pestat] # candidate unique pairs for (FF, FR, RF, RR): (49, 58743, 16, 38)
[M::mem_pestat] analyzing insert size distribution for orientation FF...
[M::mem_pestat] (25, 50, 75) percentile: (515, 1365, 2535)
[M::mem_pestat] low and high boundaries for computing mean and std.dev: (1, 6575)
[M::mem_pestat] mean and std.dev: (1665.17, 1497.22)
[M::mem_pestat] low and high boundaries for proper pairs: (1, 8595)
[M::mem_pestat] analyzing insert size distribution for orientation FR...
[M::mem_pestat] (25, 50, 75) percentile: (509, 525, 553)
[M::mem_pestat] low and high boundaries for computing mean and std.dev: (421, 641)
[M::mem_pestat] mean and std.dev: (534.97, 32.15)
[M::mem_pestat] low and high boundaries for proper pairs: (377, 685)
[M::mem_pestat] analyzing insert size distribution for orientation RF...
[M::mem_pestat] (25, 50, 75) percentile: (346, 2551, 4071)
[M::mem_pestat] low and high boundaries for computing mean and std.dev: (1, 11521)
[M::mem_pestat] mean and std.dev: (3023.56, 3180.36)
[M::mem_pestat] low and high boundaries for proper pairs: (1, 15745)
[M::mem_pestat] analyzing insert size distribution for orientation RR...
[M::mem_pestat] (25, 50, 75) percentile: (634, 1218, 3150)
[M::mem_pestat] low and high boundaries for computing mean and std.dev: (1, 8182)
[M::mem_pestat] mean and std.dev: (1937.92, 1771.61)
[M::mem_pestat] low and high boundaries for proper pairs: (1, 10698)
[M::mem_pestat] skip orientation FF
[M::mem_pestat] skip orientation RF
[M::mem_pestat] skip orientation RR
[M::mem_process_seqs] Processed 266668 reads in 453.202 CPU sec, 113.500 real sec
[M::process] read 266668 sequences (40000200 bp)...
[M::mem_pestat] # candidate unique pairs for (FF, FR, RF, RR): (45, 58572, 7, 43)
[M::mem_pestat] analyzing insert size distribution for orientation FF...
[M::mem_pestat] (25, 50, 75) percentile: (388, 1105, 2008)
[M::mem_pestat] low and high boundaries for computing mean and std.dev: (1, 5248)
[M::mem_pestat] mean and std.dev: (1253.16, 933.21)
[M::mem_pestat] low and high boundaries for proper pairs: (1, 6868)
[M::mem_pestat] analyzing insert size distribution for orientation FR...
[M::mem_pestat] (25, 50, 75) percentile: (509, 525, 554)
[M::mem_pestat] low and high boundaries for computing mean and std.dev: (419, 644)
[M::mem_pestat] mean and std.dev: (535.52, 32.83)
[M::mem_pestat] low and high boundaries for proper pairs: (374, 689)
[M::mem_pestat] skip orientation RF as there are not enough pairs
[M::mem_pestat] analyzing insert size distribution for orientation RR...
[M::mem_pestat] (25, 50, 75) percentile: (941, 1389, 2121)
[M::mem_pestat] low and high boundaries for computing mean and std.dev: (1, 4481)
[M::mem_pestat] mean and std.dev: (1516.86, 864.76)
[M::mem_pestat] low and high boundaries for proper pairs: (1, 5661)
[M::mem_pestat] skip orientation FF
[M::mem_pestat] skip orientation RR
[M::mem_process_seqs] Processed 266668 reads in 444.784 CPU sec, 111.441 real sec
[M::process] read 266668 sequences (40000200 bp)...
[M::mem_pestat] # candidate unique pairs for (FF, FR, RF, RR): (58, 58865, 10, 42)
[M::mem_pestat] analyzing insert size distribution for orientation FF...
[M::mem_pestat] (25, 50, 75) percentile: (323, 797, 1560)
[M::mem_pestat] low and high boundaries for computing mean and std.dev: (1, 4034)
[M::mem_pestat] mean and std.dev: (1031.73, 910.38)
[M::mem_pestat] low and high boundaries for proper pairs: (1, 5271)
[M::mem_pestat] analyzing insert size distribution for orientation FR...
[M::mem_pestat] (25, 50, 75) percentile: (509, 526, 554)
[M::mem_pestat] low and high boundaries for computing mean and std.dev: (419, 644)
[M::mem_pestat] mean and std.dev: (535.45, 32.64)
[M::mem_pestat] low and high boundaries for proper pairs: (374, 689)
[M::mem_pestat] analyzing insert size distribution for orientation RF...
[M::mem_pestat] (25, 50, 75) percentile: (379, 1424, 4911)
[M::mem_pestat] low and high boundaries for computing mean and std.dev: (1, 13975)
[M::mem_pestat] mean and std.dev: (2528.40, 2920.91)
[M::mem_pestat] low and high boundaries for proper pairs: (1, 18507)
[M::mem_pestat] analyzing insert size distribution for orientation RR...
[M::mem_pestat] (25, 50, 75) percentile: (1013, 1266, 2414)
[M::mem_pestat] low and high boundaries for computing mean and std.dev: (1, 5216)
[M::mem_pestat] mean and std.dev: (1648.58, 1092.93)
[M::mem_pestat] low and high boundaries for proper pairs: (1, 6617)
[M::mem_pestat] skip orientation FF
[M::mem_pestat] skip orientation RF
[M::mem_pestat] skip orientation RR
[M::mem_process_seqs] Processed 266668 reads in 446.082 CPU sec, 111.707 real sec
[M::process] read 266668 sequences (40000200 bp)...
[M::mem_pestat] # candidate unique pairs for (FF, FR, RF, RR): (44, 58895, 7, 50)
[M::mem_pestat] analyzing insert size distribution for orientation FF...
[M::mem_pestat] (25, 50, 75) percentile: (452, 1142, 1790)
[M::mem_pestat] low and high boundaries for computing mean and std.dev: (1, 4466)
[M::mem_pestat] mean and std.dev: (1200.80, 926.75)
[M::mem_pestat] low and high boundaries for proper pairs: (1, 5804)
[M::mem_pestat] analyzing insert size distribution for orientation FR...
[M::mem_pestat] (25, 50, 75) percentile: (509, 525, 554)
[M::mem_pestat] low and high boundaries for computing mean and std.dev: (419, 644)
[M::mem_pestat] mean and std.dev: (535.35, 32.57)
[M::mem_pestat] low and high boundaries for proper pairs: (374, 689)
[M::mem_pestat] skip orientation RF as there are not enough pairs
[M::mem_pestat] analyzing insert size distribution for orientation RR...
[M::mem_pestat] (25, 50, 75) percentile: (706, 1381, 2468)
[M::mem_pestat] low and high boundaries for computing mean and std.dev: (1, 5992)
[M::mem_pestat] mean and std.dev: (1640.51, 1264.58)
[M::mem_pestat] low and high boundaries for proper pairs: (1, 7754)
[M::mem_pestat] skip orientation FF
[M::mem_pestat] skip orientation RR
[M::mem_process_seqs] Processed 266668 reads in 444.518 CPU sec, 111.369 real sec
[M::process] read 266668 sequences (40000200 bp)...
[M::mem_pestat] # candidate unique pairs for (FF, FR, RF, RR): (46, 58652, 10, 47)
[M::mem_pestat] analyzing insert size distribution for orientation FF...
[M::mem_pestat] (25, 50, 75) percentile: (353, 930, 1419)
[M::mem_pestat] low and high boundaries for computing mean and std.dev: (1, 3551)
[M::mem_pestat] mean and std.dev: (925.93, 777.71)
[M::mem_pestat] low and high boundaries for proper pairs: (1, 4617)
[M::mem_pestat] analyzing insert size distribution for orientation FR...
[M::mem_pestat] (25, 50, 75) percentile: (509, 526, 554)
[M::mem_pestat] low and high boundaries for computing mean and std.dev: (419, 644)
[M::mem_pestat] mean and std.dev: (535.48, 32.59)
[M::mem_pestat] low and high boundaries for proper pairs: (374, 689)
[M::mem_pestat] analyzing insert size distribution for orientation RF...
[M::mem_pestat] (25, 50, 75) percentile: (264, 725, 1369)
[M::mem_pestat] low and high boundaries for computing mean and std.dev: (1, 3579)
[M::mem_pestat] mean and std.dev: (910.22, 1015.72)
[M::mem_pestat] low and high boundaries for proper pairs: (1, 4973)
[M::mem_pestat] analyzing insert size distribution for orientation RR...
[M::mem_pestat] (25, 50, 75) percentile: (787, 1178, 2713)
[M::mem_pestat] low and high boundaries for computing mean and std.dev: (1, 6565)
[M::mem_pestat] mean and std.dev: (1648.80, 1536.23)
[M::mem_pestat] low and high boundaries for proper pairs: (1, 8491)
[M::mem_pestat] skip orientation FF
[M::mem_pestat] skip orientation RF
[M::mem_pestat] skip orientation RR
[M::mem_process_seqs] Processed 266668 reads in 446.905 CPU sec, 111.959 real sec
[M::process] read 266668 sequences (40000200 bp)...
[M::mem_pestat] # candidate unique pairs for (FF, FR, RF, RR): (47, 58541, 8, 49)
[M::mem_pestat] analyzing insert size distribution for orientation FF...
[M::mem_pestat] (25, 50, 75) percentile: (366, 905, 2086)
[M::mem_pestat] low and high boundaries for computing mean and std.dev: (1, 5526)
[M::mem_pestat] mean and std.dev: (1250.80, 1162.37)
[M::mem_pestat] low and high boundaries for proper pairs: (1, 7246)
[M::mem_pestat] analyzing insert size distribution for orientation FR...
[M::mem_pestat] (25, 50, 75) percentile: (509, 525, 553)
[M::mem_pestat] low and high boundaries for computing mean and std.dev: (421, 641)
[M::mem_pestat] mean and std.dev: (535.29, 32.16)
[M::mem_pestat] low and high boundaries for proper pairs: (377, 685)
[M::mem_pestat] skip orientation RF as there are not enough pairs
[M::mem_pestat] analyzing insert size distribution for orientation RR...
[M::mem_pestat] (25, 50, 75) percentile: (787, 1458, 2219)
[M::mem_pestat] low and high boundaries for computing mean and std.dev: (1, 5083)
[M::mem_pestat] mean and std.dev: (1409.37, 860.72)
[M::mem_pestat] low and high boundaries for proper pairs: (1, 6515)
[M::mem_pestat] skip orientation FF
[M::mem_pestat] skip orientation RR
[M::mem_process_seqs] Processed 266668 reads in 437.372 CPU sec, 109.558 real sec
[M::process] read 266668 sequences (40000200 bp)...
[M::mem_pestat] # candidate unique pairs for (FF, FR, RF, RR): (48, 58624, 7, 37)
[M::mem_pestat] analyzing insert size distribution for orientation FF...
[M::mem_pestat] (25, 50, 75) percentile: (454, 1349, 2177)
[M::mem_pestat] low and high boundaries for computing mean and std.dev: (1, 5623)
[M::mem_pestat] mean and std.dev: (1363.07, 1270.02)
[M::mem_pestat] low and high boundaries for proper pairs: (1, 7346)
[M::mem_pestat] analyzing insert size distribution for orientation FR...
[M::mem_pestat] (25, 50, 75) percentile: (509, 526, 554)
[M::mem_pestat] low and high boundaries for computing mean and std.dev: (419, 644)
[M::mem_pestat] mean and std.dev: (535.52, 32.77)
[M::mem_pestat] low and high boundaries for proper pairs: (374, 689)
[M::mem_pestat] skip orientation RF as there are not enough pairs
[M::mem_pestat] analyzing insert size distribution for orientation RR...
[M::mem_pestat] (25, 50, 75) percentile: (891, 2005, 2635)
[M::mem_pestat] low and high boundaries for computing mean and std.dev: (1, 6123)
[M::mem_pestat] mean and std.dev: (1907.09, 1352.21)
[M::mem_pestat] low and high boundaries for proper pairs: (1, 7867)
[M::mem_pestat] skip orientation FF
[M::mem_pestat] skip orientation RR
[M::mem_process_seqs] Processed 266668 reads in 446.440 CPU sec, 111.828 real sec
[M::process] read 266668 sequences (40000200 bp)...
[M::mem_pestat] # candidate unique pairs for (FF, FR, RF, RR): (63, 58596, 5, 41)
[M::mem_pestat] analyzing insert size distribution for orientation FF...
[M::mem_pestat] (25, 50, 75) percentile: (309, 857, 1579)
[M::mem_pestat] low and high boundaries for computing mean and std.dev: (1, 4119)
[M::mem_pestat] mean and std.dev: (934.52, 717.87)
[M::mem_pestat] low and high boundaries for proper pairs: (1, 5389)
[M::mem_pestat] analyzing insert size distribution for orientation FR...
[M::mem_pestat] (25, 50, 75) percentile: (509, 526, 554)
[M::mem_pestat] low and high boundaries for computing mean and std.dev: (419, 644)
[M::mem_pestat] mean and std.dev: (535.61, 32.96)
[M::mem_pestat] low and high boundaries for proper pairs: (374, 689)
[M::mem_pestat] skip orientation RF as there are not enough pairs
[M::mem_pestat] analyzing insert size distribution for orientation RR...
[M::mem_pestat] (25, 50, 75) percentile: (878, 1224, 2067)
[M::mem_pestat] low and high boundaries for computing mean and std.dev: (1, 4445)
[M::mem_pestat] mean and std.dev: (1525.36, 1108.98)
[M::mem_pestat] low and high boundaries for proper pairs: (1, 5961)
[M::mem_pestat] skip orientation FF
[M::mem_pestat] skip orientation RR
[M::mem_process_seqs] Processed 266668 reads in 448.200 CPU sec, 112.265 real sec
[M::process] read 266668 sequences (40000200 bp)...
[M::mem_pestat] # candidate unique pairs for (FF, FR, RF, RR): (39, 58677, 6, 49)
[M::mem_pestat] analyzing insert size distribution for orientation FF...
[M::mem_pestat] (25, 50, 75) percentile: (778, 1132, 2015)
[M::mem_pestat] low and high boundaries for computing mean and std.dev: (1, 4489)
[M::mem_pestat] mean and std.dev: (1270.92, 844.83)
[M::mem_pestat] low and high boundaries for proper pairs: (1, 5726)
[M::mem_pestat] analyzing insert size distribution for orientation FR...
[M::mem_pestat] (25, 50, 75) percentile: (509, 526, 554)
[M::mem_pestat] low and high boundaries for computing mean and std.dev: (419, 644)
[M::mem_pestat] mean and std.dev: (535.51, 32.57)
[M::mem_pestat] low and high boundaries for proper pairs: (374, 689)
[M::mem_pestat] skip orientation RF as there are not enough pairs
[M::mem_pestat] analyzing insert size distribution for orientation RR...
[M::mem_pestat] (25, 50, 75) percentile: (758, 1143, 1685)
[M::mem_pestat] low and high boundaries for computing mean and std.dev: (1, 3539)
[M::mem_pestat] mean and std.dev: (1168.89, 717.85)
[M::mem_pestat] low and high boundaries for proper pairs: (1, 4466)
[M::mem_pestat] skip orientation FF
[M::mem_pestat] skip orientation RR
[M::mem_process_seqs] Processed 266668 reads in 445.811 CPU sec, 111.666 real sec
[M::process] read 266668 sequences (40000200 bp)...
[M::mem_pestat] # candidate unique pairs for (FF, FR, RF, RR): (52, 58657, 4, 45)
[M::mem_pestat] analyzing insert size distribution for orientation FF...
[M::mem_pestat] (25, 50, 75) percentile: (242, 820, 1689)
[M::mem_pestat] low and high boundaries for computing mean and std.dev: (1, 4583)
[M::mem_pestat] mean and std.dev: (1037.14, 934.52)
[M::mem_pestat] low and high boundaries for proper pairs: (1, 6030)
[M::mem_pestat] analyzing insert size distribution for orientation FR...
[M::mem_pestat] (25, 50, 75) percentile: (509, 526, 554)
[M::mem_pestat] low and high boundaries for computing mean and std.dev: (419, 644)
[M::mem_pestat] mean and std.dev: (535.67, 32.71)
[M::mem_pestat] low and high boundaries for proper pairs: (374, 689)
[M::mem_pestat] skip orientation RF as there are not enough pairs
[M::mem_pestat] analyzing insert size distribution for orientation RR...
[M::mem_pestat] (25, 50, 75) percentile: (882, 1306, 2380)
[M::mem_pestat] low and high boundaries for computing mean and std.dev: (1, 5376)
[M::mem_pestat] mean and std.dev: (1442.55, 839.86)
[M::mem_pestat] low and high boundaries for proper pairs: (1, 6874)
[M::mem_pestat] skip orientation FF
[M::mem_pestat] skip orientation RR
[M::mem_process_seqs] Processed 266668 reads in 448.790 CPU sec, 112.400 real sec
[M::process] read 266668 sequences (40000200 bp)...
[M::mem_pestat] # candidate unique pairs for (FF, FR, RF, RR): (42, 58739, 9, 56)
[M::mem_pestat] analyzing insert size distribution for orientation FF...
[M::mem_pestat] (25, 50, 75) percentile: (218, 875, 1903)
[M::mem_pestat] low and high boundaries for computing mean and std.dev: (1, 5273)
[M::mem_pestat] mean and std.dev: (1151.95, 1132.56)
[M::mem_pestat] low and high boundaries for proper pairs: (1, 6958)
[M::mem_pestat] analyzing insert size distribution for orientation FR...
[M::mem_pestat] (25, 50, 75) percentile: (509, 526, 554)
[M::mem_pestat] low and high boundaries for computing mean and std.dev: (419, 644)
[M::mem_pestat] mean and std.dev: (535.55, 32.75)
[M::mem_pestat] low and high boundaries for proper pairs: (374, 689)
[M::mem_pestat] skip orientation RF as there are not enough pairs
[M::mem_pestat] analyzing insert size distribution for orientation RR...
[M::mem_pestat] (25, 50, 75) percentile: (968, 1421, 2484)
[M::mem_pestat] low and high boundaries for computing mean and std.dev: (1, 5516)
[M::mem_pestat] mean and std.dev: (1408.73, 767.76)
[M::mem_pestat] low and high boundaries for proper pairs: (1, 7032)
[M::mem_pestat] skip orientation FF
[M::mem_pestat] skip orientation RR
[M::mem_process_seqs] Processed 266668 reads in 435.332 CPU sec, 109.045 real sec
[M::process] read 266668 sequences (40000200 bp)...
[M::mem_pestat] # candidate unique pairs for (FF, FR, RF, RR): (37, 58927, 5, 36)
[M::mem_pestat] analyzing insert size distribution for orientation FF...
[M::mem_pestat] (25, 50, 75) percentile: (519, 1105, 1705)
[M::mem_pestat] low and high boundaries for computing mean and std.dev: (1, 4077)
[M::mem_pestat] mean and std.dev: (1054.50, 703.27)
[M::mem_pestat] low and high boundaries for proper pairs: (1, 5263)
[M::mem_pestat] analyzing insert size distribution for orientation FR...
[M::mem_pestat] (25, 50, 75) percentile: (509, 526, 554)
[M::mem_pestat] low and high boundaries for computing mean and std.dev: (419, 644)
[M::mem_pestat] mean and std.dev: (535.66, 32.72)
[M::mem_pestat] low and high boundaries for proper pairs: (374, 689)
[M::mem_pestat] skip orientation RF as there are not enough pairs
[M::mem_pestat] analyzing insert size distribution for orientation RR...
[M::mem_pestat] (25, 50, 75) percentile: (950, 1235, 2888)
[M::mem_pestat] low and high boundaries for computing mean and std.dev: (1, 6764)
[M::mem_pestat] mean and std.dev: (1594.94, 1191.10)
[M::mem_pestat] low and high boundaries for proper pairs: (1, 8702)
[M::mem_pestat] skip orientation FF
[M::mem_pestat] skip orientation RR
[M::mem_process_seqs] Processed 266668 reads in 441.095 CPU sec, 110.474 real sec
[M::process] read 266668 sequences (40000200 bp)...
[M::mem_pestat] # candidate unique pairs for (FF, FR, RF, RR): (61, 59078, 9, 42)
[M::mem_pestat] analyzing insert size distribution for orientation FF...
[M::mem_pestat] (25, 50, 75) percentile: (207, 1012, 1966)
[M::mem_pestat] low and high boundaries for computing mean and std.dev: (1, 5484)
[M::mem_pestat] mean and std.dev: (1234.37, 1237.60)
[M::mem_pestat] low and high boundaries for proper pairs: (1, 7243)
[M::mem_pestat] analyzing insert size distribution for orientation FR...
[M::mem_pestat] (25, 50, 75) percentile: (509, 526, 554)
[M::mem_pestat] low and high boundaries for computing mean and std.dev: (419, 644)
[M::mem_pestat] mean and std.dev: (535.67, 32.88)
[M::mem_pestat] low and high boundaries for proper pairs: (374, 689)
[M::mem_pestat] skip orientation RF as there are not enough pairs
[M::mem_pestat] analyzing insert size distribution for orientation RR...
[M::mem_pestat] (25, 50, 75) percentile: (871, 1362, 3052)
[M::mem_pestat] low and high boundaries for computing mean and std.dev: (1, 7414)
[M::mem_pestat] mean and std.dev: (1981.40, 1544.48)
[M::mem_pestat] low and high boundaries for proper pairs: (1, 9595)
[M::mem_pestat] skip orientation FF
[M::mem_pestat] skip orientation RR
[M::mem_process_seqs] Processed 266668 reads in 436.646 CPU sec, 109.332 real sec
[M::process] read 266668 sequences (40000200 bp)...
[M::mem_pestat] # candidate unique pairs for (FF, FR, RF, RR): (48, 58734, 13, 40)
[M::mem_pestat] analyzing insert size distribution for orientation FF...
[M::mem_pestat] (25, 50, 75) percentile: (249, 822, 1842)
[M::mem_pestat] low and high boundaries for computing mean and std.dev: (1, 5028)
[M::mem_pestat] mean and std.dev: (1176.81, 1231.27)
[M::mem_pestat] low and high boundaries for proper pairs: (1, 6621)
[M::mem_pestat] analyzing insert size distribution for orientation FR...
[M::mem_pestat] (25, 50, 75) percentile: (509, 526, 554)
[M::mem_pestat] low and high boundaries for computing mean and std.dev: (419, 644)
[M::mem_pestat] mean and std.dev: (535.75, 32.75)
[M::mem_pestat] low and high boundaries for proper pairs: (374, 689)
[M::mem_pestat] analyzing insert size distribution for orientation RF...
[M::mem_pestat] (25, 50, 75) percentile: (710, 3040, 7211)
[M::mem_pestat] low and high boundaries for computing mean and std.dev: (1, 20213)
[M::mem_pestat] mean and std.dev: (3391.08, 2691.83)
[M::mem_pestat] low and high boundaries for proper pairs: (1, 26714)
[M::mem_pestat] analyzing insert size distribution for orientation RR...
[M::mem_pestat] (25, 50, 75) percentile: (698, 1111, 1920)
[M::mem_pestat] low and high boundaries for computing mean and std.dev: (1, 4364)
[M::mem_pestat] mean and std.dev: (1158.36, 851.93)
[M::mem_pestat] low and high boundaries for proper pairs: (1, 5586)
[M::mem_pestat] skip orientation FF
[M::mem_pestat] skip orientation RF
[M::mem_pestat] skip orientation RR
[M::mem_process_seqs] Processed 266668 reads in 439.097 CPU sec, 109.968 real sec
[M::process] read 266668 sequences (40000200 bp)...
[M::mem_pestat] # candidate unique pairs for (FF, FR, RF, RR): (43, 58985, 6, 41)
[M::mem_pestat] analyzing insert size distribution for orientation FF...
[M::mem_pestat] (25, 50, 75) percentile: (285, 826, 1951)
[M::mem_pestat] low and high boundaries for computing mean and std.dev: (1, 5283)
[M::mem_pestat] mean and std.dev: (1268.50, 1226.26)
[M::mem_pestat] low and high boundaries for proper pairs: (1, 6949)
[M::mem_pestat] analyzing insert size distribution for orientation FR...
[M::mem_pestat] (25, 50, 75) percentile: (509, 526, 555)
[M::mem_pestat] low and high boundaries for computing mean and std.dev: (417, 647)
[M::mem_pestat] mean and std.dev: (536.05, 33.23)
[M::mem_pestat] low and high boundaries for proper pairs: (371, 693)
[M::mem_pestat] skip orientation RF as there are not enough pairs
[M::mem_pestat] analyzing insert size distribution for orientation RR...
[M::mem_pestat] (25, 50, 75) percentile: (1041, 1380, 2416)
[M::mem_pestat] low and high boundaries for computing mean and std.dev: (1, 5166)
[M::mem_pestat] mean and std.dev: (1655.50, 962.89)
[M::mem_pestat] low and high boundaries for proper pairs: (1, 6541)
[M::mem_pestat] skip orientation FF
[M::mem_pestat] skip orientation RR
[M::mem_process_seqs] Processed 266668 reads in 439.100 CPU sec, 109.963 real sec
[M::process] read 266668 sequences (40000200 bp)...
[M::mem_pestat] # candidate unique pairs for (FF, FR, RF, RR): (42, 59420, 5, 49)
[M::mem_pestat] analyzing insert size distribution for orientation FF...
[M::mem_pestat] (25, 50, 75) percentile: (231, 1042, 1770)
[M::mem_pestat] low and high boundaries for computing mean and std.dev: (1, 4848)
[M::mem_pestat] mean and std.dev: (1138.62, 959.10)
[M::mem_pestat] low and high boundaries for proper pairs: (1, 6387)
[M::mem_pestat] analyzing insert size distribution for orientation FR...
[M::mem_pestat] (25, 50, 75) percentile: (509, 526, 554)
[M::mem_pestat] low and high boundaries for computing mean and std.dev: (419, 644)
[M::mem_pestat] mean and std.dev: (535.77, 32.88)
[M::mem_pestat] low and high boundaries for proper pairs: (374, 689)
[M::mem_pestat] skip orientation RF as there are not enough pairs
[M::mem_pestat] analyzing insert size distribution for orientation RR...
[M::mem_pestat] (25, 50, 75) percentile: (952, 1226, 2170)
[M::mem_pestat] low and high boundaries for computing mean and std.dev: (1, 4606)
[M::mem_pestat] mean and std.dev: (1424.04, 834.22)
[M::mem_pestat] low and high boundaries for proper pairs: (1, 5824)
[M::mem_pestat] skip orientation FF
[M::mem_pestat] skip orientation RR
[M::mem_process_seqs] Processed 266668 reads in 435.010 CPU sec, 108.993 real sec
[M::process] read 266668 sequences (40000200 bp)...
[M::mem_pestat] # candidate unique pairs for (FF, FR, RF, RR): (36, 58777, 10, 32)
[M::mem_pestat] analyzing insert size distribution for orientation FF...
[M::mem_pestat] (25, 50, 75) percentile: (272, 1131, 2556)
[M::mem_pestat] low and high boundaries for computing mean and std.dev: (1, 7124)
[M::mem_pestat] mean and std.dev: (1502.09, 1474.72)
[M::mem_pestat] low and high boundaries for proper pairs: (1, 9408)
[M::mem_pestat] analyzing insert size distribution for orientation FR...
[M::mem_pestat] (25, 50, 75) percentile: (509, 526, 554)
[M::mem_pestat] low and high boundaries for computing mean and std.dev: (419, 644)
[M::mem_pestat] mean and std.dev: (535.60, 32.62)
[M::mem_pestat] low and high boundaries for proper pairs: (374, 689)
[M::mem_pestat] analyzing insert size distribution for orientation RF...
[M::mem_pestat] (25, 50, 75) percentile: (360, 2825, 3881)
[M::mem_pestat] low and high boundaries for computing mean and std.dev: (1, 10923)
[M::mem_pestat] mean and std.dev: (2726.10, 2082.92)
[M::mem_pestat] low and high boundaries for proper pairs: (1, 14444)
[M::mem_pestat] analyzing insert size distribution for orientation RR...
[M::mem_pestat] (25, 50, 75) percentile: (956, 1726, 3148)
[M::mem_pestat] low and high boundaries for computing mean and std.dev: (1, 7532)
[M::mem_pestat] mean and std.dev: (2053.87, 1525.41)
[M::mem_pestat] low and high boundaries for proper pairs: (1, 9724)
[M::mem_pestat] skip orientation FF
[M::mem_pestat] skip orientation RF
[M::mem_pestat] skip orientation RR
[M::mem_process_seqs] Processed 266668 reads in 439.546 CPU sec, 110.143 real sec
[M::process] read 266668 sequences (40000200 bp)...
[M::mem_pestat] # candidate unique pairs for (FF, FR, RF, RR): (42, 58969, 5, 36)
[M::mem_pestat] analyzing insert size distribution for orientation FF...
[M::mem_pestat] (25, 50, 75) percentile: (437, 1017, 1303)
[M::mem_pestat] low and high boundaries for computing mean and std.dev: (1, 3035)
[M::mem_pestat] mean and std.dev: (972.48, 684.68)
[M::mem_pestat] low and high boundaries for proper pairs: (1, 3901)
[M::mem_pestat] analyzing insert size distribution for orientation FR...
[M::mem_pestat] (25, 50, 75) percentile: (509, 525, 554)
[M::mem_pestat] low and high boundaries for computing mean and std.dev: (419, 644)
[M::mem_pestat] mean and std.dev: (535.33, 32.56)
[M::mem_pestat] low and high boundaries for proper pairs: (374, 689)
[M::mem_pestat] skip orientation RF as there are not enough pairs
[M::mem_pestat] analyzing insert size distribution for orientation RR...
[M::mem_pestat] (25, 50, 75) percentile: (1202, 1934, 2581)
[M::mem_pestat] low and high boundaries for computing mean and std.dev: (1, 5339)
[M::mem_pestat] mean and std.dev: (1872.33, 985.17)
[M::mem_pestat] low and high boundaries for proper pairs: (1, 6718)
[M::mem_pestat] skip orientation FF
[M::mem_pestat] skip orientation RR
[M::mem_process_seqs] Processed 266668 reads in 435.091 CPU sec, 108.976 real sec
[M::process] read 266668 sequences (40000200 bp)...
[M::mem_pestat] # candidate unique pairs for (FF, FR, RF, RR): (60, 58852, 6, 39)
[M::mem_pestat] analyzing insert size distribution for orientation FF...
[M::mem_pestat] (25, 50, 75) percentile: (233, 887, 1704)
[M::mem_pestat] low and high boundaries for computing mean and std.dev: (1, 4646)
[M::mem_pestat] mean and std.dev: (1050.98, 1027.23)
[M::mem_pestat] low and high boundaries for proper pairs: (1, 6117)
[M::mem_pestat] analyzing insert size distribution for orientation FR...
[M::mem_pestat] (25, 50, 75) percentile: (509, 526, 554)
[M::mem_pestat] low and high boundaries for computing mean and std.dev: (419, 644)
[M::mem_pestat] mean and std.dev: (535.85, 32.83)
[M::mem_pestat] low and high boundaries for proper pairs: (374, 689)
[M::mem_pestat] skip orientation RF as there are not enough pairs
[M::mem_pestat] analyzing insert size distribution for orientation RR...
[M::mem_pestat] (25, 50, 75) percentile: (998, 1333, 1958)
[M::mem_pestat] low and high boundaries for computing mean and std.dev: (1, 3878)
[M::mem_pestat] mean and std.dev: (1374.26, 720.91)
[M::mem_pestat] low and high boundaries for proper pairs: (1, 4838)
[M::mem_pestat] skip orientation FF
[M::mem_pestat] skip orientation RR
[M::mem_process_seqs] Processed 266668 reads in 445.881 CPU sec, 111.788 real sec
[M::process] read 266668 sequences (40000200 bp)...
[M::mem_pestat] # candidate unique pairs for (FF, FR, RF, RR): (47, 58862, 9, 42)
[M::mem_pestat] analyzing insert size distribution for orientation FF...
[M::mem_pestat] (25, 50, 75) percentile: (238, 900, 2355)
[M::mem_pestat] low and high boundaries for computing mean and std.dev: (1, 6589)
[M::mem_pestat] mean and std.dev: (1441.43, 1679.87)
[M::mem_pestat] low and high boundaries for proper pairs: (1, 8706)
[M::mem_pestat] analyzing insert size distribution for orientation FR...
[M::mem_pestat] (25, 50, 75) percentile: (509, 526, 554)
[M::mem_pestat] low and high boundaries for computing mean and std.dev: (419, 644)
[M::mem_pestat] mean and std.dev: (535.91, 32.85)
[M::mem_pestat] low and high boundaries for proper pairs: (374, 689)
[M::mem_pestat] skip orientation RF as there are not enough pairs
[M::mem_pestat] analyzing insert size distribution for orientation RR...
[M::mem_pestat] (25, 50, 75) percentile: (754, 1189, 1698)
[M::mem_pestat] low and high boundaries for computing mean and std.dev: (1, 3586)
[M::mem_pestat] mean and std.dev: (1375.93, 942.22)
[M::mem_pestat] low and high boundaries for proper pairs: (1, 5145)
[M::mem_pestat] skip orientation FF
[M::mem_pestat] skip orientation RR
[M::mem_process_seqs] Processed 266668 reads in 440.338 CPU sec, 110.282 real sec
[M::process] read 266668 sequences (40000200 bp)...
[M::mem_pestat] # candidate unique pairs for (FF, FR, RF, RR): (40, 59395, 9, 47)
[M::mem_pestat] analyzing insert size distribution for orientation FF...
[M::mem_pestat] (25, 50, 75) percentile: (527, 1248, 2019)
[M::mem_pestat] low and high boundaries for computing mean and std.dev: (1, 5003)
[M::mem_pestat] mean and std.dev: (1283.39, 1012.67)
[M::mem_pestat] low and high boundaries for proper pairs: (1, 6495)
[M::mem_pestat] analyzing insert size distribution for orientation FR...
[M::mem_pestat] (25, 50, 75) percentile: (509, 526, 554)
[M::mem_pestat] low and high boundaries for computing mean and std.dev: (419, 644)
[M::mem_pestat] mean and std.dev: (535.65, 32.62)
[M::mem_pestat] low and high boundaries for proper pairs: (374, 689)
[M::mem_pestat] skip orientation RF as there are not enough pairs
[M::mem_pestat] analyzing insert size distribution for orientation RR...
[M::mem_pestat] (25, 50, 75) percentile: (631, 1187, 1743)
[M::mem_pestat] low and high boundaries for computing mean and std.dev: (1, 3967)
[M::mem_pestat] mean and std.dev: (1229.13, 774.87)
[M::mem_pestat] low and high boundaries for proper pairs: (1, 5079)
[M::mem_pestat] skip orientation FF
[M::mem_pestat] skip orientation RR
[M::mem_process_seqs] Processed 266668 reads in 431.396 CPU sec, 108.075 real sec
[M::process] read 266668 sequences (40000200 bp)...
[M::mem_pestat] # candidate unique pairs for (FF, FR, RF, RR): (47, 59162, 9, 37)
[M::mem_pestat] analyzing insert size distribution for orientation FF...
[M::mem_pestat] (25, 50, 75) percentile: (398, 774, 1435)
[M::mem_pestat] low and high boundaries for computing mean and std.dev: (1, 3509)
[M::mem_pestat] mean and std.dev: (1054.16, 878.14)
[M::mem_pestat] low and high boundaries for proper pairs: (1, 4567)
[M::mem_pestat] analyzing insert size distribution for orientation FR...
[M::mem_pestat] (25, 50, 75) percentile: (509, 526, 554)
[M::mem_pestat] low and high boundaries for computing mean and std.dev: (419, 644)
[M::mem_pestat] mean and std.dev: (535.82, 32.79)
[M::mem_pestat] low and high boundaries for proper pairs: (374, 689)
[M::mem_pestat] skip orientation RF as there are not enough pairs
[M::mem_pestat] analyzing insert size distribution for orientation RR...
[M::mem_pestat] (25, 50, 75) percentile: (892, 1299, 2155)
[M::mem_pestat] low and high boundaries for computing mean and std.dev: (1, 4681)
[M::mem_pestat] mean and std.dev: (1477.71, 1016.52)
[M::mem_pestat] low and high boundaries for proper pairs: (1, 5944)
[M::mem_pestat] skip orientation FF
[M::mem_pestat] skip orientation RR
[M::mem_process_seqs] Processed 266668 reads in 436.424 CPU sec, 109.330 real sec
[M::process] read 266668 sequences (40000200 bp)...
[M::mem_pestat] # candidate unique pairs for (FF, FR, RF, RR): (40, 59306, 7, 35)
[M::mem_pestat] analyzing insert size distribution for orientation FF...
[M::mem_pestat] (25, 50, 75) percentile: (280, 953, 1479)
[M::mem_pestat] low and high boundaries for computing mean and std.dev: (1, 3877)
[M::mem_pestat] mean and std.dev: (910.54, 741.89)
[M::mem_pestat] low and high boundaries for proper pairs: (1, 5076)
[M::mem_pestat] analyzing insert size distribution for orientation FR...
[M::mem_pestat] (25, 50, 75) percentile: (509, 526, 554)
[M::mem_pestat] low and high boundaries for computing mean and std.dev: (419, 644)
[M::mem_pestat] mean and std.dev: (535.59, 32.77)
[M::mem_pestat] low and high boundaries for proper pairs: (374, 689)
[M::mem_pestat] skip orientation RF as there are not enough pairs
[M::mem_pestat] analyzing insert size distribution for orientation RR...
[M::mem_pestat] (25, 50, 75) percentile: (1156, 1304, 2997)
[M::mem_pestat] low and high boundaries for computing mean and std.dev: (1, 6679)
[M::mem_pestat] mean and std.dev: (1835.24, 1314.41)
[M::mem_pestat] low and high boundaries for proper pairs: (1, 8520)
[M::mem_pestat] skip orientation FF
[M::mem_pestat] skip orientation RR
[M::mem_process_seqs] Processed 266668 reads in 435.565 CPU sec, 109.099 real sec
[M::process] read 266668 sequences (40000200 bp)...
[M::mem_pestat] # candidate unique pairs for (FF, FR, RF, RR): (53, 59269, 6, 49)
[M::mem_pestat] analyzing insert size distribution for orientation FF...
[M::mem_pestat] (25, 50, 75) percentile: (348, 962, 2387)
[M::mem_pestat] low and high boundaries for computing mean and std.dev: (1, 6465)
[M::mem_pestat] mean and std.dev: (1337.98, 1311.98)
[M::mem_pestat] low and high boundaries for proper pairs: (1, 8504)
[M::mem_pestat] analyzing insert size distribution for orientation FR...
[M::mem_pestat] (25, 50, 75) percentile: (509, 526, 554)
[M::mem_pestat] low and high boundaries for computing mean and std.dev: (419, 644)
[M::mem_pestat] mean and std.dev: (535.66, 32.81)
[M::mem_pestat] low and high boundaries for proper pairs: (374, 689)
[M::mem_pestat] skip orientation RF as there are not enough pairs
[M::mem_pestat] analyzing insert size distribution for orientation RR...
[M::mem_pestat] (25, 50, 75) percentile: (909, 1309, 2151)
[M::mem_pestat] low and high boundaries for computing mean and std.dev: (1, 4635)
[M::mem_pestat] mean and std.dev: (1380.70, 917.66)
[M::mem_pestat] low and high boundaries for proper pairs: (1, 5877)
[M::mem_pestat] skip orientation FF
[M::mem_pestat] skip orientation RR
[M::mem_process_seqs] Processed 266668 reads in 432.792 CPU sec, 108.405 real sec
[M::process] read 266668 sequences (40000200 bp)...
[M::mem_pestat] # candidate unique pairs for (FF, FR, RF, RR): (50, 59296, 14, 39)
[M::mem_pestat] analyzing insert size distribution for orientation FF...
[M::mem_pestat] (25, 50, 75) percentile: (222, 952, 1690)
[M::mem_pestat] low and high boundaries for computing mean and std.dev: (1, 4626)
[M::mem_pestat] mean and std.dev: (1155.65, 1109.41)
[M::mem_pestat] low and high boundaries for proper pairs: (1, 6094)
[M::mem_pestat] analyzing insert size distribution for orientation FR...
[M::mem_pestat] (25, 50, 75) percentile: (509, 526, 554)
[M::mem_pestat] low and high boundaries for computing mean and std.dev: (419, 644)
[M::mem_pestat] mean and std.dev: (535.79, 32.82)
[M::mem_pestat] low and high boundaries for proper pairs: (374, 689)
[M::mem_pestat] analyzing insert size distribution for orientation RF...
[M::mem_pestat] (25, 50, 75) percentile: (226, 808, 2199)
[M::mem_pestat] low and high boundaries for computing mean and std.dev: (1, 6145)
[M::mem_pestat] mean and std.dev: (1079.58, 1074.67)
[M::mem_pestat] low and high boundaries for proper pairs: (1, 8118)
[M::mem_pestat] analyzing insert size distribution for orientation RR...
[M::mem_pestat] (25, 50, 75) percentile: (669, 1216, 2425)
[M::mem_pestat] low and high boundaries for computing mean and std.dev: (1, 5937)
[M::mem_pestat] mean and std.dev: (1466.39, 1125.39)
[M::mem_pestat] low and high boundaries for proper pairs: (1, 7693)
[M::mem_pestat] skip orientation FF
[M::mem_pestat] skip orientation RF
[M::mem_pestat] skip orientation RR
[M::mem_process_seqs] Processed 266668 reads in 439.428 CPU sec, 110.066 real sec
[M::process] read 266668 sequences (40000200 bp)...
[M::mem_pestat] # candidate unique pairs for (FF, FR, RF, RR): (59, 59668, 18, 39)
[M::mem_pestat] analyzing insert size distribution for orientation FF...
[M::mem_pestat] (25, 50, 75) percentile: (358, 1125, 1686)
[M::mem_pestat] low and high boundaries for computing mean and std.dev: (1, 4342)
[M::mem_pestat] mean and std.dev: (1136.69, 834.90)
[M::mem_pestat] low and high boundaries for proper pairs: (1, 5670)
[M::mem_pestat] analyzing insert size distribution for orientation FR...
[M::mem_pestat] (25, 50, 75) percentile: (509, 526, 554)
[M::mem_pestat] low and high boundaries for computing mean and std.dev: (419, 644)
[M::mem_pestat] mean and std.dev: (535.68, 32.86)
[M::mem_pestat] low and high boundaries for proper pairs: (374, 689)
[M::mem_pestat] analyzing insert size distribution for orientation RF...
[M::mem_pestat] (25, 50, 75) percentile: (866, 2777, 4635)
[M::mem_pestat] low and high boundaries for computing mean and std.dev: (1, 12173)
[M::mem_pestat] mean and std.dev: (3089.56, 2645.28)
[M::mem_pestat] low and high boundaries for proper pairs: (1, 15942)
[M::mem_pestat] analyzing insert size distribution for orientation RR...
[M::mem_pestat] (25, 50, 75) percentile: (854, 1269, 2373)
[M::mem_pestat] low and high boundaries for computing mean and std.dev: (1, 5411)
[M::mem_pestat] mean and std.dev: (1551.00, 1115.34)
[M::mem_pestat] low and high boundaries for proper pairs: (1, 6930)
[M::mem_pestat] skip orientation FF
[M::mem_pestat] skip orientation RF
[M::mem_pestat] skip orientation RR
[M::mem_process_seqs] Processed 266668 reads in 433.079 CPU sec, 108.494 real sec
[M::process] read 266668 sequences (40000200 bp)...
[M::mem_pestat] # candidate unique pairs for (FF, FR, RF, RR): (51, 59020, 6, 52)
[M::mem_pestat] analyzing insert size distribution for orientation FF...
[M::mem_pestat] (25, 50, 75) percentile: (417, 947, 1747)
[M::mem_pestat] low and high boundaries for computing mean and std.dev: (1, 4407)
[M::mem_pestat] mean and std.dev: (1046.67, 858.71)
[M::mem_pestat] low and high boundaries for proper pairs: (1, 5737)
[M::mem_pestat] analyzing insert size distribution for orientation FR...
[M::mem_pestat] (25, 50, 75) percentile: (509, 526, 554)
[M::mem_pestat] low and high boundaries for computing mean and std.dev: (419, 644)
[M::mem_pestat] mean and std.dev: (535.65, 32.57)
[M::mem_pestat] low and high boundaries for proper pairs: (374, 689)
[M::mem_pestat] skip orientation RF as there are not enough pairs
[M::mem_pestat] analyzing insert size distribution for orientation RR...
[M::mem_pestat] (25, 50, 75) percentile: (733, 1226, 2154)
[M::mem_pestat] low and high boundaries for computing mean and std.dev: (1, 4996)
[M::mem_pestat] mean and std.dev: (1370.67, 959.10)
[M::mem_pestat] low and high boundaries for proper pairs: (1, 6417)
[M::mem_pestat] skip orientation FF
[M::mem_pestat] skip orientation RR
[M::mem_process_seqs] Processed 266668 reads in 435.967 CPU sec, 109.222 real sec
[M::process] read 266668 sequences (40000200 bp)...
[M::mem_pestat] # candidate unique pairs for (FF, FR, RF, RR): (44, 59009, 9, 37)
[M::mem_pestat] analyzing insert size distribution for orientation FF...
[M::mem_pestat] (25, 50, 75) percentile: (484, 874, 2116)
[M::mem_pestat] low and high boundaries for computing mean and std.dev: (1, 5380)
[M::mem_pestat] mean and std.dev: (1222.02, 1072.63)
[M::mem_pestat] low and high boundaries for proper pairs: (1, 7012)
[M::mem_pestat] analyzing insert size distribution for orientation FR...
[M::mem_pestat] (25, 50, 75) percentile: (509, 525, 554)
[M::mem_pestat] low and high boundaries for computing mean and std.dev: (419, 644)
[M::mem_pestat] mean and std.dev: (535.37, 32.66)
[M::mem_pestat] low and high boundaries for proper pairs: (374, 689)
[M::mem_pestat] skip orientation RF as there are not enough pairs
[M::mem_pestat] analyzing insert size distribution for orientation RR...
[M::mem_pestat] (25, 50, 75) percentile: (719, 1078, 1553)
[M::mem_pestat] low and high boundaries for computing mean and std.dev: (1, 3221)
[M::mem_pestat] mean and std.dev: (1162.14, 695.37)
[M::mem_pestat] low and high boundaries for proper pairs: (1, 4055)
[M::mem_pestat] skip orientation FF
[M::mem_pestat] skip orientation RR
[M::mem_process_seqs] Processed 266668 reads in 442.824 CPU sec, 110.920 real sec
[M::process] read 266668 sequences (40000200 bp)...
[M::mem_pestat] # candidate unique pairs for (FF, FR, RF, RR): (57, 59178, 5, 31)
[M::mem_pestat] analyzing insert size distribution for orientation FF...
[M::mem_pestat] (25, 50, 75) percentile: (249, 1037, 1979)
[M::mem_pestat] low and high boundaries for computing mean and std.dev: (1, 5439)
[M::mem_pestat] mean and std.dev: (1251.60, 1139.16)
[M::mem_pestat] low and high boundaries for proper pairs: (1, 7169)
[M::mem_pestat] analyzing insert size distribution for orientation FR...
[M::mem_pestat] (25, 50, 75) percentile: (509, 526, 554)
[M::mem_pestat] low and high boundaries for computing mean and std.dev: (419, 644)
[M::mem_pestat] mean and std.dev: (535.56, 32.76)
[M::mem_pestat] low and high boundaries for proper pairs: (374, 689)
[M::mem_pestat] skip orientation RF as there are not enough pairs
[M::mem_pestat] analyzing insert size distribution for orientation RR...
[M::mem_pestat] (25, 50, 75) percentile: (1045, 1624, 2925)
[M::mem_pestat] low and high boundaries for computing mean and std.dev: (1, 6685)
[M::mem_pestat] mean and std.dev: (1830.32, 1279.61)
[M::mem_pestat] low and high boundaries for proper pairs: (1, 8565)
[M::mem_pestat] skip orientation FF
[M::mem_pestat] skip orientation RR
[M::mem_process_seqs] Processed 266668 reads in 436.736 CPU sec, 109.393 real sec
[M::process] read 266668 sequences (40000200 bp)...
[M::mem_pestat] # candidate unique pairs for (FF, FR, RF, RR): (51, 59523, 7, 44)
[M::mem_pestat] analyzing insert size distribution for orientation FF...
[M::mem_pestat] (25, 50, 75) percentile: (637, 1059, 2441)
[M::mem_pestat] low and high boundaries for computing mean and std.dev: (1, 6049)
[M::mem_pestat] mean and std.dev: (1434.55, 1274.63)
[M::mem_pestat] low and high boundaries for proper pairs: (1, 7853)
[M::mem_pestat] analyzing insert size distribution for orientation FR...
[M::mem_pestat] (25, 50, 75) percentile: (509, 526, 555)
[M::mem_pestat] low and high boundaries for computing mean and std.dev: (417, 647)
[M::mem_pestat] mean and std.dev: (536.11, 33.36)
[M::mem_pestat] low and high boundaries for proper pairs: (371, 693)
[M::mem_pestat] skip orientation RF as there are not enough pairs
[M::mem_pestat] analyzing insert size distribution for orientation RR...
[M::mem_pestat] (25, 50, 75) percentile: (804, 1282, 2025)
[M::mem_pestat] low and high boundaries for computing mean and std.dev: (1, 4467)
[M::mem_pestat] mean and std.dev: (1426.95, 939.39)
[M::mem_pestat] low and high boundaries for proper pairs: (1, 5688)
[M::mem_pestat] skip orientation FF
[M::mem_pestat] skip orientation RR
[M::mem_process_seqs] Processed 266668 reads in 431.431 CPU sec, 108.050 real sec
[M::process] read 233756 sequences (35063400 bp)...
[M::mem_pestat] # candidate unique pairs for (FF, FR, RF, RR): (46, 59263, 5, 47)
[M::mem_pestat] analyzing insert size distribution for orientation FF...
[M::mem_pestat] (25, 50, 75) percentile: (278, 1032, 1960)
[M::mem_pestat] low and high boundaries for computing mean and std.dev: (1, 5324)
[M::mem_pestat] mean and std.dev: (1239.66, 1202.27)
[M::mem_pestat] low and high boundaries for proper pairs: (1, 7006)
[M::mem_pestat] analyzing insert size distribution for orientation FR...
[M::mem_pestat] (25, 50, 75) percentile: (509, 526, 554)
[M::mem_pestat] low and high boundaries for computing mean and std.dev: (419, 644)
[M::mem_pestat] mean and std.dev: (535.66, 32.88)
[M::mem_pestat] low and high boundaries for proper pairs: (374, 689)
[M::mem_pestat] skip orientation RF as there are not enough pairs
[M::mem_pestat] analyzing insert size distribution for orientation RR...
[M::mem_pestat] (25, 50, 75) percentile: (844, 1162, 1989)
[M::mem_pestat] low and high boundaries for computing mean and std.dev: (1, 4279)
[M::mem_pestat] mean and std.dev: (1200.33, 678.36)
[M::mem_pestat] low and high boundaries for proper pairs: (1, 5424)
[M::mem_pestat] skip orientation FF
[M::mem_pestat] skip orientation RR
[M::mem_process_seqs] Processed 266668 reads in 441.433 CPU sec, 110.527 real sec
[M::mem_pestat] # candidate unique pairs for (FF, FR, RF, RR): (40, 52446, 6, 45)
[M::mem_pestat] analyzing insert size distribution for orientation FF...
[M::mem_pestat] (25, 50, 75) percentile: (281, 1076, 1897)
[M::mem_pestat] low and high boundaries for computing mean and std.dev: (1, 5129)
[M::mem_pestat] mean and std.dev: (1272.46, 1157.87)
[M::mem_pestat] low and high boundaries for proper pairs: (1, 6745)
[M::mem_pestat] analyzing insert size distribution for orientation FR...
[M::mem_pestat] (25, 50, 75) percentile: (509, 526, 554)
[M::mem_pestat] low and high boundaries for computing mean and std.dev: (419, 644)
[M::mem_pestat] mean and std.dev: (535.79, 32.76)
[M::mem_pestat] low and high boundaries for proper pairs: (374, 689)
[M::mem_pestat] skip orientation RF as there are not enough pairs
[M::mem_pestat] analyzing insert size distribution for orientation RR...
[M::mem_pestat] (25, 50, 75) percentile: (1158, 1473, 2396)
[M::mem_pestat] low and high boundaries for computing mean and std.dev: (1, 4872)
[M::mem_pestat] mean and std.dev: (1669.70, 957.77)
[M::mem_pestat] low and high boundaries for proper pairs: (1, 6110)
[M::mem_pestat] skip orientation FF
[M::mem_pestat] skip orientation RR
[M::mem_process_seqs] Processed 233756 reads in 379.681 CPU sec, 95.093 real sec
[main] Version: 0.7.17-r1188
[main] CMD: bwa mem -t 4 -a /mnt/raid6/bacphagenetwork/data/bwa_index/chm13v2.0_noY.fa /mnt/raid6/bacphagenetwork/data/skin_metagenome/Beijing/02_rm_host/BJ015_1.fastq.gz /mnt/raid6/bacphagenetwork/data/skin_metagenome/Beijing/02_rm_host/BJ015_2.fastq.gz
[main] Real time: 4447.348 sec; CPU: 17696.225 sec
