[M::bwa_idx_load_from_disk] read 0 ALT contigs
[M::process] read 266668 sequences (40000200 bp)...
[M::process] read 266668 sequences (40000200 bp)...
[M::mem_pestat] # candidate unique pairs for (FF, FR, RF, RR): (102, 44366, 8, 99)
[M::mem_pestat] analyzing insert size distribution for orientation FF...
[M::mem_pestat] (25, 50, 75) percentile: (734, 1425, 2867)
[M::mem_pestat] low and high boundaries for computing mean and std.dev: (1, 7133)
[M::mem_pestat] mean and std.dev: (1920.97, 1638.47)
[M::mem_pestat] low and high boundaries for proper pairs: (1, 9266)
[M::mem_pestat] analyzing insert size distribution for orientation FR...
[M::mem_pestat] (25, 50, 75) percentile: (511, 530, 561)
[M::mem_pestat] low and high boundaries for computing mean and std.dev: (411, 661)
[M::mem_pestat] mean and std.dev: (539.94, 36.03)
[M::mem_pestat] low and high boundaries for proper pairs: (361, 711)
[M::mem_pestat] skip orientation RF as there are not enough pairs
[M::mem_pestat] analyzing insert size distribution for orientation RR...
[M::mem_pestat] (25, 50, 75) percentile: (1139, 1386, 2391)
[M::mem_pestat] low and high boundaries for computing mean and std.dev: (1, 4895)
[M::mem_pestat] mean and std.dev: (1721.24, 1010.85)
[M::mem_pestat] low and high boundaries for proper pairs: (1, 6147)
[M::mem_pestat] skip orientation FF
[M::mem_pestat] skip orientation RR
[M::mem_process_seqs] Processed 266668 reads in 290.414 CPU sec, 73.073 real sec
[M::process] read 266668 sequences (40000200 bp)...
[M::mem_pestat] # candidate unique pairs for (FF, FR, RF, RR): (94, 43130, 13, 94)
[M::mem_pestat] analyzing insert size distribution for orientation FF...
[M::mem_pestat] (25, 50, 75) percentile: (559, 1205, 2464)
[M::mem_pestat] low and high boundaries for computing mean and std.dev: (1, 6274)
[M::mem_pestat] mean and std.dev: (1601.64, 1357.93)
[M::mem_pestat] low and high boundaries for proper pairs: (1, 8179)
[M::mem_pestat] analyzing insert size distribution for orientation FR...
[M::mem_pestat] (25, 50, 75) percentile: (511, 530, 560)
[M::mem_pestat] low and high boundaries for computing mean and std.dev: (413, 658)
[M::mem_pestat] mean and std.dev: (539.43, 35.33)
[M::mem_pestat] low and high boundaries for proper pairs: (364, 707)
[M::mem_pestat] analyzing insert size distribution for orientation RF...
[M::mem_pestat] (25, 50, 75) percentile: (1938, 2523, 7975)
[M::mem_pestat] low and high boundaries for computing mean and std.dev: (1, 20049)
[M::mem_pestat] mean and std.dev: (3944.77, 3049.93)
[M::mem_pestat] low and high boundaries for proper pairs: (1, 26086)
[M::mem_pestat] analyzing insert size distribution for orientation RR...
[M::mem_pestat] (25, 50, 75) percentile: (905, 1462, 2412)
[M::mem_pestat] low and high boundaries for computing mean and std.dev: (1, 5426)
[M::mem_pestat] mean and std.dev: (1579.09, 1040.71)
[M::mem_pestat] low and high boundaries for proper pairs: (1, 6933)
[M::mem_pestat] skip orientation FF
[M::mem_pestat] skip orientation RF
[M::mem_pestat] skip orientation RR
[M::mem_process_seqs] Processed 266668 reads in 303.930 CPU sec, 76.313 real sec
[M::process] read 266668 sequences (40000200 bp)...
[M::mem_pestat] # candidate unique pairs for (FF, FR, RF, RR): (102, 43208, 8, 80)
[M::mem_pestat] analyzing insert size distribution for orientation FF...
[M::mem_pestat] (25, 50, 75) percentile: (547, 1275, 2330)
[M::mem_pestat] low and high boundaries for computing mean and std.dev: (1, 5896)
[M::mem_pestat] mean and std.dev: (1517.56, 1295.75)
[M::mem_pestat] low and high boundaries for proper pairs: (1, 7679)
[M::mem_pestat] analyzing insert size distribution for orientation FR...
[M::mem_pestat] (25, 50, 75) percentile: (511, 530, 560)
[M::mem_pestat] low and high boundaries for computing mean and std.dev: (413, 658)
[M::mem_pestat] mean and std.dev: (539.10, 35.03)
[M::mem_pestat] low and high boundaries for proper pairs: (364, 707)
[M::mem_pestat] skip orientation RF as there are not enough pairs
[M::mem_pestat] analyzing insert size distribution for orientation RR...
[M::mem_pestat] (25, 50, 75) percentile: (989, 1418, 2294)
[M::mem_pestat] low and high boundaries for computing mean and std.dev: (1, 4904)
[M::mem_pestat] mean and std.dev: (1657.37, 1025.43)
[M::mem_pestat] low and high boundaries for proper pairs: (1, 6209)
[M::mem_pestat] skip orientation FF
[M::mem_pestat] skip orientation RR
[M::mem_process_seqs] Processed 266668 reads in 300.433 CPU sec, 75.367 real sec
[M::process] read 266668 sequences (40000200 bp)...
[M::mem_pestat] # candidate unique pairs for (FF, FR, RF, RR): (89, 44353, 10, 95)
[M::mem_pestat] analyzing insert size distribution for orientation FF...
[M::mem_pestat] (25, 50, 75) percentile: (311, 1066, 1694)
[M::mem_pestat] low and high boundaries for computing mean and std.dev: (1, 4460)
[M::mem_pestat] mean and std.dev: (1204.02, 1025.33)
[M::mem_pestat] low and high boundaries for proper pairs: (1, 5843)
[M::mem_pestat] analyzing insert size distribution for orientation FR...
[M::mem_pestat] (25, 50, 75) percentile: (511, 530, 561)
[M::mem_pestat] low and high boundaries for computing mean and std.dev: (411, 661)
[M::mem_pestat] mean and std.dev: (539.87, 35.97)
[M::mem_pestat] low and high boundaries for proper pairs: (361, 711)
[M::mem_pestat] analyzing insert size distribution for orientation RF...
[M::mem_pestat] (25, 50, 75) percentile: (439, 2545, 3035)
[M::mem_pestat] low and high boundaries for computing mean and std.dev: (1, 8227)
[M::mem_pestat] mean and std.dev: (2212.78, 2353.05)
[M::mem_pestat] low and high boundaries for proper pairs: (1, 11625)
[M::mem_pestat] analyzing insert size distribution for orientation RR...
[M::mem_pestat] (25, 50, 75) percentile: (847, 1265, 2207)
[M::mem_pestat] low and high boundaries for computing mean and std.dev: (1, 4927)
[M::mem_pestat] mean and std.dev: (1588.33, 1043.70)
[M::mem_pestat] low and high boundaries for proper pairs: (1, 6287)
[M::mem_pestat] skip orientation FF
[M::mem_pestat] skip orientation RF
[M::mem_pestat] skip orientation RR
[M::mem_process_seqs] Processed 266668 reads in 298.441 CPU sec, 74.915 real sec
[M::process] read 266668 sequences (40000200 bp)...
[M::mem_pestat] # candidate unique pairs for (FF, FR, RF, RR): (95, 43474, 13, 95)
[M::mem_pestat] analyzing insert size distribution for orientation FF...
[M::mem_pestat] (25, 50, 75) percentile: (563, 1372, 2721)
[M::mem_pestat] low and high boundaries for computing mean and std.dev: (1, 7037)
[M::mem_pestat] mean and std.dev: (1812.15, 1529.84)
[M::mem_pestat] low and high boundaries for proper pairs: (1, 9195)
[M::mem_pestat] analyzing insert size distribution for orientation FR...
[M::mem_pestat] (25, 50, 75) percentile: (511, 530, 561)
[M::mem_pestat] low and high boundaries for computing mean and std.dev: (411, 661)
[M::mem_pestat] mean and std.dev: (539.52, 35.50)
[M::mem_pestat] low and high boundaries for proper pairs: (361, 711)
[M::mem_pestat] analyzing insert size distribution for orientation RF...
[M::mem_pestat] (25, 50, 75) percentile: (641, 3219, 7675)
[M::mem_pestat] low and high boundaries for computing mean and std.dev: (1, 21743)
[M::mem_pestat] mean and std.dev: (3747.85, 3045.98)
[M::mem_pestat] low and high boundaries for proper pairs: (1, 28777)
[M::mem_pestat] analyzing insert size distribution for orientation RR...
[M::mem_pestat] (25, 50, 75) percentile: (971, 1579, 2869)
[M::mem_pestat] low and high boundaries for computing mean and std.dev: (1, 6665)
[M::mem_pestat] mean and std.dev: (2140.27, 1593.68)
[M::mem_pestat] low and high boundaries for proper pairs: (1, 8563)
[M::mem_pestat] skip orientation FF
[M::mem_pestat] skip orientation RF
[M::mem_pestat] skip orientation RR
[M::mem_process_seqs] Processed 266668 reads in 302.568 CPU sec, 77.703 real sec
[M::process] read 266668 sequences (40000200 bp)...
[M::mem_pestat] # candidate unique pairs for (FF, FR, RF, RR): (97, 43109, 11, 88)
[M::mem_pestat] analyzing insert size distribution for orientation FF...
[M::mem_pestat] (25, 50, 75) percentile: (415, 1205, 2327)
[M::mem_pestat] low and high boundaries for computing mean and std.dev: (1, 6151)
[M::mem_pestat] mean and std.dev: (1544.62, 1378.12)
[M::mem_pestat] low and high boundaries for proper pairs: (1, 8063)
[M::mem_pestat] analyzing insert size distribution for orientation FR...
[M::mem_pestat] (25, 50, 75) percentile: (511, 529, 560)
[M::mem_pestat] low and high boundaries for computing mean and std.dev: (413, 658)
[M::mem_pestat] mean and std.dev: (538.99, 35.22)
[M::mem_pestat] low and high boundaries for proper pairs: (364, 707)
[M::mem_pestat] analyzing insert size distribution for orientation RF...
[M::mem_pestat] (25, 50, 75) percentile: (383, 629, 4388)
[M::mem_pestat] low and high boundaries for computing mean and std.dev: (1, 12398)
[M::mem_pestat] mean and std.dev: (1954.55, 2163.72)
[M::mem_pestat] low and high boundaries for proper pairs: (1, 16403)
[M::mem_pestat] analyzing insert size distribution for orientation RR...
[M::mem_pestat] (25, 50, 75) percentile: (980, 1664, 2660)
[M::mem_pestat] low and high boundaries for computing mean and std.dev: (1, 6020)
[M::mem_pestat] mean and std.dev: (1699.40, 984.96)
[M::mem_pestat] low and high boundaries for proper pairs: (1, 7700)
[M::mem_pestat] skip orientation FF
[M::mem_pestat] skip orientation RF
[M::mem_pestat] skip orientation RR
[M::mem_process_seqs] Processed 266668 reads in 309.529 CPU sec, 80.169 real sec
[M::process] read 266668 sequences (40000200 bp)...
[M::mem_pestat] # candidate unique pairs for (FF, FR, RF, RR): (83, 44193, 5, 76)
[M::mem_pestat] analyzing insert size distribution for orientation FF...
[M::mem_pestat] (25, 50, 75) percentile: (597, 1564, 3158)
[M::mem_pestat] low and high boundaries for computing mean and std.dev: (1, 8280)
[M::mem_pestat] mean and std.dev: (2057.64, 1956.90)
[M::mem_pestat] low and high boundaries for proper pairs: (1, 10841)
[M::mem_pestat] analyzing insert size distribution for orientation FR...
[M::mem_pestat] (25, 50, 75) percentile: (511, 530, 561)
[M::mem_pestat] low and high boundaries for computing mean and std.dev: (411, 661)
[M::mem_pestat] mean and std.dev: (539.75, 35.81)
[M::mem_pestat] low and high boundaries for proper pairs: (361, 711)
[M::mem_pestat] skip orientation RF as there are not enough pairs
[M::mem_pestat] analyzing insert size distribution for orientation RR...
[M::mem_pestat] (25, 50, 75) percentile: (988, 1697, 2983)
[M::mem_pestat] low and high boundaries for computing mean and std.dev: (1, 6973)
[M::mem_pestat] mean and std.dev: (1898.45, 1367.73)
[M::mem_pestat] low and high boundaries for proper pairs: (1, 8968)
[M::mem_pestat] skip orientation FF
[M::mem_pestat] skip orientation RR
[M::mem_process_seqs] Processed 266668 reads in 304.894 CPU sec, 78.773 real sec
[M::process] read 266668 sequences (40000200 bp)...
[M::mem_pestat] # candidate unique pairs for (FF, FR, RF, RR): (86, 43959, 13, 95)
[M::mem_pestat] analyzing insert size distribution for orientation FF...
[M::mem_pestat] (25, 50, 75) percentile: (320, 838, 1838)
[M::mem_pestat] low and high boundaries for computing mean and std.dev: (1, 4874)
[M::mem_pestat] mean and std.dev: (1001.56, 859.22)
[M::mem_pestat] low and high boundaries for proper pairs: (1, 6392)
[M::mem_pestat] analyzing insert size distribution for orientation FR...
[M::mem_pestat] (25, 50, 75) percentile: (512, 530, 561)
[M::mem_pestat] low and high boundaries for computing mean and std.dev: (414, 659)
[M::mem_pestat] mean and std.dev: (539.81, 35.68)
[M::mem_pestat] low and high boundaries for proper pairs: (365, 708)
[M::mem_pestat] analyzing insert size distribution for orientation RF...
[M::mem_pestat] (25, 50, 75) percentile: (1041, 1797, 7364)
[M::mem_pestat] low and high boundaries for computing mean and std.dev: (1, 20010)
[M::mem_pestat] mean and std.dev: (3320.23, 2844.94)
[M::mem_pestat] low and high boundaries for proper pairs: (1, 26333)
[M::mem_pestat] analyzing insert size distribution for orientation RR...
[M::mem_pestat] (25, 50, 75) percentile: (970, 1457, 2332)
[M::mem_pestat] low and high boundaries for computing mean and std.dev: (1, 5056)
[M::mem_pestat] mean and std.dev: (1601.60, 984.59)
[M::mem_pestat] low and high boundaries for proper pairs: (1, 6418)
[M::mem_pestat] skip orientation FF
[M::mem_pestat] skip orientation RF
[M::mem_pestat] skip orientation RR
[M::mem_process_seqs] Processed 266668 reads in 298.862 CPU sec, 75.357 real sec
[M::process] read 266668 sequences (40000200 bp)...
[M::mem_pestat] # candidate unique pairs for (FF, FR, RF, RR): (86, 43821, 14, 99)
[M::mem_pestat] analyzing insert size distribution for orientation FF...
[M::mem_pestat] (25, 50, 75) percentile: (301, 1394, 1871)
[M::mem_pestat] low and high boundaries for computing mean and std.dev: (1, 5011)
[M::mem_pestat] mean and std.dev: (1385.43, 1118.41)
[M::mem_pestat] low and high boundaries for proper pairs: (1, 6581)
[M::mem_pestat] analyzing insert size distribution for orientation FR...
[M::mem_pestat] (25, 50, 75) percentile: (511, 530, 561)
[M::mem_pestat] low and high boundaries for computing mean and std.dev: (411, 661)
[M::mem_pestat] mean and std.dev: (539.64, 35.74)
[M::mem_pestat] low and high boundaries for proper pairs: (361, 711)
[M::mem_pestat] analyzing insert size distribution for orientation RF...
[M::mem_pestat] (25, 50, 75) percentile: (397, 1231, 2812)
[M::mem_pestat] low and high boundaries for computing mean and std.dev: (1, 7642)
[M::mem_pestat] mean and std.dev: (1826.00, 1645.23)
[M::mem_pestat] low and high boundaries for proper pairs: (1, 10057)
[M::mem_pestat] analyzing insert size distribution for orientation RR...
[M::mem_pestat] (25, 50, 75) percentile: (929, 1496, 2203)
[M::mem_pestat] low and high boundaries for computing mean and std.dev: (1, 4751)
[M::mem_pestat] mean and std.dev: (1548.43, 889.41)
[M::mem_pestat] low and high boundaries for proper pairs: (1, 6025)
[M::mem_pestat] skip orientation FF
[M::mem_pestat] skip orientation RF
[M::mem_pestat] skip orientation RR
[M::mem_process_seqs] Processed 266668 reads in 298.455 CPU sec, 74.807 real sec
[M::process] read 266668 sequences (40000200 bp)...
[M::mem_pestat] # candidate unique pairs for (FF, FR, RF, RR): (104, 44167, 12, 90)
[M::mem_pestat] analyzing insert size distribution for orientation FF...
[M::mem_pestat] (25, 50, 75) percentile: (277, 1131, 2342)
[M::mem_pestat] low and high boundaries for computing mean and std.dev: (1, 6472)
[M::mem_pestat] mean and std.dev: (1453.24, 1429.48)
[M::mem_pestat] low and high boundaries for proper pairs: (1, 8537)
[M::mem_pestat] analyzing insert size distribution for orientation FR...
[M::mem_pestat] (25, 50, 75) percentile: (511, 530, 560)
[M::mem_pestat] low and high boundaries for computing mean and std.dev: (413, 658)
[M::mem_pestat] mean and std.dev: (539.35, 35.29)
[M::mem_pestat] low and high boundaries for proper pairs: (364, 707)
[M::mem_pestat] analyzing insert size distribution for orientation RF...
[M::mem_pestat] (25, 50, 75) percentile: (426, 2504, 5722)
[M::mem_pestat] low and high boundaries for computing mean and std.dev: (1, 16314)
[M::mem_pestat] mean and std.dev: (2877.08, 2613.82)
[M::mem_pestat] low and high boundaries for proper pairs: (1, 21610)
[M::mem_pestat] analyzing insert size distribution for orientation RR...
[M::mem_pestat] (25, 50, 75) percentile: (1027, 1432, 2541)
[M::mem_pestat] low and high boundaries for computing mean and std.dev: (1, 5569)
[M::mem_pestat] mean and std.dev: (1625.15, 1027.94)
[M::mem_pestat] low and high boundaries for proper pairs: (1, 7083)
[M::mem_pestat] skip orientation FF
[M::mem_pestat] skip orientation RF
[M::mem_pestat] skip orientation RR
[M::mem_process_seqs] Processed 266668 reads in 302.532 CPU sec, 75.811 real sec
[M::process] read 266668 sequences (40000200 bp)...
[M::mem_pestat] # candidate unique pairs for (FF, FR, RF, RR): (106, 44705, 9, 97)
[M::mem_pestat] analyzing insert size distribution for orientation FF...
[M::mem_pestat] (25, 50, 75) percentile: (541, 1218, 2388)
[M::mem_pestat] low and high boundaries for computing mean and std.dev: (1, 6082)
[M::mem_pestat] mean and std.dev: (1561.18, 1365.34)
[M::mem_pestat] low and high boundaries for proper pairs: (1, 7929)
[M::mem_pestat] analyzing insert size distribution for orientation FR...
[M::mem_pestat] (25, 50, 75) percentile: (512, 531, 562)
[M::mem_pestat] low and high boundaries for computing mean and std.dev: (412, 662)
[M::mem_pestat] mean and std.dev: (540.49, 36.27)
[M::mem_pestat] low and high boundaries for proper pairs: (362, 712)
[M::mem_pestat] skip orientation RF as there are not enough pairs
[M::mem_pestat] analyzing insert size distribution for orientation RR...
[M::mem_pestat] (25, 50, 75) percentile: (815, 1387, 2468)
[M::mem_pestat] low and high boundaries for computing mean and std.dev: (1, 5774)
[M::mem_pestat] mean and std.dev: (1666.62, 1214.54)
[M::mem_pestat] low and high boundaries for proper pairs: (1, 7427)
[M::mem_pestat] skip orientation FF
[M::mem_pestat] skip orientation RR
[M::mem_process_seqs] Processed 266668 reads in 293.634 CPU sec, 73.639 real sec
[M::process] read 266668 sequences (40000200 bp)...
[M::mem_pestat] # candidate unique pairs for (FF, FR, RF, RR): (80, 43802, 12, 97)
[M::mem_pestat] analyzing insert size distribution for orientation FF...
[M::mem_pestat] (25, 50, 75) percentile: (317, 1310, 2209)
[M::mem_pestat] low and high boundaries for computing mean and std.dev: (1, 5993)
[M::mem_pestat] mean and std.dev: (1421.24, 1187.23)
[M::mem_pestat] low and high boundaries for proper pairs: (1, 7885)
[M::mem_pestat] analyzing insert size distribution for orientation FR...
[M::mem_pestat] (25, 50, 75) percentile: (511, 530, 560)
[M::mem_pestat] low and high boundaries for computing mean and std.dev: (413, 658)
[M::mem_pestat] mean and std.dev: (539.50, 35.25)
[M::mem_pestat] low and high boundaries for proper pairs: (364, 707)
[M::mem_pestat] analyzing insert size distribution for orientation RF...
[M::mem_pestat] (25, 50, 75) percentile: (544, 2198, 7070)
[M::mem_pestat] low and high boundaries for computing mean and std.dev: (1, 20122)
[M::mem_pestat] mean and std.dev: (3352.08, 3345.26)
[M::mem_pestat] low and high boundaries for proper pairs: (1, 26648)
[M::mem_pestat] analyzing insert size distribution for orientation RR...
[M::mem_pestat] (25, 50, 75) percentile: (872, 1383, 2266)
[M::mem_pestat] low and high boundaries for computing mean and std.dev: (1, 5054)
[M::mem_pestat] mean and std.dev: (1608.87, 1032.23)
[M::mem_pestat] low and high boundaries for proper pairs: (1, 6448)
[M::mem_pestat] skip orientation FF
[M::mem_pestat] skip orientation RF
[M::mem_pestat] skip orientation RR
[M::mem_process_seqs] Processed 266668 reads in 298.024 CPU sec, 74.680 real sec
[M::process] read 266668 sequences (40000200 bp)...
[M::mem_pestat] # candidate unique pairs for (FF, FR, RF, RR): (83, 43906, 16, 98)
[M::mem_pestat] analyzing insert size distribution for orientation FF...
[M::mem_pestat] (25, 50, 75) percentile: (649, 1559, 2561)
[M::mem_pestat] low and high boundaries for computing mean and std.dev: (1, 6385)
[M::mem_pestat] mean and std.dev: (1798.90, 1411.02)
[M::mem_pestat] low and high boundaries for proper pairs: (1, 8297)
[M::mem_pestat] analyzing insert size distribution for orientation FR...
[M::mem_pestat] (25, 50, 75) percentile: (511, 529, 561)
[M::mem_pestat] low and high boundaries for computing mean and std.dev: (411, 661)
[M::mem_pestat] mean and std.dev: (539.68, 35.78)
[M::mem_pestat] low and high boundaries for proper pairs: (361, 711)
[M::mem_pestat] analyzing insert size distribution for orientation RF...
[M::mem_pestat] (25, 50, 75) percentile: (705, 1516, 3874)
[M::mem_pestat] low and high boundaries for computing mean and std.dev: (1, 10212)
[M::mem_pestat] mean and std.dev: (2224.12, 2317.71)
[M::mem_pestat] low and high boundaries for proper pairs: (1, 13381)
[M::mem_pestat] analyzing insert size distribution for orientation RR...
[M::mem_pestat] (25, 50, 75) percentile: (916, 1628, 2913)
[M::mem_pestat] low and high boundaries for computing mean and std.dev: (1, 6907)
[M::mem_pestat] mean and std.dev: (1881.31, 1425.52)
[M::mem_pestat] low and high boundaries for proper pairs: (1, 8904)
[M::mem_pestat] skip orientation FF
[M::mem_pestat] skip orientation RF
[M::mem_pestat] skip orientation RR
[M::mem_process_seqs] Processed 266668 reads in 298.973 CPU sec, 76.884 real sec
[M::process] read 266668 sequences (40000200 bp)...
[M::mem_pestat] # candidate unique pairs for (FF, FR, RF, RR): (87, 43997, 8, 91)
[M::mem_pestat] analyzing insert size distribution for orientation FF...
[M::mem_pestat] (25, 50, 75) percentile: (452, 1260, 1989)
[M::mem_pestat] low and high boundaries for computing mean and std.dev: (1, 5063)
[M::mem_pestat] mean and std.dev: (1431.12, 1252.80)
[M::mem_pestat] low and high boundaries for proper pairs: (1, 6600)
[M::mem_pestat] analyzing insert size distribution for orientation FR...
[M::mem_pestat] (25, 50, 75) percentile: (512, 530, 562)
[M::mem_pestat] low and high boundaries for computing mean and std.dev: (412, 662)
[M::mem_pestat] mean and std.dev: (540.37, 36.28)
[M::mem_pestat] low and high boundaries for proper pairs: (362, 712)
[M::mem_pestat] skip orientation RF as there are not enough pairs
[M::mem_pestat] analyzing insert size distribution for orientation RR...
[M::mem_pestat] (25, 50, 75) percentile: (963, 1343, 2178)
[M::mem_pestat] low and high boundaries for computing mean and std.dev: (1, 4608)
[M::mem_pestat] mean and std.dev: (1442.42, 824.33)
[M::mem_pestat] low and high boundaries for proper pairs: (1, 5823)
[M::mem_pestat] skip orientation FF
[M::mem_pestat] skip orientation RR
[M::mem_process_seqs] Processed 266668 reads in 296.302 CPU sec, 75.797 real sec
[M::process] read 266668 sequences (40000200 bp)...
[M::mem_pestat] # candidate unique pairs for (FF, FR, RF, RR): (93, 44248, 15, 87)
[M::mem_pestat] analyzing insert size distribution for orientation FF...
[M::mem_pestat] (25, 50, 75) percentile: (690, 1157, 1981)
[M::mem_pestat] low and high boundaries for computing mean and std.dev: (1, 4563)
[M::mem_pestat] mean and std.dev: (1433.00, 1106.26)
[M::mem_pestat] low and high boundaries for proper pairs: (1, 5858)
[M::mem_pestat] analyzing insert size distribution for orientation FR...
[M::mem_pestat] (25, 50, 75) percentile: (511, 530, 561)
[M::mem_pestat] low and high boundaries for computing mean and std.dev: (411, 661)
[M::mem_pestat] mean and std.dev: (539.87, 35.80)
[M::mem_pestat] low and high boundaries for proper pairs: (361, 711)
[M::mem_pestat] analyzing insert size distribution for orientation RF...
[M::mem_pestat] (25, 50, 75) percentile: (2043, 2645, 3099)
[M::mem_pestat] low and high boundaries for computing mean and std.dev: (1, 5211)
[M::mem_pestat] mean and std.dev: (2298.00, 1070.96)
[M::mem_pestat] low and high boundaries for proper pairs: (1, 6582)
[M::mem_pestat] analyzing insert size distribution for orientation RR...
[M::mem_pestat] (25, 50, 75) percentile: (1034, 1653, 3277)
[M::mem_pestat] low and high boundaries for computing mean and std.dev: (1, 7763)
[M::mem_pestat] mean and std.dev: (2051.78, 1418.20)
[M::mem_pestat] low and high boundaries for proper pairs: (1, 10006)
[M::mem_pestat] skip orientation FF
[M::mem_pestat] skip orientation RF
[M::mem_pestat] skip orientation RR
[M::mem_process_seqs] Processed 266668 reads in 298.882 CPU sec, 76.397 real sec
[M::process] read 266668 sequences (40000200 bp)...
[M::mem_pestat] # candidate unique pairs for (FF, FR, RF, RR): (105, 44319, 12, 75)
[M::mem_pestat] analyzing insert size distribution for orientation FF...
[M::mem_pestat] (25, 50, 75) percentile: (494, 1270, 2581)
[M::mem_pestat] low and high boundaries for computing mean and std.dev: (1, 6755)
[M::mem_pestat] mean and std.dev: (1707.66, 1523.82)
[M::mem_pestat] low and high boundaries for proper pairs: (1, 8842)
[M::mem_pestat] analyzing insert size distribution for orientation FR...
[M::mem_pestat] (25, 50, 75) percentile: (511, 530, 561)
[M::mem_pestat] low and high boundaries for computing mean and std.dev: (411, 661)
[M::mem_pestat] mean and std.dev: (539.69, 35.76)
[M::mem_pestat] low and high boundaries for proper pairs: (361, 711)
[M::mem_pestat] analyzing insert size distribution for orientation RF...
[M::mem_pestat] (25, 50, 75) percentile: (394, 4038, 5135)
[M::mem_pestat] low and high boundaries for computing mean and std.dev: (1, 14617)
[M::mem_pestat] mean and std.dev: (2957.75, 2645.37)
[M::mem_pestat] low and high boundaries for proper pairs: (1, 19358)
[M::mem_pestat] analyzing insert size distribution for orientation RR...
[M::mem_pestat] (25, 50, 75) percentile: (995, 1417, 2293)
[M::mem_pestat] low and high boundaries for computing mean and std.dev: (1, 4889)
[M::mem_pestat] mean and std.dev: (1742.65, 1112.35)
[M::mem_pestat] low and high boundaries for proper pairs: (1, 6192)
[M::mem_pestat] skip orientation FF
[M::mem_pestat] skip orientation RF
[M::mem_pestat] skip orientation RR
[M::mem_process_seqs] Processed 266668 reads in 297.583 CPU sec, 74.713 real sec
[M::process] read 266668 sequences (40000200 bp)...
[M::mem_pestat] # candidate unique pairs for (FF, FR, RF, RR): (94, 44412, 12, 84)
[M::mem_pestat] analyzing insert size distribution for orientation FF...
[M::mem_pestat] (25, 50, 75) percentile: (268, 1056, 1979)
[M::mem_pestat] low and high boundaries for computing mean and std.dev: (1, 5401)
[M::mem_pestat] mean and std.dev: (1347.65, 1275.52)
[M::mem_pestat] low and high boundaries for proper pairs: (1, 7112)
[M::mem_pestat] analyzing insert size distribution for orientation FR...
[M::mem_pestat] (25, 50, 75) percentile: (512, 530, 562)
[M::mem_pestat] low and high boundaries for computing mean and std.dev: (412, 662)
[M::mem_pestat] mean and std.dev: (540.07, 35.84)
[M::mem_pestat] low and high boundaries for proper pairs: (362, 712)
[M::mem_pestat] analyzing insert size distribution for orientation RF...
[M::mem_pestat] (25, 50, 75) percentile: (1082, 3214, 7493)
[M::mem_pestat] low and high boundaries for computing mean and std.dev: (1, 20315)
[M::mem_pestat] mean and std.dev: (3784.00, 3093.69)
[M::mem_pestat] low and high boundaries for proper pairs: (1, 26726)
[M::mem_pestat] analyzing insert size distribution for orientation RR...
[M::mem_pestat] (25, 50, 75) percentile: (951, 1506, 2937)
[M::mem_pestat] low and high boundaries for computing mean and std.dev: (1, 6909)
[M::mem_pestat] mean and std.dev: (1968.72, 1460.60)
[M::mem_pestat] low and high boundaries for proper pairs: (1, 8895)
[M::mem_pestat] skip orientation FF
[M::mem_pestat] skip orientation RF
[M::mem_pestat] skip orientation RR
[M::mem_process_seqs] Processed 266668 reads in 290.806 CPU sec, 72.966 real sec
[M::process] read 266668 sequences (40000200 bp)...
[M::mem_pestat] # candidate unique pairs for (FF, FR, RF, RR): (72, 44342, 12, 87)
[M::mem_pestat] analyzing insert size distribution for orientation FF...
[M::mem_pestat] (25, 50, 75) percentile: (562, 1282, 2168)
[M::mem_pestat] low and high boundaries for computing mean and std.dev: (1, 5380)
[M::mem_pestat] mean and std.dev: (1496.46, 1265.48)
[M::mem_pestat] low and high boundaries for proper pairs: (1, 6986)
[M::mem_pestat] analyzing insert size distribution for orientation FR...
[M::mem_pestat] (25, 50, 75) percentile: (512, 530, 562)
[M::mem_pestat] low and high boundaries for computing mean and std.dev: (412, 662)
[M::mem_pestat] mean and std.dev: (540.19, 36.10)
[M::mem_pestat] low and high boundaries for proper pairs: (362, 712)
[M::mem_pestat] analyzing insert size distribution for orientation RF...
[M::mem_pestat] (25, 50, 75) percentile: (740, 4468, 7548)
[M::mem_pestat] low and high boundaries for computing mean and std.dev: (1, 21164)
[M::mem_pestat] mean and std.dev: (3757.08, 2945.69)
[M::mem_pestat] low and high boundaries for proper pairs: (1, 27972)
[M::mem_pestat] analyzing insert size distribution for orientation RR...
[M::mem_pestat] (25, 50, 75) percentile: (952, 1568, 2758)
[M::mem_pestat] low and high boundaries for computing mean and std.dev: (1, 6370)
[M::mem_pestat] mean and std.dev: (1971.14, 1512.61)
[M::mem_pestat] low and high boundaries for proper pairs: (1, 8176)
[M::mem_pestat] skip orientation FF
[M::mem_pestat] skip orientation RF
[M::mem_pestat] skip orientation RR
[M::mem_process_seqs] Processed 266668 reads in 294.423 CPU sec, 73.882 real sec
[M::process] read 266668 sequences (40000200 bp)...
[M::mem_pestat] # candidate unique pairs for (FF, FR, RF, RR): (80, 43848, 7, 86)
[M::mem_pestat] analyzing insert size distribution for orientation FF...
[M::mem_pestat] (25, 50, 75) percentile: (506, 1168, 2234)
[M::mem_pestat] low and high boundaries for computing mean and std.dev: (1, 5690)
[M::mem_pestat] mean and std.dev: (1431.40, 1252.91)
[M::mem_pestat] low and high boundaries for proper pairs: (1, 7418)
[M::mem_pestat] analyzing insert size distribution for orientation FR...
[M::mem_pestat] (25, 50, 75) percentile: (511, 530, 561)
[M::mem_pestat] low and high boundaries for computing mean and std.dev: (411, 661)
[M::mem_pestat] mean and std.dev: (539.87, 36.08)
[M::mem_pestat] low and high boundaries for proper pairs: (361, 711)
[M::mem_pestat] skip orientation RF as there are not enough pairs
[M::mem_pestat] analyzing insert size distribution for orientation RR...
[M::mem_pestat] (25, 50, 75) percentile: (917, 1609, 2580)
[M::mem_pestat] low and high boundaries for computing mean and std.dev: (1, 5906)
[M::mem_pestat] mean and std.dev: (1819.01, 1307.73)
[M::mem_pestat] low and high boundaries for proper pairs: (1, 7569)
[M::mem_pestat] skip orientation FF
[M::mem_pestat] skip orientation RR
[M::mem_process_seqs] Processed 266668 reads in 297.943 CPU sec, 74.770 real sec
[M::process] read 266668 sequences (40000200 bp)...
[M::mem_pestat] # candidate unique pairs for (FF, FR, RF, RR): (89, 44317, 12, 79)
[M::mem_pestat] analyzing insert size distribution for orientation FF...
[M::mem_pestat] (25, 50, 75) percentile: (351, 1041, 2115)
[M::mem_pestat] low and high boundaries for computing mean and std.dev: (1, 5643)
[M::mem_pestat] mean and std.dev: (1287.84, 1240.02)
[M::mem_pestat] low and high boundaries for proper pairs: (1, 7407)
[M::mem_pestat] analyzing insert size distribution for orientation FR...
[M::mem_pestat] (25, 50, 75) percentile: (511, 530, 561)
[M::mem_pestat] low and high boundaries for computing mean and std.dev: (411, 661)
[M::mem_pestat] mean and std.dev: (539.81, 35.90)
[M::mem_pestat] low and high boundaries for proper pairs: (361, 711)
[M::mem_pestat] analyzing insert size distribution for orientation RF...
[M::mem_pestat] (25, 50, 75) percentile: (156, 1056, 2959)
[M::mem_pestat] low and high boundaries for computing mean and std.dev: (1, 8565)
[M::mem_pestat] mean and std.dev: (1665.92, 1649.13)
[M::mem_pestat] low and high boundaries for proper pairs: (1, 11368)
[M::mem_pestat] analyzing insert size distribution for orientation RR...
[M::mem_pestat] (25, 50, 75) percentile: (818, 1994, 3723)
[M::mem_pestat] low and high boundaries for computing mean and std.dev: (1, 9533)
[M::mem_pestat] mean and std.dev: (2301.57, 1784.77)
[M::mem_pestat] low and high boundaries for proper pairs: (1, 12438)
[M::mem_pestat] skip orientation FF
[M::mem_pestat] skip orientation RF
[M::mem_pestat] skip orientation RR
[M::mem_process_seqs] Processed 266668 reads in 294.270 CPU sec, 73.793 real sec
[M::process] read 266668 sequences (40000200 bp)...
[M::mem_pestat] # candidate unique pairs for (FF, FR, RF, RR): (94, 44706, 11, 88)
[M::mem_pestat] analyzing insert size distribution for orientation FF...
[M::mem_pestat] (25, 50, 75) percentile: (639, 1384, 2352)
[M::mem_pestat] low and high boundaries for computing mean and std.dev: (1, 5778)
[M::mem_pestat] mean and std.dev: (1544.36, 1301.47)
[M::mem_pestat] low and high boundaries for proper pairs: (1, 7491)
[M::mem_pestat] analyzing insert size distribution for orientation FR...
[M::mem_pestat] (25, 50, 75) percentile: (512, 530, 561)
[M::mem_pestat] low and high boundaries for computing mean and std.dev: (414, 659)
[M::mem_pestat] mean and std.dev: (539.81, 35.69)
[M::mem_pestat] low and high boundaries for proper pairs: (365, 708)
[M::mem_pestat] analyzing insert size distribution for orientation RF...
[M::mem_pestat] (25, 50, 75) percentile: (2146, 2521, 4387)
[M::mem_pestat] low and high boundaries for computing mean and std.dev: (1, 8869)
[M::mem_pestat] mean and std.dev: (2685.82, 1350.28)
[M::mem_pestat] low and high boundaries for proper pairs: (1, 11110)
[M::mem_pestat] analyzing insert size distribution for orientation RR...
[M::mem_pestat] (25, 50, 75) percentile: (1056, 1521, 2166)
[M::mem_pestat] low and high boundaries for computing mean and std.dev: (1, 4386)
[M::mem_pestat] mean and std.dev: (1569.64, 896.90)
[M::mem_pestat] low and high boundaries for proper pairs: (1, 5496)
[M::mem_pestat] skip orientation FF
[M::mem_pestat] skip orientation RF
[M::mem_pestat] skip orientation RR
[M::mem_process_seqs] Processed 266668 reads in 296.812 CPU sec, 74.709 real sec
[M::process] read 266668 sequences (40000200 bp)...
[M::mem_pestat] # candidate unique pairs for (FF, FR, RF, RR): (92, 43928, 7, 96)
[M::mem_pestat] analyzing insert size distribution for orientation FF...
[M::mem_pestat] (25, 50, 75) percentile: (354, 1101, 2002)
[M::mem_pestat] low and high boundaries for computing mean and std.dev: (1, 5298)
[M::mem_pestat] mean and std.dev: (1280.07, 1130.28)
[M::mem_pestat] low and high boundaries for proper pairs: (1, 6946)
[M::mem_pestat] analyzing insert size distribution for orientation FR...
[M::mem_pestat] (25, 50, 75) percentile: (511, 530, 562)
[M::mem_pestat] low and high boundaries for computing mean and std.dev: (409, 664)
[M::mem_pestat] mean and std.dev: (540.27, 36.48)
[M::mem_pestat] low and high boundaries for proper pairs: (358, 715)
[M::mem_pestat] skip orientation RF as there are not enough pairs
[M::mem_pestat] analyzing insert size distribution for orientation RR...
[M::mem_pestat] (25, 50, 75) percentile: (977, 1363, 2466)
[M::mem_pestat] low and high boundaries for computing mean and std.dev: (1, 5444)
[M::mem_pestat] mean and std.dev: (1601.71, 1087.06)
[M::mem_pestat] low and high boundaries for proper pairs: (1, 6933)
[M::mem_pestat] skip orientation FF
[M::mem_pestat] skip orientation RR
[M::mem_process_seqs] Processed 266668 reads in 294.014 CPU sec, 74.154 real sec
[M::process] read 266668 sequences (40000200 bp)...
[M::mem_pestat] # candidate unique pairs for (FF, FR, RF, RR): (101, 44385, 12, 87)
[M::mem_pestat] analyzing insert size distribution for orientation FF...
[M::mem_pestat] (25, 50, 75) percentile: (510, 1143, 2237)
[M::mem_pestat] low and high boundaries for computing mean and std.dev: (1, 5691)
[M::mem_pestat] mean and std.dev: (1509.46, 1263.55)
[M::mem_pestat] low and high boundaries for proper pairs: (1, 7418)
[M::mem_pestat] analyzing insert size distribution for orientation FR...
[M::mem_pestat] (25, 50, 75) percentile: (511, 530, 562)
[M::mem_pestat] low and high boundaries for computing mean and std.dev: (409, 664)
[M::mem_pestat] mean and std.dev: (540.16, 36.53)
[M::mem_pestat] low and high boundaries for proper pairs: (358, 715)
[M::mem_pestat] analyzing insert size distribution for orientation RF...
[M::mem_pestat] (25, 50, 75) percentile: (120, 597, 4873)
[M::mem_pestat] low and high boundaries for computing mean and std.dev: (1, 14379)
[M::mem_pestat] mean and std.dev: (2239.50, 2888.39)
[M::mem_pestat] low and high boundaries for proper pairs: (1, 19132)
[M::mem_pestat] analyzing insert size distribution for orientation RR...
[M::mem_pestat] (25, 50, 75) percentile: (917, 1432, 2176)
[M::mem_pestat] low and high boundaries for computing mean and std.dev: (1, 4694)
[M::mem_pestat] mean and std.dev: (1536.53, 936.10)
[M::mem_pestat] low and high boundaries for proper pairs: (1, 5953)
[M::mem_pestat] skip orientation FF
[M::mem_pestat] skip orientation RF
[M::mem_pestat] skip orientation RR
[M::mem_process_seqs] Processed 266668 reads in 296.625 CPU sec, 74.960 real sec
[M::process] read 266668 sequences (40000200 bp)...
[M::mem_pestat] # candidate unique pairs for (FF, FR, RF, RR): (86, 44007, 12, 72)
[M::mem_pestat] analyzing insert size distribution for orientation FF...
[M::mem_pestat] (25, 50, 75) percentile: (419, 1109, 2105)
[M::mem_pestat] low and high boundaries for computing mean and std.dev: (1, 5477)
[M::mem_pestat] mean and std.dev: (1367.60, 1211.01)
[M::mem_pestat] low and high boundaries for proper pairs: (1, 7163)
[M::mem_pestat] analyzing insert size distribution for orientation FR...
[M::mem_pestat] (25, 50, 75) percentile: (512, 530, 562)
[M::mem_pestat] low and high boundaries for computing mean and std.dev: (412, 662)
[M::mem_pestat] mean and std.dev: (539.95, 35.94)
[M::mem_pestat] low and high boundaries for proper pairs: (362, 712)
[M::mem_pestat] analyzing insert size distribution for orientation RF...
[M::mem_pestat] (25, 50, 75) percentile: (616, 2799, 4045)
[M::mem_pestat] low and high boundaries for computing mean and std.dev: (1, 10903)
[M::mem_pestat] mean and std.dev: (2973.83, 2799.25)
[M::mem_pestat] low and high boundaries for proper pairs: (1, 14332)
[M::mem_pestat] analyzing insert size distribution for orientation RR...
[M::mem_pestat] (25, 50, 75) percentile: (972, 1359, 2483)
[M::mem_pestat] low and high boundaries for computing mean and std.dev: (1, 5505)
[M::mem_pestat] mean and std.dev: (1683.46, 1066.58)
[M::mem_pestat] low and high boundaries for proper pairs: (1, 7016)
[M::mem_pestat] skip orientation FF
[M::mem_pestat] skip orientation RF
[M::mem_pestat] skip orientation RR
[M::mem_process_seqs] Processed 266668 reads in 292.552 CPU sec, 73.569 real sec
[M::process] read 266668 sequences (40000200 bp)...
[M::mem_pestat] # candidate unique pairs for (FF, FR, RF, RR): (97, 44279, 9, 95)
[M::mem_pestat] analyzing insert size distribution for orientation FF...
[M::mem_pestat] (25, 50, 75) percentile: (358, 1069, 2035)
[M::mem_pestat] low and high boundaries for computing mean and std.dev: (1, 5389)
[M::mem_pestat] mean and std.dev: (1347.10, 1190.81)
[M::mem_pestat] low and high boundaries for proper pairs: (1, 7066)
[M::mem_pestat] analyzing insert size distribution for orientation FR...
[M::mem_pestat] (25, 50, 75) percentile: (511, 530, 562)
[M::mem_pestat] low and high boundaries for computing mean and std.dev: (409, 664)
[M::mem_pestat] mean and std.dev: (540.39, 36.57)
[M::mem_pestat] low and high boundaries for proper pairs: (358, 715)
[M::mem_pestat] skip orientation RF as there are not enough pairs
[M::mem_pestat] analyzing insert size distribution for orientation RR...
[M::mem_pestat] (25, 50, 75) percentile: (860, 1467, 2590)
[M::mem_pestat] low and high boundaries for computing mean and std.dev: (1, 6050)
[M::mem_pestat] mean and std.dev: (1714.02, 1225.80)
[M::mem_pestat] low and high boundaries for proper pairs: (1, 7780)
[M::mem_pestat] skip orientation FF
[M::mem_pestat] skip orientation RR
[M::mem_process_seqs] Processed 266668 reads in 294.530 CPU sec, 73.887 real sec
[M::process] read 266668 sequences (40000200 bp)...
[M::mem_pestat] # candidate unique pairs for (FF, FR, RF, RR): (91, 44506, 18, 91)
[M::mem_pestat] analyzing insert size distribution for orientation FF...
[M::mem_pestat] (25, 50, 75) percentile: (495, 1213, 2386)
[M::mem_pestat] low and high boundaries for computing mean and std.dev: (1, 6168)
[M::mem_pestat] mean and std.dev: (1534.20, 1300.03)
[M::mem_pestat] low and high boundaries for proper pairs: (1, 8059)
[M::mem_pestat] analyzing insert size distribution for orientation FR...
[M::mem_pestat] (25, 50, 75) percentile: (512, 530, 562)
[M::mem_pestat] low and high boundaries for computing mean and std.dev: (412, 662)
[M::mem_pestat] mean and std.dev: (540.28, 36.07)
[M::mem_pestat] low and high boundaries for proper pairs: (362, 712)
[M::mem_pestat] analyzing insert size distribution for orientation RF...
[M::mem_pestat] (25, 50, 75) percentile: (173, 1992, 3945)
[M::mem_pestat] low and high boundaries for computing mean and std.dev: (1, 11489)
[M::mem_pestat] mean and std.dev: (2564.78, 2672.57)
[M::mem_pestat] low and high boundaries for proper pairs: (1, 15261)
[M::mem_pestat] analyzing insert size distribution for orientation RR...
[M::mem_pestat] (25, 50, 75) percentile: (992, 1346, 2606)
[M::mem_pestat] low and high boundaries for computing mean and std.dev: (1, 5834)
[M::mem_pestat] mean and std.dev: (1823.25, 1303.30)
[M::mem_pestat] low and high boundaries for proper pairs: (1, 7448)
[M::mem_pestat] skip orientation FF
[M::mem_pestat] skip orientation RF
[M::mem_pestat] skip orientation RR
[M::mem_process_seqs] Processed 266668 reads in 296.821 CPU sec, 74.428 real sec
[M::process] read 266668 sequences (40000200 bp)...
[M::mem_pestat] # candidate unique pairs for (FF, FR, RF, RR): (102, 43919, 14, 95)
[M::mem_pestat] analyzing insert size distribution for orientation FF...
[M::mem_pestat] (25, 50, 75) percentile: (534, 1325, 2245)
[M::mem_pestat] low and high boundaries for computing mean and std.dev: (1, 5667)
[M::mem_pestat] mean and std.dev: (1522.32, 1282.69)
[M::mem_pestat] low and high boundaries for proper pairs: (1, 7378)
[M::mem_pestat] analyzing insert size distribution for orientation FR...
[M::mem_pestat] (25, 50, 75) percentile: (511, 530, 562)
[M::mem_pestat] low and high boundaries for computing mean and std.dev: (409, 664)
[M::mem_pestat] mean and std.dev: (540.31, 36.36)
[M::mem_pestat] low and high boundaries for proper pairs: (358, 715)
[M::mem_pestat] analyzing insert size distribution for orientation RF...
[M::mem_pestat] (25, 50, 75) percentile: (480, 892, 4387)
[M::mem_pestat] low and high boundaries for computing mean and std.dev: (1, 12201)
[M::mem_pestat] mean and std.dev: (2270.57, 2637.68)
[M::mem_pestat] low and high boundaries for proper pairs: (1, 16108)
[M::mem_pestat] analyzing insert size distribution for orientation RR...
[M::mem_pestat] (25, 50, 75) percentile: (1036, 1388, 2375)
[M::mem_pestat] low and high boundaries for computing mean and std.dev: (1, 5053)
[M::mem_pestat] mean and std.dev: (1574.43, 914.36)
[M::mem_pestat] low and high boundaries for proper pairs: (1, 6392)
[M::mem_pestat] skip orientation FF
[M::mem_pestat] skip orientation RF
[M::mem_pestat] skip orientation RR
[M::mem_process_seqs] Processed 266668 reads in 296.979 CPU sec, 74.413 real sec
[M::process] read 266668 sequences (40000200 bp)...
[M::mem_pestat] # candidate unique pairs for (FF, FR, RF, RR): (101, 44732, 12, 101)
[M::mem_pestat] analyzing insert size distribution for orientation FF...
[M::mem_pestat] (25, 50, 75) percentile: (356, 887, 1849)
[M::mem_pestat] low and high boundaries for computing mean and std.dev: (1, 4835)
[M::mem_pestat] mean and std.dev: (1212.09, 1089.11)
[M::mem_pestat] low and high boundaries for proper pairs: (1, 6328)
[M::mem_pestat] analyzing insert size distribution for orientation FR...
[M::mem_pestat] (25, 50, 75) percentile: (512, 531, 562)
[M::mem_pestat] low and high boundaries for computing mean and std.dev: (412, 662)
[M::mem_pestat] mean and std.dev: (540.27, 35.94)
[M::mem_pestat] low and high boundaries for proper pairs: (362, 712)
[M::mem_pestat] analyzing insert size distribution for orientation RF...
[M::mem_pestat] (25, 50, 75) percentile: (1504, 2874, 5390)
[M::mem_pestat] low and high boundaries for computing mean and std.dev: (1, 13162)
[M::mem_pestat] mean and std.dev: (3160.92, 1960.70)
[M::mem_pestat] low and high boundaries for proper pairs: (1, 17048)
[M::mem_pestat] analyzing insert size distribution for orientation RR...
[M::mem_pestat] (25, 50, 75) percentile: (918, 1515, 2425)
[M::mem_pestat] low and high boundaries for computing mean and std.dev: (1, 5439)
[M::mem_pestat] mean and std.dev: (1763.41, 1226.21)
[M::mem_pestat] low and high boundaries for proper pairs: (1, 6946)
[M::mem_pestat] skip orientation FF
[M::mem_pestat] skip orientation RF
[M::mem_pestat] skip orientation RR
[M::mem_process_seqs] Processed 266668 reads in 292.367 CPU sec, 73.300 real sec
[M::process] read 266668 sequences (40000200 bp)...
[M::mem_pestat] # candidate unique pairs for (FF, FR, RF, RR): (105, 44685, 9, 85)
[M::mem_pestat] analyzing insert size distribution for orientation FF...
[M::mem_pestat] (25, 50, 75) percentile: (265, 1149, 2451)
[M::mem_pestat] low and high boundaries for computing mean and std.dev: (1, 6823)
[M::mem_pestat] mean and std.dev: (1610.66, 1617.34)
[M::mem_pestat] low and high boundaries for proper pairs: (1, 9009)
[M::mem_pestat] analyzing insert size distribution for orientation FR...
[M::mem_pestat] (25, 50, 75) percentile: (511, 530, 562)
[M::mem_pestat] low and high boundaries for computing mean and std.dev: (409, 664)
[M::mem_pestat] mean and std.dev: (540.27, 36.48)
[M::mem_pestat] low and high boundaries for proper pairs: (358, 715)
[M::mem_pestat] skip orientation RF as there are not enough pairs
[M::mem_pestat] analyzing insert size distribution for orientation RR...
[M::mem_pestat] (25, 50, 75) percentile: (848, 1392, 3080)
[M::mem_pestat] low and high boundaries for computing mean and std.dev: (1, 7544)
[M::mem_pestat] mean and std.dev: (1988.41, 1752.17)
[M::mem_pestat] low and high boundaries for proper pairs: (1, 9776)
[M::mem_pestat] skip orientation FF
[M::mem_pestat] skip orientation RR
[M::mem_process_seqs] Processed 266668 reads in 294.872 CPU sec, 76.295 real sec
[M::process] read 266668 sequences (40000200 bp)...
[M::mem_pestat] # candidate unique pairs for (FF, FR, RF, RR): (85, 44354, 12, 95)
[M::mem_pestat] analyzing insert size distribution for orientation FF...
[M::mem_pestat] (25, 50, 75) percentile: (606, 1496, 3064)
[M::mem_pestat] low and high boundaries for computing mean and std.dev: (1, 7980)
[M::mem_pestat] mean and std.dev: (1859.51, 1579.59)
[M::mem_pestat] low and high boundaries for proper pairs: (1, 10438)
[M::mem_pestat] analyzing insert size distribution for orientation FR...
[M::mem_pestat] (25, 50, 75) percentile: (511, 530, 562)
[M::mem_pestat] low and high boundaries for computing mean and std.dev: (409, 664)
[M::mem_pestat] mean and std.dev: (540.35, 36.55)
[M::mem_pestat] low and high boundaries for proper pairs: (358, 715)
[M::mem_pestat] analyzing insert size distribution for orientation RF...
[M::mem_pestat] (25, 50, 75) percentile: (2662, 3787, 4763)
[M::mem_pestat] low and high boundaries for computing mean and std.dev: (1, 8965)
[M::mem_pestat] mean and std.dev: (3595.67, 2226.10)
[M::mem_pestat] low and high boundaries for proper pairs: (1, 12500)
[M::mem_pestat] analyzing insert size distribution for orientation RR...
[M::mem_pestat] (25, 50, 75) percentile: (961, 1470, 2083)
[M::mem_pestat] low and high boundaries for computing mean and std.dev: (1, 4327)
[M::mem_pestat] mean and std.dev: (1561.22, 907.93)
[M::mem_pestat] low and high boundaries for proper pairs: (1, 5449)
[M::mem_pestat] skip orientation FF
[M::mem_pestat] skip orientation RF
[M::mem_pestat] skip orientation RR
[M::mem_process_seqs] Processed 266668 reads in 296.851 CPU sec, 76.788 real sec
[M::process] read 266668 sequences (40000200 bp)...
[M::mem_pestat] # candidate unique pairs for (FF, FR, RF, RR): (85, 44585, 14, 71)
[M::mem_pestat] analyzing insert size distribution for orientation FF...
[M::mem_pestat] (25, 50, 75) percentile: (541, 1347, 2019)
[M::mem_pestat] low and high boundaries for computing mean and std.dev: (1, 4975)
[M::mem_pestat] mean and std.dev: (1375.80, 1023.25)
[M::mem_pestat] low and high boundaries for proper pairs: (1, 6453)
[M::mem_pestat] analyzing insert size distribution for orientation FR...
[M::mem_pestat] (25, 50, 75) percentile: (512, 530, 562)
[M::mem_pestat] low and high boundaries for computing mean and std.dev: (412, 662)
[M::mem_pestat] mean and std.dev: (540.30, 36.19)
[M::mem_pestat] low and high boundaries for proper pairs: (362, 712)
[M::mem_pestat] analyzing insert size distribution for orientation RF...
[M::mem_pestat] (25, 50, 75) percentile: (665, 1975, 3867)
[M::mem_pestat] low and high boundaries for computing mean and std.dev: (1, 10271)
[M::mem_pestat] mean and std.dev: (2370.50, 1917.80)
[M::mem_pestat] low and high boundaries for proper pairs: (1, 13473)
[M::mem_pestat] analyzing insert size distribution for orientation RR...
[M::mem_pestat] (25, 50, 75) percentile: (1047, 1496, 2081)
[M::mem_pestat] low and high boundaries for computing mean and std.dev: (1, 4149)
[M::mem_pestat] mean and std.dev: (1499.65, 838.64)
[M::mem_pestat] low and high boundaries for proper pairs: (1, 5183)
[M::mem_pestat] skip orientation FF
[M::mem_pestat] skip orientation RF
[M::mem_pestat] skip orientation RR
[M::mem_process_seqs] Processed 266668 reads in 297.385 CPU sec, 76.740 real sec
[M::process] read 266668 sequences (40000200 bp)...
[M::mem_pestat] # candidate unique pairs for (FF, FR, RF, RR): (99, 44448, 16, 98)
[M::mem_pestat] analyzing insert size distribution for orientation FF...
[M::mem_pestat] (25, 50, 75) percentile: (615, 1167, 2108)
[M::mem_pestat] low and high boundaries for computing mean and std.dev: (1, 5094)
[M::mem_pestat] mean and std.dev: (1388.76, 1066.02)
[M::mem_pestat] low and high boundaries for proper pairs: (1, 6587)
[M::mem_pestat] analyzing insert size distribution for orientation FR...
[M::mem_pestat] (25, 50, 75) percentile: (512, 530, 562)
[M::mem_pestat] low and high boundaries for computing mean and std.dev: (412, 662)
[M::mem_pestat] mean and std.dev: (540.33, 36.18)
[M::mem_pestat] low and high boundaries for proper pairs: (362, 712)
[M::mem_pestat] analyzing insert size distribution for orientation RF...
[M::mem_pestat] (25, 50, 75) percentile: (430, 1524, 3893)
[M::mem_pestat] low and high boundaries for computing mean and std.dev: (1, 10819)
[M::mem_pestat] mean and std.dev: (2362.62, 2604.94)
[M::mem_pestat] low and high boundaries for proper pairs: (1, 14282)
[M::mem_pestat] analyzing insert size distribution for orientation RR...
[M::mem_pestat] (25, 50, 75) percentile: (908, 1648, 2945)
[M::mem_pestat] low and high boundaries for computing mean and std.dev: (1, 7019)
[M::mem_pestat] mean and std.dev: (2025.10, 1610.15)
[M::mem_pestat] low and high boundaries for proper pairs: (1, 9056)
[M::mem_pestat] skip orientation FF
[M::mem_pestat] skip orientation RF
[M::mem_pestat] skip orientation RR
[M::mem_process_seqs] Processed 266668 reads in 294.545 CPU sec, 74.136 real sec
[M::process] read 266668 sequences (40000200 bp)...
[M::mem_pestat] # candidate unique pairs for (FF, FR, RF, RR): (114, 44265, 13, 86)
[M::mem_pestat] analyzing insert size distribution for orientation FF...
[M::mem_pestat] (25, 50, 75) percentile: (476, 1178, 2070)
[M::mem_pestat] low and high boundaries for computing mean and std.dev: (1, 5258)
[M::mem_pestat] mean and std.dev: (1366.76, 1140.32)
[M::mem_pestat] low and high boundaries for proper pairs: (1, 6852)
[M::mem_pestat] analyzing insert size distribution for orientation FR...
[M::mem_pestat] (25, 50, 75) percentile: (512, 531, 562)
[M::mem_pestat] low and high boundaries for computing mean and std.dev: (412, 662)
[M::mem_pestat] mean and std.dev: (540.28, 35.91)
[M::mem_pestat] low and high boundaries for proper pairs: (362, 712)
[M::mem_pestat] analyzing insert size distribution for orientation RF...
[M::mem_pestat] (25, 50, 75) percentile: (1240, 3115, 4449)
[M::mem_pestat] low and high boundaries for computing mean and std.dev: (1, 10867)
[M::mem_pestat] mean and std.dev: (3074.23, 2399.89)
[M::mem_pestat] low and high boundaries for proper pairs: (1, 14076)
[M::mem_pestat] analyzing insert size distribution for orientation RR...
[M::mem_pestat] (25, 50, 75) percentile: (805, 1300, 2060)
[M::mem_pestat] low and high boundaries for computing mean and std.dev: (1, 4570)
[M::mem_pestat] mean and std.dev: (1498.82, 980.74)
[M::mem_pestat] low and high boundaries for proper pairs: (1, 5825)
[M::mem_pestat] skip orientation FF
[M::mem_pestat] skip orientation RF
[M::mem_pestat] skip orientation RR
[M::mem_process_seqs] Processed 266668 reads in 294.172 CPU sec, 73.838 real sec
[M::process] read 266668 sequences (40000200 bp)...
[M::mem_pestat] # candidate unique pairs for (FF, FR, RF, RR): (73, 44592, 10, 86)
[M::mem_pestat] analyzing insert size distribution for orientation FF...
[M::mem_pestat] (25, 50, 75) percentile: (245, 802, 1580)
[M::mem_pestat] low and high boundaries for computing mean and std.dev: (1, 4250)
[M::mem_pestat] mean and std.dev: (934.76, 867.01)
[M::mem_pestat] low and high boundaries for proper pairs: (1, 5585)
[M::mem_pestat] analyzing insert size distribution for orientation FR...
[M::mem_pestat] (25, 50, 75) percentile: (512, 530, 562)
[M::mem_pestat] low and high boundaries for computing mean and std.dev: (412, 662)
[M::mem_pestat] mean and std.dev: (540.19, 35.86)
[M::mem_pestat] low and high boundaries for proper pairs: (362, 712)
[M::mem_pestat] analyzing insert size distribution for orientation RF...
[M::mem_pestat] (25, 50, 75) percentile: (44, 2395, 4727)
[M::mem_pestat] low and high boundaries for computing mean and std.dev: (1, 14093)
[M::mem_pestat] mean and std.dev: (2669.90, 2453.73)
[M::mem_pestat] low and high boundaries for proper pairs: (1, 18776)
[M::mem_pestat] analyzing insert size distribution for orientation RR...
[M::mem_pestat] (25, 50, 75) percentile: (1000, 1480, 2493)
[M::mem_pestat] low and high boundaries for computing mean and std.dev: (1, 5479)
[M::mem_pestat] mean and std.dev: (1730.30, 1125.97)
[M::mem_pestat] low and high boundaries for proper pairs: (1, 6972)
[M::mem_pestat] skip orientation FF
[M::mem_pestat] skip orientation RF
[M::mem_pestat] skip orientation RR
[M::mem_process_seqs] Processed 266668 reads in 293.096 CPU sec, 73.584 real sec
[M::process] read 266668 sequences (40000200 bp)...
[M::mem_pestat] # candidate unique pairs for (FF, FR, RF, RR): (99, 44780, 12, 95)
[M::mem_pestat] analyzing insert size distribution for orientation FF...
[M::mem_pestat] (25, 50, 75) percentile: (332, 1180, 2055)
[M::mem_pestat] low and high boundaries for computing mean and std.dev: (1, 5501)
[M::mem_pestat] mean and std.dev: (1367.77, 1160.60)
[M::mem_pestat] low and high boundaries for proper pairs: (1, 7224)
[M::mem_pestat] analyzing insert size distribution for orientation FR...
[M::mem_pestat] (25, 50, 75) percentile: (512, 531, 563)
[M::mem_pestat] low and high boundaries for computing mean and std.dev: (410, 665)
[M::mem_pestat] mean and std.dev: (540.78, 36.91)
[M::mem_pestat] low and high boundaries for proper pairs: (359, 716)
[M::mem_pestat] analyzing insert size distribution for orientation RF...
[M::mem_pestat] (25, 50, 75) percentile: (898, 1953, 2756)
[M::mem_pestat] low and high boundaries for computing mean and std.dev: (1, 6472)
[M::mem_pestat] mean and std.dev: (1801.00, 1203.55)
[M::mem_pestat] low and high boundaries for proper pairs: (1, 8330)
[M::mem_pestat] analyzing insert size distribution for orientation RR...
[M::mem_pestat] (25, 50, 75) percentile: (1024, 1397, 2323)
[M::mem_pestat] low and high boundaries for computing mean and std.dev: (1, 4921)
[M::mem_pestat] mean and std.dev: (1645.56, 964.68)
[M::mem_pestat] low and high boundaries for proper pairs: (1, 6220)
[M::mem_pestat] skip orientation FF
[M::mem_pestat] skip orientation RF
[M::mem_pestat] skip orientation RR
[M::mem_process_seqs] Processed 266668 reads in 292.440 CPU sec, 73.402 real sec
[M::process] read 266668 sequences (40000200 bp)...
[M::mem_pestat] # candidate unique pairs for (FF, FR, RF, RR): (74, 44219, 19, 85)
[M::mem_pestat] analyzing insert size distribution for orientation FF...
[M::mem_pestat] (25, 50, 75) percentile: (715, 1595, 2609)
[M::mem_pestat] low and high boundaries for computing mean and std.dev: (1, 6397)
[M::mem_pestat] mean and std.dev: (1672.60, 1343.43)
[M::mem_pestat] low and high boundaries for proper pairs: (1, 8291)
[M::mem_pestat] analyzing insert size distribution for orientation FR...
[M::mem_pestat] (25, 50, 75) percentile: (511, 530, 562)
[M::mem_pestat] low and high boundaries for computing mean and std.dev: (409, 664)
[M::mem_pestat] mean and std.dev: (540.17, 36.59)
[M::mem_pestat] low and high boundaries for proper pairs: (358, 715)
[M::mem_pestat] analyzing insert size distribution for orientation RF...
[M::mem_pestat] (25, 50, 75) percentile: (810, 2167, 3503)
[M::mem_pestat] low and high boundaries for computing mean and std.dev: (1, 8889)
[M::mem_pestat] mean and std.dev: (2455.47, 2324.01)
[M::mem_pestat] low and high boundaries for proper pairs: (1, 11752)
[M::mem_pestat] analyzing insert size distribution for orientation RR...
[M::mem_pestat] (25, 50, 75) percentile: (805, 1367, 2000)
[M::mem_pestat] low and high boundaries for computing mean and std.dev: (1, 4390)
[M::mem_pestat] mean and std.dev: (1498.79, 972.01)
[M::mem_pestat] low and high boundaries for proper pairs: (1, 5585)
[M::mem_pestat] skip orientation FF
[M::mem_pestat] skip orientation RF
[M::mem_pestat] skip orientation RR
[M::mem_process_seqs] Processed 266668 reads in 294.091 CPU sec, 73.832 real sec
[M::process] read 266668 sequences (40000200 bp)...
[M::mem_pestat] # candidate unique pairs for (FF, FR, RF, RR): (94, 44401, 13, 108)
[M::mem_pestat] analyzing insert size distribution for orientation FF...
[M::mem_pestat] (25, 50, 75) percentile: (497, 1145, 1998)
[M::mem_pestat] low and high boundaries for computing mean and std.dev: (1, 5000)
[M::mem_pestat] mean and std.dev: (1286.27, 955.99)
[M::mem_pestat] low and high boundaries for proper pairs: (1, 6501)
[M::mem_pestat] analyzing insert size distribution for orientation FR...
[M::mem_pestat] (25, 50, 75) percentile: (512, 531, 563)
[M::mem_pestat] low and high boundaries for computing mean and std.dev: (410, 665)
[M::mem_pestat] mean and std.dev: (540.76, 36.70)
[M::mem_pestat] low and high boundaries for proper pairs: (359, 716)
[M::mem_pestat] analyzing insert size distribution for orientation RF...
[M::mem_pestat] (25, 50, 75) percentile: (1331, 3421, 6775)
[M::mem_pestat] low and high boundaries for computing mean and std.dev: (1, 17663)
[M::mem_pestat] mean and std.dev: (3902.38, 2862.49)
[M::mem_pestat] low and high boundaries for proper pairs: (1, 23107)
[M::mem_pestat] analyzing insert size distribution for orientation RR...
[M::mem_pestat] (25, 50, 75) percentile: (1006, 1468, 2368)
[M::mem_pestat] low and high boundaries for computing mean and std.dev: (1, 5092)
[M::mem_pestat] mean and std.dev: (1633.88, 969.47)
[M::mem_pestat] low and high boundaries for proper pairs: (1, 6454)
[M::mem_pestat] skip orientation FF
[M::mem_pestat] skip orientation RF
[M::mem_pestat] skip orientation RR
[M::mem_process_seqs] Processed 266668 reads in 294.115 CPU sec, 75.647 real sec
[M::process] read 266668 sequences (40000200 bp)...
[M::mem_pestat] # candidate unique pairs for (FF, FR, RF, RR): (93, 44694, 22, 92)
[M::mem_pestat] analyzing insert size distribution for orientation FF...
[M::mem_pestat] (25, 50, 75) percentile: (555, 1146, 2557)
[M::mem_pestat] low and high boundaries for computing mean and std.dev: (1, 6561)
[M::mem_pestat] mean and std.dev: (1591.87, 1331.13)
[M::mem_pestat] low and high boundaries for proper pairs: (1, 8563)
[M::mem_pestat] analyzing insert size distribution for orientation FR...
[M::mem_pestat] (25, 50, 75) percentile: (512, 531, 563)
[M::mem_pestat] low and high boundaries for computing mean and std.dev: (410, 665)
[M::mem_pestat] mean and std.dev: (540.97, 36.86)
[M::mem_pestat] low and high boundaries for proper pairs: (359, 716)
[M::mem_pestat] analyzing insert size distribution for orientation RF...
[M::mem_pestat] (25, 50, 75) percentile: (303, 1622, 2663)
[M::mem_pestat] low and high boundaries for computing mean and std.dev: (1, 7383)
[M::mem_pestat] mean and std.dev: (1744.77, 1707.78)
[M::mem_pestat] low and high boundaries for proper pairs: (1, 9743)
[M::mem_pestat] analyzing insert size distribution for orientation RR...
[M::mem_pestat] (25, 50, 75) percentile: (759, 1280, 1967)
[M::mem_pestat] low and high boundaries for computing mean and std.dev: (1, 4383)
[M::mem_pestat] mean and std.dev: (1339.24, 917.94)
[M::mem_pestat] low and high boundaries for proper pairs: (1, 5591)
[M::mem_pestat] skip orientation FF
[M::mem_pestat] skip orientation RF
[M::mem_pestat] skip orientation RR
[M::mem_process_seqs] Processed 266668 reads in 296.985 CPU sec, 76.515 real sec
[M::process] read 266668 sequences (40000200 bp)...
[M::mem_pestat] # candidate unique pairs for (FF, FR, RF, RR): (91, 45202, 12, 95)
[M::mem_pestat] analyzing insert size distribution for orientation FF...
[M::mem_pestat] (25, 50, 75) percentile: (552, 1076, 2163)
[M::mem_pestat] low and high boundaries for computing mean and std.dev: (1, 5385)
[M::mem_pestat] mean and std.dev: (1451.68, 1250.07)
[M::mem_pestat] low and high boundaries for proper pairs: (1, 6996)
[M::mem_pestat] analyzing insert size distribution for orientation FR...
[M::mem_pestat] (25, 50, 75) percentile: (512, 530, 563)
[M::mem_pestat] low and high boundaries for computing mean and std.dev: (410, 665)
[M::mem_pestat] mean and std.dev: (540.61, 36.63)
[M::mem_pestat] low and high boundaries for proper pairs: (359, 716)
[M::mem_pestat] analyzing insert size distribution for orientation RF...
[M::mem_pestat] (25, 50, 75) percentile: (156, 2015, 5743)
[M::mem_pestat] low and high boundaries for computing mean and std.dev: (1, 16917)
[M::mem_pestat] mean and std.dev: (2882.42, 3013.22)
[M::mem_pestat] low and high boundaries for proper pairs: (1, 22504)
[M::mem_pestat] analyzing insert size distribution for orientation RR...
[M::mem_pestat] (25, 50, 75) percentile: (909, 1365, 2399)
[M::mem_pestat] low and high boundaries for computing mean and std.dev: (1, 5379)
[M::mem_pestat] mean and std.dev: (1648.72, 1113.47)
[M::mem_pestat] low and high boundaries for proper pairs: (1, 6869)
[M::mem_pestat] skip orientation FF
[M::mem_pestat] skip orientation RF
[M::mem_pestat] skip orientation RR
[M::mem_process_seqs] Processed 266668 reads in 288.391 CPU sec, 74.476 real sec
[M::process] read 266668 sequences (40000200 bp)...
[M::mem_pestat] # candidate unique pairs for (FF, FR, RF, RR): (104, 44591, 11, 102)
[M::mem_pestat] analyzing insert size distribution for orientation FF...
[M::mem_pestat] (25, 50, 75) percentile: (424, 1191, 2124)
[M::mem_pestat] low and high boundaries for computing mean and std.dev: (1, 5524)
[M::mem_pestat] mean and std.dev: (1384.78, 1093.52)
[M::mem_pestat] low and high boundaries for proper pairs: (1, 7224)
[M::mem_pestat] analyzing insert size distribution for orientation FR...
[M::mem_pestat] (25, 50, 75) percentile: (511, 530, 562)
[M::mem_pestat] low and high boundaries for computing mean and std.dev: (409, 664)
[M::mem_pestat] mean and std.dev: (540.31, 36.55)
[M::mem_pestat] low and high boundaries for proper pairs: (358, 715)
[M::mem_pestat] analyzing insert size distribution for orientation RF...
[M::mem_pestat] (25, 50, 75) percentile: (1931, 4022, 6282)
[M::mem_pestat] low and high boundaries for computing mean and std.dev: (1, 14984)
[M::mem_pestat] mean and std.dev: (4410.18, 2618.93)
[M::mem_pestat] low and high boundaries for proper pairs: (1, 19335)
[M::mem_pestat] analyzing insert size distribution for orientation RR...
[M::mem_pestat] (25, 50, 75) percentile: (1118, 1733, 2633)
[M::mem_pestat] low and high boundaries for computing mean and std.dev: (1, 5663)
[M::mem_pestat] mean and std.dev: (1768.11, 1059.68)
[M::mem_pestat] low and high boundaries for proper pairs: (1, 7178)
[M::mem_pestat] skip orientation FF
[M::mem_pestat] skip orientation RF
[M::mem_pestat] skip orientation RR
[M::mem_process_seqs] Processed 266668 reads in 295.092 CPU sec, 74.537 real sec
[M::process] read 266668 sequences (40000200 bp)...
[M::mem_pestat] # candidate unique pairs for (FF, FR, RF, RR): (101, 44363, 10, 80)
[M::mem_pestat] analyzing insert size distribution for orientation FF...
[M::mem_pestat] (25, 50, 75) percentile: (511, 1230, 2574)
[M::mem_pestat] low and high boundaries for computing mean and std.dev: (1, 6700)
[M::mem_pestat] mean and std.dev: (1587.45, 1381.70)
[M::mem_pestat] low and high boundaries for proper pairs: (1, 8763)
[M::mem_pestat] analyzing insert size distribution for orientation FR...
[M::mem_pestat] (25, 50, 75) percentile: (511, 530, 562)
[M::mem_pestat] low and high boundaries for computing mean and std.dev: (409, 664)
[M::mem_pestat] mean and std.dev: (540.18, 36.20)
[M::mem_pestat] low and high boundaries for proper pairs: (358, 715)
[M::mem_pestat] analyzing insert size distribution for orientation RF...
[M::mem_pestat] (25, 50, 75) percentile: (1936, 4488, 5629)
[M::mem_pestat] low and high boundaries for computing mean and std.dev: (1, 13015)
[M::mem_pestat] mean and std.dev: (4447.90, 2936.44)
[M::mem_pestat] low and high boundaries for proper pairs: (1, 16708)
[M::mem_pestat] analyzing insert size distribution for orientation RR...
[M::mem_pestat] (25, 50, 75) percentile: (797, 1453, 2667)
[M::mem_pestat] low and high boundaries for computing mean and std.dev: (1, 6407)
[M::mem_pestat] mean and std.dev: (1780.47, 1368.92)
[M::mem_pestat] low and high boundaries for proper pairs: (1, 8277)
[M::mem_pestat] skip orientation FF
[M::mem_pestat] skip orientation RF
[M::mem_pestat] skip orientation RR
[M::mem_process_seqs] Processed 266668 reads in 292.571 CPU sec, 73.457 real sec
[M::process] read 266668 sequences (40000200 bp)...
[M::mem_pestat] # candidate unique pairs for (FF, FR, RF, RR): (109, 44965, 3, 89)
[M::mem_pestat] analyzing insert size distribution for orientation FF...
[M::mem_pestat] (25, 50, 75) percentile: (480, 1039, 2362)
[M::mem_pestat] low and high boundaries for computing mean and std.dev: (1, 6126)
[M::mem_pestat] mean and std.dev: (1515.36, 1458.50)
[M::mem_pestat] low and high boundaries for proper pairs: (1, 8008)
[M::mem_pestat] analyzing insert size distribution for orientation FR...
[M::mem_pestat] (25, 50, 75) percentile: (512, 531, 563)
[M::mem_pestat] low and high boundaries for computing mean and std.dev: (410, 665)
[M::mem_pestat] mean and std.dev: (540.71, 36.74)
[M::mem_pestat] low and high boundaries for proper pairs: (359, 716)
[M::mem_pestat] skip orientation RF as there are not enough pairs
[M::mem_pestat] analyzing insert size distribution for orientation RR...
[M::mem_pestat] (25, 50, 75) percentile: (1050, 1489, 2311)
[M::mem_pestat] low and high boundaries for computing mean and std.dev: (1, 4833)
[M::mem_pestat] mean and std.dev: (1562.18, 880.29)
[M::mem_pestat] low and high boundaries for proper pairs: (1, 6094)
[M::mem_pestat] skip orientation FF
[M::mem_pestat] skip orientation RR
[M::mem_process_seqs] Processed 266668 reads in 294.115 CPU sec, 73.853 real sec
[M::process] read 266668 sequences (40000200 bp)...
[M::mem_pestat] # candidate unique pairs for (FF, FR, RF, RR): (90, 44847, 8, 78)
[M::mem_pestat] analyzing insert size distribution for orientation FF...
[M::mem_pestat] (25, 50, 75) percentile: (537, 1263, 2027)
[M::mem_pestat] low and high boundaries for computing mean and std.dev: (1, 5007)
[M::mem_pestat] mean and std.dev: (1406.40, 1103.29)
[M::mem_pestat] low and high boundaries for proper pairs: (1, 6497)
[M::mem_pestat] analyzing insert size distribution for orientation FR...
[M::mem_pestat] (25, 50, 75) percentile: (512, 530, 562)
[M::mem_pestat] low and high boundaries for computing mean and std.dev: (412, 662)
[M::mem_pestat] mean and std.dev: (540.23, 36.01)
[M::mem_pestat] low and high boundaries for proper pairs: (362, 712)
[M::mem_pestat] skip orientation RF as there are not enough pairs
[M::mem_pestat] analyzing insert size distribution for orientation RR...
[M::mem_pestat] (25, 50, 75) percentile: (964, 1352, 2716)
[M::mem_pestat] low and high boundaries for computing mean and std.dev: (1, 6220)
[M::mem_pestat] mean and std.dev: (1797.69, 1405.14)
[M::mem_pestat] low and high boundaries for proper pairs: (1, 7972)
[M::mem_pestat] skip orientation FF
[M::mem_pestat] skip orientation RR
[M::mem_process_seqs] Processed 266668 reads in 287.460 CPU sec, 72.053 real sec
[M::process] read 266668 sequences (40000200 bp)...
[M::mem_pestat] # candidate unique pairs for (FF, FR, RF, RR): (96, 44543, 17, 85)
[M::mem_pestat] analyzing insert size distribution for orientation FF...
[M::mem_pestat] (25, 50, 75) percentile: (830, 1309, 2444)
[M::mem_pestat] low and high boundaries for computing mean and std.dev: (1, 5672)
[M::mem_pestat] mean and std.dev: (1603.01, 1178.32)
[M::mem_pestat] low and high boundaries for proper pairs: (1, 7286)
[M::mem_pestat] analyzing insert size distribution for orientation FR...
[M::mem_pestat] (25, 50, 75) percentile: (512, 530, 562)
[M::mem_pestat] low and high boundaries for computing mean and std.dev: (412, 662)
[M::mem_pestat] mean and std.dev: (540.23, 36.06)
[M::mem_pestat] low and high boundaries for proper pairs: (362, 712)
[M::mem_pestat] analyzing insert size distribution for orientation RF...
[M::mem_pestat] (25, 50, 75) percentile: (753, 2043, 3754)
[M::mem_pestat] low and high boundaries for computing mean and std.dev: (1, 9756)
[M::mem_pestat] mean and std.dev: (2124.94, 1651.24)
[M::mem_pestat] low and high boundaries for proper pairs: (1, 12757)
[M::mem_pestat] analyzing insert size distribution for orientation RR...
[M::mem_pestat] (25, 50, 75) percentile: (854, 1812, 3131)
[M::mem_pestat] low and high boundaries for computing mean and std.dev: (1, 7685)
[M::mem_pestat] mean and std.dev: (2194.28, 1749.29)
[M::mem_pestat] low and high boundaries for proper pairs: (1, 9962)
[M::mem_pestat] skip orientation FF
[M::mem_pestat] skip orientation RF
[M::mem_pestat] skip orientation RR
[M::mem_process_seqs] Processed 266668 reads in 293.505 CPU sec, 73.638 real sec
[M::process] read 266668 sequences (40000200 bp)...
[M::mem_pestat] # candidate unique pairs for (FF, FR, RF, RR): (93, 44556, 16, 90)
[M::mem_pestat] analyzing insert size distribution for orientation FF...
[M::mem_pestat] (25, 50, 75) percentile: (449, 1397, 2293)
[M::mem_pestat] low and high boundaries for computing mean and std.dev: (1, 5981)
[M::mem_pestat] mean and std.dev: (1499.43, 1267.65)
[M::mem_pestat] low and high boundaries for proper pairs: (1, 7825)
[M::mem_pestat] analyzing insert size distribution for orientation FR...
[M::mem_pestat] (25, 50, 75) percentile: (512, 530, 562)
[M::mem_pestat] low and high boundaries for computing mean and std.dev: (412, 662)
[M::mem_pestat] mean and std.dev: (540.23, 36.15)
[M::mem_pestat] low and high boundaries for proper pairs: (362, 712)
[M::mem_pestat] analyzing insert size distribution for orientation RF...
[M::mem_pestat] (25, 50, 75) percentile: (542, 1986, 4382)
[M::mem_pestat] low and high boundaries for computing mean and std.dev: (1, 12062)
[M::mem_pestat] mean and std.dev: (2732.88, 2689.92)
[M::mem_pestat] low and high boundaries for proper pairs: (1, 15902)
[M::mem_pestat] analyzing insert size distribution for orientation RR...
[M::mem_pestat] (25, 50, 75) percentile: (896, 1579, 2906)
[M::mem_pestat] low and high boundaries for computing mean and std.dev: (1, 6926)
[M::mem_pestat] mean and std.dev: (1942.77, 1390.37)
[M::mem_pestat] low and high boundaries for proper pairs: (1, 8936)
[M::mem_pestat] skip orientation FF
[M::mem_pestat] skip orientation RF
[M::mem_pestat] skip orientation RR
[M::mem_process_seqs] Processed 266668 reads in 290.290 CPU sec, 73.703 real sec
[M::process] read 266668 sequences (40000200 bp)...
[M::mem_pestat] # candidate unique pairs for (FF, FR, RF, RR): (84, 44795, 11, 106)
[M::mem_pestat] analyzing insert size distribution for orientation FF...
[M::mem_pestat] (25, 50, 75) percentile: (408, 1272, 2102)
[M::mem_pestat] low and high boundaries for computing mean and std.dev: (1, 5490)
[M::mem_pestat] mean and std.dev: (1403.84, 1105.87)
[M::mem_pestat] low and high boundaries for proper pairs: (1, 7184)
[M::mem_pestat] analyzing insert size distribution for orientation FR...
[M::mem_pestat] (25, 50, 75) percentile: (512, 531, 562)
[M::mem_pestat] low and high boundaries for computing mean and std.dev: (412, 662)
[M::mem_pestat] mean and std.dev: (540.47, 36.26)
[M::mem_pestat] low and high boundaries for proper pairs: (362, 712)
[M::mem_pestat] analyzing insert size distribution for orientation RF...
[M::mem_pestat] (25, 50, 75) percentile: (1672, 2118, 5512)
[M::mem_pestat] low and high boundaries for computing mean and std.dev: (1, 13192)
[M::mem_pestat] mean and std.dev: (3318.36, 2787.64)
[M::mem_pestat] low and high boundaries for proper pairs: (1, 17032)
[M::mem_pestat] analyzing insert size distribution for orientation RR...
[M::mem_pestat] (25, 50, 75) percentile: (953, 1542, 2278)
[M::mem_pestat] low and high boundaries for computing mean and std.dev: (1, 4928)
[M::mem_pestat] mean and std.dev: (1591.35, 969.79)
[M::mem_pestat] low and high boundaries for proper pairs: (1, 6253)
[M::mem_pestat] skip orientation FF
[M::mem_pestat] skip orientation RF
[M::mem_pestat] skip orientation RR
[M::mem_process_seqs] Processed 266668 reads in 289.561 CPU sec, 73.570 real sec
[M::process] read 266668 sequences (40000200 bp)...
[M::mem_pestat] # candidate unique pairs for (FF, FR, RF, RR): (106, 44644, 7, 86)
[M::mem_pestat] analyzing insert size distribution for orientation FF...
[M::mem_pestat] (25, 50, 75) percentile: (361, 1176, 2056)
[M::mem_pestat] low and high boundaries for computing mean and std.dev: (1, 5446)
[M::mem_pestat] mean and std.dev: (1374.31, 1238.09)
[M::mem_pestat] low and high boundaries for proper pairs: (1, 7141)
[M::mem_pestat] analyzing insert size distribution for orientation FR...
[M::mem_pestat] (25, 50, 75) percentile: (512, 531, 562)
[M::mem_pestat] low and high boundaries for computing mean and std.dev: (412, 662)
[M::mem_pestat] mean and std.dev: (540.47, 36.15)
[M::mem_pestat] low and high boundaries for proper pairs: (362, 712)
[M::mem_pestat] skip orientation RF as there are not enough pairs
[M::mem_pestat] analyzing insert size distribution for orientation RR...
[M::mem_pestat] (25, 50, 75) percentile: (962, 1395, 2581)
[M::mem_pestat] low and high boundaries for computing mean and std.dev: (1, 5819)
[M::mem_pestat] mean and std.dev: (1795.83, 1193.90)
[M::mem_pestat] low and high boundaries for proper pairs: (1, 7438)
[M::mem_pestat] skip orientation FF
[M::mem_pestat] skip orientation RR
[M::mem_process_seqs] Processed 266668 reads in 295.652 CPU sec, 75.185 real sec
[M::process] read 266668 sequences (40000200 bp)...
[M::mem_pestat] # candidate unique pairs for (FF, FR, RF, RR): (83, 44515, 11, 73)
[M::mem_pestat] analyzing insert size distribution for orientation FF...
[M::mem_pestat] (25, 50, 75) percentile: (450, 1143, 2259)
[M::mem_pestat] low and high boundaries for computing mean and std.dev: (1, 5877)
[M::mem_pestat] mean and std.dev: (1453.98, 1290.76)
[M::mem_pestat] low and high boundaries for proper pairs: (1, 7686)
[M::mem_pestat] analyzing insert size distribution for orientation FR...
[M::mem_pestat] (25, 50, 75) percentile: (511, 530, 562)
[M::mem_pestat] low and high boundaries for computing mean and std.dev: (409, 664)
[M::mem_pestat] mean and std.dev: (540.38, 36.46)
[M::mem_pestat] low and high boundaries for proper pairs: (358, 715)
[M::mem_pestat] analyzing insert size distribution for orientation RF...
[M::mem_pestat] (25, 50, 75) percentile: (1829, 4811, 7696)
[M::mem_pestat] low and high boundaries for computing mean and std.dev: (1, 19430)
[M::mem_pestat] mean and std.dev: (4577.09, 3287.22)
[M::mem_pestat] low and high boundaries for proper pairs: (1, 25297)
[M::mem_pestat] analyzing insert size distribution for orientation RR...
[M::mem_pestat] (25, 50, 75) percentile: (1005, 1453, 2610)
[M::mem_pestat] low and high boundaries for computing mean and std.dev: (1, 5820)
[M::mem_pestat] mean and std.dev: (1804.51, 1208.99)
[M::mem_pestat] low and high boundaries for proper pairs: (1, 7425)
[M::mem_pestat] skip orientation FF
[M::mem_pestat] skip orientation RF
[M::mem_pestat] skip orientation RR
[M::mem_process_seqs] Processed 266668 reads in 297.954 CPU sec, 75.142 real sec
[M::process] read 266668 sequences (40000200 bp)...
[M::mem_pestat] # candidate unique pairs for (FF, FR, RF, RR): (115, 44793, 13, 93)
[M::mem_pestat] analyzing insert size distribution for orientation FF...
[M::mem_pestat] (25, 50, 75) percentile: (395, 1088, 2218)
[M::mem_pestat] low and high boundaries for computing mean and std.dev: (1, 5864)
[M::mem_pestat] mean and std.dev: (1315.93, 1125.67)
[M::mem_pestat] low and high boundaries for proper pairs: (1, 7687)
[M::mem_pestat] analyzing insert size distribution for orientation FR...
[M::mem_pestat] (25, 50, 75) percentile: (512, 531, 563)
[M::mem_pestat] low and high boundaries for computing mean and std.dev: (410, 665)
[M::mem_pestat] mean and std.dev: (540.67, 36.65)
[M::mem_pestat] low and high boundaries for proper pairs: (359, 716)
[M::mem_pestat] analyzing insert size distribution for orientation RF...
[M::mem_pestat] (25, 50, 75) percentile: (694, 1256, 2848)
[M::mem_pestat] low and high boundaries for computing mean and std.dev: (1, 7156)
[M::mem_pestat] mean and std.dev: (1651.23, 1185.48)
[M::mem_pestat] low and high boundaries for proper pairs: (1, 9310)
[M::mem_pestat] analyzing insert size distribution for orientation RR...
[M::mem_pestat] (25, 50, 75) percentile: (988, 1740, 2864)
[M::mem_pestat] low and high boundaries for computing mean and std.dev: (1, 6616)
[M::mem_pestat] mean and std.dev: (1844.14, 1396.87)
[M::mem_pestat] low and high boundaries for proper pairs: (1, 8492)
[M::mem_pestat] skip orientation FF
[M::mem_pestat] skip orientation RF
[M::mem_pestat] skip orientation RR
[M::mem_process_seqs] Processed 266668 reads in 289.429 CPU sec, 72.594 real sec
[M::process] read 266668 sequences (40000200 bp)...
[M::mem_pestat] # candidate unique pairs for (FF, FR, RF, RR): (85, 44429, 10, 97)
[M::mem_pestat] analyzing insert size distribution for orientation FF...
[M::mem_pestat] (25, 50, 75) percentile: (361, 1366, 2268)
[M::mem_pestat] low and high boundaries for computing mean and std.dev: (1, 6082)
[M::mem_pestat] mean and std.dev: (1575.83, 1335.23)
[M::mem_pestat] low and high boundaries for proper pairs: (1, 7989)
[M::mem_pestat] analyzing insert size distribution for orientation FR...
[M::mem_pestat] (25, 50, 75) percentile: (512, 531, 563)
[M::mem_pestat] low and high boundaries for computing mean and std.dev: (410, 665)
[M::mem_pestat] mean and std.dev: (540.85, 36.60)
[M::mem_pestat] low and high boundaries for proper pairs: (359, 716)
[M::mem_pestat] analyzing insert size distribution for orientation RF...
[M::mem_pestat] (25, 50, 75) percentile: (158, 3475, 3755)
[M::mem_pestat] low and high boundaries for computing mean and std.dev: (1, 10949)
[M::mem_pestat] mean and std.dev: (2763.30, 2346.57)
[M::mem_pestat] low and high boundaries for proper pairs: (1, 14546)
[M::mem_pestat] analyzing insert size distribution for orientation RR...
[M::mem_pestat] (25, 50, 75) percentile: (954, 1307, 2402)
[M::mem_pestat] low and high boundaries for computing mean and std.dev: (1, 5298)
[M::mem_pestat] mean and std.dev: (1595.98, 1133.44)
[M::mem_pestat] low and high boundaries for proper pairs: (1, 6746)
[M::mem_pestat] skip orientation FF
[M::mem_pestat] skip orientation RF
[M::mem_pestat] skip orientation RR
[M::mem_process_seqs] Processed 266668 reads in 291.225 CPU sec, 73.015 real sec
[M::process] read 266668 sequences (40000200 bp)...
[M::mem_pestat] # candidate unique pairs for (FF, FR, RF, RR): (86, 44256, 12, 95)
[M::mem_pestat] analyzing insert size distribution for orientation FF...
[M::mem_pestat] (25, 50, 75) percentile: (538, 1343, 3162)
[M::mem_pestat] low and high boundaries for computing mean and std.dev: (1, 8410)
[M::mem_pestat] mean and std.dev: (1860.84, 1666.08)
[M::mem_pestat] low and high boundaries for proper pairs: (1, 11034)
[M::mem_pestat] analyzing insert size distribution for orientation FR...
[M::mem_pestat] (25, 50, 75) percentile: (511, 530, 561)
[M::mem_pestat] low and high boundaries for computing mean and std.dev: (411, 661)
[M::mem_pestat] mean and std.dev: (539.89, 36.09)
[M::mem_pestat] low and high boundaries for proper pairs: (361, 711)
[M::mem_pestat] analyzing insert size distribution for orientation RF...
[M::mem_pestat] (25, 50, 75) percentile: (664, 1267, 1999)
[M::mem_pestat] low and high boundaries for computing mean and std.dev: (1, 4669)
[M::mem_pestat] mean and std.dev: (1094.55, 669.92)
[M::mem_pestat] low and high boundaries for proper pairs: (1, 6004)
[M::mem_pestat] analyzing insert size distribution for orientation RR...
[M::mem_pestat] (25, 50, 75) percentile: (890, 1376, 2103)
[M::mem_pestat] low and high boundaries for computing mean and std.dev: (1, 4529)
[M::mem_pestat] mean and std.dev: (1472.37, 977.44)
[M::mem_pestat] low and high boundaries for proper pairs: (1, 5742)
[M::mem_pestat] skip orientation FF
[M::mem_pestat] skip orientation RF
[M::mem_pestat] skip orientation RR
[M::mem_process_seqs] Processed 266668 reads in 294.046 CPU sec, 73.720 real sec
[M::process] read 266668 sequences (40000200 bp)...
[M::mem_pestat] # candidate unique pairs for (FF, FR, RF, RR): (86, 44542, 8, 93)
[M::mem_pestat] analyzing insert size distribution for orientation FF...
[M::mem_pestat] (25, 50, 75) percentile: (350, 1143, 1878)
[M::mem_pestat] low and high boundaries for computing mean and std.dev: (1, 4934)
[M::mem_pestat] mean and std.dev: (1309.21, 1048.23)
[M::mem_pestat] low and high boundaries for proper pairs: (1, 6462)
[M::mem_pestat] analyzing insert size distribution for orientation FR...
[M::mem_pestat] (25, 50, 75) percentile: (512, 531, 563)
[M::mem_pestat] low and high boundaries for computing mean and std.dev: (410, 665)
[M::mem_pestat] mean and std.dev: (540.90, 36.68)
[M::mem_pestat] low and high boundaries for proper pairs: (359, 716)
[M::mem_pestat] skip orientation RF as there are not enough pairs
[M::mem_pestat] analyzing insert size distribution for orientation RR...
[M::mem_pestat] (25, 50, 75) percentile: (1177, 1617, 2802)
[M::mem_pestat] low and high boundaries for computing mean and std.dev: (1, 6052)
[M::mem_pestat] mean and std.dev: (1941.91, 1143.70)
[M::mem_pestat] low and high boundaries for proper pairs: (1, 7677)
[M::mem_pestat] skip orientation FF
[M::mem_pestat] skip orientation RR
[M::mem_process_seqs] Processed 266668 reads in 287.837 CPU sec, 72.178 real sec
[M::process] read 266668 sequences (40000200 bp)...
[M::mem_pestat] # candidate unique pairs for (FF, FR, RF, RR): (96, 44502, 6, 89)
[M::mem_pestat] analyzing insert size distribution for orientation FF...
[M::mem_pestat] (25, 50, 75) percentile: (515, 1212, 2298)
[M::mem_pestat] low and high boundaries for computing mean and std.dev: (1, 5864)
[M::mem_pestat] mean and std.dev: (1503.90, 1300.84)
[M::mem_pestat] low and high boundaries for proper pairs: (1, 7647)
[M::mem_pestat] analyzing insert size distribution for orientation FR...
[M::mem_pestat] (25, 50, 75) percentile: (511, 530, 562)
[M::mem_pestat] low and high boundaries for computing mean and std.dev: (409, 664)
[M::mem_pestat] mean and std.dev: (540.26, 36.45)
[M::mem_pestat] low and high boundaries for proper pairs: (358, 715)
[M::mem_pestat] skip orientation RF as there are not enough pairs
[M::mem_pestat] analyzing insert size distribution for orientation RR...
[M::mem_pestat] (25, 50, 75) percentile: (861, 1415, 2554)
[M::mem_pestat] low and high boundaries for computing mean and std.dev: (1, 5940)
[M::mem_pestat] mean and std.dev: (1739.70, 1106.94)
[M::mem_pestat] low and high boundaries for proper pairs: (1, 7633)
[M::mem_pestat] skip orientation FF
[M::mem_pestat] skip orientation RR
[M::mem_process_seqs] Processed 266668 reads in 292.719 CPU sec, 73.521 real sec
[M::process] read 266668 sequences (40000200 bp)...
[M::mem_pestat] # candidate unique pairs for (FF, FR, RF, RR): (92, 44292, 9, 104)
[M::mem_pestat] analyzing insert size distribution for orientation FF...
[M::mem_pestat] (25, 50, 75) percentile: (308, 1129, 2308)
[M::mem_pestat] low and high boundaries for computing mean and std.dev: (1, 6308)
[M::mem_pestat] mean and std.dev: (1510.52, 1454.88)
[M::mem_pestat] low and high boundaries for proper pairs: (1, 8308)
[M::mem_pestat] analyzing insert size distribution for orientation FR...
[M::mem_pestat] (25, 50, 75) percentile: (512, 530, 562)
[M::mem_pestat] low and high boundaries for computing mean and std.dev: (412, 662)
[M::mem_pestat] mean and std.dev: (540.22, 36.31)
[M::mem_pestat] low and high boundaries for proper pairs: (362, 712)
[M::mem_pestat] skip orientation RF as there are not enough pairs
[M::mem_pestat] analyzing insert size distribution for orientation RR...
[M::mem_pestat] (25, 50, 75) percentile: (956, 1498, 2800)
[M::mem_pestat] low and high boundaries for computing mean and std.dev: (1, 6488)
[M::mem_pestat] mean and std.dev: (1947.92, 1406.72)
[M::mem_pestat] low and high boundaries for proper pairs: (1, 8332)
[M::mem_pestat] skip orientation FF
[M::mem_pestat] skip orientation RR
[M::mem_process_seqs] Processed 266668 reads in 291.230 CPU sec, 73.284 real sec
[M::process] read 266668 sequences (40000200 bp)...
[M::mem_pestat] # candidate unique pairs for (FF, FR, RF, RR): (71, 44878, 11, 88)
[M::mem_pestat] analyzing insert size distribution for orientation FF...
[M::mem_pestat] (25, 50, 75) percentile: (578, 1154, 2006)
[M::mem_pestat] low and high boundaries for computing mean and std.dev: (1, 4862)
[M::mem_pestat] mean and std.dev: (1311.84, 995.13)
[M::mem_pestat] low and high boundaries for proper pairs: (1, 6290)
[M::mem_pestat] analyzing insert size distribution for orientation FR...
[M::mem_pestat] (25, 50, 75) percentile: (512, 531, 563)
[M::mem_pestat] low and high boundaries for computing mean and std.dev: (410, 665)
[M::mem_pestat] mean and std.dev: (540.90, 36.74)
[M::mem_pestat] low and high boundaries for proper pairs: (359, 716)
[M::mem_pestat] analyzing insert size distribution for orientation RF...
[M::mem_pestat] (25, 50, 75) percentile: (574, 1916, 3652)
[M::mem_pestat] low and high boundaries for computing mean and std.dev: (1, 9808)
[M::mem_pestat] mean and std.dev: (2243.55, 2326.07)
[M::mem_pestat] low and high boundaries for proper pairs: (1, 12886)
[M::mem_pestat] analyzing insert size distribution for orientation RR...
[M::mem_pestat] (25, 50, 75) percentile: (988, 1426, 2729)
[M::mem_pestat] low and high boundaries for computing mean and std.dev: (1, 6211)
[M::mem_pestat] mean and std.dev: (1759.63, 1376.68)
[M::mem_pestat] low and high boundaries for proper pairs: (1, 7952)
[M::mem_pestat] skip orientation FF
[M::mem_pestat] skip orientation RF
[M::mem_pestat] skip orientation RR
[M::mem_process_seqs] Processed 266668 reads in 292.019 CPU sec, 73.460 real sec
[M::process] read 266668 sequences (40000200 bp)...
[M::mem_pestat] # candidate unique pairs for (FF, FR, RF, RR): (109, 44953, 12, 92)
[M::mem_pestat] analyzing insert size distribution for orientation FF...
[M::mem_pestat] (25, 50, 75) percentile: (596, 1233, 2756)
[M::mem_pestat] low and high boundaries for computing mean and std.dev: (1, 7076)
[M::mem_pestat] mean and std.dev: (1686.01, 1484.89)
[M::mem_pestat] low and high boundaries for proper pairs: (1, 9236)
[M::mem_pestat] analyzing insert size distribution for orientation FR...
[M::mem_pestat] (25, 50, 75) percentile: (512, 531, 563)
[M::mem_pestat] low and high boundaries for computing mean and std.dev: (410, 665)
[M::mem_pestat] mean and std.dev: (540.73, 36.64)
[M::mem_pestat] low and high boundaries for proper pairs: (359, 716)
[M::mem_pestat] analyzing insert size distribution for orientation RF...
[M::mem_pestat] (25, 50, 75) percentile: (1407, 2565, 3488)
[M::mem_pestat] low and high boundaries for computing mean and std.dev: (1, 7650)
[M::mem_pestat] mean and std.dev: (2524.00, 1744.89)
[M::mem_pestat] low and high boundaries for proper pairs: (1, 9731)
[M::mem_pestat] analyzing insert size distribution for orientation RR...
[M::mem_pestat] (25, 50, 75) percentile: (828, 1520, 2201)
[M::mem_pestat] low and high boundaries for computing mean and std.dev: (1, 4947)
[M::mem_pestat] mean and std.dev: (1525.51, 1061.20)
[M::mem_pestat] low and high boundaries for proper pairs: (1, 6320)
[M::mem_pestat] skip orientation FF
[M::mem_pestat] skip orientation RF
[M::mem_pestat] skip orientation RR
[M::mem_process_seqs] Processed 266668 reads in 291.861 CPU sec, 73.305 real sec
[M::process] read 266668 sequences (40000200 bp)...
[M::mem_pestat] # candidate unique pairs for (FF, FR, RF, RR): (81, 44732, 14, 85)
[M::mem_pestat] analyzing insert size distribution for orientation FF...
[M::mem_pestat] (25, 50, 75) percentile: (526, 1355, 2385)
[M::mem_pestat] low and high boundaries for computing mean and std.dev: (1, 6103)
[M::mem_pestat] mean and std.dev: (1451.91, 1222.45)
[M::mem_pestat] low and high boundaries for proper pairs: (1, 7962)
[M::mem_pestat] analyzing insert size distribution for orientation FR...
[M::mem_pestat] (25, 50, 75) percentile: (511, 530, 562)
[M::mem_pestat] low and high boundaries for computing mean and std.dev: (409, 664)
[M::mem_pestat] mean and std.dev: (540.40, 36.63)
[M::mem_pestat] low and high boundaries for proper pairs: (358, 715)
[M::mem_pestat] analyzing insert size distribution for orientation RF...
[M::mem_pestat] (25, 50, 75) percentile: (379, 2015, 2712)
[M::mem_pestat] low and high boundaries for computing mean and std.dev: (1, 7378)
[M::mem_pestat] mean and std.dev: (1962.86, 1864.77)
[M::mem_pestat] low and high boundaries for proper pairs: (1, 9711)
[M::mem_pestat] analyzing insert size distribution for orientation RR...
[M::mem_pestat] (25, 50, 75) percentile: (982, 1396, 2196)
[M::mem_pestat] low and high boundaries for computing mean and std.dev: (1, 4624)
[M::mem_pestat] mean and std.dev: (1614.74, 1038.02)
[M::mem_pestat] low and high boundaries for proper pairs: (1, 5838)
[M::mem_pestat] skip orientation FF
[M::mem_pestat] skip orientation RF
[M::mem_pestat] skip orientation RR
[M::mem_process_seqs] Processed 266668 reads in 289.517 CPU sec, 73.060 real sec
[M::process] read 229308 sequences (34396200 bp)...
[M::mem_pestat] # candidate unique pairs for (FF, FR, RF, RR): (87, 45128, 9, 87)
[M::mem_pestat] analyzing insert size distribution for orientation FF...
[M::mem_pestat] (25, 50, 75) percentile: (625, 1324, 2298)
[M::mem_pestat] low and high boundaries for computing mean and std.dev: (1, 5644)
[M::mem_pestat] mean and std.dev: (1589.05, 1285.67)
[M::mem_pestat] low and high boundaries for proper pairs: (1, 7317)
[M::mem_pestat] analyzing insert size distribution for orientation FR...
[M::mem_pestat] (25, 50, 75) percentile: (512, 530, 563)
[M::mem_pestat] low and high boundaries for computing mean and std.dev: (410, 665)
[M::mem_pestat] mean and std.dev: (540.62, 36.62)
[M::mem_pestat] low and high boundaries for proper pairs: (359, 716)
[M::mem_pestat] skip orientation RF as there are not enough pairs
[M::mem_pestat] analyzing insert size distribution for orientation RR...
[M::mem_pestat] (25, 50, 75) percentile: (1029, 1449, 2570)
[M::mem_pestat] low and high boundaries for computing mean and std.dev: (1, 5652)
[M::mem_pestat] mean and std.dev: (1793.15, 1265.87)
[M::mem_pestat] low and high boundaries for proper pairs: (1, 7193)
[M::mem_pestat] skip orientation FF
[M::mem_pestat] skip orientation RR
[M::mem_process_seqs] Processed 266668 reads in 289.980 CPU sec, 72.699 real sec
[M::mem_pestat] # candidate unique pairs for (FF, FR, RF, RR): (94, 38825, 7, 78)
[M::mem_pestat] analyzing insert size distribution for orientation FF...
[M::mem_pestat] (25, 50, 75) percentile: (400, 1080, 2224)
[M::mem_pestat] low and high boundaries for computing mean and std.dev: (1, 5872)
[M::mem_pestat] mean and std.dev: (1429.82, 1320.09)
[M::mem_pestat] low and high boundaries for proper pairs: (1, 7696)
[M::mem_pestat] analyzing insert size distribution for orientation FR...
[M::mem_pestat] (25, 50, 75) percentile: (512, 531, 563)
[M::mem_pestat] low and high boundaries for computing mean and std.dev: (410, 665)
[M::mem_pestat] mean and std.dev: (540.88, 36.59)
[M::mem_pestat] low and high boundaries for proper pairs: (359, 716)
[M::mem_pestat] skip orientation RF as there are not enough pairs
[M::mem_pestat] analyzing insert size distribution for orientation RR...
[M::mem_pestat] (25, 50, 75) percentile: (908, 1403, 2330)
[M::mem_pestat] low and high boundaries for computing mean and std.dev: (1, 5174)
[M::mem_pestat] mean and std.dev: (1577.83, 999.23)
[M::mem_pestat] low and high boundaries for proper pairs: (1, 6596)
[M::mem_pestat] skip orientation FF
[M::mem_pestat] skip orientation RR
[M::mem_process_seqs] Processed 229308 reads in 250.463 CPU sec, 62.795 real sec
[main] Version: 0.7.17-r1188
[main] CMD: bwa mem -t 4 -a /mnt/raid6/bacphagenetwork/data/bwa_index/Homo_sapiens.GRCh38.dna.toplevel.fa /mnt/raid6/bacphagenetwork/data/skin_metagenome/Beijing/02_rm_host/BJ016_1.fastq.gz /mnt/raid6/bacphagenetwork/data/skin_metagenome/Beijing/02_rm_host/BJ016_2.fastq.gz
[main] Real time: 4393.399 sec; CPU: 17370.776 sec
