/home/bacphagenetwork/.bashrc: line 15: Custom: command not found
[M::bwa_idx_load_from_disk] read 0 ALT contigs
[M::process] read 266668 sequences (40000200 bp)...
[M::process] read 266668 sequences (40000200 bp)...
[M::mem_pestat] # candidate unique pairs for (FF, FR, RF, RR): (12, 4502, 4, 6)
[M::mem_pestat] analyzing insert size distribution for orientation FF...
[M::mem_pestat] (25, 50, 75) percentile: (175, 415, 2852)
[M::mem_pestat] low and high boundaries for computing mean and std.dev: (1, 8206)
[M::mem_pestat] mean and std.dev: (1438.91, 2159.81)
[M::mem_pestat] low and high boundaries for proper pairs: (1, 10883)
[M::mem_pestat] analyzing insert size distribution for orientation FR...
[M::mem_pestat] (25, 50, 75) percentile: (144, 377, 523)
[M::mem_pestat] low and high boundaries for computing mean and std.dev: (1, 1281)
[M::mem_pestat] mean and std.dev: (357.52, 187.59)
[M::mem_pestat] low and high boundaries for proper pairs: (1, 1660)
[M::mem_pestat] skip orientation RF as there are not enough pairs
[M::mem_pestat] skip orientation RR as there are not enough pairs
[M::mem_pestat] skip orientation FF
[M::mem_process_seqs] Processed 266668 reads in 302.881 CPU sec, 77.860 real sec
[M::process] read 266668 sequences (40000200 bp)...
[M::mem_pestat] # candidate unique pairs for (FF, FR, RF, RR): (14, 4430, 2, 5)
[M::mem_pestat] analyzing insert size distribution for orientation FF...
[M::mem_pestat] (25, 50, 75) percentile: (102, 172, 242)
[M::mem_pestat] low and high boundaries for computing mean and std.dev: (1, 522)
[M::mem_pestat] mean and std.dev: (154.00, 62.45)
[M::mem_pestat] low and high boundaries for proper pairs: (1, 662)
[M::mem_pestat] analyzing insert size distribution for orientation FR...
[M::mem_pestat] (25, 50, 75) percentile: (144, 365, 522)
[M::mem_pestat] low and high boundaries for computing mean and std.dev: (1, 1278)
[M::mem_pestat] mean and std.dev: (354.91, 185.55)
[M::mem_pestat] low and high boundaries for proper pairs: (1, 1656)
[M::mem_pestat] skip orientation RF as there are not enough pairs
[M::mem_pestat] skip orientation RR as there are not enough pairs
[M::mem_pestat] skip orientation FF
[M::mem_process_seqs] Processed 266668 reads in 300.350 CPU sec, 77.294 real sec
[M::process] read 266668 sequences (40000200 bp)...
[M::mem_pestat] # candidate unique pairs for (FF, FR, RF, RR): (23, 4413, 4, 8)
[M::mem_pestat] analyzing insert size distribution for orientation FF...
[M::mem_pestat] (25, 50, 75) percentile: (160, 249, 786)
[M::mem_pestat] low and high boundaries for computing mean and std.dev: (1, 2038)
[M::mem_pestat] mean and std.dev: (437.00, 422.19)
[M::mem_pestat] low and high boundaries for proper pairs: (1, 2664)
[M::mem_pestat] analyzing insert size distribution for orientation FR...
[M::mem_pestat] (25, 50, 75) percentile: (143, 359, 521)
[M::mem_pestat] low and high boundaries for computing mean and std.dev: (1, 1277)
[M::mem_pestat] mean and std.dev: (351.77, 186.10)
[M::mem_pestat] low and high boundaries for proper pairs: (1, 1655)
[M::mem_pestat] skip orientation RF as there are not enough pairs
[M::mem_pestat] skip orientation RR as there are not enough pairs
[M::mem_pestat] skip orientation FF
[M::mem_process_seqs] Processed 266668 reads in 298.118 CPU sec, 75.152 real sec
[M::process] read 266668 sequences (40000200 bp)...
[M::mem_pestat] # candidate unique pairs for (FF, FR, RF, RR): (17, 4389, 2, 9)
[M::mem_pestat] analyzing insert size distribution for orientation FF...
[M::mem_pestat] (25, 50, 75) percentile: (165, 247, 724)
[M::mem_pestat] low and high boundaries for computing mean and std.dev: (1, 1842)
[M::mem_pestat] mean and std.dev: (344.20, 281.19)
[M::mem_pestat] low and high boundaries for proper pairs: (1, 2401)
[M::mem_pestat] analyzing insert size distribution for orientation FR...
[M::mem_pestat] (25, 50, 75) percentile: (144, 349, 520)
[M::mem_pestat] low and high boundaries for computing mean and std.dev: (1, 1272)
[M::mem_pestat] mean and std.dev: (349.69, 183.77)
[M::mem_pestat] low and high boundaries for proper pairs: (1, 1648)
[M::mem_pestat] skip orientation RF as there are not enough pairs
[M::mem_pestat] skip orientation RR as there are not enough pairs
[M::mem_pestat] skip orientation FF
[M::mem_process_seqs] Processed 266668 reads in 293.453 CPU sec, 73.455 real sec
[M::process] read 266668 sequences (40000200 bp)...
[M::mem_pestat] # candidate unique pairs for (FF, FR, RF, RR): (11, 4431, 1, 10)
[M::mem_pestat] analyzing insert size distribution for orientation FF...
[M::mem_pestat] (25, 50, 75) percentile: (156, 190, 595)
[M::mem_pestat] low and high boundaries for computing mean and std.dev: (1, 1473)
[M::mem_pestat] mean and std.dev: (301.50, 264.48)
[M::mem_pestat] low and high boundaries for proper pairs: (1, 1912)
[M::mem_pestat] analyzing insert size distribution for orientation FR...
[M::mem_pestat] (25, 50, 75) percentile: (144, 377, 522)
[M::mem_pestat] low and high boundaries for computing mean and std.dev: (1, 1278)
[M::mem_pestat] mean and std.dev: (355.18, 185.96)
[M::mem_pestat] low and high boundaries for proper pairs: (1, 1656)
[M::mem_pestat] skip orientation RF as there are not enough pairs
[M::mem_pestat] analyzing insert size distribution for orientation RR...
[M::mem_pestat] (25, 50, 75) percentile: (773, 1672, 3516)
[M::mem_pestat] low and high boundaries for computing mean and std.dev: (1, 9002)
[M::mem_pestat] mean and std.dev: (2447.40, 2595.92)
[M::mem_pestat] low and high boundaries for proper pairs: (1, 12831)
[M::mem_pestat] skip orientation FF
[M::mem_pestat] skip orientation RR
[M::mem_process_seqs] Processed 266668 reads in 292.766 CPU sec, 73.378 real sec
[M::process] read 266668 sequences (40000200 bp)...
[M::mem_pestat] # candidate unique pairs for (FF, FR, RF, RR): (13, 4499, 1, 3)
[M::mem_pestat] analyzing insert size distribution for orientation FF...
[M::mem_pestat] (25, 50, 75) percentile: (123, 192, 571)
[M::mem_pestat] low and high boundaries for computing mean and std.dev: (1, 1467)
[M::mem_pestat] mean and std.dev: (343.08, 335.24)
[M::mem_pestat] low and high boundaries for proper pairs: (1, 1915)
[M::mem_pestat] analyzing insert size distribution for orientation FR...
[M::mem_pestat] (25, 50, 75) percentile: (143, 365, 522)
[M::mem_pestat] low and high boundaries for computing mean and std.dev: (1, 1280)
[M::mem_pestat] mean and std.dev: (355.00, 186.87)
[M::mem_pestat] low and high boundaries for proper pairs: (1, 1659)
[M::mem_pestat] skip orientation RF as there are not enough pairs
[M::mem_pestat] skip orientation RR as there are not enough pairs
[M::mem_pestat] skip orientation FF
[M::mem_process_seqs] Processed 266668 reads in 294.556 CPU sec, 73.830 real sec
[M::process] read 266668 sequences (40000200 bp)...
[M::mem_pestat] # candidate unique pairs for (FF, FR, RF, RR): (14, 4518, 2, 10)
[M::mem_pestat] analyzing insert size distribution for orientation FF...
[M::mem_pestat] (25, 50, 75) percentile: (123, 826, 3434)
[M::mem_pestat] low and high boundaries for computing mean and std.dev: (1, 10056)
[M::mem_pestat] mean and std.dev: (1574.71, 1894.71)
[M::mem_pestat] low and high boundaries for proper pairs: (1, 13367)
[M::mem_pestat] analyzing insert size distribution for orientation FR...
[M::mem_pestat] (25, 50, 75) percentile: (143, 350, 520)
[M::mem_pestat] low and high boundaries for computing mean and std.dev: (1, 1274)
[M::mem_pestat] mean and std.dev: (349.95, 185.13)
[M::mem_pestat] low and high boundaries for proper pairs: (1, 1651)
[M::mem_pestat] skip orientation RF as there are not enough pairs
[M::mem_pestat] analyzing insert size distribution for orientation RR...
[M::mem_pestat] (25, 50, 75) percentile: (376, 1114, 1390)
[M::mem_pestat] low and high boundaries for computing mean and std.dev: (1, 3418)
[M::mem_pestat] mean and std.dev: (860.56, 531.15)
[M::mem_pestat] low and high boundaries for proper pairs: (1, 4432)
[M::mem_pestat] skip orientation FF
[M::mem_pestat] skip orientation RR
[M::mem_process_seqs] Processed 266668 reads in 294.713 CPU sec, 73.862 real sec
[M::process] read 266668 sequences (40000200 bp)...
[M::mem_pestat] # candidate unique pairs for (FF, FR, RF, RR): (11, 4537, 5, 9)
[M::mem_pestat] analyzing insert size distribution for orientation FF...
[M::mem_pestat] (25, 50, 75) percentile: (196, 406, 789)
[M::mem_pestat] low and high boundaries for computing mean and std.dev: (1, 1975)
[M::mem_pestat] mean and std.dev: (528.70, 525.24)
[M::mem_pestat] low and high boundaries for proper pairs: (1, 2630)
[M::mem_pestat] analyzing insert size distribution for orientation FR...
[M::mem_pestat] (25, 50, 75) percentile: (144, 378, 522)
[M::mem_pestat] low and high boundaries for computing mean and std.dev: (1, 1278)
[M::mem_pestat] mean and std.dev: (358.39, 184.70)
[M::mem_pestat] low and high boundaries for proper pairs: (1, 1656)
[M::mem_pestat] skip orientation RF as there are not enough pairs
[M::mem_pestat] skip orientation RR as there are not enough pairs
[M::mem_pestat] skip orientation FF
[M::mem_process_seqs] Processed 266668 reads in 302.738 CPU sec, 76.284 real sec
[M::process] read 266668 sequences (40000200 bp)...
[M::mem_pestat] # candidate unique pairs for (FF, FR, RF, RR): (7, 4542, 1, 3)
[M::mem_pestat] skip orientation FF as there are not enough pairs
[M::mem_pestat] analyzing insert size distribution for orientation FR...
[M::mem_pestat] (25, 50, 75) percentile: (143, 353, 521)
[M::mem_pestat] low and high boundaries for computing mean and std.dev: (1, 1277)
[M::mem_pestat] mean and std.dev: (350.93, 187.30)
[M::mem_pestat] low and high boundaries for proper pairs: (1, 1655)
[M::mem_pestat] skip orientation RF as there are not enough pairs
[M::mem_pestat] skip orientation RR as there are not enough pairs
[M::mem_process_seqs] Processed 266668 reads in 300.253 CPU sec, 76.586 real sec
[M::process] read 266668 sequences (40000200 bp)...
[M::mem_pestat] # candidate unique pairs for (FF, FR, RF, RR): (12, 4481, 8, 5)
[M::mem_pestat] analyzing insert size distribution for orientation FF...
[M::mem_pestat] (25, 50, 75) percentile: (117, 159, 521)
[M::mem_pestat] low and high boundaries for computing mean and std.dev: (1, 1329)
[M::mem_pestat] mean and std.dev: (244.55, 293.92)
[M::mem_pestat] low and high boundaries for proper pairs: (1, 1733)
[M::mem_pestat] analyzing insert size distribution for orientation FR...
[M::mem_pestat] (25, 50, 75) percentile: (144, 372, 523)
[M::mem_pestat] low and high boundaries for computing mean and std.dev: (1, 1281)
[M::mem_pestat] mean and std.dev: (355.66, 186.26)
[M::mem_pestat] low and high boundaries for proper pairs: (1, 1660)
[M::mem_pestat] skip orientation RF as there are not enough pairs
[M::mem_pestat] skip orientation RR as there are not enough pairs
[M::mem_pestat] skip orientation FF
[M::mem_process_seqs] Processed 266668 reads in 303.947 CPU sec, 77.248 real sec
[M::process] read 266668 sequences (40000200 bp)...
[M::mem_pestat] # candidate unique pairs for (FF, FR, RF, RR): (14, 4491, 2, 2)
[M::mem_pestat] analyzing insert size distribution for orientation FF...
[M::mem_pestat] (25, 50, 75) percentile: (105, 204, 353)
[M::mem_pestat] low and high boundaries for computing mean and std.dev: (1, 849)
[M::mem_pestat] mean and std.dev: (222.08, 140.07)
[M::mem_pestat] low and high boundaries for proper pairs: (1, 1097)
[M::mem_pestat] analyzing insert size distribution for orientation FR...
[M::mem_pestat] (25, 50, 75) percentile: (144, 348, 521)
[M::mem_pestat] low and high boundaries for computing mean and std.dev: (1, 1275)
[M::mem_pestat] mean and std.dev: (350.57, 185.74)
[M::mem_pestat] low and high boundaries for proper pairs: (1, 1652)
[M::mem_pestat] skip orientation RF as there are not enough pairs
[M::mem_pestat] skip orientation RR as there are not enough pairs
[M::mem_pestat] skip orientation FF
[M::mem_process_seqs] Processed 266668 reads in 304.789 CPU sec, 77.329 real sec
[M::process] read 266668 sequences (40000200 bp)...
[M::mem_pestat] # candidate unique pairs for (FF, FR, RF, RR): (12, 4669, 4, 6)
[M::mem_pestat] analyzing insert size distribution for orientation FF...
[M::mem_pestat] (25, 50, 75) percentile: (249, 623, 979)
[M::mem_pestat] low and high boundaries for computing mean and std.dev: (1, 2439)
[M::mem_pestat] mean and std.dev: (572.91, 408.52)
[M::mem_pestat] low and high boundaries for proper pairs: (1, 3169)
[M::mem_pestat] analyzing insert size distribution for orientation FR...
[M::mem_pestat] (25, 50, 75) percentile: (144, 362, 522)
[M::mem_pestat] low and high boundaries for computing mean and std.dev: (1, 1278)
[M::mem_pestat] mean and std.dev: (354.44, 185.36)
[M::mem_pestat] low and high boundaries for proper pairs: (1, 1656)
[M::mem_pestat] skip orientation RF as there are not enough pairs
[M::mem_pestat] skip orientation RR as there are not enough pairs
[M::mem_pestat] skip orientation FF
[M::mem_process_seqs] Processed 266668 reads in 292.041 CPU sec, 73.225 real sec
[M::process] read 266668 sequences (40000200 bp)...
[M::mem_pestat] # candidate unique pairs for (FF, FR, RF, RR): (13, 4626, 4, 4)
[M::mem_pestat] analyzing insert size distribution for orientation FF...
[M::mem_pestat] (25, 50, 75) percentile: (169, 247, 1794)
[M::mem_pestat] low and high boundaries for computing mean and std.dev: (1, 5044)
[M::mem_pestat] mean and std.dev: (897.85, 1114.64)
[M::mem_pestat] low and high boundaries for proper pairs: (1, 6669)
[M::mem_pestat] analyzing insert size distribution for orientation FR...
[M::mem_pestat] (25, 50, 75) percentile: (144, 355, 521)
[M::mem_pestat] low and high boundaries for computing mean and std.dev: (1, 1275)
[M::mem_pestat] mean and std.dev: (351.25, 183.80)
[M::mem_pestat] low and high boundaries for proper pairs: (1, 1652)
[M::mem_pestat] skip orientation RF as there are not enough pairs
[M::mem_pestat] skip orientation RR as there are not enough pairs
[M::mem_pestat] skip orientation FF
[M::mem_process_seqs] Processed 266668 reads in 298.449 CPU sec, 74.848 real sec
[M::process] read 266668 sequences (40000200 bp)...
[M::mem_pestat] # candidate unique pairs for (FF, FR, RF, RR): (12, 4652, 4, 5)
[M::mem_pestat] analyzing insert size distribution for orientation FF...
[M::mem_pestat] (25, 50, 75) percentile: (117, 136, 184)
[M::mem_pestat] low and high boundaries for computing mean and std.dev: (1, 318)
[M::mem_pestat] mean and std.dev: (137.18, 38.32)
[M::mem_pestat] low and high boundaries for proper pairs: (1, 385)
[M::mem_pestat] analyzing insert size distribution for orientation FR...
[M::mem_pestat] (25, 50, 75) percentile: (143, 334, 521)
[M::mem_pestat] low and high boundaries for computing mean and std.dev: (1, 1277)
[M::mem_pestat] mean and std.dev: (346.70, 186.94)
[M::mem_pestat] low and high boundaries for proper pairs: (1, 1655)
[M::mem_pestat] skip orientation RF as there are not enough pairs
[M::mem_pestat] skip orientation RR as there are not enough pairs
[M::mem_pestat] skip orientation FF
[M::mem_process_seqs] Processed 266668 reads in 297.948 CPU sec, 74.617 real sec
[M::process] read 266668 sequences (40000200 bp)...
[M::mem_pestat] # candidate unique pairs for (FF, FR, RF, RR): (8, 4483, 3, 8)
[M::mem_pestat] skip orientation FF as there are not enough pairs
[M::mem_pestat] analyzing insert size distribution for orientation FR...
[M::mem_pestat] (25, 50, 75) percentile: (144, 358, 521)
[M::mem_pestat] low and high boundaries for computing mean and std.dev: (1, 1275)
[M::mem_pestat] mean and std.dev: (353.48, 184.33)
[M::mem_pestat] low and high boundaries for proper pairs: (1, 1652)
[M::mem_pestat] skip orientation RF as there are not enough pairs
[M::mem_pestat] skip orientation RR as there are not enough pairs
[M::mem_process_seqs] Processed 266668 reads in 296.273 CPU sec, 74.220 real sec
[M::process] read 266668 sequences (40000200 bp)...
[M::mem_pestat] # candidate unique pairs for (FF, FR, RF, RR): (8, 4560, 2, 6)
[M::mem_pestat] skip orientation FF as there are not enough pairs
[M::mem_pestat] analyzing insert size distribution for orientation FR...
[M::mem_pestat] (25, 50, 75) percentile: (144, 354, 522)
[M::mem_pestat] low and high boundaries for computing mean and std.dev: (1, 1278)
[M::mem_pestat] mean and std.dev: (352.34, 185.91)
[M::mem_pestat] low and high boundaries for proper pairs: (1, 1656)
[M::mem_pestat] skip orientation RF as there are not enough pairs
[M::mem_pestat] skip orientation RR as there are not enough pairs
[M::mem_process_seqs] Processed 266668 reads in 296.490 CPU sec, 74.458 real sec
[M::process] read 266668 sequences (40000200 bp)...
[M::mem_pestat] # candidate unique pairs for (FF, FR, RF, RR): (9, 4667, 1, 5)
[M::mem_pestat] skip orientation FF as there are not enough pairs
[M::mem_pestat] analyzing insert size distribution for orientation FR...
[M::mem_pestat] (25, 50, 75) percentile: (144, 369, 522)
[M::mem_pestat] low and high boundaries for computing mean and std.dev: (1, 1278)
[M::mem_pestat] mean and std.dev: (355.27, 184.41)
[M::mem_pestat] low and high boundaries for proper pairs: (1, 1656)
[M::mem_pestat] skip orientation RF as there are not enough pairs
[M::mem_pestat] skip orientation RR as there are not enough pairs
