/home/bacphagenetwork/.bashrc: line 15: Custom: command not found
[M::bwa_idx_load_from_disk] read 0 ALT contigs
[M::process] read 266668 sequences (40000200 bp)...
[M::process] read 266668 sequences (40000200 bp)...
[M::mem_pestat] # candidate unique pairs for (FF, FR, RF, RR): (43, 19418, 11, 23)
[M::mem_pestat] analyzing insert size distribution for orientation FF...
[M::mem_pestat] (25, 50, 75) percentile: (150, 179, 291)
[M::mem_pestat] low and high boundaries for computing mean and std.dev: (1, 573)
[M::mem_pestat] mean and std.dev: (179.54, 62.49)
[M::mem_pestat] low and high boundaries for proper pairs: (1, 714)
[M::mem_pestat] analyzing insert size distribution for orientation FR...
[M::mem_pestat] (25, 50, 75) percentile: (506, 523, 551)
[M::mem_pestat] low and high boundaries for computing mean and std.dev: (416, 641)
[M::mem_pestat] mean and std.dev: (535.41, 32.62)
[M::mem_pestat] low and high boundaries for proper pairs: (371, 686)
[M::mem_pestat] analyzing insert size distribution for orientation RF...
[M::mem_pestat] (25, 50, 75) percentile: (317, 2088, 3965)
[M::mem_pestat] low and high boundaries for computing mean and std.dev: (1, 11261)
[M::mem_pestat] mean and std.dev: (2766.64, 3034.60)
[M::mem_pestat] low and high boundaries for proper pairs: (1, 14909)
[M::mem_pestat] analyzing insert size distribution for orientation RR...
[M::mem_pestat] (25, 50, 75) percentile: (218, 914, 1526)
[M::mem_pestat] low and high boundaries for computing mean and std.dev: (1, 4142)
[M::mem_pestat] mean and std.dev: (983.22, 899.81)
[M::mem_pestat] low and high boundaries for proper pairs: (1, 5450)
[M::mem_pestat] skip orientation FF
[M::mem_pestat] skip orientation RF
[M::mem_pestat] skip orientation RR
[M::mem_process_seqs] Processed 266668 reads in 228.248 CPU sec, 57.267 real sec
[M::process] read 266668 sequences (40000200 bp)...
[M::mem_pestat] # candidate unique pairs for (FF, FR, RF, RR): (54, 18394, 14, 18)
[M::mem_pestat] analyzing insert size distribution for orientation FF...
[M::mem_pestat] (25, 50, 75) percentile: (129, 184, 348)
[M::mem_pestat] low and high boundaries for computing mean and std.dev: (1, 786)
[M::mem_pestat] mean and std.dev: (195.67, 124.96)
[M::mem_pestat] low and high boundaries for proper pairs: (1, 1005)
[M::mem_pestat] analyzing insert size distribution for orientation FR...
[M::mem_pestat] (25, 50, 75) percentile: (505, 522, 550)
[M::mem_pestat] low and high boundaries for computing mean and std.dev: (415, 640)
[M::mem_pestat] mean and std.dev: (534.77, 32.38)
[M::mem_pestat] low and high boundaries for proper pairs: (370, 685)
[M::mem_pestat] analyzing insert size distribution for orientation RF...
[M::mem_pestat] (25, 50, 75) percentile: (421, 887, 2570)
[M::mem_pestat] low and high boundaries for computing mean and std.dev: (1, 6868)
[M::mem_pestat] mean and std.dev: (1313.83, 1378.77)
[M::mem_pestat] low and high boundaries for proper pairs: (1, 9017)
[M::mem_pestat] analyzing insert size distribution for orientation RR...
[M::mem_pestat] (25, 50, 75) percentile: (197, 864, 1968)
[M::mem_pestat] low and high boundaries for computing mean and std.dev: (1, 5510)
[M::mem_pestat] mean and std.dev: (1213.00, 1180.05)
[M::mem_pestat] low and high boundaries for proper pairs: (1, 7281)
[M::mem_pestat] skip orientation FF
[M::mem_pestat] skip orientation RF
[M::mem_pestat] skip orientation RR
[M::mem_process_seqs] Processed 266668 reads in 238.132 CPU sec, 59.671 real sec
[M::process] read 266668 sequences (40000200 bp)...
[M::mem_pestat] # candidate unique pairs for (FF, FR, RF, RR): (44, 19038, 5, 20)
[M::mem_pestat] analyzing insert size distribution for orientation FF...
[M::mem_pestat] (25, 50, 75) percentile: (104, 191, 281)
[M::mem_pestat] low and high boundaries for computing mean and std.dev: (1, 635)
[M::mem_pestat] mean and std.dev: (181.32, 121.10)
[M::mem_pestat] low and high boundaries for proper pairs: (1, 812)
[M::mem_pestat] analyzing insert size distribution for orientation FR...
[M::mem_pestat] (25, 50, 75) percentile: (505, 522, 550)
[M::mem_pestat] low and high boundaries for computing mean and std.dev: (415, 640)
[M::mem_pestat] mean and std.dev: (534.73, 32.39)
[M::mem_pestat] low and high boundaries for proper pairs: (370, 685)
[M::mem_pestat] skip orientation RF as there are not enough pairs
[M::mem_pestat] analyzing insert size distribution for orientation RR...
[M::mem_pestat] (25, 50, 75) percentile: (312, 980, 2109)
[M::mem_pestat] low and high boundaries for computing mean and std.dev: (1, 5703)
[M::mem_pestat] mean and std.dev: (1331.50, 1331.05)
[M::mem_pestat] low and high boundaries for proper pairs: (1, 7500)
[M::mem_pestat] skip orientation FF
[M::mem_pestat] skip orientation RR
[M::mem_process_seqs] Processed 266668 reads in 235.169 CPU sec, 58.912 real sec
[M::process] read 266668 sequences (40000200 bp)...
[M::mem_pestat] # candidate unique pairs for (FF, FR, RF, RR): (62, 18805, 8, 22)
[M::mem_pestat] analyzing insert size distribution for orientation FF...
[M::mem_pestat] (25, 50, 75) percentile: (159, 228, 368)
[M::mem_pestat] low and high boundaries for computing mean and std.dev: (1, 786)
[M::mem_pestat] mean and std.dev: (234.04, 141.55)
[M::mem_pestat] low and high boundaries for proper pairs: (1, 995)
[M::mem_pestat] analyzing insert size distribution for orientation FR...
[M::mem_pestat] (25, 50, 75) percentile: (505, 522, 550)
[M::mem_pestat] low and high boundaries for computing mean and std.dev: (415, 640)
[M::mem_pestat] mean and std.dev: (534.83, 32.32)
[M::mem_pestat] low and high boundaries for proper pairs: (370, 685)
[M::mem_pestat] skip orientation RF as there are not enough pairs
[M::mem_pestat] analyzing insert size distribution for orientation RR...
[M::mem_pestat] (25, 50, 75) percentile: (303, 1171, 1758)
[M::mem_pestat] low and high boundaries for computing mean and std.dev: (1, 4668)
[M::mem_pestat] mean and std.dev: (1104.95, 804.75)
[M::mem_pestat] low and high boundaries for proper pairs: (1, 6123)
[M::mem_pestat] skip orientation FF
[M::mem_pestat] skip orientation RR
[M::mem_process_seqs] Processed 266668 reads in 237.403 CPU sec, 59.472 real sec
[M::process] read 266668 sequences (40000200 bp)...
[M::mem_pestat] # candidate unique pairs for (FF, FR, RF, RR): (64, 18484, 8, 21)
[M::mem_pestat] analyzing insert size distribution for orientation FF...
[M::mem_pestat] (25, 50, 75) percentile: (125, 215, 921)
[M::mem_pestat] low and high boundaries for computing mean and std.dev: (1, 2513)
[M::mem_pestat] mean and std.dev: (449.58, 495.70)
[M::mem_pestat] low and high boundaries for proper pairs: (1, 3309)
[M::mem_pestat] analyzing insert size distribution for orientation FR...
[M::mem_pestat] (25, 50, 75) percentile: (505, 522, 551)
[M::mem_pestat] low and high boundaries for computing mean and std.dev: (413, 643)
[M::mem_pestat] mean and std.dev: (535.17, 33.14)
[M::mem_pestat] low and high boundaries for proper pairs: (367, 689)
[M::mem_pestat] skip orientation RF as there are not enough pairs
[M::mem_pestat] analyzing insert size distribution for orientation RR...
[M::mem_pestat] (25, 50, 75) percentile: (552, 1030, 2425)
[M::mem_pestat] low and high boundaries for computing mean and std.dev: (1, 6171)
[M::mem_pestat] mean and std.dev: (1355.10, 1098.73)
[M::mem_pestat] low and high boundaries for proper pairs: (1, 8044)
[M::mem_pestat] skip orientation FF
[M::mem_pestat] skip orientation RR
[M::mem_process_seqs] Processed 266668 reads in 237.140 CPU sec, 59.390 real sec
[M::process] read 266668 sequences (40000200 bp)...
[M::mem_pestat] # candidate unique pairs for (FF, FR, RF, RR): (50, 18979, 10, 18)
[M::mem_pestat] analyzing insert size distribution for orientation FF...
[M::mem_pestat] (25, 50, 75) percentile: (131, 213, 803)
[M::mem_pestat] low and high boundaries for computing mean and std.dev: (1, 2147)
[M::mem_pestat] mean and std.dev: (354.51, 411.32)
[M::mem_pestat] low and high boundaries for proper pairs: (1, 2819)
[M::mem_pestat] analyzing insert size distribution for orientation FR...
[M::mem_pestat] (25, 50, 75) percentile: (505, 523, 552)
[M::mem_pestat] low and high boundaries for computing mean and std.dev: (411, 646)
[M::mem_pestat] mean and std.dev: (535.90, 33.73)
[M::mem_pestat] low and high boundaries for proper pairs: (364, 693)
[M::mem_pestat] analyzing insert size distribution for orientation RF...
[M::mem_pestat] (25, 50, 75) percentile: (391, 468, 3309)
[M::mem_pestat] low and high boundaries for computing mean and std.dev: (1, 9145)
[M::mem_pestat] mean and std.dev: (1574.00, 1582.97)
[M::mem_pestat] low and high boundaries for proper pairs: (1, 12063)
[M::mem_pestat] analyzing insert size distribution for orientation RR...
[M::mem_pestat] (25, 50, 75) percentile: (136, 1193, 1939)
[M::mem_pestat] low and high boundaries for computing mean and std.dev: (1, 5545)
[M::mem_pestat] mean and std.dev: (1202.06, 1205.61)
[M::mem_pestat] low and high boundaries for proper pairs: (1, 7348)
[M::mem_pestat] skip orientation FF
[M::mem_pestat] skip orientation RF
[M::mem_pestat] skip orientation RR
[M::mem_process_seqs] Processed 266668 reads in 233.287 CPU sec, 58.692 real sec
[M::process] read 266668 sequences (40000200 bp)...
[M::mem_pestat] # candidate unique pairs for (FF, FR, RF, RR): (42, 18787, 10, 22)
[M::mem_pestat] analyzing insert size distribution for orientation FF...
[M::mem_pestat] (25, 50, 75) percentile: (137, 203, 317)
[M::mem_pestat] low and high boundaries for computing mean and std.dev: (1, 677)
[M::mem_pestat] mean and std.dev: (196.35, 111.39)
[M::mem_pestat] low and high boundaries for proper pairs: (1, 857)
[M::mem_pestat] analyzing insert size distribution for orientation FR...
[M::mem_pestat] (25, 50, 75) percentile: (505, 523, 551)
[M::mem_pestat] low and high boundaries for computing mean and std.dev: (413, 643)
[M::mem_pestat] mean and std.dev: (535.22, 33.58)
[M::mem_pestat] low and high boundaries for proper pairs: (367, 689)
[M::mem_pestat] analyzing insert size distribution for orientation RF...
[M::mem_pestat] (25, 50, 75) percentile: (20, 609, 4213)
[M::mem_pestat] low and high boundaries for computing mean and std.dev: (1, 12599)
[M::mem_pestat] mean and std.dev: (1853.00, 2550.58)
[M::mem_pestat] low and high boundaries for proper pairs: (1, 16792)
[M::mem_pestat] analyzing insert size distribution for orientation RR...
[M::mem_pestat] (25, 50, 75) percentile: (166, 514, 1203)
[M::mem_pestat] low and high boundaries for computing mean and std.dev: (1, 3277)
[M::mem_pestat] mean and std.dev: (700.57, 613.81)
[M::mem_pestat] low and high boundaries for proper pairs: (1, 4314)
[M::mem_pestat] skip orientation FF
[M::mem_pestat] skip orientation RF
[M::mem_pestat] skip orientation RR
[M::mem_process_seqs] Processed 266668 reads in 233.610 CPU sec, 58.541 real sec
[M::process] read 266668 sequences (40000200 bp)...
[M::mem_pestat] # candidate unique pairs for (FF, FR, RF, RR): (60, 19208, 8, 20)
[M::mem_pestat] analyzing insert size distribution for orientation FF...
[M::mem_pestat] (25, 50, 75) percentile: (183, 240, 684)
[M::mem_pestat] low and high boundaries for computing mean and std.dev: (1, 1686)
[M::mem_pestat] mean and std.dev: (284.43, 241.70)
[M::mem_pestat] low and high boundaries for proper pairs: (1, 2187)
[M::mem_pestat] analyzing insert size distribution for orientation FR...
[M::mem_pestat] (25, 50, 75) percentile: (506, 523, 551)
[M::mem_pestat] low and high boundaries for computing mean and std.dev: (416, 641)
[M::mem_pestat] mean and std.dev: (535.53, 32.82)
[M::mem_pestat] low and high boundaries for proper pairs: (371, 686)
[M::mem_pestat] skip orientation RF as there are not enough pairs
[M::mem_pestat] analyzing insert size distribution for orientation RR...
[M::mem_pestat] (25, 50, 75) percentile: (446, 1147, 2238)
[M::mem_pestat] low and high boundaries for computing mean and std.dev: (1, 5822)
[M::mem_pestat] mean and std.dev: (1200.16, 1011.99)
[M::mem_pestat] low and high boundaries for proper pairs: (1, 7614)
[M::mem_pestat] skip orientation FF
[M::mem_pestat] skip orientation RR
[M::mem_process_seqs] Processed 266668 reads in 235.169 CPU sec, 58.921 real sec
[M::process] read 266668 sequences (40000200 bp)...
[M::mem_pestat] # candidate unique pairs for (FF, FR, RF, RR): (51, 19059, 10, 24)
[M::mem_pestat] analyzing insert size distribution for orientation FF...
[M::mem_pestat] (25, 50, 75) percentile: (129, 181, 296)
[M::mem_pestat] low and high boundaries for computing mean and std.dev: (1, 630)
[M::mem_pestat] mean and std.dev: (180.98, 86.35)
[M::mem_pestat] low and high boundaries for proper pairs: (1, 797)
[M::mem_pestat] analyzing insert size distribution for orientation FR...
[M::mem_pestat] (25, 50, 75) percentile: (505, 523, 552)
[M::mem_pestat] low and high boundaries for computing mean and std.dev: (411, 646)
[M::mem_pestat] mean and std.dev: (536.14, 34.05)
[M::mem_pestat] low and high boundaries for proper pairs: (364, 693)
[M::mem_pestat] analyzing insert size distribution for orientation RF...
[M::mem_pestat] (25, 50, 75) percentile: (1046, 1607, 4860)
[M::mem_pestat] low and high boundaries for computing mean and std.dev: (1, 12488)
[M::mem_pestat] mean and std.dev: (2641.90, 2274.08)
[M::mem_pestat] low and high boundaries for proper pairs: (1, 16302)
[M::mem_pestat] analyzing insert size distribution for orientation RR...
[M::mem_pestat] (25, 50, 75) percentile: (224, 980, 2035)
[M::mem_pestat] low and high boundaries for computing mean and std.dev: (1, 5657)
[M::mem_pestat] mean and std.dev: (1436.50, 1522.60)
[M::mem_pestat] low and high boundaries for proper pairs: (1, 7527)
[M::mem_pestat] skip orientation FF
[M::mem_pestat] skip orientation RF
[M::mem_pestat] skip orientation RR
[M::mem_process_seqs] Processed 266668 reads in 231.558 CPU sec, 58.028 real sec
[M::process] read 266668 sequences (40000200 bp)...
[M::mem_pestat] # candidate unique pairs for (FF, FR, RF, RR): (49, 19145, 14, 26)
[M::mem_pestat] analyzing insert size distribution for orientation FF...
[M::mem_pestat] (25, 50, 75) percentile: (171, 226, 847)
[M::mem_pestat] low and high boundaries for computing mean and std.dev: (1, 2199)
[M::mem_pestat] mean and std.dev: (446.40, 513.37)
[M::mem_pestat] low and high boundaries for proper pairs: (1, 2875)
[M::mem_pestat] analyzing insert size distribution for orientation FR...
[M::mem_pestat] (25, 50, 75) percentile: (506, 523, 552)
[M::mem_pestat] low and high boundaries for computing mean and std.dev: (414, 644)
[M::mem_pestat] mean and std.dev: (535.94, 33.30)
[M::mem_pestat] low and high boundaries for proper pairs: (368, 690)
[M::mem_pestat] analyzing insert size distribution for orientation RF...
[M::mem_pestat] (25, 50, 75) percentile: (432, 917, 2565)
[M::mem_pestat] low and high boundaries for computing mean and std.dev: (1, 6831)
[M::mem_pestat] mean and std.dev: (1470.71, 1550.12)
[M::mem_pestat] low and high boundaries for proper pairs: (1, 8964)
[M::mem_pestat] analyzing insert size distribution for orientation RR...
[M::mem_pestat] (25, 50, 75) percentile: (226, 662, 1086)
[M::mem_pestat] low and high boundaries for computing mean and std.dev: (1, 2806)
[M::mem_pestat] mean and std.dev: (719.96, 613.33)
[M::mem_pestat] low and high boundaries for proper pairs: (1, 3666)
[M::mem_pestat] skip orientation FF
[M::mem_pestat] skip orientation RF
[M::mem_pestat] skip orientation RR
[M::mem_process_seqs] Processed 266668 reads in 234.035 CPU sec, 58.629 real sec
[M::process] read 266668 sequences (40000200 bp)...
[M::mem_pestat] # candidate unique pairs for (FF, FR, RF, RR): (54, 18902, 13, 26)
[M::mem_pestat] analyzing insert size distribution for orientation FF...
[M::mem_pestat] (25, 50, 75) percentile: (129, 225, 804)
[M::mem_pestat] low and high boundaries for computing mean and std.dev: (1, 2154)
[M::mem_pestat] mean and std.dev: (356.35, 401.26)
[M::mem_pestat] low and high boundaries for proper pairs: (1, 2829)
[M::mem_pestat] analyzing insert size distribution for orientation FR...
[M::mem_pestat] (25, 50, 75) percentile: (506, 523, 551)
[M::mem_pestat] low and high boundaries for computing mean and std.dev: (416, 641)
[M::mem_pestat] mean and std.dev: (535.29, 32.38)
[M::mem_pestat] low and high boundaries for proper pairs: (371, 686)
[M::mem_pestat] analyzing insert size distribution for orientation RF...
[M::mem_pestat] (25, 50, 75) percentile: (122, 483, 1041)
[M::mem_pestat] low and high boundaries for computing mean and std.dev: (1, 2879)
[M::mem_pestat] mean and std.dev: (610.15, 617.18)
[M::mem_pestat] low and high boundaries for proper pairs: (1, 3798)
[M::mem_pestat] analyzing insert size distribution for orientation RR...
[M::mem_pestat] (25, 50, 75) percentile: (264, 845, 1861)
[M::mem_pestat] low and high boundaries for computing mean and std.dev: (1, 5055)
[M::mem_pestat] mean and std.dev: (1053.88, 942.18)
[M::mem_pestat] low and high boundaries for proper pairs: (1, 6652)
[M::mem_pestat] skip orientation FF
[M::mem_pestat] skip orientation RF
[M::mem_pestat] skip orientation RR
[M::mem_process_seqs] Processed 266668 reads in 234.639 CPU sec, 58.813 real sec
[M::process] read 266668 sequences (40000200 bp)...
[M::mem_pestat] # candidate unique pairs for (FF, FR, RF, RR): (60, 18916, 11, 21)
[M::mem_pestat] analyzing insert size distribution for orientation FF...
[M::mem_pestat] (25, 50, 75) percentile: (143, 189, 337)
[M::mem_pestat] low and high boundaries for computing mean and std.dev: (1, 725)
[M::mem_pestat] mean and std.dev: (192.52, 114.20)
[M::mem_pestat] low and high boundaries for proper pairs: (1, 919)
[M::mem_pestat] analyzing insert size distribution for orientation FR...
[M::mem_pestat] (25, 50, 75) percentile: (506, 523, 551)
[M::mem_pestat] low and high boundaries for computing mean and std.dev: (416, 641)
[M::mem_pestat] mean and std.dev: (535.59, 33.15)
[M::mem_pestat] low and high boundaries for proper pairs: (371, 686)
[M::mem_pestat] analyzing insert size distribution for orientation RF...
[M::mem_pestat] (25, 50, 75) percentile: (127, 522, 1219)
[M::mem_pestat] low and high boundaries for computing mean and std.dev: (1, 3403)
[M::mem_pestat] mean and std.dev: (685.09, 764.61)
[M::mem_pestat] low and high boundaries for proper pairs: (1, 4495)
[M::mem_pestat] analyzing insert size distribution for orientation RR...
[M::mem_pestat] (25, 50, 75) percentile: (286, 801, 1557)
[M::mem_pestat] low and high boundaries for computing mean and std.dev: (1, 4099)
[M::mem_pestat] mean and std.dev: (821.47, 694.64)
[M::mem_pestat] low and high boundaries for proper pairs: (1, 5370)
[M::mem_pestat] skip orientation FF
[M::mem_pestat] skip orientation RF
[M::mem_pestat] skip orientation RR
[M::mem_process_seqs] Processed 266668 reads in 226.484 CPU sec, 56.734 real sec
[M::process] read 266668 sequences (40000200 bp)...
[M::mem_pestat] # candidate unique pairs for (FF, FR, RF, RR): (63, 18981, 9, 18)
[M::mem_pestat] analyzing insert size distribution for orientation FF...
[M::mem_pestat] (25, 50, 75) percentile: (147, 186, 509)
[M::mem_pestat] low and high boundaries for computing mean and std.dev: (1, 1233)
[M::mem_pestat] mean and std.dev: (269.52, 260.95)
[M::mem_pestat] low and high boundaries for proper pairs: (1, 1595)
[M::mem_pestat] analyzing insert size distribution for orientation FR...
[M::mem_pestat] (25, 50, 75) percentile: (506, 523, 552)
[M::mem_pestat] low and high boundaries for computing mean and std.dev: (414, 644)
[M::mem_pestat] mean and std.dev: (535.71, 33.44)
[M::mem_pestat] low and high boundaries for proper pairs: (368, 690)
[M::mem_pestat] skip orientation RF as there are not enough pairs
[M::mem_pestat] analyzing insert size distribution for orientation RR...
[M::mem_pestat] (25, 50, 75) percentile: (120, 695, 1197)
[M::mem_pestat] low and high boundaries for computing mean and std.dev: (1, 3351)
[M::mem_pestat] mean and std.dev: (615.88, 474.18)
[M::mem_pestat] low and high boundaries for proper pairs: (1, 4428)
[M::mem_pestat] skip orientation FF
[M::mem_pestat] skip orientation RR
[M::mem_process_seqs] Processed 266668 reads in 232.899 CPU sec, 58.538 real sec
[M::process] read 266668 sequences (40000200 bp)...
[M::mem_pestat] # candidate unique pairs for (FF, FR, RF, RR): (44, 18933, 11, 17)
[M::mem_pestat] analyzing insert size distribution for orientation FF...
[M::mem_pestat] (25, 50, 75) percentile: (165, 206, 353)
[M::mem_pestat] low and high boundaries for computing mean and std.dev: (1, 729)
[M::mem_pestat] mean and std.dev: (209.49, 113.70)
[M::mem_pestat] low and high boundaries for proper pairs: (1, 917)
[M::mem_pestat] analyzing insert size distribution for orientation FR...
[M::mem_pestat] (25, 50, 75) percentile: (506, 523, 552)
[M::mem_pestat] low and high boundaries for computing mean and std.dev: (414, 644)
[M::mem_pestat] mean and std.dev: (535.44, 33.30)
[M::mem_pestat] low and high boundaries for proper pairs: (368, 690)
[M::mem_pestat] analyzing insert size distribution for orientation RF...
[M::mem_pestat] (25, 50, 75) percentile: (492, 784, 1341)
[M::mem_pestat] low and high boundaries for computing mean and std.dev: (1, 3039)
[M::mem_pestat] mean and std.dev: (828.20, 688.97)
[M::mem_pestat] low and high boundaries for proper pairs: (1, 3888)
[M::mem_pestat] analyzing insert size distribution for orientation RR...
[M::mem_pestat] (25, 50, 75) percentile: (793, 1188, 2621)
[M::mem_pestat] low and high boundaries for computing mean and std.dev: (1, 6277)
[M::mem_pestat] mean and std.dev: (1800.94, 1597.01)
[M::mem_pestat] low and high boundaries for proper pairs: (1, 8189)
[M::mem_pestat] skip orientation FF
[M::mem_pestat] skip orientation RF
[M::mem_pestat] skip orientation RR
[M::mem_process_seqs] Processed 266668 reads in 232.936 CPU sec, 58.340 real sec
[M::process] read 266668 sequences (40000200 bp)...
[M::mem_pestat] # candidate unique pairs for (FF, FR, RF, RR): (57, 19091, 17, 18)
[M::mem_pestat] analyzing insert size distribution for orientation FF...
[M::mem_pestat] (25, 50, 75) percentile: (139, 198, 290)
[M::mem_pestat] low and high boundaries for computing mean and std.dev: (1, 592)
[M::mem_pestat] mean and std.dev: (190.88, 82.09)
[M::mem_pestat] low and high boundaries for proper pairs: (1, 743)
[M::mem_pestat] analyzing insert size distribution for orientation FR...
[M::mem_pestat] (25, 50, 75) percentile: (506, 523, 552)
[M::mem_pestat] low and high boundaries for computing mean and std.dev: (414, 644)
[M::mem_pestat] mean and std.dev: (535.60, 33.41)
[M::mem_pestat] low and high boundaries for proper pairs: (368, 690)
[M::mem_pestat] analyzing insert size distribution for orientation RF...
[M::mem_pestat] (25, 50, 75) percentile: (87, 626, 1476)
[M::mem_pestat] low and high boundaries for computing mean and std.dev: (1, 4254)
[M::mem_pestat] mean and std.dev: (724.88, 689.68)
[M::mem_pestat] low and high boundaries for proper pairs: (1, 5643)
[M::mem_pestat] analyzing insert size distribution for orientation RR...
[M::mem_pestat] (25, 50, 75) percentile: (527, 1203, 1685)
[M::mem_pestat] low and high boundaries for computing mean and std.dev: (1, 4001)
[M::mem_pestat] mean and std.dev: (1040.25, 790.93)
[M::mem_pestat] low and high boundaries for proper pairs: (1, 5159)
[M::mem_pestat] skip orientation FF
[M::mem_pestat] skip orientation RF
[M::mem_pestat] skip orientation RR
[M::mem_process_seqs] Processed 266668 reads in 233.761 CPU sec, 58.566 real sec
[M::process] read 266668 sequences (40000200 bp)...
[M::mem_pestat] # candidate unique pairs for (FF, FR, RF, RR): (50, 19122, 10, 22)
[M::mem_pestat] analyzing insert size distribution for orientation FF...
[M::mem_pestat] (25, 50, 75) percentile: (139, 213, 360)
[M::mem_pestat] low and high boundaries for computing mean and std.dev: (1, 802)
[M::mem_pestat] mean and std.dev: (229.21, 154.90)
[M::mem_pestat] low and high boundaries for proper pairs: (1, 1023)
[M::mem_pestat] analyzing insert size distribution for orientation FR...
[M::mem_pestat] (25, 50, 75) percentile: (506, 523, 552)
[M::mem_pestat] low and high boundaries for computing mean and std.dev: (414, 644)
[M::mem_pestat] mean and std.dev: (535.61, 32.91)
[M::mem_pestat] low and high boundaries for proper pairs: (368, 690)
[M::mem_pestat] analyzing insert size distribution for orientation RF...
[M::mem_pestat] (25, 50, 75) percentile: (492, 2136, 3503)
[M::mem_pestat] low and high boundaries for computing mean and std.dev: (1, 9525)
[M::mem_pestat] mean and std.dev: (2611.90, 2880.09)
[M::mem_pestat] low and high boundaries for proper pairs: (1, 14132)
[M::mem_pestat] analyzing insert size distribution for orientation RR...
[M::mem_pestat] (25, 50, 75) percentile: (293, 909, 1341)
[M::mem_pestat] low and high boundaries for computing mean and std.dev: (1, 3437)
[M::mem_pestat] mean and std.dev: (918.24, 723.79)
[M::mem_pestat] low and high boundaries for proper pairs: (1, 4485)
[M::mem_pestat] skip orientation FF
[M::mem_pestat] skip orientation RF
[M::mem_pestat] skip orientation RR
[M::mem_process_seqs] Processed 266668 reads in 235.516 CPU sec, 59.006 real sec
[M::process] read 266668 sequences (40000200 bp)...
[M::mem_pestat] # candidate unique pairs for (FF, FR, RF, RR): (50, 19055, 8, 24)
[M::mem_pestat] analyzing insert size distribution for orientation FF...
[M::mem_pestat] (25, 50, 75) percentile: (130, 192, 264)
[M::mem_pestat] low and high boundaries for computing mean and std.dev: (1, 532)
[M::mem_pestat] mean and std.dev: (179.57, 85.97)
[M::mem_pestat] low and high boundaries for proper pairs: (1, 666)
[M::mem_pestat] analyzing insert size distribution for orientation FR...
[M::mem_pestat] (25, 50, 75) percentile: (506, 523, 551)
[M::mem_pestat] low and high boundaries for computing mean and std.dev: (416, 641)
[M::mem_pestat] mean and std.dev: (535.59, 32.91)
[M::mem_pestat] low and high boundaries for proper pairs: (371, 686)
[M::mem_pestat] skip orientation RF as there are not enough pairs
[M::mem_pestat] analyzing insert size distribution for orientation RR...
[M::mem_pestat] (25, 50, 75) percentile: (926, 1321, 2928)
[M::mem_pestat] low and high boundaries for computing mean and std.dev: (1, 6932)
[M::mem_pestat] mean and std.dev: (1779.04, 1474.57)
[M::mem_pestat] low and high boundaries for proper pairs: (1, 8934)
[M::mem_pestat] skip orientation FF
[M::mem_pestat] skip orientation RR
[M::mem_process_seqs] Processed 266668 reads in 229.071 CPU sec, 57.386 real sec
[M::process] read 266668 sequences (40000200 bp)...
[M::mem_pestat] # candidate unique pairs for (FF, FR, RF, RR): (57, 19028, 14, 24)
[M::mem_pestat] analyzing insert size distribution for orientation FF...
[M::mem_pestat] (25, 50, 75) percentile: (134, 231, 322)
[M::mem_pestat] low and high boundaries for computing mean and std.dev: (1, 698)
[M::mem_pestat] mean and std.dev: (213.19, 119.78)
[M::mem_pestat] low and high boundaries for proper pairs: (1, 886)
[M::mem_pestat] analyzing insert size distribution for orientation FR...
[M::mem_pestat] (25, 50, 75) percentile: (506, 523, 552)
[M::mem_pestat] low and high boundaries for computing mean and std.dev: (414, 644)
[M::mem_pestat] mean and std.dev: (536.03, 33.76)
[M::mem_pestat] low and high boundaries for proper pairs: (368, 690)
[M::mem_pestat] analyzing insert size distribution for orientation RF...
[M::mem_pestat] (25, 50, 75) percentile: (53, 243, 692)
[M::mem_pestat] low and high boundaries for computing mean and std.dev: (1, 1970)
[M::mem_pestat] mean and std.dev: (330.92, 394.44)
[M::mem_pestat] low and high boundaries for proper pairs: (1, 2609)
[M::mem_pestat] analyzing insert size distribution for orientation RR...
[M::mem_pestat] (25, 50, 75) percentile: (254, 920, 1728)
[M::mem_pestat] low and high boundaries for computing mean and std.dev: (1, 4676)
[M::mem_pestat] mean and std.dev: (1069.21, 923.35)
[M::mem_pestat] low and high boundaries for proper pairs: (1, 6150)
[M::mem_pestat] skip orientation FF
[M::mem_pestat] skip orientation RF
[M::mem_pestat] skip orientation RR
[M::mem_process_seqs] Processed 266668 reads in 235.266 CPU sec, 58.952 real sec
[M::process] read 266668 sequences (40000200 bp)...
[M::mem_pestat] # candidate unique pairs for (FF, FR, RF, RR): (62, 19189, 4, 18)
[M::mem_pestat] analyzing insert size distribution for orientation FF...
[M::mem_pestat] (25, 50, 75) percentile: (157, 222, 338)
[M::mem_pestat] low and high boundaries for computing mean and std.dev: (1, 700)
[M::mem_pestat] mean and std.dev: (223.83, 126.60)
[M::mem_pestat] low and high boundaries for proper pairs: (1, 881)
[M::mem_pestat] analyzing insert size distribution for orientation FR...
[M::mem_pestat] (25, 50, 75) percentile: (506, 523, 551)
[M::mem_pestat] low and high boundaries for computing mean and std.dev: (416, 641)
[M::mem_pestat] mean and std.dev: (535.71, 32.71)
[M::mem_pestat] low and high boundaries for proper pairs: (371, 686)
[M::mem_pestat] skip orientation RF as there are not enough pairs
[M::mem_pestat] analyzing insert size distribution for orientation RR...
[M::mem_pestat] (25, 50, 75) percentile: (151, 515, 878)
[M::mem_pestat] low and high boundaries for computing mean and std.dev: (1, 2332)
[M::mem_pestat] mean and std.dev: (501.81, 514.47)
[M::mem_pestat] low and high boundaries for proper pairs: (1, 3059)
[M::mem_pestat] skip orientation FF
[M::mem_pestat] skip orientation RR
[M::mem_process_seqs] Processed 266668 reads in 230.694 CPU sec, 57.808 real sec
[M::process] read 266668 sequences (40000200 bp)...
[M::mem_pestat] # candidate unique pairs for (FF, FR, RF, RR): (53, 19207, 12, 29)
[M::mem_pestat] analyzing insert size distribution for orientation FF...
[M::mem_pestat] (25, 50, 75) percentile: (150, 192, 378)
[M::mem_pestat] low and high boundaries for computing mean and std.dev: (1, 834)
[M::mem_pestat] mean and std.dev: (195.45, 93.53)
[M::mem_pestat] low and high boundaries for proper pairs: (1, 1062)
[M::mem_pestat] analyzing insert size distribution for orientation FR...
[M::mem_pestat] (25, 50, 75) percentile: (506, 523, 552)
[M::mem_pestat] low and high boundaries for computing mean and std.dev: (414, 644)
[M::mem_pestat] mean and std.dev: (535.43, 33.16)
[M::mem_pestat] low and high boundaries for proper pairs: (368, 690)
[M::mem_pestat] analyzing insert size distribution for orientation RF...
[M::mem_pestat] (25, 50, 75) percentile: (265, 354, 2129)
[M::mem_pestat] low and high boundaries for computing mean and std.dev: (1, 5857)
[M::mem_pestat] mean and std.dev: (759.36, 837.89)
[M::mem_pestat] low and high boundaries for proper pairs: (1, 7721)
[M::mem_pestat] analyzing insert size distribution for orientation RR...
[M::mem_pestat] (25, 50, 75) percentile: (182, 753, 1584)
[M::mem_pestat] low and high boundaries for computing mean and std.dev: (1, 4388)
[M::mem_pestat] mean and std.dev: (900.14, 918.31)
[M::mem_pestat] low and high boundaries for proper pairs: (1, 5790)
[M::mem_pestat] skip orientation FF
[M::mem_pestat] skip orientation RF
[M::mem_pestat] skip orientation RR
[M::mem_process_seqs] Processed 266668 reads in 230.038 CPU sec, 57.644 real sec
[M::process] read 266668 sequences (40000200 bp)...
[M::mem_pestat] # candidate unique pairs for (FF, FR, RF, RR): (57, 19200, 8, 22)
[M::mem_pestat] analyzing insert size distribution for orientation FF...
[M::mem_pestat] (25, 50, 75) percentile: (173, 220, 299)
[M::mem_pestat] low and high boundaries for computing mean and std.dev: (1, 551)
[M::mem_pestat] mean and std.dev: (213.24, 77.65)
[M::mem_pestat] low and high boundaries for proper pairs: (1, 677)
[M::mem_pestat] analyzing insert size distribution for orientation FR...
[M::mem_pestat] (25, 50, 75) percentile: (506, 523, 553)
[M::mem_pestat] low and high boundaries for computing mean and std.dev: (412, 647)
[M::mem_pestat] mean and std.dev: (536.56, 34.11)
[M::mem_pestat] low and high boundaries for proper pairs: (365, 694)
[M::mem_pestat] skip orientation RF as there are not enough pairs
[M::mem_pestat] analyzing insert size distribution for orientation RR...
[M::mem_pestat] (25, 50, 75) percentile: (246, 898, 1537)
[M::mem_pestat] low and high boundaries for computing mean and std.dev: (1, 4119)
[M::mem_pestat] mean and std.dev: (1042.09, 817.44)
[M::mem_pestat] low and high boundaries for proper pairs: (1, 5410)
[M::mem_pestat] skip orientation FF
[M::mem_pestat] skip orientation RR
[M::mem_process_seqs] Processed 266668 reads in 230.438 CPU sec, 57.722 real sec
[M::process] read 266668 sequences (40000200 bp)...
[M::mem_pestat] # candidate unique pairs for (FF, FR, RF, RR): (52, 19212, 9, 14)
[M::mem_pestat] analyzing insert size distribution for orientation FF...
[M::mem_pestat] (25, 50, 75) percentile: (165, 192, 286)
[M::mem_pestat] low and high boundaries for computing mean and std.dev: (1, 528)
[M::mem_pestat] mean and std.dev: (180.38, 59.78)
[M::mem_pestat] low and high boundaries for proper pairs: (1, 649)
[M::mem_pestat] analyzing insert size distribution for orientation FR...
[M::mem_pestat] (25, 50, 75) percentile: (506, 523, 552)
[M::mem_pestat] low and high boundaries for computing mean and std.dev: (414, 644)
[M::mem_pestat] mean and std.dev: (535.84, 33.16)
[M::mem_pestat] low and high boundaries for proper pairs: (368, 690)
[M::mem_pestat] skip orientation RF as there are not enough pairs
[M::mem_pestat] analyzing insert size distribution for orientation RR...
[M::mem_pestat] (25, 50, 75) percentile: (128, 821, 1378)
[M::mem_pestat] low and high boundaries for computing mean and std.dev: (1, 3878)
[M::mem_pestat] mean and std.dev: (799.08, 769.65)
[M::mem_pestat] low and high boundaries for proper pairs: (1, 5128)
[M::mem_pestat] skip orientation FF
[M::mem_pestat] skip orientation RR
[M::mem_process_seqs] Processed 266668 reads in 227.755 CPU sec, 57.098 real sec
[M::process] read 266668 sequences (40000200 bp)...
[M::mem_pestat] # candidate unique pairs for (FF, FR, RF, RR): (52, 19286, 11, 22)
[M::mem_pestat] analyzing insert size distribution for orientation FF...
[M::mem_pestat] (25, 50, 75) percentile: (145, 223, 602)
[M::mem_pestat] low and high boundaries for computing mean and std.dev: (1, 1516)
[M::mem_pestat] mean and std.dev: (321.55, 329.06)
[M::mem_pestat] low and high boundaries for proper pairs: (1, 1973)
[M::mem_pestat] analyzing insert size distribution for orientation FR...
[M::mem_pestat] (25, 50, 75) percentile: (506, 523, 552)
[M::mem_pestat] low and high boundaries for computing mean and std.dev: (414, 644)
[M::mem_pestat] mean and std.dev: (535.84, 33.08)
[M::mem_pestat] low and high boundaries for proper pairs: (368, 690)
[M::mem_pestat] analyzing insert size distribution for orientation RF...
[M::mem_pestat] (25, 50, 75) percentile: (285, 485, 1031)
[M::mem_pestat] low and high boundaries for computing mean and std.dev: (1, 2523)
[M::mem_pestat] mean and std.dev: (578.30, 562.14)
[M::mem_pestat] low and high boundaries for proper pairs: (1, 3269)
[M::mem_pestat] analyzing insert size distribution for orientation RR...
[M::mem_pestat] (25, 50, 75) percentile: (745, 1020, 2390)
[M::mem_pestat] low and high boundaries for computing mean and std.dev: (1, 5680)
[M::mem_pestat] mean and std.dev: (1544.64, 1294.83)
[M::mem_pestat] low and high boundaries for proper pairs: (1, 7325)
[M::mem_pestat] skip orientation FF
[M::mem_pestat] skip orientation RF
[M::mem_pestat] skip orientation RR
[M::mem_process_seqs] Processed 266668 reads in 229.620 CPU sec, 57.556 real sec
[M::process] read 266668 sequences (40000200 bp)...
[M::mem_pestat] # candidate unique pairs for (FF, FR, RF, RR): (64, 19129, 15, 28)
[M::mem_pestat] analyzing insert size distribution for orientation FF...
[M::mem_pestat] (25, 50, 75) percentile: (154, 214, 416)
[M::mem_pestat] low and high boundaries for computing mean and std.dev: (1, 940)
[M::mem_pestat] mean and std.dev: (277.23, 218.47)
[M::mem_pestat] low and high boundaries for proper pairs: (1, 1202)
[M::mem_pestat] analyzing insert size distribution for orientation FR...
[M::mem_pestat] (25, 50, 75) percentile: (506, 523, 552)
[M::mem_pestat] low and high boundaries for computing mean and std.dev: (414, 644)
[M::mem_pestat] mean and std.dev: (536.00, 33.45)
[M::mem_pestat] low and high boundaries for proper pairs: (368, 690)
[M::mem_pestat] analyzing insert size distribution for orientation RF...
[M::mem_pestat] (25, 50, 75) percentile: (249, 785, 2032)
[M::mem_pestat] low and high boundaries for computing mean and std.dev: (1, 5598)
[M::mem_pestat] mean and std.dev: (889.77, 1170.75)
[M::mem_pestat] low and high boundaries for proper pairs: (1, 7381)
[M::mem_pestat] analyzing insert size distribution for orientation RR...
[M::mem_pestat] (25, 50, 75) percentile: (268, 896, 1250)
[M::mem_pestat] low and high boundaries for computing mean and std.dev: (1, 3214)
[M::mem_pestat] mean and std.dev: (774.19, 544.56)
[M::mem_pestat] low and high boundaries for proper pairs: (1, 4196)
[M::mem_pestat] skip orientation FF
[M::mem_pestat] skip orientation RF
[M::mem_pestat] skip orientation RR
[M::mem_process_seqs] Processed 266668 reads in 229.837 CPU sec, 57.580 real sec
[M::process] read 266668 sequences (40000200 bp)...
[M::mem_pestat] # candidate unique pairs for (FF, FR, RF, RR): (58, 19121, 13, 16)
[M::mem_pestat] analyzing insert size distribution for orientation FF...
[M::mem_pestat] (25, 50, 75) percentile: (133, 206, 328)
[M::mem_pestat] low and high boundaries for computing mean and std.dev: (1, 718)
[M::mem_pestat] mean and std.dev: (209.55, 121.26)
[M::mem_pestat] low and high boundaries for proper pairs: (1, 913)
[M::mem_pestat] analyzing insert size distribution for orientation FR...
[M::mem_pestat] (25, 50, 75) percentile: (506, 524, 553)
[M::mem_pestat] low and high boundaries for computing mean and std.dev: (412, 647)
[M::mem_pestat] mean and std.dev: (536.54, 33.77)
[M::mem_pestat] low and high boundaries for proper pairs: (365, 694)
[M::mem_pestat] analyzing insert size distribution for orientation RF...
[M::mem_pestat] (25, 50, 75) percentile: (591, 811, 2381)
[M::mem_pestat] low and high boundaries for computing mean and std.dev: (1, 5961)
[M::mem_pestat] mean and std.dev: (1248.67, 1191.36)
[M::mem_pestat] low and high boundaries for proper pairs: (1, 7751)
[M::mem_pestat] analyzing insert size distribution for orientation RR...
[M::mem_pestat] (25, 50, 75) percentile: (184, 627, 3034)
[M::mem_pestat] low and high boundaries for computing mean and std.dev: (1, 8734)
[M::mem_pestat] mean and std.dev: (1529.81, 1629.99)
[M::mem_pestat] low and high boundaries for proper pairs: (1, 11584)
[M::mem_pestat] skip orientation FF
[M::mem_pestat] skip orientation RF
[M::mem_pestat] skip orientation RR
[M::mem_process_seqs] Processed 266668 reads in 228.426 CPU sec, 57.247 real sec
[M::process] read 266668 sequences (40000200 bp)...
[M::mem_pestat] # candidate unique pairs for (FF, FR, RF, RR): (46, 19010, 11, 19)
[M::mem_pestat] analyzing insert size distribution for orientation FF...
[M::mem_pestat] (25, 50, 75) percentile: (118, 182, 339)
[M::mem_pestat] low and high boundaries for computing mean and std.dev: (1, 781)
[M::mem_pestat] mean and std.dev: (207.56, 135.65)
[M::mem_pestat] low and high boundaries for proper pairs: (1, 1002)
[M::mem_pestat] analyzing insert size distribution for orientation FR...
[M::mem_pestat] (25, 50, 75) percentile: (506, 524, 553)
[M::mem_pestat] low and high boundaries for computing mean and std.dev: (412, 647)
[M::mem_pestat] mean and std.dev: (536.16, 33.90)
[M::mem_pestat] low and high boundaries for proper pairs: (365, 694)
[M::mem_pestat] analyzing insert size distribution for orientation RF...
[M::mem_pestat] (25, 50, 75) percentile: (423, 612, 800)
[M::mem_pestat] low and high boundaries for computing mean and std.dev: (1, 1554)
[M::mem_pestat] mean and std.dev: (552.00, 248.96)
[M::mem_pestat] low and high boundaries for proper pairs: (1, 1931)
[M::mem_pestat] analyzing insert size distribution for orientation RR...
[M::mem_pestat] (25, 50, 75) percentile: (291, 784, 1902)
[M::mem_pestat] low and high boundaries for computing mean and std.dev: (1, 5124)
[M::mem_pestat] mean and std.dev: (924.94, 783.51)
[M::mem_pestat] low and high boundaries for proper pairs: (1, 6735)
[M::mem_pestat] skip orientation FF
[M::mem_pestat] skip orientation RF
[M::mem_pestat] skip orientation RR
[M::mem_process_seqs] Processed 266668 reads in 226.322 CPU sec, 56.704 real sec
[M::process] read 266668 sequences (40000200 bp)...
[M::mem_pestat] # candidate unique pairs for (FF, FR, RF, RR): (51, 19214, 14, 21)
[M::mem_pestat] analyzing insert size distribution for orientation FF...
[M::mem_pestat] (25, 50, 75) percentile: (140, 213, 269)
[M::mem_pestat] low and high boundaries for computing mean and std.dev: (1, 527)
[M::mem_pestat] mean and std.dev: (188.53, 79.99)
[M::mem_pestat] low and high boundaries for proper pairs: (1, 656)
[M::mem_pestat] analyzing insert size distribution for orientation FR...
[M::mem_pestat] (25, 50, 75) percentile: (506, 523, 552)
[M::mem_pestat] low and high boundaries for computing mean and std.dev: (414, 644)
[M::mem_pestat] mean and std.dev: (535.85, 33.19)
[M::mem_pestat] low and high boundaries for proper pairs: (368, 690)
[M::mem_pestat] analyzing insert size distribution for orientation RF...
[M::mem_pestat] (25, 50, 75) percentile: (87, 793, 3466)
[M::mem_pestat] low and high boundaries for computing mean and std.dev: (1, 10224)
[M::mem_pestat] mean and std.dev: (1585.36, 1700.16)
[M::mem_pestat] low and high boundaries for proper pairs: (1, 13603)
[M::mem_pestat] analyzing insert size distribution for orientation RR...
[M::mem_pestat] (25, 50, 75) percentile: (199, 842, 2178)
[M::mem_pestat] low and high boundaries for computing mean and std.dev: (1, 6136)
[M::mem_pestat] mean and std.dev: (1008.55, 920.63)
[M::mem_pestat] low and high boundaries for proper pairs: (1, 8115)
[M::mem_pestat] skip orientation FF
[M::mem_pestat] skip orientation RF
[M::mem_pestat] skip orientation RR
[M::mem_process_seqs] Processed 266668 reads in 227.201 CPU sec, 57.110 real sec
[M::process] read 266668 sequences (40000200 bp)...
[M::mem_pestat] # candidate unique pairs for (FF, FR, RF, RR): (66, 19298, 10, 19)
[M::mem_pestat] analyzing insert size distribution for orientation FF...
[M::mem_pestat] (25, 50, 75) percentile: (145, 208, 524)
[M::mem_pestat] low and high boundaries for computing mean and std.dev: (1, 1282)
[M::mem_pestat] mean and std.dev: (237.27, 176.61)
[M::mem_pestat] low and high boundaries for proper pairs: (1, 1661)
[M::mem_pestat] analyzing insert size distribution for orientation FR...
[M::mem_pestat] (25, 50, 75) percentile: (506, 523, 553)
[M::mem_pestat] low and high boundaries for computing mean and std.dev: (412, 647)
[M::mem_pestat] mean and std.dev: (536.17, 34.24)
[M::mem_pestat] low and high boundaries for proper pairs: (365, 694)
[M::mem_pestat] analyzing insert size distribution for orientation RF...
[M::mem_pestat] (25, 50, 75) percentile: (24, 341, 1566)
[M::mem_pestat] low and high boundaries for computing mean and std.dev: (1, 4650)
[M::mem_pestat] mean and std.dev: (728.40, 1011.20)
[M::mem_pestat] low and high boundaries for proper pairs: (1, 6192)
[M::mem_pestat] analyzing insert size distribution for orientation RR...
[M::mem_pestat] (25, 50, 75) percentile: (667, 972, 2039)
[M::mem_pestat] low and high boundaries for computing mean and std.dev: (1, 4783)
[M::mem_pestat] mean and std.dev: (1355.84, 1180.32)
[M::mem_pestat] low and high boundaries for proper pairs: (1, 6155)
[M::mem_pestat] skip orientation FF
[M::mem_pestat] skip orientation RF
[M::mem_pestat] skip orientation RR
[M::mem_process_seqs] Processed 266668 reads in 227.523 CPU sec, 56.994 real sec
[M::process] read 266668 sequences (40000200 bp)...
[M::mem_pestat] # candidate unique pairs for (FF, FR, RF, RR): (50, 19362, 11, 21)
[M::mem_pestat] analyzing insert size distribution for orientation FF...
[M::mem_pestat] (25, 50, 75) percentile: (157, 210, 323)
[M::mem_pestat] low and high boundaries for computing mean and std.dev: (1, 655)
[M::mem_pestat] mean and std.dev: (193.05, 70.28)
[M::mem_pestat] low and high boundaries for proper pairs: (1, 821)
[M::mem_pestat] analyzing insert size distribution for orientation FR...
[M::mem_pestat] (25, 50, 75) percentile: (506, 524, 554)
[M::mem_pestat] low and high boundaries for computing mean and std.dev: (410, 650)
[M::mem_pestat] mean and std.dev: (536.65, 34.37)
[M::mem_pestat] low and high boundaries for proper pairs: (362, 698)
[M::mem_pestat] analyzing insert size distribution for orientation RF...
[M::mem_pestat] (25, 50, 75) percentile: (297, 445, 2399)
[M::mem_pestat] low and high boundaries for computing mean and std.dev: (1, 6603)
[M::mem_pestat] mean and std.dev: (940.00, 936.17)
[M::mem_pestat] low and high boundaries for proper pairs: (1, 8705)
[M::mem_pestat] analyzing insert size distribution for orientation RR...
[M::mem_pestat] (25, 50, 75) percentile: (506, 992, 1839)
[M::mem_pestat] low and high boundaries for computing mean and std.dev: (1, 4505)
[M::mem_pestat] mean and std.dev: (1121.50, 905.54)
[M::mem_pestat] low and high boundaries for proper pairs: (1, 5838)
[M::mem_pestat] skip orientation FF
[M::mem_pestat] skip orientation RF
[M::mem_pestat] skip orientation RR
[M::mem_process_seqs] Processed 266668 reads in 228.323 CPU sec, 57.222 real sec
[M::process] read 266668 sequences (40000200 bp)...
[M::mem_pestat] # candidate unique pairs for (FF, FR, RF, RR): (51, 19314, 6, 18)
[M::mem_pestat] analyzing insert size distribution for orientation FF...
[M::mem_pestat] (25, 50, 75) percentile: (122, 192, 248)
[M::mem_pestat] low and high boundaries for computing mean and std.dev: (1, 500)
[M::mem_pestat] mean and std.dev: (182.98, 77.14)
[M::mem_pestat] low and high boundaries for proper pairs: (1, 626)
[M::mem_pestat] analyzing insert size distribution for orientation FR...
[M::mem_pestat] (25, 50, 75) percentile: (506, 523, 552)
[M::mem_pestat] low and high boundaries for computing mean and std.dev: (414, 644)
[M::mem_pestat] mean and std.dev: (535.67, 33.30)
[M::mem_pestat] low and high boundaries for proper pairs: (368, 690)
[M::mem_pestat] skip orientation RF as there are not enough pairs
[M::mem_pestat] analyzing insert size distribution for orientation RR...
[M::mem_pestat] (25, 50, 75) percentile: (232, 1154, 1549)
[M::mem_pestat] low and high boundaries for computing mean and std.dev: (1, 4183)
[M::mem_pestat] mean and std.dev: (1165.39, 1017.67)
[M::mem_pestat] low and high boundaries for proper pairs: (1, 5500)
[M::mem_pestat] skip orientation FF
[M::mem_pestat] skip orientation RR
[M::mem_process_seqs] Processed 266668 reads in 225.933 CPU sec, 56.596 real sec
[M::process] read 266668 sequences (40000200 bp)...
[M::mem_pestat] # candidate unique pairs for (FF, FR, RF, RR): (50, 19504, 11, 25)
[M::mem_pestat] analyzing insert size distribution for orientation FF...
[M::mem_pestat] (25, 50, 75) percentile: (160, 205, 615)
[M::mem_pestat] low and high boundaries for computing mean and std.dev: (1, 1525)
[M::mem_pestat] mean and std.dev: (327.89, 316.77)
[M::mem_pestat] low and high boundaries for proper pairs: (1, 1980)
[M::mem_pestat] analyzing insert size distribution for orientation FR...
[M::mem_pestat] (25, 50, 75) percentile: (506, 524, 553)
[M::mem_pestat] low and high boundaries for computing mean and std.dev: (412, 647)
[M::mem_pestat] mean and std.dev: (536.70, 34.22)
[M::mem_pestat] low and high boundaries for proper pairs: (365, 694)
[M::mem_pestat] analyzing insert size distribution for orientation RF...
[M::mem_pestat] (25, 50, 75) percentile: (387, 704, 1595)
[M::mem_pestat] low and high boundaries for computing mean and std.dev: (1, 4011)
[M::mem_pestat] mean and std.dev: (824.30, 856.73)
[M::mem_pestat] low and high boundaries for proper pairs: (1, 5219)
[M::mem_pestat] analyzing insert size distribution for orientation RR...
[M::mem_pestat] (25, 50, 75) percentile: (217, 574, 1380)
[M::mem_pestat] low and high boundaries for computing mean and std.dev: (1, 3706)
[M::mem_pestat] mean and std.dev: (775.30, 765.97)
[M::mem_pestat] low and high boundaries for proper pairs: (1, 4869)
[M::mem_pestat] skip orientation FF
[M::mem_pestat] skip orientation RF
[M::mem_pestat] skip orientation RR
[M::mem_process_seqs] Processed 266668 reads in 229.057 CPU sec, 57.382 real sec
[M::process] read 266668 sequences (40000200 bp)...
[M::mem_pestat] # candidate unique pairs for (FF, FR, RF, RR): (50, 19369, 14, 22)
[M::mem_pestat] analyzing insert size distribution for orientation FF...
[M::mem_pestat] (25, 50, 75) percentile: (158, 212, 513)
[M::mem_pestat] low and high boundaries for computing mean and std.dev: (1, 1223)
[M::mem_pestat] mean and std.dev: (268.67, 213.95)
[M::mem_pestat] low and high boundaries for proper pairs: (1, 1578)
[M::mem_pestat] analyzing insert size distribution for orientation FR...
[M::mem_pestat] (25, 50, 75) percentile: (506, 523, 553)
[M::mem_pestat] low and high boundaries for computing mean and std.dev: (412, 647)
[M::mem_pestat] mean and std.dev: (535.98, 34.22)
[M::mem_pestat] low and high boundaries for proper pairs: (365, 694)
[M::mem_pestat] analyzing insert size distribution for orientation RF...
[M::mem_pestat] (25, 50, 75) percentile: (115, 1653, 2069)
[M::mem_pestat] low and high boundaries for computing mean and std.dev: (1, 5977)
[M::mem_pestat] mean and std.dev: (1600.79, 1616.83)
[M::mem_pestat] low and high boundaries for proper pairs: (1, 8068)
[M::mem_pestat] analyzing insert size distribution for orientation RR...
[M::mem_pestat] (25, 50, 75) percentile: (325, 928, 1466)
[M::mem_pestat] low and high boundaries for computing mean and std.dev: (1, 3748)
[M::mem_pestat] mean and std.dev: (927.55, 816.30)
[M::mem_pestat] low and high boundaries for proper pairs: (1, 4889)
[M::mem_pestat] skip orientation FF
[M::mem_pestat] skip orientation RF
[M::mem_pestat] skip orientation RR
[M::mem_process_seqs] Processed 266668 reads in 228.848 CPU sec, 57.329 real sec
[M::process] read 266668 sequences (40000200 bp)...
[M::mem_pestat] # candidate unique pairs for (FF, FR, RF, RR): (44, 19262, 6, 23)
[M::mem_pestat] analyzing insert size distribution for orientation FF...
[M::mem_pestat] (25, 50, 75) percentile: (150, 208, 280)
[M::mem_pestat] low and high boundaries for computing mean and std.dev: (1, 540)
[M::mem_pestat] mean and std.dev: (196.63, 88.46)
[M::mem_pestat] low and high boundaries for proper pairs: (1, 670)
[M::mem_pestat] analyzing insert size distribution for orientation FR...
[M::mem_pestat] (25, 50, 75) percentile: (506, 524, 553)
[M::mem_pestat] low and high boundaries for computing mean and std.dev: (412, 647)
[M::mem_pestat] mean and std.dev: (536.58, 34.19)
[M::mem_pestat] low and high boundaries for proper pairs: (365, 694)
[M::mem_pestat] skip orientation RF as there are not enough pairs
[M::mem_pestat] analyzing insert size distribution for orientation RR...
[M::mem_pestat] (25, 50, 75) percentile: (722, 1120, 2325)
[M::mem_pestat] low and high boundaries for computing mean and std.dev: (1, 5531)
[M::mem_pestat] mean and std.dev: (1083.10, 754.98)
[M::mem_pestat] low and high boundaries for proper pairs: (1, 7134)
[M::mem_pestat] skip orientation FF
[M::mem_pestat] skip orientation RR
[M::mem_process_seqs] Processed 266668 reads in 232.813 CPU sec, 58.339 real sec
[M::process] read 266668 sequences (40000200 bp)...
[M::mem_pestat] # candidate unique pairs for (FF, FR, RF, RR): (61, 19262, 9, 21)
[M::mem_pestat] analyzing insert size distribution for orientation FF...
[M::mem_pestat] (25, 50, 75) percentile: (144, 204, 348)
[M::mem_pestat] low and high boundaries for computing mean and std.dev: (1, 756)
[M::mem_pestat] mean and std.dev: (210.75, 107.59)
[M::mem_pestat] low and high boundaries for proper pairs: (1, 960)
[M::mem_pestat] analyzing insert size distribution for orientation FR...
[M::mem_pestat] (25, 50, 75) percentile: (506, 523, 553)
[M::mem_pestat] low and high boundaries for computing mean and std.dev: (412, 647)
[M::mem_pestat] mean and std.dev: (535.97, 33.65)
[M::mem_pestat] low and high boundaries for proper pairs: (365, 694)
[M::mem_pestat] skip orientation RF as there are not enough pairs
[M::mem_pestat] analyzing insert size distribution for orientation RR...
[M::mem_pestat] (25, 50, 75) percentile: (448, 910, 2207)
[M::mem_pestat] low and high boundaries for computing mean and std.dev: (1, 5725)
[M::mem_pestat] mean and std.dev: (1447.00, 1405.26)
[M::mem_pestat] low and high boundaries for proper pairs: (1, 7484)
[M::mem_pestat] skip orientation FF
[M::mem_pestat] skip orientation RR
[M::mem_process_seqs] Processed 266668 reads in 225.949 CPU sec, 56.600 real sec
[M::process] read 266668 sequences (40000200 bp)...
[M::mem_pestat] # candidate unique pairs for (FF, FR, RF, RR): (48, 19330, 16, 25)
[M::mem_pestat] analyzing insert size distribution for orientation FF...
[M::mem_pestat] (25, 50, 75) percentile: (132, 202, 301)
[M::mem_pestat] low and high boundaries for computing mean and std.dev: (1, 639)
[M::mem_pestat] mean and std.dev: (206.22, 110.13)
[M::mem_pestat] low and high boundaries for proper pairs: (1, 808)
[M::mem_pestat] analyzing insert size distribution for orientation FR...
[M::mem_pestat] (25, 50, 75) percentile: (506, 524, 553)
[M::mem_pestat] low and high boundaries for computing mean and std.dev: (412, 647)
[M::mem_pestat] mean and std.dev: (536.39, 34.28)
[M::mem_pestat] low and high boundaries for proper pairs: (365, 694)
[M::mem_pestat] analyzing insert size distribution for orientation RF...
[M::mem_pestat] (25, 50, 75) percentile: (215, 1021, 1329)
[M::mem_pestat] low and high boundaries for computing mean and std.dev: (1, 3557)
[M::mem_pestat] mean and std.dev: (682.00, 528.42)
[M::mem_pestat] low and high boundaries for proper pairs: (1, 4671)
[M::mem_pestat] analyzing insert size distribution for orientation RR...
[M::mem_pestat] (25, 50, 75) percentile: (715, 1037, 1958)
[M::mem_pestat] low and high boundaries for computing mean and std.dev: (1, 4444)
[M::mem_pestat] mean and std.dev: (1417.72, 1134.82)
[M::mem_pestat] low and high boundaries for proper pairs: (1, 5957)
[M::mem_pestat] skip orientation FF
[M::mem_pestat] skip orientation RF
[M::mem_pestat] skip orientation RR
[M::mem_process_seqs] Processed 266668 reads in 223.755 CPU sec, 56.050 real sec
[M::process] read 266668 sequences (40000200 bp)...
[M::mem_pestat] # candidate unique pairs for (FF, FR, RF, RR): (56, 19220, 12, 21)
[M::mem_pestat] analyzing insert size distribution for orientation FF...
[M::mem_pestat] (25, 50, 75) percentile: (168, 225, 326)
[M::mem_pestat] low and high boundaries for computing mean and std.dev: (1, 642)
[M::mem_pestat] mean and std.dev: (202.65, 87.39)
[M::mem_pestat] low and high boundaries for proper pairs: (1, 800)
[M::mem_pestat] analyzing insert size distribution for orientation FR...
[M::mem_pestat] (25, 50, 75) percentile: (506, 523, 552)
[M::mem_pestat] low and high boundaries for computing mean and std.dev: (414, 644)
[M::mem_pestat] mean and std.dev: (535.55, 33.34)
[M::mem_pestat] low and high boundaries for proper pairs: (368, 690)
[M::mem_pestat] analyzing insert size distribution for orientation RF...
[M::mem_pestat] (25, 50, 75) percentile: (253, 455, 2950)
[M::mem_pestat] low and high boundaries for computing mean and std.dev: (1, 8344)
[M::mem_pestat] mean and std.dev: (1397.09, 2004.53)
[M::mem_pestat] low and high boundaries for proper pairs: (1, 11041)
[M::mem_pestat] analyzing insert size distribution for orientation RR...
[M::mem_pestat] (25, 50, 75) percentile: (196, 763, 1337)
[M::mem_pestat] low and high boundaries for computing mean and std.dev: (1, 3619)
[M::mem_pestat] mean and std.dev: (707.05, 558.50)
[M::mem_pestat] low and high boundaries for proper pairs: (1, 4760)
[M::mem_pestat] skip orientation FF
[M::mem_pestat] skip orientation RF
[M::mem_pestat] skip orientation RR
[M::mem_process_seqs] Processed 266668 reads in 227.259 CPU sec, 57.148 real sec
[M::process] read 266668 sequences (40000200 bp)...
[M::mem_pestat] # candidate unique pairs for (FF, FR, RF, RR): (52, 19296, 8, 26)
[M::mem_pestat] analyzing insert size distribution for orientation FF...
[M::mem_pestat] (25, 50, 75) percentile: (174, 231, 625)
[M::mem_pestat] low and high boundaries for computing mean and std.dev: (1, 1527)
[M::mem_pestat] mean and std.dev: (357.64, 347.72)
[M::mem_pestat] low and high boundaries for proper pairs: (1, 1978)
[M::mem_pestat] analyzing insert size distribution for orientation FR...
[M::mem_pestat] (25, 50, 75) percentile: (506, 523, 552)
[M::mem_pestat] low and high boundaries for computing mean and std.dev: (414, 644)
[M::mem_pestat] mean and std.dev: (536.09, 33.63)
[M::mem_pestat] low and high boundaries for proper pairs: (368, 690)
[M::mem_pestat] skip orientation RF as there are not enough pairs
[M::mem_pestat] analyzing insert size distribution for orientation RR...
[M::mem_pestat] (25, 50, 75) percentile: (711, 1437, 4135)
[M::mem_pestat] low and high boundaries for computing mean and std.dev: (1, 10983)
[M::mem_pestat] mean and std.dev: (2341.15, 2329.22)
[M::mem_pestat] low and high boundaries for proper pairs: (1, 14407)
[M::mem_pestat] skip orientation FF
[M::mem_pestat] skip orientation RR
[M::mem_process_seqs] Processed 266668 reads in 230.578 CPU sec, 57.768 real sec
[M::process] read 266668 sequences (40000200 bp)...
[M::mem_pestat] # candidate unique pairs for (FF, FR, RF, RR): (51, 19501, 9, 18)
[M::mem_pestat] analyzing insert size distribution for orientation FF...
[M::mem_pestat] (25, 50, 75) percentile: (136, 207, 580)
[M::mem_pestat] low and high boundaries for computing mean and std.dev: (1, 1468)
[M::mem_pestat] mean and std.dev: (244.26, 222.83)
[M::mem_pestat] low and high boundaries for proper pairs: (1, 1912)
[M::mem_pestat] analyzing insert size distribution for orientation FR...
[M::mem_pestat] (25, 50, 75) percentile: (506, 523, 552)
[M::mem_pestat] low and high boundaries for computing mean and std.dev: (414, 644)
[M::mem_pestat] mean and std.dev: (535.79, 33.34)
[M::mem_pestat] low and high boundaries for proper pairs: (368, 690)
[M::mem_pestat] skip orientation RF as there are not enough pairs
[M::mem_pestat] analyzing insert size distribution for orientation RR...
[M::mem_pestat] (25, 50, 75) percentile: (522, 1040, 2379)
[M::mem_pestat] low and high boundaries for computing mean and std.dev: (1, 6093)
[M::mem_pestat] mean and std.dev: (1619.39, 1497.00)
[M::mem_pestat] low and high boundaries for proper pairs: (1, 7950)
[M::mem_pestat] skip orientation FF
[M::mem_pestat] skip orientation RR
[M::mem_process_seqs] Processed 266668 reads in 226.059 CPU sec, 56.647 real sec
[M::process] read 266668 sequences (40000200 bp)...
[M::mem_pestat] # candidate unique pairs for (FF, FR, RF, RR): (57, 19168, 9, 25)
[M::mem_pestat] analyzing insert size distribution for orientation FF...
[M::mem_pestat] (25, 50, 75) percentile: (144, 203, 334)
[M::mem_pestat] low and high boundaries for computing mean and std.dev: (1, 714)
[M::mem_pestat] mean and std.dev: (194.08, 96.12)
[M::mem_pestat] low and high boundaries for proper pairs: (1, 904)
[M::mem_pestat] analyzing insert size distribution for orientation FR...
[M::mem_pestat] (25, 50, 75) percentile: (506, 523, 552)
[M::mem_pestat] low and high boundaries for computing mean and std.dev: (414, 644)
[M::mem_pestat] mean and std.dev: (535.89, 33.14)
[M::mem_pestat] low and high boundaries for proper pairs: (368, 690)
[M::mem_pestat] skip orientation RF as there are not enough pairs
[M::mem_pestat] analyzing insert size distribution for orientation RR...
[M::mem_pestat] (25, 50, 75) percentile: (278, 719, 1147)
[M::mem_pestat] low and high boundaries for computing mean and std.dev: (1, 2885)
[M::mem_pestat] mean and std.dev: (676.35, 427.95)
[M::mem_pestat] low and high boundaries for proper pairs: (1, 3754)
[M::mem_pestat] skip orientation FF
[M::mem_pestat] skip orientation RR
[M::mem_process_seqs] Processed 266668 reads in 230.630 CPU sec, 57.790 real sec
[M::process] read 266668 sequences (40000200 bp)...
[M::mem_pestat] # candidate unique pairs for (FF, FR, RF, RR): (53, 19134, 9, 19)
[M::mem_pestat] analyzing insert size distribution for orientation FF...
[M::mem_pestat] (25, 50, 75) percentile: (144, 204, 518)
[M::mem_pestat] low and high boundaries for computing mean and std.dev: (1, 1266)
[M::mem_pestat] mean and std.dev: (269.02, 245.13)
[M::mem_pestat] low and high boundaries for proper pairs: (1, 1640)
[M::mem_pestat] analyzing insert size distribution for orientation FR...
[M::mem_pestat] (25, 50, 75) percentile: (506, 523, 552)
[M::mem_pestat] low and high boundaries for computing mean and std.dev: (414, 644)
[M::mem_pestat] mean and std.dev: (535.46, 33.27)
[M::mem_pestat] low and high boundaries for proper pairs: (368, 690)
[M::mem_pestat] skip orientation RF as there are not enough pairs
[M::mem_pestat] analyzing insert size distribution for orientation RR...
[M::mem_pestat] (25, 50, 75) percentile: (380, 817, 1022)
[M::mem_pestat] low and high boundaries for computing mean and std.dev: (1, 2306)
[M::mem_pestat] mean and std.dev: (744.78, 546.53)
[M::mem_pestat] low and high boundaries for proper pairs: (1, 2948)
[M::mem_pestat] skip orientation FF
[M::mem_pestat] skip orientation RR
[M::mem_process_seqs] Processed 266668 reads in 231.186 CPU sec, 57.920 real sec
[M::process] read 266668 sequences (40000200 bp)...
[M::mem_pestat] # candidate unique pairs for (FF, FR, RF, RR): (58, 19418, 7, 23)
[M::mem_pestat] analyzing insert size distribution for orientation FF...
[M::mem_pestat] (25, 50, 75) percentile: (127, 201, 580)
[M::mem_pestat] low and high boundaries for computing mean and std.dev: (1, 1486)
[M::mem_pestat] mean and std.dev: (260.94, 262.80)
[M::mem_pestat] low and high boundaries for proper pairs: (1, 1939)
[M::mem_pestat] analyzing insert size distribution for orientation FR...
[M::mem_pestat] (25, 50, 75) percentile: (506, 523, 553)
[M::mem_pestat] low and high boundaries for computing mean and std.dev: (412, 647)
[M::mem_pestat] mean and std.dev: (536.52, 34.24)
[M::mem_pestat] low and high boundaries for proper pairs: (365, 694)
[M::mem_pestat] skip orientation RF as there are not enough pairs
[M::mem_pestat] analyzing insert size distribution for orientation RR...
[M::mem_pestat] (25, 50, 75) percentile: (362, 874, 1878)
[M::mem_pestat] low and high boundaries for computing mean and std.dev: (1, 4910)
[M::mem_pestat] mean and std.dev: (1378.17, 1363.79)
[M::mem_pestat] low and high boundaries for proper pairs: (1, 6833)
[M::mem_pestat] skip orientation FF
[M::mem_pestat] skip orientation RR
[M::mem_process_seqs] Processed 266668 reads in 230.158 CPU sec, 57.674 real sec
[M::process] read 266668 sequences (40000200 bp)...
[M::mem_pestat] # candidate unique pairs for (FF, FR, RF, RR): (49, 19328, 8, 27)
[M::mem_pestat] analyzing insert size distribution for orientation FF...
[M::mem_pestat] (25, 50, 75) percentile: (145, 221, 349)
[M::mem_pestat] low and high boundaries for computing mean and std.dev: (1, 757)
[M::mem_pestat] mean and std.dev: (205.62, 114.23)
[M::mem_pestat] low and high boundaries for proper pairs: (1, 961)
[M::mem_pestat] analyzing insert size distribution for orientation FR...
[M::mem_pestat] (25, 50, 75) percentile: (506, 523, 552)
[M::mem_pestat] low and high boundaries for computing mean and std.dev: (414, 644)
[M::mem_pestat] mean and std.dev: (536.01, 33.53)
[M::mem_pestat] low and high boundaries for proper pairs: (368, 690)
[M::mem_pestat] skip orientation RF as there are not enough pairs
[M::mem_pestat] analyzing insert size distribution for orientation RR...
[M::mem_pestat] (25, 50, 75) percentile: (817, 979, 1866)
[M::mem_pestat] low and high boundaries for computing mean and std.dev: (1, 3964)
[M::mem_pestat] mean and std.dev: (1035.39, 724.88)
[M::mem_pestat] low and high boundaries for proper pairs: (1, 5013)
[M::mem_pestat] skip orientation FF
[M::mem_pestat] skip orientation RR
[M::mem_process_seqs] Processed 266668 reads in 228.772 CPU sec, 57.309 real sec
[M::process] read 266668 sequences (40000200 bp)...
[M::mem_pestat] # candidate unique pairs for (FF, FR, RF, RR): (60, 19266, 15, 11)
[M::mem_pestat] analyzing insert size distribution for orientation FF...
[M::mem_pestat] (25, 50, 75) percentile: (149, 221, 361)
[M::mem_pestat] low and high boundaries for computing mean and std.dev: (1, 785)
[M::mem_pestat] mean and std.dev: (207.27, 123.96)
[M::mem_pestat] low and high boundaries for proper pairs: (1, 997)
[M::mem_pestat] analyzing insert size distribution for orientation FR...
[M::mem_pestat] (25, 50, 75) percentile: (506, 523, 552)
[M::mem_pestat] low and high boundaries for computing mean and std.dev: (414, 644)
[M::mem_pestat] mean and std.dev: (536.19, 33.71)
[M::mem_pestat] low and high boundaries for proper pairs: (368, 690)
[M::mem_pestat] analyzing insert size distribution for orientation RF...
[M::mem_pestat] (25, 50, 75) percentile: (171, 339, 1216)
[M::mem_pestat] low and high boundaries for computing mean and std.dev: (1, 3306)
[M::mem_pestat] mean and std.dev: (621.14, 812.55)
[M::mem_pestat] low and high boundaries for proper pairs: (1, 4351)
[M::mem_pestat] analyzing insert size distribution for orientation RR...
[M::mem_pestat] (25, 50, 75) percentile: (173, 767, 1468)
[M::mem_pestat] low and high boundaries for computing mean and std.dev: (1, 4058)
[M::mem_pestat] mean and std.dev: (943.27, 862.76)
[M::mem_pestat] low and high boundaries for proper pairs: (1, 5353)
[M::mem_pestat] skip orientation FF
[M::mem_pestat] skip orientation RF
[M::mem_pestat] skip orientation RR
[M::mem_process_seqs] Processed 266668 reads in 225.930 CPU sec, 56.596 real sec
[M::process] read 266668 sequences (40000200 bp)...
[M::mem_pestat] # candidate unique pairs for (FF, FR, RF, RR): (51, 19310, 14, 20)
[M::mem_pestat] analyzing insert size distribution for orientation FF...
[M::mem_pestat] (25, 50, 75) percentile: (166, 235, 708)
[M::mem_pestat] low and high boundaries for computing mean and std.dev: (1, 1792)
[M::mem_pestat] mean and std.dev: (373.56, 385.41)
[M::mem_pestat] low and high boundaries for proper pairs: (1, 2334)
[M::mem_pestat] analyzing insert size distribution for orientation FR...
[M::mem_pestat] (25, 50, 75) percentile: (506, 523, 552)
[M::mem_pestat] low and high boundaries for computing mean and std.dev: (414, 644)
[M::mem_pestat] mean and std.dev: (535.94, 33.09)
[M::mem_pestat] low and high boundaries for proper pairs: (368, 690)
[M::mem_pestat] analyzing insert size distribution for orientation RF...
[M::mem_pestat] (25, 50, 75) percentile: (184, 621, 1139)
[M::mem_pestat] low and high boundaries for computing mean and std.dev: (1, 3049)
[M::mem_pestat] mean and std.dev: (682.00, 651.96)
[M::mem_pestat] low and high boundaries for proper pairs: (1, 4004)
[M::mem_pestat] analyzing insert size distribution for orientation RR...
[M::mem_pestat] (25, 50, 75) percentile: (269, 587, 2016)
[M::mem_pestat] low and high boundaries for computing mean and std.dev: (1, 5510)
[M::mem_pestat] mean and std.dev: (967.47, 1097.45)
[M::mem_pestat] low and high boundaries for proper pairs: (1, 7257)
[M::mem_pestat] skip orientation FF
[M::mem_pestat] skip orientation RF
[M::mem_pestat] skip orientation RR
[M::mem_process_seqs] Processed 266668 reads in 226.275 CPU sec, 56.683 real sec
[M::process] read 266668 sequences (40000200 bp)...
[M::mem_pestat] # candidate unique pairs for (FF, FR, RF, RR): (49, 19455, 11, 21)
[M::mem_pestat] analyzing insert size distribution for orientation FF...
[M::mem_pestat] (25, 50, 75) percentile: (143, 210, 529)
[M::mem_pestat] low and high boundaries for computing mean and std.dev: (1, 1301)
[M::mem_pestat] mean and std.dev: (247.29, 245.64)
[M::mem_pestat] low and high boundaries for proper pairs: (1, 1687)
[M::mem_pestat] analyzing insert size distribution for orientation FR...
[M::mem_pestat] (25, 50, 75) percentile: (506, 524, 552)
[M::mem_pestat] low and high boundaries for computing mean and std.dev: (414, 644)
[M::mem_pestat] mean and std.dev: (536.05, 33.71)
[M::mem_pestat] low and high boundaries for proper pairs: (368, 690)
[M::mem_pestat] analyzing insert size distribution for orientation RF...
[M::mem_pestat] (25, 50, 75) percentile: (294, 789, 1161)
[M::mem_pestat] low and high boundaries for computing mean and std.dev: (1, 2895)
[M::mem_pestat] mean and std.dev: (644.70, 575.08)
[M::mem_pestat] low and high boundaries for proper pairs: (1, 3762)
[M::mem_pestat] analyzing insert size distribution for orientation RR...
[M::mem_pestat] (25, 50, 75) percentile: (155, 980, 1257)
[M::mem_pestat] low and high boundaries for computing mean and std.dev: (1, 3461)
[M::mem_pestat] mean and std.dev: (876.24, 682.54)
[M::mem_pestat] low and high boundaries for proper pairs: (1, 4563)
[M::mem_pestat] skip orientation FF
[M::mem_pestat] skip orientation RF
[M::mem_pestat] skip orientation RR
[M::mem_process_seqs] Processed 266668 reads in 226.204 CPU sec, 56.660 real sec
[M::process] read 222220 sequences (33333000 bp)...
[M::mem_pestat] # candidate unique pairs for (FF, FR, RF, RR): (54, 19636, 15, 18)
[M::mem_pestat] analyzing insert size distribution for orientation FF...
[M::mem_pestat] (25, 50, 75) percentile: (161, 220, 479)
[M::mem_pestat] low and high boundaries for computing mean and std.dev: (1, 1115)
[M::mem_pestat] mean and std.dev: (250.62, 189.49)
[M::mem_pestat] low and high boundaries for proper pairs: (1, 1433)
[M::mem_pestat] analyzing insert size distribution for orientation FR...
[M::mem_pestat] (25, 50, 75) percentile: (506, 524, 553)
[M::mem_pestat] low and high boundaries for computing mean and std.dev: (412, 647)
[M::mem_pestat] mean and std.dev: (536.42, 33.71)
[M::mem_pestat] low and high boundaries for proper pairs: (365, 694)
[M::mem_pestat] analyzing insert size distribution for orientation RF...
[M::mem_pestat] (25, 50, 75) percentile: (102, 360, 1650)
[M::mem_pestat] low and high boundaries for computing mean and std.dev: (1, 4746)
[M::mem_pestat] mean and std.dev: (670.00, 883.94)
[M::mem_pestat] low and high boundaries for proper pairs: (1, 6294)
[M::mem_pestat] analyzing insert size distribution for orientation RR...
[M::mem_pestat] (25, 50, 75) percentile: (301, 1054, 2374)
[M::mem_pestat] low and high boundaries for computing mean and std.dev: (1, 6520)
[M::mem_pestat] mean and std.dev: (1529.22, 1592.59)
[M::mem_pestat] low and high boundaries for proper pairs: (1, 8593)
[M::mem_pestat] skip orientation FF
[M::mem_pestat] skip orientation RF
[M::mem_pestat] skip orientation RR
[M::mem_process_seqs] Processed 266668 reads in 228.090 CPU sec, 57.144 real sec
[M::mem_pestat] # candidate unique pairs for (FF, FR, RF, RR): (50, 16567, 10, 18)
[M::mem_pestat] analyzing insert size distribution for orientation FF...
[M::mem_pestat] (25, 50, 75) percentile: (129, 194, 290)
[M::mem_pestat] low and high boundaries for computing mean and std.dev: (1, 612)
[M::mem_pestat] mean and std.dev: (184.51, 93.97)
[M::mem_pestat] low and high boundaries for proper pairs: (1, 773)
[M::mem_pestat] analyzing insert size distribution for orientation FR...
[M::mem_pestat] (25, 50, 75) percentile: (506, 524, 554)
[M::mem_pestat] low and high boundaries for computing mean and std.dev: (410, 650)
[M::mem_pestat] mean and std.dev: (536.77, 34.63)
[M::mem_pestat] low and high boundaries for proper pairs: (362, 698)
[M::mem_pestat] analyzing insert size distribution for orientation RF...
[M::mem_pestat] (25, 50, 75) percentile: (592, 1391, 2287)
[M::mem_pestat] low and high boundaries for computing mean and std.dev: (1, 5677)
[M::mem_pestat] mean and std.dev: (1668.40, 1271.48)
[M::mem_pestat] low and high boundaries for proper pairs: (1, 7372)
[M::mem_pestat] analyzing insert size distribution for orientation RR...
[M::mem_pestat] (25, 50, 75) percentile: (208, 663, 1348)
[M::mem_pestat] low and high boundaries for computing mean and std.dev: (1, 3628)
[M::mem_pestat] mean and std.dev: (769.76, 672.86)
[M::mem_pestat] low and high boundaries for proper pairs: (1, 4768)
[M::mem_pestat] skip orientation FF
[M::mem_pestat] skip orientation RF
[M::mem_pestat] skip orientation RR
[M::mem_process_seqs] Processed 222220 reads in 187.481 CPU sec, 46.935 real sec
[main] Version: 0.7.17-r1188
[main] CMD: bwa mem -t 4 -a /mnt/raid6/bacphagenetwork/data/bwa_index/chm13v2.0_noY.fa /mnt/raid6/bacphagenetwork/data/skin_metagenome/Beijing/02_rm_host/BJ022_1.fastq.gz /mnt/raid6/bacphagenetwork/data/skin_metagenome/Beijing/02_rm_host/BJ022_2.fastq.gz
[main] Real time: 2711.576 sec; CPU: 10790.578 sec
