/home/bacphagenetwork/.bashrc: line 15: Custom: command not found
[M::bwa_idx_load_from_disk] read 0 ALT contigs
[M::process] read 266668 sequences (40000200 bp)...
[M::process] read 266668 sequences (40000200 bp)...
[M::mem_pestat] # candidate unique pairs for (FF, FR, RF, RR): (15, 7502, 10, 8)
[M::mem_pestat] analyzing insert size distribution for orientation FF...
[M::mem_pestat] (25, 50, 75) percentile: (143, 207, 1313)
[M::mem_pestat] low and high boundaries for computing mean and std.dev: (1, 3653)
[M::mem_pestat] mean and std.dev: (643.43, 802.26)
[M::mem_pestat] low and high boundaries for proper pairs: (1, 4823)
[M::mem_pestat] analyzing insert size distribution for orientation FR...
[M::mem_pestat] (25, 50, 75) percentile: (134, 147, 508)
[M::mem_pestat] low and high boundaries for computing mean and std.dev: (1, 1256)
[M::mem_pestat] mean and std.dev: (281.51, 184.65)
[M::mem_pestat] low and high boundaries for proper pairs: (1, 1630)
[M::mem_pestat] analyzing insert size distribution for orientation RF...
[M::mem_pestat] (25, 50, 75) percentile: (80, 150, 818)
[M::mem_pestat] low and high boundaries for computing mean and std.dev: (1, 2294)
[M::mem_pestat] mean and std.dev: (342.80, 389.82)
[M::mem_pestat] low and high boundaries for proper pairs: (1, 3032)
[M::mem_pestat] skip orientation RR as there are not enough pairs
[M::mem_pestat] skip orientation FF
[M::mem_pestat] skip orientation RF
[M::mem_process_seqs] Processed 266668 reads in 360.413 CPU sec, 113.566 real sec
[M::process] read 266668 sequences (40000200 bp)...
[M::mem_pestat] # candidate unique pairs for (FF, FR, RF, RR): (16, 7748, 5, 14)
[M::mem_pestat] analyzing insert size distribution for orientation FF...
[M::mem_pestat] (25, 50, 75) percentile: (91, 219, 624)
[M::mem_pestat] low and high boundaries for computing mean and std.dev: (1, 1690)
[M::mem_pestat] mean and std.dev: (398.81, 429.48)
[M::mem_pestat] low and high boundaries for proper pairs: (1, 2223)
[M::mem_pestat] analyzing insert size distribution for orientation FR...
[M::mem_pestat] (25, 50, 75) percentile: (134, 148, 509)
[M::mem_pestat] low and high boundaries for computing mean and std.dev: (1, 1259)
[M::mem_pestat] mean and std.dev: (283.95, 184.73)
[M::mem_pestat] low and high boundaries for proper pairs: (1, 1634)
[M::mem_pestat] skip orientation RF as there are not enough pairs
[M::mem_pestat] analyzing insert size distribution for orientation RR...
[M::mem_pestat] (25, 50, 75) percentile: (131, 247, 1252)
[M::mem_pestat] low and high boundaries for computing mean and std.dev: (1, 3494)
[M::mem_pestat] mean and std.dev: (851.93, 991.00)
[M::mem_pestat] low and high boundaries for proper pairs: (1, 4816)
[M::mem_pestat] skip orientation FF
[M::mem_pestat] skip orientation RR
[M::mem_process_seqs] Processed 266668 reads in 354.003 CPU sec, 93.273 real sec
[M::process] read 266668 sequences (40000200 bp)...
[M::mem_pestat] # candidate unique pairs for (FF, FR, RF, RR): (13, 7704, 4, 19)
[M::mem_pestat] analyzing insert size distribution for orientation FF...
[M::mem_pestat] (25, 50, 75) percentile: (152, 186, 1211)
[M::mem_pestat] low and high boundaries for computing mean and std.dev: (1, 3329)
[M::mem_pestat] mean and std.dev: (565.38, 558.42)
[M::mem_pestat] low and high boundaries for proper pairs: (1, 4388)
[M::mem_pestat] analyzing insert size distribution for orientation FR...
[M::mem_pestat] (25, 50, 75) percentile: (134, 147, 506)
[M::mem_pestat] low and high boundaries for computing mean and std.dev: (1, 1250)
[M::mem_pestat] mean and std.dev: (275.50, 182.52)
[M::mem_pestat] low and high boundaries for proper pairs: (1, 1622)
[M::mem_pestat] skip orientation RF as there are not enough pairs
[M::mem_pestat] analyzing insert size distribution for orientation RR...
[M::mem_pestat] (25, 50, 75) percentile: (120, 181, 1200)
[M::mem_pestat] low and high boundaries for computing mean and std.dev: (1, 3360)
[M::mem_pestat] mean and std.dev: (675.67, 1017.76)
[M::mem_pestat] low and high boundaries for proper pairs: (1, 4747)
[M::mem_pestat] skip orientation FF
[M::mem_pestat] skip orientation RR
[M::mem_process_seqs] Processed 266668 reads in 348.788 CPU sec, 88.069 real sec
[M::process] read 266668 sequences (40000200 bp)...
[M::mem_pestat] # candidate unique pairs for (FF, FR, RF, RR): (16, 7614, 5, 13)
[M::mem_pestat] analyzing insert size distribution for orientation FF...
[M::mem_pestat] (25, 50, 75) percentile: (166, 768, 1114)
[M::mem_pestat] low and high boundaries for computing mean and std.dev: (1, 3010)
[M::mem_pestat] mean and std.dev: (716.00, 642.95)
[M::mem_pestat] low and high boundaries for proper pairs: (1, 3958)
[M::mem_pestat] analyzing insert size distribution for orientation FR...
[M::mem_pestat] (25, 50, 75) percentile: (134, 147, 506)
[M::mem_pestat] low and high boundaries for computing mean and std.dev: (1, 1250)
[M::mem_pestat] mean and std.dev: (277.06, 182.65)
[M::mem_pestat] low and high boundaries for proper pairs: (1, 1622)
[M::mem_pestat] skip orientation RF as there are not enough pairs
[M::mem_pestat] analyzing insert size distribution for orientation RR...
[M::mem_pestat] (25, 50, 75) percentile: (202, 1021, 2413)
[M::mem_pestat] low and high boundaries for computing mean and std.dev: (1, 6835)
[M::mem_pestat] mean and std.dev: (1090.42, 1210.02)
[M::mem_pestat] low and high boundaries for proper pairs: (1, 9046)
[M::mem_pestat] skip orientation FF
[M::mem_pestat] skip orientation RR
[M::mem_process_seqs] Processed 266668 reads in 356.641 CPU sec, 90.634 real sec
[M::process] read 266668 sequences (40000200 bp)...
[M::mem_pestat] # candidate unique pairs for (FF, FR, RF, RR): (14, 7591, 3, 16)
[M::mem_pestat] analyzing insert size distribution for orientation FF...
[M::mem_pestat] (25, 50, 75) percentile: (130, 494, 2319)
[M::mem_pestat] low and high boundaries for computing mean and std.dev: (1, 6697)
[M::mem_pestat] mean and std.dev: (1003.31, 1065.68)
[M::mem_pestat] low and high boundaries for proper pairs: (1, 8886)
[M::mem_pestat] analyzing insert size distribution for orientation FR...
[M::mem_pestat] (25, 50, 75) percentile: (134, 147, 504)
[M::mem_pestat] low and high boundaries for computing mean and std.dev: (1, 1244)
[M::mem_pestat] mean and std.dev: (272.00, 179.70)
[M::mem_pestat] low and high boundaries for proper pairs: (1, 1614)
[M::mem_pestat] skip orientation RF as there are not enough pairs
[M::mem_pestat] analyzing insert size distribution for orientation RR...
[M::mem_pestat] (25, 50, 75) percentile: (130, 189, 239)
[M::mem_pestat] low and high boundaries for computing mean and std.dev: (1, 457)
[M::mem_pestat] mean and std.dev: (154.38, 56.11)
[M::mem_pestat] low and high boundaries for proper pairs: (1, 566)
[M::mem_pestat] skip orientation FF
[M::mem_pestat] skip orientation RR
[M::mem_process_seqs] Processed 266668 reads in 361.752 CPU sec, 92.722 real sec
[M::process] read 266668 sequences (40000200 bp)...
[M::mem_pestat] # candidate unique pairs for (FF, FR, RF, RR): (15, 7609, 3, 17)
[M::mem_pestat] analyzing insert size distribution for orientation FF...
[M::mem_pestat] (25, 50, 75) percentile: (202, 335, 868)
[M::mem_pestat] low and high boundaries for computing mean and std.dev: (1, 2200)
[M::mem_pestat] mean and std.dev: (527.64, 544.95)
[M::mem_pestat] low and high boundaries for proper pairs: (1, 2866)
[M::mem_pestat] analyzing insert size distribution for orientation FR...
[M::mem_pestat] (25, 50, 75) percentile: (134, 147, 506)
[M::mem_pestat] low and high boundaries for computing mean and std.dev: (1, 1250)
[M::mem_pestat] mean and std.dev: (277.65, 183.14)
[M::mem_pestat] low and high boundaries for proper pairs: (1, 1622)
[M::mem_pestat] skip orientation RF as there are not enough pairs
[M::mem_pestat] analyzing insert size distribution for orientation RR...
[M::mem_pestat] (25, 50, 75) percentile: (169, 586, 1585)
[M::mem_pestat] low and high boundaries for computing mean and std.dev: (1, 4417)
[M::mem_pestat] mean and std.dev: (825.65, 737.09)
[M::mem_pestat] low and high boundaries for proper pairs: (1, 5833)
[M::mem_pestat] skip orientation FF
[M::mem_pestat] skip orientation RR
[M::mem_process_seqs] Processed 266668 reads in 349.322 CPU sec, 96.061 real sec
[M::process] read 266668 sequences (40000200 bp)...
[M::mem_pestat] # candidate unique pairs for (FF, FR, RF, RR): (18, 7545, 4, 16)
[M::mem_pestat] analyzing insert size distribution for orientation FF...
[M::mem_pestat] (25, 50, 75) percentile: (126, 169, 334)
[M::mem_pestat] low and high boundaries for computing mean and std.dev: (1, 750)
[M::mem_pestat] mean and std.dev: (184.67, 137.00)
[M::mem_pestat] low and high boundaries for proper pairs: (1, 958)
[M::mem_pestat] analyzing insert size distribution for orientation FR...
[M::mem_pestat] (25, 50, 75) percentile: (134, 147, 506)
[M::mem_pestat] low and high boundaries for computing mean and std.dev: (1, 1250)
[M::mem_pestat] mean and std.dev: (276.06, 183.01)
[M::mem_pestat] low and high boundaries for proper pairs: (1, 1622)
[M::mem_pestat] skip orientation RF as there are not enough pairs
[M::mem_pestat] analyzing insert size distribution for orientation RR...
[M::mem_pestat] (25, 50, 75) percentile: (84, 191, 670)
[M::mem_pestat] low and high boundaries for computing mean and std.dev: (1, 1842)
[M::mem_pestat] mean and std.dev: (365.40, 433.30)
[M::mem_pestat] low and high boundaries for proper pairs: (1, 2428)
[M::mem_pestat] skip orientation FF
[M::mem_pestat] skip orientation RR
[M::mem_process_seqs] Processed 266668 reads in 356.637 CPU sec, 99.441 real sec
[M::process] read 266668 sequences (40000200 bp)...
[M::mem_pestat] # candidate unique pairs for (FF, FR, RF, RR): (15, 7727, 6, 12)
[M::mem_pestat] analyzing insert size distribution for orientation FF...
[M::mem_pestat] (25, 50, 75) percentile: (113, 184, 902)
[M::mem_pestat] low and high boundaries for computing mean and std.dev: (1, 2480)
[M::mem_pestat] mean and std.dev: (594.14, 750.82)
[M::mem_pestat] low and high boundaries for proper pairs: (1, 3597)
[M::mem_pestat] analyzing insert size distribution for orientation FR...
[M::mem_pestat] (25, 50, 75) percentile: (134, 147, 507)
[M::mem_pestat] low and high boundaries for computing mean and std.dev: (1, 1253)
[M::mem_pestat] mean and std.dev: (277.54, 183.39)
[M::mem_pestat] low and high boundaries for proper pairs: (1, 1626)
[M::mem_pestat] skip orientation RF as there are not enough pairs
[M::mem_pestat] analyzing insert size distribution for orientation RR...
[M::mem_pestat] (25, 50, 75) percentile: (155, 186, 1669)
[M::mem_pestat] low and high boundaries for computing mean and std.dev: (1, 4697)
[M::mem_pestat] mean and std.dev: (713.17, 921.59)
[M::mem_pestat] low and high boundaries for proper pairs: (1, 6211)
[M::mem_pestat] skip orientation FF
[M::mem_pestat] skip orientation RR
[M::mem_process_seqs] Processed 266668 reads in 356.399 CPU sec, 96.887 real sec
[M::process] read 266668 sequences (40000200 bp)...
[M::mem_pestat] # candidate unique pairs for (FF, FR, RF, RR): (12, 7460, 3, 17)
[M::mem_pestat] analyzing insert size distribution for orientation FF...
[M::mem_pestat] (25, 50, 75) percentile: (149, 436, 1143)
[M::mem_pestat] low and high boundaries for computing mean and std.dev: (1, 3131)
[M::mem_pestat] mean and std.dev: (597.33, 546.52)
[M::mem_pestat] low and high boundaries for proper pairs: (1, 4125)
[M::mem_pestat] analyzing insert size distribution for orientation FR...
[M::mem_pestat] (25, 50, 75) percentile: (134, 147, 504)
[M::mem_pestat] low and high boundaries for computing mean and std.dev: (1, 1244)
[M::mem_pestat] mean and std.dev: (270.91, 178.71)
[M::mem_pestat] low and high boundaries for proper pairs: (1, 1614)
[M::mem_pestat] skip orientation RF as there are not enough pairs
[M::mem_pestat] analyzing insert size distribution for orientation RR...
[M::mem_pestat] (25, 50, 75) percentile: (101, 143, 1563)
[M::mem_pestat] low and high boundaries for computing mean and std.dev: (1, 4487)
[M::mem_pestat] mean and std.dev: (546.94, 775.32)
[M::mem_pestat] low and high boundaries for proper pairs: (1, 5949)
[M::mem_pestat] skip orientation FF
[M::mem_pestat] skip orientation RR
[M::mem_process_seqs] Processed 266668 reads in 364.689 CPU sec, 91.550 real sec
[M::process] read 266668 sequences (40000200 bp)...
[M::mem_pestat] # candidate unique pairs for (FF, FR, RF, RR): (17, 7547, 5, 10)
[M::mem_pestat] analyzing insert size distribution for orientation FF...
[M::mem_pestat] (25, 50, 75) percentile: (131, 195, 2214)
[M::mem_pestat] low and high boundaries for computing mean and std.dev: (1, 6380)
[M::mem_pestat] mean and std.dev: (1030.94, 1523.71)
[M::mem_pestat] low and high boundaries for proper pairs: (1, 8463)
[M::mem_pestat] analyzing insert size distribution for orientation FR...
[M::mem_pestat] (25, 50, 75) percentile: (134, 148, 508)
[M::mem_pestat] low and high boundaries for computing mean and std.dev: (1, 1256)
[M::mem_pestat] mean and std.dev: (282.62, 184.64)
[M::mem_pestat] low and high boundaries for proper pairs: (1, 1630)
[M::mem_pestat] skip orientation RF as there are not enough pairs
[M::mem_pestat] analyzing insert size distribution for orientation RR...
[M::mem_pestat] (25, 50, 75) percentile: (86, 143, 582)
[M::mem_pestat] low and high boundaries for computing mean and std.dev: (1, 1574)
[M::mem_pestat] mean and std.dev: (269.22, 324.06)
[M::mem_pestat] low and high boundaries for proper pairs: (1, 2070)
[M::mem_pestat] skip orientation FF
[M::mem_pestat] skip orientation RR
[M::mem_process_seqs] Processed 266668 reads in 349.039 CPU sec, 87.588 real sec
[M::process] read 266668 sequences (40000200 bp)...
[M::mem_pestat] # candidate unique pairs for (FF, FR, RF, RR): (20, 7553, 7, 15)
[M::mem_pestat] analyzing insert size distribution for orientation FF...
[M::mem_pestat] (25, 50, 75) percentile: (142, 274, 748)
[M::mem_pestat] low and high boundaries for computing mean and std.dev: (1, 1960)
[M::mem_pestat] mean and std.dev: (382.68, 328.81)
[M::mem_pestat] low and high boundaries for proper pairs: (1, 2566)
[M::mem_pestat] analyzing insert size distribution for orientation FR...
[M::mem_pestat] (25, 50, 75) percentile: (135, 148, 509)
[M::mem_pestat] low and high boundaries for computing mean and std.dev: (1, 1257)
[M::mem_pestat] mean and std.dev: (285.27, 184.50)
[M::mem_pestat] low and high boundaries for proper pairs: (1, 1631)
[M::mem_pestat] skip orientation RF as there are not enough pairs
[M::mem_pestat] analyzing insert size distribution for orientation RR...
[M::mem_pestat] (25, 50, 75) percentile: (83, 123, 530)
[M::mem_pestat] low and high boundaries for computing mean and std.dev: (1, 1424)
[M::mem_pestat] mean and std.dev: (263.87, 251.67)
[M::mem_pestat] low and high boundaries for proper pairs: (1, 1871)
[M::mem_pestat] skip orientation FF
[M::mem_pestat] skip orientation RR
[M::mem_process_seqs] Processed 266668 reads in 353.692 CPU sec, 88.636 real sec
[M::process] read 266668 sequences (40000200 bp)...
[M::mem_pestat] # candidate unique pairs for (FF, FR, RF, RR): (13, 7442, 2, 16)
[M::mem_pestat] analyzing insert size distribution for orientation FF...
[M::mem_pestat] (25, 50, 75) percentile: (182, 224, 985)
[M::mem_pestat] low and high boundaries for computing mean and std.dev: (1, 2591)
[M::mem_pestat] mean and std.dev: (384.23, 353.64)
[M::mem_pestat] low and high boundaries for proper pairs: (1, 3394)
[M::mem_pestat] analyzing insert size distribution for orientation FR...
[M::mem_pestat] (25, 50, 75) percentile: (133, 147, 506)
[M::mem_pestat] low and high boundaries for computing mean and std.dev: (1, 1252)
[M::mem_pestat] mean and std.dev: (275.70, 182.12)
[M::mem_pestat] low and high boundaries for proper pairs: (1, 1625)
[M::mem_pestat] skip orientation RF as there are not enough pairs
[M::mem_pestat] analyzing insert size distribution for orientation RR...
[M::mem_pestat] (25, 50, 75) percentile: (109, 470, 3356)
[M::mem_pestat] low and high boundaries for computing mean and std.dev: (1, 9850)
[M::mem_pestat] mean and std.dev: (1558.94, 2064.33)
[M::mem_pestat] low and high boundaries for proper pairs: (1, 13097)
[M::mem_pestat] skip orientation FF
[M::mem_pestat] skip orientation RR
[M::mem_process_seqs] Processed 266668 reads in 362.713 CPU sec, 99.405 real sec
[M::process] read 266668 sequences (40000200 bp)...
