/home/bacphagenetwork/.bashrc: line 15: Custom: command not found
[M::bwa_idx_load_from_disk] read 0 ALT contigs
[M::process] read 266668 sequences (40000200 bp)...
[M::process] read 266668 sequences (40000200 bp)...
[M::mem_pestat] # candidate unique pairs for (FF, FR, RF, RR): (18, 27801, 23, 25)
[M::mem_pestat] analyzing insert size distribution for orientation FF...
[M::mem_pestat] (25, 50, 75) percentile: (124, 224, 935)
[M::mem_pestat] low and high boundaries for computing mean and std.dev: (1, 2557)
[M::mem_pestat] mean and std.dev: (482.65, 584.13)
[M::mem_pestat] low and high boundaries for proper pairs: (1, 3368)
[M::mem_pestat] analyzing insert size distribution for orientation FR...
[M::mem_pestat] (25, 50, 75) percentile: (146, 503, 527)
[M::mem_pestat] low and high boundaries for computing mean and std.dev: (1, 1289)
[M::mem_pestat] mean and std.dev: (382.57, 183.19)
[M::mem_pestat] low and high boundaries for proper pairs: (1, 1670)
[M::mem_pestat] analyzing insert size distribution for orientation RF...
[M::mem_pestat] (25, 50, 75) percentile: (315, 834, 1597)
[M::mem_pestat] low and high boundaries for computing mean and std.dev: (1, 4161)
[M::mem_pestat] mean and std.dev: (970.22, 732.31)
[M::mem_pestat] low and high boundaries for proper pairs: (1, 5443)
[M::mem_pestat] analyzing insert size distribution for orientation RR...
[M::mem_pestat] (25, 50, 75) percentile: (149, 400, 1564)
[M::mem_pestat] low and high boundaries for computing mean and std.dev: (1, 4394)
[M::mem_pestat] mean and std.dev: (654.74, 709.61)
[M::mem_pestat] low and high boundaries for proper pairs: (1, 5809)
[M::mem_pestat] skip orientation FF
[M::mem_pestat] skip orientation RF
[M::mem_pestat] skip orientation RR
[M::mem_process_seqs] Processed 266668 reads in 737.774 CPU sec, 184.799 real sec
[M::process] read 266668 sequences (40000200 bp)...
[M::mem_pestat] # candidate unique pairs for (FF, FR, RF, RR): (20, 27498, 25, 24)
[M::mem_pestat] analyzing insert size distribution for orientation FF...
[M::mem_pestat] (25, 50, 75) percentile: (125, 513, 1290)
[M::mem_pestat] low and high boundaries for computing mean and std.dev: (1, 3620)
[M::mem_pestat] mean and std.dev: (795.00, 947.08)
[M::mem_pestat] low and high boundaries for proper pairs: (1, 4785)
[M::mem_pestat] analyzing insert size distribution for orientation FR...
[M::mem_pestat] (25, 50, 75) percentile: (146, 503, 526)
[M::mem_pestat] low and high boundaries for computing mean and std.dev: (1, 1286)
[M::mem_pestat] mean and std.dev: (380.27, 183.13)
[M::mem_pestat] low and high boundaries for proper pairs: (1, 1666)
[M::mem_pestat] analyzing insert size distribution for orientation RF...
[M::mem_pestat] (25, 50, 75) percentile: (354, 804, 2597)
[M::mem_pestat] low and high boundaries for computing mean and std.dev: (1, 7083)
[M::mem_pestat] mean and std.dev: (1449.46, 1497.56)
[M::mem_pestat] low and high boundaries for proper pairs: (1, 9326)
[M::mem_pestat] analyzing insert size distribution for orientation RR...
[M::mem_pestat] (25, 50, 75) percentile: (154, 579, 878)
[M::mem_pestat] low and high boundaries for computing mean and std.dev: (1, 2326)
[M::mem_pestat] mean and std.dev: (573.09, 561.80)
[M::mem_pestat] low and high boundaries for proper pairs: (1, 3050)
[M::mem_pestat] skip orientation FF
[M::mem_pestat] skip orientation RF
[M::mem_pestat] skip orientation RR
[M::mem_process_seqs] Processed 266668 reads in 758.582 CPU sec, 189.892 real sec
[M::process] read 266668 sequences (40000200 bp)...
[M::mem_pestat] # candidate unique pairs for (FF, FR, RF, RR): (9, 27509, 12, 24)
[M::mem_pestat] skip orientation FF as there are not enough pairs
[M::mem_pestat] analyzing insert size distribution for orientation FR...
[M::mem_pestat] (25, 50, 75) percentile: (145, 503, 526)
[M::mem_pestat] low and high boundaries for computing mean and std.dev: (1, 1288)
[M::mem_pestat] mean and std.dev: (377.36, 183.41)
[M::mem_pestat] low and high boundaries for proper pairs: (1, 1669)
[M::mem_pestat] analyzing insert size distribution for orientation RF...
[M::mem_pestat] (25, 50, 75) percentile: (436, 941, 2856)
[M::mem_pestat] low and high boundaries for computing mean and std.dev: (1, 7696)
[M::mem_pestat] mean and std.dev: (1491.92, 1419.03)
[M::mem_pestat] low and high boundaries for proper pairs: (1, 10116)
[M::mem_pestat] analyzing insert size distribution for orientation RR...
[M::mem_pestat] (25, 50, 75) percentile: (626, 843, 1932)
[M::mem_pestat] low and high boundaries for computing mean and std.dev: (1, 4544)
[M::mem_pestat] mean and std.dev: (1060.87, 915.57)
[M::mem_pestat] low and high boundaries for proper pairs: (1, 5850)
[M::mem_pestat] skip orientation RF
[M::mem_pestat] skip orientation RR
[M::mem_process_seqs] Processed 266668 reads in 764.261 CPU sec, 191.318 real sec
[M::process] read 266668 sequences (40000200 bp)...
[M::mem_pestat] # candidate unique pairs for (FF, FR, RF, RR): (14, 27446, 13, 17)
[M::mem_pestat] analyzing insert size distribution for orientation FF...
[M::mem_pestat] (25, 50, 75) percentile: (118, 612, 2118)
[M::mem_pestat] low and high boundaries for computing mean and std.dev: (1, 6118)
[M::mem_pestat] mean and std.dev: (1435.29, 1880.95)
[M::mem_pestat] low and high boundaries for proper pairs: (1, 8959)
[M::mem_pestat] analyzing insert size distribution for orientation FR...
[M::mem_pestat] (25, 50, 75) percentile: (145, 503, 526)
[M::mem_pestat] low and high boundaries for computing mean and std.dev: (1, 1288)
[M::mem_pestat] mean and std.dev: (378.64, 183.81)
[M::mem_pestat] low and high boundaries for proper pairs: (1, 1669)
[M::mem_pestat] analyzing insert size distribution for orientation RF...
[M::mem_pestat] (25, 50, 75) percentile: (144, 418, 2007)
[M::mem_pestat] low and high boundaries for computing mean and std.dev: (1, 5733)
[M::mem_pestat] mean and std.dev: (707.77, 821.15)
[M::mem_pestat] low and high boundaries for proper pairs: (1, 7596)
[M::mem_pestat] analyzing insert size distribution for orientation RR...
[M::mem_pestat] (25, 50, 75) percentile: (188, 584, 1954)
[M::mem_pestat] low and high boundaries for computing mean and std.dev: (1, 5486)
[M::mem_pestat] mean and std.dev: (918.31, 1067.90)
[M::mem_pestat] low and high boundaries for proper pairs: (1, 7252)
[M::mem_pestat] skip orientation FF
[M::mem_pestat] skip orientation RF
[M::mem_pestat] skip orientation RR
[M::mem_process_seqs] Processed 266668 reads in 758.871 CPU sec, 189.952 real sec
[M::process] read 266668 sequences (40000200 bp)...
[M::mem_pestat] # candidate unique pairs for (FF, FR, RF, RR): (25, 27474, 25, 14)
[M::mem_pestat] analyzing insert size distribution for orientation FF...
[M::mem_pestat] (25, 50, 75) percentile: (151, 529, 1444)
[M::mem_pestat] low and high boundaries for computing mean and std.dev: (1, 4030)
[M::mem_pestat] mean and std.dev: (807.96, 859.41)
[M::mem_pestat] low and high boundaries for proper pairs: (1, 5323)
[M::mem_pestat] analyzing insert size distribution for orientation FR...
[M::mem_pestat] (25, 50, 75) percentile: (145, 502, 526)
[M::mem_pestat] low and high boundaries for computing mean and std.dev: (1, 1288)
[M::mem_pestat] mean and std.dev: (375.77, 184.19)
[M::mem_pestat] low and high boundaries for proper pairs: (1, 1669)
[M::mem_pestat] analyzing insert size distribution for orientation RF...
[M::mem_pestat] (25, 50, 75) percentile: (99, 519, 2850)
[M::mem_pestat] low and high boundaries for computing mean and std.dev: (1, 8352)
[M::mem_pestat] mean and std.dev: (1619.92, 1876.40)
[M::mem_pestat] low and high boundaries for proper pairs: (1, 11103)
[M::mem_pestat] analyzing insert size distribution for orientation RR...
[M::mem_pestat] (25, 50, 75) percentile: (215, 849, 3200)
[M::mem_pestat] low and high boundaries for computing mean and std.dev: (1, 9170)
[M::mem_pestat] mean and std.dev: (1508.57, 1658.58)
[M::mem_pestat] low and high boundaries for proper pairs: (1, 12155)
[M::mem_pestat] skip orientation FF
[M::mem_pestat] skip orientation RF
[M::mem_pestat] skip orientation RR
[M::mem_process_seqs] Processed 266668 reads in 760.559 CPU sec, 190.432 real sec
[M::process] read 266668 sequences (40000200 bp)...
[M::mem_pestat] # candidate unique pairs for (FF, FR, RF, RR): (21, 27416, 24, 24)
[M::mem_pestat] analyzing insert size distribution for orientation FF...
[M::mem_pestat] (25, 50, 75) percentile: (241, 397, 1917)
[M::mem_pestat] low and high boundaries for computing mean and std.dev: (1, 5269)
[M::mem_pestat] mean and std.dev: (921.05, 1197.90)
[M::mem_pestat] low and high boundaries for proper pairs: (1, 6945)
[M::mem_pestat] analyzing insert size distribution for orientation FR...
[M::mem_pestat] (25, 50, 75) percentile: (145, 503, 526)
[M::mem_pestat] low and high boundaries for computing mean and std.dev: (1, 1288)
[M::mem_pestat] mean and std.dev: (377.37, 184.10)
[M::mem_pestat] low and high boundaries for proper pairs: (1, 1669)
[M::mem_pestat] analyzing insert size distribution for orientation RF...
[M::mem_pestat] (25, 50, 75) percentile: (458, 875, 1802)
[M::mem_pestat] low and high boundaries for computing mean and std.dev: (1, 4490)
[M::mem_pestat] mean and std.dev: (1080.61, 783.12)
[M::mem_pestat] low and high boundaries for proper pairs: (1, 5834)
[M::mem_pestat] analyzing insert size distribution for orientation RR...
[M::mem_pestat] (25, 50, 75) percentile: (204, 584, 1039)
[M::mem_pestat] low and high boundaries for computing mean and std.dev: (1, 2709)
[M::mem_pestat] mean and std.dev: (665.91, 547.43)
[M::mem_pestat] low and high boundaries for proper pairs: (1, 3544)
[M::mem_pestat] skip orientation FF
[M::mem_pestat] skip orientation RF
[M::mem_pestat] skip orientation RR
[M::mem_process_seqs] Processed 266668 reads in 754.791 CPU sec, 189.250 real sec
[M::process] read 266668 sequences (40000200 bp)...
[M::mem_pestat] # candidate unique pairs for (FF, FR, RF, RR): (24, 27590, 22, 16)
[M::mem_pestat] analyzing insert size distribution for orientation FF...
[M::mem_pestat] (25, 50, 75) percentile: (166, 805, 1411)
[M::mem_pestat] low and high boundaries for computing mean and std.dev: (1, 3901)
[M::mem_pestat] mean and std.dev: (870.25, 842.11)
[M::mem_pestat] low and high boundaries for proper pairs: (1, 5146)
[M::mem_pestat] analyzing insert size distribution for orientation FR...
[M::mem_pestat] (25, 50, 75) percentile: (146, 503, 527)
[M::mem_pestat] low and high boundaries for computing mean and std.dev: (1, 1289)
[M::mem_pestat] mean and std.dev: (380.22, 183.98)
[M::mem_pestat] low and high boundaries for proper pairs: (1, 1670)
[M::mem_pestat] analyzing insert size distribution for orientation RF...
[M::mem_pestat] (25, 50, 75) percentile: (305, 573, 2580)
[M::mem_pestat] low and high boundaries for computing mean and std.dev: (1, 7130)
[M::mem_pestat] mean and std.dev: (1227.29, 1516.07)
[M::mem_pestat] low and high boundaries for proper pairs: (1, 9405)
[M::mem_pestat] analyzing insert size distribution for orientation RR...
[M::mem_pestat] (25, 50, 75) percentile: (196, 857, 1489)
[M::mem_pestat] low and high boundaries for computing mean and std.dev: (1, 4075)
[M::mem_pestat] mean and std.dev: (937.00, 932.34)
[M::mem_pestat] low and high boundaries for proper pairs: (1, 5368)
[M::mem_pestat] skip orientation FF
[M::mem_pestat] skip orientation RF
[M::mem_pestat] skip orientation RR
[M::mem_process_seqs] Processed 266668 reads in 741.543 CPU sec, 186.008 real sec
[M::process] read 266668 sequences (40000200 bp)...
[M::mem_pestat] # candidate unique pairs for (FF, FR, RF, RR): (13, 27486, 19, 17)
[M::mem_pestat] analyzing insert size distribution for orientation FF...
[M::mem_pestat] (25, 50, 75) percentile: (247, 397, 652)
[M::mem_pestat] low and high boundaries for computing mean and std.dev: (1, 1462)
[M::mem_pestat] mean and std.dev: (413.00, 312.55)
[M::mem_pestat] low and high boundaries for proper pairs: (1, 1867)
[M::mem_pestat] analyzing insert size distribution for orientation FR...
[M::mem_pestat] (25, 50, 75) percentile: (146, 503, 527)
[M::mem_pestat] low and high boundaries for computing mean and std.dev: (1, 1289)
[M::mem_pestat] mean and std.dev: (379.50, 184.29)
[M::mem_pestat] low and high boundaries for proper pairs: (1, 1670)
[M::mem_pestat] analyzing insert size distribution for orientation RF...
[M::mem_pestat] (25, 50, 75) percentile: (104, 400, 1535)
[M::mem_pestat] low and high boundaries for computing mean and std.dev: (1, 4397)
[M::mem_pestat] mean and std.dev: (882.89, 1280.03)
[M::mem_pestat] low and high boundaries for proper pairs: (1, 6003)
[M::mem_pestat] analyzing insert size distribution for orientation RR...
[M::mem_pestat] (25, 50, 75) percentile: (223, 1551, 3314)
[M::mem_pestat] low and high boundaries for computing mean and std.dev: (1, 9496)
[M::mem_pestat] mean and std.dev: (2220.41, 2289.72)
[M::mem_pestat] low and high boundaries for proper pairs: (1, 12587)
[M::mem_pestat] skip orientation FF
[M::mem_pestat] skip orientation RF
[M::mem_pestat] skip orientation RR
[M::mem_process_seqs] Processed 266668 reads in 751.940 CPU sec, 188.303 real sec
[M::process] read 266668 sequences (40000200 bp)...
[M::mem_pestat] # candidate unique pairs for (FF, FR, RF, RR): (24, 26992, 19, 18)
[M::mem_pestat] analyzing insert size distribution for orientation FF...
[M::mem_pestat] (25, 50, 75) percentile: (212, 376, 1216)
[M::mem_pestat] low and high boundaries for computing mean and std.dev: (1, 3224)
[M::mem_pestat] mean and std.dev: (599.78, 549.84)
[M::mem_pestat] low and high boundaries for proper pairs: (1, 4228)
[M::mem_pestat] analyzing insert size distribution for orientation FR...
[M::mem_pestat] (25, 50, 75) percentile: (146, 503, 527)
[M::mem_pestat] low and high boundaries for computing mean and std.dev: (1, 1289)
[M::mem_pestat] mean and std.dev: (382.14, 183.69)
[M::mem_pestat] low and high boundaries for proper pairs: (1, 1670)
[M::mem_pestat] analyzing insert size distribution for orientation RF...
[M::mem_pestat] (25, 50, 75) percentile: (261, 450, 1211)
[M::mem_pestat] low and high boundaries for computing mean and std.dev: (1, 3111)
[M::mem_pestat] mean and std.dev: (738.72, 729.97)
[M::mem_pestat] low and high boundaries for proper pairs: (1, 4061)
[M::mem_pestat] analyzing insert size distribution for orientation RR...
[M::mem_pestat] (25, 50, 75) percentile: (233, 761, 1020)
[M::mem_pestat] low and high boundaries for computing mean and std.dev: (1, 2594)
[M::mem_pestat] mean and std.dev: (654.19, 501.83)
[M::mem_pestat] low and high boundaries for proper pairs: (1, 3381)
[M::mem_pestat] skip orientation FF
[M::mem_pestat] skip orientation RF
[M::mem_pestat] skip orientation RR
[M::mem_process_seqs] Processed 266668 reads in 757.320 CPU sec, 197.372 real sec
[M::process] read 266668 sequences (40000200 bp)...
[M::mem_pestat] # candidate unique pairs for (FF, FR, RF, RR): (17, 27731, 26, 13)
[M::mem_pestat] analyzing insert size distribution for orientation FF...
[M::mem_pestat] (25, 50, 75) percentile: (232, 942, 3873)
[M::mem_pestat] low and high boundaries for computing mean and std.dev: (1, 11155)
[M::mem_pestat] mean and std.dev: (1720.24, 2011.94)
[M::mem_pestat] low and high boundaries for proper pairs: (1, 14796)
[M::mem_pestat] analyzing insert size distribution for orientation FR...
[M::mem_pestat] (25, 50, 75) percentile: (146, 504, 527)
[M::mem_pestat] low and high boundaries for computing mean and std.dev: (1, 1289)
[M::mem_pestat] mean and std.dev: (382.01, 184.05)
[M::mem_pestat] low and high boundaries for proper pairs: (1, 1670)
[M::mem_pestat] analyzing insert size distribution for orientation RF...
[M::mem_pestat] (25, 50, 75) percentile: (141, 562, 1070)
[M::mem_pestat] low and high boundaries for computing mean and std.dev: (1, 2928)
[M::mem_pestat] mean and std.dev: (623.00, 636.88)
[M::mem_pestat] low and high boundaries for proper pairs: (1, 3857)
[M::mem_pestat] analyzing insert size distribution for orientation RR...
[M::mem_pestat] (25, 50, 75) percentile: (221, 710, 1819)
[M::mem_pestat] low and high boundaries for computing mean and std.dev: (1, 5015)
[M::mem_pestat] mean and std.dev: (1099.62, 1228.81)
[M::mem_pestat] low and high boundaries for proper pairs: (1, 6613)
[M::mem_pestat] skip orientation FF
[M::mem_pestat] skip orientation RF
[M::mem_pestat] skip orientation RR
[M::mem_process_seqs] Processed 266668 reads in 754.451 CPU sec, 195.901 real sec
[M::process] read 266668 sequences (40000200 bp)...
[M::mem_pestat] # candidate unique pairs for (FF, FR, RF, RR): (28, 27422, 17, 23)
[M::mem_pestat] analyzing insert size distribution for orientation FF...
[M::mem_pestat] (25, 50, 75) percentile: (182, 432, 871)
[M::mem_pestat] low and high boundaries for computing mean and std.dev: (1, 2249)
[M::mem_pestat] mean and std.dev: (438.72, 414.81)
[M::mem_pestat] low and high boundaries for proper pairs: (1, 2938)
[M::mem_pestat] analyzing insert size distribution for orientation FR...
[M::mem_pestat] (25, 50, 75) percentile: (146, 503, 527)
[M::mem_pestat] low and high boundaries for computing mean and std.dev: (1, 1289)
[M::mem_pestat] mean and std.dev: (380.61, 184.32)
[M::mem_pestat] low and high boundaries for proper pairs: (1, 1670)
[M::mem_pestat] analyzing insert size distribution for orientation RF...
[M::mem_pestat] (25, 50, 75) percentile: (239, 767, 1562)
[M::mem_pestat] low and high boundaries for computing mean and std.dev: (1, 4208)
[M::mem_pestat] mean and std.dev: (917.00, 832.61)
[M::mem_pestat] low and high boundaries for proper pairs: (1, 5531)
[M::mem_pestat] analyzing insert size distribution for orientation RR...
[M::mem_pestat] (25, 50, 75) percentile: (210, 353, 924)
[M::mem_pestat] low and high boundaries for computing mean and std.dev: (1, 2352)
[M::mem_pestat] mean and std.dev: (494.30, 390.19)
[M::mem_pestat] low and high boundaries for proper pairs: (1, 3066)
[M::mem_pestat] skip orientation FF
[M::mem_pestat] skip orientation RF
[M::mem_pestat] skip orientation RR
[M::mem_process_seqs] Processed 266668 reads in 757.884 CPU sec, 204.315 real sec
[M::process] read 266668 sequences (40000200 bp)...
[M::mem_pestat] # candidate unique pairs for (FF, FR, RF, RR): (26, 27052, 22, 17)
[M::mem_pestat] analyzing insert size distribution for orientation FF...
[M::mem_pestat] (25, 50, 75) percentile: (207, 725, 1453)
[M::mem_pestat] low and high boundaries for computing mean and std.dev: (1, 3945)
[M::mem_pestat] mean and std.dev: (866.04, 813.62)
[M::mem_pestat] low and high boundaries for proper pairs: (1, 5191)
[M::mem_pestat] analyzing insert size distribution for orientation FR...
[M::mem_pestat] (25, 50, 75) percentile: (146, 503, 526)
[M::mem_pestat] low and high boundaries for computing mean and std.dev: (1, 1286)
[M::mem_pestat] mean and std.dev: (378.48, 184.21)
[M::mem_pestat] low and high boundaries for proper pairs: (1, 1666)
[M::mem_pestat] analyzing insert size distribution for orientation RF...
[M::mem_pestat] (25, 50, 75) percentile: (193, 532, 1194)
[M::mem_pestat] low and high boundaries for computing mean and std.dev: (1, 3196)
[M::mem_pestat] mean and std.dev: (746.10, 798.09)
[M::mem_pestat] low and high boundaries for proper pairs: (1, 4197)
[M::mem_pestat] analyzing insert size distribution for orientation RR...
[M::mem_pestat] (25, 50, 75) percentile: (137, 666, 1953)
[M::mem_pestat] low and high boundaries for computing mean and std.dev: (1, 5585)
[M::mem_pestat] mean and std.dev: (1047.59, 1135.57)
[M::mem_pestat] low and high boundaries for proper pairs: (1, 7401)
[M::mem_pestat] skip orientation FF
[M::mem_pestat] skip orientation RF
[M::mem_pestat] skip orientation RR
[M::mem_process_seqs] Processed 266668 reads in 758.676 CPU sec, 200.543 real sec
[M::process] read 266668 sequences (40000200 bp)...
[M::mem_pestat] # candidate unique pairs for (FF, FR, RF, RR): (14, 27580, 19, 22)
[M::mem_pestat] analyzing insert size distribution for orientation FF...
[M::mem_pestat] (25, 50, 75) percentile: (223, 1024, 2269)
[M::mem_pestat] low and high boundaries for computing mean and std.dev: (1, 6361)
[M::mem_pestat] mean and std.dev: (1286.62, 1334.54)
[M::mem_pestat] low and high boundaries for proper pairs: (1, 8407)
[M::mem_pestat] analyzing insert size distribution for orientation FR...
[M::mem_pestat] (25, 50, 75) percentile: (146, 503, 527)
[M::mem_pestat] low and high boundaries for computing mean and std.dev: (1, 1289)
[M::mem_pestat] mean and std.dev: (382.00, 183.74)
[M::mem_pestat] low and high boundaries for proper pairs: (1, 1670)
[M::mem_pestat] analyzing insert size distribution for orientation RF...
[M::mem_pestat] (25, 50, 75) percentile: (291, 497, 954)
[M::mem_pestat] low and high boundaries for computing mean and std.dev: (1, 2280)
[M::mem_pestat] mean and std.dev: (450.12, 310.25)
[M::mem_pestat] low and high boundaries for proper pairs: (1, 2943)
[M::mem_pestat] analyzing insert size distribution for orientation RR...
[M::mem_pestat] (25, 50, 75) percentile: (280, 698, 1614)
[M::mem_pestat] low and high boundaries for computing mean and std.dev: (1, 4282)
[M::mem_pestat] mean and std.dev: (936.18, 762.05)
[M::mem_pestat] low and high boundaries for proper pairs: (1, 5616)
[M::mem_pestat] skip orientation FF
[M::mem_pestat] skip orientation RF
[M::mem_pestat] skip orientation RR
[M::mem_process_seqs] Processed 266668 reads in 749.302 CPU sec, 193.439 real sec
[M::process] read 266668 sequences (40000200 bp)...
[M::mem_pestat] # candidate unique pairs for (FF, FR, RF, RR): (17, 27617, 20, 21)
[M::mem_pestat] analyzing insert size distribution for orientation FF...
[M::mem_pestat] (25, 50, 75) percentile: (116, 191, 895)
[M::mem_pestat] low and high boundaries for computing mean and std.dev: (1, 2453)
[M::mem_pestat] mean and std.dev: (357.25, 365.36)
[M::mem_pestat] low and high boundaries for proper pairs: (1, 3232)
[M::mem_pestat] analyzing insert size distribution for orientation FR...
[M::mem_pestat] (25, 50, 75) percentile: (146, 503, 527)
[M::mem_pestat] low and high boundaries for computing mean and std.dev: (1, 1289)
[M::mem_pestat] mean and std.dev: (381.02, 184.14)
[M::mem_pestat] low and high boundaries for proper pairs: (1, 1670)
[M::mem_pestat] analyzing insert size distribution for orientation RF...
[M::mem_pestat] (25, 50, 75) percentile: (234, 517, 1153)
[M::mem_pestat] low and high boundaries for computing mean and std.dev: (1, 2991)
[M::mem_pestat] mean and std.dev: (665.53, 658.98)
[M::mem_pestat] low and high boundaries for proper pairs: (1, 3910)
[M::mem_pestat] analyzing insert size distribution for orientation RR...
[M::mem_pestat] (25, 50, 75) percentile: (340, 943, 1543)
[M::mem_pestat] low and high boundaries for computing mean and std.dev: (1, 3949)
[M::mem_pestat] mean and std.dev: (1007.52, 762.56)
[M::mem_pestat] low and high boundaries for proper pairs: (1, 5152)
[M::mem_pestat] skip orientation FF
[M::mem_pestat] skip orientation RF
[M::mem_pestat] skip orientation RR
[M::mem_process_seqs] Processed 266668 reads in 728.367 CPU sec, 182.291 real sec
[M::process] read 266668 sequences (40000200 bp)...
[M::mem_pestat] # candidate unique pairs for (FF, FR, RF, RR): (12, 27934, 19, 22)
[M::mem_pestat] analyzing insert size distribution for orientation FF...
[M::mem_pestat] (25, 50, 75) percentile: (578, 1128, 2386)
[M::mem_pestat] low and high boundaries for computing mean and std.dev: (1, 6002)
[M::mem_pestat] mean and std.dev: (1490.83, 1566.52)
[M::mem_pestat] low and high boundaries for proper pairs: (1, 7810)
[M::mem_pestat] analyzing insert size distribution for orientation FR...
[M::mem_pestat] (25, 50, 75) percentile: (145, 503, 526)
[M::mem_pestat] low and high boundaries for computing mean and std.dev: (1, 1288)
[M::mem_pestat] mean and std.dev: (378.08, 184.61)
[M::mem_pestat] low and high boundaries for proper pairs: (1, 1669)
[M::mem_pestat] analyzing insert size distribution for orientation RF...
[M::mem_pestat] (25, 50, 75) percentile: (288, 846, 2195)
[M::mem_pestat] low and high boundaries for computing mean and std.dev: (1, 6009)
[M::mem_pestat] mean and std.dev: (1053.06, 1032.34)
[M::mem_pestat] low and high boundaries for proper pairs: (1, 7916)
[M::mem_pestat] analyzing insert size distribution for orientation RR...
[M::mem_pestat] (25, 50, 75) percentile: (197, 985, 1237)
[M::mem_pestat] low and high boundaries for computing mean and std.dev: (1, 3317)
[M::mem_pestat] mean and std.dev: (711.95, 504.64)
[M::mem_pestat] low and high boundaries for proper pairs: (1, 4357)
[M::mem_pestat] skip orientation FF
[M::mem_pestat] skip orientation RF
[M::mem_pestat] skip orientation RR
[M::mem_process_seqs] Processed 266668 reads in 726.206 CPU sec, 181.949 real sec
[M::process] read 266668 sequences (40000200 bp)...
[M::mem_pestat] # candidate unique pairs for (FF, FR, RF, RR): (23, 27509, 14, 19)
[M::mem_pestat] analyzing insert size distribution for orientation FF...
[M::mem_pestat] (25, 50, 75) percentile: (253, 877, 1407)
[M::mem_pestat] low and high boundaries for computing mean and std.dev: (1, 3715)
[M::mem_pestat] mean and std.dev: (810.86, 593.20)
[M::mem_pestat] low and high boundaries for proper pairs: (1, 4869)
[M::mem_pestat] analyzing insert size distribution for orientation FR...
[M::mem_pestat] (25, 50, 75) percentile: (146, 503, 527)
[M::mem_pestat] low and high boundaries for computing mean and std.dev: (1, 1289)
[M::mem_pestat] mean and std.dev: (381.19, 183.91)
[M::mem_pestat] low and high boundaries for proper pairs: (1, 1670)
[M::mem_pestat] analyzing insert size distribution for orientation RF...
[M::mem_pestat] (25, 50, 75) percentile: (254, 497, 856)
[M::mem_pestat] low and high boundaries for computing mean and std.dev: (1, 2060)
[M::mem_pestat] mean and std.dev: (393.36, 298.28)
[M::mem_pestat] low and high boundaries for proper pairs: (1, 2662)
[M::mem_pestat] analyzing insert size distribution for orientation RR...
[M::mem_pestat] (25, 50, 75) percentile: (302, 711, 957)
[M::mem_pestat] low and high boundaries for computing mean and std.dev: (1, 2267)
[M::mem_pestat] mean and std.dev: (720.22, 489.86)
[M::mem_pestat] low and high boundaries for proper pairs: (1, 2922)
[M::mem_pestat] skip orientation FF
[M::mem_pestat] skip orientation RF
[M::mem_pestat] skip orientation RR
[M::mem_process_seqs] Processed 266668 reads in 739.208 CPU sec, 185.029 real sec
[M::process] read 266668 sequences (40000200 bp)...
[M::mem_pestat] # candidate unique pairs for (FF, FR, RF, RR): (18, 27923, 22, 25)
[M::mem_pestat] analyzing insert size distribution for orientation FF...
[M::mem_pestat] (25, 50, 75) percentile: (114, 399, 938)
[M::mem_pestat] low and high boundaries for computing mean and std.dev: (1, 2586)
[M::mem_pestat] mean and std.dev: (438.88, 363.76)
[M::mem_pestat] low and high boundaries for proper pairs: (1, 3410)
[M::mem_pestat] analyzing insert size distribution for orientation FR...
[M::mem_pestat] (25, 50, 75) percentile: (146, 503, 527)
[M::mem_pestat] low and high boundaries for computing mean and std.dev: (1, 1289)
[M::mem_pestat] mean and std.dev: (381.27, 183.84)
[M::mem_pestat] low and high boundaries for proper pairs: (1, 1670)
[M::mem_pestat] analyzing insert size distribution for orientation RF...
[M::mem_pestat] (25, 50, 75) percentile: (285, 789, 1130)
[M::mem_pestat] low and high boundaries for computing mean and std.dev: (1, 2820)
[M::mem_pestat] mean and std.dev: (707.48, 498.67)
[M::mem_pestat] low and high boundaries for proper pairs: (1, 3665)
[M::mem_pestat] analyzing insert size distribution for orientation RR...
[M::mem_pestat] (25, 50, 75) percentile: (190, 287, 1167)
[M::mem_pestat] low and high boundaries for computing mean and std.dev: (1, 3121)
[M::mem_pestat] mean and std.dev: (659.84, 626.38)
[M::mem_pestat] low and high boundaries for proper pairs: (1, 4098)
[M::mem_pestat] skip orientation FF
[M::mem_pestat] skip orientation RF
[M::mem_pestat] skip orientation RR
[M::mem_process_seqs] Processed 266668 reads in 731.222 CPU sec, 183.020 real sec
[M::process] read 266668 sequences (40000200 bp)...
[M::mem_pestat] # candidate unique pairs for (FF, FR, RF, RR): (19, 27689, 17, 18)
[M::mem_pestat] analyzing insert size distribution for orientation FF...
[M::mem_pestat] (25, 50, 75) percentile: (162, 602, 1227)
[M::mem_pestat] low and high boundaries for computing mean and std.dev: (1, 3357)
[M::mem_pestat] mean and std.dev: (631.29, 531.55)
[M::mem_pestat] low and high boundaries for proper pairs: (1, 4422)
[M::mem_pestat] analyzing insert size distribution for orientation FR...
[M::mem_pestat] (25, 50, 75) percentile: (146, 504, 527)
[M::mem_pestat] low and high boundaries for computing mean and std.dev: (1, 1289)
[M::mem_pestat] mean and std.dev: (382.36, 183.86)
[M::mem_pestat] low and high boundaries for proper pairs: (1, 1670)
[M::mem_pestat] analyzing insert size distribution for orientation RF...
[M::mem_pestat] (25, 50, 75) percentile: (115, 1021, 1908)
[M::mem_pestat] low and high boundaries for computing mean and std.dev: (1, 5494)
[M::mem_pestat] mean and std.dev: (1364.06, 1373.50)
[M::mem_pestat] low and high boundaries for proper pairs: (1, 7287)
[M::mem_pestat] analyzing insert size distribution for orientation RR...
[M::mem_pestat] (25, 50, 75) percentile: (203, 1296, 1798)
[M::mem_pestat] low and high boundaries for computing mean and std.dev: (1, 4988)
[M::mem_pestat] mean and std.dev: (1153.06, 862.37)
[M::mem_pestat] low and high boundaries for proper pairs: (1, 6583)
[M::mem_pestat] skip orientation FF
[M::mem_pestat] skip orientation RF
[M::mem_pestat] skip orientation RR
[M::mem_process_seqs] Processed 266668 reads in 736.248 CPU sec, 184.272 real sec
[M::process] read 266668 sequences (40000200 bp)...
[M::mem_pestat] # candidate unique pairs for (FF, FR, RF, RR): (22, 27261, 22, 31)
[M::mem_pestat] analyzing insert size distribution for orientation FF...
[M::mem_pestat] (25, 50, 75) percentile: (135, 273, 993)
[M::mem_pestat] low and high boundaries for computing mean and std.dev: (1, 2709)
[M::mem_pestat] mean and std.dev: (483.55, 555.16)
[M::mem_pestat] low and high boundaries for proper pairs: (1, 3567)
[M::mem_pestat] analyzing insert size distribution for orientation FR...
[M::mem_pestat] (25, 50, 75) percentile: (146, 503, 527)
[M::mem_pestat] low and high boundaries for computing mean and std.dev: (1, 1289)
[M::mem_pestat] mean and std.dev: (380.56, 183.84)
[M::mem_pestat] low and high boundaries for proper pairs: (1, 1670)
[M::mem_pestat] analyzing insert size distribution for orientation RF...
[M::mem_pestat] (25, 50, 75) percentile: (198, 438, 2379)
[M::mem_pestat] low and high boundaries for computing mean and std.dev: (1, 6741)
[M::mem_pestat] mean and std.dev: (1414.05, 1865.28)
[M::mem_pestat] low and high boundaries for proper pairs: (1, 8922)
[M::mem_pestat] analyzing insert size distribution for orientation RR...
[M::mem_pestat] (25, 50, 75) percentile: (168, 393, 1174)
[M::mem_pestat] low and high boundaries for computing mean and std.dev: (1, 3186)
[M::mem_pestat] mean and std.dev: (552.07, 513.22)
[M::mem_pestat] low and high boundaries for proper pairs: (1, 4192)
[M::mem_pestat] skip orientation FF
[M::mem_pestat] skip orientation RF
[M::mem_pestat] skip orientation RR
[M::mem_process_seqs] Processed 266668 reads in 738.689 CPU sec, 184.844 real sec
[M::process] read 266668 sequences (40000200 bp)...
[M::mem_pestat] # candidate unique pairs for (FF, FR, RF, RR): (14, 27613, 20, 18)
[M::mem_pestat] analyzing insert size distribution for orientation FF...
[M::mem_pestat] (25, 50, 75) percentile: (243, 730, 917)
[M::mem_pestat] low and high boundaries for computing mean and std.dev: (1, 2265)
[M::mem_pestat] mean and std.dev: (569.67, 412.77)
[M::mem_pestat] low and high boundaries for proper pairs: (1, 2939)
[M::mem_pestat] analyzing insert size distribution for orientation FR...
[M::mem_pestat] (25, 50, 75) percentile: (146, 504, 527)
[M::mem_pestat] low and high boundaries for computing mean and std.dev: (1, 1289)
[M::mem_pestat] mean and std.dev: (382.82, 183.93)
[M::mem_pestat] low and high boundaries for proper pairs: (1, 1670)
[M::mem_pestat] analyzing insert size distribution for orientation RF...
[M::mem_pestat] (25, 50, 75) percentile: (210, 701, 1501)
[M::mem_pestat] low and high boundaries for computing mean and std.dev: (1, 4083)
[M::mem_pestat] mean and std.dev: (697.89, 591.99)
[M::mem_pestat] low and high boundaries for proper pairs: (1, 5374)
[M::mem_pestat] analyzing insert size distribution for orientation RR...
[M::mem_pestat] (25, 50, 75) percentile: (532, 1302, 1559)
[M::mem_pestat] low and high boundaries for computing mean and std.dev: (1, 3613)
[M::mem_pestat] mean and std.dev: (982.38, 609.80)
[M::mem_pestat] low and high boundaries for proper pairs: (1, 4640)
[M::mem_pestat] skip orientation FF
[M::mem_pestat] skip orientation RF
[M::mem_pestat] skip orientation RR
[M::mem_process_seqs] Processed 266668 reads in 725.801 CPU sec, 181.653 real sec
[M::process] read 266668 sequences (40000200 bp)...
[M::mem_pestat] # candidate unique pairs for (FF, FR, RF, RR): (30, 27514, 22, 24)
[M::mem_pestat] analyzing insert size distribution for orientation FF...
[M::mem_pestat] (25, 50, 75) percentile: (107, 304, 905)
[M::mem_pestat] low and high boundaries for computing mean and std.dev: (1, 2501)
[M::mem_pestat] mean and std.dev: (519.71, 597.71)
[M::mem_pestat] low and high boundaries for proper pairs: (1, 3299)
[M::mem_pestat] analyzing insert size distribution for orientation FR...
[M::mem_pestat] (25, 50, 75) percentile: (146, 503, 527)
[M::mem_pestat] low and high boundaries for computing mean and std.dev: (1, 1289)
[M::mem_pestat] mean and std.dev: (380.71, 183.86)
[M::mem_pestat] low and high boundaries for proper pairs: (1, 1670)
[M::mem_pestat] analyzing insert size distribution for orientation RF...
[M::mem_pestat] (25, 50, 75) percentile: (151, 746, 2034)
[M::mem_pestat] low and high boundaries for computing mean and std.dev: (1, 5800)
[M::mem_pestat] mean and std.dev: (1083.65, 1182.75)
[M::mem_pestat] low and high boundaries for proper pairs: (1, 7683)
[M::mem_pestat] analyzing insert size distribution for orientation RR...
[M::mem_pestat] (25, 50, 75) percentile: (159, 866, 1921)
[M::mem_pestat] low and high boundaries for computing mean and std.dev: (1, 5445)
[M::mem_pestat] mean and std.dev: (1090.52, 1184.50)
[M::mem_pestat] low and high boundaries for proper pairs: (1, 7207)
[M::mem_pestat] skip orientation FF
[M::mem_pestat] skip orientation RF
[M::mem_pestat] skip orientation RR
[M::mem_process_seqs] Processed 266668 reads in 731.572 CPU sec, 183.101 real sec
[M::process] read 266668 sequences (40000200 bp)...
[M::mem_pestat] # candidate unique pairs for (FF, FR, RF, RR): (15, 27469, 18, 20)
[M::mem_pestat] analyzing insert size distribution for orientation FF...
[M::mem_pestat] (25, 50, 75) percentile: (204, 402, 1116)
[M::mem_pestat] low and high boundaries for computing mean and std.dev: (1, 2940)
[M::mem_pestat] mean and std.dev: (522.77, 384.76)
[M::mem_pestat] low and high boundaries for proper pairs: (1, 3852)
[M::mem_pestat] analyzing insert size distribution for orientation FR...
[M::mem_pestat] (25, 50, 75) percentile: (145, 503, 527)
[M::mem_pestat] low and high boundaries for computing mean and std.dev: (1, 1291)
[M::mem_pestat] mean and std.dev: (380.10, 184.48)
[M::mem_pestat] low and high boundaries for proper pairs: (1, 1673)
[M::mem_pestat] analyzing insert size distribution for orientation RF...
[M::mem_pestat] (25, 50, 75) percentile: (79, 532, 1555)
[M::mem_pestat] low and high boundaries for computing mean and std.dev: (1, 4507)
[M::mem_pestat] mean and std.dev: (834.29, 910.64)
[M::mem_pestat] low and high boundaries for proper pairs: (1, 5983)
[M::mem_pestat] analyzing insert size distribution for orientation RR...
[M::mem_pestat] (25, 50, 75) percentile: (180, 986, 1295)
[M::mem_pestat] low and high boundaries for computing mean and std.dev: (1, 3525)
[M::mem_pestat] mean and std.dev: (756.16, 580.56)
[M::mem_pestat] low and high boundaries for proper pairs: (1, 4640)
[M::mem_pestat] skip orientation FF
[M::mem_pestat] skip orientation RF
[M::mem_pestat] skip orientation RR
[M::mem_process_seqs] Processed 266668 reads in 745.467 CPU sec, 186.581 real sec
[M::process] read 266668 sequences (40000200 bp)...
[M::mem_pestat] # candidate unique pairs for (FF, FR, RF, RR): (23, 27482, 21, 15)
[M::mem_pestat] analyzing insert size distribution for orientation FF...
[M::mem_pestat] (25, 50, 75) percentile: (158, 716, 1141)
[M::mem_pestat] low and high boundaries for computing mean and std.dev: (1, 3107)
[M::mem_pestat] mean and std.dev: (775.96, 684.00)
[M::mem_pestat] low and high boundaries for proper pairs: (1, 4090)
[M::mem_pestat] analyzing insert size distribution for orientation FR...
[M::mem_pestat] (25, 50, 75) percentile: (145, 503, 526)
[M::mem_pestat] low and high boundaries for computing mean and std.dev: (1, 1288)
[M::mem_pestat] mean and std.dev: (378.38, 184.13)
[M::mem_pestat] low and high boundaries for proper pairs: (1, 1669)
[M::mem_pestat] analyzing insert size distribution for orientation RF...
[M::mem_pestat] (25, 50, 75) percentile: (72, 441, 3196)
[M::mem_pestat] low and high boundaries for computing mean and std.dev: (1, 9444)
[M::mem_pestat] mean and std.dev: (1434.71, 1670.64)
[M::mem_pestat] low and high boundaries for proper pairs: (1, 12568)
[M::mem_pestat] analyzing insert size distribution for orientation RR...
[M::mem_pestat] (25, 50, 75) percentile: (290, 1101, 2950)
[M::mem_pestat] low and high boundaries for computing mean and std.dev: (1, 8270)
[M::mem_pestat] mean and std.dev: (1580.93, 1433.95)
[M::mem_pestat] low and high boundaries for proper pairs: (1, 10930)
[M::mem_pestat] skip orientation FF
[M::mem_pestat] skip orientation RF
[M::mem_pestat] skip orientation RR
[M::mem_process_seqs] Processed 266668 reads in 730.214 CPU sec, 182.731 real sec
[M::process] read 266668 sequences (40000200 bp)...
[M::mem_pestat] # candidate unique pairs for (FF, FR, RF, RR): (11, 27588, 15, 21)
[M::mem_pestat] analyzing insert size distribution for orientation FF...
[M::mem_pestat] (25, 50, 75) percentile: (479, 752, 2360)
[M::mem_pestat] low and high boundaries for computing mean and std.dev: (1, 6122)
[M::mem_pestat] mean and std.dev: (1130.40, 1314.25)
[M::mem_pestat] low and high boundaries for proper pairs: (1, 8003)
[M::mem_pestat] analyzing insert size distribution for orientation FR...
[M::mem_pestat] (25, 50, 75) percentile: (146, 504, 527)
[M::mem_pestat] low and high boundaries for computing mean and std.dev: (1, 1289)
[M::mem_pestat] mean and std.dev: (382.82, 183.62)
[M::mem_pestat] low and high boundaries for proper pairs: (1, 1670)
[M::mem_pestat] analyzing insert size distribution for orientation RF...
[M::mem_pestat] (25, 50, 75) percentile: (455, 924, 2411)
[M::mem_pestat] low and high boundaries for computing mean and std.dev: (1, 6323)
[M::mem_pestat] mean and std.dev: (1164.43, 1149.14)
[M::mem_pestat] low and high boundaries for proper pairs: (1, 8279)
[M::mem_pestat] analyzing insert size distribution for orientation RR...
[M::mem_pestat] (25, 50, 75) percentile: (185, 299, 1209)
[M::mem_pestat] low and high boundaries for computing mean and std.dev: (1, 3257)
[M::mem_pestat] mean and std.dev: (608.68, 592.45)
[M::mem_pestat] low and high boundaries for proper pairs: (1, 4281)
[M::mem_pestat] skip orientation FF
[M::mem_pestat] skip orientation RF
[M::mem_pestat] skip orientation RR
[M::mem_process_seqs] Processed 266668 reads in 733.846 CPU sec, 183.643 real sec
[M::process] read 266668 sequences (40000200 bp)...
[M::mem_pestat] # candidate unique pairs for (FF, FR, RF, RR): (21, 27855, 25, 31)
[M::mem_pestat] analyzing insert size distribution for orientation FF...
[M::mem_pestat] (25, 50, 75) percentile: (144, 417, 1090)
[M::mem_pestat] low and high boundaries for computing mean and std.dev: (1, 2982)
[M::mem_pestat] mean and std.dev: (566.20, 497.40)
[M::mem_pestat] low and high boundaries for proper pairs: (1, 3928)
[M::mem_pestat] analyzing insert size distribution for orientation FR...
[M::mem_pestat] (25, 50, 75) percentile: (146, 504, 528)
[M::mem_pestat] low and high boundaries for computing mean and std.dev: (1, 1292)
[M::mem_pestat] mean and std.dev: (383.77, 184.03)
[M::mem_pestat] low and high boundaries for proper pairs: (1, 1674)
[M::mem_pestat] analyzing insert size distribution for orientation RF...
[M::mem_pestat] (25, 50, 75) percentile: (355, 432, 1598)
[M::mem_pestat] low and high boundaries for computing mean and std.dev: (1, 4084)
[M::mem_pestat] mean and std.dev: (903.71, 980.40)
[M::mem_pestat] low and high boundaries for proper pairs: (1, 5327)
[M::mem_pestat] analyzing insert size distribution for orientation RR...
[M::mem_pestat] (25, 50, 75) percentile: (198, 603, 1488)
[M::mem_pestat] low and high boundaries for computing mean and std.dev: (1, 4068)
[M::mem_pestat] mean and std.dev: (715.96, 660.13)
[M::mem_pestat] low and high boundaries for proper pairs: (1, 5358)
[M::mem_pestat] skip orientation FF
[M::mem_pestat] skip orientation RF
[M::mem_pestat] skip orientation RR
[M::mem_process_seqs] Processed 266668 reads in 735.275 CPU sec, 184.021 real sec
[M::process] read 266668 sequences (40000200 bp)...
[M::mem_pestat] # candidate unique pairs for (FF, FR, RF, RR): (18, 27705, 17, 16)
[M::mem_pestat] analyzing insert size distribution for orientation FF...
[M::mem_pestat] (25, 50, 75) percentile: (221, 782, 2201)
[M::mem_pestat] low and high boundaries for computing mean and std.dev: (1, 6161)
[M::mem_pestat] mean and std.dev: (1349.00, 1631.99)
[M::mem_pestat] low and high boundaries for proper pairs: (1, 8141)
[M::mem_pestat] analyzing insert size distribution for orientation FR...
[M::mem_pestat] (25, 50, 75) percentile: (146, 504, 527)
[M::mem_pestat] low and high boundaries for computing mean and std.dev: (1, 1289)
[M::mem_pestat] mean and std.dev: (383.58, 183.71)
[M::mem_pestat] low and high boundaries for proper pairs: (1, 1670)
[M::mem_pestat] analyzing insert size distribution for orientation RF...
[M::mem_pestat] (25, 50, 75) percentile: (190, 578, 1639)
[M::mem_pestat] low and high boundaries for computing mean and std.dev: (1, 4537)
[M::mem_pestat] mean and std.dev: (786.94, 779.95)
[M::mem_pestat] low and high boundaries for proper pairs: (1, 5986)
[M::mem_pestat] analyzing insert size distribution for orientation RR...
[M::mem_pestat] (25, 50, 75) percentile: (232, 395, 1141)
[M::mem_pestat] low and high boundaries for computing mean and std.dev: (1, 2959)
[M::mem_pestat] mean and std.dev: (626.00, 548.26)
[M::mem_pestat] low and high boundaries for proper pairs: (1, 3868)
[M::mem_pestat] skip orientation FF
[M::mem_pestat] skip orientation RF
[M::mem_pestat] skip orientation RR
[M::mem_process_seqs] Processed 266668 reads in 731.570 CPU sec, 183.072 real sec
[M::process] read 266668 sequences (40000200 bp)...
[M::mem_pestat] # candidate unique pairs for (FF, FR, RF, RR): (21, 27500, 17, 25)
[M::mem_pestat] analyzing insert size distribution for orientation FF...
[M::mem_pestat] (25, 50, 75) percentile: (124, 301, 847)
[M::mem_pestat] low and high boundaries for computing mean and std.dev: (1, 2293)
[M::mem_pestat] mean and std.dev: (417.32, 411.70)
[M::mem_pestat] low and high boundaries for proper pairs: (1, 3016)
[M::mem_pestat] analyzing insert size distribution for orientation FR...
[M::mem_pestat] (25, 50, 75) percentile: (146, 503, 527)
[M::mem_pestat] low and high boundaries for computing mean and std.dev: (1, 1289)
[M::mem_pestat] mean and std.dev: (380.34, 184.22)
[M::mem_pestat] low and high boundaries for proper pairs: (1, 1670)
[M::mem_pestat] analyzing insert size distribution for orientation RF...
[M::mem_pestat] (25, 50, 75) percentile: (262, 455, 2818)
[M::mem_pestat] low and high boundaries for computing mean and std.dev: (1, 7930)
[M::mem_pestat] mean and std.dev: (1257.56, 1854.44)
[M::mem_pestat] low and high boundaries for proper pairs: (1, 10486)
[M::mem_pestat] analyzing insert size distribution for orientation RR...
[M::mem_pestat] (25, 50, 75) percentile: (211, 437, 1517)
[M::mem_pestat] low and high boundaries for computing mean and std.dev: (1, 4129)
[M::mem_pestat] mean and std.dev: (728.26, 811.67)
[M::mem_pestat] low and high boundaries for proper pairs: (1, 5435)
[M::mem_pestat] skip orientation FF
[M::mem_pestat] skip orientation RF
[M::mem_pestat] skip orientation RR
[M::mem_process_seqs] Processed 266668 reads in 731.686 CPU sec, 183.113 real sec
[M::process] read 266668 sequences (40000200 bp)...
[M::mem_pestat] # candidate unique pairs for (FF, FR, RF, RR): (17, 27400, 24, 24)
[M::mem_pestat] analyzing insert size distribution for orientation FF...
[M::mem_pestat] (25, 50, 75) percentile: (145, 235, 954)
[M::mem_pestat] low and high boundaries for computing mean and std.dev: (1, 2572)
[M::mem_pestat] mean and std.dev: (423.06, 377.97)
[M::mem_pestat] low and high boundaries for proper pairs: (1, 3381)
[M::mem_pestat] analyzing insert size distribution for orientation FR...
[M::mem_pestat] (25, 50, 75) percentile: (146, 503, 526)
[M::mem_pestat] low and high boundaries for computing mean and std.dev: (1, 1286)
[M::mem_pestat] mean and std.dev: (380.43, 184.12)
[M::mem_pestat] low and high boundaries for proper pairs: (1, 1666)
[M::mem_pestat] analyzing insert size distribution for orientation RF...
[M::mem_pestat] (25, 50, 75) percentile: (206, 492, 1680)
[M::mem_pestat] low and high boundaries for computing mean and std.dev: (1, 4628)
[M::mem_pestat] mean and std.dev: (672.86, 885.29)
[M::mem_pestat] low and high boundaries for proper pairs: (1, 6102)
[M::mem_pestat] analyzing insert size distribution for orientation RR...
[M::mem_pestat] (25, 50, 75) percentile: (209, 917, 1418)
[M::mem_pestat] low and high boundaries for computing mean and std.dev: (1, 3836)
[M::mem_pestat] mean and std.dev: (785.81, 593.29)
[M::mem_pestat] low and high boundaries for proper pairs: (1, 5045)
[M::mem_pestat] skip orientation FF
[M::mem_pestat] skip orientation RF
[M::mem_pestat] skip orientation RR
[M::mem_process_seqs] Processed 266668 reads in 741.500 CPU sec, 185.599 real sec
[M::process] read 266668 sequences (40000200 bp)...
[M::mem_pestat] # candidate unique pairs for (FF, FR, RF, RR): (24, 27526, 10, 21)
[M::mem_pestat] analyzing insert size distribution for orientation FF...
[M::mem_pestat] (25, 50, 75) percentile: (165, 465, 1411)
[M::mem_pestat] low and high boundaries for computing mean and std.dev: (1, 3903)
[M::mem_pestat] mean and std.dev: (655.27, 598.58)
[M::mem_pestat] low and high boundaries for proper pairs: (1, 5149)
[M::mem_pestat] analyzing insert size distribution for orientation FR...
[M::mem_pestat] (25, 50, 75) percentile: (146, 503, 526)
[M::mem_pestat] low and high boundaries for computing mean and std.dev: (1, 1286)
[M::mem_pestat] mean and std.dev: (381.04, 183.87)
[M::mem_pestat] low and high boundaries for proper pairs: (1, 1666)
[M::mem_pestat] analyzing insert size distribution for orientation RF...
[M::mem_pestat] (25, 50, 75) percentile: (95, 1207, 2951)
[M::mem_pestat] low and high boundaries for computing mean and std.dev: (1, 8663)
[M::mem_pestat] mean and std.dev: (1920.10, 2525.86)
[M::mem_pestat] low and high boundaries for proper pairs: (1, 12024)
[M::mem_pestat] analyzing insert size distribution for orientation RR...
[M::mem_pestat] (25, 50, 75) percentile: (197, 457, 1264)
[M::mem_pestat] low and high boundaries for computing mean and std.dev: (1, 3398)
[M::mem_pestat] mean and std.dev: (616.95, 514.04)
[M::mem_pestat] low and high boundaries for proper pairs: (1, 4465)
[M::mem_pestat] skip orientation FF
[M::mem_pestat] skip orientation RF
[M::mem_pestat] skip orientation RR
[M::mem_process_seqs] Processed 266668 reads in 740.513 CPU sec, 185.363 real sec
[M::process] read 266668 sequences (40000200 bp)...
[M::mem_pestat] # candidate unique pairs for (FF, FR, RF, RR): (23, 27702, 21, 20)
[M::mem_pestat] analyzing insert size distribution for orientation FF...
[M::mem_pestat] (25, 50, 75) percentile: (118, 267, 1250)
[M::mem_pestat] low and high boundaries for computing mean and std.dev: (1, 3514)
[M::mem_pestat] mean and std.dev: (577.71, 755.17)
[M::mem_pestat] low and high boundaries for proper pairs: (1, 4646)
[M::mem_pestat] analyzing insert size distribution for orientation FR...
[M::mem_pestat] (25, 50, 75) percentile: (146, 503, 527)
[M::mem_pestat] low and high boundaries for computing mean and std.dev: (1, 1289)
[M::mem_pestat] mean and std.dev: (382.14, 184.02)
[M::mem_pestat] low and high boundaries for proper pairs: (1, 1670)
[M::mem_pestat] analyzing insert size distribution for orientation RF...
[M::mem_pestat] (25, 50, 75) percentile: (284, 835, 1911)
[M::mem_pestat] low and high boundaries for computing mean and std.dev: (1, 5165)
[M::mem_pestat] mean and std.dev: (1167.62, 1070.27)
[M::mem_pestat] low and high boundaries for proper pairs: (1, 6792)
[M::mem_pestat] analyzing insert size distribution for orientation RR...
[M::mem_pestat] (25, 50, 75) percentile: (217, 596, 959)
[M::mem_pestat] low and high boundaries for computing mean and std.dev: (1, 2443)
[M::mem_pestat] mean and std.dev: (583.95, 394.24)
[M::mem_pestat] low and high boundaries for proper pairs: (1, 3185)
[M::mem_pestat] skip orientation FF
[M::mem_pestat] skip orientation RF
[M::mem_pestat] skip orientation RR
[M::mem_process_seqs] Processed 266668 reads in 737.594 CPU sec, 184.726 real sec
[M::process] read 266668 sequences (40000200 bp)...
[M::mem_pestat] # candidate unique pairs for (FF, FR, RF, RR): (29, 27871, 23, 16)
[M::mem_pestat] analyzing insert size distribution for orientation FF...
[M::mem_pestat] (25, 50, 75) percentile: (127, 374, 1399)
[M::mem_pestat] low and high boundaries for computing mean and std.dev: (1, 3943)
[M::mem_pestat] mean and std.dev: (785.96, 1026.90)
[M::mem_pestat] low and high boundaries for proper pairs: (1, 5215)
[M::mem_pestat] analyzing insert size distribution for orientation FR...
[M::mem_pestat] (25, 50, 75) percentile: (145, 503, 527)
[M::mem_pestat] low and high boundaries for computing mean and std.dev: (1, 1291)
[M::mem_pestat] mean and std.dev: (380.30, 184.52)
[M::mem_pestat] low and high boundaries for proper pairs: (1, 1673)
[M::mem_pestat] analyzing insert size distribution for orientation RF...
[M::mem_pestat] (25, 50, 75) percentile: (179, 548, 1980)
[M::mem_pestat] low and high boundaries for computing mean and std.dev: (1, 5582)
[M::mem_pestat] mean and std.dev: (1271.00, 1512.67)
[M::mem_pestat] low and high boundaries for proper pairs: (1, 7383)
[M::mem_pestat] analyzing insert size distribution for orientation RR...
[M::mem_pestat] (25, 50, 75) percentile: (204, 589, 1219)
[M::mem_pestat] low and high boundaries for computing mean and std.dev: (1, 3249)
[M::mem_pestat] mean and std.dev: (846.00, 903.37)
[M::mem_pestat] low and high boundaries for proper pairs: (1, 4459)
[M::mem_pestat] skip orientation FF
[M::mem_pestat] skip orientation RF
[M::mem_pestat] skip orientation RR
[M::mem_process_seqs] Processed 266668 reads in 727.468 CPU sec, 182.073 real sec
[M::process] read 266668 sequences (40000200 bp)...
[M::mem_pestat] # candidate unique pairs for (FF, FR, RF, RR): (24, 27799, 20, 24)
[M::mem_pestat] analyzing insert size distribution for orientation FF...
[M::mem_pestat] (25, 50, 75) percentile: (157, 485, 1345)
[M::mem_pestat] low and high boundaries for computing mean and std.dev: (1, 3721)
[M::mem_pestat] mean and std.dev: (649.86, 615.62)
[M::mem_pestat] low and high boundaries for proper pairs: (1, 4909)
[M::mem_pestat] analyzing insert size distribution for orientation FR...
[M::mem_pestat] (25, 50, 75) percentile: (146, 503, 528)
[M::mem_pestat] low and high boundaries for computing mean and std.dev: (1, 1292)
[M::mem_pestat] mean and std.dev: (383.15, 183.98)
[M::mem_pestat] low and high boundaries for proper pairs: (1, 1674)
[M::mem_pestat] analyzing insert size distribution for orientation RF...
[M::mem_pestat] (25, 50, 75) percentile: (307, 516, 898)
[M::mem_pestat] low and high boundaries for computing mean and std.dev: (1, 2080)
[M::mem_pestat] mean and std.dev: (578.35, 444.01)
[M::mem_pestat] low and high boundaries for proper pairs: (1, 2671)
[M::mem_pestat] analyzing insert size distribution for orientation RR...
[M::mem_pestat] (25, 50, 75) percentile: (119, 382, 2491)
[M::mem_pestat] low and high boundaries for computing mean and std.dev: (1, 7235)
[M::mem_pestat] mean and std.dev: (1224.71, 1699.88)
[M::mem_pestat] low and high boundaries for proper pairs: (1, 9607)
[M::mem_pestat] skip orientation FF
[M::mem_pestat] skip orientation RF
[M::mem_pestat] skip orientation RR
[M::mem_process_seqs] Processed 266668 reads in 725.779 CPU sec, 181.632 real sec
[M::process] read 266668 sequences (40000200 bp)...
[M::mem_pestat] # candidate unique pairs for (FF, FR, RF, RR): (13, 27860, 25, 23)
[M::mem_pestat] analyzing insert size distribution for orientation FF...
[M::mem_pestat] (25, 50, 75) percentile: (124, 432, 2244)
[M::mem_pestat] low and high boundaries for computing mean and std.dev: (1, 6484)
[M::mem_pestat] mean and std.dev: (681.75, 778.43)
[M::mem_pestat] low and high boundaries for proper pairs: (1, 8604)
[M::mem_pestat] analyzing insert size distribution for orientation FR...
[M::mem_pestat] (25, 50, 75) percentile: (146, 503, 527)
[M::mem_pestat] low and high boundaries for computing mean and std.dev: (1, 1289)
[M::mem_pestat] mean and std.dev: (383.97, 183.58)
[M::mem_pestat] low and high boundaries for proper pairs: (1, 1670)
[M::mem_pestat] analyzing insert size distribution for orientation RF...
[M::mem_pestat] (25, 50, 75) percentile: (109, 384, 948)
[M::mem_pestat] low and high boundaries for computing mean and std.dev: (1, 2626)
[M::mem_pestat] mean and std.dev: (481.27, 563.72)
[M::mem_pestat] low and high boundaries for proper pairs: (1, 3465)
[M::mem_pestat] analyzing insert size distribution for orientation RR...
[M::mem_pestat] (25, 50, 75) percentile: (215, 1013, 1202)
[M::mem_pestat] low and high boundaries for computing mean and std.dev: (1, 3176)
[M::mem_pestat] mean and std.dev: (686.10, 498.00)
[M::mem_pestat] low and high boundaries for proper pairs: (1, 4163)
[M::mem_pestat] skip orientation FF
[M::mem_pestat] skip orientation RF
[M::mem_pestat] skip orientation RR
[M::mem_process_seqs] Processed 266668 reads in 718.734 CPU sec, 179.900 real sec
[M::process] read 266668 sequences (40000200 bp)...
[M::mem_pestat] # candidate unique pairs for (FF, FR, RF, RR): (24, 27855, 20, 25)
[M::mem_pestat] analyzing insert size distribution for orientation FF...
[M::mem_pestat] (25, 50, 75) percentile: (159, 259, 1792)
[M::mem_pestat] low and high boundaries for computing mean and std.dev: (1, 5058)
[M::mem_pestat] mean and std.dev: (691.73, 834.54)
[M::mem_pestat] low and high boundaries for proper pairs: (1, 6691)
[M::mem_pestat] analyzing insert size distribution for orientation FR...
[M::mem_pestat] (25, 50, 75) percentile: (146, 504, 527)
[M::mem_pestat] low and high boundaries for computing mean and std.dev: (1, 1289)
[M::mem_pestat] mean and std.dev: (384.68, 183.08)
[M::mem_pestat] low and high boundaries for proper pairs: (1, 1670)
[M::mem_pestat] analyzing insert size distribution for orientation RF...
[M::mem_pestat] (25, 50, 75) percentile: (28, 399, 2270)
[M::mem_pestat] low and high boundaries for computing mean and std.dev: (1, 6754)
[M::mem_pestat] mean and std.dev: (868.61, 1420.54)
[M::mem_pestat] low and high boundaries for proper pairs: (1, 8996)
[M::mem_pestat] analyzing insert size distribution for orientation RR...
[M::mem_pestat] (25, 50, 75) percentile: (207, 757, 1342)
[M::mem_pestat] low and high boundaries for computing mean and std.dev: (1, 3612)
[M::mem_pestat] mean and std.dev: (794.48, 743.12)
[M::mem_pestat] low and high boundaries for proper pairs: (1, 4747)
[M::mem_pestat] skip orientation FF
[M::mem_pestat] skip orientation RF
[M::mem_pestat] skip orientation RR
[M::mem_process_seqs] Processed 266668 reads in 727.784 CPU sec, 182.122 real sec
[M::process] read 266668 sequences (40000200 bp)...
[M::mem_pestat] # candidate unique pairs for (FF, FR, RF, RR): (18, 27932, 13, 20)
[M::mem_pestat] analyzing insert size distribution for orientation FF...
[M::mem_pestat] (25, 50, 75) percentile: (182, 288, 779)
[M::mem_pestat] low and high boundaries for computing mean and std.dev: (1, 1973)
[M::mem_pestat] mean and std.dev: (516.56, 448.25)
[M::mem_pestat] low and high boundaries for proper pairs: (1, 2570)
[M::mem_pestat] analyzing insert size distribution for orientation FR...
[M::mem_pestat] (25, 50, 75) percentile: (146, 504, 527)
[M::mem_pestat] low and high boundaries for computing mean and std.dev: (1, 1289)
[M::mem_pestat] mean and std.dev: (382.14, 183.77)
[M::mem_pestat] low and high boundaries for proper pairs: (1, 1670)
[M::mem_pestat] analyzing insert size distribution for orientation RF...
[M::mem_pestat] (25, 50, 75) percentile: (327, 528, 1290)
[M::mem_pestat] low and high boundaries for computing mean and std.dev: (1, 3216)
[M::mem_pestat] mean and std.dev: (776.85, 657.36)
[M::mem_pestat] low and high boundaries for proper pairs: (1, 4179)
[M::mem_pestat] analyzing insert size distribution for orientation RR...
[M::mem_pestat] (25, 50, 75) percentile: (290, 954, 1519)
[M::mem_pestat] low and high boundaries for computing mean and std.dev: (1, 3977)
[M::mem_pestat] mean and std.dev: (739.94, 563.50)
[M::mem_pestat] low and high boundaries for proper pairs: (1, 5206)
[M::mem_pestat] skip orientation FF
[M::mem_pestat] skip orientation RF
[M::mem_pestat] skip orientation RR
[M::mem_process_seqs] Processed 266668 reads in 731.312 CPU sec, 183.009 real sec
[M::process] read 266668 sequences (40000200 bp)...
[M::mem_pestat] # candidate unique pairs for (FF, FR, RF, RR): (19, 27712, 18, 35)
[M::mem_pestat] analyzing insert size distribution for orientation FF...
[M::mem_pestat] (25, 50, 75) percentile: (249, 373, 1015)
[M::mem_pestat] low and high boundaries for computing mean and std.dev: (1, 2547)
[M::mem_pestat] mean and std.dev: (658.61, 617.61)
[M::mem_pestat] low and high boundaries for proper pairs: (1, 3313)
[M::mem_pestat] analyzing insert size distribution for orientation FR...
[M::mem_pestat] (25, 50, 75) percentile: (146, 503, 527)
[M::mem_pestat] low and high boundaries for computing mean and std.dev: (1, 1289)
[M::mem_pestat] mean and std.dev: (380.38, 184.27)
[M::mem_pestat] low and high boundaries for proper pairs: (1, 1670)
[M::mem_pestat] analyzing insert size distribution for orientation RF...
[M::mem_pestat] (25, 50, 75) percentile: (52, 219, 346)
[M::mem_pestat] low and high boundaries for computing mean and std.dev: (1, 934)
[M::mem_pestat] mean and std.dev: (198.67, 218.00)
[M::mem_pestat] low and high boundaries for proper pairs: (1, 1228)
[M::mem_pestat] analyzing insert size distribution for orientation RR...
[M::mem_pestat] (25, 50, 75) percentile: (313, 846, 1944)
[M::mem_pestat] low and high boundaries for computing mean and std.dev: (1, 5206)
[M::mem_pestat] mean and std.dev: (1225.57, 1159.92)
[M::mem_pestat] low and high boundaries for proper pairs: (1, 6837)
[M::mem_pestat] skip orientation FF
[M::mem_pestat] skip orientation RF
[M::mem_pestat] skip orientation RR
[M::mem_process_seqs] Processed 266668 reads in 726.754 CPU sec, 181.883 real sec
[M::process] read 266668 sequences (40000200 bp)...
[M::mem_pestat] # candidate unique pairs for (FF, FR, RF, RR): (17, 27958, 13, 19)
[M::mem_pestat] analyzing insert size distribution for orientation FF...
[M::mem_pestat] (25, 50, 75) percentile: (134, 171, 1153)
[M::mem_pestat] low and high boundaries for computing mean and std.dev: (1, 3191)
[M::mem_pestat] mean and std.dev: (427.27, 568.69)
[M::mem_pestat] low and high boundaries for proper pairs: (1, 4210)
[M::mem_pestat] analyzing insert size distribution for orientation FR...
[M::mem_pestat] (25, 50, 75) percentile: (146, 504, 528)
[M::mem_pestat] low and high boundaries for computing mean and std.dev: (1, 1292)
[M::mem_pestat] mean and std.dev: (383.03, 183.60)
[M::mem_pestat] low and high boundaries for proper pairs: (1, 1674)
[M::mem_pestat] analyzing insert size distribution for orientation RF...
[M::mem_pestat] (25, 50, 75) percentile: (153, 633, 2059)
[M::mem_pestat] low and high boundaries for computing mean and std.dev: (1, 5871)
[M::mem_pestat] mean and std.dev: (1172.92, 1164.37)
[M::mem_pestat] low and high boundaries for proper pairs: (1, 7777)
[M::mem_pestat] analyzing insert size distribution for orientation RR...
[M::mem_pestat] (25, 50, 75) percentile: (421, 569, 1166)
[M::mem_pestat] low and high boundaries for computing mean and std.dev: (1, 2656)
[M::mem_pestat] mean and std.dev: (643.59, 489.31)
[M::mem_pestat] low and high boundaries for proper pairs: (1, 3401)
[M::mem_pestat] skip orientation FF
[M::mem_pestat] skip orientation RF
[M::mem_pestat] skip orientation RR
[M::mem_process_seqs] Processed 266668 reads in 725.517 CPU sec, 181.559 real sec
[M::process] read 266668 sequences (40000200 bp)...
[M::mem_pestat] # candidate unique pairs for (FF, FR, RF, RR): (19, 27789, 34, 28)
[M::mem_pestat] analyzing insert size distribution for orientation FF...
[M::mem_pestat] (25, 50, 75) percentile: (198, 492, 1436)
[M::mem_pestat] low and high boundaries for computing mean and std.dev: (1, 3912)
[M::mem_pestat] mean and std.dev: (638.17, 567.18)
[M::mem_pestat] low and high boundaries for proper pairs: (1, 5150)
[M::mem_pestat] analyzing insert size distribution for orientation FR...
[M::mem_pestat] (25, 50, 75) percentile: (146, 503, 527)
[M::mem_pestat] low and high boundaries for computing mean and std.dev: (1, 1289)
[M::mem_pestat] mean and std.dev: (380.39, 184.65)
[M::mem_pestat] low and high boundaries for proper pairs: (1, 1670)
[M::mem_pestat] analyzing insert size distribution for orientation RF...
[M::mem_pestat] (25, 50, 75) percentile: (70, 673, 1167)
[M::mem_pestat] low and high boundaries for computing mean and std.dev: (1, 3361)
[M::mem_pestat] mean and std.dev: (672.25, 644.71)
[M::mem_pestat] low and high boundaries for proper pairs: (1, 4458)
[M::mem_pestat] analyzing insert size distribution for orientation RR...
[M::mem_pestat] (25, 50, 75) percentile: (184, 471, 1236)
[M::mem_pestat] low and high boundaries for computing mean and std.dev: (1, 3340)
[M::mem_pestat] mean and std.dev: (618.24, 651.23)
[M::mem_pestat] low and high boundaries for proper pairs: (1, 4392)
[M::mem_pestat] skip orientation FF
[M::mem_pestat] skip orientation RF
[M::mem_pestat] skip orientation RR
[M::mem_process_seqs] Processed 266668 reads in 724.453 CPU sec, 181.294 real sec
[M::process] read 266668 sequences (40000200 bp)...
[M::mem_pestat] # candidate unique pairs for (FF, FR, RF, RR): (21, 27679, 15, 27)
[M::mem_pestat] analyzing insert size distribution for orientation FF...
[M::mem_pestat] (25, 50, 75) percentile: (213, 696, 2167)
[M::mem_pestat] low and high boundaries for computing mean and std.dev: (1, 6075)
[M::mem_pestat] mean and std.dev: (943.05, 986.44)
[M::mem_pestat] low and high boundaries for proper pairs: (1, 8029)
[M::mem_pestat] analyzing insert size distribution for orientation FR...
[M::mem_pestat] (25, 50, 75) percentile: (146, 503, 527)
[M::mem_pestat] low and high boundaries for computing mean and std.dev: (1, 1289)
[M::mem_pestat] mean and std.dev: (380.87, 184.58)
[M::mem_pestat] low and high boundaries for proper pairs: (1, 1670)
[M::mem_pestat] analyzing insert size distribution for orientation RF...
[M::mem_pestat] (25, 50, 75) percentile: (145, 890, 3215)
[M::mem_pestat] low and high boundaries for computing mean and std.dev: (1, 9355)
[M::mem_pestat] mean and std.dev: (1520.20, 1571.90)
[M::mem_pestat] low and high boundaries for proper pairs: (1, 12425)
[M::mem_pestat] analyzing insert size distribution for orientation RR...
[M::mem_pestat] (25, 50, 75) percentile: (125, 236, 1089)
[M::mem_pestat] low and high boundaries for computing mean and std.dev: (1, 3017)
[M::mem_pestat] mean and std.dev: (581.35, 629.60)
[M::mem_pestat] low and high boundaries for proper pairs: (1, 3981)
[M::mem_pestat] skip orientation FF
[M::mem_pestat] skip orientation RF
[M::mem_pestat] skip orientation RR
[M::mem_process_seqs] Processed 266668 reads in 737.195 CPU sec, 184.483 real sec
[M::process] read 266668 sequences (40000200 bp)...
[M::mem_pestat] # candidate unique pairs for (FF, FR, RF, RR): (21, 27513, 11, 20)
[M::mem_pestat] analyzing insert size distribution for orientation FF...
[M::mem_pestat] (25, 50, 75) percentile: (164, 264, 1006)
[M::mem_pestat] low and high boundaries for computing mean and std.dev: (1, 2690)
[M::mem_pestat] mean and std.dev: (486.00, 495.33)
[M::mem_pestat] low and high boundaries for proper pairs: (1, 3532)
[M::mem_pestat] analyzing insert size distribution for orientation FR...
[M::mem_pestat] (25, 50, 75) percentile: (146, 503, 527)
[M::mem_pestat] low and high boundaries for computing mean and std.dev: (1, 1289)
[M::mem_pestat] mean and std.dev: (381.94, 184.66)
[M::mem_pestat] low and high boundaries for proper pairs: (1, 1670)
[M::mem_pestat] analyzing insert size distribution for orientation RF...
[M::mem_pestat] (25, 50, 75) percentile: (15, 381, 1786)
[M::mem_pestat] low and high boundaries for computing mean and std.dev: (1, 5328)
[M::mem_pestat] mean and std.dev: (874.09, 982.09)
[M::mem_pestat] low and high boundaries for proper pairs: (1, 7099)
[M::mem_pestat] analyzing insert size distribution for orientation RR...
[M::mem_pestat] (25, 50, 75) percentile: (255, 820, 1759)
[M::mem_pestat] low and high boundaries for computing mean and std.dev: (1, 4767)
[M::mem_pestat] mean and std.dev: (1254.70, 1253.25)
[M::mem_pestat] low and high boundaries for proper pairs: (1, 6271)
[M::mem_pestat] skip orientation FF
[M::mem_pestat] skip orientation RF
[M::mem_pestat] skip orientation RR
[M::mem_process_seqs] Processed 266668 reads in 719.928 CPU sec, 180.163 real sec
[M::process] read 266668 sequences (40000200 bp)...
[M::mem_pestat] # candidate unique pairs for (FF, FR, RF, RR): (19, 27628, 17, 26)
[M::mem_pestat] analyzing insert size distribution for orientation FF...
[M::mem_pestat] (25, 50, 75) percentile: (172, 272, 1845)
[M::mem_pestat] low and high boundaries for computing mean and std.dev: (1, 5191)
[M::mem_pestat] mean and std.dev: (735.35, 993.58)
[M::mem_pestat] low and high boundaries for proper pairs: (1, 6864)
[M::mem_pestat] analyzing insert size distribution for orientation FR...
[M::mem_pestat] (25, 50, 75) percentile: (146, 503, 527)
[M::mem_pestat] low and high boundaries for computing mean and std.dev: (1, 1289)
[M::mem_pestat] mean and std.dev: (382.49, 184.01)
[M::mem_pestat] low and high boundaries for proper pairs: (1, 1670)
[M::mem_pestat] analyzing insert size distribution for orientation RF...
[M::mem_pestat] (25, 50, 75) percentile: (317, 886, 1532)
[M::mem_pestat] low and high boundaries for computing mean and std.dev: (1, 3962)
[M::mem_pestat] mean and std.dev: (995.88, 806.95)
[M::mem_pestat] low and high boundaries for proper pairs: (1, 5177)
[M::mem_pestat] analyzing insert size distribution for orientation RR...
[M::mem_pestat] (25, 50, 75) percentile: (204, 821, 1869)
[M::mem_pestat] low and high boundaries for computing mean and std.dev: (1, 5199)
[M::mem_pestat] mean and std.dev: (813.58, 737.69)
[M::mem_pestat] low and high boundaries for proper pairs: (1, 6864)
[M::mem_pestat] skip orientation FF
[M::mem_pestat] skip orientation RF
[M::mem_pestat] skip orientation RR
[M::mem_process_seqs] Processed 266668 reads in 731.162 CPU sec, 182.971 real sec
[M::process] read 266668 sequences (40000200 bp)...
[M::mem_pestat] # candidate unique pairs for (FF, FR, RF, RR): (23, 27696, 14, 27)
[M::mem_pestat] analyzing insert size distribution for orientation FF...
[M::mem_pestat] (25, 50, 75) percentile: (177, 235, 719)
[M::mem_pestat] low and high boundaries for computing mean and std.dev: (1, 1803)
[M::mem_pestat] mean and std.dev: (348.80, 287.15)
[M::mem_pestat] low and high boundaries for proper pairs: (1, 2345)
[M::mem_pestat] analyzing insert size distribution for orientation FR...
[M::mem_pestat] (25, 50, 75) percentile: (146, 504, 528)
[M::mem_pestat] low and high boundaries for computing mean and std.dev: (1, 1292)
[M::mem_pestat] mean and std.dev: (384.77, 183.66)
[M::mem_pestat] low and high boundaries for proper pairs: (1, 1674)
[M::mem_pestat] analyzing insert size distribution for orientation RF...
[M::mem_pestat] (25, 50, 75) percentile: (280, 1098, 1670)
[M::mem_pestat] low and high boundaries for computing mean and std.dev: (1, 4450)
[M::mem_pestat] mean and std.dev: (1028.21, 843.19)
[M::mem_pestat] low and high boundaries for proper pairs: (1, 5840)
[M::mem_pestat] analyzing insert size distribution for orientation RR...
[M::mem_pestat] (25, 50, 75) percentile: (190, 566, 1817)
[M::mem_pestat] low and high boundaries for computing mean and std.dev: (1, 5071)
[M::mem_pestat] mean and std.dev: (917.73, 986.91)
[M::mem_pestat] low and high boundaries for proper pairs: (1, 6698)
[M::mem_pestat] skip orientation FF
[M::mem_pestat] skip orientation RF
[M::mem_pestat] skip orientation RR
[M::mem_process_seqs] Processed 266668 reads in 737.216 CPU sec, 184.520 real sec
[M::process] read 266668 sequences (40000200 bp)...
[M::mem_pestat] # candidate unique pairs for (FF, FR, RF, RR): (19, 27846, 16, 22)
[M::mem_pestat] analyzing insert size distribution for orientation FF...
[M::mem_pestat] (25, 50, 75) percentile: (126, 145, 933)
[M::mem_pestat] low and high boundaries for computing mean and std.dev: (1, 2547)
[M::mem_pestat] mean and std.dev: (442.28, 514.38)
[M::mem_pestat] low and high boundaries for proper pairs: (1, 3354)
[M::mem_pestat] analyzing insert size distribution for orientation FR...
[M::mem_pestat] (25, 50, 75) percentile: (146, 504, 527)
[M::mem_pestat] low and high boundaries for computing mean and std.dev: (1, 1289)
[M::mem_pestat] mean and std.dev: (383.48, 183.88)
[M::mem_pestat] low and high boundaries for proper pairs: (1, 1670)
[M::mem_pestat] analyzing insert size distribution for orientation RF...
[M::mem_pestat] (25, 50, 75) percentile: (486, 1528, 3838)
[M::mem_pestat] low and high boundaries for computing mean and std.dev: (1, 10542)
[M::mem_pestat] mean and std.dev: (2049.44, 2219.20)
[M::mem_pestat] low and high boundaries for proper pairs: (1, 13894)
[M::mem_pestat] analyzing insert size distribution for orientation RR...
[M::mem_pestat] (25, 50, 75) percentile: (232, 861, 1644)
[M::mem_pestat] low and high boundaries for computing mean and std.dev: (1, 4468)
[M::mem_pestat] mean and std.dev: (1123.05, 1164.45)
[M::mem_pestat] low and high boundaries for proper pairs: (1, 5880)
[M::mem_pestat] skip orientation FF
[M::mem_pestat] skip orientation RF
[M::mem_pestat] skip orientation RR
[M::mem_process_seqs] Processed 266668 reads in 724.139 CPU sec, 181.236 real sec
[M::process] read 266668 sequences (40000200 bp)...
[M::mem_pestat] # candidate unique pairs for (FF, FR, RF, RR): (17, 27838, 17, 26)
[M::mem_pestat] analyzing insert size distribution for orientation FF...
[M::mem_pestat] (25, 50, 75) percentile: (148, 775, 1429)
[M::mem_pestat] low and high boundaries for computing mean and std.dev: (1, 3991)
[M::mem_pestat] mean and std.dev: (709.27, 577.13)
[M::mem_pestat] low and high boundaries for proper pairs: (1, 5272)
[M::mem_pestat] analyzing insert size distribution for orientation FR...
[M::mem_pestat] (25, 50, 75) percentile: (146, 503, 527)
[M::mem_pestat] low and high boundaries for computing mean and std.dev: (1, 1289)
[M::mem_pestat] mean and std.dev: (381.52, 183.97)
[M::mem_pestat] low and high boundaries for proper pairs: (1, 1670)
[M::mem_pestat] analyzing insert size distribution for orientation RF...
[M::mem_pestat] (25, 50, 75) percentile: (163, 2086, 3537)
[M::mem_pestat] low and high boundaries for computing mean and std.dev: (1, 10285)
[M::mem_pestat] mean and std.dev: (2197.94, 2344.21)
[M::mem_pestat] low and high boundaries for proper pairs: (1, 13659)
[M::mem_pestat] analyzing insert size distribution for orientation RR...
[M::mem_pestat] (25, 50, 75) percentile: (287, 1048, 1286)
[M::mem_pestat] low and high boundaries for computing mean and std.dev: (1, 3284)
[M::mem_pestat] mean and std.dev: (708.45, 460.76)
[M::mem_pestat] low and high boundaries for proper pairs: (1, 4283)
[M::mem_pestat] skip orientation FF
[M::mem_pestat] skip orientation RF
[M::mem_pestat] skip orientation RR
[M::mem_process_seqs] Processed 266668 reads in 724.027 CPU sec, 181.201 real sec
[M::process] read 266668 sequences (40000200 bp)...
[M::mem_pestat] # candidate unique pairs for (FF, FR, RF, RR): (25, 27796, 13, 23)
[M::mem_pestat] analyzing insert size distribution for orientation FF...
[M::mem_pestat] (25, 50, 75) percentile: (155, 433, 812)
[M::mem_pestat] low and high boundaries for computing mean and std.dev: (1, 2126)
[M::mem_pestat] mean and std.dev: (594.32, 525.89)
[M::mem_pestat] low and high boundaries for proper pairs: (1, 2783)
[M::mem_pestat] analyzing insert size distribution for orientation FR...
[M::mem_pestat] (25, 50, 75) percentile: (146, 503, 528)
[M::mem_pestat] low and high boundaries for computing mean and std.dev: (1, 1292)
[M::mem_pestat] mean and std.dev: (382.09, 184.28)
[M::mem_pestat] low and high boundaries for proper pairs: (1, 1674)
[M::mem_pestat] analyzing insert size distribution for orientation RF...
[M::mem_pestat] (25, 50, 75) percentile: (113, 261, 1108)
[M::mem_pestat] low and high boundaries for computing mean and std.dev: (1, 3098)
[M::mem_pestat] mean and std.dev: (422.33, 477.29)
[M::mem_pestat] low and high boundaries for proper pairs: (1, 4093)
[M::mem_pestat] analyzing insert size distribution for orientation RR...
[M::mem_pestat] (25, 50, 75) percentile: (245, 832, 1809)
[M::mem_pestat] low and high boundaries for computing mean and std.dev: (1, 4937)
[M::mem_pestat] mean and std.dev: (929.55, 911.73)
[M::mem_pestat] low and high boundaries for proper pairs: (1, 6501)
[M::mem_pestat] skip orientation FF
[M::mem_pestat] skip orientation RF
[M::mem_pestat] skip orientation RR
[M::mem_process_seqs] Processed 266668 reads in 732.857 CPU sec, 183.419 real sec
[M::process] read 266668 sequences (40000200 bp)...
[M::mem_pestat] # candidate unique pairs for (FF, FR, RF, RR): (17, 27859, 19, 29)
[M::mem_pestat] analyzing insert size distribution for orientation FF...
[M::mem_pestat] (25, 50, 75) percentile: (145, 388, 1339)
[M::mem_pestat] low and high boundaries for computing mean and std.dev: (1, 3727)
[M::mem_pestat] mean and std.dev: (557.93, 649.88)
[M::mem_pestat] low and high boundaries for proper pairs: (1, 4921)
[M::mem_pestat] analyzing insert size distribution for orientation FR...
[M::mem_pestat] (25, 50, 75) percentile: (146, 504, 527)
[M::mem_pestat] low and high boundaries for computing mean and std.dev: (1, 1289)
[M::mem_pestat] mean and std.dev: (383.57, 183.90)
[M::mem_pestat] low and high boundaries for proper pairs: (1, 1670)
[M::mem_pestat] analyzing insert size distribution for orientation RF...
[M::mem_pestat] (25, 50, 75) percentile: (151, 433, 2300)
[M::mem_pestat] low and high boundaries for computing mean and std.dev: (1, 6598)
[M::mem_pestat] mean and std.dev: (884.67, 1057.83)
[M::mem_pestat] low and high boundaries for proper pairs: (1, 8747)
[M::mem_pestat] analyzing insert size distribution for orientation RR...
[M::mem_pestat] (25, 50, 75) percentile: (203, 914, 1834)
[M::mem_pestat] low and high boundaries for computing mean and std.dev: (1, 5096)
[M::mem_pestat] mean and std.dev: (1194.18, 1244.25)
[M::mem_pestat] low and high boundaries for proper pairs: (1, 6727)
[M::mem_pestat] skip orientation FF
[M::mem_pestat] skip orientation RF
[M::mem_pestat] skip orientation RR
[M::mem_process_seqs] Processed 266668 reads in 722.955 CPU sec, 180.928 real sec
[M::process] read 266668 sequences (40000200 bp)...
[M::mem_pestat] # candidate unique pairs for (FF, FR, RF, RR): (22, 27779, 29, 31)
[M::mem_pestat] analyzing insert size distribution for orientation FF...
[M::mem_pestat] (25, 50, 75) percentile: (160, 636, 1042)
[M::mem_pestat] low and high boundaries for computing mean and std.dev: (1, 2806)
[M::mem_pestat] mean and std.dev: (619.55, 626.55)
[M::mem_pestat] low and high boundaries for proper pairs: (1, 3688)
[M::mem_pestat] analyzing insert size distribution for orientation FR...
[M::mem_pestat] (25, 50, 75) percentile: (146, 503, 527)
[M::mem_pestat] low and high boundaries for computing mean and std.dev: (1, 1289)
[M::mem_pestat] mean and std.dev: (382.26, 184.07)
[M::mem_pestat] low and high boundaries for proper pairs: (1, 1670)
[M::mem_pestat] analyzing insert size distribution for orientation RF...
[M::mem_pestat] (25, 50, 75) percentile: (67, 390, 1101)
[M::mem_pestat] low and high boundaries for computing mean and std.dev: (1, 3169)
[M::mem_pestat] mean and std.dev: (496.15, 675.02)
[M::mem_pestat] low and high boundaries for proper pairs: (1, 4203)
[M::mem_pestat] analyzing insert size distribution for orientation RR...
[M::mem_pestat] (25, 50, 75) percentile: (175, 349, 1026)
[M::mem_pestat] low and high boundaries for computing mean and std.dev: (1, 2728)
[M::mem_pestat] mean and std.dev: (655.70, 687.08)
[M::mem_pestat] low and high boundaries for proper pairs: (1, 3579)
[M::mem_pestat] skip orientation FF
[M::mem_pestat] skip orientation RF
[M::mem_pestat] skip orientation RR
[M::mem_process_seqs] Processed 266668 reads in 723.466 CPU sec, 181.045 real sec
[M::process] read 266668 sequences (40000200 bp)...
[M::mem_pestat] # candidate unique pairs for (FF, FR, RF, RR): (18, 28135, 27, 27)
[M::mem_pestat] analyzing insert size distribution for orientation FF...
[M::mem_pestat] (25, 50, 75) percentile: (382, 1195, 1670)
[M::mem_pestat] low and high boundaries for computing mean and std.dev: (1, 4246)
[M::mem_pestat] mean and std.dev: (1114.24, 802.90)
[M::mem_pestat] low and high boundaries for proper pairs: (1, 5534)
[M::mem_pestat] analyzing insert size distribution for orientation FR...
[M::mem_pestat] (25, 50, 75) percentile: (146, 504, 527)
[M::mem_pestat] low and high boundaries for computing mean and std.dev: (1, 1289)
[M::mem_pestat] mean and std.dev: (382.71, 183.95)
[M::mem_pestat] low and high boundaries for proper pairs: (1, 1670)
[M::mem_pestat] analyzing insert size distribution for orientation RF...
[M::mem_pestat] (25, 50, 75) percentile: (128, 538, 1983)
[M::mem_pestat] low and high boundaries for computing mean and std.dev: (1, 5693)
[M::mem_pestat] mean and std.dev: (1102.12, 1332.30)
[M::mem_pestat] low and high boundaries for proper pairs: (1, 7548)
[M::mem_pestat] analyzing insert size distribution for orientation RR...
[M::mem_pestat] (25, 50, 75) percentile: (253, 580, 1038)
[M::mem_pestat] low and high boundaries for computing mean and std.dev: (1, 2608)
[M::mem_pestat] mean and std.dev: (708.59, 554.60)
[M::mem_pestat] low and high boundaries for proper pairs: (1, 3393)
[M::mem_pestat] skip orientation FF
[M::mem_pestat] skip orientation RF
[M::mem_pestat] skip orientation RR
[M::mem_process_seqs] Processed 266668 reads in 731.844 CPU sec, 183.168 real sec
[M::process] read 197974 sequences (29696100 bp)...
[M::mem_pestat] # candidate unique pairs for (FF, FR, RF, RR): (11, 28224, 21, 21)
[M::mem_pestat] analyzing insert size distribution for orientation FF...
[M::mem_pestat] (25, 50, 75) percentile: (190, 466, 1089)
[M::mem_pestat] low and high boundaries for computing mean and std.dev: (1, 2887)
[M::mem_pestat] mean and std.dev: (573.36, 477.31)
[M::mem_pestat] low and high boundaries for proper pairs: (1, 3786)
[M::mem_pestat] analyzing insert size distribution for orientation FR...
[M::mem_pestat] (25, 50, 75) percentile: (146, 503, 527)
[M::mem_pestat] low and high boundaries for computing mean and std.dev: (1, 1289)
[M::mem_pestat] mean and std.dev: (382.67, 183.27)
[M::mem_pestat] low and high boundaries for proper pairs: (1, 1670)
[M::mem_pestat] analyzing insert size distribution for orientation RF...
[M::mem_pestat] (25, 50, 75) percentile: (188, 372, 1064)
[M::mem_pestat] low and high boundaries for computing mean and std.dev: (1, 2816)
[M::mem_pestat] mean and std.dev: (571.00, 510.02)
[M::mem_pestat] low and high boundaries for proper pairs: (1, 3692)
[M::mem_pestat] analyzing insert size distribution for orientation RR...
[M::mem_pestat] (25, 50, 75) percentile: (340, 1099, 2899)
[M::mem_pestat] low and high boundaries for computing mean and std.dev: (1, 8017)
[M::mem_pestat] mean and std.dev: (1881.48, 1916.65)
[M::mem_pestat] low and high boundaries for proper pairs: (1, 10576)
[M::mem_pestat] skip orientation FF
[M::mem_pestat] skip orientation RF
[M::mem_pestat] skip orientation RR
[M::mem_process_seqs] Processed 266668 reads in 730.464 CPU sec, 182.838 real sec
[M::mem_pestat] # candidate unique pairs for (FF, FR, RF, RR): (14, 20848, 17, 16)
[M::mem_pestat] analyzing insert size distribution for orientation FF...
[M::mem_pestat] (25, 50, 75) percentile: (128, 218, 790)
[M::mem_pestat] low and high boundaries for computing mean and std.dev: (1, 2114)
[M::mem_pestat] mean and std.dev: (491.29, 533.93)
[M::mem_pestat] low and high boundaries for proper pairs: (1, 2776)
[M::mem_pestat] analyzing insert size distribution for orientation FR...
[M::mem_pestat] (25, 50, 75) percentile: (146, 503, 528)
[M::mem_pestat] low and high boundaries for computing mean and std.dev: (1, 1292)
[M::mem_pestat] mean and std.dev: (383.15, 184.02)
[M::mem_pestat] low and high boundaries for proper pairs: (1, 1674)
[M::mem_pestat] analyzing insert size distribution for orientation RF...
[M::mem_pestat] (25, 50, 75) percentile: (213, 509, 1541)
[M::mem_pestat] low and high boundaries for computing mean and std.dev: (1, 4197)
[M::mem_pestat] mean and std.dev: (865.41, 847.17)
[M::mem_pestat] low and high boundaries for proper pairs: (1, 5525)
[M::mem_pestat] analyzing insert size distribution for orientation RR...
[M::mem_pestat] (25, 50, 75) percentile: (146, 397, 1675)
[M::mem_pestat] low and high boundaries for computing mean and std.dev: (1, 4733)
[M::mem_pestat] mean and std.dev: (785.20, 981.36)
[M::mem_pestat] low and high boundaries for proper pairs: (1, 6262)
[M::mem_pestat] skip orientation FF
[M::mem_pestat] skip orientation RF
[M::mem_pestat] skip orientation RR
[M::mem_process_seqs] Processed 197974 reads in 542.129 CPU sec, 135.674 real sec
[main] Version: 0.7.17-r1188
[main] CMD: bwa mem -t 4 -a /mnt/raid6/bacphagenetwork/data/bwa_index/chm13v2.0_noY.fa /mnt/raid6/bacphagenetwork/data/skin_metagenome/Beijing/02_rm_host/BJ046_1.fastq.gz /mnt/raid6/bacphagenetwork/data/skin_metagenome/Beijing/02_rm_host/BJ046_2.fastq.gz
[main] Real time: 9227.448 sec; CPU: 36661.572 sec
