[M::bwa_idx_load_from_disk] read 0 ALT contigs
[M::process] read 266668 sequences (40000200 bp)...
[M::process] read 266668 sequences (40000200 bp)...
[M::mem_pestat] # candidate unique pairs for (FF, FR, RF, RR): (41, 33048, 37, 30)
[M::mem_pestat] analyzing insert size distribution for orientation FF...
[M::mem_pestat] (25, 50, 75) percentile: (184, 583, 1354)
[M::mem_pestat] low and high boundaries for computing mean and std.dev: (1, 3694)
[M::mem_pestat] mean and std.dev: (746.77, 741.17)
[M::mem_pestat] low and high boundaries for proper pairs: (1, 4864)
[M::mem_pestat] analyzing insert size distribution for orientation FR...
[M::mem_pestat] (25, 50, 75) percentile: (503, 518, 543)
[M::mem_pestat] low and high boundaries for computing mean and std.dev: (423, 623)
[M::mem_pestat] mean and std.dev: (531.20, 28.14)
[M::mem_pestat] low and high boundaries for proper pairs: (383, 663)
[M::mem_pestat] analyzing insert size distribution for orientation RF...
[M::mem_pestat] (25, 50, 75) percentile: (200, 1402, 2634)
[M::mem_pestat] low and high boundaries for computing mean and std.dev: (1, 7502)
[M::mem_pestat] mean and std.dev: (1562.14, 1366.13)
[M::mem_pestat] low and high boundaries for proper pairs: (1, 9936)
[M::mem_pestat] analyzing insert size distribution for orientation RR...
[M::mem_pestat] (25, 50, 75) percentile: (297, 963, 1809)
[M::mem_pestat] low and high boundaries for computing mean and std.dev: (1, 4833)
[M::mem_pestat] mean and std.dev: (1018.00, 1008.34)
[M::mem_pestat] low and high boundaries for proper pairs: (1, 6345)
[M::mem_pestat] skip orientation FF
[M::mem_pestat] skip orientation RF
[M::mem_pestat] skip orientation RR
[M::mem_process_seqs] Processed 266668 reads in 630.485 CPU sec, 157.894 real sec
[M::process] read 266668 sequences (40000200 bp)...
[M::mem_pestat] # candidate unique pairs for (FF, FR, RF, RR): (30, 33677, 25, 22)
[M::mem_pestat] analyzing insert size distribution for orientation FF...
[M::mem_pestat] (25, 50, 75) percentile: (160, 354, 1005)
[M::mem_pestat] low and high boundaries for computing mean and std.dev: (1, 2695)
[M::mem_pestat] mean and std.dev: (502.78, 478.83)
[M::mem_pestat] low and high boundaries for proper pairs: (1, 3540)
[M::mem_pestat] analyzing insert size distribution for orientation FR...
[M::mem_pestat] (25, 50, 75) percentile: (503, 518, 544)
[M::mem_pestat] low and high boundaries for computing mean and std.dev: (421, 626)
[M::mem_pestat] mean and std.dev: (531.81, 28.83)
[M::mem_pestat] low and high boundaries for proper pairs: (380, 667)
[M::mem_pestat] analyzing insert size distribution for orientation RF...
[M::mem_pestat] (25, 50, 75) percentile: (60, 177, 1870)
[M::mem_pestat] low and high boundaries for computing mean and std.dev: (1, 5490)
[M::mem_pestat] mean and std.dev: (870.76, 1100.65)
[M::mem_pestat] low and high boundaries for proper pairs: (1, 7300)
[M::mem_pestat] analyzing insert size distribution for orientation RR...
[M::mem_pestat] (25, 50, 75) percentile: (214, 512, 898)
[M::mem_pestat] low and high boundaries for computing mean and std.dev: (1, 2266)
[M::mem_pestat] mean and std.dev: (544.95, 487.76)
[M::mem_pestat] low and high boundaries for proper pairs: (1, 2950)
[M::mem_pestat] skip orientation FF
[M::mem_pestat] skip orientation RF
[M::mem_pestat] skip orientation RR
[M::mem_process_seqs] Processed 266668 reads in 608.769 CPU sec, 152.415 real sec
[M::process] read 266668 sequences (40000200 bp)...
[M::mem_pestat] # candidate unique pairs for (FF, FR, RF, RR): (34, 33775, 38, 29)
[M::mem_pestat] analyzing insert size distribution for orientation FF...
[M::mem_pestat] (25, 50, 75) percentile: (224, 650, 1004)
[M::mem_pestat] low and high boundaries for computing mean and std.dev: (1, 2564)
[M::mem_pestat] mean and std.dev: (679.75, 601.05)
[M::mem_pestat] low and high boundaries for proper pairs: (1, 3344)
[M::mem_pestat] analyzing insert size distribution for orientation FR...
[M::mem_pestat] (25, 50, 75) percentile: (504, 519, 545)
[M::mem_pestat] low and high boundaries for computing mean and std.dev: (422, 627)
[M::mem_pestat] mean and std.dev: (532.25, 29.00)
[M::mem_pestat] low and high boundaries for proper pairs: (381, 668)
[M::mem_pestat] analyzing insert size distribution for orientation RF...
[M::mem_pestat] (25, 50, 75) percentile: (392, 779, 2408)
[M::mem_pestat] low and high boundaries for computing mean and std.dev: (1, 6440)
[M::mem_pestat] mean and std.dev: (1249.16, 1187.34)
[M::mem_pestat] low and high boundaries for proper pairs: (1, 8456)
[M::mem_pestat] analyzing insert size distribution for orientation RR...
[M::mem_pestat] (25, 50, 75) percentile: (259, 817, 2515)
[M::mem_pestat] low and high boundaries for computing mean and std.dev: (1, 7027)
[M::mem_pestat] mean and std.dev: (1177.48, 1089.54)
[M::mem_pestat] low and high boundaries for proper pairs: (1, 9283)
[M::mem_pestat] skip orientation FF
[M::mem_pestat] skip orientation RF
[M::mem_pestat] skip orientation RR
[M::mem_process_seqs] Processed 266668 reads in 606.544 CPU sec, 151.815 real sec
[M::process] read 266668 sequences (40000200 bp)...
[M::mem_pestat] # candidate unique pairs for (FF, FR, RF, RR): (34, 34201, 31, 38)
[M::mem_pestat] analyzing insert size distribution for orientation FF...
[M::mem_pestat] (25, 50, 75) percentile: (241, 785, 1482)
[M::mem_pestat] low and high boundaries for computing mean and std.dev: (1, 3964)
[M::mem_pestat] mean and std.dev: (844.19, 715.56)
[M::mem_pestat] low and high boundaries for proper pairs: (1, 5205)
[M::mem_pestat] analyzing insert size distribution for orientation FR...
[M::mem_pestat] (25, 50, 75) percentile: (503, 519, 544)
[M::mem_pestat] low and high boundaries for computing mean and std.dev: (421, 626)
[M::mem_pestat] mean and std.dev: (532.14, 28.66)
[M::mem_pestat] low and high boundaries for proper pairs: (380, 667)
[M::mem_pestat] analyzing insert size distribution for orientation RF...
[M::mem_pestat] (25, 50, 75) percentile: (150, 1261, 2948)
[M::mem_pestat] low and high boundaries for computing mean and std.dev: (1, 8544)
[M::mem_pestat] mean and std.dev: (1899.72, 2106.95)
[M::mem_pestat] low and high boundaries for proper pairs: (1, 11342)
[M::mem_pestat] analyzing insert size distribution for orientation RR...
[M::mem_pestat] (25, 50, 75) percentile: (544, 1092, 1714)
[M::mem_pestat] low and high boundaries for computing mean and std.dev: (1, 4054)
[M::mem_pestat] mean and std.dev: (1027.71, 705.53)
[M::mem_pestat] low and high boundaries for proper pairs: (1, 5224)
[M::mem_pestat] skip orientation FF
[M::mem_pestat] skip orientation RF
[M::mem_pestat] skip orientation RR
[M::mem_process_seqs] Processed 266668 reads in 600.512 CPU sec, 150.334 real sec
[M::process] read 266668 sequences (40000200 bp)...
[M::mem_pestat] # candidate unique pairs for (FF, FR, RF, RR): (30, 34378, 15, 22)
[M::mem_pestat] analyzing insert size distribution for orientation FF...
[M::mem_pestat] (25, 50, 75) percentile: (135, 667, 3288)
[M::mem_pestat] low and high boundaries for computing mean and std.dev: (1, 9594)
[M::mem_pestat] mean and std.dev: (1809.73, 2260.20)
[M::mem_pestat] low and high boundaries for proper pairs: (1, 12747)
[M::mem_pestat] analyzing insert size distribution for orientation FR...
[M::mem_pestat] (25, 50, 75) percentile: (504, 519, 545)
[M::mem_pestat] low and high boundaries for computing mean and std.dev: (422, 627)
[M::mem_pestat] mean and std.dev: (532.09, 28.90)
[M::mem_pestat] low and high boundaries for proper pairs: (381, 668)
[M::mem_pestat] analyzing insert size distribution for orientation RF...
[M::mem_pestat] (25, 50, 75) percentile: (259, 874, 2152)
[M::mem_pestat] low and high boundaries for computing mean and std.dev: (1, 5938)
[M::mem_pestat] mean and std.dev: (1113.43, 1255.07)
[M::mem_pestat] low and high boundaries for proper pairs: (1, 7831)
[M::mem_pestat] analyzing insert size distribution for orientation RR...
[M::mem_pestat] (25, 50, 75) percentile: (338, 745, 1555)
[M::mem_pestat] low and high boundaries for computing mean and std.dev: (1, 3989)
[M::mem_pestat] mean and std.dev: (974.38, 828.36)
[M::mem_pestat] low and high boundaries for proper pairs: (1, 5206)
[M::mem_pestat] skip orientation FF
[M::mem_pestat] skip orientation RF
[M::mem_pestat] skip orientation RR
[M::mem_process_seqs] Processed 266668 reads in 599.420 CPU sec, 150.047 real sec
[M::process] read 266668 sequences (40000200 bp)...
[M::mem_pestat] # candidate unique pairs for (FF, FR, RF, RR): (30, 34239, 37, 41)
[M::mem_pestat] analyzing insert size distribution for orientation FF...
[M::mem_pestat] (25, 50, 75) percentile: (196, 592, 1530)
[M::mem_pestat] low and high boundaries for computing mean and std.dev: (1, 4198)
[M::mem_pestat] mean and std.dev: (865.86, 921.18)
[M::mem_pestat] low and high boundaries for proper pairs: (1, 5532)
[M::mem_pestat] analyzing insert size distribution for orientation FR...
[M::mem_pestat] (25, 50, 75) percentile: (504, 519, 546)
[M::mem_pestat] low and high boundaries for computing mean and std.dev: (420, 630)
[M::mem_pestat] mean and std.dev: (532.80, 29.41)
[M::mem_pestat] low and high boundaries for proper pairs: (378, 672)
[M::mem_pestat] analyzing insert size distribution for orientation RF...
[M::mem_pestat] (25, 50, 75) percentile: (169, 437, 2629)
[M::mem_pestat] low and high boundaries for computing mean and std.dev: (1, 7549)
[M::mem_pestat] mean and std.dev: (1366.78, 1724.77)
[M::mem_pestat] low and high boundaries for proper pairs: (1, 10009)
[M::mem_pestat] analyzing insert size distribution for orientation RR...
[M::mem_pestat] (25, 50, 75) percentile: (209, 751, 1758)
[M::mem_pestat] low and high boundaries for computing mean and std.dev: (1, 4856)
[M::mem_pestat] mean and std.dev: (978.50, 1055.63)
[M::mem_pestat] low and high boundaries for proper pairs: (1, 6405)
[M::mem_pestat] skip orientation FF
[M::mem_pestat] skip orientation RF
[M::mem_pestat] skip orientation RR
[M::mem_process_seqs] Processed 266668 reads in 599.834 CPU sec, 150.132 real sec
[M::process] read 266668 sequences (40000200 bp)...
[M::mem_pestat] # candidate unique pairs for (FF, FR, RF, RR): (29, 34081, 32, 33)
[M::mem_pestat] analyzing insert size distribution for orientation FF...
[M::mem_pestat] (25, 50, 75) percentile: (152, 307, 834)
[M::mem_pestat] low and high boundaries for computing mean and std.dev: (1, 2198)
[M::mem_pestat] mean and std.dev: (434.67, 399.00)
[M::mem_pestat] low and high boundaries for proper pairs: (1, 2880)
[M::mem_pestat] analyzing insert size distribution for orientation FR...
[M::mem_pestat] (25, 50, 75) percentile: (504, 519, 545)
[M::mem_pestat] low and high boundaries for computing mean and std.dev: (422, 627)
[M::mem_pestat] mean and std.dev: (532.42, 29.11)
[M::mem_pestat] low and high boundaries for proper pairs: (381, 668)
[M::mem_pestat] analyzing insert size distribution for orientation RF...
[M::mem_pestat] (25, 50, 75) percentile: (283, 710, 2821)
[M::mem_pestat] low and high boundaries for computing mean and std.dev: (1, 7897)
[M::mem_pestat] mean and std.dev: (1544.26, 1784.17)
[M::mem_pestat] low and high boundaries for proper pairs: (1, 10435)
[M::mem_pestat] analyzing insert size distribution for orientation RR...
[M::mem_pestat] (25, 50, 75) percentile: (193, 543, 1471)
[M::mem_pestat] low and high boundaries for computing mean and std.dev: (1, 4027)
[M::mem_pestat] mean and std.dev: (781.47, 848.84)
[M::mem_pestat] low and high boundaries for proper pairs: (1, 5305)
[M::mem_pestat] skip orientation FF
[M::mem_pestat] skip orientation RF
[M::mem_pestat] skip orientation RR
[M::mem_process_seqs] Processed 266668 reads in 596.883 CPU sec, 149.413 real sec
[M::process] read 266668 sequences (40000200 bp)...
[M::mem_pestat] # candidate unique pairs for (FF, FR, RF, RR): (27, 34391, 28, 38)
[M::mem_pestat] analyzing insert size distribution for orientation FF...
[M::mem_pestat] (25, 50, 75) percentile: (195, 581, 2571)
[M::mem_pestat] low and high boundaries for computing mean and std.dev: (1, 7323)
[M::mem_pestat] mean and std.dev: (1354.68, 1806.43)
[M::mem_pestat] low and high boundaries for proper pairs: (1, 9699)
[M::mem_pestat] analyzing insert size distribution for orientation FR...
[M::mem_pestat] (25, 50, 75) percentile: (504, 519, 545)
[M::mem_pestat] low and high boundaries for computing mean and std.dev: (422, 627)
[M::mem_pestat] mean and std.dev: (532.39, 29.04)
[M::mem_pestat] low and high boundaries for proper pairs: (381, 668)
[M::mem_pestat] analyzing insert size distribution for orientation RF...
[M::mem_pestat] (25, 50, 75) percentile: (280, 1216, 2748)
[M::mem_pestat] low and high boundaries for computing mean and std.dev: (1, 7684)
[M::mem_pestat] mean and std.dev: (1720.71, 1909.07)
[M::mem_pestat] low and high boundaries for proper pairs: (1, 10152)
[M::mem_pestat] analyzing insert size distribution for orientation RR...
[M::mem_pestat] (25, 50, 75) percentile: (274, 714, 1411)
[M::mem_pestat] low and high boundaries for computing mean and std.dev: (1, 3685)
[M::mem_pestat] mean and std.dev: (916.38, 718.99)
[M::mem_pestat] low and high boundaries for proper pairs: (1, 4822)
[M::mem_pestat] skip orientation FF
[M::mem_pestat] skip orientation RF
[M::mem_pestat] skip orientation RR
[M::mem_process_seqs] Processed 266668 reads in 599.573 CPU sec, 150.080 real sec
[M::process] read 266668 sequences (40000200 bp)...
[M::mem_pestat] # candidate unique pairs for (FF, FR, RF, RR): (45, 34129, 21, 30)
[M::mem_pestat] analyzing insert size distribution for orientation FF...
[M::mem_pestat] (25, 50, 75) percentile: (199, 336, 870)
[M::mem_pestat] low and high boundaries for computing mean and std.dev: (1, 2212)
[M::mem_pestat] mean and std.dev: (499.00, 453.45)
[M::mem_pestat] low and high boundaries for proper pairs: (1, 2883)
[M::mem_pestat] analyzing insert size distribution for orientation FR...
[M::mem_pestat] (25, 50, 75) percentile: (504, 519, 545)
[M::mem_pestat] low and high boundaries for computing mean and std.dev: (422, 627)
[M::mem_pestat] mean and std.dev: (532.37, 29.21)
[M::mem_pestat] low and high boundaries for proper pairs: (381, 668)
[M::mem_pestat] analyzing insert size distribution for orientation RF...
[M::mem_pestat] (25, 50, 75) percentile: (634, 1525, 2669)
[M::mem_pestat] low and high boundaries for computing mean and std.dev: (1, 6739)
[M::mem_pestat] mean and std.dev: (1344.79, 1066.96)
[M::mem_pestat] low and high boundaries for proper pairs: (1, 8774)
[M::mem_pestat] analyzing insert size distribution for orientation RR...
[M::mem_pestat] (25, 50, 75) percentile: (395, 725, 1436)
[M::mem_pestat] low and high boundaries for computing mean and std.dev: (1, 3518)
[M::mem_pestat] mean and std.dev: (928.00, 786.84)
[M::mem_pestat] low and high boundaries for proper pairs: (1, 4559)
[M::mem_pestat] skip orientation FF
[M::mem_pestat] skip orientation RF
[M::mem_pestat] skip orientation RR
[M::mem_process_seqs] Processed 266668 reads in 597.575 CPU sec, 149.608 real sec
[M::process] read 266668 sequences (40000200 bp)...
[M::mem_pestat] # candidate unique pairs for (FF, FR, RF, RR): (38, 34598, 25, 34)
[M::mem_pestat] analyzing insert size distribution for orientation FF...
[M::mem_pestat] (25, 50, 75) percentile: (130, 333, 867)
[M::mem_pestat] low and high boundaries for computing mean and std.dev: (1, 2341)
[M::mem_pestat] mean and std.dev: (528.49, 560.49)
[M::mem_pestat] low and high boundaries for proper pairs: (1, 3078)
[M::mem_pestat] analyzing insert size distribution for orientation FR...
[M::mem_pestat] (25, 50, 75) percentile: (504, 519, 546)
[M::mem_pestat] low and high boundaries for computing mean and std.dev: (420, 630)
[M::mem_pestat] mean and std.dev: (532.72, 29.26)
[M::mem_pestat] low and high boundaries for proper pairs: (378, 672)
[M::mem_pestat] analyzing insert size distribution for orientation RF...
[M::mem_pestat] (25, 50, 75) percentile: (460, 1544, 3558)
[M::mem_pestat] low and high boundaries for computing mean and std.dev: (1, 9754)
[M::mem_pestat] mean and std.dev: (2017.56, 1822.13)
[M::mem_pestat] low and high boundaries for proper pairs: (1, 12852)
[M::mem_pestat] analyzing insert size distribution for orientation RR...
[M::mem_pestat] (25, 50, 75) percentile: (280, 892, 1681)
[M::mem_pestat] low and high boundaries for computing mean and std.dev: (1, 4483)
[M::mem_pestat] mean and std.dev: (1180.48, 1065.43)
[M::mem_pestat] low and high boundaries for proper pairs: (1, 5884)
[M::mem_pestat] skip orientation FF
[M::mem_pestat] skip orientation RF
[M::mem_pestat] skip orientation RR
[M::mem_process_seqs] Processed 266668 reads in 595.280 CPU sec, 149.015 real sec
[M::process] read 266668 sequences (40000200 bp)...
[M::mem_pestat] # candidate unique pairs for (FF, FR, RF, RR): (28, 34261, 27, 38)
[M::mem_pestat] analyzing insert size distribution for orientation FF...
[M::mem_pestat] (25, 50, 75) percentile: (171, 643, 1312)
[M::mem_pestat] low and high boundaries for computing mean and std.dev: (1, 3594)
[M::mem_pestat] mean and std.dev: (673.00, 637.22)
[M::mem_pestat] low and high boundaries for proper pairs: (1, 4735)
[M::mem_pestat] analyzing insert size distribution for orientation FR...
[M::mem_pestat] (25, 50, 75) percentile: (504, 519, 546)
[M::mem_pestat] low and high boundaries for computing mean and std.dev: (420, 630)
[M::mem_pestat] mean and std.dev: (532.88, 29.51)
[M::mem_pestat] low and high boundaries for proper pairs: (378, 672)
[M::mem_pestat] analyzing insert size distribution for orientation RF...
[M::mem_pestat] (25, 50, 75) percentile: (229, 1318, 3064)
[M::mem_pestat] low and high boundaries for computing mean and std.dev: (1, 8734)
[M::mem_pestat] mean and std.dev: (1820.63, 1945.86)
[M::mem_pestat] low and high boundaries for proper pairs: (1, 11569)
[M::mem_pestat] analyzing insert size distribution for orientation RR...
[M::mem_pestat] (25, 50, 75) percentile: (173, 379, 1242)
[M::mem_pestat] low and high boundaries for computing mean and std.dev: (1, 3380)
[M::mem_pestat] mean and std.dev: (565.67, 545.01)
[M::mem_pestat] low and high boundaries for proper pairs: (1, 4449)
[M::mem_pestat] skip orientation FF
[M::mem_pestat] skip orientation RF
[M::mem_pestat] skip orientation RR
[M::mem_process_seqs] Processed 266668 reads in 600.430 CPU sec, 150.396 real sec
[M::process] read 266668 sequences (40000200 bp)...
[M::mem_pestat] # candidate unique pairs for (FF, FR, RF, RR): (36, 34509, 35, 28)
[M::mem_pestat] analyzing insert size distribution for orientation FF...
[M::mem_pestat] (25, 50, 75) percentile: (196, 723, 1722)
[M::mem_pestat] low and high boundaries for computing mean and std.dev: (1, 4774)
[M::mem_pestat] mean and std.dev: (964.39, 1118.35)
[M::mem_pestat] low and high boundaries for proper pairs: (1, 6300)
[M::mem_pestat] analyzing insert size distribution for orientation FR...
[M::mem_pestat] (25, 50, 75) percentile: (504, 519, 546)
[M::mem_pestat] low and high boundaries for computing mean and std.dev: (420, 630)
[M::mem_pestat] mean and std.dev: (532.84, 29.59)
[M::mem_pestat] low and high boundaries for proper pairs: (378, 672)
[M::mem_pestat] analyzing insert size distribution for orientation RF...
[M::mem_pestat] (25, 50, 75) percentile: (246, 707, 2444)
[M::mem_pestat] low and high boundaries for computing mean and std.dev: (1, 6840)
[M::mem_pestat] mean and std.dev: (1057.00, 1038.50)
[M::mem_pestat] low and high boundaries for proper pairs: (1, 9038)
[M::mem_pestat] analyzing insert size distribution for orientation RR...
[M::mem_pestat] (25, 50, 75) percentile: (339, 688, 1278)
[M::mem_pestat] low and high boundaries for computing mean and std.dev: (1, 3156)
[M::mem_pestat] mean and std.dev: (865.56, 775.85)
[M::mem_pestat] low and high boundaries for proper pairs: (1, 4095)
[M::mem_pestat] skip orientation FF
[M::mem_pestat] skip orientation RF
[M::mem_pestat] skip orientation RR
[M::mem_process_seqs] Processed 266668 reads in 592.666 CPU sec, 148.361 real sec
[M::process] read 266668 sequences (40000200 bp)...
[M::mem_pestat] # candidate unique pairs for (FF, FR, RF, RR): (35, 34082, 26, 38)
[M::mem_pestat] analyzing insert size distribution for orientation FF...
[M::mem_pestat] (25, 50, 75) percentile: (192, 594, 1708)
[M::mem_pestat] low and high boundaries for computing mean and std.dev: (1, 4740)
[M::mem_pestat] mean and std.dev: (892.52, 909.41)
[M::mem_pestat] low and high boundaries for proper pairs: (1, 6256)
[M::mem_pestat] analyzing insert size distribution for orientation FR...
[M::mem_pestat] (25, 50, 75) percentile: (504, 519, 546)
[M::mem_pestat] low and high boundaries for computing mean and std.dev: (420, 630)
[M::mem_pestat] mean and std.dev: (532.72, 29.62)
[M::mem_pestat] low and high boundaries for proper pairs: (378, 672)
[M::mem_pestat] analyzing insert size distribution for orientation RF...
[M::mem_pestat] (25, 50, 75) percentile: (561, 2230, 2878)
[M::mem_pestat] low and high boundaries for computing mean and std.dev: (1, 7512)
[M::mem_pestat] mean and std.dev: (1941.72, 1323.50)
[M::mem_pestat] low and high boundaries for proper pairs: (1, 9829)
[M::mem_pestat] analyzing insert size distribution for orientation RR...
[M::mem_pestat] (25, 50, 75) percentile: (245, 1018, 2072)
[M::mem_pestat] low and high boundaries for computing mean and std.dev: (1, 5726)
[M::mem_pestat] mean and std.dev: (1391.42, 1476.10)
[M::mem_pestat] low and high boundaries for proper pairs: (1, 7553)
[M::mem_pestat] skip orientation FF
[M::mem_pestat] skip orientation RF
[M::mem_pestat] skip orientation RR
[M::mem_process_seqs] Processed 266668 reads in 607.669 CPU sec, 152.113 real sec
[M::process] read 266668 sequences (40000200 bp)...
[M::mem_pestat] # candidate unique pairs for (FF, FR, RF, RR): (38, 34124, 29, 25)
[M::mem_pestat] analyzing insert size distribution for orientation FF...
[M::mem_pestat] (25, 50, 75) percentile: (145, 460, 964)
[M::mem_pestat] low and high boundaries for computing mean and std.dev: (1, 2602)
[M::mem_pestat] mean and std.dev: (566.91, 555.70)
[M::mem_pestat] low and high boundaries for proper pairs: (1, 3421)
[M::mem_pestat] analyzing insert size distribution for orientation FR...
[M::mem_pestat] (25, 50, 75) percentile: (504, 519, 545)
[M::mem_pestat] low and high boundaries for computing mean and std.dev: (422, 627)
[M::mem_pestat] mean and std.dev: (532.10, 28.81)
[M::mem_pestat] low and high boundaries for proper pairs: (381, 668)
[M::mem_pestat] analyzing insert size distribution for orientation RF...
[M::mem_pestat] (25, 50, 75) percentile: (460, 1642, 3296)
[M::mem_pestat] low and high boundaries for computing mean and std.dev: (1, 8968)
[M::mem_pestat] mean and std.dev: (2001.82, 1980.77)
[M::mem_pestat] low and high boundaries for proper pairs: (1, 11804)
[M::mem_pestat] analyzing insert size distribution for orientation RR...
[M::mem_pestat] (25, 50, 75) percentile: (138, 270, 1024)
[M::mem_pestat] low and high boundaries for computing mean and std.dev: (1, 2796)
[M::mem_pestat] mean and std.dev: (542.25, 535.28)
[M::mem_pestat] low and high boundaries for proper pairs: (1, 3682)
[M::mem_pestat] skip orientation FF
[M::mem_pestat] skip orientation RF
[M::mem_pestat] skip orientation RR
[M::mem_process_seqs] Processed 266668 reads in 594.992 CPU sec, 148.954 real sec
[M::process] read 266668 sequences (40000200 bp)...
[M::mem_pestat] # candidate unique pairs for (FF, FR, RF, RR): (33, 34338, 30, 23)
[M::mem_pestat] analyzing insert size distribution for orientation FF...
[M::mem_pestat] (25, 50, 75) percentile: (146, 573, 1297)
[M::mem_pestat] low and high boundaries for computing mean and std.dev: (1, 3599)
[M::mem_pestat] mean and std.dev: (646.73, 711.82)
[M::mem_pestat] low and high boundaries for proper pairs: (1, 4750)
[M::mem_pestat] analyzing insert size distribution for orientation FR...
[M::mem_pestat] (25, 50, 75) percentile: (504, 520, 546)
[M::mem_pestat] low and high boundaries for computing mean and std.dev: (420, 630)
[M::mem_pestat] mean and std.dev: (533.00, 29.54)
[M::mem_pestat] low and high boundaries for proper pairs: (378, 672)
[M::mem_pestat] analyzing insert size distribution for orientation RF...
[M::mem_pestat] (25, 50, 75) percentile: (390, 1928, 2971)
[M::mem_pestat] low and high boundaries for computing mean and std.dev: (1, 8133)
[M::mem_pestat] mean and std.dev: (1951.38, 1748.89)
[M::mem_pestat] low and high boundaries for proper pairs: (1, 10714)
[M::mem_pestat] analyzing insert size distribution for orientation RR...
[M::mem_pestat] (25, 50, 75) percentile: (306, 829, 1893)
[M::mem_pestat] low and high boundaries for computing mean and std.dev: (1, 5067)
[M::mem_pestat] mean and std.dev: (1094.18, 843.98)
[M::mem_pestat] low and high boundaries for proper pairs: (1, 6654)
[M::mem_pestat] skip orientation FF
[M::mem_pestat] skip orientation RF
[M::mem_pestat] skip orientation RR
[M::mem_process_seqs] Processed 266668 reads in 599.502 CPU sec, 150.062 real sec
[M::process] read 266668 sequences (40000200 bp)...
[M::mem_pestat] # candidate unique pairs for (FF, FR, RF, RR): (31, 33971, 26, 33)
[M::mem_pestat] analyzing insert size distribution for orientation FF...
[M::mem_pestat] (25, 50, 75) percentile: (190, 501, 948)
[M::mem_pestat] low and high boundaries for computing mean and std.dev: (1, 2464)
[M::mem_pestat] mean and std.dev: (652.52, 613.40)
[M::mem_pestat] low and high boundaries for proper pairs: (1, 3222)
[M::mem_pestat] analyzing insert size distribution for orientation FR...
[M::mem_pestat] (25, 50, 75) percentile: (504, 519, 545)
[M::mem_pestat] low and high boundaries for computing mean and std.dev: (422, 627)
[M::mem_pestat] mean and std.dev: (532.15, 29.03)
[M::mem_pestat] low and high boundaries for proper pairs: (381, 668)
[M::mem_pestat] analyzing insert size distribution for orientation RF...
[M::mem_pestat] (25, 50, 75) percentile: (134, 1184, 3120)
[M::mem_pestat] low and high boundaries for computing mean and std.dev: (1, 9092)
[M::mem_pestat] mean and std.dev: (1900.35, 2137.76)
[M::mem_pestat] low and high boundaries for proper pairs: (1, 12078)
[M::mem_pestat] analyzing insert size distribution for orientation RR...
[M::mem_pestat] (25, 50, 75) percentile: (204, 783, 2574)
[M::mem_pestat] low and high boundaries for computing mean and std.dev: (1, 7314)
[M::mem_pestat] mean and std.dev: (1166.15, 1107.09)
[M::mem_pestat] low and high boundaries for proper pairs: (1, 9684)
[M::mem_pestat] skip orientation FF
[M::mem_pestat] skip orientation RF
[M::mem_pestat] skip orientation RR
[M::mem_process_seqs] Processed 266668 reads in 599.781 CPU sec, 150.118 real sec
[M::process] read 266668 sequences (40000200 bp)...
[M::mem_pestat] # candidate unique pairs for (FF, FR, RF, RR): (37, 34273, 26, 29)
[M::mem_pestat] analyzing insert size distribution for orientation FF...
[M::mem_pestat] (25, 50, 75) percentile: (157, 438, 1158)
[M::mem_pestat] low and high boundaries for computing mean and std.dev: (1, 3160)
[M::mem_pestat] mean and std.dev: (641.23, 642.51)
[M::mem_pestat] low and high boundaries for proper pairs: (1, 4161)
[M::mem_pestat] analyzing insert size distribution for orientation FR...
[M::mem_pestat] (25, 50, 75) percentile: (504, 519, 544)
[M::mem_pestat] low and high boundaries for computing mean and std.dev: (424, 624)
[M::mem_pestat] mean and std.dev: (531.92, 28.39)
[M::mem_pestat] low and high boundaries for proper pairs: (384, 664)
[M::mem_pestat] analyzing insert size distribution for orientation RF...
[M::mem_pestat] (25, 50, 75) percentile: (682, 1617, 2540)
[M::mem_pestat] low and high boundaries for computing mean and std.dev: (1, 6256)
[M::mem_pestat] mean and std.dev: (1590.40, 1138.15)
[M::mem_pestat] low and high boundaries for proper pairs: (1, 8114)
[M::mem_pestat] analyzing insert size distribution for orientation RR...
[M::mem_pestat] (25, 50, 75) percentile: (226, 485, 1694)
[M::mem_pestat] low and high boundaries for computing mean and std.dev: (1, 4630)
[M::mem_pestat] mean and std.dev: (894.32, 917.42)
[M::mem_pestat] low and high boundaries for proper pairs: (1, 6098)
[M::mem_pestat] skip orientation FF
[M::mem_pestat] skip orientation RF
[M::mem_pestat] skip orientation RR
[M::mem_process_seqs] Processed 266668 reads in 604.175 CPU sec, 151.390 real sec
[M::process] read 266668 sequences (40000200 bp)...
[M::mem_pestat] # candidate unique pairs for (FF, FR, RF, RR): (36, 34454, 26, 27)
[M::mem_pestat] analyzing insert size distribution for orientation FF...
[M::mem_pestat] (25, 50, 75) percentile: (164, 375, 958)
[M::mem_pestat] low and high boundaries for computing mean and std.dev: (1, 2546)
[M::mem_pestat] mean and std.dev: (495.62, 412.69)
[M::mem_pestat] low and high boundaries for proper pairs: (1, 3340)
[M::mem_pestat] analyzing insert size distribution for orientation FR...
[M::mem_pestat] (25, 50, 75) percentile: (504, 519, 545)
[M::mem_pestat] low and high boundaries for computing mean and std.dev: (422, 627)
[M::mem_pestat] mean and std.dev: (532.34, 29.05)
[M::mem_pestat] low and high boundaries for proper pairs: (381, 668)
[M::mem_pestat] analyzing insert size distribution for orientation RF...
[M::mem_pestat] (25, 50, 75) percentile: (329, 935, 3018)
[M::mem_pestat] low and high boundaries for computing mean and std.dev: (1, 8396)
[M::mem_pestat] mean and std.dev: (1702.40, 1936.91)
[M::mem_pestat] low and high boundaries for proper pairs: (1, 11085)
[M::mem_pestat] analyzing insert size distribution for orientation RR...
[M::mem_pestat] (25, 50, 75) percentile: (667, 997, 2123)
[M::mem_pestat] low and high boundaries for computing mean and std.dev: (1, 5035)
[M::mem_pestat] mean and std.dev: (1329.04, 1259.30)
[M::mem_pestat] low and high boundaries for proper pairs: (1, 6491)
[M::mem_pestat] skip orientation FF
[M::mem_pestat] skip orientation RF
[M::mem_pestat] skip orientation RR
[M::mem_process_seqs] Processed 266668 reads in 593.732 CPU sec, 148.709 real sec
[M::process] read 266668 sequences (40000200 bp)...
[M::mem_pestat] # candidate unique pairs for (FF, FR, RF, RR): (30, 34521, 28, 23)
[M::mem_pestat] analyzing insert size distribution for orientation FF...
[M::mem_pestat] (25, 50, 75) percentile: (163, 570, 941)
[M::mem_pestat] low and high boundaries for computing mean and std.dev: (1, 2497)
[M::mem_pestat] mean and std.dev: (648.27, 554.20)
[M::mem_pestat] low and high boundaries for proper pairs: (1, 3275)
[M::mem_pestat] analyzing insert size distribution for orientation FR...
[M::mem_pestat] (25, 50, 75) percentile: (504, 519, 546)
[M::mem_pestat] low and high boundaries for computing mean and std.dev: (420, 630)
[M::mem_pestat] mean and std.dev: (532.75, 29.51)
[M::mem_pestat] low and high boundaries for proper pairs: (378, 672)
[M::mem_pestat] analyzing insert size distribution for orientation RF...
[M::mem_pestat] (25, 50, 75) percentile: (110, 794, 2965)
[M::mem_pestat] low and high boundaries for computing mean and std.dev: (1, 8675)
[M::mem_pestat] mean and std.dev: (1487.86, 1743.85)
[M::mem_pestat] low and high boundaries for proper pairs: (1, 11530)
[M::mem_pestat] analyzing insert size distribution for orientation RR...
[M::mem_pestat] (25, 50, 75) percentile: (266, 992, 1462)
[M::mem_pestat] low and high boundaries for computing mean and std.dev: (1, 3854)
[M::mem_pestat] mean and std.dev: (905.32, 708.24)
[M::mem_pestat] low and high boundaries for proper pairs: (1, 5050)
[M::mem_pestat] skip orientation FF
[M::mem_pestat] skip orientation RF
[M::mem_pestat] skip orientation RR
[M::mem_process_seqs] Processed 266668 reads in 596.495 CPU sec, 149.308 real sec
[M::process] read 266668 sequences (40000200 bp)...
[M::mem_pestat] # candidate unique pairs for (FF, FR, RF, RR): (35, 34265, 28, 35)
[M::mem_pestat] analyzing insert size distribution for orientation FF...
[M::mem_pestat] (25, 50, 75) percentile: (162, 550, 1647)
[M::mem_pestat] low and high boundaries for computing mean and std.dev: (1, 4617)
[M::mem_pestat] mean and std.dev: (888.71, 989.25)
[M::mem_pestat] low and high boundaries for proper pairs: (1, 6102)
[M::mem_pestat] analyzing insert size distribution for orientation FR...
[M::mem_pestat] (25, 50, 75) percentile: (504, 519, 545)
[M::mem_pestat] low and high boundaries for computing mean and std.dev: (422, 627)
[M::mem_pestat] mean and std.dev: (532.27, 28.87)
[M::mem_pestat] low and high boundaries for proper pairs: (381, 668)
[M::mem_pestat] analyzing insert size distribution for orientation RF...
[M::mem_pestat] (25, 50, 75) percentile: (222, 639, 2615)
[M::mem_pestat] low and high boundaries for computing mean and std.dev: (1, 7401)
[M::mem_pestat] mean and std.dev: (1344.14, 1438.58)
[M::mem_pestat] low and high boundaries for proper pairs: (1, 9794)
[M::mem_pestat] analyzing insert size distribution for orientation RR...
[M::mem_pestat] (25, 50, 75) percentile: (512, 911, 1549)
[M::mem_pestat] low and high boundaries for computing mean and std.dev: (1, 3623)
[M::mem_pestat] mean and std.dev: (953.53, 688.92)
[M::mem_pestat] low and high boundaries for proper pairs: (1, 4660)
[M::mem_pestat] skip orientation FF
[M::mem_pestat] skip orientation RF
[M::mem_pestat] skip orientation RR
[M::mem_process_seqs] Processed 266668 reads in 611.327 CPU sec, 153.025 real sec
[M::process] read 266668 sequences (40000200 bp)...
[M::mem_pestat] # candidate unique pairs for (FF, FR, RF, RR): (42, 34739, 30, 34)
[M::mem_pestat] analyzing insert size distribution for orientation FF...
[M::mem_pestat] (25, 50, 75) percentile: (202, 320, 1132)
[M::mem_pestat] low and high boundaries for computing mean and std.dev: (1, 2992)
[M::mem_pestat] mean and std.dev: (569.76, 680.75)
[M::mem_pestat] low and high boundaries for proper pairs: (1, 3922)
[M::mem_pestat] analyzing insert size distribution for orientation FR...
[M::mem_pestat] (25, 50, 75) percentile: (504, 520, 546)
[M::mem_pestat] low and high boundaries for computing mean and std.dev: (420, 630)
[M::mem_pestat] mean and std.dev: (532.76, 29.69)
[M::mem_pestat] low and high boundaries for proper pairs: (378, 672)
[M::mem_pestat] analyzing insert size distribution for orientation RF...
[M::mem_pestat] (25, 50, 75) percentile: (764, 2088, 2929)
[M::mem_pestat] low and high boundaries for computing mean and std.dev: (1, 7259)
[M::mem_pestat] mean and std.dev: (1912.83, 1419.48)
[M::mem_pestat] low and high boundaries for proper pairs: (1, 9424)
[M::mem_pestat] analyzing insert size distribution for orientation RR...
[M::mem_pestat] (25, 50, 75) percentile: (483, 964, 1466)
[M::mem_pestat] low and high boundaries for computing mean and std.dev: (1, 3432)
[M::mem_pestat] mean and std.dev: (964.84, 672.54)
[M::mem_pestat] low and high boundaries for proper pairs: (1, 4415)
[M::mem_pestat] skip orientation FF
[M::mem_pestat] skip orientation RF
[M::mem_pestat] skip orientation RR
[M::mem_process_seqs] Processed 266668 reads in 599.547 CPU sec, 150.077 real sec
[M::process] read 266668 sequences (40000200 bp)...
[M::mem_pestat] # candidate unique pairs for (FF, FR, RF, RR): (35, 34486, 34, 28)
[M::mem_pestat] analyzing insert size distribution for orientation FF...
[M::mem_pestat] (25, 50, 75) percentile: (215, 720, 1942)
[M::mem_pestat] low and high boundaries for computing mean and std.dev: (1, 5396)
[M::mem_pestat] mean and std.dev: (1122.06, 1099.65)
[M::mem_pestat] low and high boundaries for proper pairs: (1, 7123)
[M::mem_pestat] analyzing insert size distribution for orientation FR...
[M::mem_pestat] (25, 50, 75) percentile: (504, 519, 545)
[M::mem_pestat] low and high boundaries for computing mean and std.dev: (422, 627)
[M::mem_pestat] mean and std.dev: (532.32, 28.98)
[M::mem_pestat] low and high boundaries for proper pairs: (381, 668)
[M::mem_pestat] analyzing insert size distribution for orientation RF...
[M::mem_pestat] (25, 50, 75) percentile: (255, 779, 3160)
[M::mem_pestat] low and high boundaries for computing mean and std.dev: (1, 8970)
[M::mem_pestat] mean and std.dev: (1900.19, 2398.34)
[M::mem_pestat] low and high boundaries for proper pairs: (1, 11875)
[M::mem_pestat] analyzing insert size distribution for orientation RR...
[M::mem_pestat] (25, 50, 75) percentile: (202, 1765, 3584)
[M::mem_pestat] low and high boundaries for computing mean and std.dev: (1, 10348)
[M::mem_pestat] mean and std.dev: (1856.75, 1711.96)
[M::mem_pestat] low and high boundaries for proper pairs: (1, 13730)
[M::mem_pestat] skip orientation FF
[M::mem_pestat] skip orientation RF
[M::mem_pestat] skip orientation RR
[M::mem_process_seqs] Processed 266668 reads in 598.313 CPU sec, 149.746 real sec
[M::process] read 266668 sequences (40000200 bp)...
[M::mem_pestat] # candidate unique pairs for (FF, FR, RF, RR): (35, 34506, 37, 30)
[M::mem_pestat] analyzing insert size distribution for orientation FF...
[M::mem_pestat] (25, 50, 75) percentile: (156, 583, 1272)
[M::mem_pestat] low and high boundaries for computing mean and std.dev: (1, 3504)
[M::mem_pestat] mean and std.dev: (817.15, 830.67)
[M::mem_pestat] low and high boundaries for proper pairs: (1, 4620)
[M::mem_pestat] analyzing insert size distribution for orientation FR...
[M::mem_pestat] (25, 50, 75) percentile: (504, 519, 545)
[M::mem_pestat] low and high boundaries for computing mean and std.dev: (422, 627)
[M::mem_pestat] mean and std.dev: (532.37, 29.22)
[M::mem_pestat] low and high boundaries for proper pairs: (381, 668)
[M::mem_pestat] analyzing insert size distribution for orientation RF...
[M::mem_pestat] (25, 50, 75) percentile: (665, 1823, 4440)
[M::mem_pestat] low and high boundaries for computing mean and std.dev: (1, 11990)
[M::mem_pestat] mean and std.dev: (2519.30, 2209.76)
[M::mem_pestat] low and high boundaries for proper pairs: (1, 15765)
[M::mem_pestat] analyzing insert size distribution for orientation RR...
[M::mem_pestat] (25, 50, 75) percentile: (186, 618, 1045)
[M::mem_pestat] low and high boundaries for computing mean and std.dev: (1, 2763)
[M::mem_pestat] mean and std.dev: (622.74, 477.29)
[M::mem_pestat] low and high boundaries for proper pairs: (1, 3622)
[M::mem_pestat] skip orientation FF
[M::mem_pestat] skip orientation RF
[M::mem_pestat] skip orientation RR
[M::mem_process_seqs] Processed 266668 reads in 606.675 CPU sec, 151.868 real sec
[M::process] read 266668 sequences (40000200 bp)...
[M::mem_pestat] # candidate unique pairs for (FF, FR, RF, RR): (21, 34571, 32, 16)
[M::mem_pestat] analyzing insert size distribution for orientation FF...
[M::mem_pestat] (25, 50, 75) percentile: (236, 800, 1694)
[M::mem_pestat] low and high boundaries for computing mean and std.dev: (1, 4610)
[M::mem_pestat] mean and std.dev: (1076.71, 1069.05)
[M::mem_pestat] low and high boundaries for proper pairs: (1, 6068)
[M::mem_pestat] analyzing insert size distribution for orientation FR...
[M::mem_pestat] (25, 50, 75) percentile: (504, 519, 545)
[M::mem_pestat] low and high boundaries for computing mean and std.dev: (422, 627)
[M::mem_pestat] mean and std.dev: (532.36, 28.88)
[M::mem_pestat] low and high boundaries for proper pairs: (381, 668)
[M::mem_pestat] analyzing insert size distribution for orientation RF...
[M::mem_pestat] (25, 50, 75) percentile: (71, 532, 2838)
[M::mem_pestat] low and high boundaries for computing mean and std.dev: (1, 8372)
[M::mem_pestat] mean and std.dev: (1561.06, 2045.07)
[M::mem_pestat] low and high boundaries for proper pairs: (1, 11139)
[M::mem_pestat] analyzing insert size distribution for orientation RR...
[M::mem_pestat] (25, 50, 75) percentile: (159, 2075, 3524)
[M::mem_pestat] low and high boundaries for computing mean and std.dev: (1, 10254)
[M::mem_pestat] mean and std.dev: (1975.88, 2023.36)
[M::mem_pestat] low and high boundaries for proper pairs: (1, 13619)
[M::mem_pestat] skip orientation FF
[M::mem_pestat] skip orientation RF
[M::mem_pestat] skip orientation RR
[M::mem_process_seqs] Processed 266668 reads in 600.956 CPU sec, 150.420 real sec
[M::process] read 266668 sequences (40000200 bp)...
[M::mem_pestat] # candidate unique pairs for (FF, FR, RF, RR): (26, 34280, 19, 32)
[M::mem_pestat] analyzing insert size distribution for orientation FF...
[M::mem_pestat] (25, 50, 75) percentile: (191, 906, 2291)
[M::mem_pestat] low and high boundaries for computing mean and std.dev: (1, 6491)
[M::mem_pestat] mean and std.dev: (1082.00, 1021.00)
[M::mem_pestat] low and high boundaries for proper pairs: (1, 8591)
[M::mem_pestat] analyzing insert size distribution for orientation FR...
[M::mem_pestat] (25, 50, 75) percentile: (504, 519, 545)
[M::mem_pestat] low and high boundaries for computing mean and std.dev: (422, 627)
[M::mem_pestat] mean and std.dev: (532.59, 29.12)
[M::mem_pestat] low and high boundaries for proper pairs: (381, 668)
[M::mem_pestat] analyzing insert size distribution for orientation RF...
[M::mem_pestat] (25, 50, 75) percentile: (1111, 2008, 3865)
[M::mem_pestat] low and high boundaries for computing mean and std.dev: (1, 9373)
[M::mem_pestat] mean and std.dev: (2372.32, 1900.42)
[M::mem_pestat] low and high boundaries for proper pairs: (1, 12127)
[M::mem_pestat] analyzing insert size distribution for orientation RR...
[M::mem_pestat] (25, 50, 75) percentile: (223, 742, 1758)
[M::mem_pestat] low and high boundaries for computing mean and std.dev: (1, 4828)
[M::mem_pestat] mean and std.dev: (1020.17, 1054.60)
[M::mem_pestat] low and high boundaries for proper pairs: (1, 6363)
[M::mem_pestat] skip orientation FF
[M::mem_pestat] skip orientation RF
[M::mem_pestat] skip orientation RR
[M::mem_process_seqs] Processed 266668 reads in 605.682 CPU sec, 151.630 real sec
[M::process] read 266668 sequences (40000200 bp)...
[M::mem_pestat] # candidate unique pairs for (FF, FR, RF, RR): (32, 34375, 27, 25)
[M::mem_pestat] analyzing insert size distribution for orientation FF...
[M::mem_pestat] (25, 50, 75) percentile: (150, 493, 1429)
[M::mem_pestat] low and high boundaries for computing mean and std.dev: (1, 3987)
[M::mem_pestat] mean and std.dev: (661.10, 702.50)
[M::mem_pestat] low and high boundaries for proper pairs: (1, 5266)
[M::mem_pestat] analyzing insert size distribution for orientation FR...
[M::mem_pestat] (25, 50, 75) percentile: (504, 519, 545)
[M::mem_pestat] low and high boundaries for computing mean and std.dev: (422, 627)
[M::mem_pestat] mean and std.dev: (532.31, 28.98)
[M::mem_pestat] low and high boundaries for proper pairs: (381, 668)
[M::mem_pestat] analyzing insert size distribution for orientation RF...
[M::mem_pestat] (25, 50, 75) percentile: (202, 1266, 3562)
[M::mem_pestat] low and high boundaries for computing mean and std.dev: (1, 10282)
[M::mem_pestat] mean and std.dev: (2261.11, 2545.24)
[M::mem_pestat] low and high boundaries for proper pairs: (1, 13642)
[M::mem_pestat] analyzing insert size distribution for orientation RR...
[M::mem_pestat] (25, 50, 75) percentile: (583, 896, 1452)
[M::mem_pestat] low and high boundaries for computing mean and std.dev: (1, 3190)
[M::mem_pestat] mean and std.dev: (968.09, 644.54)
[M::mem_pestat] low and high boundaries for proper pairs: (1, 4059)
[M::mem_pestat] skip orientation FF
[M::mem_pestat] skip orientation RF
[M::mem_pestat] skip orientation RR
[M::mem_process_seqs] Processed 266668 reads in 595.269 CPU sec, 149.011 real sec
[M::process] read 266668 sequences (40000200 bp)...
[M::mem_pestat] # candidate unique pairs for (FF, FR, RF, RR): (25, 34316, 31, 30)
[M::mem_pestat] analyzing insert size distribution for orientation FF...
[M::mem_pestat] (25, 50, 75) percentile: (252, 910, 1583)
[M::mem_pestat] low and high boundaries for computing mean and std.dev: (1, 4245)
[M::mem_pestat] mean and std.dev: (977.33, 872.33)
[M::mem_pestat] low and high boundaries for proper pairs: (1, 5576)
[M::mem_pestat] analyzing insert size distribution for orientation FR...
[M::mem_pestat] (25, 50, 75) percentile: (504, 520, 546)
[M::mem_pestat] low and high boundaries for computing mean and std.dev: (420, 630)
[M::mem_pestat] mean and std.dev: (533.07, 29.52)
[M::mem_pestat] low and high boundaries for proper pairs: (378, 672)
[M::mem_pestat] analyzing insert size distribution for orientation RF...
[M::mem_pestat] (25, 50, 75) percentile: (167, 693, 2847)
[M::mem_pestat] low and high boundaries for computing mean and std.dev: (1, 8207)
[M::mem_pestat] mean and std.dev: (1737.10, 2176.16)
[M::mem_pestat] low and high boundaries for proper pairs: (1, 10887)
[M::mem_pestat] analyzing insert size distribution for orientation RR...
[M::mem_pestat] (25, 50, 75) percentile: (125, 731, 1295)
[M::mem_pestat] low and high boundaries for computing mean and std.dev: (1, 3635)
[M::mem_pestat] mean and std.dev: (802.17, 637.01)
[M::mem_pestat] low and high boundaries for proper pairs: (1, 4805)
[M::mem_pestat] skip orientation FF
[M::mem_pestat] skip orientation RF
[M::mem_pestat] skip orientation RR
[M::mem_process_seqs] Processed 266668 reads in 597.530 CPU sec, 149.556 real sec
[M::process] read 266668 sequences (40000200 bp)...
[M::mem_pestat] # candidate unique pairs for (FF, FR, RF, RR): (30, 34534, 31, 45)
[M::mem_pestat] analyzing insert size distribution for orientation FF...
[M::mem_pestat] (25, 50, 75) percentile: (188, 847, 1576)
[M::mem_pestat] low and high boundaries for computing mean and std.dev: (1, 4352)
[M::mem_pestat] mean and std.dev: (710.12, 598.70)
[M::mem_pestat] low and high boundaries for proper pairs: (1, 5740)
[M::mem_pestat] analyzing insert size distribution for orientation FR...
[M::mem_pestat] (25, 50, 75) percentile: (504, 519, 545)
[M::mem_pestat] low and high boundaries for computing mean and std.dev: (422, 627)
[M::mem_pestat] mean and std.dev: (532.40, 29.26)
[M::mem_pestat] low and high boundaries for proper pairs: (381, 668)
[M::mem_pestat] analyzing insert size distribution for orientation RF...
[M::mem_pestat] (25, 50, 75) percentile: (312, 681, 2161)
[M::mem_pestat] low and high boundaries for computing mean and std.dev: (1, 5859)
[M::mem_pestat] mean and std.dev: (1373.97, 1483.15)
[M::mem_pestat] low and high boundaries for proper pairs: (1, 7708)
[M::mem_pestat] analyzing insert size distribution for orientation RR...
[M::mem_pestat] (25, 50, 75) percentile: (288, 918, 1879)
[M::mem_pestat] low and high boundaries for computing mean and std.dev: (1, 5061)
[M::mem_pestat] mean and std.dev: (1129.86, 953.51)
[M::mem_pestat] low and high boundaries for proper pairs: (1, 6652)
[M::mem_pestat] skip orientation FF
[M::mem_pestat] skip orientation RF
[M::mem_pestat] skip orientation RR
[M::mem_process_seqs] Processed 266668 reads in 604.673 CPU sec, 151.370 real sec
[M::process] read 266668 sequences (40000200 bp)...
[M::mem_pestat] # candidate unique pairs for (FF, FR, RF, RR): (26, 34404, 28, 27)
[M::mem_pestat] analyzing insert size distribution for orientation FF...
[M::mem_pestat] (25, 50, 75) percentile: (275, 966, 1971)
[M::mem_pestat] low and high boundaries for computing mean and std.dev: (1, 5363)
[M::mem_pestat] mean and std.dev: (1097.17, 1140.24)
[M::mem_pestat] low and high boundaries for proper pairs: (1, 7059)
[M::mem_pestat] analyzing insert size distribution for orientation FR...
[M::mem_pestat] (25, 50, 75) percentile: (504, 519, 546)
[M::mem_pestat] low and high boundaries for computing mean and std.dev: (420, 630)
[M::mem_pestat] mean and std.dev: (532.78, 29.64)
[M::mem_pestat] low and high boundaries for proper pairs: (378, 672)
[M::mem_pestat] analyzing insert size distribution for orientation RF...
[M::mem_pestat] (25, 50, 75) percentile: (162, 1044, 3013)
[M::mem_pestat] low and high boundaries for computing mean and std.dev: (1, 8715)
[M::mem_pestat] mean and std.dev: (1814.11, 2059.69)
[M::mem_pestat] low and high boundaries for proper pairs: (1, 11566)
[M::mem_pestat] analyzing insert size distribution for orientation RR...
[M::mem_pestat] (25, 50, 75) percentile: (383, 983, 1970)
[M::mem_pestat] low and high boundaries for computing mean and std.dev: (1, 5144)
[M::mem_pestat] mean and std.dev: (1290.27, 1258.80)
[M::mem_pestat] low and high boundaries for proper pairs: (1, 6731)
[M::mem_pestat] skip orientation FF
[M::mem_pestat] skip orientation RF
[M::mem_pestat] skip orientation RR
[M::mem_process_seqs] Processed 266668 reads in 601.465 CPU sec, 150.600 real sec
[M::process] read 266668 sequences (40000200 bp)...
[M::mem_pestat] # candidate unique pairs for (FF, FR, RF, RR): (34, 34187, 23, 23)
[M::mem_pestat] analyzing insert size distribution for orientation FF...
[M::mem_pestat] (25, 50, 75) percentile: (162, 334, 1150)
[M::mem_pestat] low and high boundaries for computing mean and std.dev: (1, 3126)
[M::mem_pestat] mean and std.dev: (771.00, 855.68)
[M::mem_pestat] low and high boundaries for proper pairs: (1, 4194)
[M::mem_pestat] analyzing insert size distribution for orientation FR...
[M::mem_pestat] (25, 50, 75) percentile: (504, 519, 545)
[M::mem_pestat] low and high boundaries for computing mean and std.dev: (422, 627)
[M::mem_pestat] mean and std.dev: (532.31, 28.97)
[M::mem_pestat] low and high boundaries for proper pairs: (381, 668)
[M::mem_pestat] analyzing insert size distribution for orientation RF...
[M::mem_pestat] (25, 50, 75) percentile: (338, 1842, 3008)
[M::mem_pestat] low and high boundaries for computing mean and std.dev: (1, 8348)
[M::mem_pestat] mean and std.dev: (1938.55, 1943.81)
[M::mem_pestat] low and high boundaries for proper pairs: (1, 11018)
[M::mem_pestat] analyzing insert size distribution for orientation RR...
[M::mem_pestat] (25, 50, 75) percentile: (449, 922, 2291)
[M::mem_pestat] low and high boundaries for computing mean and std.dev: (1, 5975)
[M::mem_pestat] mean and std.dev: (1343.91, 1176.25)
[M::mem_pestat] low and high boundaries for proper pairs: (1, 7817)
[M::mem_pestat] skip orientation FF
[M::mem_pestat] skip orientation RF
[M::mem_pestat] skip orientation RR
[M::mem_process_seqs] Processed 266668 reads in 610.749 CPU sec, 152.915 real sec
[M::process] read 266668 sequences (40000200 bp)...
[M::mem_pestat] # candidate unique pairs for (FF, FR, RF, RR): (30, 34306, 31, 30)
[M::mem_pestat] analyzing insert size distribution for orientation FF...
[M::mem_pestat] (25, 50, 75) percentile: (225, 538, 1462)
[M::mem_pestat] low and high boundaries for computing mean and std.dev: (1, 3936)
[M::mem_pestat] mean and std.dev: (780.50, 772.22)
[M::mem_pestat] low and high boundaries for proper pairs: (1, 5173)
[M::mem_pestat] analyzing insert size distribution for orientation FR...
[M::mem_pestat] (25, 50, 75) percentile: (504, 519, 546)
[M::mem_pestat] low and high boundaries for computing mean and std.dev: (420, 630)
[M::mem_pestat] mean and std.dev: (532.75, 29.48)
[M::mem_pestat] low and high boundaries for proper pairs: (378, 672)
[M::mem_pestat] analyzing insert size distribution for orientation RF...
[M::mem_pestat] (25, 50, 75) percentile: (392, 1052, 2597)
[M::mem_pestat] low and high boundaries for computing mean and std.dev: (1, 7007)
[M::mem_pestat] mean and std.dev: (1482.81, 1423.58)
[M::mem_pestat] low and high boundaries for proper pairs: (1, 9212)
[M::mem_pestat] analyzing insert size distribution for orientation RR...
[M::mem_pestat] (25, 50, 75) percentile: (673, 1107, 2024)
[M::mem_pestat] low and high boundaries for computing mean and std.dev: (1, 4726)
[M::mem_pestat] mean and std.dev: (1217.00, 994.39)
[M::mem_pestat] low and high boundaries for proper pairs: (1, 6077)
[M::mem_pestat] skip orientation FF
[M::mem_pestat] skip orientation RF
[M::mem_pestat] skip orientation RR
[M::mem_process_seqs] Processed 266668 reads in 600.087 CPU sec, 150.209 real sec
[M::process] read 266668 sequences (40000200 bp)...
[M::mem_pestat] # candidate unique pairs for (FF, FR, RF, RR): (48, 34480, 32, 28)
[M::mem_pestat] analyzing insert size distribution for orientation FF...
[M::mem_pestat] (25, 50, 75) percentile: (153, 589, 1342)
[M::mem_pestat] low and high boundaries for computing mean and std.dev: (1, 3720)
[M::mem_pestat] mean and std.dev: (767.93, 794.37)
[M::mem_pestat] low and high boundaries for proper pairs: (1, 4909)
[M::mem_pestat] analyzing insert size distribution for orientation FR...
[M::mem_pestat] (25, 50, 75) percentile: (504, 519, 546)
[M::mem_pestat] low and high boundaries for computing mean and std.dev: (420, 630)
[M::mem_pestat] mean and std.dev: (532.79, 29.32)
[M::mem_pestat] low and high boundaries for proper pairs: (378, 672)
[M::mem_pestat] analyzing insert size distribution for orientation RF...
[M::mem_pestat] (25, 50, 75) percentile: (507, 1372, 3023)
[M::mem_pestat] low and high boundaries for computing mean and std.dev: (1, 8055)
[M::mem_pestat] mean and std.dev: (1661.00, 1473.65)
[M::mem_pestat] low and high boundaries for proper pairs: (1, 10571)
[M::mem_pestat] analyzing insert size distribution for orientation RR...
[M::mem_pestat] (25, 50, 75) percentile: (188, 626, 1414)
[M::mem_pestat] low and high boundaries for computing mean and std.dev: (1, 3866)
[M::mem_pestat] mean and std.dev: (809.81, 799.98)
[M::mem_pestat] low and high boundaries for proper pairs: (1, 5092)
[M::mem_pestat] skip orientation FF
[M::mem_pestat] skip orientation RF
[M::mem_pestat] skip orientation RR
[M::mem_process_seqs] Processed 266668 reads in 594.208 CPU sec, 148.752 real sec
[M::process] read 266668 sequences (40000200 bp)...
[M::mem_pestat] # candidate unique pairs for (FF, FR, RF, RR): (33, 34237, 30, 32)
[M::mem_pestat] analyzing insert size distribution for orientation FF...
[M::mem_pestat] (25, 50, 75) percentile: (186, 502, 1085)
[M::mem_pestat] low and high boundaries for computing mean and std.dev: (1, 2883)
[M::mem_pestat] mean and std.dev: (667.10, 615.63)
[M::mem_pestat] low and high boundaries for proper pairs: (1, 3782)
[M::mem_pestat] analyzing insert size distribution for orientation FR...
[M::mem_pestat] (25, 50, 75) percentile: (504, 519, 546)
[M::mem_pestat] low and high boundaries for computing mean and std.dev: (420, 630)
[M::mem_pestat] mean and std.dev: (532.84, 29.48)
[M::mem_pestat] low and high boundaries for proper pairs: (378, 672)
[M::mem_pestat] analyzing insert size distribution for orientation RF...
[M::mem_pestat] (25, 50, 75) percentile: (578, 1329, 3476)
[M::mem_pestat] low and high boundaries for computing mean and std.dev: (1, 9272)
[M::mem_pestat] mean and std.dev: (2171.53, 2276.50)
[M::mem_pestat] low and high boundaries for proper pairs: (1, 12170)
[M::mem_pestat] analyzing insert size distribution for orientation RR...
[M::mem_pestat] (25, 50, 75) percentile: (176, 485, 1264)
[M::mem_pestat] low and high boundaries for computing mean and std.dev: (1, 3440)
[M::mem_pestat] mean and std.dev: (681.32, 666.80)
[M::mem_pestat] low and high boundaries for proper pairs: (1, 4528)
[M::mem_pestat] skip orientation FF
[M::mem_pestat] skip orientation RF
[M::mem_pestat] skip orientation RR
[M::mem_process_seqs] Processed 266668 reads in 600.851 CPU sec, 150.391 real sec
[M::process] read 266668 sequences (40000200 bp)...
[M::mem_pestat] # candidate unique pairs for (FF, FR, RF, RR): (32, 34435, 29, 32)
[M::mem_pestat] analyzing insert size distribution for orientation FF...
[M::mem_pestat] (25, 50, 75) percentile: (153, 368, 1057)
[M::mem_pestat] low and high boundaries for computing mean and std.dev: (1, 2865)
[M::mem_pestat] mean and std.dev: (587.00, 574.52)
[M::mem_pestat] low and high boundaries for proper pairs: (1, 3769)
[M::mem_pestat] analyzing insert size distribution for orientation FR...
[M::mem_pestat] (25, 50, 75) percentile: (504, 519, 546)
[M::mem_pestat] low and high boundaries for computing mean and std.dev: (420, 630)
[M::mem_pestat] mean and std.dev: (532.85, 29.58)
[M::mem_pestat] low and high boundaries for proper pairs: (378, 672)
[M::mem_pestat] analyzing insert size distribution for orientation RF...
[M::mem_pestat] (25, 50, 75) percentile: (447, 1510, 3659)
[M::mem_pestat] low and high boundaries for computing mean and std.dev: (1, 10083)
[M::mem_pestat] mean and std.dev: (2596.03, 2901.77)
[M::mem_pestat] low and high boundaries for proper pairs: (1, 14203)
[M::mem_pestat] analyzing insert size distribution for orientation RR...
[M::mem_pestat] (25, 50, 75) percentile: (199, 780, 1293)
[M::mem_pestat] low and high boundaries for computing mean and std.dev: (1, 3481)
[M::mem_pestat] mean and std.dev: (918.19, 942.13)
[M::mem_pestat] low and high boundaries for proper pairs: (1, 4687)
[M::mem_pestat] skip orientation FF
[M::mem_pestat] skip orientation RF
[M::mem_pestat] skip orientation RR
[M::mem_process_seqs] Processed 266668 reads in 600.436 CPU sec, 150.300 real sec
[M::process] read 266668 sequences (40000200 bp)...
[M::mem_pestat] # candidate unique pairs for (FF, FR, RF, RR): (24, 34678, 27, 26)
[M::mem_pestat] analyzing insert size distribution for orientation FF...
[M::mem_pestat] (25, 50, 75) percentile: (221, 874, 2083)
[M::mem_pestat] low and high boundaries for computing mean and std.dev: (1, 5807)
[M::mem_pestat] mean and std.dev: (992.61, 821.22)
[M::mem_pestat] low and high boundaries for proper pairs: (1, 7669)
[M::mem_pestat] analyzing insert size distribution for orientation FR...
[M::mem_pestat] (25, 50, 75) percentile: (504, 519, 545)
[M::mem_pestat] low and high boundaries for computing mean and std.dev: (422, 627)
[M::mem_pestat] mean and std.dev: (532.39, 29.00)
[M::mem_pestat] low and high boundaries for proper pairs: (381, 668)
[M::mem_pestat] analyzing insert size distribution for orientation RF...
[M::mem_pestat] (25, 50, 75) percentile: (642, 1176, 2338)
[M::mem_pestat] low and high boundaries for computing mean and std.dev: (1, 5730)
[M::mem_pestat] mean and std.dev: (1222.60, 1060.48)
[M::mem_pestat] low and high boundaries for proper pairs: (1, 7426)
[M::mem_pestat] analyzing insert size distribution for orientation RR...
[M::mem_pestat] (25, 50, 75) percentile: (142, 897, 1318)
[M::mem_pestat] low and high boundaries for computing mean and std.dev: (1, 3670)
[M::mem_pestat] mean and std.dev: (753.75, 595.34)
[M::mem_pestat] low and high boundaries for proper pairs: (1, 4846)
[M::mem_pestat] skip orientation FF
[M::mem_pestat] skip orientation RF
[M::mem_pestat] skip orientation RR
[M::mem_process_seqs] Processed 266668 reads in 593.865 CPU sec, 148.654 real sec
[M::process] read 266668 sequences (40000200 bp)...
[M::mem_pestat] # candidate unique pairs for (FF, FR, RF, RR): (38, 34510, 32, 36)
[M::mem_pestat] analyzing insert size distribution for orientation FF...
[M::mem_pestat] (25, 50, 75) percentile: (219, 555, 1061)
[M::mem_pestat] low and high boundaries for computing mean and std.dev: (1, 2745)
[M::mem_pestat] mean and std.dev: (576.65, 454.89)
[M::mem_pestat] low and high boundaries for proper pairs: (1, 3587)
[M::mem_pestat] analyzing insert size distribution for orientation FR...
[M::mem_pestat] (25, 50, 75) percentile: (504, 519, 545)
[M::mem_pestat] low and high boundaries for computing mean and std.dev: (422, 627)
[M::mem_pestat] mean and std.dev: (532.45, 28.94)
[M::mem_pestat] low and high boundaries for proper pairs: (381, 668)
[M::mem_pestat] analyzing insert size distribution for orientation RF...
[M::mem_pestat] (25, 50, 75) percentile: (185, 694, 2924)
[M::mem_pestat] low and high boundaries for computing mean and std.dev: (1, 8402)
[M::mem_pestat] mean and std.dev: (1544.84, 1620.79)
[M::mem_pestat] low and high boundaries for proper pairs: (1, 11141)
[M::mem_pestat] analyzing insert size distribution for orientation RR...
[M::mem_pestat] (25, 50, 75) percentile: (191, 679, 1583)
[M::mem_pestat] low and high boundaries for computing mean and std.dev: (1, 4367)
[M::mem_pestat] mean and std.dev: (916.88, 1016.53)
[M::mem_pestat] low and high boundaries for proper pairs: (1, 5759)
[M::mem_pestat] skip orientation FF
[M::mem_pestat] skip orientation RF
[M::mem_pestat] skip orientation RR
[M::mem_process_seqs] Processed 266668 reads in 595.548 CPU sec, 149.079 real sec
[M::process] read 266668 sequences (40000200 bp)...
[M::mem_pestat] # candidate unique pairs for (FF, FR, RF, RR): (40, 34683, 26, 40)
[M::mem_pestat] analyzing insert size distribution for orientation FF...
[M::mem_pestat] (25, 50, 75) percentile: (181, 493, 1125)
[M::mem_pestat] low and high boundaries for computing mean and std.dev: (1, 3013)
[M::mem_pestat] mean and std.dev: (650.30, 589.12)
[M::mem_pestat] low and high boundaries for proper pairs: (1, 3957)
[M::mem_pestat] analyzing insert size distribution for orientation FR...
[M::mem_pestat] (25, 50, 75) percentile: (504, 519, 546)
[M::mem_pestat] low and high boundaries for computing mean and std.dev: (420, 630)
[M::mem_pestat] mean and std.dev: (532.66, 29.45)
[M::mem_pestat] low and high boundaries for proper pairs: (378, 672)
[M::mem_pestat] analyzing insert size distribution for orientation RF...
[M::mem_pestat] (25, 50, 75) percentile: (272, 1326, 3108)
[M::mem_pestat] low and high boundaries for computing mean and std.dev: (1, 8780)
[M::mem_pestat] mean and std.dev: (1678.36, 1541.72)
[M::mem_pestat] low and high boundaries for proper pairs: (1, 11616)
[M::mem_pestat] analyzing insert size distribution for orientation RR...
[M::mem_pestat] (25, 50, 75) percentile: (180, 665, 1272)
[M::mem_pestat] low and high boundaries for computing mean and std.dev: (1, 3456)
[M::mem_pestat] mean and std.dev: (687.08, 626.19)
[M::mem_pestat] low and high boundaries for proper pairs: (1, 4548)
[M::mem_pestat] skip orientation FF
[M::mem_pestat] skip orientation RF
[M::mem_pestat] skip orientation RR
[M::mem_process_seqs] Processed 266668 reads in 594.079 CPU sec, 148.740 real sec
[M::process] read 266668 sequences (40000200 bp)...
[M::mem_pestat] # candidate unique pairs for (FF, FR, RF, RR): (34, 34405, 40, 34)
[M::mem_pestat] analyzing insert size distribution for orientation FF...
[M::mem_pestat] (25, 50, 75) percentile: (180, 543, 1357)
[M::mem_pestat] low and high boundaries for computing mean and std.dev: (1, 3711)
[M::mem_pestat] mean and std.dev: (776.06, 815.76)
[M::mem_pestat] low and high boundaries for proper pairs: (1, 4888)
[M::mem_pestat] analyzing insert size distribution for orientation FR...
[M::mem_pestat] (25, 50, 75) percentile: (504, 519, 545)
[M::mem_pestat] low and high boundaries for computing mean and std.dev: (422, 627)
[M::mem_pestat] mean and std.dev: (532.27, 28.91)
[M::mem_pestat] low and high boundaries for proper pairs: (381, 668)
[M::mem_pestat] analyzing insert size distribution for orientation RF...
[M::mem_pestat] (25, 50, 75) percentile: (97, 1993, 2614)
[M::mem_pestat] low and high boundaries for computing mean and std.dev: (1, 7648)
[M::mem_pestat] mean and std.dev: (1393.55, 1286.45)
[M::mem_pestat] low and high boundaries for proper pairs: (1, 10165)
[M::mem_pestat] analyzing insert size distribution for orientation RR...
[M::mem_pestat] (25, 50, 75) percentile: (205, 548, 1679)
[M::mem_pestat] low and high boundaries for computing mean and std.dev: (1, 4627)
[M::mem_pestat] mean and std.dev: (866.69, 898.15)
[M::mem_pestat] low and high boundaries for proper pairs: (1, 6101)
[M::mem_pestat] skip orientation FF
[M::mem_pestat] skip orientation RF
[M::mem_pestat] skip orientation RR
[M::mem_process_seqs] Processed 266668 reads in 592.568 CPU sec, 148.329 real sec
[M::process] read 11082 sequences (1662300 bp)...
[M::mem_pestat] # candidate unique pairs for (FF, FR, RF, RR): (29, 34506, 31, 34)
[M::mem_pestat] analyzing insert size distribution for orientation FF...
[M::mem_pestat] (25, 50, 75) percentile: (175, 787, 1963)
[M::mem_pestat] low and high boundaries for computing mean and std.dev: (1, 5539)
[M::mem_pestat] mean and std.dev: (1048.89, 1023.86)
[M::mem_pestat] low and high boundaries for proper pairs: (1, 7327)
[M::mem_pestat] analyzing insert size distribution for orientation FR...
[M::mem_pestat] (25, 50, 75) percentile: (504, 519, 545)
[M::mem_pestat] low and high boundaries for computing mean and std.dev: (422, 627)
[M::mem_pestat] mean and std.dev: (532.46, 29.00)
[M::mem_pestat] low and high boundaries for proper pairs: (381, 668)
[M::mem_pestat] analyzing insert size distribution for orientation RF...
[M::mem_pestat] (25, 50, 75) percentile: (655, 1333, 2689)
[M::mem_pestat] low and high boundaries for computing mean and std.dev: (1, 6757)
[M::mem_pestat] mean and std.dev: (1495.55, 1134.26)
[M::mem_pestat] low and high boundaries for proper pairs: (1, 8791)
[M::mem_pestat] analyzing insert size distribution for orientation RR...
[M::mem_pestat] (25, 50, 75) percentile: (189, 409, 1232)
[M::mem_pestat] low and high boundaries for computing mean and std.dev: (1, 3318)
[M::mem_pestat] mean and std.dev: (654.32, 625.87)
[M::mem_pestat] low and high boundaries for proper pairs: (1, 4361)
[M::mem_pestat] skip orientation FF
[M::mem_pestat] skip orientation RF
[M::mem_pestat] skip orientation RR
[M::mem_process_seqs] Processed 266668 reads in 601.692 CPU sec, 150.601 real sec
[M::mem_pestat] # candidate unique pairs for (FF, FR, RF, RR): (2, 1467, 1, 1)
[M::mem_pestat] skip orientation FF as there are not enough pairs
[M::mem_pestat] analyzing insert size distribution for orientation FR...
[M::mem_pestat] (25, 50, 75) percentile: (503, 520, 546)
[M::mem_pestat] low and high boundaries for computing mean and std.dev: (417, 632)
[M::mem_pestat] mean and std.dev: (534.13, 29.86)
[M::mem_pestat] low and high boundaries for proper pairs: (374, 675)
[M::mem_pestat] skip orientation RF as there are not enough pairs
[M::mem_pestat] skip orientation RR as there are not enough pairs
[M::mem_process_seqs] Processed 11082 reads in 28.795 CPU sec, 7.220 real sec
[main] Version: 0.7.17-r1188
[main] CMD: bwa mem -t 4 -a /mnt/raid6/bacphagenetwork/data/bwa_index/Homo_sapiens.GRCh38.dna.toplevel.fa /mnt/raid6/bacphagenetwork/data/skin_metagenome/Beijing/02_rm_host/BJ065_1.fastq.gz /mnt/raid6/bacphagenetwork/data/skin_metagenome/Beijing/02_rm_host/BJ065_2.fastq.gz
[main] Real time: 5878.323 sec; CPU: 23463.730 sec
