/home/bacphagenetwork/.bashrc: line 15: Custom: command not found
[M::bwa_idx_load_from_disk] read 0 ALT contigs
[M::process] read 266668 sequences (40000200 bp)...
[M::process] read 266668 sequences (40000200 bp)...
[M::mem_pestat] # candidate unique pairs for (FF, FR, RF, RR): (15, 12648, 9, 18)
[M::mem_pestat] analyzing insert size distribution for orientation FF...
[M::mem_pestat] (25, 50, 75) percentile: (231, 660, 1361)
[M::mem_pestat] low and high boundaries for computing mean and std.dev: (1, 3621)
[M::mem_pestat] mean and std.dev: (939.20, 916.74)
[M::mem_pestat] low and high boundaries for proper pairs: (1, 4751)
[M::mem_pestat] analyzing insert size distribution for orientation FR...
[M::mem_pestat] (25, 50, 75) percentile: (368, 513, 538)
[M::mem_pestat] low and high boundaries for computing mean and std.dev: (28, 878)
[M::mem_pestat] mean and std.dev: (452.72, 147.22)
[M::mem_pestat] low and high boundaries for proper pairs: (1, 1048)
[M::mem_pestat] skip orientation RF as there are not enough pairs
[M::mem_pestat] analyzing insert size distribution for orientation RR...
[M::mem_pestat] (25, 50, 75) percentile: (274, 998, 1502)
[M::mem_pestat] low and high boundaries for computing mean and std.dev: (1, 3958)
[M::mem_pestat] mean and std.dev: (844.50, 582.85)
[M::mem_pestat] low and high boundaries for proper pairs: (1, 5186)
[M::mem_pestat] skip orientation FF
[M::mem_pestat] skip orientation RR
[M::mem_process_seqs] Processed 266668 reads in 312.048 CPU sec, 78.306 real sec
[M::process] read 266668 sequences (40000200 bp)...
[M::mem_pestat] # candidate unique pairs for (FF, FR, RF, RR): (19, 12501, 4, 12)
[M::mem_pestat] analyzing insert size distribution for orientation FF...
[M::mem_pestat] (25, 50, 75) percentile: (209, 467, 1070)
[M::mem_pestat] low and high boundaries for computing mean and std.dev: (1, 2792)
[M::mem_pestat] mean and std.dev: (593.82, 583.14)
[M::mem_pestat] low and high boundaries for proper pairs: (1, 3653)
[M::mem_pestat] analyzing insert size distribution for orientation FR...
[M::mem_pestat] (25, 50, 75) percentile: (355, 512, 536)
[M::mem_pestat] low and high boundaries for computing mean and std.dev: (1, 898)
[M::mem_pestat] mean and std.dev: (448.38, 148.15)
[M::mem_pestat] low and high boundaries for proper pairs: (1, 1079)
[M::mem_pestat] skip orientation RF as there are not enough pairs
[M::mem_pestat] analyzing insert size distribution for orientation RR...
[M::mem_pestat] (25, 50, 75) percentile: (578, 898, 2404)
[M::mem_pestat] low and high boundaries for computing mean and std.dev: (1, 6056)
[M::mem_pestat] mean and std.dev: (1290.17, 1067.88)
[M::mem_pestat] low and high boundaries for proper pairs: (1, 7882)
[M::mem_pestat] skip orientation FF
[M::mem_pestat] skip orientation RR
[M::mem_process_seqs] Processed 266668 reads in 322.782 CPU sec, 81.139 real sec
[M::process] read 266668 sequences (40000200 bp)...
[M::mem_pestat] # candidate unique pairs for (FF, FR, RF, RR): (23, 12640, 1, 17)
[M::mem_pestat] analyzing insert size distribution for orientation FF...
[M::mem_pestat] (25, 50, 75) percentile: (203, 259, 1110)
[M::mem_pestat] low and high boundaries for computing mean and std.dev: (1, 2924)
[M::mem_pestat] mean and std.dev: (460.10, 478.03)
[M::mem_pestat] low and high boundaries for proper pairs: (1, 3831)
[M::mem_pestat] analyzing insert size distribution for orientation FR...
[M::mem_pestat] (25, 50, 75) percentile: (360, 512, 537)
[M::mem_pestat] low and high boundaries for computing mean and std.dev: (6, 891)
[M::mem_pestat] mean and std.dev: (449.69, 149.58)
[M::mem_pestat] low and high boundaries for proper pairs: (1, 1068)
[M::mem_pestat] skip orientation RF as there are not enough pairs
[M::mem_pestat] analyzing insert size distribution for orientation RR...
[M::mem_pestat] (25, 50, 75) percentile: (443, 853, 1356)
[M::mem_pestat] low and high boundaries for computing mean and std.dev: (1, 3182)
[M::mem_pestat] mean and std.dev: (844.44, 584.20)
[M::mem_pestat] low and high boundaries for proper pairs: (1, 4095)
[M::mem_pestat] skip orientation FF
[M::mem_pestat] skip orientation RR
[M::mem_process_seqs] Processed 266668 reads in 321.491 CPU sec, 80.794 real sec
[M::process] read 266668 sequences (40000200 bp)...
[M::mem_pestat] # candidate unique pairs for (FF, FR, RF, RR): (19, 12602, 3, 9)
[M::mem_pestat] analyzing insert size distribution for orientation FF...
[M::mem_pestat] (25, 50, 75) percentile: (186, 663, 2687)
[M::mem_pestat] low and high boundaries for computing mean and std.dev: (1, 7689)
[M::mem_pestat] mean and std.dev: (1570.00, 1855.53)
[M::mem_pestat] low and high boundaries for proper pairs: (1, 10190)
[M::mem_pestat] analyzing insert size distribution for orientation FR...
[M::mem_pestat] (25, 50, 75) percentile: (350, 512, 537)
[M::mem_pestat] low and high boundaries for computing mean and std.dev: (1, 911)
[M::mem_pestat] mean and std.dev: (447.78, 149.84)
[M::mem_pestat] low and high boundaries for proper pairs: (1, 1098)
[M::mem_pestat] skip orientation RF as there are not enough pairs
[M::mem_pestat] skip orientation RR as there are not enough pairs
[M::mem_pestat] skip orientation FF
[M::mem_process_seqs] Processed 266668 reads in 317.855 CPU sec, 79.988 real sec
[M::process] read 266668 sequences (40000200 bp)...
[M::mem_pestat] # candidate unique pairs for (FF, FR, RF, RR): (17, 12596, 11, 23)
[M::mem_pestat] analyzing insert size distribution for orientation FF...
[M::mem_pestat] (25, 50, 75) percentile: (179, 684, 2025)
[M::mem_pestat] low and high boundaries for computing mean and std.dev: (1, 5717)
[M::mem_pestat] mean and std.dev: (1155.53, 1251.43)
[M::mem_pestat] low and high boundaries for proper pairs: (1, 7563)
[M::mem_pestat] analyzing insert size distribution for orientation FR...
[M::mem_pestat] (25, 50, 75) percentile: (345, 511, 536)
[M::mem_pestat] low and high boundaries for computing mean and std.dev: (1, 918)
[M::mem_pestat] mean and std.dev: (446.11, 149.49)
[M::mem_pestat] low and high boundaries for proper pairs: (1, 1109)
[M::mem_pestat] analyzing insert size distribution for orientation RF...
[M::mem_pestat] (25, 50, 75) percentile: (100, 134, 1629)
[M::mem_pestat] low and high boundaries for computing mean and std.dev: (1, 4687)
[M::mem_pestat] mean and std.dev: (583.20, 750.09)
[M::mem_pestat] low and high boundaries for proper pairs: (1, 6216)
[M::mem_pestat] analyzing insert size distribution for orientation RR...
[M::mem_pestat] (25, 50, 75) percentile: (562, 986, 1755)
[M::mem_pestat] low and high boundaries for computing mean and std.dev: (1, 4141)
[M::mem_pestat] mean and std.dev: (1212.09, 908.63)
[M::mem_pestat] low and high boundaries for proper pairs: (1, 5334)
[M::mem_pestat] skip orientation FF
[M::mem_pestat] skip orientation RF
[M::mem_pestat] skip orientation RR
[M::mem_process_seqs] Processed 266668 reads in 329.125 CPU sec, 82.848 real sec
[M::process] read 266668 sequences (40000200 bp)...
[M::mem_pestat] # candidate unique pairs for (FF, FR, RF, RR): (18, 12629, 1, 23)
[M::mem_pestat] analyzing insert size distribution for orientation FF...
[M::mem_pestat] (25, 50, 75) percentile: (145, 651, 1108)
[M::mem_pestat] low and high boundaries for computing mean and std.dev: (1, 3034)
[M::mem_pestat] mean and std.dev: (722.47, 780.84)
[M::mem_pestat] low and high boundaries for proper pairs: (1, 3997)
[M::mem_pestat] analyzing insert size distribution for orientation FR...
[M::mem_pestat] (25, 50, 75) percentile: (364, 513, 537)
[M::mem_pestat] low and high boundaries for computing mean and std.dev: (18, 883)
[M::mem_pestat] mean and std.dev: (451.11, 148.11)
[M::mem_pestat] low and high boundaries for proper pairs: (1, 1056)
[M::mem_pestat] skip orientation RF as there are not enough pairs
[M::mem_pestat] analyzing insert size distribution for orientation RR...
[M::mem_pestat] (25, 50, 75) percentile: (648, 1060, 1884)
[M::mem_pestat] low and high boundaries for computing mean and std.dev: (1, 4356)
[M::mem_pestat] mean and std.dev: (1162.48, 936.33)
[M::mem_pestat] low and high boundaries for proper pairs: (1, 5592)
[M::mem_pestat] skip orientation FF
[M::mem_pestat] skip orientation RR
[M::mem_process_seqs] Processed 266668 reads in 321.184 CPU sec, 80.654 real sec
[M::process] read 266668 sequences (40000200 bp)...
[M::mem_pestat] # candidate unique pairs for (FF, FR, RF, RR): (29, 12601, 5, 15)
[M::mem_pestat] analyzing insert size distribution for orientation FF...
[M::mem_pestat] (25, 50, 75) percentile: (215, 648, 1081)
[M::mem_pestat] low and high boundaries for computing mean and std.dev: (1, 2813)
[M::mem_pestat] mean and std.dev: (764.55, 615.77)
[M::mem_pestat] low and high boundaries for proper pairs: (1, 3679)
[M::mem_pestat] analyzing insert size distribution for orientation FR...
[M::mem_pestat] (25, 50, 75) percentile: (353, 512, 537)
[M::mem_pestat] low and high boundaries for computing mean and std.dev: (1, 905)
[M::mem_pestat] mean and std.dev: (448.21, 149.10)
[M::mem_pestat] low and high boundaries for proper pairs: (1, 1089)
[M::mem_pestat] skip orientation RF as there are not enough pairs
[M::mem_pestat] analyzing insert size distribution for orientation RR...
[M::mem_pestat] (25, 50, 75) percentile: (449, 1006, 2753)
[M::mem_pestat] low and high boundaries for computing mean and std.dev: (1, 7361)
[M::mem_pestat] mean and std.dev: (1515.33, 1402.17)
[M::mem_pestat] low and high boundaries for proper pairs: (1, 9665)
[M::mem_pestat] skip orientation FF
[M::mem_pestat] skip orientation RR
[M::mem_process_seqs] Processed 266668 reads in 320.446 CPU sec, 80.406 real sec
[M::process] read 266668 sequences (40000200 bp)...
[M::mem_pestat] # candidate unique pairs for (FF, FR, RF, RR): (23, 12462, 4, 18)
[M::mem_pestat] analyzing insert size distribution for orientation FF...
[M::mem_pestat] (25, 50, 75) percentile: (204, 446, 678)
[M::mem_pestat] low and high boundaries for computing mean and std.dev: (1, 1626)
[M::mem_pestat] mean and std.dev: (434.48, 309.72)
[M::mem_pestat] low and high boundaries for proper pairs: (1, 2100)
[M::mem_pestat] analyzing insert size distribution for orientation FR...
[M::mem_pestat] (25, 50, 75) percentile: (353, 512, 536)
[M::mem_pestat] low and high boundaries for computing mean and std.dev: (1, 902)
[M::mem_pestat] mean and std.dev: (447.67, 148.88)
[M::mem_pestat] low and high boundaries for proper pairs: (1, 1085)
[M::mem_pestat] skip orientation RF as there are not enough pairs
[M::mem_pestat] analyzing insert size distribution for orientation RR...
[M::mem_pestat] (25, 50, 75) percentile: (197, 1081, 1760)
[M::mem_pestat] low and high boundaries for computing mean and std.dev: (1, 4886)
[M::mem_pestat] mean and std.dev: (1219.67, 1071.47)
[M::mem_pestat] low and high boundaries for proper pairs: (1, 6449)
[M::mem_pestat] skip orientation FF
[M::mem_pestat] skip orientation RR
[M::mem_process_seqs] Processed 266668 reads in 328.621 CPU sec, 82.707 real sec
[M::process] read 266668 sequences (40000200 bp)...
[M::mem_pestat] # candidate unique pairs for (FF, FR, RF, RR): (19, 12546, 5, 16)
[M::mem_pestat] analyzing insert size distribution for orientation FF...
[M::mem_pestat] (25, 50, 75) percentile: (178, 278, 801)
[M::mem_pestat] low and high boundaries for computing mean and std.dev: (1, 2047)
[M::mem_pestat] mean and std.dev: (423.59, 376.61)
[M::mem_pestat] low and high boundaries for proper pairs: (1, 2670)
[M::mem_pestat] analyzing insert size distribution for orientation FR...
[M::mem_pestat] (25, 50, 75) percentile: (351, 512, 538)
[M::mem_pestat] low and high boundaries for computing mean and std.dev: (1, 912)
[M::mem_pestat] mean and std.dev: (448.70, 149.59)
[M::mem_pestat] low and high boundaries for proper pairs: (1, 1099)
[M::mem_pestat] skip orientation RF as there are not enough pairs
[M::mem_pestat] analyzing insert size distribution for orientation RR...
[M::mem_pestat] (25, 50, 75) percentile: (506, 1131, 1462)
[M::mem_pestat] low and high boundaries for computing mean and std.dev: (1, 3374)
[M::mem_pestat] mean and std.dev: (1019.73, 804.46)
[M::mem_pestat] low and high boundaries for proper pairs: (1, 4330)
[M::mem_pestat] skip orientation FF
[M::mem_pestat] skip orientation RR
[M::mem_process_seqs] Processed 266668 reads in 319.711 CPU sec, 80.784 real sec
[M::process] read 266668 sequences (40000200 bp)...
[M::mem_pestat] # candidate unique pairs for (FF, FR, RF, RR): (19, 12479, 6, 13)
[M::mem_pestat] analyzing insert size distribution for orientation FF...
[M::mem_pestat] (25, 50, 75) percentile: (257, 779, 3149)
[M::mem_pestat] low and high boundaries for computing mean and std.dev: (1, 8933)
[M::mem_pestat] mean and std.dev: (1411.28, 1592.24)
[M::mem_pestat] low and high boundaries for proper pairs: (1, 11825)
[M::mem_pestat] analyzing insert size distribution for orientation FR...
[M::mem_pestat] (25, 50, 75) percentile: (345, 512, 536)
[M::mem_pestat] low and high boundaries for computing mean and std.dev: (1, 918)
[M::mem_pestat] mean and std.dev: (445.65, 150.95)
[M::mem_pestat] low and high boundaries for proper pairs: (1, 1109)
[M::mem_pestat] skip orientation RF as there are not enough pairs
[M::mem_pestat] analyzing insert size distribution for orientation RR...
[M::mem_pestat] (25, 50, 75) percentile: (284, 852, 2545)
[M::mem_pestat] low and high boundaries for computing mean and std.dev: (1, 7067)
[M::mem_pestat] mean and std.dev: (1558.46, 1711.26)
[M::mem_pestat] low and high boundaries for proper pairs: (1, 9328)
[M::mem_pestat] skip orientation FF
[M::mem_pestat] skip orientation RR
[M::mem_process_seqs] Processed 266668 reads in 327.953 CPU sec, 82.619 real sec
[M::process] read 266668 sequences (40000200 bp)...
[M::mem_pestat] # candidate unique pairs for (FF, FR, RF, RR): (18, 12720, 4, 15)
[M::mem_pestat] analyzing insert size distribution for orientation FF...
[M::mem_pestat] (25, 50, 75) percentile: (183, 520, 875)
[M::mem_pestat] low and high boundaries for computing mean and std.dev: (1, 2259)
[M::mem_pestat] mean and std.dev: (477.94, 381.35)
[M::mem_pestat] low and high boundaries for proper pairs: (1, 2951)
[M::mem_pestat] analyzing insert size distribution for orientation FR...
[M::mem_pestat] (25, 50, 75) percentile: (361, 512, 537)
[M::mem_pestat] low and high boundaries for computing mean and std.dev: (9, 889)
[M::mem_pestat] mean and std.dev: (450.53, 147.72)
[M::mem_pestat] low and high boundaries for proper pairs: (1, 1065)
[M::mem_pestat] skip orientation RF as there are not enough pairs
[M::mem_pestat] analyzing insert size distribution for orientation RR...
[M::mem_pestat] (25, 50, 75) percentile: (561, 1014, 1548)
[M::mem_pestat] low and high boundaries for computing mean and std.dev: (1, 3522)
[M::mem_pestat] mean and std.dev: (1105.00, 735.96)
[M::mem_pestat] low and high boundaries for proper pairs: (1, 4509)
[M::mem_pestat] skip orientation FF
[M::mem_pestat] skip orientation RR
[M::mem_process_seqs] Processed 266668 reads in 320.456 CPU sec, 80.883 real sec
[M::process] read 266668 sequences (40000200 bp)...
[M::mem_pestat] # candidate unique pairs for (FF, FR, RF, RR): (16, 12768, 11, 16)
[M::mem_pestat] analyzing insert size distribution for orientation FF...
[M::mem_pestat] (25, 50, 75) percentile: (214, 504, 944)
[M::mem_pestat] low and high boundaries for computing mean and std.dev: (1, 2404)
[M::mem_pestat] mean and std.dev: (585.69, 489.00)
[M::mem_pestat] low and high boundaries for proper pairs: (1, 3134)
[M::mem_pestat] analyzing insert size distribution for orientation FR...
[M::mem_pestat] (25, 50, 75) percentile: (366, 512, 537)
[M::mem_pestat] low and high boundaries for computing mean and std.dev: (24, 879)
[M::mem_pestat] mean and std.dev: (451.97, 145.99)
[M::mem_pestat] low and high boundaries for proper pairs: (1, 1050)
[M::mem_pestat] analyzing insert size distribution for orientation RF...
[M::mem_pestat] (25, 50, 75) percentile: (623, 1448, 2100)
[M::mem_pestat] low and high boundaries for computing mean and std.dev: (1, 5054)
[M::mem_pestat] mean and std.dev: (1548.18, 1446.22)
[M::mem_pestat] low and high boundaries for proper pairs: (1, 7333)
[M::mem_pestat] analyzing insert size distribution for orientation RR...
[M::mem_pestat] (25, 50, 75) percentile: (498, 981, 1710)
[M::mem_pestat] low and high boundaries for computing mean and std.dev: (1, 4134)
[M::mem_pestat] mean and std.dev: (1215.56, 1022.30)
[M::mem_pestat] low and high boundaries for proper pairs: (1, 5346)
[M::mem_pestat] skip orientation FF
[M::mem_pestat] skip orientation RF
[M::mem_pestat] skip orientation RR
[M::mem_process_seqs] Processed 266668 reads in 324.641 CPU sec, 81.478 real sec
[M::process] read 266668 sequences (40000200 bp)...
[M::mem_pestat] # candidate unique pairs for (FF, FR, RF, RR): (15, 12492, 5, 14)
[M::mem_pestat] analyzing insert size distribution for orientation FF...
[M::mem_pestat] (25, 50, 75) percentile: (219, 253, 1016)
[M::mem_pestat] low and high boundaries for computing mean and std.dev: (1, 2610)
[M::mem_pestat] mean and std.dev: (678.80, 658.77)
[M::mem_pestat] low and high boundaries for proper pairs: (1, 3407)
[M::mem_pestat] analyzing insert size distribution for orientation FR...
[M::mem_pestat] (25, 50, 75) percentile: (360, 512, 537)
[M::mem_pestat] low and high boundaries for computing mean and std.dev: (6, 891)
[M::mem_pestat] mean and std.dev: (449.73, 148.09)
[M::mem_pestat] low and high boundaries for proper pairs: (1, 1068)
[M::mem_pestat] skip orientation RF as there are not enough pairs
[M::mem_pestat] analyzing insert size distribution for orientation RR...
[M::mem_pestat] (25, 50, 75) percentile: (269, 843, 1356)
[M::mem_pestat] low and high boundaries for computing mean and std.dev: (1, 3530)
[M::mem_pestat] mean and std.dev: (799.58, 678.01)
[M::mem_pestat] low and high boundaries for proper pairs: (1, 4617)
[M::mem_pestat] skip orientation FF
[M::mem_pestat] skip orientation RR
[M::mem_process_seqs] Processed 266668 reads in 329.603 CPU sec, 82.623 real sec
[M::process] read 266668 sequences (40000200 bp)...
[M::mem_pestat] # candidate unique pairs for (FF, FR, RF, RR): (18, 12864, 4, 9)
[M::mem_pestat] analyzing insert size distribution for orientation FF...
[M::mem_pestat] (25, 50, 75) percentile: (158, 546, 867)
[M::mem_pestat] low and high boundaries for computing mean and std.dev: (1, 2285)
[M::mem_pestat] mean and std.dev: (474.59, 383.23)
[M::mem_pestat] low and high boundaries for proper pairs: (1, 2994)
[M::mem_pestat] analyzing insert size distribution for orientation FR...
[M::mem_pestat] (25, 50, 75) percentile: (360, 512, 538)
[M::mem_pestat] low and high boundaries for computing mean and std.dev: (4, 894)
[M::mem_pestat] mean and std.dev: (450.80, 148.53)
[M::mem_pestat] low and high boundaries for proper pairs: (1, 1072)
[M::mem_pestat] skip orientation RF as there are not enough pairs
[M::mem_pestat] skip orientation RR as there are not enough pairs
[M::mem_pestat] skip orientation FF
[M::mem_process_seqs] Processed 266668 reads in 319.333 CPU sec, 80.138 real sec
[M::process] read 266668 sequences (40000200 bp)...
[M::mem_pestat] # candidate unique pairs for (FF, FR, RF, RR): (30, 12640, 4, 21)
[M::mem_pestat] analyzing insert size distribution for orientation FF...
[M::mem_pestat] (25, 50, 75) percentile: (114, 241, 1217)
[M::mem_pestat] low and high boundaries for computing mean and std.dev: (1, 3423)
[M::mem_pestat] mean and std.dev: (646.46, 843.08)
[M::mem_pestat] low and high boundaries for proper pairs: (1, 4526)
[M::mem_pestat] analyzing insert size distribution for orientation FR...
[M::mem_pestat] (25, 50, 75) percentile: (369, 513, 538)
[M::mem_pestat] low and high boundaries for computing mean and std.dev: (31, 876)
[M::mem_pestat] mean and std.dev: (453.12, 146.69)
[M::mem_pestat] low and high boundaries for proper pairs: (1, 1045)
[M::mem_pestat] skip orientation RF as there are not enough pairs
[M::mem_pestat] analyzing insert size distribution for orientation RR...
[M::mem_pestat] (25, 50, 75) percentile: (498, 1225, 2170)
[M::mem_pestat] low and high boundaries for computing mean and std.dev: (1, 5514)
[M::mem_pestat] mean and std.dev: (1285.85, 1044.80)
[M::mem_pestat] low and high boundaries for proper pairs: (1, 7186)
[M::mem_pestat] skip orientation FF
[M::mem_pestat] skip orientation RR
[M::mem_process_seqs] Processed 266668 reads in 321.758 CPU sec, 81.023 real sec
[M::process] read 266668 sequences (40000200 bp)...
[M::mem_pestat] # candidate unique pairs for (FF, FR, RF, RR): (23, 12809, 6, 13)
[M::mem_pestat] analyzing insert size distribution for orientation FF...
[M::mem_pestat] (25, 50, 75) percentile: (139, 774, 2544)
[M::mem_pestat] low and high boundaries for computing mean and std.dev: (1, 7354)
[M::mem_pestat] mean and std.dev: (1231.23, 1282.47)
[M::mem_pestat] low and high boundaries for proper pairs: (1, 9759)
[M::mem_pestat] analyzing insert size distribution for orientation FR...
[M::mem_pestat] (25, 50, 75) percentile: (366, 513, 539)
[M::mem_pestat] low and high boundaries for computing mean and std.dev: (20, 885)
[M::mem_pestat] mean and std.dev: (451.85, 147.97)
[M::mem_pestat] low and high boundaries for proper pairs: (1, 1058)
[M::mem_pestat] skip orientation RF as there are not enough pairs
[M::mem_pestat] analyzing insert size distribution for orientation RR...
[M::mem_pestat] (25, 50, 75) percentile: (274, 846, 1624)
[M::mem_pestat] low and high boundaries for computing mean and std.dev: (1, 4324)
[M::mem_pestat] mean and std.dev: (890.69, 592.68)
[M::mem_pestat] low and high boundaries for proper pairs: (1, 5674)
[M::mem_pestat] skip orientation FF
[M::mem_pestat] skip orientation RR
[M::mem_process_seqs] Processed 266668 reads in 318.804 CPU sec, 81.272 real sec
[M::process] read 266668 sequences (40000200 bp)...
[M::mem_pestat] # candidate unique pairs for (FF, FR, RF, RR): (20, 13065, 4, 12)
[M::mem_pestat] analyzing insert size distribution for orientation FF...
[M::mem_pestat] (25, 50, 75) percentile: (197, 711, 1399)
[M::mem_pestat] low and high boundaries for computing mean and std.dev: (1, 3803)
[M::mem_pestat] mean and std.dev: (743.37, 755.43)
[M::mem_pestat] low and high boundaries for proper pairs: (1, 5005)
[M::mem_pestat] analyzing insert size distribution for orientation FR...
[M::mem_pestat] (25, 50, 75) percentile: (372, 513, 538)
[M::mem_pestat] low and high boundaries for computing mean and std.dev: (40, 870)
[M::mem_pestat] mean and std.dev: (452.82, 147.13)
[M::mem_pestat] low and high boundaries for proper pairs: (1, 1041)
[M::mem_pestat] skip orientation RF as there are not enough pairs
[M::mem_pestat] analyzing insert size distribution for orientation RR...
[M::mem_pestat] (25, 50, 75) percentile: (262, 526, 776)
[M::mem_pestat] low and high boundaries for computing mean and std.dev: (1, 1804)
[M::mem_pestat] mean and std.dev: (457.82, 220.63)
[M::mem_pestat] low and high boundaries for proper pairs: (1, 2318)
[M::mem_pestat] skip orientation FF
[M::mem_pestat] skip orientation RR
[M::mem_process_seqs] Processed 266668 reads in 319.082 CPU sec, 80.931 real sec
[M::process] read 266668 sequences (40000200 bp)...
[M::mem_pestat] # candidate unique pairs for (FF, FR, RF, RR): (22, 12687, 4, 10)
[M::mem_pestat] analyzing insert size distribution for orientation FF...
[M::mem_pestat] (25, 50, 75) percentile: (179, 333, 1021)
[M::mem_pestat] low and high boundaries for computing mean and std.dev: (1, 2705)
[M::mem_pestat] mean and std.dev: (505.37, 554.15)
[M::mem_pestat] low and high boundaries for proper pairs: (1, 3547)
[M::mem_pestat] analyzing insert size distribution for orientation FR...
[M::mem_pestat] (25, 50, 75) percentile: (359, 513, 538)
[M::mem_pestat] low and high boundaries for computing mean and std.dev: (1, 896)
[M::mem_pestat] mean and std.dev: (450.89, 147.21)
[M::mem_pestat] low and high boundaries for proper pairs: (1, 1075)
[M::mem_pestat] skip orientation RF as there are not enough pairs
[M::mem_pestat] analyzing insert size distribution for orientation RR...
[M::mem_pestat] (25, 50, 75) percentile: (293, 1041, 1126)
[M::mem_pestat] low and high boundaries for computing mean and std.dev: (1, 2792)
[M::mem_pestat] mean and std.dev: (722.89, 441.34)
[M::mem_pestat] low and high boundaries for proper pairs: (1, 3625)
[M::mem_pestat] skip orientation FF
[M::mem_pestat] skip orientation RR
[M::mem_process_seqs] Processed 266668 reads in 320.864 CPU sec, 80.566 real sec
[M::process] read 266668 sequences (40000200 bp)...
[M::mem_pestat] # candidate unique pairs for (FF, FR, RF, RR): (20, 12687, 4, 14)
[M::mem_pestat] analyzing insert size distribution for orientation FF...
[M::mem_pestat] (25, 50, 75) percentile: (157, 201, 493)
[M::mem_pestat] low and high boundaries for computing mean and std.dev: (1, 1165)
[M::mem_pestat] mean and std.dev: (214.65, 143.88)
[M::mem_pestat] low and high boundaries for proper pairs: (1, 1501)
[M::mem_pestat] analyzing insert size distribution for orientation FR...
[M::mem_pestat] (25, 50, 75) percentile: (364, 512, 537)
[M::mem_pestat] low and high boundaries for computing mean and std.dev: (18, 883)
[M::mem_pestat] mean and std.dev: (451.42, 148.41)
[M::mem_pestat] low and high boundaries for proper pairs: (1, 1056)
[M::mem_pestat] skip orientation RF as there are not enough pairs
[M::mem_pestat] analyzing insert size distribution for orientation RR...
[M::mem_pestat] (25, 50, 75) percentile: (268, 1529, 1769)
[M::mem_pestat] low and high boundaries for computing mean and std.dev: (1, 4771)
[M::mem_pestat] mean and std.dev: (1153.46, 741.58)
[M::mem_pestat] low and high boundaries for proper pairs: (1, 6272)
[M::mem_pestat] skip orientation FF
[M::mem_pestat] skip orientation RR
[M::mem_process_seqs] Processed 266668 reads in 313.490 CPU sec, 78.522 real sec
[M::process] read 266668 sequences (40000200 bp)...
[M::mem_pestat] # candidate unique pairs for (FF, FR, RF, RR): (10, 12577, 4, 11)
[M::mem_pestat] analyzing insert size distribution for orientation FF...
[M::mem_pestat] (25, 50, 75) percentile: (112, 204, 552)
[M::mem_pestat] low and high boundaries for computing mean and std.dev: (1, 1432)
[M::mem_pestat] mean and std.dev: (260.11, 202.06)
[M::mem_pestat] low and high boundaries for proper pairs: (1, 1872)
[M::mem_pestat] analyzing insert size distribution for orientation FR...
[M::mem_pestat] (25, 50, 75) percentile: (360, 512, 537)
[M::mem_pestat] low and high boundaries for computing mean and std.dev: (6, 891)
[M::mem_pestat] mean and std.dev: (449.80, 149.78)
[M::mem_pestat] low and high boundaries for proper pairs: (1, 1068)
[M::mem_pestat] skip orientation RF as there are not enough pairs
[M::mem_pestat] analyzing insert size distribution for orientation RR...
[M::mem_pestat] (25, 50, 75) percentile: (479, 924, 1374)
[M::mem_pestat] low and high boundaries for computing mean and std.dev: (1, 3164)
[M::mem_pestat] mean and std.dev: (910.73, 571.98)
[M::mem_pestat] low and high boundaries for proper pairs: (1, 4059)
[M::mem_pestat] skip orientation FF
[M::mem_pestat] skip orientation RR
[M::mem_process_seqs] Processed 266668 reads in 314.648 CPU sec, 78.905 real sec
[M::process] read 266668 sequences (40000200 bp)...
[M::mem_pestat] # candidate unique pairs for (FF, FR, RF, RR): (19, 12606, 4, 14)
[M::mem_pestat] analyzing insert size distribution for orientation FF...
[M::mem_pestat] (25, 50, 75) percentile: (164, 572, 684)
[M::mem_pestat] low and high boundaries for computing mean and std.dev: (1, 1724)
[M::mem_pestat] mean and std.dev: (408.06, 283.35)
[M::mem_pestat] low and high boundaries for proper pairs: (1, 2244)
[M::mem_pestat] analyzing insert size distribution for orientation FR...
[M::mem_pestat] (25, 50, 75) percentile: (357, 512, 537)
[M::mem_pestat] low and high boundaries for computing mean and std.dev: (1, 897)
[M::mem_pestat] mean and std.dev: (449.59, 149.10)
[M::mem_pestat] low and high boundaries for proper pairs: (1, 1077)
[M::mem_pestat] skip orientation RF as there are not enough pairs
[M::mem_pestat] analyzing insert size distribution for orientation RR...
[M::mem_pestat] (25, 50, 75) percentile: (659, 922, 1536)
[M::mem_pestat] low and high boundaries for computing mean and std.dev: (1, 3290)
[M::mem_pestat] mean and std.dev: (901.58, 516.67)
[M::mem_pestat] low and high boundaries for proper pairs: (1, 4167)
[M::mem_pestat] skip orientation FF
[M::mem_pestat] skip orientation RR
[M::mem_process_seqs] Processed 266668 reads in 319.189 CPU sec, 79.930 real sec
[M::process] read 266668 sequences (40000200 bp)...
[M::mem_pestat] # candidate unique pairs for (FF, FR, RF, RR): (20, 12764, 4, 16)
[M::mem_pestat] analyzing insert size distribution for orientation FF...
[M::mem_pestat] (25, 50, 75) percentile: (253, 630, 1803)
[M::mem_pestat] low and high boundaries for computing mean and std.dev: (1, 4903)
[M::mem_pestat] mean and std.dev: (910.42, 839.74)
[M::mem_pestat] low and high boundaries for proper pairs: (1, 6453)
[M::mem_pestat] analyzing insert size distribution for orientation FR...
[M::mem_pestat] (25, 50, 75) percentile: (362, 513, 538)
[M::mem_pestat] low and high boundaries for computing mean and std.dev: (10, 890)
[M::mem_pestat] mean and std.dev: (451.34, 147.90)
[M::mem_pestat] low and high boundaries for proper pairs: (1, 1066)
[M::mem_pestat] skip orientation RF as there are not enough pairs
[M::mem_pestat] analyzing insert size distribution for orientation RR...
[M::mem_pestat] (25, 50, 75) percentile: (621, 1522, 3625)
[M::mem_pestat] low and high boundaries for computing mean and std.dev: (1, 9633)
[M::mem_pestat] mean and std.dev: (2094.88, 1750.06)
[M::mem_pestat] low and high boundaries for proper pairs: (1, 12637)
[M::mem_pestat] skip orientation FF
[M::mem_pestat] skip orientation RR
[M::mem_process_seqs] Processed 266668 reads in 318.552 CPU sec, 79.759 real sec
[M::process] read 266668 sequences (40000200 bp)...
[M::mem_pestat] # candidate unique pairs for (FF, FR, RF, RR): (13, 12603, 2, 17)
[M::mem_pestat] analyzing insert size distribution for orientation FF...
[M::mem_pestat] (25, 50, 75) percentile: (191, 306, 1149)
[M::mem_pestat] low and high boundaries for computing mean and std.dev: (1, 3065)
[M::mem_pestat] mean and std.dev: (675.15, 657.98)
[M::mem_pestat] low and high boundaries for proper pairs: (1, 4023)
[M::mem_pestat] analyzing insert size distribution for orientation FR...
[M::mem_pestat] (25, 50, 75) percentile: (354, 512, 537)
[M::mem_pestat] low and high boundaries for computing mean and std.dev: (1, 903)
[M::mem_pestat] mean and std.dev: (448.64, 148.86)
[M::mem_pestat] low and high boundaries for proper pairs: (1, 1086)
[M::mem_pestat] skip orientation RF as there are not enough pairs
[M::mem_pestat] analyzing insert size distribution for orientation RR...
[M::mem_pestat] (25, 50, 75) percentile: (679, 1211, 2575)
[M::mem_pestat] low and high boundaries for computing mean and std.dev: (1, 6367)
[M::mem_pestat] mean and std.dev: (1246.40, 1004.36)
[M::mem_pestat] low and high boundaries for proper pairs: (1, 8263)
[M::mem_pestat] skip orientation FF
[M::mem_pestat] skip orientation RR
[M::mem_process_seqs] Processed 266668 reads in 311.413 CPU sec, 78.095 real sec
[M::process] read 266668 sequences (40000200 bp)...
[M::mem_pestat] # candidate unique pairs for (FF, FR, RF, RR): (19, 12490, 5, 17)
[M::mem_pestat] analyzing insert size distribution for orientation FF...
[M::mem_pestat] (25, 50, 75) percentile: (229, 317, 815)
[M::mem_pestat] low and high boundaries for computing mean and std.dev: (1, 1987)
[M::mem_pestat] mean and std.dev: (458.76, 448.12)
[M::mem_pestat] low and high boundaries for proper pairs: (1, 2573)
[M::mem_pestat] analyzing insert size distribution for orientation FR...
[M::mem_pestat] (25, 50, 75) percentile: (353, 512, 537)
[M::mem_pestat] low and high boundaries for computing mean and std.dev: (1, 905)
[M::mem_pestat] mean and std.dev: (448.64, 149.43)
[M::mem_pestat] low and high boundaries for proper pairs: (1, 1089)
[M::mem_pestat] skip orientation RF as there are not enough pairs
[M::mem_pestat] analyzing insert size distribution for orientation RR...
[M::mem_pestat] (25, 50, 75) percentile: (248, 962, 1777)
[M::mem_pestat] low and high boundaries for computing mean and std.dev: (1, 4835)
[M::mem_pestat] mean and std.dev: (1246.06, 1178.00)
[M::mem_pestat] low and high boundaries for proper pairs: (1, 6364)
[M::mem_pestat] skip orientation FF
[M::mem_pestat] skip orientation RR
[M::mem_process_seqs] Processed 266668 reads in 319.166 CPU sec, 80.043 real sec
[M::process] read 266668 sequences (40000200 bp)...
[M::mem_pestat] # candidate unique pairs for (FF, FR, RF, RR): (23, 12927, 4, 14)
[M::mem_pestat] analyzing insert size distribution for orientation FF...
[M::mem_pestat] (25, 50, 75) percentile: (195, 398, 1236)
[M::mem_pestat] low and high boundaries for computing mean and std.dev: (1, 3318)
[M::mem_pestat] mean and std.dev: (790.04, 752.54)
[M::mem_pestat] low and high boundaries for proper pairs: (1, 4359)
[M::mem_pestat] analyzing insert size distribution for orientation FR...
[M::mem_pestat] (25, 50, 75) percentile: (361, 512, 537)
[M::mem_pestat] low and high boundaries for computing mean and std.dev: (9, 889)
[M::mem_pestat] mean and std.dev: (450.33, 148.56)
[M::mem_pestat] low and high boundaries for proper pairs: (1, 1065)
[M::mem_pestat] skip orientation RF as there are not enough pairs
[M::mem_pestat] analyzing insert size distribution for orientation RR...
[M::mem_pestat] (25, 50, 75) percentile: (146, 734, 1095)
[M::mem_pestat] low and high boundaries for computing mean and std.dev: (1, 2993)
[M::mem_pestat] mean and std.dev: (828.50, 713.49)
[M::mem_pestat] low and high boundaries for proper pairs: (1, 3942)
[M::mem_pestat] skip orientation FF
[M::mem_pestat] skip orientation RR
[M::mem_process_seqs] Processed 266668 reads in 314.331 CPU sec, 78.797 real sec
[M::process] read 266668 sequences (40000200 bp)...
[M::mem_pestat] # candidate unique pairs for (FF, FR, RF, RR): (19, 12597, 4, 18)
[M::mem_pestat] analyzing insert size distribution for orientation FF...
[M::mem_pestat] (25, 50, 75) percentile: (167, 385, 1268)
[M::mem_pestat] low and high boundaries for computing mean and std.dev: (1, 3470)
[M::mem_pestat] mean and std.dev: (617.29, 662.25)
[M::mem_pestat] low and high boundaries for proper pairs: (1, 4571)
[M::mem_pestat] analyzing insert size distribution for orientation FR...
[M::mem_pestat] (25, 50, 75) percentile: (361, 512, 536)
[M::mem_pestat] low and high boundaries for computing mean and std.dev: (11, 886)
[M::mem_pestat] mean and std.dev: (449.67, 147.96)
[M::mem_pestat] low and high boundaries for proper pairs: (1, 1061)
[M::mem_pestat] skip orientation RF as there are not enough pairs
[M::mem_pestat] analyzing insert size distribution for orientation RR...
[M::mem_pestat] (25, 50, 75) percentile: (132, 888, 1132)
[M::mem_pestat] low and high boundaries for computing mean and std.dev: (1, 3132)
[M::mem_pestat] mean and std.dev: (788.53, 793.78)
[M::mem_pestat] low and high boundaries for proper pairs: (1, 4132)
[M::mem_pestat] skip orientation FF
[M::mem_pestat] skip orientation RR
[M::mem_process_seqs] Processed 266668 reads in 316.052 CPU sec, 79.219 real sec
[M::process] read 266668 sequences (40000200 bp)...
[M::mem_pestat] # candidate unique pairs for (FF, FR, RF, RR): (19, 12665, 3, 15)
[M::mem_pestat] analyzing insert size distribution for orientation FF...
[M::mem_pestat] (25, 50, 75) percentile: (181, 233, 762)
[M::mem_pestat] low and high boundaries for computing mean and std.dev: (1, 1924)
[M::mem_pestat] mean and std.dev: (467.68, 454.60)
[M::mem_pestat] low and high boundaries for proper pairs: (1, 2505)
[M::mem_pestat] analyzing insert size distribution for orientation FR...
[M::mem_pestat] (25, 50, 75) percentile: (360, 512, 537)
[M::mem_pestat] low and high boundaries for computing mean and std.dev: (6, 891)
[M::mem_pestat] mean and std.dev: (450.03, 148.06)
[M::mem_pestat] low and high boundaries for proper pairs: (1, 1068)
[M::mem_pestat] skip orientation RF as there are not enough pairs
[M::mem_pestat] analyzing insert size distribution for orientation RR...
[M::mem_pestat] (25, 50, 75) percentile: (431, 782, 1811)
[M::mem_pestat] low and high boundaries for computing mean and std.dev: (1, 4571)
[M::mem_pestat] mean and std.dev: (913.00, 752.42)
[M::mem_pestat] low and high boundaries for proper pairs: (1, 5951)
[M::mem_pestat] skip orientation FF
[M::mem_pestat] skip orientation RR
[M::mem_process_seqs] Processed 266668 reads in 309.483 CPU sec, 77.506 real sec
[M::process] read 266668 sequences (40000200 bp)...
[M::mem_pestat] # candidate unique pairs for (FF, FR, RF, RR): (13, 12671, 3, 16)
[M::mem_pestat] analyzing insert size distribution for orientation FF...
[M::mem_pestat] (25, 50, 75) percentile: (473, 937, 2081)
[M::mem_pestat] low and high boundaries for computing mean and std.dev: (1, 5297)
[M::mem_pestat] mean and std.dev: (1158.00, 954.64)
[M::mem_pestat] low and high boundaries for proper pairs: (1, 6905)
[M::mem_pestat] analyzing insert size distribution for orientation FR...
[M::mem_pestat] (25, 50, 75) percentile: (357, 511, 537)
[M::mem_pestat] low and high boundaries for computing mean and std.dev: (1, 897)
[M::mem_pestat] mean and std.dev: (448.77, 148.33)
[M::mem_pestat] low and high boundaries for proper pairs: (1, 1077)
[M::mem_pestat] skip orientation RF as there are not enough pairs
[M::mem_pestat] analyzing insert size distribution for orientation RR...
[M::mem_pestat] (25, 50, 75) percentile: (305, 1427, 2892)
[M::mem_pestat] low and high boundaries for computing mean and std.dev: (1, 8066)
[M::mem_pestat] mean and std.dev: (1579.25, 1404.47)
[M::mem_pestat] low and high boundaries for proper pairs: (1, 10653)
[M::mem_pestat] skip orientation FF
[M::mem_pestat] skip orientation RR
[M::mem_process_seqs] Processed 266668 reads in 316.719 CPU sec, 79.367 real sec
[M::process] read 266668 sequences (40000200 bp)...
[M::mem_pestat] # candidate unique pairs for (FF, FR, RF, RR): (12, 12628, 1, 17)
[M::mem_pestat] analyzing insert size distribution for orientation FF...
[M::mem_pestat] (25, 50, 75) percentile: (230, 702, 1769)
[M::mem_pestat] low and high boundaries for computing mean and std.dev: (1, 4847)
[M::mem_pestat] mean and std.dev: (734.64, 660.85)
[M::mem_pestat] low and high boundaries for proper pairs: (1, 6386)
[M::mem_pestat] analyzing insert size distribution for orientation FR...
[M::mem_pestat] (25, 50, 75) percentile: (366, 513, 538)
[M::mem_pestat] low and high boundaries for computing mean and std.dev: (22, 882)
[M::mem_pestat] mean and std.dev: (452.12, 147.31)
[M::mem_pestat] low and high boundaries for proper pairs: (1, 1054)
[M::mem_pestat] skip orientation RF as there are not enough pairs
[M::mem_pestat] analyzing insert size distribution for orientation RR...
[M::mem_pestat] (25, 50, 75) percentile: (286, 689, 1586)
[M::mem_pestat] low and high boundaries for computing mean and std.dev: (1, 4186)
[M::mem_pestat] mean and std.dev: (759.19, 567.60)
[M::mem_pestat] low and high boundaries for proper pairs: (1, 5486)
[M::mem_pestat] skip orientation FF
[M::mem_pestat] skip orientation RR
[M::mem_process_seqs] Processed 266668 reads in 323.113 CPU sec, 81.289 real sec
[M::process] read 266668 sequences (40000200 bp)...
[M::mem_pestat] # candidate unique pairs for (FF, FR, RF, RR): (28, 12535, 7, 10)
[M::mem_pestat] analyzing insert size distribution for orientation FF...
[M::mem_pestat] (25, 50, 75) percentile: (194, 778, 1862)
[M::mem_pestat] low and high boundaries for computing mean and std.dev: (1, 5198)
[M::mem_pestat] mean and std.dev: (1149.54, 1283.32)
[M::mem_pestat] low and high boundaries for proper pairs: (1, 6866)
[M::mem_pestat] analyzing insert size distribution for orientation FR...
[M::mem_pestat] (25, 50, 75) percentile: (368, 513, 538)
[M::mem_pestat] low and high boundaries for computing mean and std.dev: (28, 878)
[M::mem_pestat] mean and std.dev: (451.73, 147.95)
[M::mem_pestat] low and high boundaries for proper pairs: (1, 1048)
[M::mem_pestat] skip orientation RF as there are not enough pairs
[M::mem_pestat] analyzing insert size distribution for orientation RR...
[M::mem_pestat] (25, 50, 75) percentile: (178, 993, 1174)
[M::mem_pestat] low and high boundaries for computing mean and std.dev: (1, 3166)
[M::mem_pestat] mean and std.dev: (698.78, 490.09)
[M::mem_pestat] low and high boundaries for proper pairs: (1, 4162)
[M::mem_pestat] skip orientation FF
[M::mem_pestat] skip orientation RR
[M::mem_process_seqs] Processed 266668 reads in 321.634 CPU sec, 81.861 real sec
[M::process] read 266668 sequences (40000200 bp)...
[M::mem_pestat] # candidate unique pairs for (FF, FR, RF, RR): (14, 12631, 8, 16)
[M::mem_pestat] analyzing insert size distribution for orientation FF...
[M::mem_pestat] (25, 50, 75) percentile: (158, 351, 1040)
[M::mem_pestat] low and high boundaries for computing mean and std.dev: (1, 2804)
[M::mem_pestat] mean and std.dev: (501.31, 458.78)
[M::mem_pestat] low and high boundaries for proper pairs: (1, 3686)
[M::mem_pestat] analyzing insert size distribution for orientation FR...
[M::mem_pestat] (25, 50, 75) percentile: (360, 512, 537)
[M::mem_pestat] low and high boundaries for computing mean and std.dev: (6, 891)
[M::mem_pestat] mean and std.dev: (450.22, 148.42)
[M::mem_pestat] low and high boundaries for proper pairs: (1, 1068)
[M::mem_pestat] skip orientation RF as there are not enough pairs
[M::mem_pestat] analyzing insert size distribution for orientation RR...
[M::mem_pestat] (25, 50, 75) percentile: (249, 1005, 3054)
[M::mem_pestat] low and high boundaries for computing mean and std.dev: (1, 8664)
[M::mem_pestat] mean and std.dev: (1553.25, 1908.56)
[M::mem_pestat] low and high boundaries for proper pairs: (1, 11469)
[M::mem_pestat] skip orientation FF
[M::mem_pestat] skip orientation RR
[M::mem_process_seqs] Processed 266668 reads in 333.556 CPU sec, 86.879 real sec
[M::process] read 266668 sequences (40000200 bp)...
[M::mem_pestat] # candidate unique pairs for (FF, FR, RF, RR): (19, 12790, 7, 11)
[M::mem_pestat] analyzing insert size distribution for orientation FF...
[M::mem_pestat] (25, 50, 75) percentile: (297, 644, 1641)
[M::mem_pestat] low and high boundaries for computing mean and std.dev: (1, 4329)
[M::mem_pestat] mean and std.dev: (970.05, 839.89)
[M::mem_pestat] low and high boundaries for proper pairs: (1, 5673)
[M::mem_pestat] analyzing insert size distribution for orientation FR...
[M::mem_pestat] (25, 50, 75) percentile: (357, 512, 538)
[M::mem_pestat] low and high boundaries for computing mean and std.dev: (1, 900)
[M::mem_pestat] mean and std.dev: (450.31, 149.00)
[M::mem_pestat] low and high boundaries for proper pairs: (1, 1081)
[M::mem_pestat] skip orientation RF as there are not enough pairs
[M::mem_pestat] analyzing insert size distribution for orientation RR...
[M::mem_pestat] (25, 50, 75) percentile: (280, 803, 1365)
[M::mem_pestat] low and high boundaries for computing mean and std.dev: (1, 3535)
[M::mem_pestat] mean and std.dev: (940.82, 813.28)
[M::mem_pestat] low and high boundaries for proper pairs: (1, 4620)
[M::mem_pestat] skip orientation FF
[M::mem_pestat] skip orientation RR
[M::mem_process_seqs] Processed 266668 reads in 328.163 CPU sec, 84.903 real sec
[M::process] read 266668 sequences (40000200 bp)...
[M::mem_pestat] # candidate unique pairs for (FF, FR, RF, RR): (16, 12730, 9, 16)
[M::mem_pestat] analyzing insert size distribution for orientation FF...
[M::mem_pestat] (25, 50, 75) percentile: (181, 471, 2624)
[M::mem_pestat] low and high boundaries for computing mean and std.dev: (1, 7510)
[M::mem_pestat] mean and std.dev: (1046.27, 1168.79)
[M::mem_pestat] low and high boundaries for proper pairs: (1, 9953)
[M::mem_pestat] analyzing insert size distribution for orientation FR...
[M::mem_pestat] (25, 50, 75) percentile: (372, 513, 538)
[M::mem_pestat] low and high boundaries for computing mean and std.dev: (40, 870)
[M::mem_pestat] mean and std.dev: (453.77, 146.53)
[M::mem_pestat] low and high boundaries for proper pairs: (1, 1040)
[M::mem_pestat] skip orientation RF as there are not enough pairs
[M::mem_pestat] analyzing insert size distribution for orientation RR...
[M::mem_pestat] (25, 50, 75) percentile: (966, 1271, 2276)
[M::mem_pestat] low and high boundaries for computing mean and std.dev: (1, 4896)
[M::mem_pestat] mean and std.dev: (1552.88, 1099.37)
[M::mem_pestat] low and high boundaries for proper pairs: (1, 6206)
[M::mem_pestat] skip orientation FF
[M::mem_pestat] skip orientation RR
[M::mem_process_seqs] Processed 266668 reads in 319.446 CPU sec, 81.460 real sec
[M::process] read 266668 sequences (40000200 bp)...
[M::mem_pestat] # candidate unique pairs for (FF, FR, RF, RR): (28, 12741, 6, 23)
[M::mem_pestat] analyzing insert size distribution for orientation FF...
[M::mem_pestat] (25, 50, 75) percentile: (215, 708, 2446)
[M::mem_pestat] low and high boundaries for computing mean and std.dev: (1, 6908)
[M::mem_pestat] mean and std.dev: (1222.81, 1426.44)
[M::mem_pestat] low and high boundaries for proper pairs: (1, 9139)
[M::mem_pestat] analyzing insert size distribution for orientation FR...
[M::mem_pestat] (25, 50, 75) percentile: (373, 513, 537)
[M::mem_pestat] low and high boundaries for computing mean and std.dev: (45, 865)
[M::mem_pestat] mean and std.dev: (453.71, 145.59)
[M::mem_pestat] low and high boundaries for proper pairs: (1, 1036)
[M::mem_pestat] skip orientation RF as there are not enough pairs
[M::mem_pestat] analyzing insert size distribution for orientation RR...
[M::mem_pestat] (25, 50, 75) percentile: (491, 805, 2179)
[M::mem_pestat] low and high boundaries for computing mean and std.dev: (1, 5555)
[M::mem_pestat] mean and std.dev: (1494.91, 1446.38)
[M::mem_pestat] low and high boundaries for proper pairs: (1, 7280)
[M::mem_pestat] skip orientation FF
[M::mem_pestat] skip orientation RR
[M::mem_process_seqs] Processed 266668 reads in 315.613 CPU sec, 79.129 real sec
[M::process] read 266668 sequences (40000200 bp)...
[M::mem_pestat] # candidate unique pairs for (FF, FR, RF, RR): (19, 12875, 9, 15)
[M::mem_pestat] analyzing insert size distribution for orientation FF...
[M::mem_pestat] (25, 50, 75) percentile: (129, 184, 589)
[M::mem_pestat] low and high boundaries for computing mean and std.dev: (1, 1509)
[M::mem_pestat] mean and std.dev: (241.44, 281.96)
[M::mem_pestat] low and high boundaries for proper pairs: (1, 1969)
[M::mem_pestat] analyzing insert size distribution for orientation FR...
[M::mem_pestat] (25, 50, 75) percentile: (358, 513, 538)
[M::mem_pestat] low and high boundaries for computing mean and std.dev: (1, 898)
[M::mem_pestat] mean and std.dev: (449.64, 149.21)
[M::mem_pestat] low and high boundaries for proper pairs: (1, 1078)
[M::mem_pestat] skip orientation RF as there are not enough pairs
[M::mem_pestat] analyzing insert size distribution for orientation RR...
[M::mem_pestat] (25, 50, 75) percentile: (798, 1127, 1815)
[M::mem_pestat] low and high boundaries for computing mean and std.dev: (1, 3849)
[M::mem_pestat] mean and std.dev: (1312.07, 804.76)
[M::mem_pestat] low and high boundaries for proper pairs: (1, 4866)
[M::mem_pestat] skip orientation FF
[M::mem_pestat] skip orientation RR
[M::mem_process_seqs] Processed 266668 reads in 316.865 CPU sec, 79.438 real sec
[M::process] read 266668 sequences (40000200 bp)...
[M::mem_pestat] # candidate unique pairs for (FF, FR, RF, RR): (18, 12801, 0, 14)
[M::mem_pestat] analyzing insert size distribution for orientation FF...
[M::mem_pestat] (25, 50, 75) percentile: (166, 250, 765)
[M::mem_pestat] low and high boundaries for computing mean and std.dev: (1, 1963)
[M::mem_pestat] mean and std.dev: (371.88, 301.27)
[M::mem_pestat] low and high boundaries for proper pairs: (1, 2562)
[M::mem_pestat] analyzing insert size distribution for orientation FR...
[M::mem_pestat] (25, 50, 75) percentile: (360, 512, 537)
[M::mem_pestat] low and high boundaries for computing mean and std.dev: (6, 891)
[M::mem_pestat] mean and std.dev: (450.22, 148.75)
[M::mem_pestat] low and high boundaries for proper pairs: (1, 1068)
[M::mem_pestat] skip orientation RF as there are not enough pairs
[M::mem_pestat] analyzing insert size distribution for orientation RR...
[M::mem_pestat] (25, 50, 75) percentile: (232, 873, 982)
[M::mem_pestat] low and high boundaries for computing mean and std.dev: (1, 2482)
[M::mem_pestat] mean and std.dev: (729.15, 561.92)
[M::mem_pestat] low and high boundaries for proper pairs: (1, 3232)
[M::mem_pestat] skip orientation FF
[M::mem_pestat] skip orientation RR
[M::mem_process_seqs] Processed 266668 reads in 316.792 CPU sec, 79.373 real sec
[M::process] read 266668 sequences (40000200 bp)...
[M::mem_pestat] # candidate unique pairs for (FF, FR, RF, RR): (20, 12640, 7, 20)
[M::mem_pestat] analyzing insert size distribution for orientation FF...
[M::mem_pestat] (25, 50, 75) percentile: (159, 230, 785)
[M::mem_pestat] low and high boundaries for computing mean and std.dev: (1, 2037)
[M::mem_pestat] mean and std.dev: (355.39, 316.56)
[M::mem_pestat] low and high boundaries for proper pairs: (1, 2663)
[M::mem_pestat] analyzing insert size distribution for orientation FR...
[M::mem_pestat] (25, 50, 75) percentile: (362, 512, 538)
[M::mem_pestat] low and high boundaries for computing mean and std.dev: (10, 890)
[M::mem_pestat] mean and std.dev: (450.65, 148.52)
[M::mem_pestat] low and high boundaries for proper pairs: (1, 1066)
[M::mem_pestat] skip orientation RF as there are not enough pairs
[M::mem_pestat] analyzing insert size distribution for orientation RR...
[M::mem_pestat] (25, 50, 75) percentile: (143, 572, 1561)
[M::mem_pestat] low and high boundaries for computing mean and std.dev: (1, 4397)
[M::mem_pestat] mean and std.dev: (747.16, 817.26)
[M::mem_pestat] low and high boundaries for proper pairs: (1, 5815)
[M::mem_pestat] skip orientation FF
[M::mem_pestat] skip orientation RR
[M::mem_process_seqs] Processed 266668 reads in 326.390 CPU sec, 81.858 real sec
[M::process] read 266668 sequences (40000200 bp)...
[M::mem_pestat] # candidate unique pairs for (FF, FR, RF, RR): (15, 12682, 2, 10)
[M::mem_pestat] analyzing insert size distribution for orientation FF...
[M::mem_pestat] (25, 50, 75) percentile: (141, 240, 771)
[M::mem_pestat] low and high boundaries for computing mean and std.dev: (1, 2031)
[M::mem_pestat] mean and std.dev: (392.29, 335.33)
[M::mem_pestat] low and high boundaries for proper pairs: (1, 2661)
[M::mem_pestat] analyzing insert size distribution for orientation FR...
[M::mem_pestat] (25, 50, 75) percentile: (384, 513, 538)
[M::mem_pestat] low and high boundaries for computing mean and std.dev: (76, 846)
[M::mem_pestat] mean and std.dev: (456.76, 143.81)
[M::mem_pestat] low and high boundaries for proper pairs: (1, 1032)
[M::mem_pestat] skip orientation RF as there are not enough pairs
[M::mem_pestat] analyzing insert size distribution for orientation RR...
[M::mem_pestat] (25, 50, 75) percentile: (359, 951, 1443)
[M::mem_pestat] low and high boundaries for computing mean and std.dev: (1, 3611)
[M::mem_pestat] mean and std.dev: (1061.50, 915.20)
[M::mem_pestat] low and high boundaries for proper pairs: (1, 4722)
[M::mem_pestat] skip orientation FF
[M::mem_pestat] skip orientation RR
[M::mem_process_seqs] Processed 266668 reads in 317.936 CPU sec, 80.182 real sec
[M::process] read 266668 sequences (40000200 bp)...
[M::mem_pestat] # candidate unique pairs for (FF, FR, RF, RR): (19, 12728, 4, 17)
[M::mem_pestat] analyzing insert size distribution for orientation FF...
[M::mem_pestat] (25, 50, 75) percentile: (168, 232, 566)
[M::mem_pestat] low and high boundaries for computing mean and std.dev: (1, 1362)
[M::mem_pestat] mean and std.dev: (322.28, 232.70)
[M::mem_pestat] low and high boundaries for proper pairs: (1, 1760)
[M::mem_pestat] analyzing insert size distribution for orientation FR...
[M::mem_pestat] (25, 50, 75) percentile: (355, 512, 537)
[M::mem_pestat] low and high boundaries for computing mean and std.dev: (1, 901)
[M::mem_pestat] mean and std.dev: (448.87, 149.21)
[M::mem_pestat] low and high boundaries for proper pairs: (1, 1083)
[M::mem_pestat] skip orientation RF as there are not enough pairs
[M::mem_pestat] analyzing insert size distribution for orientation RR...
[M::mem_pestat] (25, 50, 75) percentile: (312, 1024, 2590)
[M::mem_pestat] low and high boundaries for computing mean and std.dev: (1, 7146)
[M::mem_pestat] mean and std.dev: (1435.38, 1670.80)
[M::mem_pestat] low and high boundaries for proper pairs: (1, 9424)
[M::mem_pestat] skip orientation FF
[M::mem_pestat] skip orientation RR
[M::mem_process_seqs] Processed 266668 reads in 327.176 CPU sec, 82.621 real sec
[M::process] read 266668 sequences (40000200 bp)...
[M::mem_pestat] # candidate unique pairs for (FF, FR, RF, RR): (28, 12594, 11, 19)
[M::mem_pestat] analyzing insert size distribution for orientation FF...
[M::mem_pestat] (25, 50, 75) percentile: (90, 249, 698)
[M::mem_pestat] low and high boundaries for computing mean and std.dev: (1, 1914)
[M::mem_pestat] mean and std.dev: (263.46, 227.54)
[M::mem_pestat] low and high boundaries for proper pairs: (1, 2522)
[M::mem_pestat] analyzing insert size distribution for orientation FR...
[M::mem_pestat] (25, 50, 75) percentile: (365, 512, 537)
[M::mem_pestat] low and high boundaries for computing mean and std.dev: (21, 881)
[M::mem_pestat] mean and std.dev: (451.58, 147.03)
[M::mem_pestat] low and high boundaries for proper pairs: (1, 1053)
[M::mem_pestat] analyzing insert size distribution for orientation RF...
[M::mem_pestat] (25, 50, 75) percentile: (353, 2080, 3662)
[M::mem_pestat] low and high boundaries for computing mean and std.dev: (1, 10280)
[M::mem_pestat] mean and std.dev: (2085.55, 1521.05)
[M::mem_pestat] low and high boundaries for proper pairs: (1, 13589)
[M::mem_pestat] analyzing insert size distribution for orientation RR...
[M::mem_pestat] (25, 50, 75) percentile: (440, 1265, 1611)
[M::mem_pestat] low and high boundaries for computing mean and std.dev: (1, 3953)
[M::mem_pestat] mean and std.dev: (1186.63, 775.41)
[M::mem_pestat] low and high boundaries for proper pairs: (1, 5124)
[M::mem_pestat] skip orientation FF
[M::mem_pestat] skip orientation RF
[M::mem_pestat] skip orientation RR
[M::mem_process_seqs] Processed 266668 reads in 310.334 CPU sec, 78.156 real sec
[M::process] read 266668 sequences (40000200 bp)...
[M::mem_pestat] # candidate unique pairs for (FF, FR, RF, RR): (20, 12553, 6, 13)
[M::mem_pestat] analyzing insert size distribution for orientation FF...
[M::mem_pestat] (25, 50, 75) percentile: (135, 712, 1747)
[M::mem_pestat] low and high boundaries for computing mean and std.dev: (1, 4971)
[M::mem_pestat] mean and std.dev: (991.05, 997.86)
[M::mem_pestat] low and high boundaries for proper pairs: (1, 6583)
[M::mem_pestat] analyzing insert size distribution for orientation FR...
[M::mem_pestat] (25, 50, 75) percentile: (364, 513, 537)
[M::mem_pestat] low and high boundaries for computing mean and std.dev: (18, 883)
[M::mem_pestat] mean and std.dev: (450.88, 148.53)
[M::mem_pestat] low and high boundaries for proper pairs: (1, 1056)
[M::mem_pestat] skip orientation RF as there are not enough pairs
[M::mem_pestat] analyzing insert size distribution for orientation RR...
[M::mem_pestat] (25, 50, 75) percentile: (731, 1283, 2031)
[M::mem_pestat] low and high boundaries for computing mean and std.dev: (1, 4631)
[M::mem_pestat] mean and std.dev: (1475.46, 1029.38)
[M::mem_pestat] low and high boundaries for proper pairs: (1, 5931)
[M::mem_pestat] skip orientation FF
[M::mem_pestat] skip orientation RR
[M::mem_process_seqs] Processed 266668 reads in 309.595 CPU sec, 77.556 real sec
[M::process] read 266668 sequences (40000200 bp)...
[M::mem_pestat] # candidate unique pairs for (FF, FR, RF, RR): (12, 12667, 5, 11)
[M::mem_pestat] analyzing insert size distribution for orientation FF...
[M::mem_pestat] (25, 50, 75) percentile: (232, 672, 2211)
[M::mem_pestat] low and high boundaries for computing mean and std.dev: (1, 6169)
[M::mem_pestat] mean and std.dev: (966.00, 917.44)
[M::mem_pestat] low and high boundaries for proper pairs: (1, 8148)
[M::mem_pestat] analyzing insert size distribution for orientation FR...
[M::mem_pestat] (25, 50, 75) percentile: (354, 512, 537)
[M::mem_pestat] low and high boundaries for computing mean and std.dev: (1, 903)
[M::mem_pestat] mean and std.dev: (449.30, 150.16)
[M::mem_pestat] low and high boundaries for proper pairs: (1, 1086)
[M::mem_pestat] skip orientation RF as there are not enough pairs
[M::mem_pestat] analyzing insert size distribution for orientation RR...
[M::mem_pestat] (25, 50, 75) percentile: (559, 803, 1772)
[M::mem_pestat] low and high boundaries for computing mean and std.dev: (1, 4198)
[M::mem_pestat] mean and std.dev: (907.10, 582.19)
[M::mem_pestat] low and high boundaries for proper pairs: (1, 5411)
[M::mem_pestat] skip orientation FF
[M::mem_pestat] skip orientation RR
[M::mem_process_seqs] Processed 266668 reads in 317.681 CPU sec, 79.556 real sec
[M::process] read 266668 sequences (40000200 bp)...
[M::mem_pestat] # candidate unique pairs for (FF, FR, RF, RR): (23, 12862, 3, 18)
[M::mem_pestat] analyzing insert size distribution for orientation FF...
[M::mem_pestat] (25, 50, 75) percentile: (218, 389, 1474)
[M::mem_pestat] low and high boundaries for computing mean and std.dev: (1, 3986)
[M::mem_pestat] mean and std.dev: (868.82, 1072.80)
[M::mem_pestat] low and high boundaries for proper pairs: (1, 5242)
[M::mem_pestat] analyzing insert size distribution for orientation FR...
[M::mem_pestat] (25, 50, 75) percentile: (356, 512, 537)
[M::mem_pestat] low and high boundaries for computing mean and std.dev: (1, 899)
[M::mem_pestat] mean and std.dev: (448.07, 150.90)
[M::mem_pestat] low and high boundaries for proper pairs: (1, 1080)
[M::mem_pestat] skip orientation RF as there are not enough pairs
[M::mem_pestat] analyzing insert size distribution for orientation RR...
[M::mem_pestat] (25, 50, 75) percentile: (910, 1298, 2237)
[M::mem_pestat] low and high boundaries for computing mean and std.dev: (1, 4891)
[M::mem_pestat] mean and std.dev: (1321.47, 794.97)
[M::mem_pestat] low and high boundaries for proper pairs: (1, 6218)
[M::mem_pestat] skip orientation FF
[M::mem_pestat] skip orientation RR
[M::mem_process_seqs] Processed 266668 reads in 311.782 CPU sec, 78.075 real sec
[M::process] read 266668 sequences (40000200 bp)...
[M::mem_pestat] # candidate unique pairs for (FF, FR, RF, RR): (19, 12657, 5, 12)
[M::mem_pestat] analyzing insert size distribution for orientation FF...
[M::mem_pestat] (25, 50, 75) percentile: (317, 755, 1467)
[M::mem_pestat] low and high boundaries for computing mean and std.dev: (1, 3767)
[M::mem_pestat] mean and std.dev: (758.06, 522.74)
[M::mem_pestat] low and high boundaries for proper pairs: (1, 4917)
[M::mem_pestat] analyzing insert size distribution for orientation FR...
[M::mem_pestat] (25, 50, 75) percentile: (368, 512, 537)
[M::mem_pestat] low and high boundaries for computing mean and std.dev: (30, 875)
[M::mem_pestat] mean and std.dev: (451.84, 146.85)
[M::mem_pestat] low and high boundaries for proper pairs: (1, 1044)
[M::mem_pestat] skip orientation RF as there are not enough pairs
[M::mem_pestat] analyzing insert size distribution for orientation RR...
[M::mem_pestat] (25, 50, 75) percentile: (340, 1026, 1587)
[M::mem_pestat] low and high boundaries for computing mean and std.dev: (1, 4081)
[M::mem_pestat] mean and std.dev: (922.82, 603.94)
[M::mem_pestat] low and high boundaries for proper pairs: (1, 5328)
[M::mem_pestat] skip orientation FF
[M::mem_pestat] skip orientation RR
[M::mem_process_seqs] Processed 266668 reads in 315.922 CPU sec, 79.111 real sec
[M::process] read 266668 sequences (40000200 bp)...
[M::mem_pestat] # candidate unique pairs for (FF, FR, RF, RR): (24, 12658, 4, 25)
[M::mem_pestat] analyzing insert size distribution for orientation FF...
[M::mem_pestat] (25, 50, 75) percentile: (245, 856, 1654)
[M::mem_pestat] low and high boundaries for computing mean and std.dev: (1, 4472)
[M::mem_pestat] mean and std.dev: (971.50, 776.89)
[M::mem_pestat] low and high boundaries for proper pairs: (1, 5881)
[M::mem_pestat] analyzing insert size distribution for orientation FR...
[M::mem_pestat] (25, 50, 75) percentile: (357, 512, 538)
[M::mem_pestat] low and high boundaries for computing mean and std.dev: (1, 900)
[M::mem_pestat] mean and std.dev: (449.52, 150.28)
[M::mem_pestat] low and high boundaries for proper pairs: (1, 1081)
[M::mem_pestat] skip orientation RF as there are not enough pairs
[M::mem_pestat] analyzing insert size distribution for orientation RR...
[M::mem_pestat] (25, 50, 75) percentile: (921, 1422, 2717)
[M::mem_pestat] low and high boundaries for computing mean and std.dev: (1, 6309)
[M::mem_pestat] mean and std.dev: (1743.20, 1202.36)
[M::mem_pestat] low and high boundaries for proper pairs: (1, 8105)
[M::mem_pestat] skip orientation FF
[M::mem_pestat] skip orientation RR
[M::mem_process_seqs] Processed 266668 reads in 314.390 CPU sec, 79.129 real sec
[M::process] read 266668 sequences (40000200 bp)...
[M::mem_pestat] # candidate unique pairs for (FF, FR, RF, RR): (22, 12827, 4, 19)
[M::mem_pestat] analyzing insert size distribution for orientation FF...
[M::mem_pestat] (25, 50, 75) percentile: (226, 398, 963)
[M::mem_pestat] low and high boundaries for computing mean and std.dev: (1, 2437)
[M::mem_pestat] mean and std.dev: (471.63, 428.67)
[M::mem_pestat] low and high boundaries for proper pairs: (1, 3174)
[M::mem_pestat] analyzing insert size distribution for orientation FR...
[M::mem_pestat] (25, 50, 75) percentile: (356, 512, 538)
[M::mem_pestat] low and high boundaries for computing mean and std.dev: (1, 902)
[M::mem_pestat] mean and std.dev: (449.60, 149.69)
[M::mem_pestat] low and high boundaries for proper pairs: (1, 1084)
[M::mem_pestat] skip orientation RF as there are not enough pairs
[M::mem_pestat] analyzing insert size distribution for orientation RR...
[M::mem_pestat] (25, 50, 75) percentile: (544, 1424, 2224)
[M::mem_pestat] low and high boundaries for computing mean and std.dev: (1, 5584)
[M::mem_pestat] mean and std.dev: (1561.79, 1325.83)
[M::mem_pestat] low and high boundaries for proper pairs: (1, 7264)
[M::mem_pestat] skip orientation FF
[M::mem_pestat] skip orientation RR
[M::mem_process_seqs] Processed 266668 reads in 318.269 CPU sec, 79.935 real sec
[M::process] read 266668 sequences (40000200 bp)...
[M::mem_pestat] # candidate unique pairs for (FF, FR, RF, RR): (25, 12730, 5, 13)
[M::mem_pestat] analyzing insert size distribution for orientation FF...
[M::mem_pestat] (25, 50, 75) percentile: (141, 246, 2132)
[M::mem_pestat] low and high boundaries for computing mean and std.dev: (1, 6114)
[M::mem_pestat] mean and std.dev: (1104.08, 1640.82)
[M::mem_pestat] low and high boundaries for proper pairs: (1, 8105)
[M::mem_pestat] analyzing insert size distribution for orientation FR...
[M::mem_pestat] (25, 50, 75) percentile: (351, 512, 537)
[M::mem_pestat] low and high boundaries for computing mean and std.dev: (1, 909)
[M::mem_pestat] mean and std.dev: (448.55, 149.20)
[M::mem_pestat] low and high boundaries for proper pairs: (1, 1095)
[M::mem_pestat] skip orientation RF as there are not enough pairs
[M::mem_pestat] analyzing insert size distribution for orientation RR...
[M::mem_pestat] (25, 50, 75) percentile: (1155, 1430, 4045)
[M::mem_pestat] low and high boundaries for computing mean and std.dev: (1, 9825)
[M::mem_pestat] mean and std.dev: (2474.46, 2591.93)
[M::mem_pestat] low and high boundaries for proper pairs: (1, 12842)
[M::mem_pestat] skip orientation FF
[M::mem_pestat] skip orientation RR
[M::mem_process_seqs] Processed 266668 reads in 311.893 CPU sec, 78.213 real sec
[M::process] read 266668 sequences (40000200 bp)...
[M::mem_pestat] # candidate unique pairs for (FF, FR, RF, RR): (26, 12726, 5, 17)
[M::mem_pestat] analyzing insert size distribution for orientation FF...
[M::mem_pestat] (25, 50, 75) percentile: (157, 856, 1147)
[M::mem_pestat] low and high boundaries for computing mean and std.dev: (1, 3127)
[M::mem_pestat] mean and std.dev: (839.58, 785.69)
[M::mem_pestat] low and high boundaries for proper pairs: (1, 4117)
[M::mem_pestat] analyzing insert size distribution for orientation FR...
[M::mem_pestat] (25, 50, 75) percentile: (350, 512, 537)
[M::mem_pestat] low and high boundaries for computing mean and std.dev: (1, 911)
[M::mem_pestat] mean and std.dev: (448.28, 150.29)
[M::mem_pestat] low and high boundaries for proper pairs: (1, 1098)
[M::mem_pestat] skip orientation RF as there are not enough pairs
[M::mem_pestat] analyzing insert size distribution for orientation RR...
[M::mem_pestat] (25, 50, 75) percentile: (699, 1281, 2964)
[M::mem_pestat] low and high boundaries for computing mean and std.dev: (1, 7494)
[M::mem_pestat] mean and std.dev: (1789.12, 1727.81)
[M::mem_pestat] low and high boundaries for proper pairs: (1, 9759)
[M::mem_pestat] skip orientation FF
[M::mem_pestat] skip orientation RR
[M::mem_process_seqs] Processed 266668 reads in 324.527 CPU sec, 81.423 real sec
[M::process] read 266668 sequences (40000200 bp)...
[M::mem_pestat] # candidate unique pairs for (FF, FR, RF, RR): (18, 12742, 9, 10)
[M::mem_pestat] analyzing insert size distribution for orientation FF...
[M::mem_pestat] (25, 50, 75) percentile: (227, 946, 1845)
[M::mem_pestat] low and high boundaries for computing mean and std.dev: (1, 5081)
[M::mem_pestat] mean and std.dev: (1069.94, 869.09)
[M::mem_pestat] low and high boundaries for proper pairs: (1, 6699)
[M::mem_pestat] analyzing insert size distribution for orientation FR...
[M::mem_pestat] (25, 50, 75) percentile: (363, 513, 538)
[M::mem_pestat] low and high boundaries for computing mean and std.dev: (13, 888)
[M::mem_pestat] mean and std.dev: (451.05, 149.07)
[M::mem_pestat] low and high boundaries for proper pairs: (1, 1063)
[M::mem_pestat] skip orientation RF as there are not enough pairs
[M::mem_pestat] analyzing insert size distribution for orientation RR...
[M::mem_pestat] (25, 50, 75) percentile: (249, 1135, 1926)
[M::mem_pestat] low and high boundaries for computing mean and std.dev: (1, 5280)
[M::mem_pestat] mean and std.dev: (1461.70, 1375.51)
[M::mem_pestat] low and high boundaries for proper pairs: (1, 6964)
[M::mem_pestat] skip orientation FF
[M::mem_pestat] skip orientation RR
[M::mem_process_seqs] Processed 266668 reads in 315.508 CPU sec, 79.072 real sec
[M::process] read 266668 sequences (40000200 bp)...
[M::mem_pestat] # candidate unique pairs for (FF, FR, RF, RR): (17, 12808, 5, 15)
[M::mem_pestat] analyzing insert size distribution for orientation FF...
[M::mem_pestat] (25, 50, 75) percentile: (202, 345, 582)
[M::mem_pestat] low and high boundaries for computing mean and std.dev: (1, 1342)
[M::mem_pestat] mean and std.dev: (296.93, 144.05)
[M::mem_pestat] low and high boundaries for proper pairs: (1, 1722)
[M::mem_pestat] analyzing insert size distribution for orientation FR...
[M::mem_pestat] (25, 50, 75) percentile: (360, 513, 538)
[M::mem_pestat] low and high boundaries for computing mean and std.dev: (4, 894)
[M::mem_pestat] mean and std.dev: (450.59, 148.52)
[M::mem_pestat] low and high boundaries for proper pairs: (1, 1072)
[M::mem_pestat] skip orientation RF as there are not enough pairs
[M::mem_pestat] analyzing insert size distribution for orientation RR...
[M::mem_pestat] (25, 50, 75) percentile: (520, 1015, 1718)
[M::mem_pestat] low and high boundaries for computing mean and std.dev: (1, 4114)
[M::mem_pestat] mean and std.dev: (1142.93, 743.68)
[M::mem_pestat] low and high boundaries for proper pairs: (1, 5312)
[M::mem_pestat] skip orientation FF
[M::mem_pestat] skip orientation RR
[M::mem_process_seqs] Processed 266668 reads in 321.579 CPU sec, 80.666 real sec
[M::process] read 266668 sequences (40000200 bp)...
[M::mem_pestat] # candidate unique pairs for (FF, FR, RF, RR): (12, 12897, 3, 11)
[M::mem_pestat] analyzing insert size distribution for orientation FF...
[M::mem_pestat] (25, 50, 75) percentile: (203, 647, 2457)
[M::mem_pestat] low and high boundaries for computing mean and std.dev: (1, 6965)
[M::mem_pestat] mean and std.dev: (1238.83, 1369.67)
[M::mem_pestat] low and high boundaries for proper pairs: (1, 9219)
[M::mem_pestat] analyzing insert size distribution for orientation FR...
[M::mem_pestat] (25, 50, 75) percentile: (362, 512, 537)
[M::mem_pestat] low and high boundaries for computing mean and std.dev: (12, 887)
[M::mem_pestat] mean and std.dev: (451.27, 146.80)
[M::mem_pestat] low and high boundaries for proper pairs: (1, 1062)
[M::mem_pestat] skip orientation RF as there are not enough pairs
[M::mem_pestat] analyzing insert size distribution for orientation RR...
[M::mem_pestat] (25, 50, 75) percentile: (668, 1588, 2002)
[M::mem_pestat] low and high boundaries for computing mean and std.dev: (1, 4670)
[M::mem_pestat] mean and std.dev: (1537.18, 998.26)
[M::mem_pestat] low and high boundaries for proper pairs: (1, 6004)
[M::mem_pestat] skip orientation FF
[M::mem_pestat] skip orientation RR
[M::mem_process_seqs] Processed 266668 reads in 327.488 CPU sec, 82.099 real sec
[M::process] read 266668 sequences (40000200 bp)...
[M::mem_pestat] # candidate unique pairs for (FF, FR, RF, RR): (23, 12724, 5, 19)
[M::mem_pestat] analyzing insert size distribution for orientation FF...
[M::mem_pestat] (25, 50, 75) percentile: (170, 592, 1667)
[M::mem_pestat] low and high boundaries for computing mean and std.dev: (1, 4661)
[M::mem_pestat] mean and std.dev: (851.52, 1000.56)
[M::mem_pestat] low and high boundaries for proper pairs: (1, 6158)
[M::mem_pestat] analyzing insert size distribution for orientation FR...
[M::mem_pestat] (25, 50, 75) percentile: (354, 511, 536)
[M::mem_pestat] low and high boundaries for computing mean and std.dev: (1, 900)
[M::mem_pestat] mean and std.dev: (447.91, 148.46)
[M::mem_pestat] low and high boundaries for proper pairs: (1, 1082)
[M::mem_pestat] skip orientation RF as there are not enough pairs
[M::mem_pestat] analyzing insert size distribution for orientation RR...
[M::mem_pestat] (25, 50, 75) percentile: (235, 642, 1554)
[M::mem_pestat] low and high boundaries for computing mean and std.dev: (1, 4192)
[M::mem_pestat] mean and std.dev: (1094.53, 1094.45)
[M::mem_pestat] low and high boundaries for proper pairs: (1, 5511)
[M::mem_pestat] skip orientation FF
[M::mem_pestat] skip orientation RR
[M::mem_process_seqs] Processed 266668 reads in 323.478 CPU sec, 81.133 real sec
[M::process] read 266668 sequences (40000200 bp)...
[M::mem_pestat] # candidate unique pairs for (FF, FR, RF, RR): (16, 12732, 5, 12)
[M::mem_pestat] analyzing insert size distribution for orientation FF...
[M::mem_pestat] (25, 50, 75) percentile: (385, 1403, 1764)
[M::mem_pestat] low and high boundaries for computing mean and std.dev: (1, 4522)
[M::mem_pestat] mean and std.dev: (1136.12, 737.78)
[M::mem_pestat] low and high boundaries for proper pairs: (1, 5901)
[M::mem_pestat] analyzing insert size distribution for orientation FR...
[M::mem_pestat] (25, 50, 75) percentile: (351, 512, 536)
[M::mem_pestat] low and high boundaries for computing mean and std.dev: (1, 906)
[M::mem_pestat] mean and std.dev: (447.97, 149.12)
[M::mem_pestat] low and high boundaries for proper pairs: (1, 1091)
[M::mem_pestat] skip orientation RF as there are not enough pairs
[M::mem_pestat] analyzing insert size distribution for orientation RR...
[M::mem_pestat] (25, 50, 75) percentile: (366, 771, 1378)
[M::mem_pestat] low and high boundaries for computing mean and std.dev: (1, 3402)
[M::mem_pestat] mean and std.dev: (973.83, 933.10)
[M::mem_pestat] low and high boundaries for proper pairs: (1, 4706)
[M::mem_pestat] skip orientation FF
[M::mem_pestat] skip orientation RR
[M::mem_process_seqs] Processed 266668 reads in 321.567 CPU sec, 82.047 real sec
[M::process] read 266668 sequences (40000200 bp)...
[M::mem_pestat] # candidate unique pairs for (FF, FR, RF, RR): (30, 12793, 5, 16)
[M::mem_pestat] analyzing insert size distribution for orientation FF...
[M::mem_pestat] (25, 50, 75) percentile: (176, 586, 1588)
[M::mem_pestat] low and high boundaries for computing mean and std.dev: (1, 4412)
[M::mem_pestat] mean and std.dev: (914.10, 922.79)
[M::mem_pestat] low and high boundaries for proper pairs: (1, 5824)
[M::mem_pestat] analyzing insert size distribution for orientation FR...
[M::mem_pestat] (25, 50, 75) percentile: (363, 513, 538)
[M::mem_pestat] low and high boundaries for computing mean and std.dev: (13, 888)
[M::mem_pestat] mean and std.dev: (451.63, 148.32)
[M::mem_pestat] low and high boundaries for proper pairs: (1, 1063)
[M::mem_pestat] skip orientation RF as there are not enough pairs
[M::mem_pestat] analyzing insert size distribution for orientation RR...
[M::mem_pestat] (25, 50, 75) percentile: (930, 1458, 2153)
[M::mem_pestat] low and high boundaries for computing mean and std.dev: (1, 4599)
[M::mem_pestat] mean and std.dev: (1337.00, 595.09)
[M::mem_pestat] low and high boundaries for proper pairs: (1, 5822)
[M::mem_pestat] skip orientation FF
[M::mem_pestat] skip orientation RR
[M::mem_process_seqs] Processed 266668 reads in 324.418 CPU sec, 82.984 real sec
[M::process] read 266668 sequences (40000200 bp)...
[M::mem_pestat] # candidate unique pairs for (FF, FR, RF, RR): (23, 12824, 8, 11)
[M::mem_pestat] analyzing insert size distribution for orientation FF...
[M::mem_pestat] (25, 50, 75) percentile: (148, 279, 1072)
[M::mem_pestat] low and high boundaries for computing mean and std.dev: (1, 2920)
[M::mem_pestat] mean and std.dev: (455.00, 596.47)
[M::mem_pestat] low and high boundaries for proper pairs: (1, 3844)
[M::mem_pestat] analyzing insert size distribution for orientation FR...
[M::mem_pestat] (25, 50, 75) percentile: (357, 512, 537)
[M::mem_pestat] low and high boundaries for computing mean and std.dev: (1, 897)
[M::mem_pestat] mean and std.dev: (449.65, 150.55)
[M::mem_pestat] low and high boundaries for proper pairs: (1, 1077)
[M::mem_pestat] skip orientation RF as there are not enough pairs
[M::mem_pestat] analyzing insert size distribution for orientation RR...
[M::mem_pestat] (25, 50, 75) percentile: (343, 646, 925)
[M::mem_pestat] low and high boundaries for computing mean and std.dev: (1, 2089)
[M::mem_pestat] mean and std.dev: (631.60, 468.15)
[M::mem_pestat] low and high boundaries for proper pairs: (1, 2671)
[M::mem_pestat] skip orientation FF
[M::mem_pestat] skip orientation RR
[M::mem_process_seqs] Processed 266668 reads in 324.705 CPU sec, 82.521 real sec
[M::process] read 266668 sequences (40000200 bp)...
[M::mem_pestat] # candidate unique pairs for (FF, FR, RF, RR): (10, 12916, 3, 8)
[M::mem_pestat] analyzing insert size distribution for orientation FF...
[M::mem_pestat] (25, 50, 75) percentile: (111, 554, 993)
[M::mem_pestat] low and high boundaries for computing mean and std.dev: (1, 2757)
[M::mem_pestat] mean and std.dev: (607.33, 749.21)
[M::mem_pestat] low and high boundaries for proper pairs: (1, 3639)
[M::mem_pestat] analyzing insert size distribution for orientation FR...
[M::mem_pestat] (25, 50, 75) percentile: (348, 512, 537)
[M::mem_pestat] low and high boundaries for computing mean and std.dev: (1, 915)
[M::mem_pestat] mean and std.dev: (447.49, 149.47)
[M::mem_pestat] low and high boundaries for proper pairs: (1, 1104)
[M::mem_pestat] skip orientation RF as there are not enough pairs
[M::mem_pestat] skip orientation RR as there are not enough pairs
[M::mem_pestat] skip orientation FF
[M::mem_process_seqs] Processed 266668 reads in 323.610 CPU sec, 81.196 real sec
[M::process] read 266668 sequences (40000200 bp)...
[M::mem_pestat] # candidate unique pairs for (FF, FR, RF, RR): (18, 12572, 1, 14)
[M::mem_pestat] analyzing insert size distribution for orientation FF...
[M::mem_pestat] (25, 50, 75) percentile: (251, 494, 1087)
[M::mem_pestat] low and high boundaries for computing mean and std.dev: (1, 2759)
[M::mem_pestat] mean and std.dev: (521.94, 424.48)
[M::mem_pestat] low and high boundaries for proper pairs: (1, 3595)
[M::mem_pestat] analyzing insert size distribution for orientation FR...
[M::mem_pestat] (25, 50, 75) percentile: (348, 512, 538)
[M::mem_pestat] low and high boundaries for computing mean and std.dev: (1, 918)
[M::mem_pestat] mean and std.dev: (448.45, 150.29)
[M::mem_pestat] low and high boundaries for proper pairs: (1, 1108)
[M::mem_pestat] skip orientation RF as there are not enough pairs
[M::mem_pestat] analyzing insert size distribution for orientation RR...
[M::mem_pestat] (25, 50, 75) percentile: (221, 948, 1218)
[M::mem_pestat] low and high boundaries for computing mean and std.dev: (1, 3212)
[M::mem_pestat] mean and std.dev: (653.50, 451.58)
[M::mem_pestat] low and high boundaries for proper pairs: (1, 4209)
[M::mem_pestat] skip orientation FF
[M::mem_pestat] skip orientation RR
[M::mem_process_seqs] Processed 266668 reads in 317.207 CPU sec, 79.532 real sec
[M::process] read 266668 sequences (40000200 bp)...
[M::mem_pestat] # candidate unique pairs for (FF, FR, RF, RR): (14, 12798, 1, 11)
[M::mem_pestat] analyzing insert size distribution for orientation FF...
[M::mem_pestat] (25, 50, 75) percentile: (201, 614, 1541)
[M::mem_pestat] low and high boundaries for computing mean and std.dev: (1, 4221)
[M::mem_pestat] mean and std.dev: (597.42, 539.15)
[M::mem_pestat] low and high boundaries for proper pairs: (1, 5561)
[M::mem_pestat] analyzing insert size distribution for orientation FR...
[M::mem_pestat] (25, 50, 75) percentile: (352, 512, 537)
[M::mem_pestat] low and high boundaries for computing mean and std.dev: (1, 907)
[M::mem_pestat] mean and std.dev: (448.60, 149.53)
[M::mem_pestat] low and high boundaries for proper pairs: (1, 1092)
[M::mem_pestat] skip orientation RF as there are not enough pairs
[M::mem_pestat] analyzing insert size distribution for orientation RR...
[M::mem_pestat] (25, 50, 75) percentile: (389, 932, 1472)
[M::mem_pestat] low and high boundaries for computing mean and std.dev: (1, 3638)
[M::mem_pestat] mean and std.dev: (952.09, 709.43)
[M::mem_pestat] low and high boundaries for proper pairs: (1, 4721)
[M::mem_pestat] skip orientation FF
[M::mem_pestat] skip orientation RR
[M::mem_process_seqs] Processed 266668 reads in 313.758 CPU sec, 78.593 real sec
[M::process] read 266668 sequences (40000200 bp)...
[M::mem_pestat] # candidate unique pairs for (FF, FR, RF, RR): (17, 12727, 3, 13)
[M::mem_pestat] analyzing insert size distribution for orientation FF...
[M::mem_pestat] (25, 50, 75) percentile: (103, 184, 755)
[M::mem_pestat] low and high boundaries for computing mean and std.dev: (1, 2059)
[M::mem_pestat] mean and std.dev: (373.69, 444.24)
[M::mem_pestat] low and high boundaries for proper pairs: (1, 2711)
[M::mem_pestat] analyzing insert size distribution for orientation FR...
[M::mem_pestat] (25, 50, 75) percentile: (359, 512, 537)
[M::mem_pestat] low and high boundaries for computing mean and std.dev: (3, 893)
[M::mem_pestat] mean and std.dev: (449.35, 149.07)
[M::mem_pestat] low and high boundaries for proper pairs: (1, 1071)
[M::mem_pestat] skip orientation RF as there are not enough pairs
[M::mem_pestat] analyzing insert size distribution for orientation RR...
[M::mem_pestat] (25, 50, 75) percentile: (785, 1179, 3157)
[M::mem_pestat] low and high boundaries for computing mean and std.dev: (1, 7901)
[M::mem_pestat] mean and std.dev: (1512.33, 1258.94)
[M::mem_pestat] low and high boundaries for proper pairs: (1, 10273)
[M::mem_pestat] skip orientation FF
[M::mem_pestat] skip orientation RR
[M::mem_process_seqs] Processed 266668 reads in 315.380 CPU sec, 78.980 real sec
[M::process] read 266668 sequences (40000200 bp)...
[M::mem_pestat] # candidate unique pairs for (FF, FR, RF, RR): (24, 12495, 6, 15)
[M::mem_pestat] analyzing insert size distribution for orientation FF...
[M::mem_pestat] (25, 50, 75) percentile: (177, 760, 2137)
[M::mem_pestat] low and high boundaries for computing mean and std.dev: (1, 6057)
[M::mem_pestat] mean and std.dev: (1242.38, 1339.99)
[M::mem_pestat] low and high boundaries for proper pairs: (1, 8017)
[M::mem_pestat] analyzing insert size distribution for orientation FR...
[M::mem_pestat] (25, 50, 75) percentile: (356, 512, 537)
[M::mem_pestat] low and high boundaries for computing mean and std.dev: (1, 899)
[M::mem_pestat] mean and std.dev: (449.24, 149.19)
[M::mem_pestat] low and high boundaries for proper pairs: (1, 1080)
[M::mem_pestat] skip orientation RF as there are not enough pairs
[M::mem_pestat] analyzing insert size distribution for orientation RR...
[M::mem_pestat] (25, 50, 75) percentile: (186, 271, 2990)
[M::mem_pestat] low and high boundaries for computing mean and std.dev: (1, 8598)
[M::mem_pestat] mean and std.dev: (1623.73, 2272.48)
[M::mem_pestat] low and high boundaries for proper pairs: (1, 11402)
[M::mem_pestat] skip orientation FF
[M::mem_pestat] skip orientation RR
[M::mem_process_seqs] Processed 266668 reads in 310.350 CPU sec, 77.981 real sec
[M::process] read 266668 sequences (40000200 bp)...
[M::mem_pestat] # candidate unique pairs for (FF, FR, RF, RR): (24, 12818, 4, 16)
[M::mem_pestat] analyzing insert size distribution for orientation FF...
[M::mem_pestat] (25, 50, 75) percentile: (200, 1071, 1534)
[M::mem_pestat] low and high boundaries for computing mean and std.dev: (1, 4202)
[M::mem_pestat] mean and std.dev: (1020.78, 798.84)
[M::mem_pestat] low and high boundaries for proper pairs: (1, 5536)
[M::mem_pestat] analyzing insert size distribution for orientation FR...
[M::mem_pestat] (25, 50, 75) percentile: (346, 512, 536)
[M::mem_pestat] low and high boundaries for computing mean and std.dev: (1, 916)
[M::mem_pestat] mean and std.dev: (446.53, 150.51)
[M::mem_pestat] low and high boundaries for proper pairs: (1, 1106)
[M::mem_pestat] skip orientation RF as there are not enough pairs
[M::mem_pestat] analyzing insert size distribution for orientation RR...
[M::mem_pestat] (25, 50, 75) percentile: (540, 831, 1321)
[M::mem_pestat] low and high boundaries for computing mean and std.dev: (1, 2883)
[M::mem_pestat] mean and std.dev: (802.29, 644.91)
[M::mem_pestat] low and high boundaries for proper pairs: (1, 3664)
[M::mem_pestat] skip orientation FF
[M::mem_pestat] skip orientation RR
[M::mem_process_seqs] Processed 266668 reads in 314.150 CPU sec, 79.161 real sec
[M::process] read 266668 sequences (40000200 bp)...
[M::mem_pestat] # candidate unique pairs for (FF, FR, RF, RR): (16, 12820, 8, 18)
[M::mem_pestat] analyzing insert size distribution for orientation FF...
[M::mem_pestat] (25, 50, 75) percentile: (208, 978, 1603)
[M::mem_pestat] low and high boundaries for computing mean and std.dev: (1, 4393)
[M::mem_pestat] mean and std.dev: (960.00, 1004.98)
[M::mem_pestat] low and high boundaries for proper pairs: (1, 5788)
[M::mem_pestat] analyzing insert size distribution for orientation FR...
[M::mem_pestat] (25, 50, 75) percentile: (353, 512, 538)
[M::mem_pestat] low and high boundaries for computing mean and std.dev: (1, 908)
[M::mem_pestat] mean and std.dev: (449.16, 149.66)
[M::mem_pestat] low and high boundaries for proper pairs: (1, 1093)
[M::mem_pestat] skip orientation RF as there are not enough pairs
[M::mem_pestat] analyzing insert size distribution for orientation RR...
[M::mem_pestat] (25, 50, 75) percentile: (220, 767, 1246)
[M::mem_pestat] low and high boundaries for computing mean and std.dev: (1, 3298)
[M::mem_pestat] mean and std.dev: (731.00, 638.14)
[M::mem_pestat] low and high boundaries for proper pairs: (1, 4324)
[M::mem_pestat] skip orientation FF
[M::mem_pestat] skip orientation RR
[M::mem_process_seqs] Processed 266668 reads in 314.209 CPU sec, 79.248 real sec
[M::process] read 266668 sequences (40000200 bp)...
[M::mem_pestat] # candidate unique pairs for (FF, FR, RF, RR): (24, 12931, 3, 15)
[M::mem_pestat] analyzing insert size distribution for orientation FF...
[M::mem_pestat] (25, 50, 75) percentile: (148, 216, 1077)
[M::mem_pestat] low and high boundaries for computing mean and std.dev: (1, 2935)
[M::mem_pestat] mean and std.dev: (565.75, 594.90)
[M::mem_pestat] low and high boundaries for proper pairs: (1, 3864)
[M::mem_pestat] analyzing insert size distribution for orientation FR...
[M::mem_pestat] (25, 50, 75) percentile: (361, 513, 539)
[M::mem_pestat] low and high boundaries for computing mean and std.dev: (5, 895)
[M::mem_pestat] mean and std.dev: (450.69, 150.13)
[M::mem_pestat] low and high boundaries for proper pairs: (1, 1073)
[M::mem_pestat] skip orientation RF as there are not enough pairs
[M::mem_pestat] analyzing insert size distribution for orientation RR...
[M::mem_pestat] (25, 50, 75) percentile: (560, 1019, 2164)
[M::mem_pestat] low and high boundaries for computing mean and std.dev: (1, 5372)
[M::mem_pestat] mean and std.dev: (1473.29, 1462.19)
[M::mem_pestat] low and high boundaries for proper pairs: (1, 7322)
[M::mem_pestat] skip orientation FF
[M::mem_pestat] skip orientation RR
[M::mem_process_seqs] Processed 266668 reads in 314.325 CPU sec, 78.726 real sec
[M::process] read 266668 sequences (40000200 bp)...
[M::mem_pestat] # candidate unique pairs for (FF, FR, RF, RR): (10, 12869, 5, 12)
[M::mem_pestat] analyzing insert size distribution for orientation FF...
[M::mem_pestat] (25, 50, 75) percentile: (149, 1105, 1379)
[M::mem_pestat] low and high boundaries for computing mean and std.dev: (1, 3839)
[M::mem_pestat] mean and std.dev: (1104.90, 1093.20)
[M::mem_pestat] low and high boundaries for proper pairs: (1, 5478)
[M::mem_pestat] analyzing insert size distribution for orientation FR...
[M::mem_pestat] (25, 50, 75) percentile: (354, 512, 537)
[M::mem_pestat] low and high boundaries for computing mean and std.dev: (1, 903)
[M::mem_pestat] mean and std.dev: (448.75, 149.61)
[M::mem_pestat] low and high boundaries for proper pairs: (1, 1086)
[M::mem_pestat] skip orientation RF as there are not enough pairs
[M::mem_pestat] analyzing insert size distribution for orientation RR...
[M::mem_pestat] (25, 50, 75) percentile: (1161, 1568, 3104)
[M::mem_pestat] low and high boundaries for computing mean and std.dev: (1, 6990)
[M::mem_pestat] mean and std.dev: (1860.00, 1221.21)
[M::mem_pestat] low and high boundaries for proper pairs: (1, 8933)
[M::mem_pestat] skip orientation FF
[M::mem_pestat] skip orientation RR
[M::mem_process_seqs] Processed 266668 reads in 314.673 CPU sec, 78.801 real sec
[M::process] read 266668 sequences (40000200 bp)...
[M::mem_pestat] # candidate unique pairs for (FF, FR, RF, RR): (18, 12721, 3, 24)
[M::mem_pestat] analyzing insert size distribution for orientation FF...
[M::mem_pestat] (25, 50, 75) percentile: (184, 720, 2139)
[M::mem_pestat] low and high boundaries for computing mean and std.dev: (1, 6049)
[M::mem_pestat] mean and std.dev: (1017.65, 1085.43)
[M::mem_pestat] low and high boundaries for proper pairs: (1, 8004)
[M::mem_pestat] analyzing insert size distribution for orientation FR...
[M::mem_pestat] (25, 50, 75) percentile: (366, 512, 538)
[M::mem_pestat] low and high boundaries for computing mean and std.dev: (22, 882)
[M::mem_pestat] mean and std.dev: (451.26, 147.50)
[M::mem_pestat] low and high boundaries for proper pairs: (1, 1054)
[M::mem_pestat] skip orientation RF as there are not enough pairs
[M::mem_pestat] analyzing insert size distribution for orientation RR...
[M::mem_pestat] (25, 50, 75) percentile: (615, 1393, 1881)
[M::mem_pestat] low and high boundaries for computing mean and std.dev: (1, 4413)
[M::mem_pestat] mean and std.dev: (1140.27, 839.05)
[M::mem_pestat] low and high boundaries for proper pairs: (1, 5679)
[M::mem_pestat] skip orientation FF
[M::mem_pestat] skip orientation RR
[M::mem_process_seqs] Processed 266668 reads in 316.357 CPU sec, 79.381 real sec
[M::process] read 266584 sequences (39987600 bp)...
[M::mem_pestat] # candidate unique pairs for (FF, FR, RF, RR): (19, 12482, 6, 20)
[M::mem_pestat] analyzing insert size distribution for orientation FF...
[M::mem_pestat] (25, 50, 75) percentile: (163, 223, 1092)
[M::mem_pestat] low and high boundaries for computing mean and std.dev: (1, 2950)
[M::mem_pestat] mean and std.dev: (593.05, 592.98)
[M::mem_pestat] low and high boundaries for proper pairs: (1, 3879)
[M::mem_pestat] analyzing insert size distribution for orientation FR...
[M::mem_pestat] (25, 50, 75) percentile: (349, 512, 538)
[M::mem_pestat] low and high boundaries for computing mean and std.dev: (1, 916)
[M::mem_pestat] mean and std.dev: (447.48, 149.70)
[M::mem_pestat] low and high boundaries for proper pairs: (1, 1105)
[M::mem_pestat] skip orientation RF as there are not enough pairs
[M::mem_pestat] analyzing insert size distribution for orientation RR...
[M::mem_pestat] (25, 50, 75) percentile: (285, 855, 1266)
[M::mem_pestat] low and high boundaries for computing mean and std.dev: (1, 3228)
[M::mem_pestat] mean and std.dev: (761.21, 525.49)
[M::mem_pestat] low and high boundaries for proper pairs: (1, 4209)
[M::mem_pestat] skip orientation FF
[M::mem_pestat] skip orientation RR
[M::mem_process_seqs] Processed 266668 reads in 333.505 CPU sec, 83.599 real sec
[M::mem_pestat] # candidate unique pairs for (FF, FR, RF, RR): (19, 12834, 7, 16)
[M::mem_pestat] analyzing insert size distribution for orientation FF...
[M::mem_pestat] (25, 50, 75) percentile: (177, 371, 1829)
[M::mem_pestat] low and high boundaries for computing mean and std.dev: (1, 5133)
[M::mem_pestat] mean and std.dev: (1153.53, 1446.20)
[M::mem_pestat] low and high boundaries for proper pairs: (1, 6938)
[M::mem_pestat] analyzing insert size distribution for orientation FR...
[M::mem_pestat] (25, 50, 75) percentile: (355, 512, 538)
[M::mem_pestat] low and high boundaries for computing mean and std.dev: (1, 904)
[M::mem_pestat] mean and std.dev: (450.20, 148.48)
[M::mem_pestat] low and high boundaries for proper pairs: (1, 1087)
[M::mem_pestat] skip orientation RF as there are not enough pairs
[M::mem_pestat] analyzing insert size distribution for orientation RR...
[M::mem_pestat] (25, 50, 75) percentile: (835, 1268, 1900)
[M::mem_pestat] low and high boundaries for computing mean and std.dev: (1, 4030)
[M::mem_pestat] mean and std.dev: (1207.47, 603.69)
[M::mem_pestat] low and high boundaries for proper pairs: (1, 5095)
[M::mem_pestat] skip orientation FF
[M::mem_pestat] skip orientation RR
[M::mem_process_seqs] Processed 266584 reads in 326.917 CPU sec, 82.128 real sec
[main] Version: 0.7.17-r1188
[main] CMD: bwa mem -t 4 -a /mnt/raid6/bacphagenetwork/data/bwa_index/chm13v2.0_noY.fa /mnt/raid6/bacphagenetwork/data/skin_metagenome/Beijing/02_rm_host/BJ131_1.fastq.gz /mnt/raid6/bacphagenetwork/data/skin_metagenome/Beijing/02_rm_host/BJ131_2.fastq.gz
[main] Real time: 5399.612 sec; CPU: 21408.422 sec
