/home/bacphagenetwork/.bashrc: line 15: Custom: command not found
[M::bwa_idx_load_from_disk] read 0 ALT contigs
[M::process] read 266668 sequences (40000200 bp)...
[M::process] read 266668 sequences (40000200 bp)...
[M::mem_pestat] # candidate unique pairs for (FF, FR, RF, RR): (74, 46336, 19, 65)
[M::mem_pestat] analyzing insert size distribution for orientation FF...
[M::mem_pestat] (25, 50, 75) percentile: (171, 528, 1326)
[M::mem_pestat] low and high boundaries for computing mean and std.dev: (1, 3636)
[M::mem_pestat] mean and std.dev: (843.17, 892.57)
[M::mem_pestat] low and high boundaries for proper pairs: (1, 4791)
[M::mem_pestat] analyzing insert size distribution for orientation FR...
[M::mem_pestat] (25, 50, 75) percentile: (507, 524, 552)
[M::mem_pestat] low and high boundaries for computing mean and std.dev: (417, 642)
[M::mem_pestat] mean and std.dev: (535.29, 32.73)
[M::mem_pestat] low and high boundaries for proper pairs: (372, 687)
[M::mem_pestat] analyzing insert size distribution for orientation RF...
[M::mem_pestat] (25, 50, 75) percentile: (263, 723, 942)
[M::mem_pestat] low and high boundaries for computing mean and std.dev: (1, 2300)
[M::mem_pestat] mean and std.dev: (548.18, 426.75)
[M::mem_pestat] low and high boundaries for proper pairs: (1, 2979)
[M::mem_pestat] analyzing insert size distribution for orientation RR...
[M::mem_pestat] (25, 50, 75) percentile: (562, 1036, 1777)
[M::mem_pestat] low and high boundaries for computing mean and std.dev: (1, 4207)
[M::mem_pestat] mean and std.dev: (1090.73, 789.48)
[M::mem_pestat] low and high boundaries for proper pairs: (1, 5422)
[M::mem_pestat] skip orientation FF
[M::mem_pestat] skip orientation RF
[M::mem_pestat] skip orientation RR
[M::mem_process_seqs] Processed 266668 reads in 405.693 CPU sec, 104.483 real sec
[M::process] read 266668 sequences (40000200 bp)...
[M::mem_pestat] # candidate unique pairs for (FF, FR, RF, RR): (63, 45412, 22, 51)
[M::mem_pestat] analyzing insert size distribution for orientation FF...
[M::mem_pestat] (25, 50, 75) percentile: (206, 523, 1344)
[M::mem_pestat] low and high boundaries for computing mean and std.dev: (1, 3620)
[M::mem_pestat] mean and std.dev: (761.60, 805.91)
[M::mem_pestat] low and high boundaries for proper pairs: (1, 4758)
[M::mem_pestat] analyzing insert size distribution for orientation FR...
[M::mem_pestat] (25, 50, 75) percentile: (507, 523, 551)
[M::mem_pestat] low and high boundaries for computing mean and std.dev: (419, 639)
[M::mem_pestat] mean and std.dev: (534.76, 31.98)
[M::mem_pestat] low and high boundaries for proper pairs: (375, 683)
[M::mem_pestat] analyzing insert size distribution for orientation RF...
[M::mem_pestat] (25, 50, 75) percentile: (203, 800, 1459)
[M::mem_pestat] low and high boundaries for computing mean and std.dev: (1, 3971)
[M::mem_pestat] mean and std.dev: (929.19, 878.46)
[M::mem_pestat] low and high boundaries for proper pairs: (1, 5227)
[M::mem_pestat] analyzing insert size distribution for orientation RR...
[M::mem_pestat] (25, 50, 75) percentile: (862, 1308, 2014)
[M::mem_pestat] low and high boundaries for computing mean and std.dev: (1, 4318)
[M::mem_pestat] mean and std.dev: (1283.85, 710.56)
[M::mem_pestat] low and high boundaries for proper pairs: (1, 5470)
[M::mem_pestat] skip orientation FF
[M::mem_pestat] skip orientation RF
[M::mem_pestat] skip orientation RR
[M::mem_process_seqs] Processed 266668 reads in 422.128 CPU sec, 107.573 real sec
[M::process] read 266668 sequences (40000200 bp)...
[M::mem_pestat] # candidate unique pairs for (FF, FR, RF, RR): (64, 45881, 15, 51)
[M::mem_pestat] analyzing insert size distribution for orientation FF...
[M::mem_pestat] (25, 50, 75) percentile: (178, 398, 1215)
[M::mem_pestat] low and high boundaries for computing mean and std.dev: (1, 3289)
[M::mem_pestat] mean and std.dev: (715.85, 741.73)
[M::mem_pestat] low and high boundaries for proper pairs: (1, 4326)
[M::mem_pestat] analyzing insert size distribution for orientation FR...
[M::mem_pestat] (25, 50, 75) percentile: (507, 524, 552)
[M::mem_pestat] low and high boundaries for computing mean and std.dev: (417, 642)
[M::mem_pestat] mean and std.dev: (535.31, 32.53)
[M::mem_pestat] low and high boundaries for proper pairs: (372, 687)
[M::mem_pestat] analyzing insert size distribution for orientation RF...
[M::mem_pestat] (25, 50, 75) percentile: (399, 467, 2719)
[M::mem_pestat] low and high boundaries for computing mean and std.dev: (1, 7359)
[M::mem_pestat] mean and std.dev: (1305.86, 1832.83)
[M::mem_pestat] low and high boundaries for proper pairs: (1, 9679)
[M::mem_pestat] analyzing insert size distribution for orientation RR...
[M::mem_pestat] (25, 50, 75) percentile: (646, 1052, 1553)
[M::mem_pestat] low and high boundaries for computing mean and std.dev: (1, 3367)
[M::mem_pestat] mean and std.dev: (1048.30, 636.02)
[M::mem_pestat] low and high boundaries for proper pairs: (1, 4274)
[M::mem_pestat] skip orientation FF
[M::mem_pestat] skip orientation RF
[M::mem_pestat] skip orientation RR
[M::mem_process_seqs] Processed 266668 reads in 421.317 CPU sec, 107.464 real sec
[M::process] read 266668 sequences (40000200 bp)...
[M::mem_pestat] # candidate unique pairs for (FF, FR, RF, RR): (51, 46195, 25, 57)
[M::mem_pestat] analyzing insert size distribution for orientation FF...
[M::mem_pestat] (25, 50, 75) percentile: (256, 487, 1601)
[M::mem_pestat] low and high boundaries for computing mean and std.dev: (1, 4291)
[M::mem_pestat] mean and std.dev: (836.17, 880.32)
[M::mem_pestat] low and high boundaries for proper pairs: (1, 5636)
[M::mem_pestat] analyzing insert size distribution for orientation FR...
[M::mem_pestat] (25, 50, 75) percentile: (507, 524, 551)
[M::mem_pestat] low and high boundaries for computing mean and std.dev: (419, 639)
[M::mem_pestat] mean and std.dev: (534.90, 32.24)
[M::mem_pestat] low and high boundaries for proper pairs: (375, 683)
[M::mem_pestat] analyzing insert size distribution for orientation RF...
[M::mem_pestat] (25, 50, 75) percentile: (26, 429, 1048)
[M::mem_pestat] low and high boundaries for computing mean and std.dev: (1, 3092)
[M::mem_pestat] mean and std.dev: (537.48, 606.06)
[M::mem_pestat] low and high boundaries for proper pairs: (1, 4114)
[M::mem_pestat] analyzing insert size distribution for orientation RR...
[M::mem_pestat] (25, 50, 75) percentile: (818, 1230, 1967)
[M::mem_pestat] low and high boundaries for computing mean and std.dev: (1, 4265)
[M::mem_pestat] mean and std.dev: (1301.38, 804.84)
[M::mem_pestat] low and high boundaries for proper pairs: (1, 5414)
[M::mem_pestat] skip orientation FF
[M::mem_pestat] skip orientation RF
[M::mem_pestat] skip orientation RR
[M::mem_process_seqs] Processed 266668 reads in 416.830 CPU sec, 104.656 real sec
[M::process] read 266668 sequences (40000200 bp)...
[M::mem_pestat] # candidate unique pairs for (FF, FR, RF, RR): (64, 46089, 18, 49)
[M::mem_pestat] analyzing insert size distribution for orientation FF...
[M::mem_pestat] (25, 50, 75) percentile: (158, 413, 1170)
[M::mem_pestat] low and high boundaries for computing mean and std.dev: (1, 3194)
[M::mem_pestat] mean and std.dev: (632.54, 653.38)
[M::mem_pestat] low and high boundaries for proper pairs: (1, 4206)
[M::mem_pestat] analyzing insert size distribution for orientation FR...
[M::mem_pestat] (25, 50, 75) percentile: (507, 523, 552)
[M::mem_pestat] low and high boundaries for computing mean and std.dev: (417, 642)
[M::mem_pestat] mean and std.dev: (535.28, 32.57)
[M::mem_pestat] low and high boundaries for proper pairs: (372, 687)
[M::mem_pestat] analyzing insert size distribution for orientation RF...
[M::mem_pestat] (25, 50, 75) percentile: (35, 495, 1233)
[M::mem_pestat] low and high boundaries for computing mean and std.dev: (1, 3629)
[M::mem_pestat] mean and std.dev: (654.12, 866.15)
[M::mem_pestat] low and high boundaries for proper pairs: (1, 4827)
[M::mem_pestat] analyzing insert size distribution for orientation RR...
[M::mem_pestat] (25, 50, 75) percentile: (324, 1038, 2166)
[M::mem_pestat] low and high boundaries for computing mean and std.dev: (1, 5850)
[M::mem_pestat] mean and std.dev: (1255.00, 1115.03)
[M::mem_pestat] low and high boundaries for proper pairs: (1, 7692)
[M::mem_pestat] skip orientation FF
[M::mem_pestat] skip orientation RF
[M::mem_pestat] skip orientation RR
[M::mem_process_seqs] Processed 266668 reads in 413.154 CPU sec, 103.625 real sec
[M::process] read 266668 sequences (40000200 bp)...
[M::mem_pestat] # candidate unique pairs for (FF, FR, RF, RR): (71, 45849, 15, 54)
[M::mem_pestat] analyzing insert size distribution for orientation FF...
[M::mem_pestat] (25, 50, 75) percentile: (209, 478, 1212)
[M::mem_pestat] low and high boundaries for computing mean and std.dev: (1, 3218)
[M::mem_pestat] mean and std.dev: (718.91, 675.15)
[M::mem_pestat] low and high boundaries for proper pairs: (1, 4221)
[M::mem_pestat] analyzing insert size distribution for orientation FR...
[M::mem_pestat] (25, 50, 75) percentile: (507, 524, 552)
[M::mem_pestat] low and high boundaries for computing mean and std.dev: (417, 642)
[M::mem_pestat] mean and std.dev: (535.27, 32.71)
[M::mem_pestat] low and high boundaries for proper pairs: (372, 687)
[M::mem_pestat] analyzing insert size distribution for orientation RF...
[M::mem_pestat] (25, 50, 75) percentile: (303, 662, 1721)
[M::mem_pestat] low and high boundaries for computing mean and std.dev: (1, 4557)
[M::mem_pestat] mean and std.dev: (991.00, 1058.78)
[M::mem_pestat] low and high boundaries for proper pairs: (1, 5975)
[M::mem_pestat] analyzing insert size distribution for orientation RR...
[M::mem_pestat] (25, 50, 75) percentile: (305, 911, 1425)
[M::mem_pestat] low and high boundaries for computing mean and std.dev: (1, 3665)
[M::mem_pestat] mean and std.dev: (885.66, 628.49)
[M::mem_pestat] low and high boundaries for proper pairs: (1, 4785)
[M::mem_pestat] skip orientation FF
[M::mem_pestat] skip orientation RF
[M::mem_pestat] skip orientation RR
[M::mem_process_seqs] Processed 266668 reads in 420.983 CPU sec, 105.867 real sec
[M::process] read 266668 sequences (40000200 bp)...
[M::mem_pestat] # candidate unique pairs for (FF, FR, RF, RR): (64, 45498, 23, 57)
[M::mem_pestat] analyzing insert size distribution for orientation FF...
[M::mem_pestat] (25, 50, 75) percentile: (176, 281, 1314)
[M::mem_pestat] low and high boundaries for computing mean and std.dev: (1, 3590)
[M::mem_pestat] mean and std.dev: (560.31, 607.85)
[M::mem_pestat] low and high boundaries for proper pairs: (1, 4728)
[M::mem_pestat] analyzing insert size distribution for orientation FR...
[M::mem_pestat] (25, 50, 75) percentile: (507, 524, 551)
[M::mem_pestat] low and high boundaries for computing mean and std.dev: (419, 639)
[M::mem_pestat] mean and std.dev: (534.69, 31.87)
[M::mem_pestat] low and high boundaries for proper pairs: (375, 683)
[M::mem_pestat] analyzing insert size distribution for orientation RF...
[M::mem_pestat] (25, 50, 75) percentile: (301, 405, 1859)
[M::mem_pestat] low and high boundaries for computing mean and std.dev: (1, 4975)
[M::mem_pestat] mean and std.dev: (1003.73, 1143.71)
[M::mem_pestat] low and high boundaries for proper pairs: (1, 6533)
[M::mem_pestat] analyzing insert size distribution for orientation RR...
[M::mem_pestat] (25, 50, 75) percentile: (365, 1029, 1971)
[M::mem_pestat] low and high boundaries for computing mean and std.dev: (1, 5183)
[M::mem_pestat] mean and std.dev: (1270.96, 1079.80)
[M::mem_pestat] low and high boundaries for proper pairs: (1, 6789)
[M::mem_pestat] skip orientation FF
[M::mem_pestat] skip orientation RF
[M::mem_pestat] skip orientation RR
[M::mem_process_seqs] Processed 266668 reads in 432.634 CPU sec, 110.435 real sec
[M::process] read 266668 sequences (40000200 bp)...
[M::mem_pestat] # candidate unique pairs for (FF, FR, RF, RR): (67, 46317, 23, 51)
[M::mem_pestat] analyzing insert size distribution for orientation FF...
[M::mem_pestat] (25, 50, 75) percentile: (208, 531, 1148)
[M::mem_pestat] low and high boundaries for computing mean and std.dev: (1, 3028)
[M::mem_pestat] mean and std.dev: (709.20, 656.14)
[M::mem_pestat] low and high boundaries for proper pairs: (1, 3968)
[M::mem_pestat] analyzing insert size distribution for orientation FR...
[M::mem_pestat] (25, 50, 75) percentile: (507, 524, 552)
[M::mem_pestat] low and high boundaries for computing mean and std.dev: (417, 642)
[M::mem_pestat] mean and std.dev: (535.52, 32.66)
[M::mem_pestat] low and high boundaries for proper pairs: (372, 687)
[M::mem_pestat] analyzing insert size distribution for orientation RF...
[M::mem_pestat] (25, 50, 75) percentile: (667, 1065, 2070)
[M::mem_pestat] low and high boundaries for computing mean and std.dev: (1, 4876)
[M::mem_pestat] mean and std.dev: (977.32, 629.75)
[M::mem_pestat] low and high boundaries for proper pairs: (1, 6279)
[M::mem_pestat] analyzing insert size distribution for orientation RR...
[M::mem_pestat] (25, 50, 75) percentile: (296, 957, 1706)
[M::mem_pestat] low and high boundaries for computing mean and std.dev: (1, 4526)
[M::mem_pestat] mean and std.dev: (1064.60, 959.47)
[M::mem_pestat] low and high boundaries for proper pairs: (1, 5936)
[M::mem_pestat] skip orientation FF
[M::mem_pestat] skip orientation RF
[M::mem_pestat] skip orientation RR
[M::mem_process_seqs] Processed 266668 reads in 414.911 CPU sec, 106.452 real sec
[M::process] read 266668 sequences (40000200 bp)...
[M::mem_pestat] # candidate unique pairs for (FF, FR, RF, RR): (74, 46024, 14, 45)
[M::mem_pestat] analyzing insert size distribution for orientation FF...
[M::mem_pestat] (25, 50, 75) percentile: (198, 476, 1374)
[M::mem_pestat] low and high boundaries for computing mean and std.dev: (1, 3726)
[M::mem_pestat] mean and std.dev: (765.25, 760.50)
[M::mem_pestat] low and high boundaries for proper pairs: (1, 4902)
[M::mem_pestat] analyzing insert size distribution for orientation FR...
[M::mem_pestat] (25, 50, 75) percentile: (507, 524, 551)
[M::mem_pestat] low and high boundaries for computing mean and std.dev: (419, 639)
[M::mem_pestat] mean and std.dev: (534.80, 31.90)
[M::mem_pestat] low and high boundaries for proper pairs: (375, 683)
[M::mem_pestat] analyzing insert size distribution for orientation RF...
[M::mem_pestat] (25, 50, 75) percentile: (62, 340, 906)
[M::mem_pestat] low and high boundaries for computing mean and std.dev: (1, 2594)
[M::mem_pestat] mean and std.dev: (392.92, 395.27)
[M::mem_pestat] low and high boundaries for proper pairs: (1, 3438)
[M::mem_pestat] analyzing insert size distribution for orientation RR...
[M::mem_pestat] (25, 50, 75) percentile: (564, 1003, 1529)
[M::mem_pestat] low and high boundaries for computing mean and std.dev: (1, 3459)
[M::mem_pestat] mean and std.dev: (987.63, 684.61)
[M::mem_pestat] low and high boundaries for proper pairs: (1, 4424)
[M::mem_pestat] skip orientation FF
[M::mem_pestat] skip orientation RF
[M::mem_pestat] skip orientation RR
[M::mem_process_seqs] Processed 266668 reads in 417.565 CPU sec, 106.421 real sec
[M::process] read 266668 sequences (40000200 bp)...
[M::mem_pestat] # candidate unique pairs for (FF, FR, RF, RR): (74, 46473, 17, 53)
[M::mem_pestat] analyzing insert size distribution for orientation FF...
[M::mem_pestat] (25, 50, 75) percentile: (169, 342, 1258)
[M::mem_pestat] low and high boundaries for computing mean and std.dev: (1, 3436)
[M::mem_pestat] mean and std.dev: (689.36, 746.14)
[M::mem_pestat] low and high boundaries for proper pairs: (1, 4525)
[M::mem_pestat] analyzing insert size distribution for orientation FR...
[M::mem_pestat] (25, 50, 75) percentile: (507, 524, 551)
[M::mem_pestat] low and high boundaries for computing mean and std.dev: (419, 639)
[M::mem_pestat] mean and std.dev: (534.82, 32.03)
[M::mem_pestat] low and high boundaries for proper pairs: (375, 683)
[M::mem_pestat] analyzing insert size distribution for orientation RF...
[M::mem_pestat] (25, 50, 75) percentile: (199, 607, 1891)
[M::mem_pestat] low and high boundaries for computing mean and std.dev: (1, 5275)
[M::mem_pestat] mean and std.dev: (1023.19, 1292.95)
[M::mem_pestat] low and high boundaries for proper pairs: (1, 6967)
[M::mem_pestat] analyzing insert size distribution for orientation RR...
[M::mem_pestat] (25, 50, 75) percentile: (276, 875, 2055)
[M::mem_pestat] low and high boundaries for computing mean and std.dev: (1, 5613)
[M::mem_pestat] mean and std.dev: (1224.96, 1162.40)
[M::mem_pestat] low and high boundaries for proper pairs: (1, 7392)
[M::mem_pestat] skip orientation FF
[M::mem_pestat] skip orientation RF
[M::mem_pestat] skip orientation RR
[M::mem_process_seqs] Processed 266668 reads in 420.079 CPU sec, 105.457 real sec
[M::process] read 266668 sequences (40000200 bp)...
[M::mem_pestat] # candidate unique pairs for (FF, FR, RF, RR): (79, 46088, 19, 45)
[M::mem_pestat] analyzing insert size distribution for orientation FF...
[M::mem_pestat] (25, 50, 75) percentile: (176, 335, 1179)
[M::mem_pestat] low and high boundaries for computing mean and std.dev: (1, 3185)
[M::mem_pestat] mean and std.dev: (640.15, 657.97)
[M::mem_pestat] low and high boundaries for proper pairs: (1, 4188)
[M::mem_pestat] analyzing insert size distribution for orientation FR...
[M::mem_pestat] (25, 50, 75) percentile: (507, 523, 551)
[M::mem_pestat] low and high boundaries for computing mean and std.dev: (419, 639)
[M::mem_pestat] mean and std.dev: (534.62, 32.03)
[M::mem_pestat] low and high boundaries for proper pairs: (375, 683)
[M::mem_pestat] analyzing insert size distribution for orientation RF...
[M::mem_pestat] (25, 50, 75) percentile: (24, 472, 1223)
[M::mem_pestat] low and high boundaries for computing mean and std.dev: (1, 3621)
[M::mem_pestat] mean and std.dev: (521.62, 532.04)
[M::mem_pestat] low and high boundaries for proper pairs: (1, 4820)
[M::mem_pestat] analyzing insert size distribution for orientation RR...
[M::mem_pestat] (25, 50, 75) percentile: (636, 1117, 1755)
[M::mem_pestat] low and high boundaries for computing mean and std.dev: (1, 3993)
[M::mem_pestat] mean and std.dev: (1123.91, 709.30)
[M::mem_pestat] low and high boundaries for proper pairs: (1, 5112)
[M::mem_pestat] skip orientation FF
[M::mem_pestat] skip orientation RF
[M::mem_pestat] skip orientation RR
[M::mem_process_seqs] Processed 266668 reads in 421.060 CPU sec, 105.695 real sec
[M::process] read 266668 sequences (40000200 bp)...
[M::mem_pestat] # candidate unique pairs for (FF, FR, RF, RR): (59, 46291, 18, 52)
[M::mem_pestat] analyzing insert size distribution for orientation FF...
[M::mem_pestat] (25, 50, 75) percentile: (146, 248, 857)
[M::mem_pestat] low and high boundaries for computing mean and std.dev: (1, 2279)
[M::mem_pestat] mean and std.dev: (517.84, 561.43)
[M::mem_pestat] low and high boundaries for proper pairs: (1, 2990)
[M::mem_pestat] analyzing insert size distribution for orientation FR...
[M::mem_pestat] (25, 50, 75) percentile: (507, 524, 552)
[M::mem_pestat] low and high boundaries for computing mean and std.dev: (417, 642)
[M::mem_pestat] mean and std.dev: (535.45, 32.74)
[M::mem_pestat] low and high boundaries for proper pairs: (372, 687)
[M::mem_pestat] analyzing insert size distribution for orientation RF...
[M::mem_pestat] (25, 50, 75) percentile: (339, 1020, 2286)
[M::mem_pestat] low and high boundaries for computing mean and std.dev: (1, 6180)
[M::mem_pestat] mean and std.dev: (1142.69, 954.66)
[M::mem_pestat] low and high boundaries for proper pairs: (1, 8127)
[M::mem_pestat] analyzing insert size distribution for orientation RR...
[M::mem_pestat] (25, 50, 75) percentile: (300, 702, 1071)
[M::mem_pestat] low and high boundaries for computing mean and std.dev: (1, 2613)
[M::mem_pestat] mean and std.dev: (615.11, 444.38)
[M::mem_pestat] low and high boundaries for proper pairs: (1, 3384)
[M::mem_pestat] skip orientation FF
[M::mem_pestat] skip orientation RF
[M::mem_pestat] skip orientation RR
[M::mem_process_seqs] Processed 266668 reads in 417.396 CPU sec, 104.730 real sec
[M::process] read 266668 sequences (40000200 bp)...
[M::mem_pestat] # candidate unique pairs for (FF, FR, RF, RR): (68, 46230, 22, 57)
[M::mem_pestat] analyzing insert size distribution for orientation FF...
[M::mem_pestat] (25, 50, 75) percentile: (207, 380, 1494)
[M::mem_pestat] low and high boundaries for computing mean and std.dev: (1, 4068)
[M::mem_pestat] mean and std.dev: (762.88, 857.52)
[M::mem_pestat] low and high boundaries for proper pairs: (1, 5355)
[M::mem_pestat] analyzing insert size distribution for orientation FR...
[M::mem_pestat] (25, 50, 75) percentile: (507, 524, 552)
[M::mem_pestat] low and high boundaries for computing mean and std.dev: (417, 642)
[M::mem_pestat] mean and std.dev: (535.15, 32.59)
[M::mem_pestat] low and high boundaries for proper pairs: (372, 687)
[M::mem_pestat] analyzing insert size distribution for orientation RF...
[M::mem_pestat] (25, 50, 75) percentile: (281, 704, 1500)
[M::mem_pestat] low and high boundaries for computing mean and std.dev: (1, 3938)
[M::mem_pestat] mean and std.dev: (863.00, 687.82)
[M::mem_pestat] low and high boundaries for proper pairs: (1, 5157)
[M::mem_pestat] analyzing insert size distribution for orientation RR...
[M::mem_pestat] (25, 50, 75) percentile: (621, 1116, 2533)
[M::mem_pestat] low and high boundaries for computing mean and std.dev: (1, 6357)
[M::mem_pestat] mean and std.dev: (1450.98, 1176.68)
[M::mem_pestat] low and high boundaries for proper pairs: (1, 8269)
[M::mem_pestat] skip orientation FF
[M::mem_pestat] skip orientation RF
[M::mem_pestat] skip orientation RR
[M::mem_process_seqs] Processed 266668 reads in 418.945 CPU sec, 106.636 real sec
[M::process] read 266668 sequences (40000200 bp)...
[M::mem_pestat] # candidate unique pairs for (FF, FR, RF, RR): (60, 45929, 11, 58)
[M::mem_pestat] analyzing insert size distribution for orientation FF...
[M::mem_pestat] (25, 50, 75) percentile: (196, 800, 1509)
[M::mem_pestat] low and high boundaries for computing mean and std.dev: (1, 4135)
[M::mem_pestat] mean and std.dev: (972.25, 971.81)
[M::mem_pestat] low and high boundaries for proper pairs: (1, 5448)
[M::mem_pestat] analyzing insert size distribution for orientation FR...
[M::mem_pestat] (25, 50, 75) percentile: (507, 524, 552)
[M::mem_pestat] low and high boundaries for computing mean and std.dev: (417, 642)
[M::mem_pestat] mean and std.dev: (535.30, 32.69)
[M::mem_pestat] low and high boundaries for proper pairs: (372, 687)
[M::mem_pestat] analyzing insert size distribution for orientation RF...
[M::mem_pestat] (25, 50, 75) percentile: (280, 397, 1615)
[M::mem_pestat] low and high boundaries for computing mean and std.dev: (1, 4285)
[M::mem_pestat] mean and std.dev: (770.80, 669.74)
[M::mem_pestat] low and high boundaries for proper pairs: (1, 5620)
[M::mem_pestat] analyzing insert size distribution for orientation RR...
[M::mem_pestat] (25, 50, 75) percentile: (326, 892, 1670)
[M::mem_pestat] low and high boundaries for computing mean and std.dev: (1, 4358)
[M::mem_pestat] mean and std.dev: (1141.58, 996.44)
[M::mem_pestat] low and high boundaries for proper pairs: (1, 5702)
[M::mem_pestat] skip orientation FF
[M::mem_pestat] skip orientation RF
[M::mem_pestat] skip orientation RR
[M::mem_process_seqs] Processed 266668 reads in 424.192 CPU sec, 107.991 real sec
[M::process] read 266668 sequences (40000200 bp)...
[M::mem_pestat] # candidate unique pairs for (FF, FR, RF, RR): (67, 46565, 19, 54)
[M::mem_pestat] analyzing insert size distribution for orientation FF...
[M::mem_pestat] (25, 50, 75) percentile: (242, 423, 918)
[M::mem_pestat] low and high boundaries for computing mean and std.dev: (1, 2270)
[M::mem_pestat] mean and std.dev: (562.67, 475.86)
[M::mem_pestat] low and high boundaries for proper pairs: (1, 2946)
[M::mem_pestat] analyzing insert size distribution for orientation FR...
[M::mem_pestat] (25, 50, 75) percentile: (507, 524, 552)
[M::mem_pestat] low and high boundaries for computing mean and std.dev: (417, 642)
[M::mem_pestat] mean and std.dev: (535.50, 32.67)
[M::mem_pestat] low and high boundaries for proper pairs: (372, 687)
[M::mem_pestat] analyzing insert size distribution for orientation RF...
[M::mem_pestat] (25, 50, 75) percentile: (189, 400, 1286)
[M::mem_pestat] low and high boundaries for computing mean and std.dev: (1, 3480)
[M::mem_pestat] mean and std.dev: (622.44, 589.04)
[M::mem_pestat] low and high boundaries for proper pairs: (1, 4577)
[M::mem_pestat] analyzing insert size distribution for orientation RR...
[M::mem_pestat] (25, 50, 75) percentile: (300, 848, 1537)
[M::mem_pestat] low and high boundaries for computing mean and std.dev: (1, 4011)
[M::mem_pestat] mean and std.dev: (1063.06, 967.33)
[M::mem_pestat] low and high boundaries for proper pairs: (1, 5248)
[M::mem_pestat] skip orientation FF
[M::mem_pestat] skip orientation RF
[M::mem_pestat] skip orientation RR
[M::mem_process_seqs] Processed 266668 reads in 405.417 CPU sec, 101.899 real sec
[M::process] read 266668 sequences (40000200 bp)...
[M::mem_pestat] # candidate unique pairs for (FF, FR, RF, RR): (70, 46355, 21, 40)
[M::mem_pestat] analyzing insert size distribution for orientation FF...
[M::mem_pestat] (25, 50, 75) percentile: (171, 441, 1019)
[M::mem_pestat] low and high boundaries for computing mean and std.dev: (1, 2715)
[M::mem_pestat] mean and std.dev: (678.19, 681.57)
[M::mem_pestat] low and high boundaries for proper pairs: (1, 3563)
[M::mem_pestat] analyzing insert size distribution for orientation FR...
[M::mem_pestat] (25, 50, 75) percentile: (507, 524, 552)
[M::mem_pestat] low and high boundaries for computing mean and std.dev: (417, 642)
[M::mem_pestat] mean and std.dev: (535.25, 32.48)
[M::mem_pestat] low and high boundaries for proper pairs: (372, 687)
[M::mem_pestat] analyzing insert size distribution for orientation RF...
[M::mem_pestat] (25, 50, 75) percentile: (285, 897, 3033)
[M::mem_pestat] low and high boundaries for computing mean and std.dev: (1, 8529)
[M::mem_pestat] mean and std.dev: (1481.52, 1382.33)
[M::mem_pestat] low and high boundaries for proper pairs: (1, 11277)
[M::mem_pestat] analyzing insert size distribution for orientation RR...
[M::mem_pestat] (25, 50, 75) percentile: (472, 979, 1671)
[M::mem_pestat] low and high boundaries for computing mean and std.dev: (1, 4069)
[M::mem_pestat] mean and std.dev: (1046.24, 752.11)
[M::mem_pestat] low and high boundaries for proper pairs: (1, 5268)
[M::mem_pestat] skip orientation FF
[M::mem_pestat] skip orientation RF
[M::mem_pestat] skip orientation RR
[M::mem_process_seqs] Processed 266668 reads in 404.382 CPU sec, 101.314 real sec
[M::process] read 266668 sequences (40000200 bp)...
[M::mem_pestat] # candidate unique pairs for (FF, FR, RF, RR): (68, 46195, 14, 52)
[M::mem_pestat] analyzing insert size distribution for orientation FF...
[M::mem_pestat] (25, 50, 75) percentile: (197, 341, 979)
[M::mem_pestat] low and high boundaries for computing mean and std.dev: (1, 2543)
[M::mem_pestat] mean and std.dev: (588.48, 608.19)
[M::mem_pestat] low and high boundaries for proper pairs: (1, 3325)
[M::mem_pestat] analyzing insert size distribution for orientation FR...
[M::mem_pestat] (25, 50, 75) percentile: (507, 524, 552)
[M::mem_pestat] low and high boundaries for computing mean and std.dev: (417, 642)
[M::mem_pestat] mean and std.dev: (535.36, 32.68)
[M::mem_pestat] low and high boundaries for proper pairs: (372, 687)
[M::mem_pestat] analyzing insert size distribution for orientation RF...
[M::mem_pestat] (25, 50, 75) percentile: (581, 1144, 2867)
[M::mem_pestat] low and high boundaries for computing mean and std.dev: (1, 7439)
[M::mem_pestat] mean and std.dev: (1673.71, 1425.59)
[M::mem_pestat] low and high boundaries for proper pairs: (1, 9725)
[M::mem_pestat] analyzing insert size distribution for orientation RR...
[M::mem_pestat] (25, 50, 75) percentile: (339, 830, 1298)
[M::mem_pestat] low and high boundaries for computing mean and std.dev: (1, 3216)
[M::mem_pestat] mean and std.dev: (803.12, 547.41)
[M::mem_pestat] low and high boundaries for proper pairs: (1, 4175)
[M::mem_pestat] skip orientation FF
[M::mem_pestat] skip orientation RF
[M::mem_pestat] skip orientation RR
[M::mem_process_seqs] Processed 266668 reads in 402.259 CPU sec, 100.706 real sec
[M::process] read 266668 sequences (40000200 bp)...
[M::mem_pestat] # candidate unique pairs for (FF, FR, RF, RR): (59, 46300, 20, 64)
[M::mem_pestat] analyzing insert size distribution for orientation FF...
[M::mem_pestat] (25, 50, 75) percentile: (236, 759, 1704)
[M::mem_pestat] low and high boundaries for computing mean and std.dev: (1, 4640)
[M::mem_pestat] mean and std.dev: (1175.84, 1137.94)
[M::mem_pestat] low and high boundaries for proper pairs: (1, 6108)
[M::mem_pestat] analyzing insert size distribution for orientation FR...
[M::mem_pestat] (25, 50, 75) percentile: (507, 524, 552)
[M::mem_pestat] low and high boundaries for computing mean and std.dev: (417, 642)
[M::mem_pestat] mean and std.dev: (535.32, 32.72)
[M::mem_pestat] low and high boundaries for proper pairs: (372, 687)
[M::mem_pestat] analyzing insert size distribution for orientation RF...
[M::mem_pestat] (25, 50, 75) percentile: (224, 516, 2106)
[M::mem_pestat] low and high boundaries for computing mean and std.dev: (1, 5870)
[M::mem_pestat] mean and std.dev: (1131.00, 1427.03)
[M::mem_pestat] low and high boundaries for proper pairs: (1, 7752)
[M::mem_pestat] analyzing insert size distribution for orientation RR...
[M::mem_pestat] (25, 50, 75) percentile: (485, 1067, 1603)
[M::mem_pestat] low and high boundaries for computing mean and std.dev: (1, 3839)
[M::mem_pestat] mean and std.dev: (1015.65, 692.33)
[M::mem_pestat] low and high boundaries for proper pairs: (1, 4957)
[M::mem_pestat] skip orientation FF
[M::mem_pestat] skip orientation RF
[M::mem_pestat] skip orientation RR
[M::mem_process_seqs] Processed 266668 reads in 409.639 CPU sec, 102.657 real sec
[M::process] read 266668 sequences (40000200 bp)...
[M::mem_pestat] # candidate unique pairs for (FF, FR, RF, RR): (56, 46025, 17, 62)
[M::mem_pestat] analyzing insert size distribution for orientation FF...
[M::mem_pestat] (25, 50, 75) percentile: (204, 479, 1373)
[M::mem_pestat] low and high boundaries for computing mean and std.dev: (1, 3711)
[M::mem_pestat] mean and std.dev: (853.32, 882.43)
[M::mem_pestat] low and high boundaries for proper pairs: (1, 4880)
[M::mem_pestat] analyzing insert size distribution for orientation FR...
[M::mem_pestat] (25, 50, 75) percentile: (507, 524, 552)
[M::mem_pestat] low and high boundaries for computing mean and std.dev: (417, 642)
[M::mem_pestat] mean and std.dev: (535.37, 32.83)
[M::mem_pestat] low and high boundaries for proper pairs: (372, 687)
[M::mem_pestat] analyzing insert size distribution for orientation RF...
[M::mem_pestat] (25, 50, 75) percentile: (319, 454, 2467)
[M::mem_pestat] low and high boundaries for computing mean and std.dev: (1, 6763)
[M::mem_pestat] mean and std.dev: (1150.53, 1218.54)
[M::mem_pestat] low and high boundaries for proper pairs: (1, 8911)
[M::mem_pestat] analyzing insert size distribution for orientation RR...
[M::mem_pestat] (25, 50, 75) percentile: (487, 922, 1491)
[M::mem_pestat] low and high boundaries for computing mean and std.dev: (1, 3499)
[M::mem_pestat] mean and std.dev: (978.75, 689.22)
[M::mem_pestat] low and high boundaries for proper pairs: (1, 4503)
[M::mem_pestat] skip orientation FF
[M::mem_pestat] skip orientation RF
[M::mem_pestat] skip orientation RR
[M::mem_process_seqs] Processed 266668 reads in 416.258 CPU sec, 104.586 real sec
[M::process] read 266668 sequences (40000200 bp)...
[M::mem_pestat] # candidate unique pairs for (FF, FR, RF, RR): (56, 46644, 19, 56)
[M::mem_pestat] analyzing insert size distribution for orientation FF...
[M::mem_pestat] (25, 50, 75) percentile: (193, 659, 1148)
[M::mem_pestat] low and high boundaries for computing mean and std.dev: (1, 3058)
[M::mem_pestat] mean and std.dev: (791.05, 738.78)
[M::mem_pestat] low and high boundaries for proper pairs: (1, 4013)
[M::mem_pestat] analyzing insert size distribution for orientation FR...
[M::mem_pestat] (25, 50, 75) percentile: (507, 524, 552)
[M::mem_pestat] low and high boundaries for computing mean and std.dev: (417, 642)
[M::mem_pestat] mean and std.dev: (535.25, 32.50)
[M::mem_pestat] low and high boundaries for proper pairs: (372, 687)
[M::mem_pestat] analyzing insert size distribution for orientation RF...
[M::mem_pestat] (25, 50, 75) percentile: (30, 378, 600)
[M::mem_pestat] low and high boundaries for computing mean and std.dev: (1, 1740)
[M::mem_pestat] mean and std.dev: (420.67, 491.39)
[M::mem_pestat] low and high boundaries for proper pairs: (1, 2386)
[M::mem_pestat] analyzing insert size distribution for orientation RR...
[M::mem_pestat] (25, 50, 75) percentile: (392, 962, 1541)
[M::mem_pestat] low and high boundaries for computing mean and std.dev: (1, 3839)
[M::mem_pestat] mean and std.dev: (976.45, 791.75)
[M::mem_pestat] low and high boundaries for proper pairs: (1, 4988)
[M::mem_pestat] skip orientation FF
[M::mem_pestat] skip orientation RF
[M::mem_pestat] skip orientation RR
[M::mem_process_seqs] Processed 266668 reads in 407.630 CPU sec, 102.235 real sec
[M::process] read 266668 sequences (40000200 bp)...
[M::mem_pestat] # candidate unique pairs for (FF, FR, RF, RR): (51, 46231, 21, 38)
[M::mem_pestat] analyzing insert size distribution for orientation FF...
[M::mem_pestat] (25, 50, 75) percentile: (212, 567, 1141)
[M::mem_pestat] low and high boundaries for computing mean and std.dev: (1, 2999)
[M::mem_pestat] mean and std.dev: (583.84, 495.59)
[M::mem_pestat] low and high boundaries for proper pairs: (1, 3928)
[M::mem_pestat] analyzing insert size distribution for orientation FR...
[M::mem_pestat] (25, 50, 75) percentile: (507, 524, 552)
[M::mem_pestat] low and high boundaries for computing mean and std.dev: (417, 642)
[M::mem_pestat] mean and std.dev: (535.25, 32.63)
[M::mem_pestat] low and high boundaries for proper pairs: (372, 687)
[M::mem_pestat] analyzing insert size distribution for orientation RF...
[M::mem_pestat] (25, 50, 75) percentile: (215, 348, 1954)
[M::mem_pestat] low and high boundaries for computing mean and std.dev: (1, 5432)
[M::mem_pestat] mean and std.dev: (961.80, 1395.48)
[M::mem_pestat] low and high boundaries for proper pairs: (1, 7171)
[M::mem_pestat] analyzing insert size distribution for orientation RR...
[M::mem_pestat] (25, 50, 75) percentile: (656, 1163, 1701)
[M::mem_pestat] low and high boundaries for computing mean and std.dev: (1, 3791)
[M::mem_pestat] mean and std.dev: (1080.97, 645.02)
[M::mem_pestat] low and high boundaries for proper pairs: (1, 4836)
[M::mem_pestat] skip orientation FF
[M::mem_pestat] skip orientation RF
[M::mem_pestat] skip orientation RR
[M::mem_process_seqs] Processed 266668 reads in 410.821 CPU sec, 102.996 real sec
[M::process] read 266668 sequences (40000200 bp)...
[M::mem_pestat] # candidate unique pairs for (FF, FR, RF, RR): (73, 46322, 19, 49)
[M::mem_pestat] analyzing insert size distribution for orientation FF...
[M::mem_pestat] (25, 50, 75) percentile: (187, 331, 936)
[M::mem_pestat] low and high boundaries for computing mean and std.dev: (1, 2434)
[M::mem_pestat] mean and std.dev: (531.08, 517.79)
[M::mem_pestat] low and high boundaries for proper pairs: (1, 3183)
[M::mem_pestat] analyzing insert size distribution for orientation FR...
[M::mem_pestat] (25, 50, 75) percentile: (507, 523, 552)
[M::mem_pestat] low and high boundaries for computing mean and std.dev: (417, 642)
[M::mem_pestat] mean and std.dev: (534.97, 32.60)
[M::mem_pestat] low and high boundaries for proper pairs: (372, 687)
[M::mem_pestat] analyzing insert size distribution for orientation RF...
[M::mem_pestat] (25, 50, 75) percentile: (368, 468, 807)
[M::mem_pestat] low and high boundaries for computing mean and std.dev: (1, 1685)
[M::mem_pestat] mean and std.dev: (399.73, 265.51)
[M::mem_pestat] low and high boundaries for proper pairs: (1, 2124)
[M::mem_pestat] analyzing insert size distribution for orientation RR...
[M::mem_pestat] (25, 50, 75) percentile: (410, 1059, 1819)
[M::mem_pestat] low and high boundaries for computing mean and std.dev: (1, 4637)
[M::mem_pestat] mean and std.dev: (1065.87, 842.45)
[M::mem_pestat] low and high boundaries for proper pairs: (1, 6046)
[M::mem_pestat] skip orientation FF
[M::mem_pestat] skip orientation RF
[M::mem_pestat] skip orientation RR
[M::mem_process_seqs] Processed 266668 reads in 413.951 CPU sec, 103.733 real sec
[M::process] read 266668 sequences (40000200 bp)...
[M::mem_pestat] # candidate unique pairs for (FF, FR, RF, RR): (52, 46095, 14, 55)
[M::mem_pestat] analyzing insert size distribution for orientation FF...
[M::mem_pestat] (25, 50, 75) percentile: (163, 306, 953)
[M::mem_pestat] low and high boundaries for computing mean and std.dev: (1, 2533)
[M::mem_pestat] mean and std.dev: (563.83, 577.77)
[M::mem_pestat] low and high boundaries for proper pairs: (1, 3323)
[M::mem_pestat] analyzing insert size distribution for orientation FR...
[M::mem_pestat] (25, 50, 75) percentile: (507, 524, 552)
[M::mem_pestat] low and high boundaries for computing mean and std.dev: (417, 642)
[M::mem_pestat] mean and std.dev: (535.11, 32.34)
[M::mem_pestat] low and high boundaries for proper pairs: (372, 687)
[M::mem_pestat] analyzing insert size distribution for orientation RF...
[M::mem_pestat] (25, 50, 75) percentile: (266, 976, 3100)
[M::mem_pestat] low and high boundaries for computing mean and std.dev: (1, 8768)
[M::mem_pestat] mean and std.dev: (1678.31, 2253.92)
[M::mem_pestat] low and high boundaries for proper pairs: (1, 11602)
[M::mem_pestat] analyzing insert size distribution for orientation RR...
[M::mem_pestat] (25, 50, 75) percentile: (550, 1004, 1787)
[M::mem_pestat] low and high boundaries for computing mean and std.dev: (1, 4261)
[M::mem_pestat] mean and std.dev: (1276.07, 1043.60)
[M::mem_pestat] low and high boundaries for proper pairs: (1, 5498)
[M::mem_pestat] skip orientation FF
[M::mem_pestat] skip orientation RF
[M::mem_pestat] skip orientation RR
[M::mem_process_seqs] Processed 266668 reads in 410.090 CPU sec, 102.818 real sec
[M::process] read 266668 sequences (40000200 bp)...
[M::mem_pestat] # candidate unique pairs for (FF, FR, RF, RR): (58, 46290, 16, 54)
[M::mem_pestat] analyzing insert size distribution for orientation FF...
[M::mem_pestat] (25, 50, 75) percentile: (162, 404, 853)
[M::mem_pestat] low and high boundaries for computing mean and std.dev: (1, 2235)
[M::mem_pestat] mean and std.dev: (589.75, 531.31)
[M::mem_pestat] low and high boundaries for proper pairs: (1, 2926)
[M::mem_pestat] analyzing insert size distribution for orientation FR...
[M::mem_pestat] (25, 50, 75) percentile: (507, 524, 552)
[M::mem_pestat] low and high boundaries for computing mean and std.dev: (417, 642)
[M::mem_pestat] mean and std.dev: (535.19, 32.70)
[M::mem_pestat] low and high boundaries for proper pairs: (372, 687)
[M::mem_pestat] analyzing insert size distribution for orientation RF...
[M::mem_pestat] (25, 50, 75) percentile: (325, 1064, 2321)
[M::mem_pestat] low and high boundaries for computing mean and std.dev: (1, 6313)
[M::mem_pestat] mean and std.dev: (1365.19, 1271.81)
[M::mem_pestat] low and high boundaries for proper pairs: (1, 8309)
[M::mem_pestat] analyzing insert size distribution for orientation RR...
[M::mem_pestat] (25, 50, 75) percentile: (391, 834, 1529)
[M::mem_pestat] low and high boundaries for computing mean and std.dev: (1, 3805)
[M::mem_pestat] mean and std.dev: (989.56, 772.35)
[M::mem_pestat] low and high boundaries for proper pairs: (1, 4943)
[M::mem_pestat] skip orientation FF
[M::mem_pestat] skip orientation RF
[M::mem_pestat] skip orientation RR
[M::mem_process_seqs] Processed 266668 reads in 415.847 CPU sec, 104.600 real sec
[M::process] read 266668 sequences (40000200 bp)...
[M::mem_pestat] # candidate unique pairs for (FF, FR, RF, RR): (70, 45653, 19, 59)
[M::mem_pestat] analyzing insert size distribution for orientation FF...
[M::mem_pestat] (25, 50, 75) percentile: (205, 582, 1502)
[M::mem_pestat] low and high boundaries for computing mean and std.dev: (1, 4096)
[M::mem_pestat] mean and std.dev: (908.38, 967.09)
[M::mem_pestat] low and high boundaries for proper pairs: (1, 5393)
[M::mem_pestat] analyzing insert size distribution for orientation FR...
[M::mem_pestat] (25, 50, 75) percentile: (507, 524, 552)
[M::mem_pestat] low and high boundaries for computing mean and std.dev: (417, 642)
[M::mem_pestat] mean and std.dev: (535.50, 32.52)
[M::mem_pestat] low and high boundaries for proper pairs: (372, 687)
[M::mem_pestat] analyzing insert size distribution for orientation RF...
[M::mem_pestat] (25, 50, 75) percentile: (273, 645, 1727)
[M::mem_pestat] low and high boundaries for computing mean and std.dev: (1, 4635)
[M::mem_pestat] mean and std.dev: (1003.82, 1184.52)
[M::mem_pestat] low and high boundaries for proper pairs: (1, 6089)
[M::mem_pestat] analyzing insert size distribution for orientation RR...
[M::mem_pestat] (25, 50, 75) percentile: (571, 969, 1710)
[M::mem_pestat] low and high boundaries for computing mean and std.dev: (1, 3988)
[M::mem_pestat] mean and std.dev: (1093.11, 801.94)
[M::mem_pestat] low and high boundaries for proper pairs: (1, 5127)
[M::mem_pestat] skip orientation FF
[M::mem_pestat] skip orientation RF
[M::mem_pestat] skip orientation RR
[M::mem_process_seqs] Processed 266668 reads in 422.055 CPU sec, 106.512 real sec
[M::process] read 266668 sequences (40000200 bp)...
[M::mem_pestat] # candidate unique pairs for (FF, FR, RF, RR): (62, 46272, 20, 57)
[M::mem_pestat] analyzing insert size distribution for orientation FF...
[M::mem_pestat] (25, 50, 75) percentile: (196, 571, 1327)
[M::mem_pestat] low and high boundaries for computing mean and std.dev: (1, 3589)
[M::mem_pestat] mean and std.dev: (754.16, 769.70)
[M::mem_pestat] low and high boundaries for proper pairs: (1, 4720)
[M::mem_pestat] analyzing insert size distribution for orientation FR...
[M::mem_pestat] (25, 50, 75) percentile: (507, 524, 552)
[M::mem_pestat] low and high boundaries for computing mean and std.dev: (417, 642)
[M::mem_pestat] mean and std.dev: (535.09, 32.59)
[M::mem_pestat] low and high boundaries for proper pairs: (372, 687)
[M::mem_pestat] analyzing insert size distribution for orientation RF...
[M::mem_pestat] (25, 50, 75) percentile: (319, 830, 2493)
[M::mem_pestat] low and high boundaries for computing mean and std.dev: (1, 6841)
[M::mem_pestat] mean and std.dev: (1189.79, 1296.83)
[M::mem_pestat] low and high boundaries for proper pairs: (1, 9015)
[M::mem_pestat] analyzing insert size distribution for orientation RR...
[M::mem_pestat] (25, 50, 75) percentile: (637, 1163, 1629)
[M::mem_pestat] low and high boundaries for computing mean and std.dev: (1, 3613)
[M::mem_pestat] mean and std.dev: (1080.53, 681.55)
[M::mem_pestat] low and high boundaries for proper pairs: (1, 4605)
[M::mem_pestat] skip orientation FF
[M::mem_pestat] skip orientation RF
[M::mem_pestat] skip orientation RR
[M::mem_process_seqs] Processed 266668 reads in 422.019 CPU sec, 106.358 real sec
[M::process] read 266668 sequences (40000200 bp)...
[M::mem_pestat] # candidate unique pairs for (FF, FR, RF, RR): (57, 46397, 12, 58)
[M::mem_pestat] analyzing insert size distribution for orientation FF...
[M::mem_pestat] (25, 50, 75) percentile: (162, 416, 1239)
[M::mem_pestat] low and high boundaries for computing mean and std.dev: (1, 3393)
[M::mem_pestat] mean and std.dev: (724.51, 785.22)
[M::mem_pestat] low and high boundaries for proper pairs: (1, 4470)
[M::mem_pestat] analyzing insert size distribution for orientation FR...
[M::mem_pestat] (25, 50, 75) percentile: (507, 524, 551)
[M::mem_pestat] low and high boundaries for computing mean and std.dev: (419, 639)
[M::mem_pestat] mean and std.dev: (534.85, 32.07)
[M::mem_pestat] low and high boundaries for proper pairs: (375, 683)
[M::mem_pestat] analyzing insert size distribution for orientation RF...
[M::mem_pestat] (25, 50, 75) percentile: (215, 1214, 4650)
[M::mem_pestat] low and high boundaries for computing mean and std.dev: (1, 13520)
[M::mem_pestat] mean and std.dev: (2190.25, 2827.76)
[M::mem_pestat] low and high boundaries for proper pairs: (1, 17955)
[M::mem_pestat] analyzing insert size distribution for orientation RR...
[M::mem_pestat] (25, 50, 75) percentile: (393, 940, 2084)
[M::mem_pestat] low and high boundaries for computing mean and std.dev: (1, 5466)
[M::mem_pestat] mean and std.dev: (1295.04, 1151.69)
[M::mem_pestat] low and high boundaries for proper pairs: (1, 7157)
[M::mem_pestat] skip orientation FF
[M::mem_pestat] skip orientation RF
[M::mem_pestat] skip orientation RR
[M::mem_process_seqs] Processed 266668 reads in 410.744 CPU sec, 102.993 real sec
[M::process] read 266668 sequences (40000200 bp)...
[M::mem_pestat] # candidate unique pairs for (FF, FR, RF, RR): (54, 46380, 29, 55)
[M::mem_pestat] analyzing insert size distribution for orientation FF...
[M::mem_pestat] (25, 50, 75) percentile: (173, 544, 1401)
[M::mem_pestat] low and high boundaries for computing mean and std.dev: (1, 3857)
[M::mem_pestat] mean and std.dev: (772.88, 875.32)
[M::mem_pestat] low and high boundaries for proper pairs: (1, 5085)
[M::mem_pestat] analyzing insert size distribution for orientation FR...
[M::mem_pestat] (25, 50, 75) percentile: (507, 524, 552)
[M::mem_pestat] low and high boundaries for computing mean and std.dev: (417, 642)
[M::mem_pestat] mean and std.dev: (535.38, 32.62)
[M::mem_pestat] low and high boundaries for proper pairs: (372, 687)
[M::mem_pestat] analyzing insert size distribution for orientation RF...
[M::mem_pestat] (25, 50, 75) percentile: (287, 615, 1553)
[M::mem_pestat] low and high boundaries for computing mean and std.dev: (1, 4085)
[M::mem_pestat] mean and std.dev: (791.63, 703.60)
[M::mem_pestat] low and high boundaries for proper pairs: (1, 5351)
[M::mem_pestat] analyzing insert size distribution for orientation RR...
[M::mem_pestat] (25, 50, 75) percentile: (479, 903, 1353)
[M::mem_pestat] low and high boundaries for computing mean and std.dev: (1, 3101)
[M::mem_pestat] mean and std.dev: (991.15, 680.84)
[M::mem_pestat] low and high boundaries for proper pairs: (1, 3975)
[M::mem_pestat] skip orientation FF
[M::mem_pestat] skip orientation RF
[M::mem_pestat] skip orientation RR
[M::mem_process_seqs] Processed 266668 reads in 410.249 CPU sec, 102.854 real sec
[M::process] read 266668 sequences (40000200 bp)...
[M::mem_pestat] # candidate unique pairs for (FF, FR, RF, RR): (66, 46258, 21, 53)
[M::mem_pestat] analyzing insert size distribution for orientation FF...
[M::mem_pestat] (25, 50, 75) percentile: (190, 347, 1191)
[M::mem_pestat] low and high boundaries for computing mean and std.dev: (1, 3193)
[M::mem_pestat] mean and std.dev: (677.72, 740.62)
[M::mem_pestat] low and high boundaries for proper pairs: (1, 4194)
[M::mem_pestat] analyzing insert size distribution for orientation FR...
[M::mem_pestat] (25, 50, 75) percentile: (507, 524, 552)
[M::mem_pestat] low and high boundaries for computing mean and std.dev: (417, 642)
[M::mem_pestat] mean and std.dev: (535.52, 32.87)
[M::mem_pestat] low and high boundaries for proper pairs: (372, 687)
[M::mem_pestat] analyzing insert size distribution for orientation RF...
[M::mem_pestat] (25, 50, 75) percentile: (140, 571, 1178)
[M::mem_pestat] low and high boundaries for computing mean and std.dev: (1, 3254)
[M::mem_pestat] mean and std.dev: (486.17, 434.47)
[M::mem_pestat] low and high boundaries for proper pairs: (1, 4292)
[M::mem_pestat] analyzing insert size distribution for orientation RR...
[M::mem_pestat] (25, 50, 75) percentile: (676, 991, 1471)
[M::mem_pestat] low and high boundaries for computing mean and std.dev: (1, 3061)
[M::mem_pestat] mean and std.dev: (935.49, 521.48)
[M::mem_pestat] low and high boundaries for proper pairs: (1, 3856)
[M::mem_pestat] skip orientation FF
[M::mem_pestat] skip orientation RF
[M::mem_pestat] skip orientation RR
[M::mem_process_seqs] Processed 266668 reads in 414.244 CPU sec, 103.873 real sec
[M::process] read 266668 sequences (40000200 bp)...
[M::mem_pestat] # candidate unique pairs for (FF, FR, RF, RR): (65, 46344, 16, 53)
[M::mem_pestat] analyzing insert size distribution for orientation FF...
[M::mem_pestat] (25, 50, 75) percentile: (152, 453, 1168)
[M::mem_pestat] low and high boundaries for computing mean and std.dev: (1, 3200)
[M::mem_pestat] mean and std.dev: (677.94, 648.87)
[M::mem_pestat] low and high boundaries for proper pairs: (1, 4216)
[M::mem_pestat] analyzing insert size distribution for orientation FR...
[M::mem_pestat] (25, 50, 75) percentile: (507, 524, 552)
[M::mem_pestat] low and high boundaries for computing mean and std.dev: (417, 642)
[M::mem_pestat] mean and std.dev: (535.61, 32.62)
[M::mem_pestat] low and high boundaries for proper pairs: (372, 687)
[M::mem_pestat] analyzing insert size distribution for orientation RF...
[M::mem_pestat] (25, 50, 75) percentile: (51, 493, 6455)
[M::mem_pestat] low and high boundaries for computing mean and std.dev: (1, 19263)
[M::mem_pestat] mean and std.dev: (2104.44, 3073.13)
[M::mem_pestat] low and high boundaries for proper pairs: (1, 25667)
[M::mem_pestat] analyzing insert size distribution for orientation RR...
[M::mem_pestat] (25, 50, 75) percentile: (631, 1085, 1901)
[M::mem_pestat] low and high boundaries for computing mean and std.dev: (1, 4441)
[M::mem_pestat] mean and std.dev: (1212.00, 915.38)
[M::mem_pestat] low and high boundaries for proper pairs: (1, 5711)
[M::mem_pestat] skip orientation FF
[M::mem_pestat] skip orientation RF
[M::mem_pestat] skip orientation RR
[M::mem_process_seqs] Processed 266668 reads in 415.723 CPU sec, 104.537 real sec
[M::process] read 266668 sequences (40000200 bp)...
[M::mem_pestat] # candidate unique pairs for (FF, FR, RF, RR): (70, 46425, 21, 78)
[M::mem_pestat] analyzing insert size distribution for orientation FF...
[M::mem_pestat] (25, 50, 75) percentile: (200, 592, 1530)
[M::mem_pestat] low and high boundaries for computing mean and std.dev: (1, 4190)
[M::mem_pestat] mean and std.dev: (867.06, 901.52)
[M::mem_pestat] low and high boundaries for proper pairs: (1, 5520)
[M::mem_pestat] analyzing insert size distribution for orientation FR...
[M::mem_pestat] (25, 50, 75) percentile: (507, 524, 552)
[M::mem_pestat] low and high boundaries for computing mean and std.dev: (417, 642)
[M::mem_pestat] mean and std.dev: (535.23, 32.30)
[M::mem_pestat] low and high boundaries for proper pairs: (372, 687)
[M::mem_pestat] analyzing insert size distribution for orientation RF...
[M::mem_pestat] (25, 50, 75) percentile: (419, 742, 1580)
[M::mem_pestat] low and high boundaries for computing mean and std.dev: (1, 3902)
[M::mem_pestat] mean and std.dev: (925.45, 861.67)
[M::mem_pestat] low and high boundaries for proper pairs: (1, 5063)
[M::mem_pestat] analyzing insert size distribution for orientation RR...
[M::mem_pestat] (25, 50, 75) percentile: (375, 904, 1677)
[M::mem_pestat] low and high boundaries for computing mean and std.dev: (1, 4281)
[M::mem_pestat] mean and std.dev: (1076.24, 945.84)
[M::mem_pestat] low and high boundaries for proper pairs: (1, 5583)
[M::mem_pestat] skip orientation FF
[M::mem_pestat] skip orientation RF
[M::mem_pestat] skip orientation RR
[M::mem_process_seqs] Processed 266668 reads in 409.982 CPU sec, 103.343 real sec
[M::process] read 266668 sequences (40000200 bp)...
[M::mem_pestat] # candidate unique pairs for (FF, FR, RF, RR): (57, 46372, 19, 54)
[M::mem_pestat] analyzing insert size distribution for orientation FF...
[M::mem_pestat] (25, 50, 75) percentile: (214, 479, 1226)
[M::mem_pestat] low and high boundaries for computing mean and std.dev: (1, 3250)
[M::mem_pestat] mean and std.dev: (726.13, 723.44)
[M::mem_pestat] low and high boundaries for proper pairs: (1, 4262)
[M::mem_pestat] analyzing insert size distribution for orientation FR...
[M::mem_pestat] (25, 50, 75) percentile: (507, 524, 552)
[M::mem_pestat] low and high boundaries for computing mean and std.dev: (417, 642)
[M::mem_pestat] mean and std.dev: (535.22, 32.56)
[M::mem_pestat] low and high boundaries for proper pairs: (372, 687)
[M::mem_pestat] analyzing insert size distribution for orientation RF...
[M::mem_pestat] (25, 50, 75) percentile: (210, 441, 1545)
[M::mem_pestat] low and high boundaries for computing mean and std.dev: (1, 4215)
[M::mem_pestat] mean and std.dev: (798.95, 864.38)
[M::mem_pestat] low and high boundaries for proper pairs: (1, 5550)
[M::mem_pestat] analyzing insert size distribution for orientation RR...
[M::mem_pestat] (25, 50, 75) percentile: (495, 1070, 1677)
[M::mem_pestat] low and high boundaries for computing mean and std.dev: (1, 4041)
[M::mem_pestat] mean and std.dev: (1079.35, 719.91)
[M::mem_pestat] low and high boundaries for proper pairs: (1, 5223)
[M::mem_pestat] skip orientation FF
[M::mem_pestat] skip orientation RF
[M::mem_pestat] skip orientation RR
[M::mem_process_seqs] Processed 266668 reads in 400.884 CPU sec, 100.578 real sec
[M::process] read 266668 sequences (40000200 bp)...
[M::mem_pestat] # candidate unique pairs for (FF, FR, RF, RR): (72, 46237, 20, 44)
[M::mem_pestat] analyzing insert size distribution for orientation FF...
[M::mem_pestat] (25, 50, 75) percentile: (178, 400, 1848)
[M::mem_pestat] low and high boundaries for computing mean and std.dev: (1, 5188)
[M::mem_pestat] mean and std.dev: (969.72, 1075.66)
[M::mem_pestat] low and high boundaries for proper pairs: (1, 6858)
[M::mem_pestat] analyzing insert size distribution for orientation FR...
[M::mem_pestat] (25, 50, 75) percentile: (507, 524, 552)
[M::mem_pestat] low and high boundaries for computing mean and std.dev: (417, 642)
[M::mem_pestat] mean and std.dev: (535.24, 32.63)
[M::mem_pestat] low and high boundaries for proper pairs: (372, 687)
[M::mem_pestat] analyzing insert size distribution for orientation RF...
[M::mem_pestat] (25, 50, 75) percentile: (273, 464, 1070)
[M::mem_pestat] low and high boundaries for computing mean and std.dev: (1, 2664)
[M::mem_pestat] mean and std.dev: (553.00, 508.75)
[M::mem_pestat] low and high boundaries for proper pairs: (1, 3461)
[M::mem_pestat] analyzing insert size distribution for orientation RR...
[M::mem_pestat] (25, 50, 75) percentile: (457, 802, 1552)
[M::mem_pestat] low and high boundaries for computing mean and std.dev: (1, 3742)
[M::mem_pestat] mean and std.dev: (940.00, 680.67)
[M::mem_pestat] low and high boundaries for proper pairs: (1, 4837)
[M::mem_pestat] skip orientation FF
[M::mem_pestat] skip orientation RF
[M::mem_pestat] skip orientation RR
[M::mem_process_seqs] Processed 266668 reads in 407.347 CPU sec, 102.161 real sec
[M::process] read 266668 sequences (40000200 bp)...
[M::mem_pestat] # candidate unique pairs for (FF, FR, RF, RR): (61, 46180, 22, 61)
[M::mem_pestat] analyzing insert size distribution for orientation FF...
[M::mem_pestat] (25, 50, 75) percentile: (188, 389, 1163)
[M::mem_pestat] low and high boundaries for computing mean and std.dev: (1, 3113)
[M::mem_pestat] mean and std.dev: (681.66, 732.07)
[M::mem_pestat] low and high boundaries for proper pairs: (1, 4088)
[M::mem_pestat] analyzing insert size distribution for orientation FR...
[M::mem_pestat] (25, 50, 75) percentile: (507, 524, 552)
[M::mem_pestat] low and high boundaries for computing mean and std.dev: (417, 642)
[M::mem_pestat] mean and std.dev: (535.42, 32.54)
[M::mem_pestat] low and high boundaries for proper pairs: (372, 687)
[M::mem_pestat] analyzing insert size distribution for orientation RF...
[M::mem_pestat] (25, 50, 75) percentile: (321, 785, 1412)
[M::mem_pestat] low and high boundaries for computing mean and std.dev: (1, 3594)
[M::mem_pestat] mean and std.dev: (932.25, 916.11)
[M::mem_pestat] low and high boundaries for proper pairs: (1, 4685)
[M::mem_pestat] analyzing insert size distribution for orientation RR...
[M::mem_pestat] (25, 50, 75) percentile: (294, 904, 1744)
[M::mem_pestat] low and high boundaries for computing mean and std.dev: (1, 4644)
[M::mem_pestat] mean and std.dev: (1080.12, 932.28)
[M::mem_pestat] low and high boundaries for proper pairs: (1, 6094)
[M::mem_pestat] skip orientation FF
[M::mem_pestat] skip orientation RF
[M::mem_pestat] skip orientation RR
[M::mem_process_seqs] Processed 266668 reads in 416.610 CPU sec, 104.630 real sec
[M::process] read 266668 sequences (40000200 bp)...
[M::mem_pestat] # candidate unique pairs for (FF, FR, RF, RR): (59, 46412, 16, 47)
[M::mem_pestat] analyzing insert size distribution for orientation FF...
[M::mem_pestat] (25, 50, 75) percentile: (154, 420, 1403)
[M::mem_pestat] low and high boundaries for computing mean and std.dev: (1, 3901)
[M::mem_pestat] mean and std.dev: (840.37, 927.10)
[M::mem_pestat] low and high boundaries for proper pairs: (1, 5150)
[M::mem_pestat] analyzing insert size distribution for orientation FR...
[M::mem_pestat] (25, 50, 75) percentile: (507, 524, 552)
[M::mem_pestat] low and high boundaries for computing mean and std.dev: (417, 642)
[M::mem_pestat] mean and std.dev: (535.69, 32.73)
[M::mem_pestat] low and high boundaries for proper pairs: (372, 687)
[M::mem_pestat] analyzing insert size distribution for orientation RF...
[M::mem_pestat] (25, 50, 75) percentile: (346, 994, 1500)
[M::mem_pestat] low and high boundaries for computing mean and std.dev: (1, 3808)
[M::mem_pestat] mean and std.dev: (801.07, 660.79)
[M::mem_pestat] low and high boundaries for proper pairs: (1, 4962)
[M::mem_pestat] analyzing insert size distribution for orientation RR...
[M::mem_pestat] (25, 50, 75) percentile: (832, 1219, 1967)
[M::mem_pestat] low and high boundaries for computing mean and std.dev: (1, 4237)
[M::mem_pestat] mean and std.dev: (1303.21, 938.48)
[M::mem_pestat] low and high boundaries for proper pairs: (1, 5372)
[M::mem_pestat] skip orientation FF
[M::mem_pestat] skip orientation RF
[M::mem_pestat] skip orientation RR
[M::mem_process_seqs] Processed 266668 reads in 408.262 CPU sec, 102.728 real sec
[M::process] read 266668 sequences (40000200 bp)...
[M::mem_pestat] # candidate unique pairs for (FF, FR, RF, RR): (62, 46153, 21, 59)
[M::mem_pestat] analyzing insert size distribution for orientation FF...
[M::mem_pestat] (25, 50, 75) percentile: (193, 299, 1166)
[M::mem_pestat] low and high boundaries for computing mean and std.dev: (1, 3112)
[M::mem_pestat] mean and std.dev: (680.83, 687.64)
[M::mem_pestat] low and high boundaries for proper pairs: (1, 4085)
[M::mem_pestat] analyzing insert size distribution for orientation FR...
[M::mem_pestat] (25, 50, 75) percentile: (507, 524, 552)
[M::mem_pestat] low and high boundaries for computing mean and std.dev: (417, 642)
[M::mem_pestat] mean and std.dev: (535.25, 32.53)
[M::mem_pestat] low and high boundaries for proper pairs: (372, 687)
[M::mem_pestat] analyzing insert size distribution for orientation RF...
[M::mem_pestat] (25, 50, 75) percentile: (161, 353, 3180)
[M::mem_pestat] low and high boundaries for computing mean and std.dev: (1, 9218)
[M::mem_pestat] mean and std.dev: (1120.86, 1514.40)
[M::mem_pestat] low and high boundaries for proper pairs: (1, 12237)
[M::mem_pestat] analyzing insert size distribution for orientation RR...
[M::mem_pestat] (25, 50, 75) percentile: (430, 957, 1500)
[M::mem_pestat] low and high boundaries for computing mean and std.dev: (1, 3640)
[M::mem_pestat] mean and std.dev: (915.44, 656.06)
[M::mem_pestat] low and high boundaries for proper pairs: (1, 4710)
[M::mem_pestat] skip orientation FF
[M::mem_pestat] skip orientation RF
[M::mem_pestat] skip orientation RR
[M::mem_process_seqs] Processed 266668 reads in 420.916 CPU sec, 108.320 real sec
[M::process] read 266668 sequences (40000200 bp)...
[M::mem_pestat] # candidate unique pairs for (FF, FR, RF, RR): (67, 46404, 19, 63)
[M::mem_pestat] analyzing insert size distribution for orientation FF...
[M::mem_pestat] (25, 50, 75) percentile: (233, 800, 2111)
[M::mem_pestat] low and high boundaries for computing mean and std.dev: (1, 5867)
[M::mem_pestat] mean and std.dev: (1223.67, 1373.28)
[M::mem_pestat] low and high boundaries for proper pairs: (1, 7745)
[M::mem_pestat] analyzing insert size distribution for orientation FR...
[M::mem_pestat] (25, 50, 75) percentile: (507, 524, 552)
[M::mem_pestat] low and high boundaries for computing mean and std.dev: (417, 642)
[M::mem_pestat] mean and std.dev: (535.41, 32.78)
[M::mem_pestat] low and high boundaries for proper pairs: (372, 687)
[M::mem_pestat] analyzing insert size distribution for orientation RF...
[M::mem_pestat] (25, 50, 75) percentile: (400, 1095, 1516)
[M::mem_pestat] low and high boundaries for computing mean and std.dev: (1, 3748)
[M::mem_pestat] mean and std.dev: (1094.17, 857.21)
[M::mem_pestat] low and high boundaries for proper pairs: (1, 4864)
[M::mem_pestat] analyzing insert size distribution for orientation RR...
[M::mem_pestat] (25, 50, 75) percentile: (489, 985, 1769)
[M::mem_pestat] low and high boundaries for computing mean and std.dev: (1, 4329)
[M::mem_pestat] mean and std.dev: (1218.15, 981.96)
[M::mem_pestat] low and high boundaries for proper pairs: (1, 5609)
[M::mem_pestat] skip orientation FF
[M::mem_pestat] skip orientation RF
[M::mem_pestat] skip orientation RR
[M::mem_process_seqs] Processed 266668 reads in 411.937 CPU sec, 105.945 real sec
[M::process] read 266668 sequences (40000200 bp)...
[M::mem_pestat] # candidate unique pairs for (FF, FR, RF, RR): (67, 46612, 20, 59)
[M::mem_pestat] analyzing insert size distribution for orientation FF...
[M::mem_pestat] (25, 50, 75) percentile: (183, 319, 1313)
[M::mem_pestat] low and high boundaries for computing mean and std.dev: (1, 3573)
[M::mem_pestat] mean and std.dev: (610.13, 662.36)
[M::mem_pestat] low and high boundaries for proper pairs: (1, 4703)
[M::mem_pestat] analyzing insert size distribution for orientation FR...
[M::mem_pestat] (25, 50, 75) percentile: (507, 524, 553)
[M::mem_pestat] low and high boundaries for computing mean and std.dev: (415, 645)
[M::mem_pestat] mean and std.dev: (535.61, 33.11)
[M::mem_pestat] low and high boundaries for proper pairs: (369, 691)
[M::mem_pestat] analyzing insert size distribution for orientation RF...
[M::mem_pestat] (25, 50, 75) percentile: (236, 404, 1048)
[M::mem_pestat] low and high boundaries for computing mean and std.dev: (1, 2672)
[M::mem_pestat] mean and std.dev: (481.44, 538.00)
[M::mem_pestat] low and high boundaries for proper pairs: (1, 3484)
[M::mem_pestat] analyzing insert size distribution for orientation RR...
[M::mem_pestat] (25, 50, 75) percentile: (406, 912, 1508)
[M::mem_pestat] low and high boundaries for computing mean and std.dev: (1, 3712)
[M::mem_pestat] mean and std.dev: (1019.60, 722.14)
[M::mem_pestat] low and high boundaries for proper pairs: (1, 4814)
[M::mem_pestat] skip orientation FF
[M::mem_pestat] skip orientation RF
[M::mem_pestat] skip orientation RR
[M::mem_process_seqs] Processed 266668 reads in 417.474 CPU sec, 105.888 real sec
[M::process] read 266668 sequences (40000200 bp)...
[M::mem_pestat] # candidate unique pairs for (FF, FR, RF, RR): (64, 46039, 18, 57)
[M::mem_pestat] analyzing insert size distribution for orientation FF...
[M::mem_pestat] (25, 50, 75) percentile: (312, 936, 1463)
[M::mem_pestat] low and high boundaries for computing mean and std.dev: (1, 3765)
[M::mem_pestat] mean and std.dev: (961.80, 770.93)
[M::mem_pestat] low and high boundaries for proper pairs: (1, 4916)
[M::mem_pestat] analyzing insert size distribution for orientation FR...
[M::mem_pestat] (25, 50, 75) percentile: (507, 524, 551)
[M::mem_pestat] low and high boundaries for computing mean and std.dev: (419, 639)
[M::mem_pestat] mean and std.dev: (534.91, 31.88)
[M::mem_pestat] low and high boundaries for proper pairs: (375, 683)
[M::mem_pestat] analyzing insert size distribution for orientation RF...
[M::mem_pestat] (25, 50, 75) percentile: (55, 634, 1873)
[M::mem_pestat] low and high boundaries for computing mean and std.dev: (1, 5509)
[M::mem_pestat] mean and std.dev: (949.76, 1336.75)
[M::mem_pestat] low and high boundaries for proper pairs: (1, 7327)
[M::mem_pestat] analyzing insert size distribution for orientation RR...
[M::mem_pestat] (25, 50, 75) percentile: (427, 792, 1637)
[M::mem_pestat] low and high boundaries for computing mean and std.dev: (1, 4057)
[M::mem_pestat] mean and std.dev: (1070.49, 863.29)
[M::mem_pestat] low and high boundaries for proper pairs: (1, 5267)
[M::mem_pestat] skip orientation FF
[M::mem_pestat] skip orientation RF
[M::mem_pestat] skip orientation RR
[M::mem_process_seqs] Processed 266668 reads in 410.141 CPU sec, 103.527 real sec
[M::process] read 266668 sequences (40000200 bp)...
[M::mem_pestat] # candidate unique pairs for (FF, FR, RF, RR): (53, 46415, 18, 56)
[M::mem_pestat] analyzing insert size distribution for orientation FF...
[M::mem_pestat] (25, 50, 75) percentile: (266, 688, 1558)
[M::mem_pestat] low and high boundaries for computing mean and std.dev: (1, 4142)
[M::mem_pestat] mean and std.dev: (972.37, 952.56)
[M::mem_pestat] low and high boundaries for proper pairs: (1, 5434)
[M::mem_pestat] analyzing insert size distribution for orientation FR...
[M::mem_pestat] (25, 50, 75) percentile: (507, 524, 552)
[M::mem_pestat] low and high boundaries for computing mean and std.dev: (417, 642)
[M::mem_pestat] mean and std.dev: (535.18, 32.48)
[M::mem_pestat] low and high boundaries for proper pairs: (372, 687)
[M::mem_pestat] analyzing insert size distribution for orientation RF...
[M::mem_pestat] (25, 50, 75) percentile: (61, 510, 1296)
[M::mem_pestat] low and high boundaries for computing mean and std.dev: (1, 3766)
[M::mem_pestat] mean and std.dev: (707.44, 896.86)
[M::mem_pestat] low and high boundaries for proper pairs: (1, 5001)
[M::mem_pestat] analyzing insert size distribution for orientation RR...
[M::mem_pestat] (25, 50, 75) percentile: (702, 1087, 1568)
[M::mem_pestat] low and high boundaries for computing mean and std.dev: (1, 3300)
[M::mem_pestat] mean and std.dev: (1146.77, 693.66)
[M::mem_pestat] low and high boundaries for proper pairs: (1, 4166)
[M::mem_pestat] skip orientation FF
[M::mem_pestat] skip orientation RF
[M::mem_pestat] skip orientation RR
[M::mem_process_seqs] Processed 266668 reads in 419.813 CPU sec, 105.380 real sec
[M::process] read 266668 sequences (40000200 bp)...
[M::mem_pestat] # candidate unique pairs for (FF, FR, RF, RR): (64, 46221, 12, 55)
[M::mem_pestat] analyzing insert size distribution for orientation FF...
[M::mem_pestat] (25, 50, 75) percentile: (268, 680, 1651)
[M::mem_pestat] low and high boundaries for computing mean and std.dev: (1, 4417)
[M::mem_pestat] mean and std.dev: (967.00, 894.92)
[M::mem_pestat] low and high boundaries for proper pairs: (1, 5800)
[M::mem_pestat] analyzing insert size distribution for orientation FR...
[M::mem_pestat] (25, 50, 75) percentile: (507, 524, 552)
[M::mem_pestat] low and high boundaries for computing mean and std.dev: (417, 642)
[M::mem_pestat] mean and std.dev: (535.32, 32.36)
[M::mem_pestat] low and high boundaries for proper pairs: (372, 687)
[M::mem_pestat] analyzing insert size distribution for orientation RF...
[M::mem_pestat] (25, 50, 75) percentile: (361, 691, 3987)
[M::mem_pestat] low and high boundaries for computing mean and std.dev: (1, 11239)
[M::mem_pestat] mean and std.dev: (1762.33, 2295.74)
[M::mem_pestat] low and high boundaries for proper pairs: (1, 14865)
[M::mem_pestat] analyzing insert size distribution for orientation RR...
[M::mem_pestat] (25, 50, 75) percentile: (314, 971, 2031)
[M::mem_pestat] low and high boundaries for computing mean and std.dev: (1, 5465)
[M::mem_pestat] mean and std.dev: (1275.57, 1113.99)
[M::mem_pestat] low and high boundaries for proper pairs: (1, 7182)
[M::mem_pestat] skip orientation FF
[M::mem_pestat] skip orientation RF
[M::mem_pestat] skip orientation RR
[M::mem_process_seqs] Processed 266668 reads in 411.645 CPU sec, 104.064 real sec
[M::process] read 266668 sequences (40000200 bp)...
[M::mem_pestat] # candidate unique pairs for (FF, FR, RF, RR): (67, 46571, 21, 44)
[M::mem_pestat] analyzing insert size distribution for orientation FF...
[M::mem_pestat] (25, 50, 75) percentile: (228, 320, 930)
[M::mem_pestat] low and high boundaries for computing mean and std.dev: (1, 2334)
[M::mem_pestat] mean and std.dev: (530.70, 492.51)
[M::mem_pestat] low and high boundaries for proper pairs: (1, 3036)
[M::mem_pestat] analyzing insert size distribution for orientation FR...
[M::mem_pestat] (25, 50, 75) percentile: (507, 524, 552)
[M::mem_pestat] low and high boundaries for computing mean and std.dev: (417, 642)
[M::mem_pestat] mean and std.dev: (535.41, 32.67)
[M::mem_pestat] low and high boundaries for proper pairs: (372, 687)
[M::mem_pestat] analyzing insert size distribution for orientation RF...
[M::mem_pestat] (25, 50, 75) percentile: (331, 418, 1258)
[M::mem_pestat] low and high boundaries for computing mean and std.dev: (1, 3112)
[M::mem_pestat] mean and std.dev: (525.11, 448.38)
[M::mem_pestat] low and high boundaries for proper pairs: (1, 4039)
[M::mem_pestat] analyzing insert size distribution for orientation RR...
[M::mem_pestat] (25, 50, 75) percentile: (402, 828, 1272)
[M::mem_pestat] low and high boundaries for computing mean and std.dev: (1, 3012)
[M::mem_pestat] mean and std.dev: (769.53, 522.94)
[M::mem_pestat] low and high boundaries for proper pairs: (1, 3882)
[M::mem_pestat] skip orientation FF
[M::mem_pestat] skip orientation RF
[M::mem_pestat] skip orientation RR
[M::mem_process_seqs] Processed 266668 reads in 417.039 CPU sec, 106.960 real sec
[M::process] read 266668 sequences (40000200 bp)...
[M::mem_pestat] # candidate unique pairs for (FF, FR, RF, RR): (65, 46560, 16, 59)
[M::mem_pestat] analyzing insert size distribution for orientation FF...
[M::mem_pestat] (25, 50, 75) percentile: (161, 412, 1174)
[M::mem_pestat] low and high boundaries for computing mean and std.dev: (1, 3200)
[M::mem_pestat] mean and std.dev: (609.55, 645.33)
[M::mem_pestat] low and high boundaries for proper pairs: (1, 4213)
[M::mem_pestat] analyzing insert size distribution for orientation FR...
[M::mem_pestat] (25, 50, 75) percentile: (507, 524, 552)
[M::mem_pestat] low and high boundaries for computing mean and std.dev: (417, 642)
[M::mem_pestat] mean and std.dev: (535.46, 32.58)
[M::mem_pestat] low and high boundaries for proper pairs: (372, 687)
[M::mem_pestat] analyzing insert size distribution for orientation RF...
[M::mem_pestat] (25, 50, 75) percentile: (196, 499, 1483)
[M::mem_pestat] low and high boundaries for computing mean and std.dev: (1, 4057)
[M::mem_pestat] mean and std.dev: (532.86, 528.80)
[M::mem_pestat] low and high boundaries for proper pairs: (1, 5344)
[M::mem_pestat] analyzing insert size distribution for orientation RR...
[M::mem_pestat] (25, 50, 75) percentile: (252, 620, 1156)
[M::mem_pestat] low and high boundaries for computing mean and std.dev: (1, 2964)
[M::mem_pestat] mean and std.dev: (746.56, 632.24)
[M::mem_pestat] low and high boundaries for proper pairs: (1, 3868)
[M::mem_pestat] skip orientation FF
[M::mem_pestat] skip orientation RF
[M::mem_pestat] skip orientation RR
[M::mem_process_seqs] Processed 266668 reads in 414.399 CPU sec, 105.758 real sec
[M::process] read 266668 sequences (40000200 bp)...
[M::mem_pestat] # candidate unique pairs for (FF, FR, RF, RR): (66, 45886, 22, 42)
[M::mem_pestat] analyzing insert size distribution for orientation FF...
[M::mem_pestat] (25, 50, 75) percentile: (244, 723, 1363)
[M::mem_pestat] low and high boundaries for computing mean and std.dev: (1, 3601)
[M::mem_pestat] mean and std.dev: (930.38, 843.70)
[M::mem_pestat] low and high boundaries for proper pairs: (1, 4720)
[M::mem_pestat] analyzing insert size distribution for orientation FR...
[M::mem_pestat] (25, 50, 75) percentile: (507, 524, 551)
[M::mem_pestat] low and high boundaries for computing mean and std.dev: (419, 639)
[M::mem_pestat] mean and std.dev: (534.97, 32.03)
[M::mem_pestat] low and high boundaries for proper pairs: (375, 683)
[M::mem_pestat] analyzing insert size distribution for orientation RF...
[M::mem_pestat] (25, 50, 75) percentile: (439, 909, 1767)
[M::mem_pestat] low and high boundaries for computing mean and std.dev: (1, 4423)
[M::mem_pestat] mean and std.dev: (1026.19, 871.95)
[M::mem_pestat] low and high boundaries for proper pairs: (1, 5751)
[M::mem_pestat] analyzing insert size distribution for orientation RR...
[M::mem_pestat] (25, 50, 75) percentile: (594, 1234, 1744)
[M::mem_pestat] low and high boundaries for computing mean and std.dev: (1, 4044)
[M::mem_pestat] mean and std.dev: (1270.56, 943.66)
[M::mem_pestat] low and high boundaries for proper pairs: (1, 5194)
[M::mem_pestat] skip orientation FF
[M::mem_pestat] skip orientation RF
[M::mem_pestat] skip orientation RR
[M::mem_process_seqs] Processed 266668 reads in 418.468 CPU sec, 105.667 real sec
[M::process] read 266668 sequences (40000200 bp)...
[M::mem_pestat] # candidate unique pairs for (FF, FR, RF, RR): (51, 46515, 27, 47)
[M::mem_pestat] analyzing insert size distribution for orientation FF...
[M::mem_pestat] (25, 50, 75) percentile: (160, 279, 1410)
[M::mem_pestat] low and high boundaries for computing mean and std.dev: (1, 3910)
[M::mem_pestat] mean and std.dev: (691.49, 792.41)
[M::mem_pestat] low and high boundaries for proper pairs: (1, 5160)
[M::mem_pestat] analyzing insert size distribution for orientation FR...
[M::mem_pestat] (25, 50, 75) percentile: (507, 524, 551)
[M::mem_pestat] low and high boundaries for computing mean and std.dev: (419, 639)
[M::mem_pestat] mean and std.dev: (534.75, 32.01)
[M::mem_pestat] low and high boundaries for proper pairs: (375, 683)
[M::mem_pestat] analyzing insert size distribution for orientation RF...
[M::mem_pestat] (25, 50, 75) percentile: (234, 438, 1724)
[M::mem_pestat] low and high boundaries for computing mean and std.dev: (1, 4704)
[M::mem_pestat] mean and std.dev: (802.56, 984.24)
[M::mem_pestat] low and high boundaries for proper pairs: (1, 6194)
[M::mem_pestat] analyzing insert size distribution for orientation RR...
[M::mem_pestat] (25, 50, 75) percentile: (411, 711, 1543)
[M::mem_pestat] low and high boundaries for computing mean and std.dev: (1, 3807)
[M::mem_pestat] mean and std.dev: (900.70, 649.93)
[M::mem_pestat] low and high boundaries for proper pairs: (1, 4939)
[M::mem_pestat] skip orientation FF
[M::mem_pestat] skip orientation RF
[M::mem_pestat] skip orientation RR
[M::mem_process_seqs] Processed 266668 reads in 414.692 CPU sec, 104.466 real sec
[M::process] read 266668 sequences (40000200 bp)...
[M::mem_pestat] # candidate unique pairs for (FF, FR, RF, RR): (76, 46708, 15, 58)
[M::mem_pestat] analyzing insert size distribution for orientation FF...
[M::mem_pestat] (25, 50, 75) percentile: (186, 579, 1340)
[M::mem_pestat] low and high boundaries for computing mean and std.dev: (1, 3648)
[M::mem_pestat] mean and std.dev: (746.03, 719.59)
[M::mem_pestat] low and high boundaries for proper pairs: (1, 4802)
[M::mem_pestat] analyzing insert size distribution for orientation FR...
[M::mem_pestat] (25, 50, 75) percentile: (507, 524, 551)
[M::mem_pestat] low and high boundaries for computing mean and std.dev: (419, 639)
[M::mem_pestat] mean and std.dev: (534.95, 32.16)
[M::mem_pestat] low and high boundaries for proper pairs: (375, 683)
[M::mem_pestat] analyzing insert size distribution for orientation RF...
[M::mem_pestat] (25, 50, 75) percentile: (476, 793, 1213)
[M::mem_pestat] low and high boundaries for computing mean and std.dev: (1, 2687)
[M::mem_pestat] mean and std.dev: (623.17, 328.43)
[M::mem_pestat] low and high boundaries for proper pairs: (1, 3424)
[M::mem_pestat] analyzing insert size distribution for orientation RR...
[M::mem_pestat] (25, 50, 75) percentile: (663, 1047, 1905)
[M::mem_pestat] low and high boundaries for computing mean and std.dev: (1, 4389)
[M::mem_pestat] mean and std.dev: (1252.38, 930.13)
[M::mem_pestat] low and high boundaries for proper pairs: (1, 5631)
[M::mem_pestat] skip orientation FF
[M::mem_pestat] skip orientation RF
[M::mem_pestat] skip orientation RR
[M::mem_process_seqs] Processed 266668 reads in 404.563 CPU sec, 103.532 real sec
[M::process] read 266668 sequences (40000200 bp)...
[M::mem_pestat] # candidate unique pairs for (FF, FR, RF, RR): (61, 46313, 16, 60)
[M::mem_pestat] analyzing insert size distribution for orientation FF...
[M::mem_pestat] (25, 50, 75) percentile: (238, 565, 1010)
[M::mem_pestat] low and high boundaries for computing mean and std.dev: (1, 2554)
[M::mem_pestat] mean and std.dev: (636.38, 556.29)
[M::mem_pestat] low and high boundaries for proper pairs: (1, 3326)
[M::mem_pestat] analyzing insert size distribution for orientation FR...
[M::mem_pestat] (25, 50, 75) percentile: (507, 524, 552)
[M::mem_pestat] low and high boundaries for computing mean and std.dev: (417, 642)
[M::mem_pestat] mean and std.dev: (535.13, 32.47)
[M::mem_pestat] low and high boundaries for proper pairs: (372, 687)
[M::mem_pestat] analyzing insert size distribution for orientation RF...
[M::mem_pestat] (25, 50, 75) percentile: (127, 439, 1276)
[M::mem_pestat] low and high boundaries for computing mean and std.dev: (1, 3574)
[M::mem_pestat] mean and std.dev: (650.67, 682.24)
[M::mem_pestat] low and high boundaries for proper pairs: (1, 4723)
[M::mem_pestat] analyzing insert size distribution for orientation RR...
[M::mem_pestat] (25, 50, 75) percentile: (621, 980, 2026)
[M::mem_pestat] low and high boundaries for computing mean and std.dev: (1, 4836)
[M::mem_pestat] mean and std.dev: (1258.25, 1044.49)
[M::mem_pestat] low and high boundaries for proper pairs: (1, 6241)
[M::mem_pestat] skip orientation FF
[M::mem_pestat] skip orientation RF
[M::mem_pestat] skip orientation RR
[M::mem_process_seqs] Processed 266668 reads in 413.472 CPU sec, 104.533 real sec
[M::process] read 266668 sequences (40000200 bp)...
[M::mem_pestat] # candidate unique pairs for (FF, FR, RF, RR): (61, 46163, 19, 57)
[M::mem_pestat] analyzing insert size distribution for orientation FF...
[M::mem_pestat] (25, 50, 75) percentile: (217, 687, 1823)
[M::mem_pestat] low and high boundaries for computing mean and std.dev: (1, 5035)
[M::mem_pestat] mean and std.dev: (962.05, 942.32)
[M::mem_pestat] low and high boundaries for proper pairs: (1, 6641)
[M::mem_pestat] analyzing insert size distribution for orientation FR...
[M::mem_pestat] (25, 50, 75) percentile: (507, 524, 551)
[M::mem_pestat] low and high boundaries for computing mean and std.dev: (419, 639)
[M::mem_pestat] mean and std.dev: (534.90, 32.22)
[M::mem_pestat] low and high boundaries for proper pairs: (375, 683)
[M::mem_pestat] analyzing insert size distribution for orientation RF...
[M::mem_pestat] (25, 50, 75) percentile: (555, 1224, 2007)
[M::mem_pestat] low and high boundaries for computing mean and std.dev: (1, 4911)
[M::mem_pestat] mean and std.dev: (1234.88, 1202.08)
[M::mem_pestat] low and high boundaries for proper pairs: (1, 6363)
[M::mem_pestat] analyzing insert size distribution for orientation RR...
[M::mem_pestat] (25, 50, 75) percentile: (398, 1018, 2050)
[M::mem_pestat] low and high boundaries for computing mean and std.dev: (1, 5354)
[M::mem_pestat] mean and std.dev: (1335.54, 1158.54)
[M::mem_pestat] low and high boundaries for proper pairs: (1, 7006)
[M::mem_pestat] skip orientation FF
[M::mem_pestat] skip orientation RF
[M::mem_pestat] skip orientation RR
[M::mem_process_seqs] Processed 266668 reads in 403.279 CPU sec, 101.186 real sec
[M::process] read 266668 sequences (40000200 bp)...
[M::mem_pestat] # candidate unique pairs for (FF, FR, RF, RR): (54, 46576, 14, 50)
[M::mem_pestat] analyzing insert size distribution for orientation FF...
[M::mem_pestat] (25, 50, 75) percentile: (283, 883, 1671)
[M::mem_pestat] low and high boundaries for computing mean and std.dev: (1, 4447)
[M::mem_pestat] mean and std.dev: (952.63, 841.99)
[M::mem_pestat] low and high boundaries for proper pairs: (1, 5835)
[M::mem_pestat] analyzing insert size distribution for orientation FR...
[M::mem_pestat] (25, 50, 75) percentile: (507, 524, 552)
[M::mem_pestat] low and high boundaries for computing mean and std.dev: (417, 642)
[M::mem_pestat] mean and std.dev: (535.43, 32.73)
[M::mem_pestat] low and high boundaries for proper pairs: (372, 687)
[M::mem_pestat] analyzing insert size distribution for orientation RF...
[M::mem_pestat] (25, 50, 75) percentile: (806, 1460, 2028)
[M::mem_pestat] low and high boundaries for computing mean and std.dev: (1, 4472)
[M::mem_pestat] mean and std.dev: (1509.43, 1039.35)
[M::mem_pestat] low and high boundaries for proper pairs: (1, 5694)
[M::mem_pestat] analyzing insert size distribution for orientation RR...
[M::mem_pestat] (25, 50, 75) percentile: (575, 1059, 1609)
[M::mem_pestat] low and high boundaries for computing mean and std.dev: (1, 3677)
[M::mem_pestat] mean and std.dev: (1041.38, 593.68)
[M::mem_pestat] low and high boundaries for proper pairs: (1, 4711)
[M::mem_pestat] skip orientation FF
[M::mem_pestat] skip orientation RF
[M::mem_pestat] skip orientation RR
[M::mem_process_seqs] Processed 266668 reads in 413.464 CPU sec, 103.826 real sec
[M::process] read 266668 sequences (40000200 bp)...
[M::mem_pestat] # candidate unique pairs for (FF, FR, RF, RR): (70, 46292, 18, 51)
[M::mem_pestat] analyzing insert size distribution for orientation FF...
[M::mem_pestat] (25, 50, 75) percentile: (209, 533, 1264)
[M::mem_pestat] low and high boundaries for computing mean and std.dev: (1, 3374)
[M::mem_pestat] mean and std.dev: (710.18, 648.63)
[M::mem_pestat] low and high boundaries for proper pairs: (1, 4429)
[M::mem_pestat] analyzing insert size distribution for orientation FR...
[M::mem_pestat] (25, 50, 75) percentile: (507, 524, 552)
[M::mem_pestat] low and high boundaries for computing mean and std.dev: (417, 642)
[M::mem_pestat] mean and std.dev: (535.38, 32.84)
[M::mem_pestat] low and high boundaries for proper pairs: (372, 687)
[M::mem_pestat] analyzing insert size distribution for orientation RF...
[M::mem_pestat] (25, 50, 75) percentile: (343, 897, 2911)
[M::mem_pestat] low and high boundaries for computing mean and std.dev: (1, 8047)
[M::mem_pestat] mean and std.dev: (1664.18, 1897.27)
[M::mem_pestat] low and high boundaries for proper pairs: (1, 10615)
[M::mem_pestat] analyzing insert size distribution for orientation RR...
[M::mem_pestat] (25, 50, 75) percentile: (383, 878, 1773)
[M::mem_pestat] low and high boundaries for computing mean and std.dev: (1, 4553)
[M::mem_pestat] mean and std.dev: (1114.44, 1016.67)
[M::mem_pestat] low and high boundaries for proper pairs: (1, 5943)
[M::mem_pestat] skip orientation FF
[M::mem_pestat] skip orientation RF
[M::mem_pestat] skip orientation RR
[M::mem_process_seqs] Processed 266668 reads in 399.432 CPU sec, 100.029 real sec
[M::process] read 266668 sequences (40000200 bp)...
[M::mem_pestat] # candidate unique pairs for (FF, FR, RF, RR): (69, 45965, 22, 72)
[M::mem_pestat] analyzing insert size distribution for orientation FF...
[M::mem_pestat] (25, 50, 75) percentile: (150, 301, 985)
[M::mem_pestat] low and high boundaries for computing mean and std.dev: (1, 2655)
[M::mem_pestat] mean and std.dev: (616.96, 665.07)
[M::mem_pestat] low and high boundaries for proper pairs: (1, 3490)
[M::mem_pestat] analyzing insert size distribution for orientation FR...
[M::mem_pestat] (25, 50, 75) percentile: (507, 524, 552)
[M::mem_pestat] low and high boundaries for computing mean and std.dev: (417, 642)
[M::mem_pestat] mean and std.dev: (535.49, 32.58)
[M::mem_pestat] low and high boundaries for proper pairs: (372, 687)
[M::mem_pestat] analyzing insert size distribution for orientation RF...
[M::mem_pestat] (25, 50, 75) percentile: (181, 742, 1733)
[M::mem_pestat] low and high boundaries for computing mean and std.dev: (1, 4837)
[M::mem_pestat] mean and std.dev: (704.26, 772.21)
[M::mem_pestat] low and high boundaries for proper pairs: (1, 6389)
[M::mem_pestat] analyzing insert size distribution for orientation RR...
[M::mem_pestat] (25, 50, 75) percentile: (328, 789, 1421)
[M::mem_pestat] low and high boundaries for computing mean and std.dev: (1, 3607)
[M::mem_pestat] mean and std.dev: (875.20, 680.97)
[M::mem_pestat] low and high boundaries for proper pairs: (1, 4700)
[M::mem_pestat] skip orientation FF
[M::mem_pestat] skip orientation RF
[M::mem_pestat] skip orientation RR
[M::mem_process_seqs] Processed 266668 reads in 405.699 CPU sec, 101.600 real sec
[M::process] read 266668 sequences (40000200 bp)...
[M::mem_pestat] # candidate unique pairs for (FF, FR, RF, RR): (76, 46599, 21, 55)
[M::mem_pestat] analyzing insert size distribution for orientation FF...
[M::mem_pestat] (25, 50, 75) percentile: (144, 285, 889)
[M::mem_pestat] low and high boundaries for computing mean and std.dev: (1, 2379)
[M::mem_pestat] mean and std.dev: (490.10, 501.65)
[M::mem_pestat] low and high boundaries for proper pairs: (1, 3124)
[M::mem_pestat] analyzing insert size distribution for orientation FR...
[M::mem_pestat] (25, 50, 75) percentile: (507, 524, 552)
[M::mem_pestat] low and high boundaries for computing mean and std.dev: (417, 642)
[M::mem_pestat] mean and std.dev: (535.58, 32.85)
[M::mem_pestat] low and high boundaries for proper pairs: (372, 687)
[M::mem_pestat] analyzing insert size distribution for orientation RF...
[M::mem_pestat] (25, 50, 75) percentile: (178, 457, 1785)
[M::mem_pestat] low and high boundaries for computing mean and std.dev: (1, 4999)
[M::mem_pestat] mean and std.dev: (903.25, 1104.08)
[M::mem_pestat] low and high boundaries for proper pairs: (1, 6606)
[M::mem_pestat] analyzing insert size distribution for orientation RR...
[M::mem_pestat] (25, 50, 75) percentile: (313, 947, 1797)
[M::mem_pestat] low and high boundaries for computing mean and std.dev: (1, 4765)
[M::mem_pestat] mean and std.dev: (1144.36, 974.40)
[M::mem_pestat] low and high boundaries for proper pairs: (1, 6249)
[M::mem_pestat] skip orientation FF
[M::mem_pestat] skip orientation RF
[M::mem_pestat] skip orientation RR
[M::mem_process_seqs] Processed 266668 reads in 403.944 CPU sec, 101.152 real sec
[M::process] read 266668 sequences (40000200 bp)...
[M::mem_pestat] # candidate unique pairs for (FF, FR, RF, RR): (66, 46463, 25, 53)
[M::mem_pestat] analyzing insert size distribution for orientation FF...
[M::mem_pestat] (25, 50, 75) percentile: (182, 370, 1205)
[M::mem_pestat] low and high boundaries for computing mean and std.dev: (1, 3251)
[M::mem_pestat] mean and std.dev: (715.92, 725.15)
[M::mem_pestat] low and high boundaries for proper pairs: (1, 4274)
[M::mem_pestat] analyzing insert size distribution for orientation FR...
[M::mem_pestat] (25, 50, 75) percentile: (507, 524, 553)
[M::mem_pestat] low and high boundaries for computing mean and std.dev: (415, 645)
[M::mem_pestat] mean and std.dev: (535.98, 33.10)
[M::mem_pestat] low and high boundaries for proper pairs: (369, 691)
[M::mem_pestat] analyzing insert size distribution for orientation RF...
[M::mem_pestat] (25, 50, 75) percentile: (352, 769, 2503)
[M::mem_pestat] low and high boundaries for computing mean and std.dev: (1, 6805)
[M::mem_pestat] mean and std.dev: (1144.65, 1129.84)
[M::mem_pestat] low and high boundaries for proper pairs: (1, 8956)
[M::mem_pestat] analyzing insert size distribution for orientation RR...
[M::mem_pestat] (25, 50, 75) percentile: (644, 987, 1559)
[M::mem_pestat] low and high boundaries for computing mean and std.dev: (1, 3389)
[M::mem_pestat] mean and std.dev: (1077.56, 726.92)
[M::mem_pestat] low and high boundaries for proper pairs: (1, 4304)
[M::mem_pestat] skip orientation FF
[M::mem_pestat] skip orientation RF
[M::mem_pestat] skip orientation RR
[M::mem_process_seqs] Processed 266668 reads in 406.261 CPU sec, 101.879 real sec
[M::process] read 266668 sequences (40000200 bp)...
[M::mem_pestat] # candidate unique pairs for (FF, FR, RF, RR): (60, 46598, 14, 62)
[M::mem_pestat] analyzing insert size distribution for orientation FF...
[M::mem_pestat] (25, 50, 75) percentile: (173, 480, 1338)
[M::mem_pestat] low and high boundaries for computing mean and std.dev: (1, 3668)
[M::mem_pestat] mean and std.dev: (784.81, 785.70)
[M::mem_pestat] low and high boundaries for proper pairs: (1, 4833)
[M::mem_pestat] analyzing insert size distribution for orientation FR...
[M::mem_pestat] (25, 50, 75) percentile: (507, 524, 552)
[M::mem_pestat] low and high boundaries for computing mean and std.dev: (417, 642)
[M::mem_pestat] mean and std.dev: (535.27, 32.57)
[M::mem_pestat] low and high boundaries for proper pairs: (372, 687)
[M::mem_pestat] analyzing insert size distribution for orientation RF...
[M::mem_pestat] (25, 50, 75) percentile: (344, 830, 2444)
[M::mem_pestat] low and high boundaries for computing mean and std.dev: (1, 6644)
[M::mem_pestat] mean and std.dev: (1304.36, 1330.30)
[M::mem_pestat] low and high boundaries for proper pairs: (1, 8744)
[M::mem_pestat] analyzing insert size distribution for orientation RR...
[M::mem_pestat] (25, 50, 75) percentile: (538, 1118, 1791)
[M::mem_pestat] low and high boundaries for computing mean and std.dev: (1, 4297)
[M::mem_pestat] mean and std.dev: (1104.98, 842.36)
[M::mem_pestat] low and high boundaries for proper pairs: (1, 5550)
[M::mem_pestat] skip orientation FF
[M::mem_pestat] skip orientation RF
[M::mem_pestat] skip orientation RR
[M::mem_process_seqs] Processed 266668 reads in 402.585 CPU sec, 101.022 real sec
[M::process] read 266668 sequences (40000200 bp)...
[M::mem_pestat] # candidate unique pairs for (FF, FR, RF, RR): (62, 46592, 21, 52)
[M::mem_pestat] analyzing insert size distribution for orientation FF...
[M::mem_pestat] (25, 50, 75) percentile: (189, 437, 1010)
[M::mem_pestat] low and high boundaries for computing mean and std.dev: (1, 2652)
[M::mem_pestat] mean and std.dev: (568.37, 529.69)
[M::mem_pestat] low and high boundaries for proper pairs: (1, 3473)
[M::mem_pestat] analyzing insert size distribution for orientation FR...
[M::mem_pestat] (25, 50, 75) percentile: (507, 524, 552)
[M::mem_pestat] low and high boundaries for computing mean and std.dev: (417, 642)
[M::mem_pestat] mean and std.dev: (535.20, 32.47)
[M::mem_pestat] low and high boundaries for proper pairs: (372, 687)
[M::mem_pestat] analyzing insert size distribution for orientation RF...
[M::mem_pestat] (25, 50, 75) percentile: (16, 279, 972)
[M::mem_pestat] low and high boundaries for computing mean and std.dev: (1, 2884)
[M::mem_pestat] mean and std.dev: (405.95, 594.08)
[M::mem_pestat] low and high boundaries for proper pairs: (1, 3840)
[M::mem_pestat] analyzing insert size distribution for orientation RR...
[M::mem_pestat] (25, 50, 75) percentile: (334, 1040, 1510)
[M::mem_pestat] low and high boundaries for computing mean and std.dev: (1, 3862)
[M::mem_pestat] mean and std.dev: (1096.73, 874.79)
[M::mem_pestat] low and high boundaries for proper pairs: (1, 5038)
[M::mem_pestat] skip orientation FF
[M::mem_pestat] skip orientation RF
[M::mem_pestat] skip orientation RR
[M::mem_process_seqs] Processed 266668 reads in 413.160 CPU sec, 105.118 real sec
[M::process] read 217490 sequences (32623500 bp)...
[M::mem_pestat] # candidate unique pairs for (FF, FR, RF, RR): (69, 45925, 19, 39)
[M::mem_pestat] analyzing insert size distribution for orientation FF...
[M::mem_pestat] (25, 50, 75) percentile: (210, 550, 1357)
[M::mem_pestat] low and high boundaries for computing mean and std.dev: (1, 3651)
[M::mem_pestat] mean and std.dev: (774.18, 745.12)
[M::mem_pestat] low and high boundaries for proper pairs: (1, 4798)
[M::mem_pestat] analyzing insert size distribution for orientation FR...
[M::mem_pestat] (25, 50, 75) percentile: (507, 524, 551)
[M::mem_pestat] low and high boundaries for computing mean and std.dev: (419, 639)
[M::mem_pestat] mean and std.dev: (534.90, 31.83)
[M::mem_pestat] low and high boundaries for proper pairs: (375, 683)
[M::mem_pestat] analyzing insert size distribution for orientation RF...
[M::mem_pestat] (25, 50, 75) percentile: (205, 1158, 2951)
[M::mem_pestat] low and high boundaries for computing mean and std.dev: (1, 8443)
[M::mem_pestat] mean and std.dev: (1426.50, 1530.02)
[M::mem_pestat] low and high boundaries for proper pairs: (1, 11189)
[M::mem_pestat] analyzing insert size distribution for orientation RR...
[M::mem_pestat] (25, 50, 75) percentile: (692, 917, 1387)
[M::mem_pestat] low and high boundaries for computing mean and std.dev: (1, 2777)
[M::mem_pestat] mean and std.dev: (935.46, 568.87)
[M::mem_pestat] low and high boundaries for proper pairs: (1, 3472)
[M::mem_pestat] skip orientation FF
[M::mem_pestat] skip orientation RF
[M::mem_pestat] skip orientation RR
[M::mem_process_seqs] Processed 266668 reads in 425.777 CPU sec, 107.248 real sec
[M::mem_pestat] # candidate unique pairs for (FF, FR, RF, RR): (70, 37576, 13, 42)
[M::mem_pestat] analyzing insert size distribution for orientation FF...
[M::mem_pestat] (25, 50, 75) percentile: (165, 434, 1130)
[M::mem_pestat] low and high boundaries for computing mean and std.dev: (1, 3060)
[M::mem_pestat] mean and std.dev: (642.00, 667.10)
[M::mem_pestat] low and high boundaries for proper pairs: (1, 4025)
[M::mem_pestat] analyzing insert size distribution for orientation FR...
[M::mem_pestat] (25, 50, 75) percentile: (507, 524, 552)
[M::mem_pestat] low and high boundaries for computing mean and std.dev: (417, 642)
[M::mem_pestat] mean and std.dev: (535.28, 32.55)
[M::mem_pestat] low and high boundaries for proper pairs: (372, 687)
[M::mem_pestat] analyzing insert size distribution for orientation RF...
[M::mem_pestat] (25, 50, 75) percentile: (390, 995, 3190)
[M::mem_pestat] low and high boundaries for computing mean and std.dev: (1, 8790)
[M::mem_pestat] mean and std.dev: (1499.75, 1558.39)
[M::mem_pestat] low and high boundaries for proper pairs: (1, 11590)
[M::mem_pestat] analyzing insert size distribution for orientation RR...
[M::mem_pestat] (25, 50, 75) percentile: (558, 837, 1052)
[M::mem_pestat] low and high boundaries for computing mean and std.dev: (1, 2040)
[M::mem_pestat] mean and std.dev: (757.75, 423.89)
[M::mem_pestat] low and high boundaries for proper pairs: (1, 2534)
[M::mem_pestat] skip orientation FF
[M::mem_pestat] skip orientation RF
[M::mem_pestat] skip orientation RR
[M::mem_process_seqs] Processed 217490 reads in 354.182 CPU sec, 88.757 real sec
[main] Version: 0.7.17-r1188
[main] CMD: bwa mem -t 4 -a /mnt/raid6/bacphagenetwork/data/bwa_index/chm13v2.0_noY.fa /mnt/raid6/bacphagenetwork/data/skin_metagenome/Beijing/02_rm_host/BJ119_1.fastq.gz /mnt/raid6/bacphagenetwork/data/skin_metagenome/Beijing/02_rm_host/BJ119_2.fastq.gz
[main] Real time: 5951.190 sec; CPU: 23512.003 sec
