/home/bacphagenetwork/.bashrc: line 15: Custom: command not found
[M::bwa_idx_load_from_disk] read 0 ALT contigs
[M::process] read 266668 sequences (40000200 bp)...
[M::process] read 266668 sequences (40000200 bp)...
[M::mem_pestat] # candidate unique pairs for (FF, FR, RF, RR): (5, 4607, 2, 4)
[M::mem_pestat] skip orientation FF as there are not enough pairs
[M::mem_pestat] analyzing insert size distribution for orientation FR...
[M::mem_pestat] (25, 50, 75) percentile: (497, 516, 544)
[M::mem_pestat] low and high boundaries for computing mean and std.dev: (403, 638)
[M::mem_pestat] mean and std.dev: (532.70, 33.19)
[M::mem_pestat] low and high boundaries for proper pairs: (356, 685)
[M::mem_pestat] skip orientation RF as there are not enough pairs
[M::mem_pestat] skip orientation RR as there are not enough pairs
[M::mem_process_seqs] Processed 266668 reads in 153.875 CPU sec, 38.577 real sec
[M::process] read 266668 sequences (40000200 bp)...
[M::mem_pestat] # candidate unique pairs for (FF, FR, RF, RR): (2, 4684, 0, 1)
[M::mem_pestat] skip orientation FF as there are not enough pairs
[M::mem_pestat] analyzing insert size distribution for orientation FR...
[M::mem_pestat] (25, 50, 75) percentile: (500, 516, 544)
[M::mem_pestat] low and high boundaries for computing mean and std.dev: (412, 632)
[M::mem_pestat] mean and std.dev: (532.93, 32.12)
[M::mem_pestat] low and high boundaries for proper pairs: (368, 676)
[M::mem_pestat] skip orientation RF as there are not enough pairs
[M::mem_pestat] skip orientation RR as there are not enough pairs
[M::mem_process_seqs] Processed 266668 reads in 149.087 CPU sec, 37.351 real sec
[M::process] read 266668 sequences (40000200 bp)...
[M::mem_pestat] # candidate unique pairs for (FF, FR, RF, RR): (5, 4489, 1, 3)
[M::mem_pestat] skip orientation FF as there are not enough pairs
[M::mem_pestat] analyzing insert size distribution for orientation FR...
[M::mem_pestat] (25, 50, 75) percentile: (478, 515, 542)
[M::mem_pestat] low and high boundaries for computing mean and std.dev: (350, 670)
[M::mem_pestat] mean and std.dev: (528.49, 44.26)
[M::mem_pestat] low and high boundaries for proper pairs: (286, 734)
[M::mem_pestat] skip orientation RF as there are not enough pairs
[M::mem_pestat] skip orientation RR as there are not enough pairs
[M::mem_process_seqs] Processed 266668 reads in 153.740 CPU sec, 38.479 real sec
[M::process] read 266668 sequences (40000200 bp)...
[M::mem_pestat] # candidate unique pairs for (FF, FR, RF, RR): (7, 4646, 2, 2)
[M::mem_pestat] skip orientation FF as there are not enough pairs
[M::mem_pestat] analyzing insert size distribution for orientation FR...
[M::mem_pestat] (25, 50, 75) percentile: (501, 518, 544)
[M::mem_pestat] low and high boundaries for computing mean and std.dev: (415, 630)
[M::mem_pestat] mean and std.dev: (532.57, 30.54)
[M::mem_pestat] low and high boundaries for proper pairs: (372, 673)
[M::mem_pestat] skip orientation RF as there are not enough pairs
[M::mem_pestat] skip orientation RR as there are not enough pairs
[M::mem_process_seqs] Processed 266668 reads in 147.751 CPU sec, 36.987 real sec
[M::process] read 266668 sequences (40000200 bp)...
[M::mem_pestat] # candidate unique pairs for (FF, FR, RF, RR): (1, 4480, 3, 2)
[M::mem_pestat] skip orientation FF as there are not enough pairs
[M::mem_pestat] analyzing insert size distribution for orientation FR...
[M::mem_pestat] (25, 50, 75) percentile: (497, 515, 543)
[M::mem_pestat] low and high boundaries for computing mean and std.dev: (405, 635)
[M::mem_pestat] mean and std.dev: (531.89, 32.01)
[M::mem_pestat] low and high boundaries for proper pairs: (359, 681)
[M::mem_pestat] skip orientation RF as there are not enough pairs
[M::mem_pestat] skip orientation RR as there are not enough pairs
[M::mem_process_seqs] Processed 266668 reads in 148.305 CPU sec, 37.140 real sec
[M::process] read 266668 sequences (40000200 bp)...
[M::mem_pestat] # candidate unique pairs for (FF, FR, RF, RR): (4, 4626, 4, 2)
[M::mem_pestat] skip orientation FF as there are not enough pairs
[M::mem_pestat] analyzing insert size distribution for orientation FR...
[M::mem_pestat] (25, 50, 75) percentile: (501, 517, 545)
[M::mem_pestat] low and high boundaries for computing mean and std.dev: (413, 633)
[M::mem_pestat] mean and std.dev: (532.82, 31.39)
[M::mem_pestat] low and high boundaries for proper pairs: (369, 677)
[M::mem_pestat] skip orientation RF as there are not enough pairs
[M::mem_pestat] skip orientation RR as there are not enough pairs
[M::mem_process_seqs] Processed 266668 reads in 147.007 CPU sec, 36.809 real sec
[M::process] read 266668 sequences (40000200 bp)...
[M::mem_pestat] # candidate unique pairs for (FF, FR, RF, RR): (6, 4623, 3, 2)
[M::mem_pestat] skip orientation FF as there are not enough pairs
[M::mem_pestat] analyzing insert size distribution for orientation FR...
[M::mem_pestat] (25, 50, 75) percentile: (501, 517, 545)
[M::mem_pestat] low and high boundaries for computing mean and std.dev: (413, 633)
[M::mem_pestat] mean and std.dev: (532.60, 30.86)
[M::mem_pestat] low and high boundaries for proper pairs: (369, 677)
[M::mem_pestat] skip orientation RF as there are not enough pairs
[M::mem_pestat] skip orientation RR as there are not enough pairs
[M::mem_process_seqs] Processed 266668 reads in 141.197 CPU sec, 35.363 real sec
[M::process] read 266668 sequences (40000200 bp)...
[M::mem_pestat] # candidate unique pairs for (FF, FR, RF, RR): (1, 4785, 0, 4)
[M::mem_pestat] skip orientation FF as there are not enough pairs
[M::mem_pestat] analyzing insert size distribution for orientation FR...
[M::mem_pestat] (25, 50, 75) percentile: (500, 516, 544)
[M::mem_pestat] low and high boundaries for computing mean and std.dev: (412, 632)
[M::mem_pestat] mean and std.dev: (532.53, 32.39)
[M::mem_pestat] low and high boundaries for proper pairs: (368, 676)
[M::mem_pestat] skip orientation RF as there are not enough pairs
[M::mem_pestat] skip orientation RR as there are not enough pairs
[M::mem_process_seqs] Processed 266668 reads in 149.012 CPU sec, 37.313 real sec
[M::process] read 266668 sequences (40000200 bp)...
[M::mem_pestat] # candidate unique pairs for (FF, FR, RF, RR): (4, 4686, 1, 3)
[M::mem_pestat] skip orientation FF as there are not enough pairs
[M::mem_pestat] analyzing insert size distribution for orientation FR...
[M::mem_pestat] (25, 50, 75) percentile: (500, 516, 545)
[M::mem_pestat] low and high boundaries for computing mean and std.dev: (410, 635)
[M::mem_pestat] mean and std.dev: (532.82, 33.15)
[M::mem_pestat] low and high boundaries for proper pairs: (365, 680)
[M::mem_pestat] skip orientation RF as there are not enough pairs
[M::mem_pestat] skip orientation RR as there are not enough pairs
[M::mem_process_seqs] Processed 266668 reads in 145.949 CPU sec, 36.564 real sec
[M::process] read 266668 sequences (40000200 bp)...
[M::mem_pestat] # candidate unique pairs for (FF, FR, RF, RR): (4, 4665, 3, 1)
[M::mem_pestat] skip orientation FF as there are not enough pairs
[M::mem_pestat] analyzing insert size distribution for orientation FR...
[M::mem_pestat] (25, 50, 75) percentile: (500, 516, 544)
[M::mem_pestat] low and high boundaries for computing mean and std.dev: (412, 632)
[M::mem_pestat] mean and std.dev: (532.92, 32.57)
[M::mem_pestat] low and high boundaries for proper pairs: (368, 676)
[M::mem_pestat] skip orientation RF as there are not enough pairs
[M::mem_pestat] skip orientation RR as there are not enough pairs
[M::mem_process_seqs] Processed 266668 reads in 146.043 CPU sec, 36.586 real sec
[M::process] read 266668 sequences (40000200 bp)...
[M::mem_pestat] # candidate unique pairs for (FF, FR, RF, RR): (6, 4819, 4, 7)
[M::mem_pestat] skip orientation FF as there are not enough pairs
[M::mem_pestat] analyzing insert size distribution for orientation FR...
[M::mem_pestat] (25, 50, 75) percentile: (501, 517, 546)
[M::mem_pestat] low and high boundaries for computing mean and std.dev: (411, 636)
[M::mem_pestat] mean and std.dev: (533.35, 32.80)
[M::mem_pestat] low and high boundaries for proper pairs: (366, 681)
[M::mem_pestat] skip orientation RF as there are not enough pairs
[M::mem_pestat] skip orientation RR as there are not enough pairs
[M::mem_process_seqs] Processed 266668 reads in 147.076 CPU sec, 36.832 real sec
[M::process] read 266668 sequences (40000200 bp)...
[M::mem_pestat] # candidate unique pairs for (FF, FR, RF, RR): (4, 4697, 5, 2)
[M::mem_pestat] skip orientation FF as there are not enough pairs
[M::mem_pestat] analyzing insert size distribution for orientation FR...
[M::mem_pestat] (25, 50, 75) percentile: (500, 516, 544)
[M::mem_pestat] low and high boundaries for computing mean and std.dev: (412, 632)
[M::mem_pestat] mean and std.dev: (533.37, 31.33)
[M::mem_pestat] low and high boundaries for proper pairs: (368, 676)
[M::mem_pestat] skip orientation RF as there are not enough pairs
[M::mem_pestat] skip orientation RR as there are not enough pairs
[M::mem_process_seqs] Processed 266668 reads in 146.055 CPU sec, 36.583 real sec
[M::process] read 266668 sequences (40000200 bp)...
[M::mem_pestat] # candidate unique pairs for (FF, FR, RF, RR): (2, 4729, 4, 3)
[M::mem_pestat] skip orientation FF as there are not enough pairs
[M::mem_pestat] analyzing insert size distribution for orientation FR...
[M::mem_pestat] (25, 50, 75) percentile: (500, 517, 545)
[M::mem_pestat] low and high boundaries for computing mean and std.dev: (410, 635)
[M::mem_pestat] mean and std.dev: (533.11, 31.97)
[M::mem_pestat] low and high boundaries for proper pairs: (365, 680)
[M::mem_pestat] skip orientation RF as there are not enough pairs
[M::mem_pestat] skip orientation RR as there are not enough pairs
[M::mem_process_seqs] Processed 266668 reads in 146.996 CPU sec, 36.827 real sec
[M::process] read 266668 sequences (40000200 bp)...
[M::mem_pestat] # candidate unique pairs for (FF, FR, RF, RR): (6, 4739, 1, 0)
[M::mem_pestat] skip orientation FF as there are not enough pairs
[M::mem_pestat] analyzing insert size distribution for orientation FR...
[M::mem_pestat] (25, 50, 75) percentile: (501, 518, 546)
[M::mem_pestat] low and high boundaries for computing mean and std.dev: (411, 636)
[M::mem_pestat] mean and std.dev: (533.43, 32.75)
[M::mem_pestat] low and high boundaries for proper pairs: (366, 681)
[M::mem_pestat] skip orientation RF as there are not enough pairs
[M::mem_pestat] skip orientation RR as there are not enough pairs
[M::mem_process_seqs] Processed 266668 reads in 141.472 CPU sec, 35.425 real sec
[M::process] read 266668 sequences (40000200 bp)...
[M::mem_pestat] # candidate unique pairs for (FF, FR, RF, RR): (5, 4669, 5, 2)
[M::mem_pestat] skip orientation FF as there are not enough pairs
[M::mem_pestat] analyzing insert size distribution for orientation FR...
[M::mem_pestat] (25, 50, 75) percentile: (500, 516, 543)
[M::mem_pestat] low and high boundaries for computing mean and std.dev: (414, 629)
[M::mem_pestat] mean and std.dev: (531.96, 31.07)
[M::mem_pestat] low and high boundaries for proper pairs: (371, 672)
[M::mem_pestat] skip orientation RF as there are not enough pairs
[M::mem_pestat] skip orientation RR as there are not enough pairs
[M::mem_process_seqs] Processed 266668 reads in 144.795 CPU sec, 36.259 real sec
[M::process] read 266668 sequences (40000200 bp)...
[M::mem_pestat] # candidate unique pairs for (FF, FR, RF, RR): (7, 4792, 3, 5)
[M::mem_pestat] skip orientation FF as there are not enough pairs
[M::mem_pestat] analyzing insert size distribution for orientation FR...
[M::mem_pestat] (25, 50, 75) percentile: (501, 518, 545)
[M::mem_pestat] low and high boundaries for computing mean and std.dev: (413, 633)
[M::mem_pestat] mean and std.dev: (533.97, 32.32)
[M::mem_pestat] low and high boundaries for proper pairs: (369, 677)
[M::mem_pestat] skip orientation RF as there are not enough pairs
[M::mem_pestat] skip orientation RR as there are not enough pairs
[M::mem_process_seqs] Processed 266668 reads in 143.289 CPU sec, 35.889 real sec
[M::process] read 266668 sequences (40000200 bp)...
[M::mem_pestat] # candidate unique pairs for (FF, FR, RF, RR): (8, 4663, 4, 3)
[M::mem_pestat] skip orientation FF as there are not enough pairs
[M::mem_pestat] analyzing insert size distribution for orientation FR...
[M::mem_pestat] (25, 50, 75) percentile: (500, 517, 545)
[M::mem_pestat] low and high boundaries for computing mean and std.dev: (410, 635)
[M::mem_pestat] mean and std.dev: (533.05, 32.59)
[M::mem_pestat] low and high boundaries for proper pairs: (365, 680)
[M::mem_pestat] skip orientation RF as there are not enough pairs
[M::mem_pestat] skip orientation RR as there are not enough pairs
[M::mem_process_seqs] Processed 266668 reads in 149.042 CPU sec, 37.329 real sec
[M::process] read 266668 sequences (40000200 bp)...
[M::mem_pestat] # candidate unique pairs for (FF, FR, RF, RR): (6, 4587, 3, 4)
[M::mem_pestat] skip orientation FF as there are not enough pairs
[M::mem_pestat] analyzing insert size distribution for orientation FR...
[M::mem_pestat] (25, 50, 75) percentile: (500, 517, 545)
[M::mem_pestat] low and high boundaries for computing mean and std.dev: (410, 635)
[M::mem_pestat] mean and std.dev: (533.82, 32.21)
[M::mem_pestat] low and high boundaries for proper pairs: (365, 680)
[M::mem_pestat] skip orientation RF as there are not enough pairs
[M::mem_pestat] skip orientation RR as there are not enough pairs
[M::mem_process_seqs] Processed 266668 reads in 145.570 CPU sec, 36.466 real sec
[M::process] read 266668 sequences (40000200 bp)...
[M::mem_pestat] # candidate unique pairs for (FF, FR, RF, RR): (4, 4717, 4, 2)
[M::mem_pestat] skip orientation FF as there are not enough pairs
[M::mem_pestat] analyzing insert size distribution for orientation FR...
[M::mem_pestat] (25, 50, 75) percentile: (501, 516, 546)
[M::mem_pestat] low and high boundaries for computing mean and std.dev: (411, 636)
[M::mem_pestat] mean and std.dev: (533.65, 32.73)
[M::mem_pestat] low and high boundaries for proper pairs: (366, 681)
[M::mem_pestat] skip orientation RF as there are not enough pairs
[M::mem_pestat] skip orientation RR as there are not enough pairs
[M::mem_process_seqs] Processed 266668 reads in 146.010 CPU sec, 36.587 real sec
[M::process] read 266668 sequences (40000200 bp)...
[M::mem_pestat] # candidate unique pairs for (FF, FR, RF, RR): (3, 4626, 1, 2)
[M::mem_pestat] skip orientation FF as there are not enough pairs
[M::mem_pestat] analyzing insert size distribution for orientation FR...
[M::mem_pestat] (25, 50, 75) percentile: (500, 516, 546)
[M::mem_pestat] low and high boundaries for computing mean and std.dev: (408, 638)
[M::mem_pestat] mean and std.dev: (534.18, 33.74)
[M::mem_pestat] low and high boundaries for proper pairs: (362, 684)
[M::mem_pestat] skip orientation RF as there are not enough pairs
[M::mem_pestat] skip orientation RR as there are not enough pairs
[M::mem_process_seqs] Processed 266668 reads in 147.959 CPU sec, 37.060 real sec
[M::process] read 266668 sequences (40000200 bp)...
[M::mem_pestat] # candidate unique pairs for (FF, FR, RF, RR): (3, 4731, 0, 5)
[M::mem_pestat] skip orientation FF as there are not enough pairs
[M::mem_pestat] analyzing insert size distribution for orientation FR...
[M::mem_pestat] (25, 50, 75) percentile: (500, 516, 544)
[M::mem_pestat] low and high boundaries for computing mean and std.dev: (412, 632)
[M::mem_pestat] mean and std.dev: (533.19, 32.06)
[M::mem_pestat] low and high boundaries for proper pairs: (368, 676)
[M::mem_pestat] skip orientation RF as there are not enough pairs
[M::mem_pestat] skip orientation RR as there are not enough pairs
[M::mem_process_seqs] Processed 266668 reads in 146.061 CPU sec, 36.611 real sec
[M::process] read 266668 sequences (40000200 bp)...
[M::mem_pestat] # candidate unique pairs for (FF, FR, RF, RR): (4, 4671, 2, 2)
[M::mem_pestat] skip orientation FF as there are not enough pairs
[M::mem_pestat] analyzing insert size distribution for orientation FR...
[M::mem_pestat] (25, 50, 75) percentile: (501, 516, 545)
[M::mem_pestat] low and high boundaries for computing mean and std.dev: (413, 633)
[M::mem_pestat] mean and std.dev: (532.36, 32.11)
[M::mem_pestat] low and high boundaries for proper pairs: (369, 677)
[M::mem_pestat] skip orientation RF as there are not enough pairs
[M::mem_pestat] skip orientation RR as there are not enough pairs
[M::mem_process_seqs] Processed 266668 reads in 147.909 CPU sec, 37.049 real sec
[M::process] read 266668 sequences (40000200 bp)...
[M::mem_pestat] # candidate unique pairs for (FF, FR, RF, RR): (4, 4657, 1, 2)
[M::mem_pestat] skip orientation FF as there are not enough pairs
[M::mem_pestat] analyzing insert size distribution for orientation FR...
[M::mem_pestat] (25, 50, 75) percentile: (501, 517, 545)
[M::mem_pestat] low and high boundaries for computing mean and std.dev: (413, 633)
[M::mem_pestat] mean and std.dev: (532.66, 31.14)
[M::mem_pestat] low and high boundaries for proper pairs: (369, 677)
[M::mem_pestat] skip orientation RF as there are not enough pairs
[M::mem_pestat] skip orientation RR as there are not enough pairs
[M::mem_process_seqs] Processed 266668 reads in 144.489 CPU sec, 36.190 real sec
[M::process] read 266668 sequences (40000200 bp)...
[M::mem_pestat] # candidate unique pairs for (FF, FR, RF, RR): (0, 4722, 3, 4)
[M::mem_pestat] skip orientation FF as there are not enough pairs
[M::mem_pestat] analyzing insert size distribution for orientation FR...
[M::mem_pestat] (25, 50, 75) percentile: (501, 517, 545)
[M::mem_pestat] low and high boundaries for computing mean and std.dev: (413, 633)
[M::mem_pestat] mean and std.dev: (532.64, 31.65)
[M::mem_pestat] low and high boundaries for proper pairs: (369, 677)
[M::mem_pestat] skip orientation RF as there are not enough pairs
[M::mem_pestat] skip orientation RR as there are not enough pairs
[M::mem_process_seqs] Processed 266668 reads in 147.970 CPU sec, 37.069 real sec
[M::process] read 266668 sequences (40000200 bp)...
[M::mem_pestat] # candidate unique pairs for (FF, FR, RF, RR): (5, 4569, 3, 4)
[M::mem_pestat] skip orientation FF as there are not enough pairs
[M::mem_pestat] analyzing insert size distribution for orientation FR...
[M::mem_pestat] (25, 50, 75) percentile: (500, 516, 543)
[M::mem_pestat] low and high boundaries for computing mean and std.dev: (414, 629)
[M::mem_pestat] mean and std.dev: (532.58, 31.83)
[M::mem_pestat] low and high boundaries for proper pairs: (371, 672)
[M::mem_pestat] skip orientation RF as there are not enough pairs
[M::mem_pestat] skip orientation RR as there are not enough pairs
[M::mem_process_seqs] Processed 266668 reads in 139.973 CPU sec, 35.050 real sec
[M::process] read 266668 sequences (40000200 bp)...
[M::mem_pestat] # candidate unique pairs for (FF, FR, RF, RR): (3, 4652, 1, 4)
[M::mem_pestat] skip orientation FF as there are not enough pairs
[M::mem_pestat] analyzing insert size distribution for orientation FR...
[M::mem_pestat] (25, 50, 75) percentile: (500, 516, 545)
[M::mem_pestat] low and high boundaries for computing mean and std.dev: (410, 635)
[M::mem_pestat] mean and std.dev: (533.11, 33.25)
[M::mem_pestat] low and high boundaries for proper pairs: (365, 680)
[M::mem_pestat] skip orientation RF as there are not enough pairs
[M::mem_pestat] skip orientation RR as there are not enough pairs
[M::mem_process_seqs] Processed 266668 reads in 145.911 CPU sec, 36.541 real sec
[M::process] read 266668 sequences (40000200 bp)...
[M::mem_pestat] # candidate unique pairs for (FF, FR, RF, RR): (8, 4638, 2, 2)
[M::mem_pestat] skip orientation FF as there are not enough pairs
[M::mem_pestat] analyzing insert size distribution for orientation FR...
[M::mem_pestat] (25, 50, 75) percentile: (500, 517, 546)
[M::mem_pestat] low and high boundaries for computing mean and std.dev: (408, 638)
[M::mem_pestat] mean and std.dev: (533.98, 32.74)
[M::mem_pestat] low and high boundaries for proper pairs: (362, 684)
[M::mem_pestat] skip orientation RF as there are not enough pairs
[M::mem_pestat] skip orientation RR as there are not enough pairs
[M::mem_process_seqs] Processed 266668 reads in 146.300 CPU sec, 36.637 real sec
[M::process] read 266668 sequences (40000200 bp)...
[M::mem_pestat] # candidate unique pairs for (FF, FR, RF, RR): (6, 4832, 0, 3)
[M::mem_pestat] skip orientation FF as there are not enough pairs
[M::mem_pestat] analyzing insert size distribution for orientation FR...
[M::mem_pestat] (25, 50, 75) percentile: (501, 517, 547)
[M::mem_pestat] low and high boundaries for computing mean and std.dev: (409, 639)
[M::mem_pestat] mean and std.dev: (534.33, 32.95)
[M::mem_pestat] low and high boundaries for proper pairs: (363, 685)
[M::mem_pestat] skip orientation RF as there are not enough pairs
[M::mem_pestat] skip orientation RR as there are not enough pairs
[M::mem_process_seqs] Processed 266668 reads in 148.289 CPU sec, 37.133 real sec
[M::process] read 266668 sequences (40000200 bp)...
[M::mem_pestat] # candidate unique pairs for (FF, FR, RF, RR): (3, 4637, 1, 3)
[M::mem_pestat] skip orientation FF as there are not enough pairs
[M::mem_pestat] analyzing insert size distribution for orientation FR...
[M::mem_pestat] (25, 50, 75) percentile: (500, 517, 545)
[M::mem_pestat] low and high boundaries for computing mean and std.dev: (410, 635)
[M::mem_pestat] mean and std.dev: (533.13, 31.32)
[M::mem_pestat] low and high boundaries for proper pairs: (365, 680)
[M::mem_pestat] skip orientation RF as there are not enough pairs
[M::mem_pestat] skip orientation RR as there are not enough pairs
[M::mem_process_seqs] Processed 266668 reads in 145.286 CPU sec, 36.381 real sec
[M::process] read 266668 sequences (40000200 bp)...
[M::mem_pestat] # candidate unique pairs for (FF, FR, RF, RR): (2, 4664, 1, 1)
[M::mem_pestat] skip orientation FF as there are not enough pairs
[M::mem_pestat] analyzing insert size distribution for orientation FR...
[M::mem_pestat] (25, 50, 75) percentile: (500, 517, 547)
[M::mem_pestat] low and high boundaries for computing mean and std.dev: (406, 641)
[M::mem_pestat] mean and std.dev: (534.05, 33.09)
[M::mem_pestat] low and high boundaries for proper pairs: (359, 688)
[M::mem_pestat] skip orientation RF as there are not enough pairs
[M::mem_pestat] skip orientation RR as there are not enough pairs
[M::mem_process_seqs] Processed 266668 reads in 143.318 CPU sec, 35.929 real sec
[M::process] read 266668 sequences (40000200 bp)...
[M::mem_pestat] # candidate unique pairs for (FF, FR, RF, RR): (2, 4728, 3, 2)
[M::mem_pestat] skip orientation FF as there are not enough pairs
[M::mem_pestat] analyzing insert size distribution for orientation FR...
[M::mem_pestat] (25, 50, 75) percentile: (500, 517, 546)
[M::mem_pestat] low and high boundaries for computing mean and std.dev: (408, 638)
[M::mem_pestat] mean and std.dev: (533.78, 32.39)
[M::mem_pestat] low and high boundaries for proper pairs: (362, 684)
[M::mem_pestat] skip orientation RF as there are not enough pairs
[M::mem_pestat] skip orientation RR as there are not enough pairs
[M::mem_process_seqs] Processed 266668 reads in 144.592 CPU sec, 36.236 real sec
[M::process] read 266668 sequences (40000200 bp)...
[M::mem_pestat] # candidate unique pairs for (FF, FR, RF, RR): (2, 4698, 6, 4)
[M::mem_pestat] skip orientation FF as there are not enough pairs
[M::mem_pestat] analyzing insert size distribution for orientation FR...
[M::mem_pestat] (25, 50, 75) percentile: (500, 517, 543)
[M::mem_pestat] low and high boundaries for computing mean and std.dev: (414, 629)
[M::mem_pestat] mean and std.dev: (532.58, 30.99)
[M::mem_pestat] low and high boundaries for proper pairs: (371, 672)
[M::mem_pestat] skip orientation RF as there are not enough pairs
[M::mem_pestat] skip orientation RR as there are not enough pairs
[M::mem_process_seqs] Processed 266668 reads in 145.143 CPU sec, 36.355 real sec
[M::process] read 266668 sequences (40000200 bp)...
[M::mem_pestat] # candidate unique pairs for (FF, FR, RF, RR): (4, 4632, 9, 4)
[M::mem_pestat] skip orientation FF as there are not enough pairs
[M::mem_pestat] analyzing insert size distribution for orientation FR...
[M::mem_pestat] (25, 50, 75) percentile: (501, 516, 545)
[M::mem_pestat] low and high boundaries for computing mean and std.dev: (413, 633)
[M::mem_pestat] mean and std.dev: (533.01, 32.31)
[M::mem_pestat] low and high boundaries for proper pairs: (369, 677)
[M::mem_pestat] skip orientation RF as there are not enough pairs
[M::mem_pestat] skip orientation RR as there are not enough pairs
[M::mem_process_seqs] Processed 266668 reads in 148.734 CPU sec, 37.272 real sec
[M::process] read 266668 sequences (40000200 bp)...
[M::mem_pestat] # candidate unique pairs for (FF, FR, RF, RR): (10, 4696, 2, 2)
[M::mem_pestat] analyzing insert size distribution for orientation FF...
[M::mem_pestat] (25, 50, 75) percentile: (105, 509, 3720)
[M::mem_pestat] low and high boundaries for computing mean and std.dev: (1, 10950)
[M::mem_pestat] mean and std.dev: (1699.50, 2292.75)
[M::mem_pestat] low and high boundaries for proper pairs: (1, 14565)
[M::mem_pestat] analyzing insert size distribution for orientation FR...
[M::mem_pestat] (25, 50, 75) percentile: (501, 516, 544)
[M::mem_pestat] low and high boundaries for computing mean and std.dev: (415, 630)
[M::mem_pestat] mean and std.dev: (532.48, 30.97)
[M::mem_pestat] low and high boundaries for proper pairs: (372, 673)
[M::mem_pestat] skip orientation RF as there are not enough pairs
[M::mem_pestat] skip orientation RR as there are not enough pairs
[M::mem_pestat] skip orientation FF
[M::mem_process_seqs] Processed 266668 reads in 147.704 CPU sec, 36.991 real sec
[M::process] read 266668 sequences (40000200 bp)...
[M::mem_pestat] # candidate unique pairs for (FF, FR, RF, RR): (6, 4688, 1, 3)
[M::mem_pestat] skip orientation FF as there are not enough pairs
[M::mem_pestat] analyzing insert size distribution for orientation FR...
[M::mem_pestat] (25, 50, 75) percentile: (500, 516, 545)
[M::mem_pestat] low and high boundaries for computing mean and std.dev: (410, 635)
[M::mem_pestat] mean and std.dev: (532.72, 32.66)
[M::mem_pestat] low and high boundaries for proper pairs: (365, 680)
[M::mem_pestat] skip orientation RF as there are not enough pairs
[M::mem_pestat] skip orientation RR as there are not enough pairs
[M::mem_process_seqs] Processed 266668 reads in 150.938 CPU sec, 37.810 real sec
[M::process] read 266668 sequences (40000200 bp)...
[M::mem_pestat] # candidate unique pairs for (FF, FR, RF, RR): (6, 4735, 2, 4)
[M::mem_pestat] skip orientation FF as there are not enough pairs
[M::mem_pestat] analyzing insert size distribution for orientation FR...
[M::mem_pestat] (25, 50, 75) percentile: (500, 516, 544)
[M::mem_pestat] low and high boundaries for computing mean and std.dev: (412, 632)
[M::mem_pestat] mean and std.dev: (532.27, 31.46)
[M::mem_pestat] low and high boundaries for proper pairs: (368, 676)
[M::mem_pestat] skip orientation RF as there are not enough pairs
[M::mem_pestat] skip orientation RR as there are not enough pairs
[M::mem_process_seqs] Processed 266668 reads in 149.058 CPU sec, 37.338 real sec
[M::process] read 266668 sequences (40000200 bp)...
[M::mem_pestat] # candidate unique pairs for (FF, FR, RF, RR): (8, 4729, 2, 5)
[M::mem_pestat] skip orientation FF as there are not enough pairs
[M::mem_pestat] analyzing insert size distribution for orientation FR...
[M::mem_pestat] (25, 50, 75) percentile: (500, 517, 546)
[M::mem_pestat] low and high boundaries for computing mean and std.dev: (408, 638)
[M::mem_pestat] mean and std.dev: (533.83, 33.42)
[M::mem_pestat] low and high boundaries for proper pairs: (362, 684)
[M::mem_pestat] skip orientation RF as there are not enough pairs
[M::mem_pestat] skip orientation RR as there are not enough pairs
[M::mem_process_seqs] Processed 266668 reads in 148.218 CPU sec, 37.118 real sec
[M::process] read 266668 sequences (40000200 bp)...
[M::mem_pestat] # candidate unique pairs for (FF, FR, RF, RR): (5, 4751, 1, 5)
[M::mem_pestat] skip orientation FF as there are not enough pairs
[M::mem_pestat] analyzing insert size distribution for orientation FR...
[M::mem_pestat] (25, 50, 75) percentile: (501, 516, 545)
[M::mem_pestat] low and high boundaries for computing mean and std.dev: (413, 633)
[M::mem_pestat] mean and std.dev: (532.70, 32.12)
[M::mem_pestat] low and high boundaries for proper pairs: (369, 677)
[M::mem_pestat] skip orientation RF as there are not enough pairs
[M::mem_pestat] skip orientation RR as there are not enough pairs
[M::mem_process_seqs] Processed 266668 reads in 147.864 CPU sec, 37.064 real sec
[M::process] read 266668 sequences (40000200 bp)...
[M::mem_pestat] # candidate unique pairs for (FF, FR, RF, RR): (6, 4621, 4, 4)
[M::mem_pestat] skip orientation FF as there are not enough pairs
[M::mem_pestat] analyzing insert size distribution for orientation FR...
[M::mem_pestat] (25, 50, 75) percentile: (500, 516, 545)
[M::mem_pestat] low and high boundaries for computing mean and std.dev: (410, 635)
[M::mem_pestat] mean and std.dev: (532.87, 33.14)
[M::mem_pestat] low and high boundaries for proper pairs: (365, 680)
[M::mem_pestat] skip orientation RF as there are not enough pairs
[M::mem_pestat] skip orientation RR as there are not enough pairs
[M::mem_process_seqs] Processed 266668 reads in 145.553 CPU sec, 36.479 real sec
[M::process] read 266668 sequences (40000200 bp)...
[M::mem_pestat] # candidate unique pairs for (FF, FR, RF, RR): (3, 4730, 1, 3)
[M::mem_pestat] skip orientation FF as there are not enough pairs
[M::mem_pestat] analyzing insert size distribution for orientation FR...
[M::mem_pestat] (25, 50, 75) percentile: (500, 517, 545)
[M::mem_pestat] low and high boundaries for computing mean and std.dev: (410, 635)
[M::mem_pestat] mean and std.dev: (533.03, 32.83)
[M::mem_pestat] low and high boundaries for proper pairs: (365, 680)
[M::mem_pestat] skip orientation RF as there are not enough pairs
[M::mem_pestat] skip orientation RR as there are not enough pairs
[M::mem_process_seqs] Processed 266668 reads in 143.871 CPU sec, 36.032 real sec
[M::process] read 266668 sequences (40000200 bp)...
[M::mem_pestat] # candidate unique pairs for (FF, FR, RF, RR): (8, 4711, 1, 4)
[M::mem_pestat] skip orientation FF as there are not enough pairs
[M::mem_pestat] analyzing insert size distribution for orientation FR...
[M::mem_pestat] (25, 50, 75) percentile: (501, 517, 544)
[M::mem_pestat] low and high boundaries for computing mean and std.dev: (415, 630)
[M::mem_pestat] mean and std.dev: (532.04, 30.64)
[M::mem_pestat] low and high boundaries for proper pairs: (372, 673)
[M::mem_pestat] skip orientation RF as there are not enough pairs
[M::mem_pestat] skip orientation RR as there are not enough pairs
[M::mem_process_seqs] Processed 266668 reads in 148.710 CPU sec, 37.244 real sec
[M::process] read 266668 sequences (40000200 bp)...
[M::mem_pestat] # candidate unique pairs for (FF, FR, RF, RR): (5, 4813, 3, 1)
[M::mem_pestat] skip orientation FF as there are not enough pairs
[M::mem_pestat] analyzing insert size distribution for orientation FR...
[M::mem_pestat] (25, 50, 75) percentile: (500, 516, 545)
[M::mem_pestat] low and high boundaries for computing mean and std.dev: (410, 635)
[M::mem_pestat] mean and std.dev: (533.61, 32.93)
[M::mem_pestat] low and high boundaries for proper pairs: (365, 680)
[M::mem_pestat] skip orientation RF as there are not enough pairs
[M::mem_pestat] skip orientation RR as there are not enough pairs
[M::mem_process_seqs] Processed 266668 reads in 145.904 CPU sec, 36.552 real sec
[M::process] read 266668 sequences (40000200 bp)...
[M::mem_pestat] # candidate unique pairs for (FF, FR, RF, RR): (6, 4650, 3, 5)
[M::mem_pestat] skip orientation FF as there are not enough pairs
[M::mem_pestat] analyzing insert size distribution for orientation FR...
[M::mem_pestat] (25, 50, 75) percentile: (500, 516, 545)
[M::mem_pestat] low and high boundaries for computing mean and std.dev: (410, 635)
[M::mem_pestat] mean and std.dev: (533.15, 33.24)
[M::mem_pestat] low and high boundaries for proper pairs: (365, 680)
[M::mem_pestat] skip orientation RF as there are not enough pairs
[M::mem_pestat] skip orientation RR as there are not enough pairs
[M::mem_process_seqs] Processed 266668 reads in 146.807 CPU sec, 36.779 real sec
[M::process] read 266668 sequences (40000200 bp)...
[M::mem_pestat] # candidate unique pairs for (FF, FR, RF, RR): (3, 4662, 4, 4)
[M::mem_pestat] skip orientation FF as there are not enough pairs
[M::mem_pestat] analyzing insert size distribution for orientation FR...
[M::mem_pestat] (25, 50, 75) percentile: (500, 516, 545)
[M::mem_pestat] low and high boundaries for computing mean and std.dev: (410, 635)
[M::mem_pestat] mean and std.dev: (532.52, 31.94)
[M::mem_pestat] low and high boundaries for proper pairs: (365, 680)
[M::mem_pestat] skip orientation RF as there are not enough pairs
[M::mem_pestat] skip orientation RR as there are not enough pairs
[M::mem_process_seqs] Processed 266668 reads in 146.220 CPU sec, 36.620 real sec
[M::process] read 266668 sequences (40000200 bp)...
[M::mem_pestat] # candidate unique pairs for (FF, FR, RF, RR): (6, 4678, 2, 2)
[M::mem_pestat] skip orientation FF as there are not enough pairs
[M::mem_pestat] analyzing insert size distribution for orientation FR...
[M::mem_pestat] (25, 50, 75) percentile: (500, 517, 546)
[M::mem_pestat] low and high boundaries for computing mean and std.dev: (408, 638)
[M::mem_pestat] mean and std.dev: (533.80, 32.91)
[M::mem_pestat] low and high boundaries for proper pairs: (362, 684)
[M::mem_pestat] skip orientation RF as there are not enough pairs
[M::mem_pestat] skip orientation RR as there are not enough pairs
[M::mem_process_seqs] Processed 266668 reads in 147.948 CPU sec, 37.064 real sec
[M::process] read 266668 sequences (40000200 bp)...
[M::mem_pestat] # candidate unique pairs for (FF, FR, RF, RR): (5, 4557, 1, 5)
[M::mem_pestat] skip orientation FF as there are not enough pairs
[M::mem_pestat] analyzing insert size distribution for orientation FR...
[M::mem_pestat] (25, 50, 75) percentile: (437, 515, 543)
[M::mem_pestat] low and high boundaries for computing mean and std.dev: (225, 755)
[M::mem_pestat] mean and std.dev: (509.47, 87.51)
[M::mem_pestat] low and high boundaries for proper pairs: (119, 861)
[M::mem_pestat] skip orientation RF as there are not enough pairs
[M::mem_pestat] skip orientation RR as there are not enough pairs
[M::mem_process_seqs] Processed 266668 reads in 159.490 CPU sec, 39.942 real sec
[M::process] read 266668 sequences (40000200 bp)...
[M::mem_pestat] # candidate unique pairs for (FF, FR, RF, RR): (5, 4733, 3, 9)
[M::mem_pestat] skip orientation FF as there are not enough pairs
[M::mem_pestat] analyzing insert size distribution for orientation FR...
[M::mem_pestat] (25, 50, 75) percentile: (501, 517, 545)
[M::mem_pestat] low and high boundaries for computing mean and std.dev: (413, 633)
[M::mem_pestat] mean and std.dev: (532.81, 31.36)
[M::mem_pestat] low and high boundaries for proper pairs: (369, 677)
[M::mem_pestat] skip orientation RF as there are not enough pairs
[M::mem_pestat] skip orientation RR as there are not enough pairs
[M::mem_process_seqs] Processed 266668 reads in 145.282 CPU sec, 36.387 real sec
[M::process] read 266668 sequences (40000200 bp)...
[M::mem_pestat] # candidate unique pairs for (FF, FR, RF, RR): (10, 4727, 3, 3)
[M::mem_pestat] analyzing insert size distribution for orientation FF...
[M::mem_pestat] (25, 50, 75) percentile: (145, 416, 758)
[M::mem_pestat] low and high boundaries for computing mean and std.dev: (1, 1984)
[M::mem_pestat] mean and std.dev: (545.60, 503.30)
[M::mem_pestat] low and high boundaries for proper pairs: (1, 2597)
[M::mem_pestat] analyzing insert size distribution for orientation FR...
[M::mem_pestat] (25, 50, 75) percentile: (500, 516, 546)
[M::mem_pestat] low and high boundaries for computing mean and std.dev: (408, 638)
[M::mem_pestat] mean and std.dev: (533.69, 34.13)
[M::mem_pestat] low and high boundaries for proper pairs: (362, 684)
[M::mem_pestat] skip orientation RF as there are not enough pairs
[M::mem_pestat] skip orientation RR as there are not enough pairs
[M::mem_pestat] skip orientation FF
[M::mem_process_seqs] Processed 266668 reads in 143.924 CPU sec, 36.040 real sec
[M::process] read 266668 sequences (40000200 bp)...
[M::mem_pestat] # candidate unique pairs for (FF, FR, RF, RR): (3, 4646, 3, 1)
[M::mem_pestat] skip orientation FF as there are not enough pairs
[M::mem_pestat] analyzing insert size distribution for orientation FR...
[M::mem_pestat] (25, 50, 75) percentile: (500, 515, 544)
[M::mem_pestat] low and high boundaries for computing mean and std.dev: (412, 632)
[M::mem_pestat] mean and std.dev: (531.58, 30.74)
[M::mem_pestat] low and high boundaries for proper pairs: (368, 676)
[M::mem_pestat] skip orientation RF as there are not enough pairs
[M::mem_pestat] skip orientation RR as there are not enough pairs
[M::mem_process_seqs] Processed 266668 reads in 149.027 CPU sec, 37.344 real sec
[M::process] read 266668 sequences (40000200 bp)...
[M::mem_pestat] # candidate unique pairs for (FF, FR, RF, RR): (3, 4730, 2, 6)
[M::mem_pestat] skip orientation FF as there are not enough pairs
[M::mem_pestat] analyzing insert size distribution for orientation FR...
[M::mem_pestat] (25, 50, 75) percentile: (500, 517, 546)
[M::mem_pestat] low and high boundaries for computing mean and std.dev: (408, 638)
[M::mem_pestat] mean and std.dev: (533.80, 33.63)
[M::mem_pestat] low and high boundaries for proper pairs: (362, 684)
[M::mem_pestat] skip orientation RF as there are not enough pairs
[M::mem_pestat] skip orientation RR as there are not enough pairs
[M::mem_process_seqs] Processed 266668 reads in 147.611 CPU sec, 36.971 real sec
[M::process] read 266668 sequences (40000200 bp)...
[M::mem_pestat] # candidate unique pairs for (FF, FR, RF, RR): (3, 4790, 7, 4)
[M::mem_pestat] skip orientation FF as there are not enough pairs
[M::mem_pestat] analyzing insert size distribution for orientation FR...
[M::mem_pestat] (25, 50, 75) percentile: (501, 518, 546)
[M::mem_pestat] low and high boundaries for computing mean and std.dev: (411, 636)
[M::mem_pestat] mean and std.dev: (534.36, 31.95)
[M::mem_pestat] low and high boundaries for proper pairs: (366, 681)
[M::mem_pestat] skip orientation RF as there are not enough pairs
[M::mem_pestat] skip orientation RR as there are not enough pairs
[M::mem_process_seqs] Processed 266668 reads in 145.134 CPU sec, 36.362 real sec
[M::process] read 266668 sequences (40000200 bp)...
[M::mem_pestat] # candidate unique pairs for (FF, FR, RF, RR): (5, 4703, 1, 3)
[M::mem_pestat] skip orientation FF as there are not enough pairs
[M::mem_pestat] analyzing insert size distribution for orientation FR...
[M::mem_pestat] (25, 50, 75) percentile: (500, 516, 545)
[M::mem_pestat] low and high boundaries for computing mean and std.dev: (410, 635)
[M::mem_pestat] mean and std.dev: (532.94, 32.35)
[M::mem_pestat] low and high boundaries for proper pairs: (365, 680)
[M::mem_pestat] skip orientation RF as there are not enough pairs
[M::mem_pestat] skip orientation RR as there are not enough pairs
[M::mem_process_seqs] Processed 266668 reads in 145.855 CPU sec, 36.536 real sec
[M::process] read 266668 sequences (40000200 bp)...
[M::mem_pestat] # candidate unique pairs for (FF, FR, RF, RR): (5, 4787, 2, 2)
[M::mem_pestat] skip orientation FF as there are not enough pairs
[M::mem_pestat] analyzing insert size distribution for orientation FR...
[M::mem_pestat] (25, 50, 75) percentile: (500, 517, 544)
[M::mem_pestat] low and high boundaries for computing mean and std.dev: (412, 632)
[M::mem_pestat] mean and std.dev: (533.23, 31.95)
[M::mem_pestat] low and high boundaries for proper pairs: (368, 676)
[M::mem_pestat] skip orientation RF as there are not enough pairs
[M::mem_pestat] skip orientation RR as there are not enough pairs
[M::mem_process_seqs] Processed 266668 reads in 148.624 CPU sec, 37.233 real sec
[M::process] read 266668 sequences (40000200 bp)...
[M::mem_pestat] # candidate unique pairs for (FF, FR, RF, RR): (4, 4779, 4, 7)
[M::mem_pestat] skip orientation FF as there are not enough pairs
[M::mem_pestat] analyzing insert size distribution for orientation FR...
[M::mem_pestat] (25, 50, 75) percentile: (500, 516, 543)
[M::mem_pestat] low and high boundaries for computing mean and std.dev: (414, 629)
[M::mem_pestat] mean and std.dev: (532.11, 31.01)
[M::mem_pestat] low and high boundaries for proper pairs: (371, 672)
[M::mem_pestat] skip orientation RF as there are not enough pairs
[M::mem_pestat] skip orientation RR as there are not enough pairs
[M::mem_process_seqs] Processed 266668 reads in 151.267 CPU sec, 37.893 real sec
[M::process] read 266668 sequences (40000200 bp)...
[M::mem_pestat] # candidate unique pairs for (FF, FR, RF, RR): (3, 4701, 3, 4)
[M::mem_pestat] skip orientation FF as there are not enough pairs
[M::mem_pestat] analyzing insert size distribution for orientation FR...
[M::mem_pestat] (25, 50, 75) percentile: (501, 518, 547)
[M::mem_pestat] low and high boundaries for computing mean and std.dev: (409, 639)
[M::mem_pestat] mean and std.dev: (533.80, 33.94)
[M::mem_pestat] low and high boundaries for proper pairs: (363, 685)
[M::mem_pestat] skip orientation RF as there are not enough pairs
[M::mem_pestat] skip orientation RR as there are not enough pairs
[M::mem_process_seqs] Processed 266668 reads in 146.296 CPU sec, 36.617 real sec
[M::process] read 266668 sequences (40000200 bp)...
[M::mem_pestat] # candidate unique pairs for (FF, FR, RF, RR): (2, 4706, 5, 7)
[M::mem_pestat] skip orientation FF as there are not enough pairs
[M::mem_pestat] analyzing insert size distribution for orientation FR...
[M::mem_pestat] (25, 50, 75) percentile: (500, 516, 543)
[M::mem_pestat] low and high boundaries for computing mean and std.dev: (414, 629)
[M::mem_pestat] mean and std.dev: (532.02, 30.35)
[M::mem_pestat] low and high boundaries for proper pairs: (371, 672)
[M::mem_pestat] skip orientation RF as there are not enough pairs
[M::mem_pestat] skip orientation RR as there are not enough pairs
[M::mem_process_seqs] Processed 266668 reads in 145.182 CPU sec, 36.360 real sec
[M::process] read 266668 sequences (40000200 bp)...
[M::mem_pestat] # candidate unique pairs for (FF, FR, RF, RR): (6, 4753, 1, 3)
[M::mem_pestat] skip orientation FF as there are not enough pairs
[M::mem_pestat] analyzing insert size distribution for orientation FR...
[M::mem_pestat] (25, 50, 75) percentile: (501, 518, 546)
[M::mem_pestat] low and high boundaries for computing mean and std.dev: (411, 636)
[M::mem_pestat] mean and std.dev: (533.76, 32.28)
[M::mem_pestat] low and high boundaries for proper pairs: (366, 681)
[M::mem_pestat] skip orientation RF as there are not enough pairs
[M::mem_pestat] skip orientation RR as there are not enough pairs
[M::mem_process_seqs] Processed 266668 reads in 142.030 CPU sec, 35.556 real sec
[M::process] read 266668 sequences (40000200 bp)...
[M::mem_pestat] # candidate unique pairs for (FF, FR, RF, RR): (5, 4744, 0, 8)
[M::mem_pestat] skip orientation FF as there are not enough pairs
[M::mem_pestat] analyzing insert size distribution for orientation FR...
[M::mem_pestat] (25, 50, 75) percentile: (500, 517, 544)
[M::mem_pestat] low and high boundaries for computing mean and std.dev: (412, 632)
[M::mem_pestat] mean and std.dev: (533.03, 31.64)
[M::mem_pestat] low and high boundaries for proper pairs: (368, 676)
[M::mem_pestat] skip orientation RF as there are not enough pairs
[M::mem_pestat] skip orientation RR as there are not enough pairs
[M::mem_process_seqs] Processed 266668 reads in 145.405 CPU sec, 36.405 real sec
[M::process] read 266668 sequences (40000200 bp)...
[M::mem_pestat] # candidate unique pairs for (FF, FR, RF, RR): (2, 4813, 2, 3)
[M::mem_pestat] skip orientation FF as there are not enough pairs
[M::mem_pestat] analyzing insert size distribution for orientation FR...
[M::mem_pestat] (25, 50, 75) percentile: (501, 517, 546)
[M::mem_pestat] low and high boundaries for computing mean and std.dev: (411, 636)
[M::mem_pestat] mean and std.dev: (534.15, 32.89)
[M::mem_pestat] low and high boundaries for proper pairs: (366, 681)
[M::mem_pestat] skip orientation RF as there are not enough pairs
[M::mem_pestat] skip orientation RR as there are not enough pairs
[M::mem_process_seqs] Processed 266668 reads in 146.506 CPU sec, 36.673 real sec
[M::process] read 266668 sequences (40000200 bp)...
[M::mem_pestat] # candidate unique pairs for (FF, FR, RF, RR): (1, 4795, 4, 6)
[M::mem_pestat] skip orientation FF as there are not enough pairs
[M::mem_pestat] analyzing insert size distribution for orientation FR...
[M::mem_pestat] (25, 50, 75) percentile: (501, 518, 548)
[M::mem_pestat] low and high boundaries for computing mean and std.dev: (407, 642)
[M::mem_pestat] mean and std.dev: (534.22, 33.65)
[M::mem_pestat] low and high boundaries for proper pairs: (360, 689)
[M::mem_pestat] skip orientation RF as there are not enough pairs
[M::mem_pestat] skip orientation RR as there are not enough pairs
[M::mem_process_seqs] Processed 266668 reads in 145.372 CPU sec, 36.396 real sec
[M::process] read 266668 sequences (40000200 bp)...
[M::mem_pestat] # candidate unique pairs for (FF, FR, RF, RR): (6, 4705, 5, 2)
[M::mem_pestat] skip orientation FF as there are not enough pairs
[M::mem_pestat] analyzing insert size distribution for orientation FR...
[M::mem_pestat] (25, 50, 75) percentile: (500, 516, 544)
[M::mem_pestat] low and high boundaries for computing mean and std.dev: (412, 632)
[M::mem_pestat] mean and std.dev: (532.69, 32.17)
[M::mem_pestat] low and high boundaries for proper pairs: (368, 676)
[M::mem_pestat] skip orientation RF as there are not enough pairs
[M::mem_pestat] skip orientation RR as there are not enough pairs
[M::mem_process_seqs] Processed 266668 reads in 147.112 CPU sec, 36.833 real sec
[M::process] read 266668 sequences (40000200 bp)...
[M::mem_pestat] # candidate unique pairs for (FF, FR, RF, RR): (9, 4813, 1, 4)
[M::mem_pestat] skip orientation FF as there are not enough pairs
[M::mem_pestat] analyzing insert size distribution for orientation FR...
[M::mem_pestat] (25, 50, 75) percentile: (501, 517, 545)
[M::mem_pestat] low and high boundaries for computing mean and std.dev: (413, 633)
[M::mem_pestat] mean and std.dev: (533.60, 32.22)
[M::mem_pestat] low and high boundaries for proper pairs: (369, 677)
[M::mem_pestat] skip orientation RF as there are not enough pairs
[M::mem_pestat] skip orientation RR as there are not enough pairs
[M::mem_process_seqs] Processed 266668 reads in 143.010 CPU sec, 35.802 real sec
[M::process] read 266668 sequences (40000200 bp)...
[M::mem_pestat] # candidate unique pairs for (FF, FR, RF, RR): (7, 4618, 1, 3)
[M::mem_pestat] skip orientation FF as there are not enough pairs
[M::mem_pestat] analyzing insert size distribution for orientation FR...
[M::mem_pestat] (25, 50, 75) percentile: (500, 517, 544)
[M::mem_pestat] low and high boundaries for computing mean and std.dev: (412, 632)
[M::mem_pestat] mean and std.dev: (532.34, 31.13)
[M::mem_pestat] low and high boundaries for proper pairs: (368, 676)
[M::mem_pestat] skip orientation RF as there are not enough pairs
[M::mem_pestat] skip orientation RR as there are not enough pairs
[M::mem_process_seqs] Processed 266668 reads in 143.900 CPU sec, 36.035 real sec
[M::process] read 266668 sequences (40000200 bp)...
[M::mem_pestat] # candidate unique pairs for (FF, FR, RF, RR): (4, 4826, 0, 3)
[M::mem_pestat] skip orientation FF as there are not enough pairs
[M::mem_pestat] analyzing insert size distribution for orientation FR...
[M::mem_pestat] (25, 50, 75) percentile: (500, 517, 546)
[M::mem_pestat] low and high boundaries for computing mean and std.dev: (408, 638)
[M::mem_pestat] mean and std.dev: (534.80, 33.64)
[M::mem_pestat] low and high boundaries for proper pairs: (362, 684)
[M::mem_pestat] skip orientation RF as there are not enough pairs
[M::mem_pestat] skip orientation RR as there are not enough pairs
[M::mem_process_seqs] Processed 266668 reads in 145.034 CPU sec, 36.309 real sec
[M::process] read 266668 sequences (40000200 bp)...
[M::mem_pestat] # candidate unique pairs for (FF, FR, RF, RR): (3, 4690, 1, 3)
[M::mem_pestat] skip orientation FF as there are not enough pairs
[M::mem_pestat] analyzing insert size distribution for orientation FR...
[M::mem_pestat] (25, 50, 75) percentile: (500, 516, 544)
[M::mem_pestat] low and high boundaries for computing mean and std.dev: (412, 632)
[M::mem_pestat] mean and std.dev: (532.72, 31.74)
[M::mem_pestat] low and high boundaries for proper pairs: (368, 676)
[M::mem_pestat] skip orientation RF as there are not enough pairs
[M::mem_pestat] skip orientation RR as there are not enough pairs
[M::mem_process_seqs] Processed 266668 reads in 147.019 CPU sec, 36.821 real sec
[M::process] read 266668 sequences (40000200 bp)...
[M::mem_pestat] # candidate unique pairs for (FF, FR, RF, RR): (3, 4734, 2, 2)
[M::mem_pestat] skip orientation FF as there are not enough pairs
[M::mem_pestat] analyzing insert size distribution for orientation FR...
[M::mem_pestat] (25, 50, 75) percentile: (500, 516, 545)
[M::mem_pestat] low and high boundaries for computing mean and std.dev: (410, 635)
[M::mem_pestat] mean and std.dev: (533.22, 32.06)
[M::mem_pestat] low and high boundaries for proper pairs: (365, 680)
[M::mem_pestat] skip orientation RF as there are not enough pairs
[M::mem_pestat] skip orientation RR as there are not enough pairs
[M::mem_process_seqs] Processed 266668 reads in 148.254 CPU sec, 37.111 real sec
[M::process] read 266668 sequences (40000200 bp)...
[M::mem_pestat] # candidate unique pairs for (FF, FR, RF, RR): (6, 4732, 1, 5)
[M::mem_pestat] skip orientation FF as there are not enough pairs
[M::mem_pestat] analyzing insert size distribution for orientation FR...
[M::mem_pestat] (25, 50, 75) percentile: (501, 518, 546)
[M::mem_pestat] low and high boundaries for computing mean and std.dev: (411, 636)
[M::mem_pestat] mean and std.dev: (533.88, 31.87)
[M::mem_pestat] low and high boundaries for proper pairs: (366, 681)
[M::mem_pestat] skip orientation RF as there are not enough pairs
[M::mem_pestat] skip orientation RR as there are not enough pairs
[M::mem_process_seqs] Processed 266668 reads in 145.357 CPU sec, 36.388 real sec
[M::process] read 266668 sequences (40000200 bp)...
[M::mem_pestat] # candidate unique pairs for (FF, FR, RF, RR): (4, 4693, 3, 0)
[M::mem_pestat] skip orientation FF as there are not enough pairs
[M::mem_pestat] analyzing insert size distribution for orientation FR...
[M::mem_pestat] (25, 50, 75) percentile: (501, 517, 545)
[M::mem_pestat] low and high boundaries for computing mean and std.dev: (413, 633)
[M::mem_pestat] mean and std.dev: (532.94, 32.15)
[M::mem_pestat] low and high boundaries for proper pairs: (369, 677)
[M::mem_pestat] skip orientation RF as there are not enough pairs
[M::mem_pestat] skip orientation RR as there are not enough pairs
[M::mem_process_seqs] Processed 266668 reads in 146.170 CPU sec, 36.597 real sec
[M::process] read 266668 sequences (40000200 bp)...
[M::mem_pestat] # candidate unique pairs for (FF, FR, RF, RR): (5, 4703, 1, 6)
[M::mem_pestat] skip orientation FF as there are not enough pairs
[M::mem_pestat] analyzing insert size distribution for orientation FR...
[M::mem_pestat] (25, 50, 75) percentile: (500, 517, 545)
[M::mem_pestat] low and high boundaries for computing mean and std.dev: (410, 635)
[M::mem_pestat] mean and std.dev: (533.87, 33.05)
[M::mem_pestat] low and high boundaries for proper pairs: (365, 680)
[M::mem_pestat] skip orientation RF as there are not enough pairs
[M::mem_pestat] skip orientation RR as there are not enough pairs
[M::mem_process_seqs] Processed 266668 reads in 147.283 CPU sec, 36.897 real sec
[M::process] read 266668 sequences (40000200 bp)...
[M::mem_pestat] # candidate unique pairs for (FF, FR, RF, RR): (5, 4847, 1, 6)
[M::mem_pestat] skip orientation FF as there are not enough pairs
[M::mem_pestat] analyzing insert size distribution for orientation FR...
[M::mem_pestat] (25, 50, 75) percentile: (500, 516, 545)
[M::mem_pestat] low and high boundaries for computing mean and std.dev: (410, 635)
[M::mem_pestat] mean and std.dev: (533.11, 32.22)
[M::mem_pestat] low and high boundaries for proper pairs: (365, 680)
[M::mem_pestat] skip orientation RF as there are not enough pairs
[M::mem_pestat] skip orientation RR as there are not enough pairs
[M::mem_process_seqs] Processed 266668 reads in 145.686 CPU sec, 36.498 real sec
[M::process] read 266668 sequences (40000200 bp)...
[M::mem_pestat] # candidate unique pairs for (FF, FR, RF, RR): (5, 4796, 4, 2)
[M::mem_pestat] skip orientation FF as there are not enough pairs
[M::mem_pestat] analyzing insert size distribution for orientation FR...
[M::mem_pestat] (25, 50, 75) percentile: (500, 516, 543)
[M::mem_pestat] low and high boundaries for computing mean and std.dev: (414, 629)
[M::mem_pestat] mean and std.dev: (531.78, 30.89)
[M::mem_pestat] low and high boundaries for proper pairs: (371, 672)
[M::mem_pestat] skip orientation RF as there are not enough pairs
[M::mem_pestat] skip orientation RR as there are not enough pairs
[M::mem_process_seqs] Processed 266668 reads in 141.200 CPU sec, 35.353 real sec
[M::process] read 266668 sequences (40000200 bp)...
[M::mem_pestat] # candidate unique pairs for (FF, FR, RF, RR): (7, 4624, 2, 5)
[M::mem_pestat] skip orientation FF as there are not enough pairs
[M::mem_pestat] analyzing insert size distribution for orientation FR...
[M::mem_pestat] (25, 50, 75) percentile: (501, 517, 545)
[M::mem_pestat] low and high boundaries for computing mean and std.dev: (413, 633)
[M::mem_pestat] mean and std.dev: (533.57, 32.42)
[M::mem_pestat] low and high boundaries for proper pairs: (369, 677)
[M::mem_pestat] skip orientation RF as there are not enough pairs
[M::mem_pestat] skip orientation RR as there are not enough pairs
[M::mem_process_seqs] Processed 266668 reads in 145.585 CPU sec, 36.472 real sec
[M::process] read 266668 sequences (40000200 bp)...
[M::mem_pestat] # candidate unique pairs for (FF, FR, RF, RR): (2, 4659, 2, 1)
[M::mem_pestat] skip orientation FF as there are not enough pairs
[M::mem_pestat] analyzing insert size distribution for orientation FR...
[M::mem_pestat] (25, 50, 75) percentile: (500, 517, 547)
[M::mem_pestat] low and high boundaries for computing mean and std.dev: (406, 641)
[M::mem_pestat] mean and std.dev: (534.64, 33.36)
[M::mem_pestat] low and high boundaries for proper pairs: (359, 688)
[M::mem_pestat] skip orientation RF as there are not enough pairs
[M::mem_pestat] skip orientation RR as there are not enough pairs
[M::mem_process_seqs] Processed 266668 reads in 147.272 CPU sec, 36.867 real sec
[M::process] read 266668 sequences (40000200 bp)...
[M::mem_pestat] # candidate unique pairs for (FF, FR, RF, RR): (9, 4815, 2, 6)
[M::mem_pestat] skip orientation FF as there are not enough pairs
[M::mem_pestat] analyzing insert size distribution for orientation FR...
[M::mem_pestat] (25, 50, 75) percentile: (500, 517, 547)
[M::mem_pestat] low and high boundaries for computing mean and std.dev: (406, 641)
[M::mem_pestat] mean and std.dev: (534.51, 34.43)
[M::mem_pestat] low and high boundaries for proper pairs: (359, 688)
[M::mem_pestat] skip orientation RF as there are not enough pairs
[M::mem_pestat] skip orientation RR as there are not enough pairs
[M::mem_process_seqs] Processed 266668 reads in 147.678 CPU sec, 36.969 real sec
[M::process] read 266668 sequences (40000200 bp)...
[M::mem_pestat] # candidate unique pairs for (FF, FR, RF, RR): (4, 4736, 0, 4)
[M::mem_pestat] skip orientation FF as there are not enough pairs
[M::mem_pestat] analyzing insert size distribution for orientation FR...
[M::mem_pestat] (25, 50, 75) percentile: (500, 517, 545)
[M::mem_pestat] low and high boundaries for computing mean and std.dev: (410, 635)
[M::mem_pestat] mean and std.dev: (533.76, 32.51)
[M::mem_pestat] low and high boundaries for proper pairs: (365, 680)
[M::mem_pestat] skip orientation RF as there are not enough pairs
[M::mem_pestat] skip orientation RR as there are not enough pairs
[M::mem_process_seqs] Processed 266668 reads in 147.950 CPU sec, 37.045 real sec
[M::process] read 266668 sequences (40000200 bp)...
[M::mem_pestat] # candidate unique pairs for (FF, FR, RF, RR): (10, 4704, 2, 3)
[M::mem_pestat] analyzing insert size distribution for orientation FF...
[M::mem_pestat] (25, 50, 75) percentile: (242, 864, 1750)
[M::mem_pestat] low and high boundaries for computing mean and std.dev: (1, 4766)
[M::mem_pestat] mean and std.dev: (1225.40, 1347.73)
[M::mem_pestat] low and high boundaries for proper pairs: (1, 6616)
[M::mem_pestat] analyzing insert size distribution for orientation FR...
[M::mem_pestat] (25, 50, 75) percentile: (500, 517, 546)
[M::mem_pestat] low and high boundaries for computing mean and std.dev: (408, 638)
[M::mem_pestat] mean and std.dev: (534.18, 33.54)
[M::mem_pestat] low and high boundaries for proper pairs: (362, 684)
[M::mem_pestat] skip orientation RF as there are not enough pairs
[M::mem_pestat] skip orientation RR as there are not enough pairs
[M::mem_pestat] skip orientation FF
[M::mem_process_seqs] Processed 266668 reads in 143.565 CPU sec, 36.078 real sec
[M::process] read 266668 sequences (40000200 bp)...
[M::mem_pestat] # candidate unique pairs for (FF, FR, RF, RR): (5, 4671, 2, 4)
[M::mem_pestat] skip orientation FF as there are not enough pairs
[M::mem_pestat] analyzing insert size distribution for orientation FR...
[M::mem_pestat] (25, 50, 75) percentile: (500, 516, 543)
[M::mem_pestat] low and high boundaries for computing mean and std.dev: (414, 629)
[M::mem_pestat] mean and std.dev: (531.68, 30.73)
[M::mem_pestat] low and high boundaries for proper pairs: (371, 672)
[M::mem_pestat] skip orientation RF as there are not enough pairs
[M::mem_pestat] skip orientation RR as there are not enough pairs
[M::mem_process_seqs] Processed 266668 reads in 147.644 CPU sec, 37.003 real sec
[M::process] read 266668 sequences (40000200 bp)...
[M::mem_pestat] # candidate unique pairs for (FF, FR, RF, RR): (4, 4840, 2, 3)
[M::mem_pestat] skip orientation FF as there are not enough pairs
[M::mem_pestat] analyzing insert size distribution for orientation FR...
[M::mem_pestat] (25, 50, 75) percentile: (500, 517, 545)
[M::mem_pestat] low and high boundaries for computing mean and std.dev: (410, 635)
[M::mem_pestat] mean and std.dev: (533.72, 32.55)
[M::mem_pestat] low and high boundaries for proper pairs: (365, 680)
[M::mem_pestat] skip orientation RF as there are not enough pairs
[M::mem_pestat] skip orientation RR as there are not enough pairs
[M::mem_process_seqs] Processed 266668 reads in 144.298 CPU sec, 36.170 real sec
[M::process] read 266668 sequences (40000200 bp)...
[M::mem_pestat] # candidate unique pairs for (FF, FR, RF, RR): (7, 4842, 4, 4)
[M::mem_pestat] skip orientation FF as there are not enough pairs
[M::mem_pestat] analyzing insert size distribution for orientation FR...
[M::mem_pestat] (25, 50, 75) percentile: (500, 516, 546)
[M::mem_pestat] low and high boundaries for computing mean and std.dev: (408, 638)
[M::mem_pestat] mean and std.dev: (534.06, 33.76)
[M::mem_pestat] low and high boundaries for proper pairs: (362, 684)
[M::mem_pestat] skip orientation RF as there are not enough pairs
[M::mem_pestat] skip orientation RR as there are not enough pairs
[M::mem_process_seqs] Processed 266668 reads in 145.875 CPU sec, 36.600 real sec
[M::process] read 266668 sequences (40000200 bp)...
[M::mem_pestat] # candidate unique pairs for (FF, FR, RF, RR): (6, 4769, 3, 8)
[M::mem_pestat] skip orientation FF as there are not enough pairs
[M::mem_pestat] analyzing insert size distribution for orientation FR...
[M::mem_pestat] (25, 50, 75) percentile: (501, 517, 546)
[M::mem_pestat] low and high boundaries for computing mean and std.dev: (411, 636)
[M::mem_pestat] mean and std.dev: (533.24, 32.60)
[M::mem_pestat] low and high boundaries for proper pairs: (366, 681)
[M::mem_pestat] skip orientation RF as there are not enough pairs
[M::mem_pestat] skip orientation RR as there are not enough pairs
[M::mem_process_seqs] Processed 266668 reads in 144.040 CPU sec, 36.063 real sec
[M::process] read 266668 sequences (40000200 bp)...
[M::mem_pestat] # candidate unique pairs for (FF, FR, RF, RR): (4, 4748, 2, 1)
[M::mem_pestat] skip orientation FF as there are not enough pairs
[M::mem_pestat] analyzing insert size distribution for orientation FR...
[M::mem_pestat] (25, 50, 75) percentile: (501, 517, 547)
[M::mem_pestat] low and high boundaries for computing mean and std.dev: (409, 639)
[M::mem_pestat] mean and std.dev: (533.87, 32.68)
[M::mem_pestat] low and high boundaries for proper pairs: (363, 685)
[M::mem_pestat] skip orientation RF as there are not enough pairs
[M::mem_pestat] skip orientation RR as there are not enough pairs
[M::mem_process_seqs] Processed 266668 reads in 146.941 CPU sec, 36.780 real sec
[M::process] read 266668 sequences (40000200 bp)...
[M::mem_pestat] # candidate unique pairs for (FF, FR, RF, RR): (6, 4669, 3, 1)
[M::mem_pestat] skip orientation FF as there are not enough pairs
[M::mem_pestat] analyzing insert size distribution for orientation FR...
[M::mem_pestat] (25, 50, 75) percentile: (501, 517, 544)
[M::mem_pestat] low and high boundaries for computing mean and std.dev: (415, 630)
[M::mem_pestat] mean and std.dev: (532.73, 31.12)
[M::mem_pestat] low and high boundaries for proper pairs: (372, 673)
[M::mem_pestat] skip orientation RF as there are not enough pairs
[M::mem_pestat] skip orientation RR as there are not enough pairs
[M::mem_process_seqs] Processed 266668 reads in 147.110 CPU sec, 36.821 real sec
[M::process] read 266668 sequences (40000200 bp)...
[M::mem_pestat] # candidate unique pairs for (FF, FR, RF, RR): (2, 4798, 3, 3)
[M::mem_pestat] skip orientation FF as there are not enough pairs
[M::mem_pestat] analyzing insert size distribution for orientation FR...
[M::mem_pestat] (25, 50, 75) percentile: (501, 519, 548)
[M::mem_pestat] low and high boundaries for computing mean and std.dev: (407, 642)
[M::mem_pestat] mean and std.dev: (534.51, 33.23)
[M::mem_pestat] low and high boundaries for proper pairs: (360, 689)
[M::mem_pestat] skip orientation RF as there are not enough pairs
[M::mem_pestat] skip orientation RR as there are not enough pairs
[M::mem_process_seqs] Processed 266668 reads in 147.196 CPU sec, 36.851 real sec
[M::process] read 266668 sequences (40000200 bp)...
[M::mem_pestat] # candidate unique pairs for (FF, FR, RF, RR): (2, 4749, 0, 6)
[M::mem_pestat] skip orientation FF as there are not enough pairs
[M::mem_pestat] analyzing insert size distribution for orientation FR...
[M::mem_pestat] (25, 50, 75) percentile: (500, 518, 547)
[M::mem_pestat] low and high boundaries for computing mean and std.dev: (406, 641)
[M::mem_pestat] mean and std.dev: (534.55, 35.25)
[M::mem_pestat] low and high boundaries for proper pairs: (359, 688)
[M::mem_pestat] skip orientation RF as there are not enough pairs
[M::mem_pestat] skip orientation RR as there are not enough pairs
[M::mem_process_seqs] Processed 266668 reads in 144.506 CPU sec, 36.173 real sec
[M::process] read 266668 sequences (40000200 bp)...
[M::mem_pestat] # candidate unique pairs for (FF, FR, RF, RR): (2, 4778, 0, 3)
[M::mem_pestat] skip orientation FF as there are not enough pairs
[M::mem_pestat] analyzing insert size distribution for orientation FR...
[M::mem_pestat] (25, 50, 75) percentile: (500, 517, 544)
[M::mem_pestat] low and high boundaries for computing mean and std.dev: (412, 632)
[M::mem_pestat] mean and std.dev: (533.09, 32.07)
[M::mem_pestat] low and high boundaries for proper pairs: (368, 676)
[M::mem_pestat] skip orientation RF as there are not enough pairs
[M::mem_pestat] skip orientation RR as there are not enough pairs
[M::mem_process_seqs] Processed 266668 reads in 148.004 CPU sec, 37.058 real sec
[M::process] read 266668 sequences (40000200 bp)...
[M::mem_pestat] # candidate unique pairs for (FF, FR, RF, RR): (8, 4772, 3, 6)
[M::mem_pestat] skip orientation FF as there are not enough pairs
[M::mem_pestat] analyzing insert size distribution for orientation FR...
[M::mem_pestat] (25, 50, 75) percentile: (501, 518, 547)
[M::mem_pestat] low and high boundaries for computing mean and std.dev: (409, 639)
[M::mem_pestat] mean and std.dev: (534.57, 33.20)
[M::mem_pestat] low and high boundaries for proper pairs: (363, 685)
[M::mem_pestat] skip orientation RF as there are not enough pairs
[M::mem_pestat] skip orientation RR as there are not enough pairs
[M::mem_process_seqs] Processed 266668 reads in 148.874 CPU sec, 37.270 real sec
[M::process] read 266668 sequences (40000200 bp)...
[M::mem_pestat] # candidate unique pairs for (FF, FR, RF, RR): (4, 4790, 2, 5)
[M::mem_pestat] skip orientation FF as there are not enough pairs
[M::mem_pestat] analyzing insert size distribution for orientation FR...
[M::mem_pestat] (25, 50, 75) percentile: (500, 517, 545)
[M::mem_pestat] low and high boundaries for computing mean and std.dev: (410, 635)
[M::mem_pestat] mean and std.dev: (533.71, 32.78)
[M::mem_pestat] low and high boundaries for proper pairs: (365, 680)
[M::mem_pestat] skip orientation RF as there are not enough pairs
[M::mem_pestat] skip orientation RR as there are not enough pairs
[M::mem_process_seqs] Processed 266668 reads in 146.609 CPU sec, 36.717 real sec
[M::process] read 266668 sequences (40000200 bp)...
[M::mem_pestat] # candidate unique pairs for (FF, FR, RF, RR): (6, 4874, 1, 3)
[M::mem_pestat] skip orientation FF as there are not enough pairs
[M::mem_pestat] analyzing insert size distribution for orientation FR...
[M::mem_pestat] (25, 50, 75) percentile: (500, 517, 545)
[M::mem_pestat] low and high boundaries for computing mean and std.dev: (410, 635)
[M::mem_pestat] mean and std.dev: (533.07, 33.07)
[M::mem_pestat] low and high boundaries for proper pairs: (365, 680)
[M::mem_pestat] skip orientation RF as there are not enough pairs
[M::mem_pestat] skip orientation RR as there are not enough pairs
[M::mem_process_seqs] Processed 266668 reads in 144.870 CPU sec, 36.267 real sec
[M::process] read 266668 sequences (40000200 bp)...
[M::mem_pestat] # candidate unique pairs for (FF, FR, RF, RR): (4, 4696, 3, 4)
[M::mem_pestat] skip orientation FF as there are not enough pairs
[M::mem_pestat] analyzing insert size distribution for orientation FR...
[M::mem_pestat] (25, 50, 75) percentile: (500, 517, 547)
[M::mem_pestat] low and high boundaries for computing mean and std.dev: (406, 641)
[M::mem_pestat] mean and std.dev: (533.55, 34.24)
[M::mem_pestat] low and high boundaries for proper pairs: (359, 688)
[M::mem_pestat] skip orientation RF as there are not enough pairs
[M::mem_pestat] skip orientation RR as there are not enough pairs
[M::mem_process_seqs] Processed 266668 reads in 145.234 CPU sec, 36.369 real sec
[M::process] read 266668 sequences (40000200 bp)...
[M::mem_pestat] # candidate unique pairs for (FF, FR, RF, RR): (6, 4717, 1, 3)
[M::mem_pestat] skip orientation FF as there are not enough pairs
[M::mem_pestat] analyzing insert size distribution for orientation FR...
[M::mem_pestat] (25, 50, 75) percentile: (500, 516, 545)
[M::mem_pestat] low and high boundaries for computing mean and std.dev: (410, 635)
[M::mem_pestat] mean and std.dev: (532.86, 33.24)
[M::mem_pestat] low and high boundaries for proper pairs: (365, 680)
[M::mem_pestat] skip orientation RF as there are not enough pairs
[M::mem_pestat] skip orientation RR as there are not enough pairs
[M::mem_process_seqs] Processed 266668 reads in 148.068 CPU sec, 37.060 real sec
[M::process] read 266668 sequences (40000200 bp)...
[M::mem_pestat] # candidate unique pairs for (FF, FR, RF, RR): (8, 4723, 2, 2)
[M::mem_pestat] skip orientation FF as there are not enough pairs
[M::mem_pestat] analyzing insert size distribution for orientation FR...
[M::mem_pestat] (25, 50, 75) percentile: (500, 517, 546)
[M::mem_pestat] low and high boundaries for computing mean and std.dev: (408, 638)
[M::mem_pestat] mean and std.dev: (533.77, 33.39)
[M::mem_pestat] low and high boundaries for proper pairs: (362, 684)
[M::mem_pestat] skip orientation RF as there are not enough pairs
[M::mem_pestat] skip orientation RR as there are not enough pairs
[M::mem_process_seqs] Processed 266668 reads in 145.618 CPU sec, 36.467 real sec
[M::process] read 266668 sequences (40000200 bp)...
[M::mem_pestat] # candidate unique pairs for (FF, FR, RF, RR): (3, 4641, 2, 0)
[M::mem_pestat] skip orientation FF as there are not enough pairs
[M::mem_pestat] analyzing insert size distribution for orientation FR...
[M::mem_pestat] (25, 50, 75) percentile: (500, 517, 546)
[M::mem_pestat] low and high boundaries for computing mean and std.dev: (408, 638)
[M::mem_pestat] mean and std.dev: (533.40, 32.98)
[M::mem_pestat] low and high boundaries for proper pairs: (362, 684)
[M::mem_pestat] skip orientation RF as there are not enough pairs
[M::mem_pestat] skip orientation RR as there are not enough pairs
[M::mem_process_seqs] Processed 266668 reads in 146.986 CPU sec, 36.795 real sec
[M::process] read 266668 sequences (40000200 bp)...
[M::mem_pestat] # candidate unique pairs for (FF, FR, RF, RR): (6, 4713, 3, 2)
[M::mem_pestat] skip orientation FF as there are not enough pairs
[M::mem_pestat] analyzing insert size distribution for orientation FR...
[M::mem_pestat] (25, 50, 75) percentile: (501, 517, 546)
[M::mem_pestat] low and high boundaries for computing mean and std.dev: (411, 636)
[M::mem_pestat] mean and std.dev: (534.07, 32.66)
[M::mem_pestat] low and high boundaries for proper pairs: (366, 681)
[M::mem_pestat] skip orientation RF as there are not enough pairs
[M::mem_pestat] skip orientation RR as there are not enough pairs
[M::mem_process_seqs] Processed 266668 reads in 145.728 CPU sec, 36.481 real sec
[M::process] read 266668 sequences (40000200 bp)...
[M::mem_pestat] # candidate unique pairs for (FF, FR, RF, RR): (4, 4922, 3, 3)
[M::mem_pestat] skip orientation FF as there are not enough pairs
[M::mem_pestat] analyzing insert size distribution for orientation FR...
[M::mem_pestat] (25, 50, 75) percentile: (500, 517, 545)
[M::mem_pestat] low and high boundaries for computing mean and std.dev: (410, 635)
[M::mem_pestat] mean and std.dev: (533.59, 32.26)
[M::mem_pestat] low and high boundaries for proper pairs: (365, 680)
[M::mem_pestat] skip orientation RF as there are not enough pairs
[M::mem_pestat] skip orientation RR as there are not enough pairs
[M::mem_process_seqs] Processed 266668 reads in 144.443 CPU sec, 36.157 real sec
[M::process] read 266668 sequences (40000200 bp)...
[M::mem_pestat] # candidate unique pairs for (FF, FR, RF, RR): (9, 4767, 0, 2)
[M::mem_pestat] skip orientation FF as there are not enough pairs
[M::mem_pestat] analyzing insert size distribution for orientation FR...
[M::mem_pestat] (25, 50, 75) percentile: (500, 517, 545)
[M::mem_pestat] low and high boundaries for computing mean and std.dev: (410, 635)
[M::mem_pestat] mean and std.dev: (533.14, 32.90)
[M::mem_pestat] low and high boundaries for proper pairs: (365, 680)
[M::mem_pestat] skip orientation RF as there are not enough pairs
[M::mem_pestat] skip orientation RR as there are not enough pairs
[M::mem_process_seqs] Processed 266668 reads in 147.047 CPU sec, 36.857 real sec
[M::process] read 266668 sequences (40000200 bp)...
[M::mem_pestat] # candidate unique pairs for (FF, FR, RF, RR): (3, 4691, 0, 1)
[M::mem_pestat] skip orientation FF as there are not enough pairs
[M::mem_pestat] analyzing insert size distribution for orientation FR...
[M::mem_pestat] (25, 50, 75) percentile: (500, 516, 546)
[M::mem_pestat] low and high boundaries for computing mean and std.dev: (408, 638)
[M::mem_pestat] mean and std.dev: (533.70, 33.38)
[M::mem_pestat] low and high boundaries for proper pairs: (362, 684)
[M::mem_pestat] skip orientation RF as there are not enough pairs
[M::mem_pestat] skip orientation RR as there are not enough pairs
[M::mem_process_seqs] Processed 266668 reads in 146.112 CPU sec, 36.576 real sec
[M::process] read 266668 sequences (40000200 bp)...
[M::mem_pestat] # candidate unique pairs for (FF, FR, RF, RR): (4, 4697, 2, 1)
[M::mem_pestat] skip orientation FF as there are not enough pairs
[M::mem_pestat] analyzing insert size distribution for orientation FR...
[M::mem_pestat] (25, 50, 75) percentile: (501, 517, 545)
[M::mem_pestat] low and high boundaries for computing mean and std.dev: (413, 633)
[M::mem_pestat] mean and std.dev: (533.15, 31.87)
[M::mem_pestat] low and high boundaries for proper pairs: (369, 677)
[M::mem_pestat] skip orientation RF as there are not enough pairs
[M::mem_pestat] skip orientation RR as there are not enough pairs
[M::mem_process_seqs] Processed 266668 reads in 146.321 CPU sec, 36.819 real sec
[M::process] read 266668 sequences (40000200 bp)...
[M::mem_pestat] # candidate unique pairs for (FF, FR, RF, RR): (6, 4773, 2, 6)
[M::mem_pestat] skip orientation FF as there are not enough pairs
[M::mem_pestat] analyzing insert size distribution for orientation FR...
[M::mem_pestat] (25, 50, 75) percentile: (500, 517, 545)
[M::mem_pestat] low and high boundaries for computing mean and std.dev: (410, 635)
[M::mem_pestat] mean and std.dev: (533.08, 31.92)
[M::mem_pestat] low and high boundaries for proper pairs: (365, 680)
[M::mem_pestat] skip orientation RF as there are not enough pairs
[M::mem_pestat] skip orientation RR as there are not enough pairs
[M::mem_process_seqs] Processed 266668 reads in 147.977 CPU sec, 37.045 real sec
[M::process] read 266668 sequences (40000200 bp)...
[M::mem_pestat] # candidate unique pairs for (FF, FR, RF, RR): (2, 4578, 0, 2)
[M::mem_pestat] skip orientation FF as there are not enough pairs
[M::mem_pestat] analyzing insert size distribution for orientation FR...
[M::mem_pestat] (25, 50, 75) percentile: (501, 517, 546)
[M::mem_pestat] low and high boundaries for computing mean and std.dev: (411, 636)
[M::mem_pestat] mean and std.dev: (533.27, 32.71)
[M::mem_pestat] low and high boundaries for proper pairs: (366, 681)
[M::mem_pestat] skip orientation RF as there are not enough pairs
[M::mem_pestat] skip orientation RR as there are not enough pairs
[M::mem_process_seqs] Processed 266668 reads in 146.279 CPU sec, 36.616 real sec
[M::process] read 140944 sequences (21141600 bp)...
[M::mem_pestat] # candidate unique pairs for (FF, FR, RF, RR): (6, 4798, 2, 2)
[M::mem_pestat] skip orientation FF as there are not enough pairs
[M::mem_pestat] analyzing insert size distribution for orientation FR...
[M::mem_pestat] (25, 50, 75) percentile: (501, 517, 545)
[M::mem_pestat] low and high boundaries for computing mean and std.dev: (413, 633)
[M::mem_pestat] mean and std.dev: (533.31, 32.08)
[M::mem_pestat] low and high boundaries for proper pairs: (369, 677)
[M::mem_pestat] skip orientation RF as there are not enough pairs
[M::mem_pestat] skip orientation RR as there are not enough pairs
[M::mem_process_seqs] Processed 266668 reads in 149.033 CPU sec, 37.304 real sec
[M::mem_pestat] # candidate unique pairs for (FF, FR, RF, RR): (1, 2559, 2, 0)
[M::mem_pestat] skip orientation FF as there are not enough pairs
[M::mem_pestat] analyzing insert size distribution for orientation FR...
[M::mem_pestat] (25, 50, 75) percentile: (501, 516, 545)
[M::mem_pestat] low and high boundaries for computing mean and std.dev: (413, 633)
[M::mem_pestat] mean and std.dev: (532.73, 32.35)
[M::mem_pestat] low and high boundaries for proper pairs: (369, 677)
[M::mem_pestat] skip orientation RF as there are not enough pairs
[M::mem_pestat] skip orientation RR as there are not enough pairs
[M::mem_process_seqs] Processed 140944 reads in 78.540 CPU sec, 19.660 real sec
[main] Version: 0.7.17-r1188
[main] CMD: bwa mem -t 4 -a /mnt/raid6/bacphagenetwork/data/bwa_index/chm13v2.0_noY.fa /mnt/raid6/bacphagenetwork/data/skin_metagenome/Beijing/02_rm_host/BJ067_1.fastq.gz /mnt/raid6/bacphagenetwork/data/skin_metagenome/Beijing/02_rm_host/BJ067_2.fastq.gz
[main] Real time: 3695.891 sec; CPU: 14740.199 sec
