[M::bwa_idx_load_from_disk] read 0 ALT contigs
[M::process] read 266668 sequences (40000200 bp)...
[M::process] read 266668 sequences (40000200 bp)...
[M::mem_pestat] # candidate unique pairs for (FF, FR, RF, RR): (76, 43713, 23, 64)
[M::mem_pestat] analyzing insert size distribution for orientation FF...
[M::mem_pestat] (25, 50, 75) percentile: (184, 515, 1302)
[M::mem_pestat] low and high boundaries for computing mean and std.dev: (1, 3538)
[M::mem_pestat] mean and std.dev: (815.15, 888.55)
[M::mem_pestat] low and high boundaries for proper pairs: (1, 4656)
[M::mem_pestat] analyzing insert size distribution for orientation FR...
[M::mem_pestat] (25, 50, 75) percentile: (508, 525, 553)
[M::mem_pestat] low and high boundaries for computing mean and std.dev: (418, 643)
[M::mem_pestat] mean and std.dev: (535.89, 32.36)
[M::mem_pestat] low and high boundaries for proper pairs: (373, 688)
[M::mem_pestat] analyzing insert size distribution for orientation RF...
[M::mem_pestat] (25, 50, 75) percentile: (325, 767, 1298)
[M::mem_pestat] low and high boundaries for computing mean and std.dev: (1, 3244)
[M::mem_pestat] mean and std.dev: (795.15, 703.15)
[M::mem_pestat] low and high boundaries for proper pairs: (1, 4217)
[M::mem_pestat] analyzing insert size distribution for orientation RR...
[M::mem_pestat] (25, 50, 75) percentile: (596, 1040, 1778)
[M::mem_pestat] low and high boundaries for computing mean and std.dev: (1, 4142)
[M::mem_pestat] mean and std.dev: (1132.85, 830.32)
[M::mem_pestat] low and high boundaries for proper pairs: (1, 5324)
[M::mem_pestat] skip orientation FF
[M::mem_pestat] skip orientation RF
[M::mem_pestat] skip orientation RR
[M::mem_process_seqs] Processed 266668 reads in 386.841 CPU sec, 97.210 real sec
[M::process] read 266668 sequences (40000200 bp)...
[M::mem_pestat] # candidate unique pairs for (FF, FR, RF, RR): (62, 42729, 32, 50)
[M::mem_pestat] analyzing insert size distribution for orientation FF...
[M::mem_pestat] (25, 50, 75) percentile: (206, 593, 1344)
[M::mem_pestat] low and high boundaries for computing mean and std.dev: (1, 3620)
[M::mem_pestat] mean and std.dev: (777.79, 809.40)
[M::mem_pestat] low and high boundaries for proper pairs: (1, 4758)
[M::mem_pestat] analyzing insert size distribution for orientation FR...
[M::mem_pestat] (25, 50, 75) percentile: (508, 525, 553)
[M::mem_pestat] low and high boundaries for computing mean and std.dev: (418, 643)
[M::mem_pestat] mean and std.dev: (535.57, 32.06)
[M::mem_pestat] low and high boundaries for proper pairs: (373, 688)
[M::mem_pestat] analyzing insert size distribution for orientation RF...
[M::mem_pestat] (25, 50, 75) percentile: (210, 1299, 3886)
[M::mem_pestat] low and high boundaries for computing mean and std.dev: (1, 11238)
[M::mem_pestat] mean and std.dev: (2464.06, 2843.92)
[M::mem_pestat] low and high boundaries for proper pairs: (1, 14914)
[M::mem_pestat] analyzing insert size distribution for orientation RR...
[M::mem_pestat] (25, 50, 75) percentile: (817, 1308, 2014)
[M::mem_pestat] low and high boundaries for computing mean and std.dev: (1, 4408)
[M::mem_pestat] mean and std.dev: (1272.09, 719.43)
[M::mem_pestat] low and high boundaries for proper pairs: (1, 5605)
[M::mem_pestat] skip orientation FF
[M::mem_pestat] skip orientation RF
[M::mem_pestat] skip orientation RR
[M::mem_process_seqs] Processed 266668 reads in 394.737 CPU sec, 99.057 real sec
[M::process] read 266668 sequences (40000200 bp)...
[M::mem_pestat] # candidate unique pairs for (FF, FR, RF, RR): (63, 43256, 25, 48)
[M::mem_pestat] analyzing insert size distribution for orientation FF...
[M::mem_pestat] (25, 50, 75) percentile: (176, 306, 987)
[M::mem_pestat] low and high boundaries for computing mean and std.dev: (1, 2609)
[M::mem_pestat] mean and std.dev: (599.72, 617.68)
[M::mem_pestat] low and high boundaries for proper pairs: (1, 3420)
[M::mem_pestat] analyzing insert size distribution for orientation FR...
[M::mem_pestat] (25, 50, 75) percentile: (508, 525, 553)
[M::mem_pestat] low and high boundaries for computing mean and std.dev: (418, 643)
[M::mem_pestat] mean and std.dev: (535.81, 32.23)
[M::mem_pestat] low and high boundaries for proper pairs: (373, 688)
[M::mem_pestat] analyzing insert size distribution for orientation RF...
[M::mem_pestat] (25, 50, 75) percentile: (94, 903, 2717)
[M::mem_pestat] low and high boundaries for computing mean and std.dev: (1, 7963)
[M::mem_pestat] mean and std.dev: (1283.70, 1637.20)
[M::mem_pestat] low and high boundaries for proper pairs: (1, 10586)
[M::mem_pestat] analyzing insert size distribution for orientation RR...
[M::mem_pestat] (25, 50, 75) percentile: (610, 1023, 1496)
[M::mem_pestat] low and high boundaries for computing mean and std.dev: (1, 3268)
[M::mem_pestat] mean and std.dev: (1044.87, 653.03)
[M::mem_pestat] low and high boundaries for proper pairs: (1, 4154)
[M::mem_pestat] skip orientation FF
[M::mem_pestat] skip orientation RF
[M::mem_pestat] skip orientation RR
[M::mem_process_seqs] Processed 266668 reads in 392.467 CPU sec, 98.656 real sec
[M::process] read 266668 sequences (40000200 bp)...
[M::mem_pestat] # candidate unique pairs for (FF, FR, RF, RR): (48, 43497, 36, 52)
[M::mem_pestat] analyzing insert size distribution for orientation FF...
[M::mem_pestat] (25, 50, 75) percentile: (256, 533, 1601)
[M::mem_pestat] low and high boundaries for computing mean and std.dev: (1, 4291)
[M::mem_pestat] mean and std.dev: (826.11, 807.62)
[M::mem_pestat] low and high boundaries for proper pairs: (1, 5636)
[M::mem_pestat] analyzing insert size distribution for orientation FR...
[M::mem_pestat] (25, 50, 75) percentile: (508, 525, 552)
[M::mem_pestat] low and high boundaries for computing mean and std.dev: (420, 640)
[M::mem_pestat] mean and std.dev: (535.51, 31.70)
[M::mem_pestat] low and high boundaries for proper pairs: (376, 684)
[M::mem_pestat] analyzing insert size distribution for orientation RF...
[M::mem_pestat] (25, 50, 75) percentile: (32, 580, 1530)
[M::mem_pestat] low and high boundaries for computing mean and std.dev: (1, 4526)
[M::mem_pestat] mean and std.dev: (942.08, 1124.96)
[M::mem_pestat] low and high boundaries for proper pairs: (1, 6024)
[M::mem_pestat] analyzing insert size distribution for orientation RR...
[M::mem_pestat] (25, 50, 75) percentile: (821, 1230, 1994)
[M::mem_pestat] low and high boundaries for computing mean and std.dev: (1, 4340)
[M::mem_pestat] mean and std.dev: (1337.32, 821.07)
[M::mem_pestat] low and high boundaries for proper pairs: (1, 5513)
[M::mem_pestat] skip orientation FF
[M::mem_pestat] skip orientation RF
[M::mem_pestat] skip orientation RR
[M::mem_process_seqs] Processed 266668 reads in 396.730 CPU sec, 100.127 real sec
[M::process] read 266668 sequences (40000200 bp)...
[M::mem_pestat] # candidate unique pairs for (FF, FR, RF, RR): (65, 43364, 21, 47)
[M::mem_pestat] analyzing insert size distribution for orientation FF...
[M::mem_pestat] (25, 50, 75) percentile: (158, 350, 1203)
[M::mem_pestat] low and high boundaries for computing mean and std.dev: (1, 3293)
[M::mem_pestat] mean and std.dev: (638.48, 660.06)
[M::mem_pestat] low and high boundaries for proper pairs: (1, 4338)
[M::mem_pestat] analyzing insert size distribution for orientation FR...
[M::mem_pestat] (25, 50, 75) percentile: (508, 525, 553)
[M::mem_pestat] low and high boundaries for computing mean and std.dev: (418, 643)
[M::mem_pestat] mean and std.dev: (535.80, 32.24)
[M::mem_pestat] low and high boundaries for proper pairs: (373, 688)
[M::mem_pestat] analyzing insert size distribution for orientation RF...
[M::mem_pestat] (25, 50, 75) percentile: (42, 369, 3024)
[M::mem_pestat] low and high boundaries for computing mean and std.dev: (1, 8988)
[M::mem_pestat] mean and std.dev: (1078.95, 1362.33)
[M::mem_pestat] low and high boundaries for proper pairs: (1, 11970)
[M::mem_pestat] analyzing insert size distribution for orientation RR...
[M::mem_pestat] (25, 50, 75) percentile: (312, 837, 2097)
[M::mem_pestat] low and high boundaries for computing mean and std.dev: (1, 5667)
[M::mem_pestat] mean and std.dev: (1130.20, 1102.00)
[M::mem_pestat] low and high boundaries for proper pairs: (1, 7452)
[M::mem_pestat] skip orientation FF
[M::mem_pestat] skip orientation RF
[M::mem_pestat] skip orientation RR
[M::mem_process_seqs] Processed 266668 reads in 398.914 CPU sec, 100.283 real sec
[M::process] read 266668 sequences (40000200 bp)...
[M::mem_pestat] # candidate unique pairs for (FF, FR, RF, RR): (72, 43176, 28, 59)
[M::mem_pestat] analyzing insert size distribution for orientation FF...
[M::mem_pestat] (25, 50, 75) percentile: (214, 472, 1207)
[M::mem_pestat] low and high boundaries for computing mean and std.dev: (1, 3193)
[M::mem_pestat] mean and std.dev: (706.66, 672.37)
[M::mem_pestat] low and high boundaries for proper pairs: (1, 4186)
[M::mem_pestat] analyzing insert size distribution for orientation FR...
[M::mem_pestat] (25, 50, 75) percentile: (508, 525, 553)
[M::mem_pestat] low and high boundaries for computing mean and std.dev: (418, 643)
[M::mem_pestat] mean and std.dev: (535.86, 32.27)
[M::mem_pestat] low and high boundaries for proper pairs: (373, 688)
[M::mem_pestat] analyzing insert size distribution for orientation RF...
[M::mem_pestat] (25, 50, 75) percentile: (303, 1374, 3256)
[M::mem_pestat] low and high boundaries for computing mean and std.dev: (1, 9162)
[M::mem_pestat] mean and std.dev: (1750.48, 2153.03)
[M::mem_pestat] low and high boundaries for proper pairs: (1, 12115)
[M::mem_pestat] analyzing insert size distribution for orientation RR...
[M::mem_pestat] (25, 50, 75) percentile: (374, 845, 1408)
[M::mem_pestat] low and high boundaries for computing mean and std.dev: (1, 3476)
[M::mem_pestat] mean and std.dev: (910.84, 686.44)
[M::mem_pestat] low and high boundaries for proper pairs: (1, 4510)
[M::mem_pestat] skip orientation FF
[M::mem_pestat] skip orientation RF
[M::mem_pestat] skip orientation RR
[M::mem_process_seqs] Processed 266668 reads in 400.931 CPU sec, 100.582 real sec
[M::process] read 266668 sequences (40000200 bp)...
[M::mem_pestat] # candidate unique pairs for (FF, FR, RF, RR): (61, 42834, 29, 55)
[M::mem_pestat] analyzing insert size distribution for orientation FF...
[M::mem_pestat] (25, 50, 75) percentile: (167, 259, 1259)
[M::mem_pestat] low and high boundaries for computing mean and std.dev: (1, 3443)
[M::mem_pestat] mean and std.dev: (552.56, 610.16)
[M::mem_pestat] low and high boundaries for proper pairs: (1, 4535)
[M::mem_pestat] analyzing insert size distribution for orientation FR...
[M::mem_pestat] (25, 50, 75) percentile: (508, 525, 552)
[M::mem_pestat] low and high boundaries for computing mean and std.dev: (420, 640)
[M::mem_pestat] mean and std.dev: (535.34, 31.47)
[M::mem_pestat] low and high boundaries for proper pairs: (376, 684)
[M::mem_pestat] analyzing insert size distribution for orientation RF...
[M::mem_pestat] (25, 50, 75) percentile: (301, 1102, 3987)
[M::mem_pestat] low and high boundaries for computing mean and std.dev: (1, 11359)
[M::mem_pestat] mean and std.dev: (2287.76, 2636.60)
[M::mem_pestat] low and high boundaries for proper pairs: (1, 15045)
[M::mem_pestat] analyzing insert size distribution for orientation RR...
[M::mem_pestat] (25, 50, 75) percentile: (365, 991, 1754)
[M::mem_pestat] low and high boundaries for computing mean and std.dev: (1, 4532)
[M::mem_pestat] mean and std.dev: (1202.20, 999.01)
[M::mem_pestat] low and high boundaries for proper pairs: (1, 5921)
[M::mem_pestat] skip orientation FF
[M::mem_pestat] skip orientation RF
[M::mem_pestat] skip orientation RR
[M::mem_process_seqs] Processed 266668 reads in 406.546 CPU sec, 101.976 real sec
[M::process] read 266668 sequences (40000200 bp)...
[M::mem_pestat] # candidate unique pairs for (FF, FR, RF, RR): (65, 43622, 26, 51)
[M::mem_pestat] analyzing insert size distribution for orientation FF...
[M::mem_pestat] (25, 50, 75) percentile: (208, 436, 1144)
[M::mem_pestat] low and high boundaries for computing mean and std.dev: (1, 3016)
[M::mem_pestat] mean and std.dev: (683.48, 633.64)
[M::mem_pestat] low and high boundaries for proper pairs: (1, 3952)
[M::mem_pestat] analyzing insert size distribution for orientation FR...
[M::mem_pestat] (25, 50, 75) percentile: (508, 525, 554)
[M::mem_pestat] low and high boundaries for computing mean and std.dev: (416, 646)
[M::mem_pestat] mean and std.dev: (536.30, 32.86)
[M::mem_pestat] low and high boundaries for proper pairs: (370, 692)
[M::mem_pestat] analyzing insert size distribution for orientation RF...
[M::mem_pestat] (25, 50, 75) percentile: (734, 1221, 3290)
[M::mem_pestat] low and high boundaries for computing mean and std.dev: (1, 8402)
[M::mem_pestat] mean and std.dev: (2040.52, 1978.65)
[M::mem_pestat] low and high boundaries for proper pairs: (1, 10958)
[M::mem_pestat] analyzing insert size distribution for orientation RR...
[M::mem_pestat] (25, 50, 75) percentile: (263, 854, 1450)
[M::mem_pestat] low and high boundaries for computing mean and std.dev: (1, 3824)
[M::mem_pestat] mean and std.dev: (882.49, 795.31)
[M::mem_pestat] low and high boundaries for proper pairs: (1, 5011)
[M::mem_pestat] skip orientation FF
[M::mem_pestat] skip orientation RF
[M::mem_pestat] skip orientation RR
[M::mem_process_seqs] Processed 266668 reads in 394.729 CPU sec, 99.055 real sec
[M::process] read 266668 sequences (40000200 bp)...
[M::mem_pestat] # candidate unique pairs for (FF, FR, RF, RR): (75, 43349, 23, 46)
[M::mem_pestat] analyzing insert size distribution for orientation FF...
[M::mem_pestat] (25, 50, 75) percentile: (198, 460, 1262)
[M::mem_pestat] low and high boundaries for computing mean and std.dev: (1, 3390)
[M::mem_pestat] mean and std.dev: (730.81, 719.58)
[M::mem_pestat] low and high boundaries for proper pairs: (1, 4454)
[M::mem_pestat] analyzing insert size distribution for orientation FR...
[M::mem_pestat] (25, 50, 75) percentile: (508, 525, 553)
[M::mem_pestat] low and high boundaries for computing mean and std.dev: (418, 643)
[M::mem_pestat] mean and std.dev: (535.44, 31.89)
[M::mem_pestat] low and high boundaries for proper pairs: (373, 688)
[M::mem_pestat] analyzing insert size distribution for orientation RF...
[M::mem_pestat] (25, 50, 75) percentile: (190, 377, 996)
[M::mem_pestat] low and high boundaries for computing mean and std.dev: (1, 2608)
[M::mem_pestat] mean and std.dev: (353.94, 329.75)
[M::mem_pestat] low and high boundaries for proper pairs: (1, 3414)
[M::mem_pestat] analyzing insert size distribution for orientation RR...
[M::mem_pestat] (25, 50, 75) percentile: (561, 1003, 1371)
[M::mem_pestat] low and high boundaries for computing mean and std.dev: (1, 2991)
[M::mem_pestat] mean and std.dev: (848.27, 481.61)
[M::mem_pestat] low and high boundaries for proper pairs: (1, 3801)
[M::mem_pestat] skip orientation FF
[M::mem_pestat] skip orientation RF
[M::mem_pestat] skip orientation RR
[M::mem_process_seqs] Processed 266668 reads in 393.222 CPU sec, 98.820 real sec
[M::process] read 266668 sequences (40000200 bp)...
[M::mem_pestat] # candidate unique pairs for (FF, FR, RF, RR): (71, 43786, 21, 53)
[M::mem_pestat] analyzing insert size distribution for orientation FF...
[M::mem_pestat] (25, 50, 75) percentile: (189, 342, 1447)
[M::mem_pestat] low and high boundaries for computing mean and std.dev: (1, 3963)
[M::mem_pestat] mean and std.dev: (752.70, 835.03)
[M::mem_pestat] low and high boundaries for proper pairs: (1, 5221)
[M::mem_pestat] analyzing insert size distribution for orientation FR...
[M::mem_pestat] (25, 50, 75) percentile: (508, 525, 553)
[M::mem_pestat] low and high boundaries for computing mean and std.dev: (418, 643)
[M::mem_pestat] mean and std.dev: (535.54, 32.16)
[M::mem_pestat] low and high boundaries for proper pairs: (373, 688)
[M::mem_pestat] analyzing insert size distribution for orientation RF...
[M::mem_pestat] (25, 50, 75) percentile: (199, 787, 3047)
[M::mem_pestat] low and high boundaries for computing mean and std.dev: (1, 8743)
[M::mem_pestat] mean and std.dev: (1403.30, 1955.59)
[M::mem_pestat] low and high boundaries for proper pairs: (1, 11591)
[M::mem_pestat] analyzing insert size distribution for orientation RR...
[M::mem_pestat] (25, 50, 75) percentile: (276, 876, 2045)
[M::mem_pestat] low and high boundaries for computing mean and std.dev: (1, 5583)
[M::mem_pestat] mean and std.dev: (1223.67, 1161.81)
[M::mem_pestat] low and high boundaries for proper pairs: (1, 7352)
[M::mem_pestat] skip orientation FF
[M::mem_pestat] skip orientation RF
[M::mem_pestat] skip orientation RR
[M::mem_process_seqs] Processed 266668 reads in 404.334 CPU sec, 101.643 real sec
[M::process] read 266668 sequences (40000200 bp)...
[M::mem_pestat] # candidate unique pairs for (FF, FR, RF, RR): (76, 43334, 23, 44)
[M::mem_pestat] analyzing insert size distribution for orientation FF...
[M::mem_pestat] (25, 50, 75) percentile: (163, 323, 1236)
[M::mem_pestat] low and high boundaries for computing mean and std.dev: (1, 3382)
[M::mem_pestat] mean and std.dev: (635.79, 701.65)
[M::mem_pestat] low and high boundaries for proper pairs: (1, 4455)
[M::mem_pestat] analyzing insert size distribution for orientation FR...
[M::mem_pestat] (25, 50, 75) percentile: (508, 524, 552)
[M::mem_pestat] low and high boundaries for computing mean and std.dev: (420, 640)
[M::mem_pestat] mean and std.dev: (535.12, 31.65)
[M::mem_pestat] low and high boundaries for proper pairs: (376, 684)
[M::mem_pestat] analyzing insert size distribution for orientation RF...
[M::mem_pestat] (25, 50, 75) percentile: (125, 472, 4194)
[M::mem_pestat] low and high boundaries for computing mean and std.dev: (1, 12332)
[M::mem_pestat] mean and std.dev: (1708.78, 2186.02)
[M::mem_pestat] low and high boundaries for proper pairs: (1, 16401)
[M::mem_pestat] analyzing insert size distribution for orientation RR...
[M::mem_pestat] (25, 50, 75) percentile: (565, 1061, 1574)
[M::mem_pestat] low and high boundaries for computing mean and std.dev: (1, 3592)
[M::mem_pestat] mean and std.dev: (1051.81, 692.64)
[M::mem_pestat] low and high boundaries for proper pairs: (1, 4601)
[M::mem_pestat] skip orientation FF
[M::mem_pestat] skip orientation RF
[M::mem_pestat] skip orientation RR
[M::mem_process_seqs] Processed 266668 reads in 403.084 CPU sec, 101.234 real sec
[M::process] read 266668 sequences (40000200 bp)...
[M::mem_pestat] # candidate unique pairs for (FF, FR, RF, RR): (61, 43641, 29, 52)
[M::mem_pestat] analyzing insert size distribution for orientation FF...
[M::mem_pestat] (25, 50, 75) percentile: (146, 259, 857)
[M::mem_pestat] low and high boundaries for computing mean and std.dev: (1, 2279)
[M::mem_pestat] mean and std.dev: (520.40, 559.12)
[M::mem_pestat] low and high boundaries for proper pairs: (1, 2990)
[M::mem_pestat] analyzing insert size distribution for orientation FR...
[M::mem_pestat] (25, 50, 75) percentile: (508, 525, 553)
[M::mem_pestat] low and high boundaries for computing mean and std.dev: (418, 643)
[M::mem_pestat] mean and std.dev: (535.98, 32.42)
[M::mem_pestat] low and high boundaries for proper pairs: (373, 688)
[M::mem_pestat] analyzing insert size distribution for orientation RF...
[M::mem_pestat] (25, 50, 75) percentile: (339, 1020, 2617)
[M::mem_pestat] low and high boundaries for computing mean and std.dev: (1, 7173)
[M::mem_pestat] mean and std.dev: (1489.18, 1360.88)
[M::mem_pestat] low and high boundaries for proper pairs: (1, 9451)
[M::mem_pestat] analyzing insert size distribution for orientation RR...
[M::mem_pestat] (25, 50, 75) percentile: (300, 715, 1139)
[M::mem_pestat] low and high boundaries for computing mean and std.dev: (1, 2817)
[M::mem_pestat] mean and std.dev: (767.36, 662.09)
[M::mem_pestat] low and high boundaries for proper pairs: (1, 3656)
[M::mem_pestat] skip orientation FF
[M::mem_pestat] skip orientation RF
[M::mem_pestat] skip orientation RR
[M::mem_process_seqs] Processed 266668 reads in 398.607 CPU sec, 99.916 real sec
[M::process] read 266668 sequences (40000200 bp)...
[M::mem_pestat] # candidate unique pairs for (FF, FR, RF, RR): (67, 43608, 27, 54)
[M::mem_pestat] analyzing insert size distribution for orientation FF...
[M::mem_pestat] (25, 50, 75) percentile: (207, 377, 1453)
[M::mem_pestat] low and high boundaries for computing mean and std.dev: (1, 3945)
[M::mem_pestat] mean and std.dev: (701.21, 761.18)
[M::mem_pestat] low and high boundaries for proper pairs: (1, 5191)
[M::mem_pestat] analyzing insert size distribution for orientation FR...
[M::mem_pestat] (25, 50, 75) percentile: (508, 525, 553)
[M::mem_pestat] low and high boundaries for computing mean and std.dev: (418, 643)
[M::mem_pestat] mean and std.dev: (535.65, 32.18)
[M::mem_pestat] low and high boundaries for proper pairs: (373, 688)
[M::mem_pestat] analyzing insert size distribution for orientation RF...
[M::mem_pestat] (25, 50, 75) percentile: (148, 444, 1500)
[M::mem_pestat] low and high boundaries for computing mean and std.dev: (1, 4204)
[M::mem_pestat] mean and std.dev: (811.33, 816.40)
[M::mem_pestat] low and high boundaries for proper pairs: (1, 5556)
[M::mem_pestat] analyzing insert size distribution for orientation RR...
[M::mem_pestat] (25, 50, 75) percentile: (722, 1204, 2533)
[M::mem_pestat] low and high boundaries for computing mean and std.dev: (1, 6155)
[M::mem_pestat] mean and std.dev: (1538.13, 1194.47)
[M::mem_pestat] low and high boundaries for proper pairs: (1, 7966)
[M::mem_pestat] skip orientation FF
[M::mem_pestat] skip orientation RF
[M::mem_pestat] skip orientation RR
[M::mem_process_seqs] Processed 266668 reads in 394.084 CPU sec, 98.739 real sec
[M::process] read 266668 sequences (40000200 bp)...
[M::mem_pestat] # candidate unique pairs for (FF, FR, RF, RR): (60, 43236, 18, 57)
[M::mem_pestat] analyzing insert size distribution for orientation FF...
[M::mem_pestat] (25, 50, 75) percentile: (198, 800, 1509)
[M::mem_pestat] low and high boundaries for computing mean and std.dev: (1, 4131)
[M::mem_pestat] mean and std.dev: (972.10, 971.35)
[M::mem_pestat] low and high boundaries for proper pairs: (1, 5442)
[M::mem_pestat] analyzing insert size distribution for orientation FR...
[M::mem_pestat] (25, 50, 75) percentile: (508, 525, 553)
[M::mem_pestat] low and high boundaries for computing mean and std.dev: (418, 643)
[M::mem_pestat] mean and std.dev: (535.86, 32.24)
[M::mem_pestat] low and high boundaries for proper pairs: (373, 688)
[M::mem_pestat] analyzing insert size distribution for orientation RF...
[M::mem_pestat] (25, 50, 75) percentile: (280, 1490, 2712)
[M::mem_pestat] low and high boundaries for computing mean and std.dev: (1, 7576)
[M::mem_pestat] mean and std.dev: (1491.44, 1362.29)
[M::mem_pestat] low and high boundaries for proper pairs: (1, 10008)
[M::mem_pestat] analyzing insert size distribution for orientation RR...
[M::mem_pestat] (25, 50, 75) percentile: (270, 828, 1670)
[M::mem_pestat] low and high boundaries for computing mean and std.dev: (1, 4470)
[M::mem_pestat] mean and std.dev: (1084.04, 985.01)
[M::mem_pestat] low and high boundaries for proper pairs: (1, 5870)
[M::mem_pestat] skip orientation FF
[M::mem_pestat] skip orientation RF
[M::mem_pestat] skip orientation RR
[M::mem_process_seqs] Processed 266668 reads in 398.342 CPU sec, 99.817 real sec
[M::process] read 266668 sequences (40000200 bp)...
[M::mem_pestat] # candidate unique pairs for (FF, FR, RF, RR): (62, 43818, 25, 54)
[M::mem_pestat] analyzing insert size distribution for orientation FF...
[M::mem_pestat] (25, 50, 75) percentile: (219, 325, 907)
[M::mem_pestat] low and high boundaries for computing mean and std.dev: (1, 2283)
[M::mem_pestat] mean and std.dev: (562.27, 486.52)
[M::mem_pestat] low and high boundaries for proper pairs: (1, 2971)
[M::mem_pestat] analyzing insert size distribution for orientation FR...
[M::mem_pestat] (25, 50, 75) percentile: (508, 525, 554)
[M::mem_pestat] low and high boundaries for computing mean and std.dev: (416, 646)
[M::mem_pestat] mean and std.dev: (536.25, 32.80)
[M::mem_pestat] low and high boundaries for proper pairs: (370, 692)
[M::mem_pestat] analyzing insert size distribution for orientation RF...
[M::mem_pestat] (25, 50, 75) percentile: (189, 812, 1991)
[M::mem_pestat] low and high boundaries for computing mean and std.dev: (1, 5595)
[M::mem_pestat] mean and std.dev: (1076.04, 1140.61)
[M::mem_pestat] low and high boundaries for proper pairs: (1, 7397)
[M::mem_pestat] analyzing insert size distribution for orientation RR...
[M::mem_pestat] (25, 50, 75) percentile: (300, 756, 1456)
[M::mem_pestat] low and high boundaries for computing mean and std.dev: (1, 3768)
[M::mem_pestat] mean and std.dev: (985.69, 872.12)
[M::mem_pestat] low and high boundaries for proper pairs: (1, 4924)
[M::mem_pestat] skip orientation FF
[M::mem_pestat] skip orientation RF
[M::mem_pestat] skip orientation RR
[M::mem_process_seqs] Processed 266668 reads in 391.266 CPU sec, 98.049 real sec
[M::process] read 266668 sequences (40000200 bp)...
[M::mem_pestat] # candidate unique pairs for (FF, FR, RF, RR): (67, 43687, 30, 41)
[M::mem_pestat] analyzing insert size distribution for orientation FF...
[M::mem_pestat] (25, 50, 75) percentile: (179, 441, 1019)
[M::mem_pestat] low and high boundaries for computing mean and std.dev: (1, 2699)
[M::mem_pestat] mean and std.dev: (672.91, 662.27)
[M::mem_pestat] low and high boundaries for proper pairs: (1, 3539)
[M::mem_pestat] analyzing insert size distribution for orientation FR...
[M::mem_pestat] (25, 50, 75) percentile: (508, 525, 553)
[M::mem_pestat] low and high boundaries for computing mean and std.dev: (418, 643)
[M::mem_pestat] mean and std.dev: (535.81, 32.07)
[M::mem_pestat] low and high boundaries for proper pairs: (373, 688)
[M::mem_pestat] analyzing insert size distribution for orientation RF...
[M::mem_pestat] (25, 50, 75) percentile: (233, 912, 3153)
[M::mem_pestat] low and high boundaries for computing mean and std.dev: (1, 8993)
[M::mem_pestat] mean and std.dev: (1712.97, 1777.82)
[M::mem_pestat] low and high boundaries for proper pairs: (1, 11913)
[M::mem_pestat] analyzing insert size distribution for orientation RR...
[M::mem_pestat] (25, 50, 75) percentile: (267, 925, 1666)
[M::mem_pestat] low and high boundaries for computing mean and std.dev: (1, 4464)
[M::mem_pestat] mean and std.dev: (1084.03, 917.22)
[M::mem_pestat] low and high boundaries for proper pairs: (1, 5863)
[M::mem_pestat] skip orientation FF
[M::mem_pestat] skip orientation RF
[M::mem_pestat] skip orientation RR
[M::mem_process_seqs] Processed 266668 reads in 396.790 CPU sec, 99.487 real sec
[M::process] read 266668 sequences (40000200 bp)...
[M::mem_pestat] # candidate unique pairs for (FF, FR, RF, RR): (77, 43666, 16, 53)
[M::mem_pestat] analyzing insert size distribution for orientation FF...
[M::mem_pestat] (25, 50, 75) percentile: (202, 350, 1361)
[M::mem_pestat] low and high boundaries for computing mean and std.dev: (1, 3679)
[M::mem_pestat] mean and std.dev: (732.81, 728.42)
[M::mem_pestat] low and high boundaries for proper pairs: (1, 4838)
[M::mem_pestat] analyzing insert size distribution for orientation FR...
[M::mem_pestat] (25, 50, 75) percentile: (508, 525, 553)
[M::mem_pestat] low and high boundaries for computing mean and std.dev: (418, 643)
[M::mem_pestat] mean and std.dev: (535.89, 32.27)
[M::mem_pestat] low and high boundaries for proper pairs: (373, 688)
[M::mem_pestat] analyzing insert size distribution for orientation RF...
[M::mem_pestat] (25, 50, 75) percentile: (991, 1575, 3276)
[M::mem_pestat] low and high boundaries for computing mean and std.dev: (1, 7846)
[M::mem_pestat] mean and std.dev: (1929.31, 1376.30)
[M::mem_pestat] low and high boundaries for proper pairs: (1, 10131)
[M::mem_pestat] analyzing insert size distribution for orientation RR...
[M::mem_pestat] (25, 50, 75) percentile: (310, 815, 1236)
[M::mem_pestat] low and high boundaries for computing mean and std.dev: (1, 3088)
[M::mem_pestat] mean and std.dev: (759.16, 548.26)
[M::mem_pestat] low and high boundaries for proper pairs: (1, 4014)
[M::mem_pestat] skip orientation FF
[M::mem_pestat] skip orientation RF
[M::mem_pestat] skip orientation RR
[M::mem_process_seqs] Processed 266668 reads in 393.485 CPU sec, 98.675 real sec
[M::process] read 266668 sequences (40000200 bp)...
[M::mem_pestat] # candidate unique pairs for (FF, FR, RF, RR): (57, 43610, 28, 64)
[M::mem_pestat] analyzing insert size distribution for orientation FF...
[M::mem_pestat] (25, 50, 75) percentile: (236, 759, 1704)
[M::mem_pestat] low and high boundaries for computing mean and std.dev: (1, 4640)
[M::mem_pestat] mean and std.dev: (1175.07, 1138.00)
[M::mem_pestat] low and high boundaries for proper pairs: (1, 6108)
[M::mem_pestat] analyzing insert size distribution for orientation FR...
[M::mem_pestat] (25, 50, 75) percentile: (508, 525, 553)
[M::mem_pestat] low and high boundaries for computing mean and std.dev: (418, 643)
[M::mem_pestat] mean and std.dev: (535.80, 32.36)
[M::mem_pestat] low and high boundaries for proper pairs: (373, 688)
[M::mem_pestat] analyzing insert size distribution for orientation RF...
[M::mem_pestat] (25, 50, 75) percentile: (222, 836, 2500)
[M::mem_pestat] low and high boundaries for computing mean and std.dev: (1, 7056)
[M::mem_pestat] mean and std.dev: (1298.46, 1570.52)
[M::mem_pestat] low and high boundaries for proper pairs: (1, 9334)
[M::mem_pestat] analyzing insert size distribution for orientation RR...
[M::mem_pestat] (25, 50, 75) percentile: (359, 1069, 1582)
[M::mem_pestat] low and high boundaries for computing mean and std.dev: (1, 4028)
[M::mem_pestat] mean and std.dev: (970.52, 652.99)
[M::mem_pestat] low and high boundaries for proper pairs: (1, 5251)
[M::mem_pestat] skip orientation FF
[M::mem_pestat] skip orientation RF
[M::mem_pestat] skip orientation RR
[M::mem_process_seqs] Processed 266668 reads in 396.049 CPU sec, 99.254 real sec
[M::process] read 266668 sequences (40000200 bp)...
[M::mem_pestat] # candidate unique pairs for (FF, FR, RF, RR): (55, 43465, 29, 56)
[M::mem_pestat] analyzing insert size distribution for orientation FF...
[M::mem_pestat] (25, 50, 75) percentile: (199, 479, 1077)
[M::mem_pestat] low and high boundaries for computing mean and std.dev: (1, 2833)
[M::mem_pestat] mean and std.dev: (730.98, 726.96)
[M::mem_pestat] low and high boundaries for proper pairs: (1, 3711)
[M::mem_pestat] analyzing insert size distribution for orientation FR...
[M::mem_pestat] (25, 50, 75) percentile: (508, 525, 554)
[M::mem_pestat] low and high boundaries for computing mean and std.dev: (416, 646)
[M::mem_pestat] mean and std.dev: (536.15, 32.86)
[M::mem_pestat] low and high boundaries for proper pairs: (370, 692)
[M::mem_pestat] analyzing insert size distribution for orientation RF...
[M::mem_pestat] (25, 50, 75) percentile: (79, 425, 2467)
[M::mem_pestat] low and high boundaries for computing mean and std.dev: (1, 7243)
[M::mem_pestat] mean and std.dev: (1144.76, 1392.96)
[M::mem_pestat] low and high boundaries for proper pairs: (1, 9631)
[M::mem_pestat] analyzing insert size distribution for orientation RR...
[M::mem_pestat] (25, 50, 75) percentile: (520, 975, 1532)
[M::mem_pestat] low and high boundaries for computing mean and std.dev: (1, 3556)
[M::mem_pestat] mean and std.dev: (1017.62, 708.59)
[M::mem_pestat] low and high boundaries for proper pairs: (1, 4568)
[M::mem_pestat] skip orientation FF
[M::mem_pestat] skip orientation RF
[M::mem_pestat] skip orientation RR
[M::mem_process_seqs] Processed 266668 reads in 398.301 CPU sec, 99.810 real sec
[M::process] read 266668 sequences (40000200 bp)...
[M::mem_pestat] # candidate unique pairs for (FF, FR, RF, RR): (58, 43819, 28, 55)
[M::mem_pestat] analyzing insert size distribution for orientation FF...
[M::mem_pestat] (25, 50, 75) percentile: (197, 668, 1239)
[M::mem_pestat] low and high boundaries for computing mean and std.dev: (1, 3323)
[M::mem_pestat] mean and std.dev: (817.88, 738.44)
[M::mem_pestat] low and high boundaries for proper pairs: (1, 4365)
[M::mem_pestat] analyzing insert size distribution for orientation FR...
[M::mem_pestat] (25, 50, 75) percentile: (508, 525, 553)
[M::mem_pestat] low and high boundaries for computing mean and std.dev: (418, 643)
[M::mem_pestat] mean and std.dev: (535.67, 32.08)
[M::mem_pestat] low and high boundaries for proper pairs: (373, 688)
[M::mem_pestat] analyzing insert size distribution for orientation RF...
[M::mem_pestat] (25, 50, 75) percentile: (37, 513, 2203)
[M::mem_pestat] low and high boundaries for computing mean and std.dev: (1, 6535)
[M::mem_pestat] mean and std.dev: (993.00, 1255.53)
[M::mem_pestat] low and high boundaries for proper pairs: (1, 8701)
[M::mem_pestat] analyzing insert size distribution for orientation RR...
[M::mem_pestat] (25, 50, 75) percentile: (254, 869, 1526)
[M::mem_pestat] low and high boundaries for computing mean and std.dev: (1, 4070)
[M::mem_pestat] mean and std.dev: (1059.19, 985.04)
[M::mem_pestat] low and high boundaries for proper pairs: (1, 5342)
[M::mem_pestat] skip orientation FF
[M::mem_pestat] skip orientation RF
[M::mem_pestat] skip orientation RR
[M::mem_process_seqs] Processed 266668 reads in 396.278 CPU sec, 99.294 real sec
[M::process] read 266668 sequences (40000200 bp)...
[M::mem_pestat] # candidate unique pairs for (FF, FR, RF, RR): (52, 43611, 30, 38)
[M::mem_pestat] analyzing insert size distribution for orientation FF...
[M::mem_pestat] (25, 50, 75) percentile: (193, 493, 1180)
[M::mem_pestat] low and high boundaries for computing mean and std.dev: (1, 3154)
[M::mem_pestat] mean and std.dev: (640.09, 650.66)
[M::mem_pestat] low and high boundaries for proper pairs: (1, 4141)
[M::mem_pestat] analyzing insert size distribution for orientation FR...
[M::mem_pestat] (25, 50, 75) percentile: (508, 525, 553)
[M::mem_pestat] low and high boundaries for computing mean and std.dev: (418, 643)
[M::mem_pestat] mean and std.dev: (535.81, 32.23)
[M::mem_pestat] low and high boundaries for proper pairs: (373, 688)
[M::mem_pestat] analyzing insert size distribution for orientation RF...
[M::mem_pestat] (25, 50, 75) percentile: (215, 451, 1954)
[M::mem_pestat] low and high boundaries for computing mean and std.dev: (1, 5432)
[M::mem_pestat] mean and std.dev: (1001.26, 1268.24)
[M::mem_pestat] low and high boundaries for proper pairs: (1, 7171)
[M::mem_pestat] analyzing insert size distribution for orientation RR...
[M::mem_pestat] (25, 50, 75) percentile: (653, 1202, 2127)
[M::mem_pestat] low and high boundaries for computing mean and std.dev: (1, 5075)
[M::mem_pestat] mean and std.dev: (1459.22, 1149.55)
[M::mem_pestat] low and high boundaries for proper pairs: (1, 6549)
[M::mem_pestat] skip orientation FF
[M::mem_pestat] skip orientation RF
[M::mem_pestat] skip orientation RR
[M::mem_process_seqs] Processed 266668 reads in 394.857 CPU sec, 99.032 real sec
[M::process] read 266668 sequences (40000200 bp)...
[M::mem_pestat] # candidate unique pairs for (FF, FR, RF, RR): (71, 43625, 26, 44)
[M::mem_pestat] analyzing insert size distribution for orientation FF...
[M::mem_pestat] (25, 50, 75) percentile: (186, 331, 894)
[M::mem_pestat] low and high boundaries for computing mean and std.dev: (1, 2310)
[M::mem_pestat] mean and std.dev: (506.23, 498.07)
[M::mem_pestat] low and high boundaries for proper pairs: (1, 3018)
[M::mem_pestat] analyzing insert size distribution for orientation FR...
[M::mem_pestat] (25, 50, 75) percentile: (508, 524, 553)
[M::mem_pestat] low and high boundaries for computing mean and std.dev: (418, 643)
[M::mem_pestat] mean and std.dev: (535.56, 32.22)
[M::mem_pestat] low and high boundaries for proper pairs: (373, 688)
[M::mem_pestat] analyzing insert size distribution for orientation RF...
[M::mem_pestat] (25, 50, 75) percentile: (368, 694, 2031)
[M::mem_pestat] low and high boundaries for computing mean and std.dev: (1, 5357)
[M::mem_pestat] mean and std.dev: (1235.00, 1383.65)
[M::mem_pestat] low and high boundaries for proper pairs: (1, 7020)
[M::mem_pestat] analyzing insert size distribution for orientation RR...
[M::mem_pestat] (25, 50, 75) percentile: (412, 1059, 1649)
[M::mem_pestat] low and high boundaries for computing mean and std.dev: (1, 4123)
[M::mem_pestat] mean and std.dev: (1005.83, 670.38)
[M::mem_pestat] low and high boundaries for proper pairs: (1, 5360)
[M::mem_pestat] skip orientation FF
[M::mem_pestat] skip orientation RF
[M::mem_pestat] skip orientation RR
[M::mem_process_seqs] Processed 266668 reads in 400.047 CPU sec, 100.536 real sec
[M::process] read 266668 sequences (40000200 bp)...
[M::mem_pestat] # candidate unique pairs for (FF, FR, RF, RR): (54, 43335, 20, 54)
[M::mem_pestat] analyzing insert size distribution for orientation FF...
[M::mem_pestat] (25, 50, 75) percentile: (177, 349, 1075)
[M::mem_pestat] low and high boundaries for computing mean and std.dev: (1, 2871)
[M::mem_pestat] mean and std.dev: (632.14, 649.17)
[M::mem_pestat] low and high boundaries for proper pairs: (1, 3769)
[M::mem_pestat] analyzing insert size distribution for orientation FR...
[M::mem_pestat] (25, 50, 75) percentile: (508, 525, 553)
[M::mem_pestat] low and high boundaries for computing mean and std.dev: (418, 643)
[M::mem_pestat] mean and std.dev: (535.57, 31.92)
[M::mem_pestat] low and high boundaries for proper pairs: (373, 688)
[M::mem_pestat] analyzing insert size distribution for orientation RF...
[M::mem_pestat] (25, 50, 75) percentile: (565, 1718, 3669)
[M::mem_pestat] low and high boundaries for computing mean and std.dev: (1, 9877)
[M::mem_pestat] mean and std.dev: (2805.35, 3123.63)
[M::mem_pestat] low and high boundaries for proper pairs: (1, 15300)
[M::mem_pestat] analyzing insert size distribution for orientation RR...
[M::mem_pestat] (25, 50, 75) percentile: (467, 1004, 1787)
[M::mem_pestat] low and high boundaries for computing mean and std.dev: (1, 4427)
[M::mem_pestat] mean and std.dev: (1268.04, 1050.85)
[M::mem_pestat] low and high boundaries for proper pairs: (1, 5747)
[M::mem_pestat] skip orientation FF
[M::mem_pestat] skip orientation RF
[M::mem_pestat] skip orientation RR
[M::mem_process_seqs] Processed 266668 reads in 395.287 CPU sec, 99.447 real sec
[M::process] read 266668 sequences (40000200 bp)...
[M::mem_pestat] # candidate unique pairs for (FF, FR, RF, RR): (57, 43649, 22, 52)
[M::mem_pestat] analyzing insert size distribution for orientation FF...
[M::mem_pestat] (25, 50, 75) percentile: (167, 377, 853)
[M::mem_pestat] low and high boundaries for computing mean and std.dev: (1, 2225)
[M::mem_pestat] mean and std.dev: (576.18, 516.34)
[M::mem_pestat] low and high boundaries for proper pairs: (1, 2911)
[M::mem_pestat] analyzing insert size distribution for orientation FR...
[M::mem_pestat] (25, 50, 75) percentile: (508, 525, 553)
[M::mem_pestat] low and high boundaries for computing mean and std.dev: (418, 643)
[M::mem_pestat] mean and std.dev: (535.76, 32.23)
[M::mem_pestat] low and high boundaries for proper pairs: (373, 688)
[M::mem_pestat] analyzing insert size distribution for orientation RF...
[M::mem_pestat] (25, 50, 75) percentile: (325, 1064, 2050)
[M::mem_pestat] low and high boundaries for computing mean and std.dev: (1, 5500)
[M::mem_pestat] mean and std.dev: (1260.19, 1209.30)
[M::mem_pestat] low and high boundaries for proper pairs: (1, 7225)
[M::mem_pestat] analyzing insert size distribution for orientation RR...
[M::mem_pestat] (25, 50, 75) percentile: (400, 834, 1579)
[M::mem_pestat] low and high boundaries for computing mean and std.dev: (1, 3937)
[M::mem_pestat] mean and std.dev: (1007.12, 784.64)
[M::mem_pestat] low and high boundaries for proper pairs: (1, 5116)
[M::mem_pestat] skip orientation FF
[M::mem_pestat] skip orientation RF
[M::mem_pestat] skip orientation RR
[M::mem_process_seqs] Processed 266668 reads in 396.231 CPU sec, 99.292 real sec
[M::process] read 266668 sequences (40000200 bp)...
[M::mem_pestat] # candidate unique pairs for (FF, FR, RF, RR): (68, 43052, 32, 62)
[M::mem_pestat] analyzing insert size distribution for orientation FF...
[M::mem_pestat] (25, 50, 75) percentile: (190, 479, 1402)
[M::mem_pestat] low and high boundaries for computing mean and std.dev: (1, 3826)
[M::mem_pestat] mean and std.dev: (832.60, 878.42)
[M::mem_pestat] low and high boundaries for proper pairs: (1, 5038)
[M::mem_pestat] analyzing insert size distribution for orientation FR...
[M::mem_pestat] (25, 50, 75) percentile: (508, 525, 554)
[M::mem_pestat] low and high boundaries for computing mean and std.dev: (416, 646)
[M::mem_pestat] mean and std.dev: (536.23, 32.59)
[M::mem_pestat] low and high boundaries for proper pairs: (370, 692)
[M::mem_pestat] analyzing insert size distribution for orientation RF...
[M::mem_pestat] (25, 50, 75) percentile: (125, 701, 2427)
[M::mem_pestat] low and high boundaries for computing mean and std.dev: (1, 7031)
[M::mem_pestat] mean and std.dev: (1200.87, 1427.21)
[M::mem_pestat] low and high boundaries for proper pairs: (1, 9333)
[M::mem_pestat] analyzing insert size distribution for orientation RR...
[M::mem_pestat] (25, 50, 75) percentile: (463, 978, 1807)
[M::mem_pestat] low and high boundaries for computing mean and std.dev: (1, 4495)
[M::mem_pestat] mean and std.dev: (1224.15, 1077.75)
[M::mem_pestat] low and high boundaries for proper pairs: (1, 5839)
[M::mem_pestat] skip orientation FF
[M::mem_pestat] skip orientation RF
[M::mem_pestat] skip orientation RR
[M::mem_process_seqs] Processed 266668 reads in 400.483 CPU sec, 100.323 real sec
[M::process] read 266668 sequences (40000200 bp)...
[M::mem_pestat] # candidate unique pairs for (FF, FR, RF, RR): (62, 43569, 31, 54)
[M::mem_pestat] analyzing insert size distribution for orientation FF...
[M::mem_pestat] (25, 50, 75) percentile: (178, 423, 1209)
[M::mem_pestat] low and high boundaries for computing mean and std.dev: (1, 3271)
[M::mem_pestat] mean and std.dev: (727.49, 759.18)
[M::mem_pestat] low and high boundaries for proper pairs: (1, 4302)
[M::mem_pestat] analyzing insert size distribution for orientation FR...
[M::mem_pestat] (25, 50, 75) percentile: (508, 525, 553)
[M::mem_pestat] low and high boundaries for computing mean and std.dev: (418, 643)
[M::mem_pestat] mean and std.dev: (535.72, 32.06)
[M::mem_pestat] low and high boundaries for proper pairs: (373, 688)
[M::mem_pestat] analyzing insert size distribution for orientation RF...
[M::mem_pestat] (25, 50, 75) percentile: (319, 649, 1652)
[M::mem_pestat] low and high boundaries for computing mean and std.dev: (1, 4318)
[M::mem_pestat] mean and std.dev: (881.29, 832.45)
[M::mem_pestat] low and high boundaries for proper pairs: (1, 5651)
[M::mem_pestat] analyzing insert size distribution for orientation RR...
[M::mem_pestat] (25, 50, 75) percentile: (571, 1180, 1709)
[M::mem_pestat] low and high boundaries for computing mean and std.dev: (1, 3985)
[M::mem_pestat] mean and std.dev: (1151.61, 812.45)
[M::mem_pestat] low and high boundaries for proper pairs: (1, 5123)
[M::mem_pestat] skip orientation FF
[M::mem_pestat] skip orientation RF
[M::mem_pestat] skip orientation RR
[M::mem_process_seqs] Processed 266668 reads in 395.424 CPU sec, 99.115 real sec
[M::process] read 266668 sequences (40000200 bp)...
[M::mem_pestat] # candidate unique pairs for (FF, FR, RF, RR): (59, 43589, 24, 60)
[M::mem_pestat] analyzing insert size distribution for orientation FF...
[M::mem_pestat] (25, 50, 75) percentile: (166, 301, 1132)
[M::mem_pestat] low and high boundaries for computing mean and std.dev: (1, 3064)
[M::mem_pestat] mean and std.dev: (706.78, 782.63)
[M::mem_pestat] low and high boundaries for proper pairs: (1, 4030)
[M::mem_pestat] analyzing insert size distribution for orientation FR...
[M::mem_pestat] (25, 50, 75) percentile: (508, 525, 553)
[M::mem_pestat] low and high boundaries for computing mean and std.dev: (418, 643)
[M::mem_pestat] mean and std.dev: (535.56, 32.09)
[M::mem_pestat] low and high boundaries for proper pairs: (373, 688)
[M::mem_pestat] analyzing insert size distribution for orientation RF...
[M::mem_pestat] (25, 50, 75) percentile: (430, 1625, 4155)
[M::mem_pestat] low and high boundaries for computing mean and std.dev: (1, 11605)
[M::mem_pestat] mean and std.dev: (2613.21, 2960.46)
[M::mem_pestat] low and high boundaries for proper pairs: (1, 15330)
[M::mem_pestat] analyzing insert size distribution for orientation RR...
[M::mem_pestat] (25, 50, 75) percentile: (392, 926, 1884)
[M::mem_pestat] low and high boundaries for computing mean and std.dev: (1, 4868)
[M::mem_pestat] mean and std.dev: (1110.49, 915.62)
[M::mem_pestat] low and high boundaries for proper pairs: (1, 6360)
[M::mem_pestat] skip orientation FF
[M::mem_pestat] skip orientation RF
[M::mem_pestat] skip orientation RR
[M::mem_process_seqs] Processed 266668 reads in 394.627 CPU sec, 98.897 real sec
[M::process] read 266668 sequences (40000200 bp)...
[M::mem_pestat] # candidate unique pairs for (FF, FR, RF, RR): (55, 43724, 40, 55)
[M::mem_pestat] analyzing insert size distribution for orientation FF...
[M::mem_pestat] (25, 50, 75) percentile: (193, 556, 1401)
[M::mem_pestat] low and high boundaries for computing mean and std.dev: (1, 3817)
[M::mem_pestat] mean and std.dev: (800.55, 869.11)
[M::mem_pestat] low and high boundaries for proper pairs: (1, 5025)
[M::mem_pestat] analyzing insert size distribution for orientation FR...
[M::mem_pestat] (25, 50, 75) percentile: (508, 525, 554)
[M::mem_pestat] low and high boundaries for computing mean and std.dev: (416, 646)
[M::mem_pestat] mean and std.dev: (536.15, 32.64)
[M::mem_pestat] low and high boundaries for proper pairs: (370, 692)
[M::mem_pestat] analyzing insert size distribution for orientation RF...
[M::mem_pestat] (25, 50, 75) percentile: (356, 711, 2177)
[M::mem_pestat] low and high boundaries for computing mean and std.dev: (1, 5819)
[M::mem_pestat] mean and std.dev: (1177.71, 1159.65)
[M::mem_pestat] low and high boundaries for proper pairs: (1, 7640)
[M::mem_pestat] analyzing insert size distribution for orientation RR...
[M::mem_pestat] (25, 50, 75) percentile: (415, 881, 1260)
[M::mem_pestat] low and high boundaries for computing mean and std.dev: (1, 2950)
[M::mem_pestat] mean and std.dev: (945.93, 642.18)
[M::mem_pestat] low and high boundaries for proper pairs: (1, 3795)
[M::mem_pestat] skip orientation FF
[M::mem_pestat] skip orientation RF
[M::mem_pestat] skip orientation RR
[M::mem_process_seqs] Processed 266668 reads in 392.879 CPU sec, 98.612 real sec
[M::process] read 266668 sequences (40000200 bp)...
[M::mem_pestat] # candidate unique pairs for (FF, FR, RF, RR): (65, 43560, 30, 56)
[M::mem_pestat] analyzing insert size distribution for orientation FF...
[M::mem_pestat] (25, 50, 75) percentile: (190, 347, 1462)
[M::mem_pestat] low and high boundaries for computing mean and std.dev: (1, 4006)
[M::mem_pestat] mean and std.dev: (793.68, 903.53)
[M::mem_pestat] low and high boundaries for proper pairs: (1, 5278)
[M::mem_pestat] analyzing insert size distribution for orientation FR...
[M::mem_pestat] (25, 50, 75) percentile: (508, 525, 554)
[M::mem_pestat] low and high boundaries for computing mean and std.dev: (416, 646)
[M::mem_pestat] mean and std.dev: (536.32, 32.93)
[M::mem_pestat] low and high boundaries for proper pairs: (370, 692)
[M::mem_pestat] analyzing insert size distribution for orientation RF...
[M::mem_pestat] (25, 50, 75) percentile: (289, 966, 1725)
[M::mem_pestat] low and high boundaries for computing mean and std.dev: (1, 4597)
[M::mem_pestat] mean and std.dev: (1108.48, 1160.17)
[M::mem_pestat] low and high boundaries for proper pairs: (1, 6033)
[M::mem_pestat] analyzing insert size distribution for orientation RR...
[M::mem_pestat] (25, 50, 75) percentile: (628, 991, 1471)
[M::mem_pestat] low and high boundaries for computing mean and std.dev: (1, 3157)
[M::mem_pestat] mean and std.dev: (907.36, 531.84)
[M::mem_pestat] low and high boundaries for proper pairs: (1, 4000)
[M::mem_pestat] skip orientation FF
[M::mem_pestat] skip orientation RF
[M::mem_pestat] skip orientation RR
[M::mem_process_seqs] Processed 266668 reads in 403.153 CPU sec, 101.073 real sec
[M::process] read 266668 sequences (40000200 bp)...
[M::mem_pestat] # candidate unique pairs for (FF, FR, RF, RR): (61, 43638, 23, 55)
[M::mem_pestat] analyzing insert size distribution for orientation FF...
[M::mem_pestat] (25, 50, 75) percentile: (147, 453, 1168)
[M::mem_pestat] low and high boundaries for computing mean and std.dev: (1, 3210)
[M::mem_pestat] mean and std.dev: (667.73, 638.87)
[M::mem_pestat] low and high boundaries for proper pairs: (1, 4231)
[M::mem_pestat] analyzing insert size distribution for orientation FR...
[M::mem_pestat] (25, 50, 75) percentile: (508, 526, 554)
[M::mem_pestat] low and high boundaries for computing mean and std.dev: (416, 646)
[M::mem_pestat] mean and std.dev: (536.41, 32.64)
[M::mem_pestat] low and high boundaries for proper pairs: (370, 692)
[M::mem_pestat] analyzing insert size distribution for orientation RF...
[M::mem_pestat] (25, 50, 75) percentile: (67, 343, 2457)
[M::mem_pestat] low and high boundaries for computing mean and std.dev: (1, 7237)
[M::mem_pestat] mean and std.dev: (1214.38, 1966.10)
[M::mem_pestat] low and high boundaries for proper pairs: (1, 9627)
[M::mem_pestat] analyzing insert size distribution for orientation RR...
[M::mem_pestat] (25, 50, 75) percentile: (536, 1032, 1651)
[M::mem_pestat] low and high boundaries for computing mean and std.dev: (1, 3881)
[M::mem_pestat] mean and std.dev: (1100.04, 818.43)
[M::mem_pestat] low and high boundaries for proper pairs: (1, 4996)
[M::mem_pestat] skip orientation FF
[M::mem_pestat] skip orientation RF
[M::mem_pestat] skip orientation RR
[M::mem_process_seqs] Processed 266668 reads in 394.613 CPU sec, 98.908 real sec
[M::process] read 266668 sequences (40000200 bp)...
[M::mem_pestat] # candidate unique pairs for (FF, FR, RF, RR): (72, 43733, 26, 77)
[M::mem_pestat] analyzing insert size distribution for orientation FF...
[M::mem_pestat] (25, 50, 75) percentile: (218, 592, 1530)
[M::mem_pestat] low and high boundaries for computing mean and std.dev: (1, 4154)
[M::mem_pestat] mean and std.dev: (862.16, 888.47)
[M::mem_pestat] low and high boundaries for proper pairs: (1, 5466)
[M::mem_pestat] analyzing insert size distribution for orientation FR...
[M::mem_pestat] (25, 50, 75) percentile: (508, 525, 553)
[M::mem_pestat] low and high boundaries for computing mean and std.dev: (418, 643)
[M::mem_pestat] mean and std.dev: (535.75, 31.90)
[M::mem_pestat] low and high boundaries for proper pairs: (373, 688)
[M::mem_pestat] analyzing insert size distribution for orientation RF...
[M::mem_pestat] (25, 50, 75) percentile: (216, 848, 2352)
[M::mem_pestat] low and high boundaries for computing mean and std.dev: (1, 6624)
[M::mem_pestat] mean and std.dev: (1281.08, 1453.02)
[M::mem_pestat] low and high boundaries for proper pairs: (1, 8760)
[M::mem_pestat] analyzing insert size distribution for orientation RR...
[M::mem_pestat] (25, 50, 75) percentile: (364, 879, 1514)
[M::mem_pestat] low and high boundaries for computing mean and std.dev: (1, 3814)
[M::mem_pestat] mean and std.dev: (980.24, 821.90)
[M::mem_pestat] low and high boundaries for proper pairs: (1, 4964)
[M::mem_pestat] skip orientation FF
[M::mem_pestat] skip orientation RF
[M::mem_pestat] skip orientation RR
[M::mem_process_seqs] Processed 266668 reads in 394.504 CPU sec, 98.826 real sec
[M::process] read 266668 sequences (40000200 bp)...
[M::mem_pestat] # candidate unique pairs for (FF, FR, RF, RR): (55, 43687, 23, 58)
[M::mem_pestat] analyzing insert size distribution for orientation FF...
[M::mem_pestat] (25, 50, 75) percentile: (218, 369, 1152)
[M::mem_pestat] low and high boundaries for computing mean and std.dev: (1, 3020)
[M::mem_pestat] mean and std.dev: (719.00, 721.64)
[M::mem_pestat] low and high boundaries for proper pairs: (1, 3954)
[M::mem_pestat] analyzing insert size distribution for orientation FR...
[M::mem_pestat] (25, 50, 75) percentile: (508, 525, 553)
[M::mem_pestat] low and high boundaries for computing mean and std.dev: (418, 643)
[M::mem_pestat] mean and std.dev: (535.81, 32.23)
[M::mem_pestat] low and high boundaries for proper pairs: (373, 688)
[M::mem_pestat] analyzing insert size distribution for orientation RF...
[M::mem_pestat] (25, 50, 75) percentile: (334, 495, 1545)
[M::mem_pestat] low and high boundaries for computing mean and std.dev: (1, 3967)
[M::mem_pestat] mean and std.dev: (781.43, 844.95)
[M::mem_pestat] low and high boundaries for proper pairs: (1, 5178)
[M::mem_pestat] analyzing insert size distribution for orientation RR...
[M::mem_pestat] (25, 50, 75) percentile: (495, 1071, 1677)
[M::mem_pestat] low and high boundaries for computing mean and std.dev: (1, 4041)
[M::mem_pestat] mean and std.dev: (1106.93, 767.23)
[M::mem_pestat] low and high boundaries for proper pairs: (1, 5223)
[M::mem_pestat] skip orientation FF
[M::mem_pestat] skip orientation RF
[M::mem_pestat] skip orientation RR
[M::mem_process_seqs] Processed 266668 reads in 394.295 CPU sec, 98.793 real sec
[M::process] read 266668 sequences (40000200 bp)...
[M::mem_pestat] # candidate unique pairs for (FF, FR, RF, RR): (77, 43602, 31, 45)
[M::mem_pestat] analyzing insert size distribution for orientation FF...
[M::mem_pestat] (25, 50, 75) percentile: (193, 400, 1861)
[M::mem_pestat] low and high boundaries for computing mean and std.dev: (1, 5197)
[M::mem_pestat] mean and std.dev: (972.28, 1066.23)
[M::mem_pestat] low and high boundaries for proper pairs: (1, 6865)
[M::mem_pestat] analyzing insert size distribution for orientation FR...
[M::mem_pestat] (25, 50, 75) percentile: (508, 525, 553)
[M::mem_pestat] low and high boundaries for computing mean and std.dev: (418, 643)
[M::mem_pestat] mean and std.dev: (535.88, 32.28)
[M::mem_pestat] low and high boundaries for proper pairs: (373, 688)
[M::mem_pestat] analyzing insert size distribution for orientation RF...
[M::mem_pestat] (25, 50, 75) percentile: (273, 628, 1333)
[M::mem_pestat] low and high boundaries for computing mean and std.dev: (1, 3453)
[M::mem_pestat] mean and std.dev: (720.04, 716.11)
[M::mem_pestat] low and high boundaries for proper pairs: (1, 4513)
[M::mem_pestat] analyzing insert size distribution for orientation RR...
[M::mem_pestat] (25, 50, 75) percentile: (350, 771, 1553)
[M::mem_pestat] low and high boundaries for computing mean and std.dev: (1, 3959)
[M::mem_pestat] mean and std.dev: (973.91, 751.31)
[M::mem_pestat] low and high boundaries for proper pairs: (1, 5162)
[M::mem_pestat] skip orientation FF
[M::mem_pestat] skip orientation RF
[M::mem_pestat] skip orientation RR
[M::mem_process_seqs] Processed 266668 reads in 397.400 CPU sec, 99.566 real sec
[M::process] read 266668 sequences (40000200 bp)...
[M::mem_pestat] # candidate unique pairs for (FF, FR, RF, RR): (62, 43546, 25, 62)
[M::mem_pestat] analyzing insert size distribution for orientation FF...
[M::mem_pestat] (25, 50, 75) percentile: (185, 342, 1014)
[M::mem_pestat] low and high boundaries for computing mean and std.dev: (1, 2672)
[M::mem_pestat] mean and std.dev: (522.74, 475.63)
[M::mem_pestat] low and high boundaries for proper pairs: (1, 3501)
[M::mem_pestat] analyzing insert size distribution for orientation FR...
[M::mem_pestat] (25, 50, 75) percentile: (508, 525, 553)
[M::mem_pestat] low and high boundaries for computing mean and std.dev: (418, 643)
[M::mem_pestat] mean and std.dev: (535.93, 32.25)
[M::mem_pestat] low and high boundaries for proper pairs: (373, 688)
[M::mem_pestat] analyzing insert size distribution for orientation RF...
[M::mem_pestat] (25, 50, 75) percentile: (370, 1100, 3223)
[M::mem_pestat] low and high boundaries for computing mean and std.dev: (1, 8929)
[M::mem_pestat] mean and std.dev: (2227.92, 2848.03)
[M::mem_pestat] low and high boundaries for proper pairs: (1, 13620)
[M::mem_pestat] analyzing insert size distribution for orientation RR...
[M::mem_pestat] (25, 50, 75) percentile: (315, 1025, 1744)
[M::mem_pestat] low and high boundaries for computing mean and std.dev: (1, 4602)
[M::mem_pestat] mean and std.dev: (1147.86, 936.93)
[M::mem_pestat] low and high boundaries for proper pairs: (1, 6031)
[M::mem_pestat] skip orientation FF
[M::mem_pestat] skip orientation RF
[M::mem_pestat] skip orientation RR
[M::mem_process_seqs] Processed 266668 reads in 401.745 CPU sec, 100.806 real sec
[M::process] read 266668 sequences (40000200 bp)...
[M::mem_pestat] # candidate unique pairs for (FF, FR, RF, RR): (58, 43737, 30, 45)
[M::mem_pestat] analyzing insert size distribution for orientation FF...
[M::mem_pestat] (25, 50, 75) percentile: (146, 420, 1227)
[M::mem_pestat] low and high boundaries for computing mean and std.dev: (1, 3389)
[M::mem_pestat] mean and std.dev: (688.13, 694.56)
[M::mem_pestat] low and high boundaries for proper pairs: (1, 4470)
[M::mem_pestat] analyzing insert size distribution for orientation FR...
[M::mem_pestat] (25, 50, 75) percentile: (508, 525, 554)
[M::mem_pestat] low and high boundaries for computing mean and std.dev: (416, 646)
[M::mem_pestat] mean and std.dev: (536.46, 32.66)
[M::mem_pestat] low and high boundaries for proper pairs: (370, 692)
[M::mem_pestat] analyzing insert size distribution for orientation RF...
[M::mem_pestat] (25, 50, 75) percentile: (371, 1011, 2890)
[M::mem_pestat] low and high boundaries for computing mean and std.dev: (1, 7928)
[M::mem_pestat] mean and std.dev: (1718.47, 1728.00)
[M::mem_pestat] low and high boundaries for proper pairs: (1, 10447)
[M::mem_pestat] analyzing insert size distribution for orientation RR...
[M::mem_pestat] (25, 50, 75) percentile: (792, 1134, 1967)
[M::mem_pestat] low and high boundaries for computing mean and std.dev: (1, 4317)
[M::mem_pestat] mean and std.dev: (1226.32, 895.38)
[M::mem_pestat] low and high boundaries for proper pairs: (1, 5492)
[M::mem_pestat] skip orientation FF
[M::mem_pestat] skip orientation RF
[M::mem_pestat] skip orientation RR
[M::mem_process_seqs] Processed 266668 reads in 399.400 CPU sec, 100.272 real sec
[M::process] read 266668 sequences (40000200 bp)...
[M::mem_pestat] # candidate unique pairs for (FF, FR, RF, RR): (56, 43528, 26, 60)
[M::mem_pestat] analyzing insert size distribution for orientation FF...
[M::mem_pestat] (25, 50, 75) percentile: (193, 285, 1164)
[M::mem_pestat] low and high boundaries for computing mean and std.dev: (1, 3106)
[M::mem_pestat] mean and std.dev: (648.81, 674.40)
[M::mem_pestat] low and high boundaries for proper pairs: (1, 4077)
[M::mem_pestat] analyzing insert size distribution for orientation FR...
[M::mem_pestat] (25, 50, 75) percentile: (508, 525, 553)
[M::mem_pestat] low and high boundaries for computing mean and std.dev: (418, 643)
[M::mem_pestat] mean and std.dev: (535.70, 32.18)
[M::mem_pestat] low and high boundaries for proper pairs: (373, 688)
[M::mem_pestat] analyzing insert size distribution for orientation RF...
[M::mem_pestat] (25, 50, 75) percentile: (124, 376, 2923)
[M::mem_pestat] low and high boundaries for computing mean and std.dev: (1, 8521)
[M::mem_pestat] mean and std.dev: (1260.58, 1441.98)
[M::mem_pestat] low and high boundaries for proper pairs: (1, 11320)
[M::mem_pestat] analyzing insert size distribution for orientation RR...
[M::mem_pestat] (25, 50, 75) percentile: (337, 956, 1498)
[M::mem_pestat] low and high boundaries for computing mean and std.dev: (1, 3820)
[M::mem_pestat] mean and std.dev: (960.00, 769.33)
[M::mem_pestat] low and high boundaries for proper pairs: (1, 4981)
[M::mem_pestat] skip orientation FF
[M::mem_pestat] skip orientation RF
[M::mem_pestat] skip orientation RR
[M::mem_process_seqs] Processed 266668 reads in 396.866 CPU sec, 99.481 real sec
[M::process] read 266668 sequences (40000200 bp)...
[M::mem_pestat] # candidate unique pairs for (FF, FR, RF, RR): (66, 43715, 26, 60)
[M::mem_pestat] analyzing insert size distribution for orientation FF...
[M::mem_pestat] (25, 50, 75) percentile: (231, 871, 2053)
[M::mem_pestat] low and high boundaries for computing mean and std.dev: (1, 5697)
[M::mem_pestat] mean and std.dev: (1179.05, 1236.36)
[M::mem_pestat] low and high boundaries for proper pairs: (1, 7519)
[M::mem_pestat] analyzing insert size distribution for orientation FR...
[M::mem_pestat] (25, 50, 75) percentile: (508, 525, 554)
[M::mem_pestat] low and high boundaries for computing mean and std.dev: (416, 646)
[M::mem_pestat] mean and std.dev: (536.07, 32.73)
[M::mem_pestat] low and high boundaries for proper pairs: (370, 692)
[M::mem_pestat] analyzing insert size distribution for orientation RF...
[M::mem_pestat] (25, 50, 75) percentile: (391, 1069, 1671)
[M::mem_pestat] low and high boundaries for computing mean and std.dev: (1, 4231)
[M::mem_pestat] mean and std.dev: (1105.67, 967.03)
[M::mem_pestat] low and high boundaries for proper pairs: (1, 5511)
[M::mem_pestat] analyzing insert size distribution for orientation RR...
[M::mem_pestat] (25, 50, 75) percentile: (487, 985, 1769)
[M::mem_pestat] low and high boundaries for computing mean and std.dev: (1, 4333)
[M::mem_pestat] mean and std.dev: (1203.63, 984.69)
[M::mem_pestat] low and high boundaries for proper pairs: (1, 5615)
[M::mem_pestat] skip orientation FF
[M::mem_pestat] skip orientation RF
[M::mem_pestat] skip orientation RR
[M::mem_process_seqs] Processed 266668 reads in 392.627 CPU sec, 98.546 real sec
[M::process] read 266668 sequences (40000200 bp)...
[M::mem_pestat] # candidate unique pairs for (FF, FR, RF, RR): (69, 43814, 26, 55)
[M::mem_pestat] analyzing insert size distribution for orientation FF...
[M::mem_pestat] (25, 50, 75) percentile: (180, 319, 1041)
[M::mem_pestat] low and high boundaries for computing mean and std.dev: (1, 2763)
[M::mem_pestat] mean and std.dev: (594.10, 633.53)
[M::mem_pestat] low and high boundaries for proper pairs: (1, 3624)
[M::mem_pestat] analyzing insert size distribution for orientation FR...
[M::mem_pestat] (25, 50, 75) percentile: (508, 525, 554)
[M::mem_pestat] low and high boundaries for computing mean and std.dev: (416, 646)
[M::mem_pestat] mean and std.dev: (536.20, 32.76)
[M::mem_pestat] low and high boundaries for proper pairs: (370, 692)
[M::mem_pestat] analyzing insert size distribution for orientation RF...
[M::mem_pestat] (25, 50, 75) percentile: (248, 599, 2344)
[M::mem_pestat] low and high boundaries for computing mean and std.dev: (1, 6536)
[M::mem_pestat] mean and std.dev: (1149.00, 1258.93)
[M::mem_pestat] low and high boundaries for proper pairs: (1, 8632)
[M::mem_pestat] analyzing insert size distribution for orientation RR...
[M::mem_pestat] (25, 50, 75) percentile: (406, 925, 1511)
[M::mem_pestat] low and high boundaries for computing mean and std.dev: (1, 3721)
[M::mem_pestat] mean and std.dev: (1044.58, 739.74)
[M::mem_pestat] low and high boundaries for proper pairs: (1, 4826)
[M::mem_pestat] skip orientation FF
[M::mem_pestat] skip orientation RF
[M::mem_pestat] skip orientation RR
[M::mem_process_seqs] Processed 266668 reads in 397.115 CPU sec, 99.632 real sec
[M::process] read 266668 sequences (40000200 bp)...
[M::mem_pestat] # candidate unique pairs for (FF, FR, RF, RR): (65, 43402, 23, 55)
[M::mem_pestat] analyzing insert size distribution for orientation FF...
[M::mem_pestat] (25, 50, 75) percentile: (312, 933, 1463)
[M::mem_pestat] low and high boundaries for computing mean and std.dev: (1, 3765)
[M::mem_pestat] mean and std.dev: (962.44, 765.91)
[M::mem_pestat] low and high boundaries for proper pairs: (1, 4916)
[M::mem_pestat] analyzing insert size distribution for orientation FR...
[M::mem_pestat] (25, 50, 75) percentile: (508, 525, 552)
[M::mem_pestat] low and high boundaries for computing mean and std.dev: (420, 640)
[M::mem_pestat] mean and std.dev: (535.38, 31.56)
[M::mem_pestat] low and high boundaries for proper pairs: (376, 684)
[M::mem_pestat] analyzing insert size distribution for orientation RF...
[M::mem_pestat] (25, 50, 75) percentile: (283, 979, 2407)
[M::mem_pestat] low and high boundaries for computing mean and std.dev: (1, 6655)
[M::mem_pestat] mean and std.dev: (1175.90, 1107.85)
[M::mem_pestat] low and high boundaries for proper pairs: (1, 8779)
[M::mem_pestat] analyzing insert size distribution for orientation RR...
[M::mem_pestat] (25, 50, 75) percentile: (403, 783, 1510)
[M::mem_pestat] low and high boundaries for computing mean and std.dev: (1, 3724)
[M::mem_pestat] mean and std.dev: (988.74, 789.67)
[M::mem_pestat] low and high boundaries for proper pairs: (1, 4831)
[M::mem_pestat] skip orientation FF
[M::mem_pestat] skip orientation RF
[M::mem_pestat] skip orientation RR
[M::mem_process_seqs] Processed 266668 reads in 390.231 CPU sec, 98.016 real sec
[M::process] read 266668 sequences (40000200 bp)...
[M::mem_pestat] # candidate unique pairs for (FF, FR, RF, RR): (56, 43623, 28, 50)
[M::mem_pestat] analyzing insert size distribution for orientation FF...
[M::mem_pestat] (25, 50, 75) percentile: (267, 688, 1444)
[M::mem_pestat] low and high boundaries for computing mean and std.dev: (1, 3798)
[M::mem_pestat] mean and std.dev: (816.67, 703.77)
[M::mem_pestat] low and high boundaries for proper pairs: (1, 4975)
[M::mem_pestat] analyzing insert size distribution for orientation FR...
[M::mem_pestat] (25, 50, 75) percentile: (508, 525, 553)
[M::mem_pestat] low and high boundaries for computing mean and std.dev: (418, 643)
[M::mem_pestat] mean and std.dev: (535.75, 32.17)
[M::mem_pestat] low and high boundaries for proper pairs: (373, 688)
[M::mem_pestat] analyzing insert size distribution for orientation RF...
[M::mem_pestat] (25, 50, 75) percentile: (72, 405, 1336)
[M::mem_pestat] low and high boundaries for computing mean and std.dev: (1, 3864)
[M::mem_pestat] mean and std.dev: (598.52, 790.23)
[M::mem_pestat] low and high boundaries for proper pairs: (1, 5128)
[M::mem_pestat] analyzing insert size distribution for orientation RR...
[M::mem_pestat] (25, 50, 75) percentile: (578, 1087, 1572)
[M::mem_pestat] low and high boundaries for computing mean and std.dev: (1, 3560)
[M::mem_pestat] mean and std.dev: (1232.06, 848.00)
[M::mem_pestat] low and high boundaries for proper pairs: (1, 4624)
[M::mem_pestat] skip orientation FF
[M::mem_pestat] skip orientation RF
[M::mem_pestat] skip orientation RR
[M::mem_process_seqs] Processed 266668 reads in 402.475 CPU sec, 101.209 real sec
[M::process] read 266668 sequences (40000200 bp)...
[M::mem_pestat] # candidate unique pairs for (FF, FR, RF, RR): (62, 43453, 18, 54)
[M::mem_pestat] analyzing insert size distribution for orientation FF...
[M::mem_pestat] (25, 50, 75) percentile: (240, 558, 1571)
[M::mem_pestat] low and high boundaries for computing mean and std.dev: (1, 4233)
[M::mem_pestat] mean and std.dev: (922.72, 904.56)
[M::mem_pestat] low and high boundaries for proper pairs: (1, 5564)
[M::mem_pestat] analyzing insert size distribution for orientation FR...
[M::mem_pestat] (25, 50, 75) percentile: (508, 525, 553)
[M::mem_pestat] low and high boundaries for computing mean and std.dev: (418, 643)
[M::mem_pestat] mean and std.dev: (535.90, 32.06)
[M::mem_pestat] low and high boundaries for proper pairs: (373, 688)
[M::mem_pestat] analyzing insert size distribution for orientation RF...
[M::mem_pestat] (25, 50, 75) percentile: (433, 1417, 3987)
[M::mem_pestat] low and high boundaries for computing mean and std.dev: (1, 11095)
[M::mem_pestat] mean and std.dev: (1984.67, 2083.05)
[M::mem_pestat] low and high boundaries for proper pairs: (1, 14649)
[M::mem_pestat] analyzing insert size distribution for orientation RR...
[M::mem_pestat] (25, 50, 75) percentile: (300, 967, 2024)
[M::mem_pestat] low and high boundaries for computing mean and std.dev: (1, 5472)
[M::mem_pestat] mean and std.dev: (1237.19, 1111.27)
[M::mem_pestat] low and high boundaries for proper pairs: (1, 7196)
[M::mem_pestat] skip orientation FF
[M::mem_pestat] skip orientation RF
[M::mem_pestat] skip orientation RR
[M::mem_process_seqs] Processed 266668 reads in 396.329 CPU sec, 99.706 real sec
[M::process] read 266668 sequences (40000200 bp)...
[M::mem_pestat] # candidate unique pairs for (FF, FR, RF, RR): (67, 43763, 28, 45)
[M::mem_pestat] analyzing insert size distribution for orientation FF...
[M::mem_pestat] (25, 50, 75) percentile: (210, 309, 842)
[M::mem_pestat] low and high boundaries for computing mean and std.dev: (1, 2106)
[M::mem_pestat] mean and std.dev: (513.02, 486.18)
[M::mem_pestat] low and high boundaries for proper pairs: (1, 2738)
[M::mem_pestat] analyzing insert size distribution for orientation FR...
[M::mem_pestat] (25, 50, 75) percentile: (508, 525, 554)
[M::mem_pestat] low and high boundaries for computing mean and std.dev: (416, 646)
[M::mem_pestat] mean and std.dev: (536.11, 32.61)
[M::mem_pestat] low and high boundaries for proper pairs: (370, 692)
[M::mem_pestat] analyzing insert size distribution for orientation RF...
[M::mem_pestat] (25, 50, 75) percentile: (344, 738, 3285)
[M::mem_pestat] low and high boundaries for computing mean and std.dev: (1, 9167)
[M::mem_pestat] mean and std.dev: (1699.71, 1939.14)
[M::mem_pestat] low and high boundaries for proper pairs: (1, 12108)
[M::mem_pestat] analyzing insert size distribution for orientation RR...
[M::mem_pestat] (25, 50, 75) percentile: (402, 829, 1247)
[M::mem_pestat] low and high boundaries for computing mean and std.dev: (1, 2937)
[M::mem_pestat] mean and std.dev: (752.31, 506.18)
[M::mem_pestat] low and high boundaries for proper pairs: (1, 3782)
[M::mem_pestat] skip orientation FF
[M::mem_pestat] skip orientation RF
[M::mem_pestat] skip orientation RR
[M::mem_process_seqs] Processed 266668 reads in 399.991 CPU sec, 100.347 real sec
[M::process] read 266668 sequences (40000200 bp)...
[M::mem_pestat] # candidate unique pairs for (FF, FR, RF, RR): (66, 43780, 30, 56)
[M::mem_pestat] analyzing insert size distribution for orientation FF...
[M::mem_pestat] (25, 50, 75) percentile: (161, 366, 1097)
[M::mem_pestat] low and high boundaries for computing mean and std.dev: (1, 2969)
[M::mem_pestat] mean and std.dev: (555.41, 552.65)
[M::mem_pestat] low and high boundaries for proper pairs: (1, 3905)
[M::mem_pestat] analyzing insert size distribution for orientation FR...
[M::mem_pestat] (25, 50, 75) percentile: (508, 525, 553)
[M::mem_pestat] low and high boundaries for computing mean and std.dev: (418, 643)
[M::mem_pestat] mean and std.dev: (535.94, 32.26)
[M::mem_pestat] low and high boundaries for proper pairs: (373, 688)
[M::mem_pestat] analyzing insert size distribution for orientation RF...
[M::mem_pestat] (25, 50, 75) percentile: (135, 591, 2666)
[M::mem_pestat] low and high boundaries for computing mean and std.dev: (1, 7728)
[M::mem_pestat] mean and std.dev: (1229.43, 1526.40)
[M::mem_pestat] low and high boundaries for proper pairs: (1, 10259)
[M::mem_pestat] analyzing insert size distribution for orientation RR...
[M::mem_pestat] (25, 50, 75) percentile: (205, 616, 1156)
[M::mem_pestat] low and high boundaries for computing mean and std.dev: (1, 3058)
[M::mem_pestat] mean and std.dev: (740.33, 643.21)
[M::mem_pestat] low and high boundaries for proper pairs: (1, 4009)
[M::mem_pestat] skip orientation FF
[M::mem_pestat] skip orientation RF
[M::mem_pestat] skip orientation RR
[M::mem_process_seqs] Processed 266668 reads in 395.515 CPU sec, 99.228 real sec
[M::process] read 266668 sequences (40000200 bp)...
[M::mem_pestat] # candidate unique pairs for (FF, FR, RF, RR): (71, 43158, 29, 42)
[M::mem_pestat] analyzing insert size distribution for orientation FF...
[M::mem_pestat] (25, 50, 75) percentile: (244, 594, 1365)
[M::mem_pestat] low and high boundaries for computing mean and std.dev: (1, 3607)
[M::mem_pestat] mean and std.dev: (891.30, 838.41)
[M::mem_pestat] low and high boundaries for proper pairs: (1, 4728)
[M::mem_pestat] analyzing insert size distribution for orientation FR...
[M::mem_pestat] (25, 50, 75) percentile: (508, 525, 553)
[M::mem_pestat] low and high boundaries for computing mean and std.dev: (418, 643)
[M::mem_pestat] mean and std.dev: (535.67, 32.14)
[M::mem_pestat] low and high boundaries for proper pairs: (373, 688)
[M::mem_pestat] analyzing insert size distribution for orientation RF...
[M::mem_pestat] (25, 50, 75) percentile: (439, 944, 3257)
[M::mem_pestat] low and high boundaries for computing mean and std.dev: (1, 8893)
[M::mem_pestat] mean and std.dev: (1738.38, 1852.85)
[M::mem_pestat] low and high boundaries for proper pairs: (1, 11711)
[M::mem_pestat] analyzing insert size distribution for orientation RR...
[M::mem_pestat] (25, 50, 75) percentile: (571, 1048, 1745)
[M::mem_pestat] low and high boundaries for computing mean and std.dev: (1, 4093)
[M::mem_pestat] mean and std.dev: (1227.49, 948.16)
[M::mem_pestat] low and high boundaries for proper pairs: (1, 5267)
[M::mem_pestat] skip orientation FF
[M::mem_pestat] skip orientation RF
[M::mem_pestat] skip orientation RR
[M::mem_process_seqs] Processed 266668 reads in 400.581 CPU sec, 100.490 real sec
[M::process] read 266668 sequences (40000200 bp)...
[M::mem_pestat] # candidate unique pairs for (FF, FR, RF, RR): (46, 43744, 38, 47)
[M::mem_pestat] analyzing insert size distribution for orientation FF...
[M::mem_pestat] (25, 50, 75) percentile: (160, 279, 1093)
[M::mem_pestat] low and high boundaries for computing mean and std.dev: (1, 2959)
[M::mem_pestat] mean and std.dev: (572.28, 630.79)
[M::mem_pestat] low and high boundaries for proper pairs: (1, 3892)
[M::mem_pestat] analyzing insert size distribution for orientation FR...
[M::mem_pestat] (25, 50, 75) percentile: (508, 525, 553)
[M::mem_pestat] low and high boundaries for computing mean and std.dev: (418, 643)
[M::mem_pestat] mean and std.dev: (535.52, 31.99)
[M::mem_pestat] low and high boundaries for proper pairs: (373, 688)
[M::mem_pestat] analyzing insert size distribution for orientation RF...
[M::mem_pestat] (25, 50, 75) percentile: (157, 671, 1746)
[M::mem_pestat] low and high boundaries for computing mean and std.dev: (1, 4924)
[M::mem_pestat] mean and std.dev: (964.56, 1107.99)
[M::mem_pestat] low and high boundaries for proper pairs: (1, 6513)
[M::mem_pestat] analyzing insert size distribution for orientation RR...
[M::mem_pestat] (25, 50, 75) percentile: (375, 764, 1598)
[M::mem_pestat] low and high boundaries for computing mean and std.dev: (1, 4044)
[M::mem_pestat] mean and std.dev: (907.20, 663.20)
[M::mem_pestat] low and high boundaries for proper pairs: (1, 5267)
[M::mem_pestat] skip orientation FF
[M::mem_pestat] skip orientation RF
[M::mem_pestat] skip orientation RR
[M::mem_process_seqs] Processed 266668 reads in 395.967 CPU sec, 99.270 real sec
[M::process] read 266668 sequences (40000200 bp)...
[M::mem_pestat] # candidate unique pairs for (FF, FR, RF, RR): (75, 43949, 22, 62)
[M::mem_pestat] analyzing insert size distribution for orientation FF...
[M::mem_pestat] (25, 50, 75) percentile: (177, 382, 1356)
[M::mem_pestat] low and high boundaries for computing mean and std.dev: (1, 3714)
[M::mem_pestat] mean and std.dev: (730.17, 728.79)
[M::mem_pestat] low and high boundaries for proper pairs: (1, 4893)
[M::mem_pestat] analyzing insert size distribution for orientation FR...
[M::mem_pestat] (25, 50, 75) percentile: (508, 525, 553)
[M::mem_pestat] low and high boundaries for computing mean and std.dev: (418, 643)
[M::mem_pestat] mean and std.dev: (535.71, 32.24)
[M::mem_pestat] low and high boundaries for proper pairs: (373, 688)
[M::mem_pestat] analyzing insert size distribution for orientation RF...
[M::mem_pestat] (25, 50, 75) percentile: (449, 925, 2722)
[M::mem_pestat] low and high boundaries for computing mean and std.dev: (1, 7268)
[M::mem_pestat] mean and std.dev: (1068.53, 957.45)
[M::mem_pestat] low and high boundaries for proper pairs: (1, 9541)
[M::mem_pestat] analyzing insert size distribution for orientation RR...
[M::mem_pestat] (25, 50, 75) percentile: (663, 1006, 1890)
[M::mem_pestat] low and high boundaries for computing mean and std.dev: (1, 4344)
[M::mem_pestat] mean and std.dev: (1213.62, 918.92)
[M::mem_pestat] low and high boundaries for proper pairs: (1, 5571)
[M::mem_pestat] skip orientation FF
[M::mem_pestat] skip orientation RF
[M::mem_pestat] skip orientation RR
[M::mem_process_seqs] Processed 266668 reads in 396.007 CPU sec, 99.379 real sec
[M::process] read 266668 sequences (40000200 bp)...
[M::mem_pestat] # candidate unique pairs for (FF, FR, RF, RR): (57, 43636, 23, 62)
[M::mem_pestat] analyzing insert size distribution for orientation FF...
[M::mem_pestat] (25, 50, 75) percentile: (238, 535, 1009)
[M::mem_pestat] low and high boundaries for computing mean and std.dev: (1, 2551)
[M::mem_pestat] mean and std.dev: (607.47, 560.30)
[M::mem_pestat] low and high boundaries for proper pairs: (1, 3322)
[M::mem_pestat] analyzing insert size distribution for orientation FR...
[M::mem_pestat] (25, 50, 75) percentile: (508, 525, 553)
[M::mem_pestat] low and high boundaries for computing mean and std.dev: (418, 643)
[M::mem_pestat] mean and std.dev: (535.72, 32.09)
[M::mem_pestat] low and high boundaries for proper pairs: (373, 688)
[M::mem_pestat] analyzing insert size distribution for orientation RF...
[M::mem_pestat] (25, 50, 75) percentile: (127, 974, 1427)
[M::mem_pestat] low and high boundaries for computing mean and std.dev: (1, 4027)
[M::mem_pestat] mean and std.dev: (973.91, 1029.29)
[M::mem_pestat] low and high boundaries for proper pairs: (1, 5327)
[M::mem_pestat] analyzing insert size distribution for orientation RR...
[M::mem_pestat] (25, 50, 75) percentile: (563, 976, 2186)
[M::mem_pestat] low and high boundaries for computing mean and std.dev: (1, 5432)
[M::mem_pestat] mean and std.dev: (1402.97, 1264.95)
[M::mem_pestat] low and high boundaries for proper pairs: (1, 7055)
[M::mem_pestat] skip orientation FF
[M::mem_pestat] skip orientation RF
[M::mem_pestat] skip orientation RR
[M::mem_process_seqs] Processed 266668 reads in 397.736 CPU sec, 99.857 real sec
[M::process] read 266668 sequences (40000200 bp)...
[M::mem_pestat] # candidate unique pairs for (FF, FR, RF, RR): (60, 43423, 22, 59)
[M::mem_pestat] analyzing insert size distribution for orientation FF...
[M::mem_pestat] (25, 50, 75) percentile: (210, 584, 1823)
[M::mem_pestat] low and high boundaries for computing mean and std.dev: (1, 5049)
[M::mem_pestat] mean and std.dev: (966.51, 957.92)
[M::mem_pestat] low and high boundaries for proper pairs: (1, 6662)
[M::mem_pestat] analyzing insert size distribution for orientation FR...
[M::mem_pestat] (25, 50, 75) percentile: (508, 525, 553)
[M::mem_pestat] low and high boundaries for computing mean and std.dev: (418, 643)
[M::mem_pestat] mean and std.dev: (535.69, 32.30)
[M::mem_pestat] low and high boundaries for proper pairs: (373, 688)
[M::mem_pestat] analyzing insert size distribution for orientation RF...
[M::mem_pestat] (25, 50, 75) percentile: (547, 1626, 3343)
[M::mem_pestat] low and high boundaries for computing mean and std.dev: (1, 8935)
[M::mem_pestat] mean and std.dev: (2003.32, 1739.22)
[M::mem_pestat] low and high boundaries for proper pairs: (1, 11731)
[M::mem_pestat] analyzing insert size distribution for orientation RR...
[M::mem_pestat] (25, 50, 75) percentile: (418, 1018, 1948)
[M::mem_pestat] low and high boundaries for computing mean and std.dev: (1, 5008)
[M::mem_pestat] mean and std.dev: (1311.09, 1137.08)
[M::mem_pestat] low and high boundaries for proper pairs: (1, 6538)
[M::mem_pestat] skip orientation FF
[M::mem_pestat] skip orientation RF
[M::mem_pestat] skip orientation RR
[M::mem_process_seqs] Processed 266668 reads in 397.417 CPU sec, 99.569 real sec
[M::process] read 266668 sequences (40000200 bp)...
[M::mem_pestat] # candidate unique pairs for (FF, FR, RF, RR): (58, 43907, 24, 47)
[M::mem_pestat] analyzing insert size distribution for orientation FF...
[M::mem_pestat] (25, 50, 75) percentile: (308, 883, 1640)
[M::mem_pestat] low and high boundaries for computing mean and std.dev: (1, 4304)
[M::mem_pestat] mean and std.dev: (936.96, 814.65)
[M::mem_pestat] low and high boundaries for proper pairs: (1, 5636)
[M::mem_pestat] analyzing insert size distribution for orientation FR...
[M::mem_pestat] (25, 50, 75) percentile: (508, 525, 553)
[M::mem_pestat] low and high boundaries for computing mean and std.dev: (418, 643)
[M::mem_pestat] mean and std.dev: (536.05, 32.34)
[M::mem_pestat] low and high boundaries for proper pairs: (373, 688)
[M::mem_pestat] analyzing insert size distribution for orientation RF...
[M::mem_pestat] (25, 50, 75) percentile: (288, 1207, 2277)
[M::mem_pestat] low and high boundaries for computing mean and std.dev: (1, 6255)
[M::mem_pestat] mean and std.dev: (1230.00, 1135.60)
[M::mem_pestat] low and high boundaries for proper pairs: (1, 8244)
[M::mem_pestat] analyzing insert size distribution for orientation RR...
[M::mem_pestat] (25, 50, 75) percentile: (476, 952, 1490)
[M::mem_pestat] low and high boundaries for computing mean and std.dev: (1, 3518)
[M::mem_pestat] mean and std.dev: (906.15, 534.78)
[M::mem_pestat] low and high boundaries for proper pairs: (1, 4532)
[M::mem_pestat] skip orientation FF
[M::mem_pestat] skip orientation RF
[M::mem_pestat] skip orientation RR
[M::mem_process_seqs] Processed 266668 reads in 397.424 CPU sec, 99.565 real sec
[M::process] read 266668 sequences (40000200 bp)...
[M::mem_pestat] # candidate unique pairs for (FF, FR, RF, RR): (67, 43606, 29, 50)
[M::mem_pestat] analyzing insert size distribution for orientation FF...
[M::mem_pestat] (25, 50, 75) percentile: (222, 507, 1264)
[M::mem_pestat] low and high boundaries for computing mean and std.dev: (1, 3348)
[M::mem_pestat] mean and std.dev: (698.47, 617.02)
[M::mem_pestat] low and high boundaries for proper pairs: (1, 4390)
[M::mem_pestat] analyzing insert size distribution for orientation FR...
[M::mem_pestat] (25, 50, 75) percentile: (508, 525, 553)
[M::mem_pestat] low and high boundaries for computing mean and std.dev: (418, 643)
[M::mem_pestat] mean and std.dev: (535.93, 32.41)
[M::mem_pestat] low and high boundaries for proper pairs: (373, 688)
[M::mem_pestat] analyzing insert size distribution for orientation RF...
[M::mem_pestat] (25, 50, 75) percentile: (195, 675, 2997)
[M::mem_pestat] low and high boundaries for computing mean and std.dev: (1, 8601)
[M::mem_pestat] mean and std.dev: (1569.86, 2119.31)
[M::mem_pestat] low and high boundaries for proper pairs: (1, 11403)
[M::mem_pestat] analyzing insert size distribution for orientation RR...
[M::mem_pestat] (25, 50, 75) percentile: (350, 878, 1771)
[M::mem_pestat] low and high boundaries for computing mean and std.dev: (1, 4613)
[M::mem_pestat] mean and std.dev: (1107.45, 1032.45)
[M::mem_pestat] low and high boundaries for proper pairs: (1, 6034)
[M::mem_pestat] skip orientation FF
[M::mem_pestat] skip orientation RF
[M::mem_pestat] skip orientation RR
[M::mem_process_seqs] Processed 266668 reads in 392.227 CPU sec, 98.264 real sec
[M::process] read 266668 sequences (40000200 bp)...
[M::mem_pestat] # candidate unique pairs for (FF, FR, RF, RR): (65, 43293, 30, 69)
[M::mem_pestat] analyzing insert size distribution for orientation FF...
[M::mem_pestat] (25, 50, 75) percentile: (157, 378, 1036)
[M::mem_pestat] low and high boundaries for computing mean and std.dev: (1, 2794)
[M::mem_pestat] mean and std.dev: (639.32, 630.97)
[M::mem_pestat] low and high boundaries for proper pairs: (1, 3673)
[M::mem_pestat] analyzing insert size distribution for orientation FR...
[M::mem_pestat] (25, 50, 75) percentile: (508, 525, 554)
[M::mem_pestat] low and high boundaries for computing mean and std.dev: (416, 646)
[M::mem_pestat] mean and std.dev: (536.25, 32.67)
[M::mem_pestat] low and high boundaries for proper pairs: (370, 692)
[M::mem_pestat] analyzing insert size distribution for orientation RF...
[M::mem_pestat] (25, 50, 75) percentile: (181, 1030, 2785)
[M::mem_pestat] low and high boundaries for computing mean and std.dev: (1, 7993)
[M::mem_pestat] mean and std.dev: (1742.17, 1999.44)
[M::mem_pestat] low and high boundaries for proper pairs: (1, 10597)
[M::mem_pestat] analyzing insert size distribution for orientation RR...
[M::mem_pestat] (25, 50, 75) percentile: (299, 789, 1421)
[M::mem_pestat] low and high boundaries for computing mean and std.dev: (1, 3665)
[M::mem_pestat] mean and std.dev: (870.86, 686.21)
[M::mem_pestat] low and high boundaries for proper pairs: (1, 4787)
[M::mem_pestat] skip orientation FF
[M::mem_pestat] skip orientation RF
[M::mem_pestat] skip orientation RR
[M::mem_process_seqs] Processed 266668 reads in 397.375 CPU sec, 99.599 real sec
[M::process] read 266668 sequences (40000200 bp)...
[M::mem_pestat] # candidate unique pairs for (FF, FR, RF, RR): (76, 43907, 27, 55)
[M::mem_pestat] analyzing insert size distribution for orientation FF...
[M::mem_pestat] (25, 50, 75) percentile: (144, 317, 1025)
[M::mem_pestat] low and high boundaries for computing mean and std.dev: (1, 2787)
[M::mem_pestat] mean and std.dev: (573.42, 597.51)
[M::mem_pestat] low and high boundaries for proper pairs: (1, 3668)
[M::mem_pestat] analyzing insert size distribution for orientation FR...
[M::mem_pestat] (25, 50, 75) percentile: (508, 525, 554)
[M::mem_pestat] low and high boundaries for computing mean and std.dev: (416, 646)
[M::mem_pestat] mean and std.dev: (536.33, 32.87)
[M::mem_pestat] low and high boundaries for proper pairs: (370, 692)
[M::mem_pestat] analyzing insert size distribution for orientation RF...
[M::mem_pestat] (25, 50, 75) percentile: (241, 462, 2065)
[M::mem_pestat] low and high boundaries for computing mean and std.dev: (1, 5713)
[M::mem_pestat] mean and std.dev: (956.28, 1090.65)
[M::mem_pestat] low and high boundaries for proper pairs: (1, 7537)
[M::mem_pestat] analyzing insert size distribution for orientation RR...
[M::mem_pestat] (25, 50, 75) percentile: (329, 918, 1728)
[M::mem_pestat] low and high boundaries for computing mean and std.dev: (1, 4526)
[M::mem_pestat] mean and std.dev: (1107.74, 918.08)
[M::mem_pestat] low and high boundaries for proper pairs: (1, 5925)
[M::mem_pestat] skip orientation FF
[M::mem_pestat] skip orientation RF
[M::mem_pestat] skip orientation RR
[M::mem_process_seqs] Processed 266668 reads in 397.127 CPU sec, 100.394 real sec
[M::process] read 266668 sequences (40000200 bp)...
[M::mem_pestat] # candidate unique pairs for (FF, FR, RF, RR): (69, 43842, 32, 51)
[M::mem_pestat] analyzing insert size distribution for orientation FF...
[M::mem_pestat] (25, 50, 75) percentile: (183, 353, 1249)
[M::mem_pestat] low and high boundaries for computing mean and std.dev: (1, 3381)
[M::mem_pestat] mean and std.dev: (722.66, 729.83)
[M::mem_pestat] low and high boundaries for proper pairs: (1, 4447)
[M::mem_pestat] analyzing insert size distribution for orientation FR...
[M::mem_pestat] (25, 50, 75) percentile: (508, 525, 554)
[M::mem_pestat] low and high boundaries for computing mean and std.dev: (416, 646)
[M::mem_pestat] mean and std.dev: (536.38, 32.71)
[M::mem_pestat] low and high boundaries for proper pairs: (370, 692)
[M::mem_pestat] analyzing insert size distribution for orientation RF...
[M::mem_pestat] (25, 50, 75) percentile: (390, 1247, 2431)
[M::mem_pestat] low and high boundaries for computing mean and std.dev: (1, 6513)
[M::mem_pestat] mean and std.dev: (1355.67, 1231.61)
[M::mem_pestat] low and high boundaries for proper pairs: (1, 8554)
[M::mem_pestat] analyzing insert size distribution for orientation RR...
[M::mem_pestat] (25, 50, 75) percentile: (555, 987, 1559)
[M::mem_pestat] low and high boundaries for computing mean and std.dev: (1, 3567)
[M::mem_pestat] mean and std.dev: (1082.65, 741.03)
[M::mem_pestat] low and high boundaries for proper pairs: (1, 4571)
[M::mem_pestat] skip orientation FF
[M::mem_pestat] skip orientation RF
[M::mem_pestat] skip orientation RR
[M::mem_process_seqs] Processed 266668 reads in 391.906 CPU sec, 98.816 real sec
[M::process] read 266668 sequences (40000200 bp)...
[M::mem_pestat] # candidate unique pairs for (FF, FR, RF, RR): (59, 43826, 21, 68)
[M::mem_pestat] analyzing insert size distribution for orientation FF...
[M::mem_pestat] (25, 50, 75) percentile: (173, 340, 1255)
[M::mem_pestat] low and high boundaries for computing mean and std.dev: (1, 3419)
[M::mem_pestat] mean and std.dev: (738.22, 760.55)
[M::mem_pestat] low and high boundaries for proper pairs: (1, 4501)
[M::mem_pestat] analyzing insert size distribution for orientation FR...
[M::mem_pestat] (25, 50, 75) percentile: (508, 525, 553)
[M::mem_pestat] low and high boundaries for computing mean and std.dev: (418, 643)
[M::mem_pestat] mean and std.dev: (535.83, 32.19)
[M::mem_pestat] low and high boundaries for proper pairs: (373, 688)
[M::mem_pestat] analyzing insert size distribution for orientation RF...
[M::mem_pestat] (25, 50, 75) percentile: (79, 838, 2444)
[M::mem_pestat] low and high boundaries for computing mean and std.dev: (1, 7174)
[M::mem_pestat] mean and std.dev: (1236.71, 1301.56)
[M::mem_pestat] low and high boundaries for proper pairs: (1, 9539)
[M::mem_pestat] analyzing insert size distribution for orientation RR...
[M::mem_pestat] (25, 50, 75) percentile: (296, 955, 1581)
[M::mem_pestat] low and high boundaries for computing mean and std.dev: (1, 4151)
[M::mem_pestat] mean and std.dev: (1018.86, 841.87)
[M::mem_pestat] low and high boundaries for proper pairs: (1, 5436)
[M::mem_pestat] skip orientation FF
[M::mem_pestat] skip orientation RF
[M::mem_pestat] skip orientation RR
[M::mem_process_seqs] Processed 266668 reads in 389.370 CPU sec, 97.565 real sec
[M::process] read 266668 sequences (40000200 bp)...
[M::mem_pestat] # candidate unique pairs for (FF, FR, RF, RR): (61, 43851, 36, 53)
[M::mem_pestat] analyzing insert size distribution for orientation FF...
[M::mem_pestat] (25, 50, 75) percentile: (189, 384, 777)
[M::mem_pestat] low and high boundaries for computing mean and std.dev: (1, 1953)
[M::mem_pestat] mean and std.dev: (475.86, 381.29)
[M::mem_pestat] low and high boundaries for proper pairs: (1, 2541)
[M::mem_pestat] analyzing insert size distribution for orientation FR...
[M::mem_pestat] (25, 50, 75) percentile: (508, 525, 553)
[M::mem_pestat] low and high boundaries for computing mean and std.dev: (418, 643)
[M::mem_pestat] mean and std.dev: (535.75, 32.07)
[M::mem_pestat] low and high boundaries for proper pairs: (373, 688)
[M::mem_pestat] analyzing insert size distribution for orientation RF...
[M::mem_pestat] (25, 50, 75) percentile: (53, 697, 2628)
[M::mem_pestat] low and high boundaries for computing mean and std.dev: (1, 7778)
[M::mem_pestat] mean and std.dev: (1284.73, 1746.52)
[M::mem_pestat] low and high boundaries for proper pairs: (1, 10353)
[M::mem_pestat] analyzing insert size distribution for orientation RR...
[M::mem_pestat] (25, 50, 75) percentile: (287, 1063, 1541)
[M::mem_pestat] low and high boundaries for computing mean and std.dev: (1, 4049)
[M::mem_pestat] mean and std.dev: (1122.96, 887.26)
[M::mem_pestat] low and high boundaries for proper pairs: (1, 5303)
[M::mem_pestat] skip orientation FF
[M::mem_pestat] skip orientation RF
[M::mem_pestat] skip orientation RR
[M::mem_process_seqs] Processed 266668 reads in 388.653 CPU sec, 97.369 real sec
[M::process] read 217490 sequences (32623500 bp)...
[M::mem_pestat] # candidate unique pairs for (FF, FR, RF, RR): (70, 43225, 26, 42)
[M::mem_pestat] analyzing insert size distribution for orientation FF...
[M::mem_pestat] (25, 50, 75) percentile: (203, 684, 1363)
[M::mem_pestat] low and high boundaries for computing mean and std.dev: (1, 3683)
[M::mem_pestat] mean and std.dev: (800.97, 762.68)
[M::mem_pestat] low and high boundaries for proper pairs: (1, 4843)
[M::mem_pestat] analyzing insert size distribution for orientation FR...
[M::mem_pestat] (25, 50, 75) percentile: (508, 525, 553)
[M::mem_pestat] low and high boundaries for computing mean and std.dev: (418, 643)
[M::mem_pestat] mean and std.dev: (535.58, 31.96)
[M::mem_pestat] low and high boundaries for proper pairs: (373, 688)
[M::mem_pestat] analyzing insert size distribution for orientation RF...
[M::mem_pestat] (25, 50, 75) percentile: (398, 1337, 3571)
[M::mem_pestat] low and high boundaries for computing mean and std.dev: (1, 9917)
[M::mem_pestat] mean and std.dev: (2182.08, 2507.02)
[M::mem_pestat] low and high boundaries for proper pairs: (1, 13090)
[M::mem_pestat] analyzing insert size distribution for orientation RR...
[M::mem_pestat] (25, 50, 75) percentile: (360, 917, 1387)
[M::mem_pestat] low and high boundaries for computing mean and std.dev: (1, 3441)
[M::mem_pestat] mean and std.dev: (892.46, 581.21)
[M::mem_pestat] low and high boundaries for proper pairs: (1, 4468)
[M::mem_pestat] skip orientation FF
[M::mem_pestat] skip orientation RF
[M::mem_pestat] skip orientation RR
[M::mem_process_seqs] Processed 266668 reads in 395.258 CPU sec, 99.071 real sec
[M::mem_pestat] # candidate unique pairs for (FF, FR, RF, RR): (67, 35397, 18, 45)
[M::mem_pestat] analyzing insert size distribution for orientation FF...
[M::mem_pestat] (25, 50, 75) percentile: (165, 397, 1130)
[M::mem_pestat] low and high boundaries for computing mean and std.dev: (1, 3060)
[M::mem_pestat] mean and std.dev: (677.81, 743.57)
[M::mem_pestat] low and high boundaries for proper pairs: (1, 4025)
[M::mem_pestat] analyzing insert size distribution for orientation FR...
[M::mem_pestat] (25, 50, 75) percentile: (508, 525, 554)
[M::mem_pestat] low and high boundaries for computing mean and std.dev: (416, 646)
[M::mem_pestat] mean and std.dev: (536.06, 32.55)
[M::mem_pestat] low and high boundaries for proper pairs: (370, 692)
[M::mem_pestat] analyzing insert size distribution for orientation RF...
[M::mem_pestat] (25, 50, 75) percentile: (136, 995, 3188)
[M::mem_pestat] low and high boundaries for computing mean and std.dev: (1, 9292)
[M::mem_pestat] mean and std.dev: (2196.89, 2811.60)
[M::mem_pestat] low and high boundaries for proper pairs: (1, 13443)
[M::mem_pestat] analyzing insert size distribution for orientation RR...
[M::mem_pestat] (25, 50, 75) percentile: (580, 768, 1053)
[M::mem_pestat] low and high boundaries for computing mean and std.dev: (1, 1999)
[M::mem_pestat] mean and std.dev: (759.31, 410.42)
[M::mem_pestat] low and high boundaries for proper pairs: (1, 2472)
[M::mem_pestat] skip orientation FF
[M::mem_pestat] skip orientation RF
[M::mem_pestat] skip orientation RR
[M::mem_process_seqs] Processed 217490 reads in 328.321 CPU sec, 82.269 real sec
[main] Version: 0.7.17-r1188
[main] CMD: bwa mem -t 4 -a /mnt/raid6/bacphagenetwork/data/bwa_index/Homo_sapiens.GRCh38.dna.toplevel.fa /mnt/raid6/bacphagenetwork/data/skin_metagenome/Beijing/02_rm_host/BJ119_1.fastq.gz /mnt/raid6/bacphagenetwork/data/skin_metagenome/Beijing/02_rm_host/BJ119_2.fastq.gz
[main] Real time: 5659.764 sec; CPU: 22532.753 sec
