/home/bacphagenetwork/.bashrc: line 15: Custom: command not found
[M::bwa_idx_load_from_disk] read 0 ALT contigs
[M::process] read 266668 sequences (40000200 bp)...
[M::process] read 266668 sequences (40000200 bp)...
[M::mem_pestat] # candidate unique pairs for (FF, FR, RF, RR): (26, 8800, 0, 16)
[M::mem_pestat] analyzing insert size distribution for orientation FF...
[M::mem_pestat] (25, 50, 75) percentile: (106, 183, 342)
[M::mem_pestat] low and high boundaries for computing mean and std.dev: (1, 814)
[M::mem_pestat] mean and std.dev: (173.24, 117.54)
[M::mem_pestat] low and high boundaries for proper pairs: (1, 1050)
[M::mem_pestat] analyzing insert size distribution for orientation FR...
[M::mem_pestat] (25, 50, 75) percentile: (242, 506, 532)
[M::mem_pestat] low and high boundaries for computing mean and std.dev: (1, 1112)
[M::mem_pestat] mean and std.dev: (406.36, 173.39)
[M::mem_pestat] low and high boundaries for proper pairs: (1, 1402)
[M::mem_pestat] skip orientation RF as there are not enough pairs
[M::mem_pestat] analyzing insert size distribution for orientation RR...
[M::mem_pestat] (25, 50, 75) percentile: (174, 511, 1208)
[M::mem_pestat] low and high boundaries for computing mean and std.dev: (1, 3276)
[M::mem_pestat] mean and std.dev: (621.73, 774.37)
[M::mem_pestat] low and high boundaries for proper pairs: (1, 4310)
[M::mem_pestat] skip orientation FF
[M::mem_pestat] skip orientation RR
[M::mem_process_seqs] Processed 266668 reads in 379.325 CPU sec, 95.063 real sec
[M::process] read 266668 sequences (40000200 bp)...
[M::mem_pestat] # candidate unique pairs for (FF, FR, RF, RR): (27, 8610, 6, 20)
[M::mem_pestat] analyzing insert size distribution for orientation FF...
[M::mem_pestat] (25, 50, 75) percentile: (103, 155, 226)
[M::mem_pestat] low and high boundaries for computing mean and std.dev: (1, 472)
[M::mem_pestat] mean and std.dev: (151.74, 77.76)
[M::mem_pestat] low and high boundaries for proper pairs: (1, 595)
[M::mem_pestat] analyzing insert size distribution for orientation FR...
[M::mem_pestat] (25, 50, 75) percentile: (224, 505, 531)
[M::mem_pestat] low and high boundaries for computing mean and std.dev: (1, 1145)
[M::mem_pestat] mean and std.dev: (401.40, 176.83)
[M::mem_pestat] low and high boundaries for proper pairs: (1, 1452)
[M::mem_pestat] skip orientation RF as there are not enough pairs
[M::mem_pestat] analyzing insert size distribution for orientation RR...
[M::mem_pestat] (25, 50, 75) percentile: (188, 410, 1427)
[M::mem_pestat] low and high boundaries for computing mean and std.dev: (1, 3905)
[M::mem_pestat] mean and std.dev: (803.84, 875.20)
[M::mem_pestat] low and high boundaries for proper pairs: (1, 5144)
[M::mem_pestat] skip orientation FF
[M::mem_pestat] skip orientation RR
[M::mem_process_seqs] Processed 266668 reads in 390.899 CPU sec, 97.845 real sec
[M::process] read 266668 sequences (40000200 bp)...
[M::mem_pestat] # candidate unique pairs for (FF, FR, RF, RR): (24, 8554, 7, 17)
[M::mem_pestat] analyzing insert size distribution for orientation FF...
[M::mem_pestat] (25, 50, 75) percentile: (89, 150, 908)
[M::mem_pestat] low and high boundaries for computing mean and std.dev: (1, 2546)
[M::mem_pestat] mean and std.dev: (379.59, 517.80)
[M::mem_pestat] low and high boundaries for proper pairs: (1, 3365)
[M::mem_pestat] analyzing insert size distribution for orientation FR...
[M::mem_pestat] (25, 50, 75) percentile: (233, 506, 532)
[M::mem_pestat] low and high boundaries for computing mean and std.dev: (1, 1130)
[M::mem_pestat] mean and std.dev: (402.74, 175.48)
[M::mem_pestat] low and high boundaries for proper pairs: (1, 1429)
[M::mem_pestat] skip orientation RF as there are not enough pairs
[M::mem_pestat] analyzing insert size distribution for orientation RR...
[M::mem_pestat] (25, 50, 75) percentile: (158, 310, 1164)
[M::mem_pestat] low and high boundaries for computing mean and std.dev: (1, 3176)
[M::mem_pestat] mean and std.dev: (599.38, 677.91)
[M::mem_pestat] low and high boundaries for proper pairs: (1, 4182)
[M::mem_pestat] skip orientation FF
[M::mem_pestat] skip orientation RR
[M::mem_process_seqs] Processed 266668 reads in 387.316 CPU sec, 97.091 real sec
[M::process] read 266668 sequences (40000200 bp)...
[M::mem_pestat] # candidate unique pairs for (FF, FR, RF, RR): (29, 8609, 6, 17)
[M::mem_pestat] analyzing insert size distribution for orientation FF...
[M::mem_pestat] (25, 50, 75) percentile: (113, 172, 460)
[M::mem_pestat] low and high boundaries for computing mean and std.dev: (1, 1154)
[M::mem_pestat] mean and std.dev: (263.46, 220.16)
[M::mem_pestat] low and high boundaries for proper pairs: (1, 1501)
[M::mem_pestat] analyzing insert size distribution for orientation FR...
[M::mem_pestat] (25, 50, 75) percentile: (238, 505, 530)
[M::mem_pestat] low and high boundaries for computing mean and std.dev: (1, 1114)
[M::mem_pestat] mean and std.dev: (404.60, 173.29)
[M::mem_pestat] low and high boundaries for proper pairs: (1, 1406)
[M::mem_pestat] skip orientation RF as there are not enough pairs
[M::mem_pestat] analyzing insert size distribution for orientation RR...
[M::mem_pestat] (25, 50, 75) percentile: (185, 253, 669)
[M::mem_pestat] low and high boundaries for computing mean and std.dev: (1, 1637)
[M::mem_pestat] mean and std.dev: (323.87, 243.82)
[M::mem_pestat] low and high boundaries for proper pairs: (1, 2121)
[M::mem_pestat] skip orientation FF
[M::mem_pestat] skip orientation RR
[M::mem_process_seqs] Processed 266668 reads in 387.306 CPU sec, 96.924 real sec
[M::process] read 266668 sequences (40000200 bp)...
[M::mem_pestat] # candidate unique pairs for (FF, FR, RF, RR): (22, 8747, 10, 16)
[M::mem_pestat] analyzing insert size distribution for orientation FF...
[M::mem_pestat] (25, 50, 75) percentile: (138, 182, 305)
[M::mem_pestat] low and high boundaries for computing mean and std.dev: (1, 639)
[M::mem_pestat] mean and std.dev: (172.11, 80.74)
[M::mem_pestat] low and high boundaries for proper pairs: (1, 806)
[M::mem_pestat] analyzing insert size distribution for orientation FR...
[M::mem_pestat] (25, 50, 75) percentile: (231, 505, 531)
[M::mem_pestat] low and high boundaries for computing mean and std.dev: (1, 1131)
[M::mem_pestat] mean and std.dev: (401.20, 173.87)
[M::mem_pestat] low and high boundaries for proper pairs: (1, 1431)
[M::mem_pestat] analyzing insert size distribution for orientation RF...
[M::mem_pestat] (25, 50, 75) percentile: (126, 1022, 4707)
[M::mem_pestat] low and high boundaries for computing mean and std.dev: (1, 13869)
[M::mem_pestat] mean and std.dev: (2251.40, 2869.90)
[M::mem_pestat] low and high boundaries for proper pairs: (1, 18450)
[M::mem_pestat] analyzing insert size distribution for orientation RR...
[M::mem_pestat] (25, 50, 75) percentile: (154, 269, 793)
[M::mem_pestat] low and high boundaries for computing mean and std.dev: (1, 2071)
[M::mem_pestat] mean and std.dev: (389.64, 361.29)
[M::mem_pestat] low and high boundaries for proper pairs: (1, 2710)
[M::mem_pestat] skip orientation FF
[M::mem_pestat] skip orientation RF
[M::mem_pestat] skip orientation RR
[M::mem_process_seqs] Processed 266668 reads in 384.544 CPU sec, 96.234 real sec
[M::process] read 266668 sequences (40000200 bp)...
[M::mem_pestat] # candidate unique pairs for (FF, FR, RF, RR): (23, 8767, 7, 14)
[M::mem_pestat] analyzing insert size distribution for orientation FF...
[M::mem_pestat] (25, 50, 75) percentile: (117, 201, 373)
[M::mem_pestat] low and high boundaries for computing mean and std.dev: (1, 885)
[M::mem_pestat] mean and std.dev: (167.56, 100.44)
[M::mem_pestat] low and high boundaries for proper pairs: (1, 1141)
[M::mem_pestat] analyzing insert size distribution for orientation FR...
[M::mem_pestat] (25, 50, 75) percentile: (230, 505, 531)
[M::mem_pestat] low and high boundaries for computing mean and std.dev: (1, 1133)
[M::mem_pestat] mean and std.dev: (401.90, 175.69)
[M::mem_pestat] low and high boundaries for proper pairs: (1, 1434)
[M::mem_pestat] skip orientation RF as there are not enough pairs
[M::mem_pestat] analyzing insert size distribution for orientation RR...
[M::mem_pestat] (25, 50, 75) percentile: (185, 318, 853)
[M::mem_pestat] low and high boundaries for computing mean and std.dev: (1, 2189)
[M::mem_pestat] mean and std.dev: (468.17, 533.00)
[M::mem_pestat] low and high boundaries for proper pairs: (1, 2857)
[M::mem_pestat] skip orientation FF
[M::mem_pestat] skip orientation RR
[M::mem_process_seqs] Processed 266668 reads in 389.871 CPU sec, 97.565 real sec
[M::process] read 266668 sequences (40000200 bp)...
[M::mem_pestat] # candidate unique pairs for (FF, FR, RF, RR): (25, 8621, 4, 18)
[M::mem_pestat] analyzing insert size distribution for orientation FF...
[M::mem_pestat] (25, 50, 75) percentile: (112, 171, 770)
[M::mem_pestat] low and high boundaries for computing mean and std.dev: (1, 2086)
[M::mem_pestat] mean and std.dev: (370.24, 465.47)
[M::mem_pestat] low and high boundaries for proper pairs: (1, 2744)
[M::mem_pestat] analyzing insert size distribution for orientation FR...
[M::mem_pestat] (25, 50, 75) percentile: (236, 506, 533)
[M::mem_pestat] low and high boundaries for computing mean and std.dev: (1, 1127)
[M::mem_pestat] mean and std.dev: (406.72, 174.15)
[M::mem_pestat] low and high boundaries for proper pairs: (1, 1424)
[M::mem_pestat] skip orientation RF as there are not enough pairs
[M::mem_pestat] analyzing insert size distribution for orientation RR...
[M::mem_pestat] (25, 50, 75) percentile: (163, 243, 807)
[M::mem_pestat] low and high boundaries for computing mean and std.dev: (1, 2095)
[M::mem_pestat] mean and std.dev: (438.24, 435.23)
[M::mem_pestat] low and high boundaries for proper pairs: (1, 2739)
[M::mem_pestat] skip orientation FF
[M::mem_pestat] skip orientation RR
[M::mem_process_seqs] Processed 266668 reads in 392.385 CPU sec, 98.211 real sec
[M::process] read 266668 sequences (40000200 bp)...
[M::mem_pestat] # candidate unique pairs for (FF, FR, RF, RR): (27, 8688, 10, 20)
[M::mem_pestat] analyzing insert size distribution for orientation FF...
[M::mem_pestat] (25, 50, 75) percentile: (82, 207, 1004)
[M::mem_pestat] low and high boundaries for computing mean and std.dev: (1, 2848)
[M::mem_pestat] mean and std.dev: (438.28, 576.66)
[M::mem_pestat] low and high boundaries for proper pairs: (1, 3770)
[M::mem_pestat] analyzing insert size distribution for orientation FR...
[M::mem_pestat] (25, 50, 75) percentile: (234, 506, 532)
[M::mem_pestat] low and high boundaries for computing mean and std.dev: (1, 1128)
[M::mem_pestat] mean and std.dev: (403.88, 174.69)
[M::mem_pestat] low and high boundaries for proper pairs: (1, 1426)
[M::mem_pestat] analyzing insert size distribution for orientation RF...
[M::mem_pestat] (25, 50, 75) percentile: (99, 952, 1965)
[M::mem_pestat] low and high boundaries for computing mean and std.dev: (1, 5697)
[M::mem_pestat] mean and std.dev: (1144.40, 1242.99)
[M::mem_pestat] low and high boundaries for proper pairs: (1, 7563)
[M::mem_pestat] analyzing insert size distribution for orientation RR...
[M::mem_pestat] (25, 50, 75) percentile: (239, 395, 1157)
[M::mem_pestat] low and high boundaries for computing mean and std.dev: (1, 2993)
[M::mem_pestat] mean and std.dev: (594.74, 511.61)
[M::mem_pestat] low and high boundaries for proper pairs: (1, 3911)
[M::mem_pestat] skip orientation FF
[M::mem_pestat] skip orientation RF
[M::mem_pestat] skip orientation RR
[M::mem_process_seqs] Processed 266668 reads in 384.298 CPU sec, 96.178 real sec
[M::process] read 266668 sequences (40000200 bp)...
[M::mem_pestat] # candidate unique pairs for (FF, FR, RF, RR): (32, 8709, 7, 8)
[M::mem_pestat] analyzing insert size distribution for orientation FF...
[M::mem_pestat] (25, 50, 75) percentile: (100, 166, 754)
[M::mem_pestat] low and high boundaries for computing mean and std.dev: (1, 2062)
[M::mem_pestat] mean and std.dev: (460.52, 543.56)
[M::mem_pestat] low and high boundaries for proper pairs: (1, 2716)
[M::mem_pestat] analyzing insert size distribution for orientation FR...
[M::mem_pestat] (25, 50, 75) percentile: (237, 506, 532)
[M::mem_pestat] low and high boundaries for computing mean and std.dev: (1, 1122)
[M::mem_pestat] mean and std.dev: (405.77, 174.95)
[M::mem_pestat] low and high boundaries for proper pairs: (1, 1417)
[M::mem_pestat] skip orientation RF as there are not enough pairs
[M::mem_pestat] skip orientation RR as there are not enough pairs
[M::mem_pestat] skip orientation FF
[M::mem_process_seqs] Processed 266668 reads in 384.133 CPU sec, 96.228 real sec
[M::process] read 266668 sequences (40000200 bp)...
[M::mem_pestat] # candidate unique pairs for (FF, FR, RF, RR): (34, 8821, 3, 19)
[M::mem_pestat] analyzing insert size distribution for orientation FF...
[M::mem_pestat] (25, 50, 75) percentile: (90, 182, 311)
[M::mem_pestat] low and high boundaries for computing mean and std.dev: (1, 753)
[M::mem_pestat] mean and std.dev: (155.07, 78.11)
[M::mem_pestat] low and high boundaries for proper pairs: (1, 974)
[M::mem_pestat] analyzing insert size distribution for orientation FR...
[M::mem_pestat] (25, 50, 75) percentile: (250, 506, 532)
[M::mem_pestat] low and high boundaries for computing mean and std.dev: (1, 1096)
[M::mem_pestat] mean and std.dev: (410.12, 172.51)
[M::mem_pestat] low and high boundaries for proper pairs: (1, 1378)
[M::mem_pestat] skip orientation RF as there are not enough pairs
[M::mem_pestat] analyzing insert size distribution for orientation RR...
[M::mem_pestat] (25, 50, 75) percentile: (227, 730, 1187)
[M::mem_pestat] low and high boundaries for computing mean and std.dev: (1, 3107)
[M::mem_pestat] mean and std.dev: (743.39, 657.35)
[M::mem_pestat] low and high boundaries for proper pairs: (1, 4067)
[M::mem_pestat] skip orientation FF
[M::mem_pestat] skip orientation RR
[M::mem_process_seqs] Processed 266668 reads in 374.701 CPU sec, 93.762 real sec
[M::process] read 266668 sequences (40000200 bp)...
[M::mem_pestat] # candidate unique pairs for (FF, FR, RF, RR): (28, 8985, 1, 10)
[M::mem_pestat] analyzing insert size distribution for orientation FF...
[M::mem_pestat] (25, 50, 75) percentile: (123, 167, 504)
[M::mem_pestat] low and high boundaries for computing mean and std.dev: (1, 1266)
[M::mem_pestat] mean and std.dev: (295.15, 276.86)
[M::mem_pestat] low and high boundaries for proper pairs: (1, 1647)
[M::mem_pestat] analyzing insert size distribution for orientation FR...
[M::mem_pestat] (25, 50, 75) percentile: (230, 506, 533)
[M::mem_pestat] low and high boundaries for computing mean and std.dev: (1, 1139)
[M::mem_pestat] mean and std.dev: (403.52, 175.44)
[M::mem_pestat] low and high boundaries for proper pairs: (1, 1442)
[M::mem_pestat] skip orientation RF as there are not enough pairs
[M::mem_pestat] analyzing insert size distribution for orientation RR...
[M::mem_pestat] (25, 50, 75) percentile: (629, 768, 1694)
[M::mem_pestat] low and high boundaries for computing mean and std.dev: (1, 3824)
[M::mem_pestat] mean and std.dev: (840.11, 579.22)
[M::mem_pestat] low and high boundaries for proper pairs: (1, 4889)
[M::mem_pestat] skip orientation FF
[M::mem_pestat] skip orientation RR
[M::mem_process_seqs] Processed 266668 reads in 390.929 CPU sec, 97.923 real sec
[M::process] read 266668 sequences (40000200 bp)...
[M::mem_pestat] # candidate unique pairs for (FF, FR, RF, RR): (24, 8767, 6, 14)
[M::mem_pestat] analyzing insert size distribution for orientation FF...
[M::mem_pestat] (25, 50, 75) percentile: (149, 213, 905)
[M::mem_pestat] low and high boundaries for computing mean and std.dev: (1, 2417)
[M::mem_pestat] mean and std.dev: (468.59, 583.80)
[M::mem_pestat] low and high boundaries for proper pairs: (1, 3173)
[M::mem_pestat] analyzing insert size distribution for orientation FR...
[M::mem_pestat] (25, 50, 75) percentile: (239, 505, 531)
[M::mem_pestat] low and high boundaries for computing mean and std.dev: (1, 1115)
[M::mem_pestat] mean and std.dev: (404.21, 173.80)
[M::mem_pestat] low and high boundaries for proper pairs: (1, 1407)
[M::mem_pestat] skip orientation RF as there are not enough pairs
[M::mem_pestat] analyzing insert size distribution for orientation RR...
[M::mem_pestat] (25, 50, 75) percentile: (215, 915, 1435)
[M::mem_pestat] low and high boundaries for computing mean and std.dev: (1, 3875)
[M::mem_pestat] mean and std.dev: (914.00, 863.18)
[M::mem_pestat] low and high boundaries for proper pairs: (1, 5095)
[M::mem_pestat] skip orientation FF
[M::mem_pestat] skip orientation RR
[M::mem_process_seqs] Processed 266668 reads in 388.348 CPU sec, 97.203 real sec
[M::process] read 266668 sequences (40000200 bp)...
[M::mem_pestat] # candidate unique pairs for (FF, FR, RF, RR): (28, 8882, 8, 21)
[M::mem_pestat] analyzing insert size distribution for orientation FF...
[M::mem_pestat] (25, 50, 75) percentile: (112, 168, 290)
[M::mem_pestat] low and high boundaries for computing mean and std.dev: (1, 646)
[M::mem_pestat] mean and std.dev: (173.54, 130.61)
[M::mem_pestat] low and high boundaries for proper pairs: (1, 824)
[M::mem_pestat] analyzing insert size distribution for orientation FR...
[M::mem_pestat] (25, 50, 75) percentile: (238, 506, 533)
[M::mem_pestat] low and high boundaries for computing mean and std.dev: (1, 1123)
[M::mem_pestat] mean and std.dev: (406.13, 173.76)
[M::mem_pestat] low and high boundaries for proper pairs: (1, 1418)
[M::mem_pestat] skip orientation RF as there are not enough pairs
[M::mem_pestat] analyzing insert size distribution for orientation RR...
[M::mem_pestat] (25, 50, 75) percentile: (146, 607, 1250)
[M::mem_pestat] low and high boundaries for computing mean and std.dev: (1, 3458)
[M::mem_pestat] mean and std.dev: (748.90, 750.77)
[M::mem_pestat] low and high boundaries for proper pairs: (1, 4562)
[M::mem_pestat] skip orientation FF
[M::mem_pestat] skip orientation RR
[M::mem_process_seqs] Processed 266668 reads in 384.724 CPU sec, 96.322 real sec
[M::process] read 266668 sequences (40000200 bp)...
[M::mem_pestat] # candidate unique pairs for (FF, FR, RF, RR): (28, 8730, 6, 17)
[M::mem_pestat] analyzing insert size distribution for orientation FF...
[M::mem_pestat] (25, 50, 75) percentile: (155, 196, 286)
[M::mem_pestat] low and high boundaries for computing mean and std.dev: (1, 548)
[M::mem_pestat] mean and std.dev: (179.68, 60.46)
[M::mem_pestat] low and high boundaries for proper pairs: (1, 679)
[M::mem_pestat] analyzing insert size distribution for orientation FR...
[M::mem_pestat] (25, 50, 75) percentile: (243, 506, 532)
[M::mem_pestat] low and high boundaries for computing mean and std.dev: (1, 1110)
[M::mem_pestat] mean and std.dev: (406.72, 173.44)
[M::mem_pestat] low and high boundaries for proper pairs: (1, 1399)
[M::mem_pestat] skip orientation RF as there are not enough pairs
[M::mem_pestat] analyzing insert size distribution for orientation RR...
[M::mem_pestat] (25, 50, 75) percentile: (167, 768, 1953)
[M::mem_pestat] low and high boundaries for computing mean and std.dev: (1, 5525)
[M::mem_pestat] mean and std.dev: (937.31, 1058.78)
[M::mem_pestat] low and high boundaries for proper pairs: (1, 7311)
[M::mem_pestat] skip orientation FF
[M::mem_pestat] skip orientation RR
[M::mem_process_seqs] Processed 266668 reads in 381.168 CPU sec, 95.418 real sec
[M::process] read 266668 sequences (40000200 bp)...
[M::mem_pestat] # candidate unique pairs for (FF, FR, RF, RR): (28, 8775, 7, 14)
[M::mem_pestat] analyzing insert size distribution for orientation FF...
[M::mem_pestat] (25, 50, 75) percentile: (117, 198, 752)
[M::mem_pestat] low and high boundaries for computing mean and std.dev: (1, 2022)
[M::mem_pestat] mean and std.dev: (352.65, 402.76)
[M::mem_pestat] low and high boundaries for proper pairs: (1, 2657)
[M::mem_pestat] analyzing insert size distribution for orientation FR...
[M::mem_pestat] (25, 50, 75) percentile: (236, 506, 532)
[M::mem_pestat] low and high boundaries for computing mean and std.dev: (1, 1124)
[M::mem_pestat] mean and std.dev: (404.00, 174.53)
[M::mem_pestat] low and high boundaries for proper pairs: (1, 1420)
[M::mem_pestat] skip orientation RF as there are not enough pairs
[M::mem_pestat] analyzing insert size distribution for orientation RR...
[M::mem_pestat] (25, 50, 75) percentile: (196, 702, 1522)
[M::mem_pestat] low and high boundaries for computing mean and std.dev: (1, 4174)
[M::mem_pestat] mean and std.dev: (940.43, 930.86)
[M::mem_pestat] low and high boundaries for proper pairs: (1, 5500)
[M::mem_pestat] skip orientation FF
[M::mem_pestat] skip orientation RR
[M::mem_process_seqs] Processed 266668 reads in 385.026 CPU sec, 96.412 real sec
[M::process] read 266668 sequences (40000200 bp)...
[M::mem_pestat] # candidate unique pairs for (FF, FR, RF, RR): (28, 8829, 6, 22)
[M::mem_pestat] analyzing insert size distribution for orientation FF...
[M::mem_pestat] (25, 50, 75) percentile: (100, 181, 317)
[M::mem_pestat] low and high boundaries for computing mean and std.dev: (1, 751)
[M::mem_pestat] mean and std.dev: (185.54, 142.61)
[M::mem_pestat] low and high boundaries for proper pairs: (1, 968)
[M::mem_pestat] analyzing insert size distribution for orientation FR...
[M::mem_pestat] (25, 50, 75) percentile: (239, 506, 532)
[M::mem_pestat] low and high boundaries for computing mean and std.dev: (1, 1118)
[M::mem_pestat] mean and std.dev: (405.76, 173.80)
[M::mem_pestat] low and high boundaries for proper pairs: (1, 1411)
[M::mem_pestat] skip orientation RF as there are not enough pairs
[M::mem_pestat] analyzing insert size distribution for orientation RR...
[M::mem_pestat] (25, 50, 75) percentile: (122, 401, 842)
[M::mem_pestat] low and high boundaries for computing mean and std.dev: (1, 2282)
[M::mem_pestat] mean and std.dev: (544.38, 478.64)
[M::mem_pestat] low and high boundaries for proper pairs: (1, 3002)
[M::mem_pestat] skip orientation FF
[M::mem_pestat] skip orientation RR
[M::mem_process_seqs] Processed 266668 reads in 381.636 CPU sec, 95.530 real sec
[M::process] read 266668 sequences (40000200 bp)...
[M::mem_pestat] # candidate unique pairs for (FF, FR, RF, RR): (21, 8735, 8, 16)
[M::mem_pestat] analyzing insert size distribution for orientation FF...
[M::mem_pestat] (25, 50, 75) percentile: (115, 176, 899)
[M::mem_pestat] low and high boundaries for computing mean and std.dev: (1, 2467)
[M::mem_pestat] mean and std.dev: (337.70, 392.53)
[M::mem_pestat] low and high boundaries for proper pairs: (1, 3251)
[M::mem_pestat] analyzing insert size distribution for orientation FR...
[M::mem_pestat] (25, 50, 75) percentile: (236, 506, 532)
[M::mem_pestat] low and high boundaries for computing mean and std.dev: (1, 1124)
[M::mem_pestat] mean and std.dev: (406.71, 174.63)
[M::mem_pestat] low and high boundaries for proper pairs: (1, 1420)
[M::mem_pestat] skip orientation RF as there are not enough pairs
[M::mem_pestat] analyzing insert size distribution for orientation RR...
[M::mem_pestat] (25, 50, 75) percentile: (195, 991, 1776)
[M::mem_pestat] low and high boundaries for computing mean and std.dev: (1, 4938)
[M::mem_pestat] mean and std.dev: (915.33, 867.75)
[M::mem_pestat] low and high boundaries for proper pairs: (1, 6519)
[M::mem_pestat] skip orientation FF
[M::mem_pestat] skip orientation RR
[M::mem_process_seqs] Processed 266668 reads in 388.354 CPU sec, 97.229 real sec
[M::process] read 266668 sequences (40000200 bp)...
[M::mem_pestat] # candidate unique pairs for (FF, FR, RF, RR): (27, 8696, 4, 17)
[M::mem_pestat] analyzing insert size distribution for orientation FF...
[M::mem_pestat] (25, 50, 75) percentile: (129, 161, 421)
[M::mem_pestat] low and high boundaries for computing mean and std.dev: (1, 1005)
[M::mem_pestat] mean and std.dev: (253.64, 223.84)
[M::mem_pestat] low and high boundaries for proper pairs: (1, 1297)
[M::mem_pestat] analyzing insert size distribution for orientation FR...
[M::mem_pestat] (25, 50, 75) percentile: (235, 506, 532)
[M::mem_pestat] low and high boundaries for computing mean and std.dev: (1, 1126)
[M::mem_pestat] mean and std.dev: (405.73, 174.49)
[M::mem_pestat] low and high boundaries for proper pairs: (1, 1423)
[M::mem_pestat] skip orientation RF as there are not enough pairs
[M::mem_pestat] analyzing insert size distribution for orientation RR...
[M::mem_pestat] (25, 50, 75) percentile: (285, 607, 1959)
[M::mem_pestat] low and high boundaries for computing mean and std.dev: (1, 5307)
[M::mem_pestat] mean and std.dev: (919.00, 833.01)
[M::mem_pestat] low and high boundaries for proper pairs: (1, 6981)
[M::mem_pestat] skip orientation FF
[M::mem_pestat] skip orientation RR
[M::mem_process_seqs] Processed 266668 reads in 388.276 CPU sec, 97.194 real sec
[M::process] read 266668 sequences (40000200 bp)...
[M::mem_pestat] # candidate unique pairs for (FF, FR, RF, RR): (21, 8826, 2, 17)
[M::mem_pestat] analyzing insert size distribution for orientation FF...
[M::mem_pestat] (25, 50, 75) percentile: (131, 237, 638)
[M::mem_pestat] low and high boundaries for computing mean and std.dev: (1, 1652)
[M::mem_pestat] mean and std.dev: (362.89, 373.42)
[M::mem_pestat] low and high boundaries for proper pairs: (1, 2159)
[M::mem_pestat] analyzing insert size distribution for orientation FR...
[M::mem_pestat] (25, 50, 75) percentile: (228, 506, 530)
[M::mem_pestat] low and high boundaries for computing mean and std.dev: (1, 1134)
[M::mem_pestat] mean and std.dev: (402.63, 175.72)
[M::mem_pestat] low and high boundaries for proper pairs: (1, 1436)
[M::mem_pestat] skip orientation RF as there are not enough pairs
[M::mem_pestat] analyzing insert size distribution for orientation RR...
[M::mem_pestat] (25, 50, 75) percentile: (176, 256, 901)
[M::mem_pestat] low and high boundaries for computing mean and std.dev: (1, 2351)
[M::mem_pestat] mean and std.dev: (329.57, 230.98)
[M::mem_pestat] low and high boundaries for proper pairs: (1, 3076)
[M::mem_pestat] skip orientation FF
[M::mem_pestat] skip orientation RR
[M::mem_process_seqs] Processed 266668 reads in 389.903 CPU sec, 97.612 real sec
[M::process] read 266668 sequences (40000200 bp)...
[M::mem_pestat] # candidate unique pairs for (FF, FR, RF, RR): (22, 8677, 2, 16)
[M::mem_pestat] analyzing insert size distribution for orientation FF...
[M::mem_pestat] (25, 50, 75) percentile: (93, 210, 512)
[M::mem_pestat] low and high boundaries for computing mean and std.dev: (1, 1350)
[M::mem_pestat] mean and std.dev: (298.52, 302.54)
[M::mem_pestat] low and high boundaries for proper pairs: (1, 1769)
[M::mem_pestat] analyzing insert size distribution for orientation FR...
[M::mem_pestat] (25, 50, 75) percentile: (235, 506, 532)
[M::mem_pestat] low and high boundaries for computing mean and std.dev: (1, 1126)
[M::mem_pestat] mean and std.dev: (405.11, 174.94)
[M::mem_pestat] low and high boundaries for proper pairs: (1, 1423)
[M::mem_pestat] skip orientation RF as there are not enough pairs
[M::mem_pestat] analyzing insert size distribution for orientation RR...
[M::mem_pestat] (25, 50, 75) percentile: (130, 599, 932)
[M::mem_pestat] low and high boundaries for computing mean and std.dev: (1, 2536)
[M::mem_pestat] mean and std.dev: (606.93, 648.99)
[M::mem_pestat] low and high boundaries for proper pairs: (1, 3338)
[M::mem_pestat] skip orientation FF
[M::mem_pestat] skip orientation RR
[M::mem_process_seqs] Processed 266668 reads in 384.807 CPU sec, 96.349 real sec
[M::process] read 266668 sequences (40000200 bp)...
[M::mem_pestat] # candidate unique pairs for (FF, FR, RF, RR): (28, 8749, 2, 11)
[M::mem_pestat] analyzing insert size distribution for orientation FF...
[M::mem_pestat] (25, 50, 75) percentile: (152, 251, 985)
[M::mem_pestat] low and high boundaries for computing mean and std.dev: (1, 2651)
[M::mem_pestat] mean and std.dev: (542.86, 628.44)
[M::mem_pestat] low and high boundaries for proper pairs: (1, 3484)
[M::mem_pestat] analyzing insert size distribution for orientation FR...
[M::mem_pestat] (25, 50, 75) percentile: (226, 504, 530)
[M::mem_pestat] low and high boundaries for computing mean and std.dev: (1, 1138)
[M::mem_pestat] mean and std.dev: (399.18, 174.92)
[M::mem_pestat] low and high boundaries for proper pairs: (1, 1442)
[M::mem_pestat] skip orientation RF as there are not enough pairs
[M::mem_pestat] analyzing insert size distribution for orientation RR...
[M::mem_pestat] (25, 50, 75) percentile: (154, 233, 598)
[M::mem_pestat] low and high boundaries for computing mean and std.dev: (1, 1486)
[M::mem_pestat] mean and std.dev: (360.10, 397.32)
[M::mem_pestat] low and high boundaries for proper pairs: (1, 1949)
[M::mem_pestat] skip orientation FF
[M::mem_pestat] skip orientation RR
[M::mem_process_seqs] Processed 266668 reads in 388.878 CPU sec, 97.344 real sec
[M::process] read 266668 sequences (40000200 bp)...
[M::mem_pestat] # candidate unique pairs for (FF, FR, RF, RR): (24, 8733, 5, 16)
[M::mem_pestat] analyzing insert size distribution for orientation FF...
[M::mem_pestat] (25, 50, 75) percentile: (122, 163, 347)
[M::mem_pestat] low and high boundaries for computing mean and std.dev: (1, 797)
[M::mem_pestat] mean and std.dev: (164.53, 71.92)
[M::mem_pestat] low and high boundaries for proper pairs: (1, 1022)
[M::mem_pestat] analyzing insert size distribution for orientation FR...
[M::mem_pestat] (25, 50, 75) percentile: (237, 506, 533)
[M::mem_pestat] low and high boundaries for computing mean and std.dev: (1, 1125)
[M::mem_pestat] mean and std.dev: (404.50, 175.00)
[M::mem_pestat] low and high boundaries for proper pairs: (1, 1421)
[M::mem_pestat] skip orientation RF as there are not enough pairs
[M::mem_pestat] analyzing insert size distribution for orientation RR...
[M::mem_pestat] (25, 50, 75) percentile: (539, 801, 1432)
[M::mem_pestat] low and high boundaries for computing mean and std.dev: (1, 3218)
[M::mem_pestat] mean and std.dev: (959.81, 733.23)
[M::mem_pestat] low and high boundaries for proper pairs: (1, 4111)
[M::mem_pestat] skip orientation FF
[M::mem_pestat] skip orientation RR
[M::mem_process_seqs] Processed 266668 reads in 382.416 CPU sec, 95.729 real sec
[M::process] read 266668 sequences (40000200 bp)...
[M::mem_pestat] # candidate unique pairs for (FF, FR, RF, RR): (25, 8741, 4, 10)
[M::mem_pestat] analyzing insert size distribution for orientation FF...
[M::mem_pestat] (25, 50, 75) percentile: (83, 201, 297)
[M::mem_pestat] low and high boundaries for computing mean and std.dev: (1, 725)
[M::mem_pestat] mean and std.dev: (193.78, 128.04)
[M::mem_pestat] low and high boundaries for proper pairs: (1, 939)
[M::mem_pestat] analyzing insert size distribution for orientation FR...
[M::mem_pestat] (25, 50, 75) percentile: (239, 505, 531)
[M::mem_pestat] low and high boundaries for computing mean and std.dev: (1, 1115)
[M::mem_pestat] mean and std.dev: (404.74, 173.89)
[M::mem_pestat] low and high boundaries for proper pairs: (1, 1407)
[M::mem_pestat] skip orientation RF as there are not enough pairs
[M::mem_pestat] analyzing insert size distribution for orientation RR...
[M::mem_pestat] (25, 50, 75) percentile: (115, 364, 1900)
[M::mem_pestat] low and high boundaries for computing mean and std.dev: (1, 5470)
[M::mem_pestat] mean and std.dev: (863.60, 1026.00)
[M::mem_pestat] low and high boundaries for proper pairs: (1, 7255)
[M::mem_pestat] skip orientation FF
[M::mem_pestat] skip orientation RR
[M::mem_process_seqs] Processed 266668 reads in 387.716 CPU sec, 97.048 real sec
[M::process] read 266668 sequences (40000200 bp)...
[M::mem_pestat] # candidate unique pairs for (FF, FR, RF, RR): (22, 8754, 2, 12)
[M::mem_pestat] analyzing insert size distribution for orientation FF...
[M::mem_pestat] (25, 50, 75) percentile: (126, 181, 281)
[M::mem_pestat] low and high boundaries for computing mean and std.dev: (1, 591)
[M::mem_pestat] mean and std.dev: (190.37, 93.55)
[M::mem_pestat] low and high boundaries for proper pairs: (1, 746)
[M::mem_pestat] analyzing insert size distribution for orientation FR...
[M::mem_pestat] (25, 50, 75) percentile: (233, 505, 531)
[M::mem_pestat] low and high boundaries for computing mean and std.dev: (1, 1127)
[M::mem_pestat] mean and std.dev: (403.31, 174.80)
[M::mem_pestat] low and high boundaries for proper pairs: (1, 1425)
[M::mem_pestat] skip orientation RF as there are not enough pairs
[M::mem_pestat] analyzing insert size distribution for orientation RR...
[M::mem_pestat] (25, 50, 75) percentile: (865, 1898, 4152)
[M::mem_pestat] low and high boundaries for computing mean and std.dev: (1, 10726)
[M::mem_pestat] mean and std.dev: (2396.92, 2132.90)
[M::mem_pestat] low and high boundaries for proper pairs: (1, 14013)
[M::mem_pestat] skip orientation FF
[M::mem_pestat] skip orientation RR
[M::mem_process_seqs] Processed 266668 reads in 386.590 CPU sec, 96.803 real sec
[M::process] read 266668 sequences (40000200 bp)...
[M::mem_pestat] # candidate unique pairs for (FF, FR, RF, RR): (19, 8878, 4, 20)
[M::mem_pestat] analyzing insert size distribution for orientation FF...
[M::mem_pestat] (25, 50, 75) percentile: (124, 193, 320)
[M::mem_pestat] low and high boundaries for computing mean and std.dev: (1, 712)
[M::mem_pestat] mean and std.dev: (217.47, 136.34)
[M::mem_pestat] low and high boundaries for proper pairs: (1, 908)
[M::mem_pestat] analyzing insert size distribution for orientation FR...
[M::mem_pestat] (25, 50, 75) percentile: (234, 505, 532)
[M::mem_pestat] low and high boundaries for computing mean and std.dev: (1, 1128)
[M::mem_pestat] mean and std.dev: (404.79, 175.07)
[M::mem_pestat] low and high boundaries for proper pairs: (1, 1426)
[M::mem_pestat] skip orientation RF as there are not enough pairs
[M::mem_pestat] analyzing insert size distribution for orientation RR...
[M::mem_pestat] (25, 50, 75) percentile: (229, 463, 1286)
[M::mem_pestat] low and high boundaries for computing mean and std.dev: (1, 3400)
[M::mem_pestat] mean and std.dev: (643.37, 580.63)
[M::mem_pestat] low and high boundaries for proper pairs: (1, 4457)
[M::mem_pestat] skip orientation FF
[M::mem_pestat] skip orientation RR
[M::mem_process_seqs] Processed 266668 reads in 386.921 CPU sec, 96.872 real sec
[M::process] read 266668 sequences (40000200 bp)...
[M::mem_pestat] # candidate unique pairs for (FF, FR, RF, RR): (28, 8680, 5, 14)
[M::mem_pestat] analyzing insert size distribution for orientation FF...
[M::mem_pestat] (25, 50, 75) percentile: (101, 152, 886)
[M::mem_pestat] low and high boundaries for computing mean and std.dev: (1, 2456)
[M::mem_pestat] mean and std.dev: (441.32, 534.27)
[M::mem_pestat] low and high boundaries for proper pairs: (1, 3241)
[M::mem_pestat] analyzing insert size distribution for orientation FR...
[M::mem_pestat] (25, 50, 75) percentile: (237, 506, 533)
[M::mem_pestat] low and high boundaries for computing mean and std.dev: (1, 1125)
[M::mem_pestat] mean and std.dev: (406.67, 174.74)
[M::mem_pestat] low and high boundaries for proper pairs: (1, 1421)
[M::mem_pestat] skip orientation RF as there are not enough pairs
[M::mem_pestat] analyzing insert size distribution for orientation RR...
[M::mem_pestat] (25, 50, 75) percentile: (226, 753, 1060)
[M::mem_pestat] low and high boundaries for computing mean and std.dev: (1, 2728)
[M::mem_pestat] mean and std.dev: (591.38, 388.51)
[M::mem_pestat] low and high boundaries for proper pairs: (1, 3562)
[M::mem_pestat] skip orientation FF
[M::mem_pestat] skip orientation RR
[M::mem_process_seqs] Processed 266668 reads in 388.754 CPU sec, 97.348 real sec
[M::process] read 266668 sequences (40000200 bp)...
[M::mem_pestat] # candidate unique pairs for (FF, FR, RF, RR): (30, 8731, 4, 18)
[M::mem_pestat] analyzing insert size distribution for orientation FF...
[M::mem_pestat] (25, 50, 75) percentile: (83, 161, 280)
[M::mem_pestat] low and high boundaries for computing mean and std.dev: (1, 674)
[M::mem_pestat] mean and std.dev: (128.61, 63.98)
[M::mem_pestat] low and high boundaries for proper pairs: (1, 871)
[M::mem_pestat] analyzing insert size distribution for orientation FR...
[M::mem_pestat] (25, 50, 75) percentile: (239, 506, 531)
[M::mem_pestat] low and high boundaries for computing mean and std.dev: (1, 1115)
[M::mem_pestat] mean and std.dev: (405.36, 174.44)
[M::mem_pestat] low and high boundaries for proper pairs: (1, 1407)
[M::mem_pestat] skip orientation RF as there are not enough pairs
[M::mem_pestat] analyzing insert size distribution for orientation RR...
[M::mem_pestat] (25, 50, 75) percentile: (553, 999, 1721)
[M::mem_pestat] low and high boundaries for computing mean and std.dev: (1, 4057)
[M::mem_pestat] mean and std.dev: (1058.25, 861.03)
[M::mem_pestat] low and high boundaries for proper pairs: (1, 5225)
[M::mem_pestat] skip orientation FF
[M::mem_pestat] skip orientation RR
[M::mem_process_seqs] Processed 266668 reads in 386.360 CPU sec, 96.746 real sec
[M::process] read 266668 sequences (40000200 bp)...
[M::mem_pestat] # candidate unique pairs for (FF, FR, RF, RR): (32, 8809, 2, 22)
[M::mem_pestat] analyzing insert size distribution for orientation FF...
[M::mem_pestat] (25, 50, 75) percentile: (95, 160, 764)
[M::mem_pestat] low and high boundaries for computing mean and std.dev: (1, 2102)
[M::mem_pestat] mean and std.dev: (296.03, 412.59)
[M::mem_pestat] low and high boundaries for proper pairs: (1, 2771)
[M::mem_pestat] analyzing insert size distribution for orientation FR...
[M::mem_pestat] (25, 50, 75) percentile: (234, 506, 533)
[M::mem_pestat] low and high boundaries for computing mean and std.dev: (1, 1131)
[M::mem_pestat] mean and std.dev: (404.90, 174.65)
[M::mem_pestat] low and high boundaries for proper pairs: (1, 1430)
[M::mem_pestat] skip orientation RF as there are not enough pairs
[M::mem_pestat] analyzing insert size distribution for orientation RR...
[M::mem_pestat] (25, 50, 75) percentile: (220, 861, 1404)
[M::mem_pestat] low and high boundaries for computing mean and std.dev: (1, 3772)
[M::mem_pestat] mean and std.dev: (826.65, 827.32)
[M::mem_pestat] low and high boundaries for proper pairs: (1, 4956)
[M::mem_pestat] skip orientation FF
[M::mem_pestat] skip orientation RR
[M::mem_process_seqs] Processed 266668 reads in 391.030 CPU sec, 97.929 real sec
[M::process] read 266668 sequences (40000200 bp)...
[M::mem_pestat] # candidate unique pairs for (FF, FR, RF, RR): (22, 8803, 6, 15)
[M::mem_pestat] analyzing insert size distribution for orientation FF...
[M::mem_pestat] (25, 50, 75) percentile: (110, 153, 278)
[M::mem_pestat] low and high boundaries for computing mean and std.dev: (1, 614)
[M::mem_pestat] mean and std.dev: (170.94, 90.11)
[M::mem_pestat] low and high boundaries for proper pairs: (1, 782)
[M::mem_pestat] analyzing insert size distribution for orientation FR...
[M::mem_pestat] (25, 50, 75) percentile: (241, 506, 532)
[M::mem_pestat] low and high boundaries for computing mean and std.dev: (1, 1114)
[M::mem_pestat] mean and std.dev: (407.25, 174.72)
[M::mem_pestat] low and high boundaries for proper pairs: (1, 1405)
[M::mem_pestat] skip orientation RF as there are not enough pairs
[M::mem_pestat] analyzing insert size distribution for orientation RR...
[M::mem_pestat] (25, 50, 75) percentile: (221, 914, 1506)
[M::mem_pestat] low and high boundaries for computing mean and std.dev: (1, 4076)
[M::mem_pestat] mean and std.dev: (917.13, 818.65)
[M::mem_pestat] low and high boundaries for proper pairs: (1, 5361)
[M::mem_pestat] skip orientation FF
[M::mem_pestat] skip orientation RR
[M::mem_process_seqs] Processed 266668 reads in 387.988 CPU sec, 97.114 real sec
[M::process] read 266668 sequences (40000200 bp)...
[M::mem_pestat] # candidate unique pairs for (FF, FR, RF, RR): (26, 8812, 6, 22)
[M::mem_pestat] analyzing insert size distribution for orientation FF...
[M::mem_pestat] (25, 50, 75) percentile: (129, 213, 373)
[M::mem_pestat] low and high boundaries for computing mean and std.dev: (1, 861)
[M::mem_pestat] mean and std.dev: (207.86, 123.19)
[M::mem_pestat] low and high boundaries for proper pairs: (1, 1105)
[M::mem_pestat] analyzing insert size distribution for orientation FR...
[M::mem_pestat] (25, 50, 75) percentile: (243, 506, 532)
[M::mem_pestat] low and high boundaries for computing mean and std.dev: (1, 1110)
[M::mem_pestat] mean and std.dev: (407.31, 172.53)
[M::mem_pestat] low and high boundaries for proper pairs: (1, 1399)
[M::mem_pestat] skip orientation RF as there are not enough pairs
[M::mem_pestat] analyzing insert size distribution for orientation RR...
[M::mem_pestat] (25, 50, 75) percentile: (217, 662, 883)
[M::mem_pestat] low and high boundaries for computing mean and std.dev: (1, 2215)
[M::mem_pestat] mean and std.dev: (513.42, 371.42)
[M::mem_pestat] low and high boundaries for proper pairs: (1, 2881)
[M::mem_pestat] skip orientation FF
[M::mem_pestat] skip orientation RR
[M::mem_process_seqs] Processed 266668 reads in 383.929 CPU sec, 96.071 real sec
[M::process] read 266668 sequences (40000200 bp)...
[M::mem_pestat] # candidate unique pairs for (FF, FR, RF, RR): (25, 8695, 7, 19)
[M::mem_pestat] analyzing insert size distribution for orientation FF...
[M::mem_pestat] (25, 50, 75) percentile: (122, 285, 494)
[M::mem_pestat] low and high boundaries for computing mean and std.dev: (1, 1238)
[M::mem_pestat] mean and std.dev: (333.57, 291.29)
[M::mem_pestat] low and high boundaries for proper pairs: (1, 1610)
[M::mem_pestat] analyzing insert size distribution for orientation FR...
[M::mem_pestat] (25, 50, 75) percentile: (237, 506, 531)
[M::mem_pestat] low and high boundaries for computing mean and std.dev: (1, 1119)
[M::mem_pestat] mean and std.dev: (404.96, 173.59)
[M::mem_pestat] low and high boundaries for proper pairs: (1, 1413)
[M::mem_pestat] skip orientation RF as there are not enough pairs
[M::mem_pestat] analyzing insert size distribution for orientation RR...
[M::mem_pestat] (25, 50, 75) percentile: (193, 368, 1322)
[M::mem_pestat] low and high boundaries for computing mean and std.dev: (1, 3580)
[M::mem_pestat] mean and std.dev: (780.26, 862.04)
[M::mem_pestat] low and high boundaries for proper pairs: (1, 4709)
[M::mem_pestat] skip orientation FF
[M::mem_pestat] skip orientation RR
[M::mem_process_seqs] Processed 266668 reads in 378.661 CPU sec, 94.776 real sec
[M::process] read 266668 sequences (40000200 bp)...
[M::mem_pestat] # candidate unique pairs for (FF, FR, RF, RR): (36, 8784, 5, 17)
[M::mem_pestat] analyzing insert size distribution for orientation FF...
[M::mem_pestat] (25, 50, 75) percentile: (114, 196, 633)
[M::mem_pestat] low and high boundaries for computing mean and std.dev: (1, 1671)
[M::mem_pestat] mean and std.dev: (325.15, 350.42)
[M::mem_pestat] low and high boundaries for proper pairs: (1, 2190)
[M::mem_pestat] analyzing insert size distribution for orientation FR...
[M::mem_pestat] (25, 50, 75) percentile: (234, 506, 532)
[M::mem_pestat] low and high boundaries for computing mean and std.dev: (1, 1128)
[M::mem_pestat] mean and std.dev: (404.85, 175.23)
[M::mem_pestat] low and high boundaries for proper pairs: (1, 1426)
[M::mem_pestat] skip orientation RF as there are not enough pairs
[M::mem_pestat] analyzing insert size distribution for orientation RR...
[M::mem_pestat] (25, 50, 75) percentile: (256, 891, 1475)
[M::mem_pestat] low and high boundaries for computing mean and std.dev: (1, 3913)
[M::mem_pestat] mean and std.dev: (706.73, 519.64)
[M::mem_pestat] low and high boundaries for proper pairs: (1, 5132)
[M::mem_pestat] skip orientation FF
[M::mem_pestat] skip orientation RR
[M::mem_process_seqs] Processed 266668 reads in 385.678 CPU sec, 96.535 real sec
[M::process] read 266668 sequences (40000200 bp)...
[M::mem_pestat] # candidate unique pairs for (FF, FR, RF, RR): (27, 8797, 3, 12)
[M::mem_pestat] analyzing insert size distribution for orientation FF...
[M::mem_pestat] (25, 50, 75) percentile: (96, 264, 1158)
[M::mem_pestat] low and high boundaries for computing mean and std.dev: (1, 3282)
[M::mem_pestat] mean and std.dev: (541.46, 570.32)
[M::mem_pestat] low and high boundaries for proper pairs: (1, 4344)
[M::mem_pestat] analyzing insert size distribution for orientation FR...
[M::mem_pestat] (25, 50, 75) percentile: (238, 506, 532)
[M::mem_pestat] low and high boundaries for computing mean and std.dev: (1, 1120)
[M::mem_pestat] mean and std.dev: (405.04, 174.30)
[M::mem_pestat] low and high boundaries for proper pairs: (1, 1414)
[M::mem_pestat] skip orientation RF as there are not enough pairs
[M::mem_pestat] analyzing insert size distribution for orientation RR...
[M::mem_pestat] (25, 50, 75) percentile: (237, 1093, 1971)
[M::mem_pestat] low and high boundaries for computing mean and std.dev: (1, 5439)
[M::mem_pestat] mean and std.dev: (1306.08, 1418.53)
[M::mem_pestat] low and high boundaries for proper pairs: (1, 7173)
[M::mem_pestat] skip orientation FF
[M::mem_pestat] skip orientation RR
[M::mem_process_seqs] Processed 266668 reads in 388.551 CPU sec, 97.270 real sec
[M::process] read 266668 sequences (40000200 bp)...
[M::mem_pestat] # candidate unique pairs for (FF, FR, RF, RR): (22, 8847, 8, 22)
[M::mem_pestat] analyzing insert size distribution for orientation FF...
[M::mem_pestat] (25, 50, 75) percentile: (136, 171, 417)
[M::mem_pestat] low and high boundaries for computing mean and std.dev: (1, 979)
[M::mem_pestat] mean and std.dev: (218.00, 163.18)
[M::mem_pestat] low and high boundaries for proper pairs: (1, 1260)
[M::mem_pestat] analyzing insert size distribution for orientation FR...
[M::mem_pestat] (25, 50, 75) percentile: (243, 506, 532)
[M::mem_pestat] low and high boundaries for computing mean and std.dev: (1, 1110)
[M::mem_pestat] mean and std.dev: (406.51, 173.11)
[M::mem_pestat] low and high boundaries for proper pairs: (1, 1399)
[M::mem_pestat] skip orientation RF as there are not enough pairs
[M::mem_pestat] analyzing insert size distribution for orientation RR...
[M::mem_pestat] (25, 50, 75) percentile: (154, 488, 992)
[M::mem_pestat] low and high boundaries for computing mean and std.dev: (1, 2668)
[M::mem_pestat] mean and std.dev: (593.57, 506.86)
[M::mem_pestat] low and high boundaries for proper pairs: (1, 3506)
[M::mem_pestat] skip orientation FF
[M::mem_pestat] skip orientation RR
[M::mem_process_seqs] Processed 266668 reads in 378.322 CPU sec, 94.673 real sec
[M::process] read 266668 sequences (40000200 bp)...
[M::mem_pestat] # candidate unique pairs for (FF, FR, RF, RR): (38, 8852, 6, 21)
[M::mem_pestat] analyzing insert size distribution for orientation FF...
[M::mem_pestat] (25, 50, 75) percentile: (131, 173, 274)
[M::mem_pestat] low and high boundaries for computing mean and std.dev: (1, 560)
[M::mem_pestat] mean and std.dev: (162.35, 74.10)
[M::mem_pestat] low and high boundaries for proper pairs: (1, 703)
[M::mem_pestat] analyzing insert size distribution for orientation FR...
[M::mem_pestat] (25, 50, 75) percentile: (230, 505, 531)
[M::mem_pestat] low and high boundaries for computing mean and std.dev: (1, 1133)
[M::mem_pestat] mean and std.dev: (403.11, 175.01)
[M::mem_pestat] low and high boundaries for proper pairs: (1, 1434)
[M::mem_pestat] skip orientation RF as there are not enough pairs
[M::mem_pestat] analyzing insert size distribution for orientation RR...
[M::mem_pestat] (25, 50, 75) percentile: (144, 536, 2056)
[M::mem_pestat] low and high boundaries for computing mean and std.dev: (1, 5880)
[M::mem_pestat] mean and std.dev: (1080.05, 1192.25)
[M::mem_pestat] low and high boundaries for proper pairs: (1, 7792)
[M::mem_pestat] skip orientation FF
[M::mem_pestat] skip orientation RR
[M::mem_process_seqs] Processed 266668 reads in 383.204 CPU sec, 95.891 real sec
[M::process] read 266668 sequences (40000200 bp)...
[M::mem_pestat] # candidate unique pairs for (FF, FR, RF, RR): (20, 8780, 4, 17)
[M::mem_pestat] analyzing insert size distribution for orientation FF...
[M::mem_pestat] (25, 50, 75) percentile: (126, 167, 496)
[M::mem_pestat] low and high boundaries for computing mean and std.dev: (1, 1236)
[M::mem_pestat] mean and std.dev: (276.11, 290.90)
[M::mem_pestat] low and high boundaries for proper pairs: (1, 1606)
[M::mem_pestat] analyzing insert size distribution for orientation FR...
[M::mem_pestat] (25, 50, 75) percentile: (247, 506, 532)
[M::mem_pestat] low and high boundaries for computing mean and std.dev: (1, 1102)
[M::mem_pestat] mean and std.dev: (407.98, 172.09)
[M::mem_pestat] low and high boundaries for proper pairs: (1, 1387)
[M::mem_pestat] skip orientation RF as there are not enough pairs
[M::mem_pestat] analyzing insert size distribution for orientation RR...
[M::mem_pestat] (25, 50, 75) percentile: (126, 306, 1161)
[M::mem_pestat] low and high boundaries for computing mean and std.dev: (1, 3231)
[M::mem_pestat] mean and std.dev: (561.35, 543.84)
[M::mem_pestat] low and high boundaries for proper pairs: (1, 4266)
[M::mem_pestat] skip orientation FF
[M::mem_pestat] skip orientation RR
[M::mem_process_seqs] Processed 266668 reads in 377.691 CPU sec, 94.508 real sec
[M::process] read 266668 sequences (40000200 bp)...
[M::mem_pestat] # candidate unique pairs for (FF, FR, RF, RR): (25, 8908, 7, 15)
[M::mem_pestat] analyzing insert size distribution for orientation FF...
[M::mem_pestat] (25, 50, 75) percentile: (154, 201, 681)
[M::mem_pestat] low and high boundaries for computing mean and std.dev: (1, 1735)
[M::mem_pestat] mean and std.dev: (307.73, 275.95)
[M::mem_pestat] low and high boundaries for proper pairs: (1, 2262)
[M::mem_pestat] analyzing insert size distribution for orientation FR...
[M::mem_pestat] (25, 50, 75) percentile: (226, 505, 530)
[M::mem_pestat] low and high boundaries for computing mean and std.dev: (1, 1138)
[M::mem_pestat] mean and std.dev: (400.45, 175.49)
[M::mem_pestat] low and high boundaries for proper pairs: (1, 1442)
[M::mem_pestat] skip orientation RF as there are not enough pairs
[M::mem_pestat] analyzing insert size distribution for orientation RR...
[M::mem_pestat] (25, 50, 75) percentile: (196, 592, 1989)
[M::mem_pestat] low and high boundaries for computing mean and std.dev: (1, 5575)
[M::mem_pestat] mean and std.dev: (1015.60, 1080.70)
[M::mem_pestat] low and high boundaries for proper pairs: (1, 7368)
[M::mem_pestat] skip orientation FF
[M::mem_pestat] skip orientation RR
[M::mem_process_seqs] Processed 266668 reads in 384.523 CPU sec, 96.229 real sec
[M::process] read 266668 sequences (40000200 bp)...
[M::mem_pestat] # candidate unique pairs for (FF, FR, RF, RR): (27, 8699, 6, 18)
[M::mem_pestat] analyzing insert size distribution for orientation FF...
[M::mem_pestat] (25, 50, 75) percentile: (105, 149, 253)
[M::mem_pestat] low and high boundaries for computing mean and std.dev: (1, 549)
[M::mem_pestat] mean and std.dev: (135.18, 65.71)
[M::mem_pestat] low and high boundaries for proper pairs: (1, 697)
[M::mem_pestat] analyzing insert size distribution for orientation FR...
[M::mem_pestat] (25, 50, 75) percentile: (221, 505, 531)
[M::mem_pestat] low and high boundaries for computing mean and std.dev: (1, 1151)
[M::mem_pestat] mean and std.dev: (399.57, 176.50)
[M::mem_pestat] low and high boundaries for proper pairs: (1, 1461)
[M::mem_pestat] skip orientation RF as there are not enough pairs
[M::mem_pestat] analyzing insert size distribution for orientation RR...
[M::mem_pestat] (25, 50, 75) percentile: (143, 776, 1197)
[M::mem_pestat] low and high boundaries for computing mean and std.dev: (1, 3305)
[M::mem_pestat] mean and std.dev: (747.67, 679.96)
[M::mem_pestat] low and high boundaries for proper pairs: (1, 4359)
[M::mem_pestat] skip orientation FF
[M::mem_pestat] skip orientation RR
[M::mem_process_seqs] Processed 266668 reads in 392.091 CPU sec, 98.135 real sec
[M::process] read 266668 sequences (40000200 bp)...
[M::mem_pestat] # candidate unique pairs for (FF, FR, RF, RR): (33, 8797, 6, 12)
[M::mem_pestat] analyzing insert size distribution for orientation FF...
[M::mem_pestat] (25, 50, 75) percentile: (114, 144, 216)
[M::mem_pestat] low and high boundaries for computing mean and std.dev: (1, 420)
[M::mem_pestat] mean and std.dev: (146.71, 75.17)
[M::mem_pestat] low and high boundaries for proper pairs: (1, 522)
[M::mem_pestat] analyzing insert size distribution for orientation FR...
[M::mem_pestat] (25, 50, 75) percentile: (235, 506, 533)
[M::mem_pestat] low and high boundaries for computing mean and std.dev: (1, 1129)
[M::mem_pestat] mean and std.dev: (405.87, 174.79)
[M::mem_pestat] low and high boundaries for proper pairs: (1, 1427)
[M::mem_pestat] skip orientation RF as there are not enough pairs
[M::mem_pestat] analyzing insert size distribution for orientation RR...
[M::mem_pestat] (25, 50, 75) percentile: (243, 865, 3125)
[M::mem_pestat] low and high boundaries for computing mean and std.dev: (1, 8889)
[M::mem_pestat] mean and std.dev: (1544.58, 1952.47)
[M::mem_pestat] low and high boundaries for proper pairs: (1, 11771)
[M::mem_pestat] skip orientation FF
[M::mem_pestat] skip orientation RR
[M::mem_process_seqs] Processed 266668 reads in 386.567 CPU sec, 96.740 real sec
[M::process] read 266668 sequences (40000200 bp)...
[M::mem_pestat] # candidate unique pairs for (FF, FR, RF, RR): (25, 8706, 7, 16)
[M::mem_pestat] analyzing insert size distribution for orientation FF...
[M::mem_pestat] (25, 50, 75) percentile: (122, 204, 2024)
[M::mem_pestat] low and high boundaries for computing mean and std.dev: (1, 5828)
[M::mem_pestat] mean and std.dev: (850.67, 1316.03)
[M::mem_pestat] low and high boundaries for proper pairs: (1, 7730)
[M::mem_pestat] analyzing insert size distribution for orientation FR...
[M::mem_pestat] (25, 50, 75) percentile: (237, 505, 531)
[M::mem_pestat] low and high boundaries for computing mean and std.dev: (1, 1119)
[M::mem_pestat] mean and std.dev: (403.87, 174.12)
[M::mem_pestat] low and high boundaries for proper pairs: (1, 1413)
[M::mem_pestat] skip orientation RF as there are not enough pairs
[M::mem_pestat] analyzing insert size distribution for orientation RR...
[M::mem_pestat] (25, 50, 75) percentile: (148, 355, 847)
[M::mem_pestat] low and high boundaries for computing mean and std.dev: (1, 2245)
[M::mem_pestat] mean and std.dev: (399.43, 389.24)
[M::mem_pestat] low and high boundaries for proper pairs: (1, 2944)
[M::mem_pestat] skip orientation FF
[M::mem_pestat] skip orientation RR
[M::mem_process_seqs] Processed 266668 reads in 380.576 CPU sec, 95.244 real sec
[M::process] read 266668 sequences (40000200 bp)...
[M::mem_pestat] # candidate unique pairs for (FF, FR, RF, RR): (18, 8932, 9, 15)
[M::mem_pestat] analyzing insert size distribution for orientation FF...
[M::mem_pestat] (25, 50, 75) percentile: (140, 286, 1152)
[M::mem_pestat] low and high boundaries for computing mean and std.dev: (1, 3176)
[M::mem_pestat] mean and std.dev: (485.12, 589.23)
[M::mem_pestat] low and high boundaries for proper pairs: (1, 4188)
[M::mem_pestat] analyzing insert size distribution for orientation FR...
[M::mem_pestat] (25, 50, 75) percentile: (239, 505, 531)
[M::mem_pestat] low and high boundaries for computing mean and std.dev: (1, 1115)
[M::mem_pestat] mean and std.dev: (405.21, 173.93)
[M::mem_pestat] low and high boundaries for proper pairs: (1, 1407)
[M::mem_pestat] skip orientation RF as there are not enough pairs
[M::mem_pestat] analyzing insert size distribution for orientation RR...
[M::mem_pestat] (25, 50, 75) percentile: (203, 833, 1424)
[M::mem_pestat] low and high boundaries for computing mean and std.dev: (1, 3866)
[M::mem_pestat] mean and std.dev: (901.57, 842.72)
[M::mem_pestat] low and high boundaries for proper pairs: (1, 5087)
[M::mem_pestat] skip orientation FF
[M::mem_pestat] skip orientation RR
[M::mem_process_seqs] Processed 266668 reads in 381.738 CPU sec, 95.521 real sec
[M::process] read 266668 sequences (40000200 bp)...
[M::mem_pestat] # candidate unique pairs for (FF, FR, RF, RR): (25, 8746, 3, 18)
[M::mem_pestat] analyzing insert size distribution for orientation FF...
[M::mem_pestat] (25, 50, 75) percentile: (81, 167, 562)
[M::mem_pestat] low and high boundaries for computing mean and std.dev: (1, 1524)
[M::mem_pestat] mean and std.dev: (346.46, 424.19)
[M::mem_pestat] low and high boundaries for proper pairs: (1, 2043)
[M::mem_pestat] analyzing insert size distribution for orientation FR...
[M::mem_pestat] (25, 50, 75) percentile: (243, 506, 533)
[M::mem_pestat] low and high boundaries for computing mean and std.dev: (1, 1113)
[M::mem_pestat] mean and std.dev: (408.46, 174.42)
[M::mem_pestat] low and high boundaries for proper pairs: (1, 1403)
[M::mem_pestat] skip orientation RF as there are not enough pairs
[M::mem_pestat] analyzing insert size distribution for orientation RR...
[M::mem_pestat] (25, 50, 75) percentile: (209, 777, 1025)
[M::mem_pestat] low and high boundaries for computing mean and std.dev: (1, 2657)
[M::mem_pestat] mean and std.dev: (671.94, 435.29)
[M::mem_pestat] low and high boundaries for proper pairs: (1, 3473)
[M::mem_pestat] skip orientation FF
[M::mem_pestat] skip orientation RR
[M::mem_process_seqs] Processed 266668 reads in 382.464 CPU sec, 95.714 real sec
[M::process] read 266668 sequences (40000200 bp)...
[M::mem_pestat] # candidate unique pairs for (FF, FR, RF, RR): (20, 8719, 9, 19)
[M::mem_pestat] analyzing insert size distribution for orientation FF...
[M::mem_pestat] (25, 50, 75) percentile: (109, 160, 1114)
[M::mem_pestat] low and high boundaries for computing mean and std.dev: (1, 3124)
[M::mem_pestat] mean and std.dev: (613.40, 752.46)
[M::mem_pestat] low and high boundaries for proper pairs: (1, 4129)
[M::mem_pestat] analyzing insert size distribution for orientation FR...
[M::mem_pestat] (25, 50, 75) percentile: (232, 507, 533)
[M::mem_pestat] low and high boundaries for computing mean and std.dev: (1, 1135)
[M::mem_pestat] mean and std.dev: (404.07, 176.43)
[M::mem_pestat] low and high boundaries for proper pairs: (1, 1436)
[M::mem_pestat] skip orientation RF as there are not enough pairs
[M::mem_pestat] analyzing insert size distribution for orientation RR...
[M::mem_pestat] (25, 50, 75) percentile: (120, 277, 940)
[M::mem_pestat] low and high boundaries for computing mean and std.dev: (1, 2580)
[M::mem_pestat] mean and std.dev: (511.63, 549.88)
[M::mem_pestat] low and high boundaries for proper pairs: (1, 3400)
[M::mem_pestat] skip orientation FF
[M::mem_pestat] skip orientation RR
[M::mem_process_seqs] Processed 266668 reads in 384.847 CPU sec, 96.317 real sec
[M::process] read 266668 sequences (40000200 bp)...
[M::mem_pestat] # candidate unique pairs for (FF, FR, RF, RR): (25, 8749, 7, 20)
[M::mem_pestat] analyzing insert size distribution for orientation FF...
[M::mem_pestat] (25, 50, 75) percentile: (118, 205, 330)
[M::mem_pestat] low and high boundaries for computing mean and std.dev: (1, 754)
[M::mem_pestat] mean and std.dev: (213.32, 160.64)
[M::mem_pestat] low and high boundaries for proper pairs: (1, 966)
[M::mem_pestat] analyzing insert size distribution for orientation FR...
[M::mem_pestat] (25, 50, 75) percentile: (245, 507, 533)
[M::mem_pestat] low and high boundaries for computing mean and std.dev: (1, 1109)
[M::mem_pestat] mean and std.dev: (407.63, 173.29)
[M::mem_pestat] low and high boundaries for proper pairs: (1, 1397)
[M::mem_pestat] skip orientation RF as there are not enough pairs
[M::mem_pestat] analyzing insert size distribution for orientation RR...
[M::mem_pestat] (25, 50, 75) percentile: (210, 787, 1644)
[M::mem_pestat] low and high boundaries for computing mean and std.dev: (1, 4512)
[M::mem_pestat] mean and std.dev: (926.26, 1061.28)
[M::mem_pestat] low and high boundaries for proper pairs: (1, 5946)
[M::mem_pestat] skip orientation FF
[M::mem_pestat] skip orientation RR
[M::mem_process_seqs] Processed 266668 reads in 389.462 CPU sec, 97.456 real sec
[M::process] read 266668 sequences (40000200 bp)...
[M::mem_pestat] # candidate unique pairs for (FF, FR, RF, RR): (21, 8958, 8, 13)
[M::mem_pestat] analyzing insert size distribution for orientation FF...
[M::mem_pestat] (25, 50, 75) percentile: (84, 142, 244)
[M::mem_pestat] low and high boundaries for computing mean and std.dev: (1, 564)
[M::mem_pestat] mean and std.dev: (148.05, 77.07)
[M::mem_pestat] low and high boundaries for proper pairs: (1, 724)
[M::mem_pestat] analyzing insert size distribution for orientation FR...
[M::mem_pestat] (25, 50, 75) percentile: (236, 506, 532)
[M::mem_pestat] low and high boundaries for computing mean and std.dev: (1, 1124)
[M::mem_pestat] mean and std.dev: (405.62, 174.41)
[M::mem_pestat] low and high boundaries for proper pairs: (1, 1420)
[M::mem_pestat] skip orientation RF as there are not enough pairs
[M::mem_pestat] analyzing insert size distribution for orientation RR...
[M::mem_pestat] (25, 50, 75) percentile: (201, 378, 1416)
[M::mem_pestat] low and high boundaries for computing mean and std.dev: (1, 3846)
[M::mem_pestat] mean and std.dev: (631.17, 612.50)
[M::mem_pestat] low and high boundaries for proper pairs: (1, 5061)
[M::mem_pestat] skip orientation FF
[M::mem_pestat] skip orientation RR
[M::mem_process_seqs] Processed 266668 reads in 389.428 CPU sec, 97.462 real sec
[M::process] read 266668 sequences (40000200 bp)...
[M::mem_pestat] # candidate unique pairs for (FF, FR, RF, RR): (30, 8754, 11, 12)
[M::mem_pestat] analyzing insert size distribution for orientation FF...
[M::mem_pestat] (25, 50, 75) percentile: (101, 166, 284)
[M::mem_pestat] low and high boundaries for computing mean and std.dev: (1, 650)
[M::mem_pestat] mean and std.dev: (182.63, 112.80)
[M::mem_pestat] low and high boundaries for proper pairs: (1, 833)
[M::mem_pestat] analyzing insert size distribution for orientation FR...
[M::mem_pestat] (25, 50, 75) percentile: (242, 506, 532)
[M::mem_pestat] low and high boundaries for computing mean and std.dev: (1, 1112)
[M::mem_pestat] mean and std.dev: (407.50, 174.46)
[M::mem_pestat] low and high boundaries for proper pairs: (1, 1402)
[M::mem_pestat] analyzing insert size distribution for orientation RF...
[M::mem_pestat] (25, 50, 75) percentile: (139, 219, 474)
[M::mem_pestat] low and high boundaries for computing mean and std.dev: (1, 1144)
[M::mem_pestat] mean and std.dev: (200.44, 163.02)
[M::mem_pestat] low and high boundaries for proper pairs: (1, 1479)
[M::mem_pestat] analyzing insert size distribution for orientation RR...
[M::mem_pestat] (25, 50, 75) percentile: (397, 1740, 2879)
[M::mem_pestat] low and high boundaries for computing mean and std.dev: (1, 7843)
[M::mem_pestat] mean and std.dev: (1298.64, 1042.23)
[M::mem_pestat] low and high boundaries for proper pairs: (1, 10325)
[M::mem_pestat] skip orientation FF
[M::mem_pestat] skip orientation RF
[M::mem_pestat] skip orientation RR
[M::mem_process_seqs] Processed 266668 reads in 386.976 CPU sec, 96.849 real sec
[M::process] read 156266 sequences (23439900 bp)...
[M::mem_pestat] # candidate unique pairs for (FF, FR, RF, RR): (23, 8745, 7, 19)
[M::mem_pestat] analyzing insert size distribution for orientation FF...
[M::mem_pestat] (25, 50, 75) percentile: (100, 181, 863)
[M::mem_pestat] low and high boundaries for computing mean and std.dev: (1, 2389)
[M::mem_pestat] mean and std.dev: (299.35, 382.73)
[M::mem_pestat] low and high boundaries for proper pairs: (1, 3152)
[M::mem_pestat] analyzing insert size distribution for orientation FR...
[M::mem_pestat] (25, 50, 75) percentile: (230, 505, 531)
[M::mem_pestat] low and high boundaries for computing mean and std.dev: (1, 1133)
[M::mem_pestat] mean and std.dev: (401.72, 174.52)
[M::mem_pestat] low and high boundaries for proper pairs: (1, 1434)
[M::mem_pestat] skip orientation RF as there are not enough pairs
[M::mem_pestat] analyzing insert size distribution for orientation RR...
[M::mem_pestat] (25, 50, 75) percentile: (153, 345, 1137)
[M::mem_pestat] low and high boundaries for computing mean and std.dev: (1, 3105)
[M::mem_pestat] mean and std.dev: (560.82, 546.96)
[M::mem_pestat] low and high boundaries for proper pairs: (1, 4089)
[M::mem_pestat] skip orientation FF
[M::mem_pestat] skip orientation RR
[M::mem_process_seqs] Processed 266668 reads in 388.075 CPU sec, 97.132 real sec
[M::mem_pestat] # candidate unique pairs for (FF, FR, RF, RR): (21, 5246, 4, 4)
[M::mem_pestat] analyzing insert size distribution for orientation FF...
[M::mem_pestat] (25, 50, 75) percentile: (134, 170, 412)
[M::mem_pestat] low and high boundaries for computing mean and std.dev: (1, 968)
[M::mem_pestat] mean and std.dev: (224.21, 183.98)
[M::mem_pestat] low and high boundaries for proper pairs: (1, 1246)
[M::mem_pestat] analyzing insert size distribution for orientation FR...
[M::mem_pestat] (25, 50, 75) percentile: (232, 506, 532)
[M::mem_pestat] low and high boundaries for computing mean and std.dev: (1, 1132)
[M::mem_pestat] mean and std.dev: (402.44, 174.50)
[M::mem_pestat] low and high boundaries for proper pairs: (1, 1432)
[M::mem_pestat] skip orientation RF as there are not enough pairs
[M::mem_pestat] skip orientation RR as there are not enough pairs
[M::mem_pestat] skip orientation FF
[M::mem_process_seqs] Processed 156266 reads in 234.596 CPU sec, 58.703 real sec
[main] Version: 0.7.17-r1188
[main] CMD: bwa mem -t 4 -a /mnt/raid6/bacphagenetwork/data/bwa_index/chm13v2.0_noY.fa /mnt/raid6/bacphagenetwork/data/skin_metagenome/Beijing/02_rm_host/BJ147_1.fastq.gz /mnt/raid6/bacphagenetwork/data/skin_metagenome/Beijing/02_rm_host/BJ147_2.fastq.gz
[main] Real time: 4612.851 sec; CPU: 18367.190 sec
