no change     /home/bacphagenetwork/miniconda3/condabin/conda
no change     /home/bacphagenetwork/miniconda3/bin/conda
no change     /home/bacphagenetwork/miniconda3/bin/conda-env
no change     /home/bacphagenetwork/miniconda3/bin/activate
no change     /home/bacphagenetwork/miniconda3/bin/deactivate
no change     /home/bacphagenetwork/miniconda3/etc/profile.d/conda.sh
no change     /home/bacphagenetwork/miniconda3/etc/fish/conf.d/conda.fish
no change     /home/bacphagenetwork/miniconda3/shell/condabin/Conda.psm1
no change     /home/bacphagenetwork/miniconda3/shell/condabin/conda-hook.ps1
no change     /home/bacphagenetwork/miniconda3/lib/python3.9/site-packages/xontrib/conda.xsh
no change     /home/bacphagenetwork/miniconda3/etc/profile.d/conda.csh
no change     /home/bacphagenetwork/.bashrc
No action taken.
Great! The environment already exists.
Activating the environment...
Initialization is complete.
The path to the genome data has been set to /mnt/raid6/bacphagenetwork/data/skin_metagenome/Beijing/02_rm_host.
The path to the indexing data has been set to /mnt/raid6/bacphagenetwork/data/bwa_index/chm13v2.0_noY.fa.
The path to store the analysis results has been set to /mnt/raid6/bacphagenetwork/data/bwa_analysis.
Analysing the genome data...
Processing BJ127...
