/home/bacphagenetwork/.bashrc: line 15: Custom: command not found
[M::bwa_idx_load_from_disk] read 0 ALT contigs
[M::process] read 266668 sequences (40000200 bp)...
[M::process] read 266668 sequences (40000200 bp)...
[M::mem_pestat] # candidate unique pairs for (FF, FR, RF, RR): (107, 46684, 6, 105)
[M::mem_pestat] analyzing insert size distribution for orientation FF...
[M::mem_pestat] (25, 50, 75) percentile: (776, 1438, 2914)
[M::mem_pestat] low and high boundaries for computing mean and std.dev: (1, 7190)
[M::mem_pestat] mean and std.dev: (1959.90, 1649.33)
[M::mem_pestat] low and high boundaries for proper pairs: (1, 9328)
[M::mem_pestat] analyzing insert size distribution for orientation FR...
[M::mem_pestat] (25, 50, 75) percentile: (511, 529, 561)
[M::mem_pestat] low and high boundaries for computing mean and std.dev: (411, 661)
[M::mem_pestat] mean and std.dev: (539.59, 36.38)
[M::mem_pestat] low and high boundaries for proper pairs: (361, 711)
[M::mem_pestat] skip orientation RF as there are not enough pairs
[M::mem_pestat] analyzing insert size distribution for orientation RR...
[M::mem_pestat] (25, 50, 75) percentile: (1119, 1397, 2410)
[M::mem_pestat] low and high boundaries for computing mean and std.dev: (1, 4992)
[M::mem_pestat] mean and std.dev: (1760.03, 1048.57)
[M::mem_pestat] low and high boundaries for proper pairs: (1, 6283)
[M::mem_pestat] skip orientation FF
[M::mem_pestat] skip orientation RR
[M::mem_process_seqs] Processed 266668 reads in 331.649 CPU sec, 83.291 real sec
[M::process] read 266668 sequences (40000200 bp)...
[M::mem_pestat] # candidate unique pairs for (FF, FR, RF, RR): (100, 45479, 14, 101)
[M::mem_pestat] analyzing insert size distribution for orientation FF...
[M::mem_pestat] (25, 50, 75) percentile: (639, 1152, 2464)
[M::mem_pestat] low and high boundaries for computing mean and std.dev: (1, 6114)
[M::mem_pestat] mean and std.dev: (1599.46, 1382.97)
[M::mem_pestat] low and high boundaries for proper pairs: (1, 7939)
[M::mem_pestat] analyzing insert size distribution for orientation FR...
[M::mem_pestat] (25, 50, 75) percentile: (511, 529, 560)
[M::mem_pestat] low and high boundaries for computing mean and std.dev: (413, 658)
[M::mem_pestat] mean and std.dev: (539.02, 35.73)
[M::mem_pestat] low and high boundaries for proper pairs: (364, 707)
[M::mem_pestat] analyzing insert size distribution for orientation RF...
[M::mem_pestat] (25, 50, 75) percentile: (1686, 5230, 5911)
[M::mem_pestat] low and high boundaries for computing mean and std.dev: (1, 14361)
[M::mem_pestat] mean and std.dev: (4074.14, 3039.78)
[M::mem_pestat] low and high boundaries for proper pairs: (1, 18586)
[M::mem_pestat] analyzing insert size distribution for orientation RR...
[M::mem_pestat] (25, 50, 75) percentile: (1023, 1609, 2474)
[M::mem_pestat] low and high boundaries for computing mean and std.dev: (1, 5376)
[M::mem_pestat] mean and std.dev: (1682.89, 997.25)
[M::mem_pestat] low and high boundaries for proper pairs: (1, 6827)
[M::mem_pestat] skip orientation FF
[M::mem_pestat] skip orientation RF
[M::mem_pestat] skip orientation RR
[M::mem_process_seqs] Processed 266668 reads in 349.249 CPU sec, 87.483 real sec
[M::process] read 266668 sequences (40000200 bp)...
[M::mem_pestat] # candidate unique pairs for (FF, FR, RF, RR): (106, 45470, 7, 88)
[M::mem_pestat] analyzing insert size distribution for orientation FF...
[M::mem_pestat] (25, 50, 75) percentile: (572, 1384, 2378)
[M::mem_pestat] low and high boundaries for computing mean and std.dev: (1, 5990)
[M::mem_pestat] mean and std.dev: (1624.82, 1408.67)
[M::mem_pestat] low and high boundaries for proper pairs: (1, 7796)
[M::mem_pestat] analyzing insert size distribution for orientation FR...
[M::mem_pestat] (25, 50, 75) percentile: (510, 529, 559)
[M::mem_pestat] low and high boundaries for computing mean and std.dev: (412, 657)
[M::mem_pestat] mean and std.dev: (538.63, 35.39)
[M::mem_pestat] low and high boundaries for proper pairs: (363, 706)
[M::mem_pestat] skip orientation RF as there are not enough pairs
[M::mem_pestat] analyzing insert size distribution for orientation RR...
[M::mem_pestat] (25, 50, 75) percentile: (985, 1422, 2442)
[M::mem_pestat] low and high boundaries for computing mean and std.dev: (1, 5356)
[M::mem_pestat] mean and std.dev: (1713.39, 1056.95)
[M::mem_pestat] low and high boundaries for proper pairs: (1, 6813)
[M::mem_pestat] skip orientation FF
[M::mem_pestat] skip orientation RR
[M::mem_process_seqs] Processed 266668 reads in 342.436 CPU sec, 85.738 real sec
[M::process] read 266668 sequences (40000200 bp)...
[M::mem_pestat] # candidate unique pairs for (FF, FR, RF, RR): (93, 46698, 4, 104)
[M::mem_pestat] analyzing insert size distribution for orientation FF...
[M::mem_pestat] (25, 50, 75) percentile: (338, 1065, 1689)
[M::mem_pestat] low and high boundaries for computing mean and std.dev: (1, 4391)
[M::mem_pestat] mean and std.dev: (1195.99, 1007.98)
[M::mem_pestat] low and high boundaries for proper pairs: (1, 5742)
[M::mem_pestat] analyzing insert size distribution for orientation FR...
[M::mem_pestat] (25, 50, 75) percentile: (511, 529, 560)
[M::mem_pestat] low and high boundaries for computing mean and std.dev: (413, 658)
[M::mem_pestat] mean and std.dev: (539.26, 36.06)
[M::mem_pestat] low and high boundaries for proper pairs: (364, 707)
[M::mem_pestat] skip orientation RF as there are not enough pairs
[M::mem_pestat] analyzing insert size distribution for orientation RR...
[M::mem_pestat] (25, 50, 75) percentile: (841, 1266, 2174)
[M::mem_pestat] low and high boundaries for computing mean and std.dev: (1, 4840)
[M::mem_pestat] mean and std.dev: (1495.90, 917.61)
[M::mem_pestat] low and high boundaries for proper pairs: (1, 6173)
[M::mem_pestat] skip orientation FF
[M::mem_pestat] skip orientation RR
[M::mem_process_seqs] Processed 266668 reads in 328.449 CPU sec, 82.885 real sec
[M::process] read 266668 sequences (40000200 bp)...
[M::mem_pestat] # candidate unique pairs for (FF, FR, RF, RR): (93, 45821, 11, 101)
[M::mem_pestat] analyzing insert size distribution for orientation FF...
[M::mem_pestat] (25, 50, 75) percentile: (811, 1495, 2908)
[M::mem_pestat] low and high boundaries for computing mean and std.dev: (1, 7102)
[M::mem_pestat] mean and std.dev: (1876.92, 1513.20)
[M::mem_pestat] low and high boundaries for proper pairs: (1, 9199)
[M::mem_pestat] analyzing insert size distribution for orientation FR...
[M::mem_pestat] (25, 50, 75) percentile: (511, 529, 560)
[M::mem_pestat] low and high boundaries for computing mean and std.dev: (413, 658)
[M::mem_pestat] mean and std.dev: (538.85, 35.75)
[M::mem_pestat] low and high boundaries for proper pairs: (364, 707)
[M::mem_pestat] analyzing insert size distribution for orientation RF...
[M::mem_pestat] (25, 50, 75) percentile: (642, 4990, 7581)
[M::mem_pestat] low and high boundaries for computing mean and std.dev: (1, 21459)
[M::mem_pestat] mean and std.dev: (4191.73, 3226.01)
[M::mem_pestat] low and high boundaries for proper pairs: (1, 28398)
[M::mem_pestat] analyzing insert size distribution for orientation RR...
[M::mem_pestat] (25, 50, 75) percentile: (971, 1548, 3020)
[M::mem_pestat] low and high boundaries for computing mean and std.dev: (1, 7118)
[M::mem_pestat] mean and std.dev: (2185.54, 1637.81)
[M::mem_pestat] low and high boundaries for proper pairs: (1, 9167)
[M::mem_pestat] skip orientation FF
[M::mem_pestat] skip orientation RF
[M::mem_pestat] skip orientation RR
[M::mem_process_seqs] Processed 266668 reads in 336.431 CPU sec, 84.229 real sec
[M::process] read 266668 sequences (40000200 bp)...
[M::mem_pestat] # candidate unique pairs for (FF, FR, RF, RR): (103, 45463, 5, 96)
[M::mem_pestat] analyzing insert size distribution for orientation FF...
[M::mem_pestat] (25, 50, 75) percentile: (522, 1319, 2333)
[M::mem_pestat] low and high boundaries for computing mean and std.dev: (1, 5955)
[M::mem_pestat] mean and std.dev: (1575.74, 1343.06)
[M::mem_pestat] low and high boundaries for proper pairs: (1, 7766)
[M::mem_pestat] analyzing insert size distribution for orientation FR...
[M::mem_pestat] (25, 50, 75) percentile: (510, 528, 559)
[M::mem_pestat] low and high boundaries for computing mean and std.dev: (412, 657)
[M::mem_pestat] mean and std.dev: (538.52, 35.72)
[M::mem_pestat] low and high boundaries for proper pairs: (363, 706)
[M::mem_pestat] skip orientation RF as there are not enough pairs
[M::mem_pestat] analyzing insert size distribution for orientation RR...
[M::mem_pestat] (25, 50, 75) percentile: (947, 1543, 2735)
[M::mem_pestat] low and high boundaries for computing mean and std.dev: (1, 6311)
[M::mem_pestat] mean and std.dev: (1782.26, 1209.71)
[M::mem_pestat] low and high boundaries for proper pairs: (1, 8099)
[M::mem_pestat] skip orientation FF
[M::mem_pestat] skip orientation RR
[M::mem_process_seqs] Processed 266668 reads in 344.009 CPU sec, 86.147 real sec
[M::process] read 266668 sequences (40000200 bp)...
[M::mem_pestat] # candidate unique pairs for (FF, FR, RF, RR): (87, 46555, 4, 77)
[M::mem_pestat] analyzing insert size distribution for orientation FF...
[M::mem_pestat] (25, 50, 75) percentile: (607, 1480, 3000)
[M::mem_pestat] low and high boundaries for computing mean and std.dev: (1, 7786)
[M::mem_pestat] mean and std.dev: (1863.85, 1682.52)
[M::mem_pestat] low and high boundaries for proper pairs: (1, 10179)
[M::mem_pestat] analyzing insert size distribution for orientation FR...
[M::mem_pestat] (25, 50, 75) percentile: (511, 529, 560)
[M::mem_pestat] low and high boundaries for computing mean and std.dev: (413, 658)
[M::mem_pestat] mean and std.dev: (539.18, 35.78)
[M::mem_pestat] low and high boundaries for proper pairs: (364, 707)
[M::mem_pestat] skip orientation RF as there are not enough pairs
[M::mem_pestat] analyzing insert size distribution for orientation RR...
[M::mem_pestat] (25, 50, 75) percentile: (988, 1697, 2983)
[M::mem_pestat] low and high boundaries for computing mean and std.dev: (1, 6973)
[M::mem_pestat] mean and std.dev: (1899.76, 1354.16)
[M::mem_pestat] low and high boundaries for proper pairs: (1, 8968)
[M::mem_pestat] skip orientation FF
[M::mem_pestat] skip orientation RR
[M::mem_process_seqs] Processed 266668 reads in 337.163 CPU sec, 84.480 real sec
[M::process] read 266668 sequences (40000200 bp)...
[M::mem_pestat] # candidate unique pairs for (FF, FR, RF, RR): (85, 46323, 11, 96)
[M::mem_pestat] analyzing insert size distribution for orientation FF...
[M::mem_pestat] (25, 50, 75) percentile: (320, 830, 1828)
[M::mem_pestat] low and high boundaries for computing mean and std.dev: (1, 4844)
[M::mem_pestat] mean and std.dev: (966.19, 819.59)
[M::mem_pestat] low and high boundaries for proper pairs: (1, 6352)
[M::mem_pestat] analyzing insert size distribution for orientation FR...
[M::mem_pestat] (25, 50, 75) percentile: (511, 529, 560)
[M::mem_pestat] low and high boundaries for computing mean and std.dev: (413, 658)
[M::mem_pestat] mean and std.dev: (539.35, 35.93)
[M::mem_pestat] low and high boundaries for proper pairs: (364, 707)
[M::mem_pestat] analyzing insert size distribution for orientation RF...
[M::mem_pestat] (25, 50, 75) percentile: (1542, 2957, 7374)
[M::mem_pestat] low and high boundaries for computing mean and std.dev: (1, 19038)
[M::mem_pestat] mean and std.dev: (3787.27, 2967.53)
[M::mem_pestat] low and high boundaries for proper pairs: (1, 24870)
[M::mem_pestat] analyzing insert size distribution for orientation RR...
[M::mem_pestat] (25, 50, 75) percentile: (990, 1536, 2379)
[M::mem_pestat] low and high boundaries for computing mean and std.dev: (1, 5157)
[M::mem_pestat] mean and std.dev: (1666.06, 1013.40)
[M::mem_pestat] low and high boundaries for proper pairs: (1, 6546)
[M::mem_pestat] skip orientation FF
[M::mem_pestat] skip orientation RF
[M::mem_pestat] skip orientation RR
[M::mem_process_seqs] Processed 266668 reads in 333.159 CPU sec, 83.463 real sec
[M::process] read 266668 sequences (40000200 bp)...
[M::mem_pestat] # candidate unique pairs for (FF, FR, RF, RR): (95, 46066, 8, 103)
[M::mem_pestat] analyzing insert size distribution for orientation FF...
[M::mem_pestat] (25, 50, 75) percentile: (329, 1355, 2045)
[M::mem_pestat] low and high boundaries for computing mean and std.dev: (1, 5477)
[M::mem_pestat] mean and std.dev: (1386.56, 1098.76)
[M::mem_pestat] low and high boundaries for proper pairs: (1, 7193)
[M::mem_pestat] analyzing insert size distribution for orientation FR...
[M::mem_pestat] (25, 50, 75) percentile: (511, 529, 560)
[M::mem_pestat] low and high boundaries for computing mean and std.dev: (413, 658)
[M::mem_pestat] mean and std.dev: (539.01, 35.81)
[M::mem_pestat] low and high boundaries for proper pairs: (364, 707)
[M::mem_pestat] skip orientation RF as there are not enough pairs
[M::mem_pestat] analyzing insert size distribution for orientation RR...
[M::mem_pestat] (25, 50, 75) percentile: (980, 1513, 2203)
[M::mem_pestat] low and high boundaries for computing mean and std.dev: (1, 4649)
[M::mem_pestat] mean and std.dev: (1585.26, 928.52)
[M::mem_pestat] low and high boundaries for proper pairs: (1, 5872)
[M::mem_pestat] skip orientation FF
[M::mem_pestat] skip orientation RR
[M::mem_process_seqs] Processed 266668 reads in 332.684 CPU sec, 83.335 real sec
[M::process] read 266668 sequences (40000200 bp)...
[M::mem_pestat] # candidate unique pairs for (FF, FR, RF, RR): (106, 46426, 9, 91)
[M::mem_pestat] analyzing insert size distribution for orientation FF...
[M::mem_pestat] (25, 50, 75) percentile: (277, 1069, 2342)
[M::mem_pestat] low and high boundaries for computing mean and std.dev: (1, 6472)
[M::mem_pestat] mean and std.dev: (1458.14, 1443.08)
[M::mem_pestat] low and high boundaries for proper pairs: (1, 8537)
[M::mem_pestat] analyzing insert size distribution for orientation FR...
[M::mem_pestat] (25, 50, 75) percentile: (511, 529, 560)
[M::mem_pestat] low and high boundaries for computing mean and std.dev: (413, 658)
[M::mem_pestat] mean and std.dev: (538.94, 35.70)
[M::mem_pestat] low and high boundaries for proper pairs: (364, 707)
[M::mem_pestat] skip orientation RF as there are not enough pairs
[M::mem_pestat] analyzing insert size distribution for orientation RR...
[M::mem_pestat] (25, 50, 75) percentile: (1055, 1440, 2415)
[M::mem_pestat] low and high boundaries for computing mean and std.dev: (1, 5135)
[M::mem_pestat] mean and std.dev: (1597.16, 919.96)
[M::mem_pestat] low and high boundaries for proper pairs: (1, 6495)
[M::mem_pestat] skip orientation FF
[M::mem_pestat] skip orientation RR
[M::mem_process_seqs] Processed 266668 reads in 330.244 CPU sec, 82.701 real sec
[M::process] read 266668 sequences (40000200 bp)...
[M::mem_pestat] # candidate unique pairs for (FF, FR, RF, RR): (110, 47007, 4, 97)
[M::mem_pestat] analyzing insert size distribution for orientation FF...
[M::mem_pestat] (25, 50, 75) percentile: (519, 1132, 2281)
[M::mem_pestat] low and high boundaries for computing mean and std.dev: (1, 5805)
[M::mem_pestat] mean and std.dev: (1495.61, 1325.03)
[M::mem_pestat] low and high boundaries for proper pairs: (1, 7567)
[M::mem_pestat] analyzing insert size distribution for orientation FR...
[M::mem_pestat] (25, 50, 75) percentile: (511, 530, 561)
[M::mem_pestat] low and high boundaries for computing mean and std.dev: (411, 661)
[M::mem_pestat] mean and std.dev: (539.95, 36.59)
[M::mem_pestat] low and high boundaries for proper pairs: (361, 711)
[M::mem_pestat] skip orientation RF as there are not enough pairs
[M::mem_pestat] analyzing insert size distribution for orientation RR...
[M::mem_pestat] (25, 50, 75) percentile: (815, 1387, 2468)
[M::mem_pestat] low and high boundaries for computing mean and std.dev: (1, 5774)
[M::mem_pestat] mean and std.dev: (1718.64, 1239.55)
[M::mem_pestat] low and high boundaries for proper pairs: (1, 7427)
[M::mem_pestat] skip orientation FF
[M::mem_pestat] skip orientation RR
[M::mem_process_seqs] Processed 266668 reads in 322.407 CPU sec, 80.724 real sec
[M::process] read 266668 sequences (40000200 bp)...
[M::mem_pestat] # candidate unique pairs for (FF, FR, RF, RR): (83, 46196, 9, 101)
[M::mem_pestat] analyzing insert size distribution for orientation FF...
[M::mem_pestat] (25, 50, 75) percentile: (442, 1313, 2209)
[M::mem_pestat] low and high boundaries for computing mean and std.dev: (1, 5743)
[M::mem_pestat] mean and std.dev: (1455.14, 1177.55)
[M::mem_pestat] low and high boundaries for proper pairs: (1, 7510)
[M::mem_pestat] analyzing insert size distribution for orientation FR...
[M::mem_pestat] (25, 50, 75) percentile: (511, 529, 560)
[M::mem_pestat] low and high boundaries for computing mean and std.dev: (413, 658)
[M::mem_pestat] mean and std.dev: (539.17, 35.70)
[M::mem_pestat] low and high boundaries for proper pairs: (364, 707)
[M::mem_pestat] skip orientation RF as there are not enough pairs
[M::mem_pestat] analyzing insert size distribution for orientation RR...
[M::mem_pestat] (25, 50, 75) percentile: (855, 1377, 2302)
[M::mem_pestat] low and high boundaries for computing mean and std.dev: (1, 5196)
[M::mem_pestat] mean and std.dev: (1636.10, 1089.18)
[M::mem_pestat] low and high boundaries for proper pairs: (1, 6643)
[M::mem_pestat] skip orientation FF
[M::mem_pestat] skip orientation RR
[M::mem_process_seqs] Processed 266668 reads in 327.139 CPU sec, 81.918 real sec
[M::process] read 266668 sequences (40000200 bp)...
[M::mem_pestat] # candidate unique pairs for (FF, FR, RF, RR): (85, 46249, 6, 100)
[M::mem_pestat] analyzing insert size distribution for orientation FF...
[M::mem_pestat] (25, 50, 75) percentile: (649, 1559, 2554)
[M::mem_pestat] low and high boundaries for computing mean and std.dev: (1, 6364)
[M::mem_pestat] mean and std.dev: (1788.29, 1379.76)
[M::mem_pestat] low and high boundaries for proper pairs: (1, 8269)
[M::mem_pestat] analyzing insert size distribution for orientation FR...
[M::mem_pestat] (25, 50, 75) percentile: (511, 529, 560)
[M::mem_pestat] low and high boundaries for computing mean and std.dev: (413, 658)
[M::mem_pestat] mean and std.dev: (539.11, 35.87)
[M::mem_pestat] low and high boundaries for proper pairs: (364, 707)
[M::mem_pestat] skip orientation RF as there are not enough pairs
[M::mem_pestat] analyzing insert size distribution for orientation RR...
[M::mem_pestat] (25, 50, 75) percentile: (965, 1784, 3270)
[M::mem_pestat] low and high boundaries for computing mean and std.dev: (1, 7880)
[M::mem_pestat] mean and std.dev: (2138.77, 1614.20)
[M::mem_pestat] low and high boundaries for proper pairs: (1, 10185)
[M::mem_pestat] skip orientation FF
[M::mem_pestat] skip orientation RR
[M::mem_process_seqs] Processed 266668 reads in 331.014 CPU sec, 82.905 real sec
[M::process] read 266668 sequences (40000200 bp)...
[M::mem_pestat] # candidate unique pairs for (FF, FR, RF, RR): (89, 46210, 5, 90)
[M::mem_pestat] analyzing insert size distribution for orientation FF...
[M::mem_pestat] (25, 50, 75) percentile: (452, 1269, 2068)
[M::mem_pestat] low and high boundaries for computing mean and std.dev: (1, 5300)
[M::mem_pestat] mean and std.dev: (1451.55, 1253.26)
[M::mem_pestat] low and high boundaries for proper pairs: (1, 6916)
[M::mem_pestat] analyzing insert size distribution for orientation FR...
[M::mem_pestat] (25, 50, 75) percentile: (511, 530, 561)
[M::mem_pestat] low and high boundaries for computing mean and std.dev: (411, 661)
[M::mem_pestat] mean and std.dev: (539.84, 36.60)
[M::mem_pestat] low and high boundaries for proper pairs: (361, 711)
[M::mem_pestat] skip orientation RF as there are not enough pairs
[M::mem_pestat] analyzing insert size distribution for orientation RR...
[M::mem_pestat] (25, 50, 75) percentile: (963, 1348, 2260)
[M::mem_pestat] low and high boundaries for computing mean and std.dev: (1, 4854)
[M::mem_pestat] mean and std.dev: (1472.17, 839.68)
[M::mem_pestat] low and high boundaries for proper pairs: (1, 6151)
[M::mem_pestat] skip orientation FF
[M::mem_pestat] skip orientation RR
[M::mem_process_seqs] Processed 266668 reads in 327.493 CPU sec, 82.033 real sec
[M::process] read 266668 sequences (40000200 bp)...
[M::mem_pestat] # candidate unique pairs for (FF, FR, RF, RR): (96, 46550, 11, 89)
[M::mem_pestat] analyzing insert size distribution for orientation FF...
[M::mem_pestat] (25, 50, 75) percentile: (707, 1338, 2221)
[M::mem_pestat] low and high boundaries for computing mean and std.dev: (1, 5249)
[M::mem_pestat] mean and std.dev: (1485.62, 1122.91)
[M::mem_pestat] low and high boundaries for proper pairs: (1, 6763)
[M::mem_pestat] analyzing insert size distribution for orientation FR...
[M::mem_pestat] (25, 50, 75) percentile: (511, 529, 561)
[M::mem_pestat] low and high boundaries for computing mean and std.dev: (411, 661)
[M::mem_pestat] mean and std.dev: (539.42, 36.38)
[M::mem_pestat] low and high boundaries for proper pairs: (361, 711)
[M::mem_pestat] analyzing insert size distribution for orientation RF...
[M::mem_pestat] (25, 50, 75) percentile: (2043, 2795, 3865)
[M::mem_pestat] low and high boundaries for computing mean and std.dev: (1, 7509)
[M::mem_pestat] mean and std.dev: (2920.36, 1496.26)
[M::mem_pestat] low and high boundaries for proper pairs: (1, 9331)
[M::mem_pestat] analyzing insert size distribution for orientation RR...
[M::mem_pestat] (25, 50, 75) percentile: (1034, 1721, 3279)
[M::mem_pestat] low and high boundaries for computing mean and std.dev: (1, 7769)
[M::mem_pestat] mean and std.dev: (2064.95, 1403.98)
[M::mem_pestat] low and high boundaries for proper pairs: (1, 10014)
[M::mem_pestat] skip orientation FF
[M::mem_pestat] skip orientation RF
[M::mem_pestat] skip orientation RR
[M::mem_process_seqs] Processed 266668 reads in 331.655 CPU sec, 83.076 real sec
[M::process] read 266668 sequences (40000200 bp)...
[M::mem_pestat] # candidate unique pairs for (FF, FR, RF, RR): (106, 46578, 8, 78)
[M::mem_pestat] analyzing insert size distribution for orientation FF...
[M::mem_pestat] (25, 50, 75) percentile: (563, 1452, 2701)
[M::mem_pestat] low and high boundaries for computing mean and std.dev: (1, 6977)
[M::mem_pestat] mean and std.dev: (1791.75, 1551.91)
[M::mem_pestat] low and high boundaries for proper pairs: (1, 9115)
[M::mem_pestat] analyzing insert size distribution for orientation FR...
[M::mem_pestat] (25, 50, 75) percentile: (511, 529, 560)
[M::mem_pestat] low and high boundaries for computing mean and std.dev: (413, 658)
[M::mem_pestat] mean and std.dev: (539.01, 35.78)
[M::mem_pestat] low and high boundaries for proper pairs: (364, 707)
[M::mem_pestat] skip orientation RF as there are not enough pairs
[M::mem_pestat] analyzing insert size distribution for orientation RR...
[M::mem_pestat] (25, 50, 75) percentile: (973, 1436, 2288)
[M::mem_pestat] low and high boundaries for computing mean and std.dev: (1, 4918)
[M::mem_pestat] mean and std.dev: (1762.92, 1129.71)
[M::mem_pestat] low and high boundaries for proper pairs: (1, 6282)
[M::mem_pestat] skip orientation FF
[M::mem_pestat] skip orientation RR
[M::mem_process_seqs] Processed 266668 reads in 324.143 CPU sec, 81.213 real sec
[M::process] read 266668 sequences (40000200 bp)...
[M::mem_pestat] # candidate unique pairs for (FF, FR, RF, RR): (102, 46728, 11, 83)
[M::mem_pestat] analyzing insert size distribution for orientation FF...
[M::mem_pestat] (25, 50, 75) percentile: (440, 1164, 2032)
[M::mem_pestat] low and high boundaries for computing mean and std.dev: (1, 5216)
[M::mem_pestat] mean and std.dev: (1352.28, 1173.90)
[M::mem_pestat] low and high boundaries for proper pairs: (1, 6808)
[M::mem_pestat] analyzing insert size distribution for orientation FR...
[M::mem_pestat] (25, 50, 75) percentile: (511, 529, 561)
[M::mem_pestat] low and high boundaries for computing mean and std.dev: (411, 661)
[M::mem_pestat] mean and std.dev: (539.52, 36.17)
[M::mem_pestat] low and high boundaries for proper pairs: (361, 711)
[M::mem_pestat] analyzing insert size distribution for orientation RF...
[M::mem_pestat] (25, 50, 75) percentile: (2557, 4993, 7486)
[M::mem_pestat] low and high boundaries for computing mean and std.dev: (1, 17344)
[M::mem_pestat] mean and std.dev: (4698.36, 2968.55)
[M::mem_pestat] low and high boundaries for proper pairs: (1, 22273)
[M::mem_pestat] analyzing insert size distribution for orientation RR...
[M::mem_pestat] (25, 50, 75) percentile: (972, 1509, 2841)
[M::mem_pestat] low and high boundaries for computing mean and std.dev: (1, 6579)
[M::mem_pestat] mean and std.dev: (1941.56, 1416.43)
[M::mem_pestat] low and high boundaries for proper pairs: (1, 8448)
[M::mem_pestat] skip orientation FF
[M::mem_pestat] skip orientation RF
[M::mem_pestat] skip orientation RR
[M::mem_process_seqs] Processed 266668 reads in 319.438 CPU sec, 80.024 real sec
[M::process] read 266668 sequences (40000200 bp)...
[M::mem_pestat] # candidate unique pairs for (FF, FR, RF, RR): (75, 46643, 12, 95)
[M::mem_pestat] analyzing insert size distribution for orientation FF...
[M::mem_pestat] (25, 50, 75) percentile: (544, 1214, 2091)
[M::mem_pestat] low and high boundaries for computing mean and std.dev: (1, 5185)
[M::mem_pestat] mean and std.dev: (1407.73, 1180.06)
[M::mem_pestat] low and high boundaries for proper pairs: (1, 6732)
[M::mem_pestat] analyzing insert size distribution for orientation FR...
[M::mem_pestat] (25, 50, 75) percentile: (511, 530, 561)
[M::mem_pestat] low and high boundaries for computing mean and std.dev: (411, 661)
[M::mem_pestat] mean and std.dev: (539.66, 36.52)
[M::mem_pestat] low and high boundaries for proper pairs: (361, 711)
[M::mem_pestat] analyzing insert size distribution for orientation RF...
[M::mem_pestat] (25, 50, 75) percentile: (743, 2655, 7023)
[M::mem_pestat] low and high boundaries for computing mean and std.dev: (1, 19583)
[M::mem_pestat] mean and std.dev: (3518.75, 2802.06)
[M::mem_pestat] low and high boundaries for proper pairs: (1, 25863)
[M::mem_pestat] analyzing insert size distribution for orientation RR...
[M::mem_pestat] (25, 50, 75) percentile: (980, 1570, 2845)
[M::mem_pestat] low and high boundaries for computing mean and std.dev: (1, 6575)
[M::mem_pestat] mean and std.dev: (2031.98, 1496.82)
[M::mem_pestat] low and high boundaries for proper pairs: (1, 8440)
[M::mem_pestat] skip orientation FF
[M::mem_pestat] skip orientation RF
[M::mem_pestat] skip orientation RR
[M::mem_process_seqs] Processed 266668 reads in 328.185 CPU sec, 82.187 real sec
[M::process] read 266668 sequences (40000200 bp)...
[M::mem_pestat] # candidate unique pairs for (FF, FR, RF, RR): (78, 46201, 7, 92)
[M::mem_pestat] analyzing insert size distribution for orientation FF...
[M::mem_pestat] (25, 50, 75) percentile: (506, 1168, 2233)
[M::mem_pestat] low and high boundaries for computing mean and std.dev: (1, 5687)
[M::mem_pestat] mean and std.dev: (1445.14, 1261.44)
[M::mem_pestat] low and high boundaries for proper pairs: (1, 7414)
[M::mem_pestat] analyzing insert size distribution for orientation FR...
[M::mem_pestat] (25, 50, 75) percentile: (511, 529, 560)
[M::mem_pestat] low and high boundaries for computing mean and std.dev: (413, 658)
[M::mem_pestat] mean and std.dev: (539.34, 36.24)
[M::mem_pestat] low and high boundaries for proper pairs: (364, 707)
[M::mem_pestat] skip orientation RF as there are not enough pairs
[M::mem_pestat] analyzing insert size distribution for orientation RR...
[M::mem_pestat] (25, 50, 75) percentile: (939, 1609, 2802)
[M::mem_pestat] low and high boundaries for computing mean and std.dev: (1, 6528)
[M::mem_pestat] mean and std.dev: (1876.21, 1339.61)
[M::mem_pestat] low and high boundaries for proper pairs: (1, 8391)
[M::mem_pestat] skip orientation FF
[M::mem_pestat] skip orientation RR
[M::mem_process_seqs] Processed 266668 reads in 334.849 CPU sec, 83.881 real sec
[M::process] read 266668 sequences (40000200 bp)...
[M::mem_pestat] # candidate unique pairs for (FF, FR, RF, RR): (91, 46649, 2, 86)
[M::mem_pestat] analyzing insert size distribution for orientation FF...
[M::mem_pestat] (25, 50, 75) percentile: (612, 1108, 2339)
[M::mem_pestat] low and high boundaries for computing mean and std.dev: (1, 5793)
[M::mem_pestat] mean and std.dev: (1386.30, 1242.95)
[M::mem_pestat] low and high boundaries for proper pairs: (1, 7520)
[M::mem_pestat] analyzing insert size distribution for orientation FR...
[M::mem_pestat] (25, 50, 75) percentile: (511, 529, 561)
[M::mem_pestat] low and high boundaries for computing mean and std.dev: (411, 661)
[M::mem_pestat] mean and std.dev: (539.43, 36.27)
[M::mem_pestat] low and high boundaries for proper pairs: (361, 711)
[M::mem_pestat] skip orientation RF as there are not enough pairs
[M::mem_pestat] analyzing insert size distribution for orientation RR...
[M::mem_pestat] (25, 50, 75) percentile: (1003, 2076, 3791)
[M::mem_pestat] low and high boundaries for computing mean and std.dev: (1, 9367)
[M::mem_pestat] mean and std.dev: (2441.02, 1881.72)
[M::mem_pestat] low and high boundaries for proper pairs: (1, 12155)
[M::mem_pestat] skip orientation FF
[M::mem_pestat] skip orientation RR
[M::mem_process_seqs] Processed 266668 reads in 328.576 CPU sec, 82.300 real sec
[M::process] read 266668 sequences (40000200 bp)...
[M::mem_pestat] # candidate unique pairs for (FF, FR, RF, RR): (99, 47006, 4, 91)
[M::mem_pestat] analyzing insert size distribution for orientation FF...
[M::mem_pestat] (25, 50, 75) percentile: (718, 1354, 2247)
[M::mem_pestat] low and high boundaries for computing mean and std.dev: (1, 5305)
[M::mem_pestat] mean and std.dev: (1430.72, 1110.75)
[M::mem_pestat] low and high boundaries for proper pairs: (1, 6834)
[M::mem_pestat] analyzing insert size distribution for orientation FR...
[M::mem_pestat] (25, 50, 75) percentile: (511, 529, 560)
[M::mem_pestat] low and high boundaries for computing mean and std.dev: (413, 658)
[M::mem_pestat] mean and std.dev: (539.36, 35.95)
[M::mem_pestat] low and high boundaries for proper pairs: (364, 707)
[M::mem_pestat] skip orientation RF as there are not enough pairs
[M::mem_pestat] analyzing insert size distribution for orientation RR...
[M::mem_pestat] (25, 50, 75) percentile: (1078, 1551, 2277)
[M::mem_pestat] low and high boundaries for computing mean and std.dev: (1, 4675)
[M::mem_pestat] mean and std.dev: (1652.00, 920.34)
[M::mem_pestat] low and high boundaries for proper pairs: (1, 5874)
[M::mem_pestat] skip orientation FF
[M::mem_pestat] skip orientation RR
[M::mem_process_seqs] Processed 266668 reads in 325.551 CPU sec, 81.555 real sec
[M::process] read 266668 sequences (40000200 bp)...
[M::mem_pestat] # candidate unique pairs for (FF, FR, RF, RR): (95, 46348, 7, 101)
[M::mem_pestat] analyzing insert size distribution for orientation FF...
[M::mem_pestat] (25, 50, 75) percentile: (396, 1214, 2007)
[M::mem_pestat] low and high boundaries for computing mean and std.dev: (1, 5229)
[M::mem_pestat] mean and std.dev: (1326.43, 1116.17)
[M::mem_pestat] low and high boundaries for proper pairs: (1, 6840)
[M::mem_pestat] analyzing insert size distribution for orientation FR...
[M::mem_pestat] (25, 50, 75) percentile: (511, 530, 561)
[M::mem_pestat] low and high boundaries for computing mean and std.dev: (411, 661)
[M::mem_pestat] mean and std.dev: (539.61, 36.50)
[M::mem_pestat] low and high boundaries for proper pairs: (361, 711)
[M::mem_pestat] skip orientation RF as there are not enough pairs
[M::mem_pestat] analyzing insert size distribution for orientation RR...
[M::mem_pestat] (25, 50, 75) percentile: (981, 1310, 2523)
[M::mem_pestat] low and high boundaries for computing mean and std.dev: (1, 5607)
[M::mem_pestat] mean and std.dev: (1633.00, 1113.86)
[M::mem_pestat] low and high boundaries for proper pairs: (1, 7149)
[M::mem_pestat] skip orientation FF
[M::mem_pestat] skip orientation RR
[M::mem_process_seqs] Processed 266668 reads in 325.446 CPU sec, 81.541 real sec
[M::process] read 266668 sequences (40000200 bp)...
[M::mem_pestat] # candidate unique pairs for (FF, FR, RF, RR): (106, 46681, 8, 90)
[M::mem_pestat] analyzing insert size distribution for orientation FF...
[M::mem_pestat] (25, 50, 75) percentile: (510, 1306, 2261)
[M::mem_pestat] low and high boundaries for computing mean and std.dev: (1, 5763)
[M::mem_pestat] mean and std.dev: (1568.18, 1288.35)
[M::mem_pestat] low and high boundaries for proper pairs: (1, 7514)
[M::mem_pestat] analyzing insert size distribution for orientation FR...
[M::mem_pestat] (25, 50, 75) percentile: (511, 529, 561)
[M::mem_pestat] low and high boundaries for computing mean and std.dev: (411, 661)
[M::mem_pestat] mean and std.dev: (539.47, 36.58)
[M::mem_pestat] low and high boundaries for proper pairs: (361, 711)
[M::mem_pestat] skip orientation RF as there are not enough pairs
[M::mem_pestat] analyzing insert size distribution for orientation RR...
[M::mem_pestat] (25, 50, 75) percentile: (905, 1465, 2397)
[M::mem_pestat] low and high boundaries for computing mean and std.dev: (1, 5381)
[M::mem_pestat] mean and std.dev: (1655.69, 1054.51)
[M::mem_pestat] low and high boundaries for proper pairs: (1, 6873)
[M::mem_pestat] skip orientation FF
[M::mem_pestat] skip orientation RR
[M::mem_process_seqs] Processed 266668 reads in 329.036 CPU sec, 82.400 real sec
[M::process] read 266668 sequences (40000200 bp)...
[M::mem_pestat] # candidate unique pairs for (FF, FR, RF, RR): (82, 46314, 9, 75)
[M::mem_pestat] analyzing insert size distribution for orientation FF...
[M::mem_pestat] (25, 50, 75) percentile: (419, 1149, 2191)
[M::mem_pestat] low and high boundaries for computing mean and std.dev: (1, 5735)
[M::mem_pestat] mean and std.dev: (1474.54, 1323.09)
[M::mem_pestat] low and high boundaries for proper pairs: (1, 7507)
[M::mem_pestat] analyzing insert size distribution for orientation FR...
[M::mem_pestat] (25, 50, 75) percentile: (511, 530, 561)
[M::mem_pestat] low and high boundaries for computing mean and std.dev: (411, 661)
[M::mem_pestat] mean and std.dev: (539.42, 36.33)
[M::mem_pestat] low and high boundaries for proper pairs: (361, 711)
[M::mem_pestat] skip orientation RF as there are not enough pairs
[M::mem_pestat] analyzing insert size distribution for orientation RR...
[M::mem_pestat] (25, 50, 75) percentile: (927, 1366, 2479)
[M::mem_pestat] low and high boundaries for computing mean and std.dev: (1, 5583)
[M::mem_pestat] mean and std.dev: (1686.45, 1081.22)
[M::mem_pestat] low and high boundaries for proper pairs: (1, 7135)
[M::mem_pestat] skip orientation FF
[M::mem_pestat] skip orientation RR
[M::mem_process_seqs] Processed 266668 reads in 327.311 CPU sec, 81.981 real sec
[M::process] read 266668 sequences (40000200 bp)...
[M::mem_pestat] # candidate unique pairs for (FF, FR, RF, RR): (97, 46643, 5, 98)
[M::mem_pestat] analyzing insert size distribution for orientation FF...
[M::mem_pestat] (25, 50, 75) percentile: (289, 1037, 2027)
[M::mem_pestat] low and high boundaries for computing mean and std.dev: (1, 5503)
[M::mem_pestat] mean and std.dev: (1333.99, 1218.05)
[M::mem_pestat] low and high boundaries for proper pairs: (1, 7241)
[M::mem_pestat] analyzing insert size distribution for orientation FR...
[M::mem_pestat] (25, 50, 75) percentile: (511, 529, 561)
[M::mem_pestat] low and high boundaries for computing mean and std.dev: (411, 661)
[M::mem_pestat] mean and std.dev: (539.80, 36.54)
[M::mem_pestat] low and high boundaries for proper pairs: (361, 711)
[M::mem_pestat] skip orientation RF as there are not enough pairs
[M::mem_pestat] analyzing insert size distribution for orientation RR...
[M::mem_pestat] (25, 50, 75) percentile: (860, 1549, 2483)
[M::mem_pestat] low and high boundaries for computing mean and std.dev: (1, 5729)
[M::mem_pestat] mean and std.dev: (1713.09, 1181.30)
[M::mem_pestat] low and high boundaries for proper pairs: (1, 7352)
[M::mem_pestat] skip orientation FF
[M::mem_pestat] skip orientation RR
[M::mem_process_seqs] Processed 266668 reads in 322.930 CPU sec, 80.868 real sec
[M::process] read 266668 sequences (40000200 bp)...
[M::mem_pestat] # candidate unique pairs for (FF, FR, RF, RR): (97, 46726, 9, 93)
[M::mem_pestat] analyzing insert size distribution for orientation FF...
[M::mem_pestat] (25, 50, 75) percentile: (504, 1339, 2386)
[M::mem_pestat] low and high boundaries for computing mean and std.dev: (1, 6150)
[M::mem_pestat] mean and std.dev: (1571.81, 1268.39)
[M::mem_pestat] low and high boundaries for proper pairs: (1, 8032)
[M::mem_pestat] analyzing insert size distribution for orientation FR...
[M::mem_pestat] (25, 50, 75) percentile: (511, 530, 562)
[M::mem_pestat] low and high boundaries for computing mean and std.dev: (409, 664)
[M::mem_pestat] mean and std.dev: (539.96, 36.81)
[M::mem_pestat] low and high boundaries for proper pairs: (358, 715)
[M::mem_pestat] skip orientation RF as there are not enough pairs
[M::mem_pestat] analyzing insert size distribution for orientation RR...
[M::mem_pestat] (25, 50, 75) percentile: (1004, 1407, 2603)
[M::mem_pestat] low and high boundaries for computing mean and std.dev: (1, 5801)
[M::mem_pestat] mean and std.dev: (1838.86, 1280.21)
[M::mem_pestat] low and high boundaries for proper pairs: (1, 7400)
[M::mem_pestat] skip orientation FF
[M::mem_pestat] skip orientation RR
[M::mem_process_seqs] Processed 266668 reads in 335.745 CPU sec, 84.075 real sec
[M::process] read 266668 sequences (40000200 bp)...
[M::mem_pestat] # candidate unique pairs for (FF, FR, RF, RR): (104, 46247, 8, 101)
[M::mem_pestat] analyzing insert size distribution for orientation FF...
[M::mem_pestat] (25, 50, 75) percentile: (543, 1362, 2321)
[M::mem_pestat] low and high boundaries for computing mean and std.dev: (1, 5877)
[M::mem_pestat] mean and std.dev: (1534.00, 1275.05)
[M::mem_pestat] low and high boundaries for proper pairs: (1, 7655)
[M::mem_pestat] analyzing insert size distribution for orientation FR...
[M::mem_pestat] (25, 50, 75) percentile: (511, 530, 561)
[M::mem_pestat] low and high boundaries for computing mean and std.dev: (411, 661)
[M::mem_pestat] mean and std.dev: (539.63, 36.36)
[M::mem_pestat] low and high boundaries for proper pairs: (361, 711)
[M::mem_pestat] skip orientation RF as there are not enough pairs
[M::mem_pestat] analyzing insert size distribution for orientation RR...
[M::mem_pestat] (25, 50, 75) percentile: (1059, 1423, 2498)
[M::mem_pestat] low and high boundaries for computing mean and std.dev: (1, 5376)
[M::mem_pestat] mean and std.dev: (1638.05, 979.43)
[M::mem_pestat] low and high boundaries for proper pairs: (1, 6815)
[M::mem_pestat] skip orientation FF
[M::mem_pestat] skip orientation RR
[M::mem_process_seqs] Processed 266668 reads in 332.255 CPU sec, 83.206 real sec
[M::process] read 266668 sequences (40000200 bp)...
[M::mem_pestat] # candidate unique pairs for (FF, FR, RF, RR): (100, 47020, 9, 104)
[M::mem_pestat] analyzing insert size distribution for orientation FF...
[M::mem_pestat] (25, 50, 75) percentile: (445, 1047, 1959)
[M::mem_pestat] low and high boundaries for computing mean and std.dev: (1, 4987)
[M::mem_pestat] mean and std.dev: (1270.02, 1094.97)
[M::mem_pestat] low and high boundaries for proper pairs: (1, 6501)
[M::mem_pestat] analyzing insert size distribution for orientation FR...
[M::mem_pestat] (25, 50, 75) percentile: (511, 530, 561)
[M::mem_pestat] low and high boundaries for computing mean and std.dev: (411, 661)
[M::mem_pestat] mean and std.dev: (539.81, 36.39)
[M::mem_pestat] low and high boundaries for proper pairs: (361, 711)
[M::mem_pestat] skip orientation RF as there are not enough pairs
[M::mem_pestat] analyzing insert size distribution for orientation RR...
[M::mem_pestat] (25, 50, 75) percentile: (919, 1505, 2383)
[M::mem_pestat] low and high boundaries for computing mean and std.dev: (1, 5311)
[M::mem_pestat] mean and std.dev: (1747.28, 1214.70)
[M::mem_pestat] low and high boundaries for proper pairs: (1, 6775)
[M::mem_pestat] skip orientation FF
[M::mem_pestat] skip orientation RR
[M::mem_process_seqs] Processed 266668 reads in 323.516 CPU sec, 81.033 real sec
[M::process] read 266668 sequences (40000200 bp)...
[M::mem_pestat] # candidate unique pairs for (FF, FR, RF, RR): (107, 47052, 1, 85)
[M::mem_pestat] analyzing insert size distribution for orientation FF...
[M::mem_pestat] (25, 50, 75) percentile: (290, 1151, 2596)
[M::mem_pestat] low and high boundaries for computing mean and std.dev: (1, 7208)
[M::mem_pestat] mean and std.dev: (1633.58, 1622.60)
[M::mem_pestat] low and high boundaries for proper pairs: (1, 9514)
[M::mem_pestat] analyzing insert size distribution for orientation FR...
[M::mem_pestat] (25, 50, 75) percentile: (511, 529, 561)
[M::mem_pestat] low and high boundaries for computing mean and std.dev: (411, 661)
[M::mem_pestat] mean and std.dev: (539.60, 36.67)
[M::mem_pestat] low and high boundaries for proper pairs: (361, 711)
[M::mem_pestat] skip orientation RF as there are not enough pairs
[M::mem_pestat] analyzing insert size distribution for orientation RR...
[M::mem_pestat] (25, 50, 75) percentile: (848, 1392, 3080)
[M::mem_pestat] low and high boundaries for computing mean and std.dev: (1, 7544)
[M::mem_pestat] mean and std.dev: (1994.30, 1749.22)
[M::mem_pestat] low and high boundaries for proper pairs: (1, 9776)
[M::mem_pestat] skip orientation FF
[M::mem_pestat] skip orientation RR
[M::mem_process_seqs] Processed 266668 reads in 326.162 CPU sec, 81.701 real sec
[M::process] read 266668 sequences (40000200 bp)...
[M::mem_pestat] # candidate unique pairs for (FF, FR, RF, RR): (84, 46789, 9, 98)
[M::mem_pestat] analyzing insert size distribution for orientation FF...
[M::mem_pestat] (25, 50, 75) percentile: (643, 1376, 2737)
[M::mem_pestat] low and high boundaries for computing mean and std.dev: (1, 6925)
[M::mem_pestat] mean and std.dev: (1801.94, 1564.31)
[M::mem_pestat] low and high boundaries for proper pairs: (1, 9019)
[M::mem_pestat] analyzing insert size distribution for orientation FR...
[M::mem_pestat] (25, 50, 75) percentile: (511, 529, 561)
[M::mem_pestat] low and high boundaries for computing mean and std.dev: (411, 661)
[M::mem_pestat] mean and std.dev: (539.76, 36.56)
[M::mem_pestat] low and high boundaries for proper pairs: (361, 711)
[M::mem_pestat] skip orientation RF as there are not enough pairs
[M::mem_pestat] analyzing insert size distribution for orientation RR...
[M::mem_pestat] (25, 50, 75) percentile: (954, 1470, 2082)
[M::mem_pestat] low and high boundaries for computing mean and std.dev: (1, 4338)
[M::mem_pestat] mean and std.dev: (1543.79, 891.67)
[M::mem_pestat] low and high boundaries for proper pairs: (1, 5466)
[M::mem_pestat] skip orientation FF
[M::mem_pestat] skip orientation RR
[M::mem_process_seqs] Processed 266668 reads in 326.710 CPU sec, 81.844 real sec
[M::process] read 266668 sequences (40000200 bp)...
[M::mem_pestat] # candidate unique pairs for (FF, FR, RF, RR): (93, 46839, 7, 76)
[M::mem_pestat] analyzing insert size distribution for orientation FF...
[M::mem_pestat] (25, 50, 75) percentile: (529, 1344, 1957)
[M::mem_pestat] low and high boundaries for computing mean and std.dev: (1, 4813)
[M::mem_pestat] mean and std.dev: (1359.75, 998.67)
[M::mem_pestat] low and high boundaries for proper pairs: (1, 6241)
[M::mem_pestat] analyzing insert size distribution for orientation FR...
[M::mem_pestat] (25, 50, 75) percentile: (511, 530, 561)
[M::mem_pestat] low and high boundaries for computing mean and std.dev: (411, 661)
[M::mem_pestat] mean and std.dev: (539.79, 36.63)
[M::mem_pestat] low and high boundaries for proper pairs: (361, 711)
[M::mem_pestat] skip orientation RF as there are not enough pairs
[M::mem_pestat] analyzing insert size distribution for orientation RR...
[M::mem_pestat] (25, 50, 75) percentile: (1084, 1513, 2175)
[M::mem_pestat] low and high boundaries for computing mean and std.dev: (1, 4357)
[M::mem_pestat] mean and std.dev: (1625.17, 948.46)
[M::mem_pestat] low and high boundaries for proper pairs: (1, 5448)
[M::mem_pestat] skip orientation FF
[M::mem_pestat] skip orientation RR
[M::mem_process_seqs] Processed 266668 reads in 326.421 CPU sec, 81.751 real sec
[M::process] read 266668 sequences (40000200 bp)...
[M::mem_pestat] # candidate unique pairs for (FF, FR, RF, RR): (102, 46699, 11, 96)
[M::mem_pestat] analyzing insert size distribution for orientation FF...
[M::mem_pestat] (25, 50, 75) percentile: (500, 1152, 2109)
[M::mem_pestat] low and high boundaries for computing mean and std.dev: (1, 5327)
[M::mem_pestat] mean and std.dev: (1367.55, 1074.07)
[M::mem_pestat] low and high boundaries for proper pairs: (1, 6936)
[M::mem_pestat] analyzing insert size distribution for orientation FR...
[M::mem_pestat] (25, 50, 75) percentile: (511, 530, 561)
[M::mem_pestat] low and high boundaries for computing mean and std.dev: (411, 661)
[M::mem_pestat] mean and std.dev: (539.81, 36.52)
[M::mem_pestat] low and high boundaries for proper pairs: (361, 711)
[M::mem_pestat] analyzing insert size distribution for orientation RF...
[M::mem_pestat] (25, 50, 75) percentile: (544, 1524, 4528)
[M::mem_pestat] low and high boundaries for computing mean and std.dev: (1, 12496)
[M::mem_pestat] mean and std.dev: (2836.09, 2718.52)
[M::mem_pestat] low and high boundaries for proper pairs: (1, 16480)
[M::mem_pestat] analyzing insert size distribution for orientation RR...
[M::mem_pestat] (25, 50, 75) percentile: (908, 1717, 3050)
[M::mem_pestat] low and high boundaries for computing mean and std.dev: (1, 7334)
[M::mem_pestat] mean and std.dev: (2111.00, 1694.99)
[M::mem_pestat] low and high boundaries for proper pairs: (1, 9476)
[M::mem_pestat] skip orientation FF
[M::mem_pestat] skip orientation RF
[M::mem_pestat] skip orientation RR
[M::mem_process_seqs] Processed 266668 reads in 325.838 CPU sec, 81.982 real sec
[M::process] read 266668 sequences (40000200 bp)...
[M::mem_pestat] # candidate unique pairs for (FF, FR, RF, RR): (117, 46624, 5, 86)
[M::mem_pestat] analyzing insert size distribution for orientation FF...
[M::mem_pestat] (25, 50, 75) percentile: (531, 1330, 2186)
[M::mem_pestat] low and high boundaries for computing mean and std.dev: (1, 5496)
[M::mem_pestat] mean and std.dev: (1442.37, 1208.22)
[M::mem_pestat] low and high boundaries for proper pairs: (1, 7151)
[M::mem_pestat] analyzing insert size distribution for orientation FR...
[M::mem_pestat] (25, 50, 75) percentile: (511, 530, 561)
[M::mem_pestat] low and high boundaries for computing mean and std.dev: (411, 661)
[M::mem_pestat] mean and std.dev: (539.77, 36.17)
[M::mem_pestat] low and high boundaries for proper pairs: (361, 711)
[M::mem_pestat] skip orientation RF as there are not enough pairs
[M::mem_pestat] analyzing insert size distribution for orientation RR...
[M::mem_pestat] (25, 50, 75) percentile: (821, 1323, 2060)
[M::mem_pestat] low and high boundaries for computing mean and std.dev: (1, 4538)
[M::mem_pestat] mean and std.dev: (1507.60, 977.70)
[M::mem_pestat] low and high boundaries for proper pairs: (1, 5777)
[M::mem_pestat] skip orientation FF
[M::mem_pestat] skip orientation RR
[M::mem_process_seqs] Processed 266668 reads in 325.514 CPU sec, 81.913 real sec
[M::process] read 266668 sequences (40000200 bp)...
[M::mem_pestat] # candidate unique pairs for (FF, FR, RF, RR): (75, 46907, 4, 96)
[M::mem_pestat] analyzing insert size distribution for orientation FF...
[M::mem_pestat] (25, 50, 75) percentile: (249, 860, 1923)
[M::mem_pestat] low and high boundaries for computing mean and std.dev: (1, 5271)
[M::mem_pestat] mean and std.dev: (1102.43, 1075.87)
[M::mem_pestat] low and high boundaries for proper pairs: (1, 6945)
[M::mem_pestat] analyzing insert size distribution for orientation FR...
[M::mem_pestat] (25, 50, 75) percentile: (511, 530, 561)
[M::mem_pestat] low and high boundaries for computing mean and std.dev: (411, 661)
[M::mem_pestat] mean and std.dev: (539.65, 36.19)
[M::mem_pestat] low and high boundaries for proper pairs: (361, 711)
[M::mem_pestat] skip orientation RF as there are not enough pairs
[M::mem_pestat] analyzing insert size distribution for orientation RR...
[M::mem_pestat] (25, 50, 75) percentile: (1000, 1479, 2409)
[M::mem_pestat] low and high boundaries for computing mean and std.dev: (1, 5227)
[M::mem_pestat] mean and std.dev: (1658.21, 1013.43)
[M::mem_pestat] low and high boundaries for proper pairs: (1, 6636)
[M::mem_pestat] skip orientation FF
[M::mem_pestat] skip orientation RR
[M::mem_process_seqs] Processed 266668 reads in 320.946 CPU sec, 80.518 real sec
[M::process] read 266668 sequences (40000200 bp)...
[M::mem_pestat] # candidate unique pairs for (FF, FR, RF, RR): (94, 47148, 6, 96)
[M::mem_pestat] analyzing insert size distribution for orientation FF...
[M::mem_pestat] (25, 50, 75) percentile: (332, 1196, 2036)
[M::mem_pestat] low and high boundaries for computing mean and std.dev: (1, 5444)
[M::mem_pestat] mean and std.dev: (1368.18, 1117.90)
[M::mem_pestat] low and high boundaries for proper pairs: (1, 7148)
[M::mem_pestat] analyzing insert size distribution for orientation FR...
[M::mem_pestat] (25, 50, 75) percentile: (511, 530, 562)
[M::mem_pestat] low and high boundaries for computing mean and std.dev: (409, 664)
[M::mem_pestat] mean and std.dev: (540.30, 37.22)
[M::mem_pestat] low and high boundaries for proper pairs: (358, 715)
[M::mem_pestat] skip orientation RF as there are not enough pairs
[M::mem_pestat] analyzing insert size distribution for orientation RR...
[M::mem_pestat] (25, 50, 75) percentile: (1024, 1455, 2323)
[M::mem_pestat] low and high boundaries for computing mean and std.dev: (1, 4921)
[M::mem_pestat] mean and std.dev: (1647.06, 959.52)
[M::mem_pestat] low and high boundaries for proper pairs: (1, 6220)
[M::mem_pestat] skip orientation FF
[M::mem_pestat] skip orientation RR
[M::mem_process_seqs] Processed 266668 reads in 324.655 CPU sec, 81.470 real sec
[M::process] read 266668 sequences (40000200 bp)...
[M::mem_pestat] # candidate unique pairs for (FF, FR, RF, RR): (76, 46538, 11, 87)
[M::mem_pestat] analyzing insert size distribution for orientation FF...
[M::mem_pestat] (25, 50, 75) percentile: (786, 1594, 3040)
[M::mem_pestat] low and high boundaries for computing mean and std.dev: (1, 7548)
[M::mem_pestat] mean and std.dev: (1897.10, 1688.20)
[M::mem_pestat] low and high boundaries for proper pairs: (1, 9802)
[M::mem_pestat] analyzing insert size distribution for orientation FR...
[M::mem_pestat] (25, 50, 75) percentile: (511, 529, 561)
[M::mem_pestat] low and high boundaries for computing mean and std.dev: (411, 661)
[M::mem_pestat] mean and std.dev: (539.44, 36.70)
[M::mem_pestat] low and high boundaries for proper pairs: (361, 711)
[M::mem_pestat] analyzing insert size distribution for orientation RF...
[M::mem_pestat] (25, 50, 75) percentile: (1630, 2167, 3503)
[M::mem_pestat] low and high boundaries for computing mean and std.dev: (1, 7249)
[M::mem_pestat] mean and std.dev: (2080.80, 1765.15)
[M::mem_pestat] low and high boundaries for proper pairs: (1, 9141)
[M::mem_pestat] analyzing insert size distribution for orientation RR...
[M::mem_pestat] (25, 50, 75) percentile: (971, 1494, 2228)
[M::mem_pestat] low and high boundaries for computing mean and std.dev: (1, 4742)
[M::mem_pestat] mean and std.dev: (1537.66, 939.99)
[M::mem_pestat] low and high boundaries for proper pairs: (1, 5999)
[M::mem_pestat] skip orientation FF
[M::mem_pestat] skip orientation RF
[M::mem_pestat] skip orientation RR
[M::mem_process_seqs] Processed 266668 reads in 334.919 CPU sec, 83.896 real sec
[M::process] read 266668 sequences (40000200 bp)...
[M::mem_pestat] # candidate unique pairs for (FF, FR, RF, RR): (99, 46736, 6, 112)
[M::mem_pestat] analyzing insert size distribution for orientation FF...
[M::mem_pestat] (25, 50, 75) percentile: (534, 1145, 2023)
[M::mem_pestat] low and high boundaries for computing mean and std.dev: (1, 5001)
[M::mem_pestat] mean and std.dev: (1303.03, 955.29)
[M::mem_pestat] low and high boundaries for proper pairs: (1, 6490)
[M::mem_pestat] analyzing insert size distribution for orientation FR...
[M::mem_pestat] (25, 50, 75) percentile: (511, 530, 562)
[M::mem_pestat] low and high boundaries for computing mean and std.dev: (409, 664)
[M::mem_pestat] mean and std.dev: (540.17, 37.10)
[M::mem_pestat] low and high boundaries for proper pairs: (358, 715)
[M::mem_pestat] skip orientation RF as there are not enough pairs
[M::mem_pestat] analyzing insert size distribution for orientation RR...
[M::mem_pestat] (25, 50, 75) percentile: (952, 1383, 2368)
[M::mem_pestat] low and high boundaries for computing mean and std.dev: (1, 5200)
[M::mem_pestat] mean and std.dev: (1624.06, 981.10)
[M::mem_pestat] low and high boundaries for proper pairs: (1, 6616)
[M::mem_pestat] skip orientation FF
[M::mem_pestat] skip orientation RR
[M::mem_process_seqs] Processed 266668 reads in 328.999 CPU sec, 82.425 real sec
[M::process] read 266668 sequences (40000200 bp)...
[M::mem_pestat] # candidate unique pairs for (FF, FR, RF, RR): (98, 47047, 11, 95)
[M::mem_pestat] analyzing insert size distribution for orientation FF...
[M::mem_pestat] (25, 50, 75) percentile: (605, 1265, 2390)
[M::mem_pestat] low and high boundaries for computing mean and std.dev: (1, 5960)
[M::mem_pestat] mean and std.dev: (1589.62, 1304.34)
[M::mem_pestat] low and high boundaries for proper pairs: (1, 7745)
[M::mem_pestat] analyzing insert size distribution for orientation FR...
[M::mem_pestat] (25, 50, 75) percentile: (511, 530, 562)
[M::mem_pestat] low and high boundaries for computing mean and std.dev: (409, 664)
[M::mem_pestat] mean and std.dev: (540.42, 37.24)
[M::mem_pestat] low and high boundaries for proper pairs: (358, 715)
[M::mem_pestat] analyzing insert size distribution for orientation RF...
[M::mem_pestat] (25, 50, 75) percentile: (367, 1888, 3611)
[M::mem_pestat] low and high boundaries for computing mean and std.dev: (1, 10099)
[M::mem_pestat] mean and std.dev: (2161.27, 2043.33)
[M::mem_pestat] low and high boundaries for proper pairs: (1, 13343)
[M::mem_pestat] analyzing insert size distribution for orientation RR...
[M::mem_pestat] (25, 50, 75) percentile: (796, 1332, 1957)
[M::mem_pestat] low and high boundaries for computing mean and std.dev: (1, 4279)
[M::mem_pestat] mean and std.dev: (1385.12, 921.51)
[M::mem_pestat] low and high boundaries for proper pairs: (1, 5440)
[M::mem_pestat] skip orientation FF
[M::mem_pestat] skip orientation RF
[M::mem_pestat] skip orientation RR
[M::mem_process_seqs] Processed 266668 reads in 328.113 CPU sec, 82.177 real sec
[M::process] read 266668 sequences (40000200 bp)...
[M::mem_pestat] # candidate unique pairs for (FF, FR, RF, RR): (95, 47475, 10, 103)
[M::mem_pestat] analyzing insert size distribution for orientation FF...
[M::mem_pestat] (25, 50, 75) percentile: (593, 1102, 2161)
[M::mem_pestat] low and high boundaries for computing mean and std.dev: (1, 5297)
[M::mem_pestat] mean and std.dev: (1473.63, 1242.59)
[M::mem_pestat] low and high boundaries for proper pairs: (1, 6865)
[M::mem_pestat] analyzing insert size distribution for orientation FR...
[M::mem_pestat] (25, 50, 75) percentile: (511, 530, 562)
[M::mem_pestat] low and high boundaries for computing mean and std.dev: (409, 664)
[M::mem_pestat] mean and std.dev: (540.17, 36.97)
[M::mem_pestat] low and high boundaries for proper pairs: (358, 715)
[M::mem_pestat] analyzing insert size distribution for orientation RF...
[M::mem_pestat] (25, 50, 75) percentile: (156, 2015, 4282)
[M::mem_pestat] low and high boundaries for computing mean and std.dev: (1, 12534)
[M::mem_pestat] mean and std.dev: (2596.20, 2628.70)
[M::mem_pestat] low and high boundaries for proper pairs: (1, 16660)
[M::mem_pestat] analyzing insert size distribution for orientation RR...
[M::mem_pestat] (25, 50, 75) percentile: (980, 1421, 2576)
[M::mem_pestat] low and high boundaries for computing mean and std.dev: (1, 5768)
[M::mem_pestat] mean and std.dev: (1820.72, 1319.57)
[M::mem_pestat] low and high boundaries for proper pairs: (1, 7364)
[M::mem_pestat] skip orientation FF
[M::mem_pestat] skip orientation RF
[M::mem_pestat] skip orientation RR
[M::mem_process_seqs] Processed 266668 reads in 318.917 CPU sec, 80.061 real sec
[M::process] read 266668 sequences (40000200 bp)...
[M::mem_pestat] # candidate unique pairs for (FF, FR, RF, RR): (103, 46833, 4, 103)
[M::mem_pestat] analyzing insert size distribution for orientation FF...
[M::mem_pestat] (25, 50, 75) percentile: (628, 1210, 2310)
[M::mem_pestat] low and high boundaries for computing mean and std.dev: (1, 5674)
[M::mem_pestat] mean and std.dev: (1429.11, 1087.09)
[M::mem_pestat] low and high boundaries for proper pairs: (1, 7356)
[M::mem_pestat] analyzing insert size distribution for orientation FR...
[M::mem_pestat] (25, 50, 75) percentile: (511, 529, 561)
[M::mem_pestat] low and high boundaries for computing mean and std.dev: (411, 661)
[M::mem_pestat] mean and std.dev: (539.62, 36.49)
[M::mem_pestat] low and high boundaries for proper pairs: (361, 711)
[M::mem_pestat] skip orientation RF as there are not enough pairs
[M::mem_pestat] analyzing insert size distribution for orientation RR...
[M::mem_pestat] (25, 50, 75) percentile: (1117, 1734, 2633)
[M::mem_pestat] low and high boundaries for computing mean and std.dev: (1, 5665)
[M::mem_pestat] mean and std.dev: (1758.10, 1057.58)
[M::mem_pestat] low and high boundaries for proper pairs: (1, 7181)
[M::mem_pestat] skip orientation FF
[M::mem_pestat] skip orientation RR
[M::mem_process_seqs] Processed 266668 reads in 329.777 CPU sec, 82.593 real sec
[M::process] read 266668 sequences (40000200 bp)...
[M::mem_pestat] # candidate unique pairs for (FF, FR, RF, RR): (107, 46697, 5, 84)
[M::mem_pestat] analyzing insert size distribution for orientation FF...
[M::mem_pestat] (25, 50, 75) percentile: (511, 1246, 2573)
[M::mem_pestat] low and high boundaries for computing mean and std.dev: (1, 6697)
[M::mem_pestat] mean and std.dev: (1624.74, 1397.55)
[M::mem_pestat] low and high boundaries for proper pairs: (1, 8759)
[M::mem_pestat] analyzing insert size distribution for orientation FR...
[M::mem_pestat] (25, 50, 75) percentile: (511, 529, 561)
[M::mem_pestat] low and high boundaries for computing mean and std.dev: (411, 661)
[M::mem_pestat] mean and std.dev: (539.59, 36.21)
[M::mem_pestat] low and high boundaries for proper pairs: (361, 711)
[M::mem_pestat] skip orientation RF as there are not enough pairs
[M::mem_pestat] analyzing insert size distribution for orientation RR...
[M::mem_pestat] (25, 50, 75) percentile: (941, 1460, 2685)
[M::mem_pestat] low and high boundaries for computing mean and std.dev: (1, 6173)
[M::mem_pestat] mean and std.dev: (1776.26, 1279.71)
[M::mem_pestat] low and high boundaries for proper pairs: (1, 7917)
[M::mem_pestat] skip orientation FF
[M::mem_pestat] skip orientation RR
[M::mem_process_seqs] Processed 266668 reads in 328.890 CPU sec, 82.800 real sec
[M::process] read 266668 sequences (40000200 bp)...
[M::mem_pestat] # candidate unique pairs for (FF, FR, RF, RR): (111, 47322, 2, 96)
[M::mem_pestat] analyzing insert size distribution for orientation FF...
[M::mem_pestat] (25, 50, 75) percentile: (498, 1039, 2527)
[M::mem_pestat] low and high boundaries for computing mean and std.dev: (1, 6585)
[M::mem_pestat] mean and std.dev: (1506.18, 1464.14)
[M::mem_pestat] low and high boundaries for proper pairs: (1, 8614)
[M::mem_pestat] analyzing insert size distribution for orientation FR...
[M::mem_pestat] (25, 50, 75) percentile: (511, 530, 562)
[M::mem_pestat] low and high boundaries for computing mean and std.dev: (409, 664)
[M::mem_pestat] mean and std.dev: (540.21, 36.97)
[M::mem_pestat] low and high boundaries for proper pairs: (358, 715)
[M::mem_pestat] skip orientation RF as there are not enough pairs
[M::mem_pestat] analyzing insert size distribution for orientation RR...
[M::mem_pestat] (25, 50, 75) percentile: (952, 1416, 2257)
[M::mem_pestat] low and high boundaries for computing mean and std.dev: (1, 4867)
[M::mem_pestat] mean and std.dev: (1526.30, 888.63)
[M::mem_pestat] low and high boundaries for proper pairs: (1, 6172)
[M::mem_pestat] skip orientation FF
[M::mem_pestat] skip orientation RR
[M::mem_process_seqs] Processed 266668 reads in 323.835 CPU sec, 81.143 real sec
[M::process] read 266668 sequences (40000200 bp)...
[M::mem_pestat] # candidate unique pairs for (FF, FR, RF, RR): (92, 47155, 2, 79)
[M::mem_pestat] analyzing insert size distribution for orientation FF...
[M::mem_pestat] (25, 50, 75) percentile: (537, 1262, 2027)
[M::mem_pestat] low and high boundaries for computing mean and std.dev: (1, 5007)
[M::mem_pestat] mean and std.dev: (1378.67, 1063.46)
[M::mem_pestat] low and high boundaries for proper pairs: (1, 6497)
[M::mem_pestat] analyzing insert size distribution for orientation FR...
[M::mem_pestat] (25, 50, 75) percentile: (511, 530, 562)
[M::mem_pestat] low and high boundaries for computing mean and std.dev: (409, 664)
[M::mem_pestat] mean and std.dev: (540.05, 36.72)
[M::mem_pestat] low and high boundaries for proper pairs: (358, 715)
[M::mem_pestat] skip orientation RF as there are not enough pairs
[M::mem_pestat] analyzing insert size distribution for orientation RR...
[M::mem_pestat] (25, 50, 75) percentile: (964, 1367, 2646)
[M::mem_pestat] low and high boundaries for computing mean and std.dev: (1, 6010)
[M::mem_pestat] mean and std.dev: (1721.61, 1300.38)
[M::mem_pestat] low and high boundaries for proper pairs: (1, 7692)
[M::mem_pestat] skip orientation FF
[M::mem_pestat] skip orientation RR
[M::mem_process_seqs] Processed 266668 reads in 327.322 CPU sec, 81.992 real sec
[M::process] read 266668 sequences (40000200 bp)...
[M::mem_pestat] # candidate unique pairs for (FF, FR, RF, RR): (95, 46878, 14, 94)
[M::mem_pestat] analyzing insert size distribution for orientation FF...
[M::mem_pestat] (25, 50, 75) percentile: (767, 1308, 2443)
[M::mem_pestat] low and high boundaries for computing mean and std.dev: (1, 5795)
[M::mem_pestat] mean and std.dev: (1599.67, 1202.81)
[M::mem_pestat] low and high boundaries for proper pairs: (1, 7471)
[M::mem_pestat] analyzing insert size distribution for orientation FR...
[M::mem_pestat] (25, 50, 75) percentile: (511, 530, 561)
[M::mem_pestat] low and high boundaries for computing mean and std.dev: (411, 661)
[M::mem_pestat] mean and std.dev: (539.74, 36.49)
[M::mem_pestat] low and high boundaries for proper pairs: (361, 711)
[M::mem_pestat] analyzing insert size distribution for orientation RF...
[M::mem_pestat] (25, 50, 75) percentile: (820, 2253, 3127)
[M::mem_pestat] low and high boundaries for computing mean and std.dev: (1, 7741)
[M::mem_pestat] mean and std.dev: (2315.57, 1576.59)
[M::mem_pestat] low and high boundaries for proper pairs: (1, 10048)
[M::mem_pestat] analyzing insert size distribution for orientation RR...
[M::mem_pestat] (25, 50, 75) percentile: (889, 1812, 3078)
[M::mem_pestat] low and high boundaries for computing mean and std.dev: (1, 7456)
[M::mem_pestat] mean and std.dev: (2134.39, 1641.86)
[M::mem_pestat] low and high boundaries for proper pairs: (1, 9645)
[M::mem_pestat] skip orientation FF
[M::mem_pestat] skip orientation RF
[M::mem_pestat] skip orientation RR
[M::mem_process_seqs] Processed 266668 reads in 327.464 CPU sec, 82.031 real sec
[M::process] read 266668 sequences (40000200 bp)...
[M::mem_pestat] # candidate unique pairs for (FF, FR, RF, RR): (93, 46975, 11, 97)
[M::mem_pestat] analyzing insert size distribution for orientation FF...
[M::mem_pestat] (25, 50, 75) percentile: (529, 1398, 2291)
[M::mem_pestat] low and high boundaries for computing mean and std.dev: (1, 5815)
[M::mem_pestat] mean and std.dev: (1517.18, 1262.38)
[M::mem_pestat] low and high boundaries for proper pairs: (1, 7577)
[M::mem_pestat] analyzing insert size distribution for orientation FR...
[M::mem_pestat] (25, 50, 75) percentile: (511, 529, 562)
[M::mem_pestat] low and high boundaries for computing mean and std.dev: (409, 664)
[M::mem_pestat] mean and std.dev: (539.90, 36.96)
[M::mem_pestat] low and high boundaries for proper pairs: (358, 715)
[M::mem_pestat] analyzing insert size distribution for orientation RF...
[M::mem_pestat] (25, 50, 75) percentile: (542, 3390, 5227)
[M::mem_pestat] low and high boundaries for computing mean and std.dev: (1, 14597)
[M::mem_pestat] mean and std.dev: (3211.64, 2832.95)
[M::mem_pestat] low and high boundaries for proper pairs: (1, 19282)
[M::mem_pestat] analyzing insert size distribution for orientation RR...
[M::mem_pestat] (25, 50, 75) percentile: (955, 1576, 2790)
[M::mem_pestat] low and high boundaries for computing mean and std.dev: (1, 6460)
[M::mem_pestat] mean and std.dev: (1883.86, 1305.49)
[M::mem_pestat] low and high boundaries for proper pairs: (1, 8295)
[M::mem_pestat] skip orientation FF
[M::mem_pestat] skip orientation RF
[M::mem_pestat] skip orientation RR
[M::mem_process_seqs] Processed 266668 reads in 322.509 CPU sec, 80.773 real sec
[M::process] read 266668 sequences (40000200 bp)...
[M::mem_pestat] # candidate unique pairs for (FF, FR, RF, RR): (86, 47176, 13, 112)
[M::mem_pestat] analyzing insert size distribution for orientation FF...
[M::mem_pestat] (25, 50, 75) percentile: (408, 1380, 2368)
[M::mem_pestat] low and high boundaries for computing mean and std.dev: (1, 6288)
[M::mem_pestat] mean and std.dev: (1482.55, 1174.38)
[M::mem_pestat] low and high boundaries for proper pairs: (1, 8248)
[M::mem_pestat] analyzing insert size distribution for orientation FR...
[M::mem_pestat] (25, 50, 75) percentile: (511, 530, 562)
[M::mem_pestat] low and high boundaries for computing mean and std.dev: (409, 664)
[M::mem_pestat] mean and std.dev: (540.10, 36.93)
[M::mem_pestat] low and high boundaries for proper pairs: (358, 715)
[M::mem_pestat] analyzing insert size distribution for orientation RF...
[M::mem_pestat] (25, 50, 75) percentile: (1642, 2089, 6631)
[M::mem_pestat] low and high boundaries for computing mean and std.dev: (1, 16609)
[M::mem_pestat] mean and std.dev: (3450.92, 2792.82)
[M::mem_pestat] low and high boundaries for proper pairs: (1, 21598)
[M::mem_pestat] analyzing insert size distribution for orientation RR...
[M::mem_pestat] (25, 50, 75) percentile: (1023, 1544, 2348)
[M::mem_pestat] low and high boundaries for computing mean and std.dev: (1, 4998)
[M::mem_pestat] mean and std.dev: (1684.81, 1035.29)
[M::mem_pestat] low and high boundaries for proper pairs: (1, 6323)
[M::mem_pestat] skip orientation FF
[M::mem_pestat] skip orientation RF
[M::mem_pestat] skip orientation RR
[M::mem_process_seqs] Processed 266668 reads in 320.466 CPU sec, 80.262 real sec
[M::process] read 266668 sequences (40000200 bp)...
[M::mem_pestat] # candidate unique pairs for (FF, FR, RF, RR): (108, 46979, 4, 89)
[M::mem_pestat] analyzing insert size distribution for orientation FF...
[M::mem_pestat] (25, 50, 75) percentile: (405, 1165, 2047)
[M::mem_pestat] low and high boundaries for computing mean and std.dev: (1, 5331)
[M::mem_pestat] mean and std.dev: (1362.28, 1213.53)
[M::mem_pestat] low and high boundaries for proper pairs: (1, 6973)
[M::mem_pestat] analyzing insert size distribution for orientation FR...
[M::mem_pestat] (25, 50, 75) percentile: (511, 530, 562)
[M::mem_pestat] low and high boundaries for computing mean and std.dev: (409, 664)
[M::mem_pestat] mean and std.dev: (540.22, 36.85)
[M::mem_pestat] low and high boundaries for proper pairs: (358, 715)
[M::mem_pestat] skip orientation RF as there are not enough pairs
[M::mem_pestat] analyzing insert size distribution for orientation RR...
[M::mem_pestat] (25, 50, 75) percentile: (960, 1344, 2677)
[M::mem_pestat] low and high boundaries for computing mean and std.dev: (1, 6111)
[M::mem_pestat] mean and std.dev: (1808.63, 1230.72)
[M::mem_pestat] low and high boundaries for proper pairs: (1, 7828)
[M::mem_pestat] skip orientation FF
[M::mem_pestat] skip orientation RR
[M::mem_process_seqs] Processed 266668 reads in 328.303 CPU sec, 82.265 real sec
[M::process] read 266668 sequences (40000200 bp)...
[M::mem_pestat] # candidate unique pairs for (FF, FR, RF, RR): (88, 46870, 8, 77)
[M::mem_pestat] analyzing insert size distribution for orientation FF...
[M::mem_pestat] (25, 50, 75) percentile: (451, 1156, 2259)
[M::mem_pestat] low and high boundaries for computing mean and std.dev: (1, 5875)
[M::mem_pestat] mean and std.dev: (1505.11, 1305.96)
[M::mem_pestat] low and high boundaries for proper pairs: (1, 7683)
[M::mem_pestat] analyzing insert size distribution for orientation FR...
[M::mem_pestat] (25, 50, 75) percentile: (511, 530, 561)
[M::mem_pestat] low and high boundaries for computing mean and std.dev: (411, 661)
[M::mem_pestat] mean and std.dev: (539.86, 36.70)
[M::mem_pestat] low and high boundaries for proper pairs: (361, 711)
[M::mem_pestat] skip orientation RF as there are not enough pairs
[M::mem_pestat] analyzing insert size distribution for orientation RR...
[M::mem_pestat] (25, 50, 75) percentile: (1095, 1488, 2608)
[M::mem_pestat] low and high boundaries for computing mean and std.dev: (1, 5634)
[M::mem_pestat] mean and std.dev: (1823.74, 1143.97)
[M::mem_pestat] low and high boundaries for proper pairs: (1, 7147)
[M::mem_pestat] skip orientation FF
[M::mem_pestat] skip orientation RR
[M::mem_process_seqs] Processed 266668 reads in 326.912 CPU sec, 82.047 real sec
[M::process] read 266668 sequences (40000200 bp)...
[M::mem_pestat] # candidate unique pairs for (FF, FR, RF, RR): (120, 47088, 6, 97)
[M::mem_pestat] analyzing insert size distribution for orientation FF...
[M::mem_pestat] (25, 50, 75) percentile: (359, 1102, 2218)
[M::mem_pestat] low and high boundaries for computing mean and std.dev: (1, 5936)
[M::mem_pestat] mean and std.dev: (1291.67, 1089.77)
[M::mem_pestat] low and high boundaries for proper pairs: (1, 7795)
[M::mem_pestat] analyzing insert size distribution for orientation FR...
[M::mem_pestat] (25, 50, 75) percentile: (511, 530, 562)
[M::mem_pestat] low and high boundaries for computing mean and std.dev: (409, 664)
[M::mem_pestat] mean and std.dev: (540.08, 36.96)
[M::mem_pestat] low and high boundaries for proper pairs: (358, 715)
[M::mem_pestat] skip orientation RF as there are not enough pairs
[M::mem_pestat] analyzing insert size distribution for orientation RR...
[M::mem_pestat] (25, 50, 75) percentile: (1003, 1687, 2822)
[M::mem_pestat] low and high boundaries for computing mean and std.dev: (1, 6460)
[M::mem_pestat] mean and std.dev: (1830.62, 1362.77)
[M::mem_pestat] low and high boundaries for proper pairs: (1, 8279)
[M::mem_pestat] skip orientation FF
[M::mem_pestat] skip orientation RR
[M::mem_process_seqs] Processed 266668 reads in 317.433 CPU sec, 79.519 real sec
[M::process] read 266668 sequences (40000200 bp)...
[M::mem_pestat] # candidate unique pairs for (FF, FR, RF, RR): (88, 46870, 5, 100)
[M::mem_pestat] analyzing insert size distribution for orientation FF...
[M::mem_pestat] (25, 50, 75) percentile: (478, 1344, 2268)
[M::mem_pestat] low and high boundaries for computing mean and std.dev: (1, 5848)
[M::mem_pestat] mean and std.dev: (1520.80, 1244.06)
[M::mem_pestat] low and high boundaries for proper pairs: (1, 7638)
[M::mem_pestat] analyzing insert size distribution for orientation FR...
[M::mem_pestat] (25, 50, 75) percentile: (511, 530, 562)
[M::mem_pestat] low and high boundaries for computing mean and std.dev: (409, 664)
[M::mem_pestat] mean and std.dev: (540.31, 37.03)
[M::mem_pestat] low and high boundaries for proper pairs: (358, 715)
[M::mem_pestat] skip orientation RF as there are not enough pairs
[M::mem_pestat] analyzing insert size distribution for orientation RR...
[M::mem_pestat] (25, 50, 75) percentile: (966, 1432, 2422)
[M::mem_pestat] low and high boundaries for computing mean and std.dev: (1, 5334)
[M::mem_pestat] mean and std.dev: (1652.78, 1133.37)
[M::mem_pestat] low and high boundaries for proper pairs: (1, 6790)
[M::mem_pestat] skip orientation FF
[M::mem_pestat] skip orientation RR
[M::mem_process_seqs] Processed 266668 reads in 326.026 CPU sec, 81.681 real sec
[M::process] read 266668 sequences (40000200 bp)...
[M::mem_pestat] # candidate unique pairs for (FF, FR, RF, RR): (88, 46468, 8, 101)
[M::mem_pestat] analyzing insert size distribution for orientation FF...
[M::mem_pestat] (25, 50, 75) percentile: (558, 1528, 3292)
[M::mem_pestat] low and high boundaries for computing mean and std.dev: (1, 8760)
[M::mem_pestat] mean and std.dev: (2027.49, 1821.85)
[M::mem_pestat] low and high boundaries for proper pairs: (1, 11494)
[M::mem_pestat] analyzing insert size distribution for orientation FR...
[M::mem_pestat] (25, 50, 75) percentile: (511, 529, 561)
[M::mem_pestat] low and high boundaries for computing mean and std.dev: (411, 661)
[M::mem_pestat] mean and std.dev: (539.51, 36.48)
[M::mem_pestat] low and high boundaries for proper pairs: (361, 711)
[M::mem_pestat] skip orientation RF as there are not enough pairs
[M::mem_pestat] analyzing insert size distribution for orientation RR...
[M::mem_pestat] (25, 50, 75) percentile: (887, 1353, 2059)
[M::mem_pestat] low and high boundaries for computing mean and std.dev: (1, 4403)
[M::mem_pestat] mean and std.dev: (1421.06, 908.23)
[M::mem_pestat] low and high boundaries for proper pairs: (1, 5575)
[M::mem_pestat] skip orientation FF
[M::mem_pestat] skip orientation RR
[M::mem_process_seqs] Processed 266668 reads in 327.797 CPU sec, 82.142 real sec
[M::process] read 266668 sequences (40000200 bp)...
[M::mem_pestat] # candidate unique pairs for (FF, FR, RF, RR): (90, 46864, 3, 99)
[M::mem_pestat] analyzing insert size distribution for orientation FF...
[M::mem_pestat] (25, 50, 75) percentile: (526, 1059, 1814)
[M::mem_pestat] low and high boundaries for computing mean and std.dev: (1, 4390)
[M::mem_pestat] mean and std.dev: (1175.03, 877.88)
[M::mem_pestat] low and high boundaries for proper pairs: (1, 5678)
[M::mem_pestat] analyzing insert size distribution for orientation FR...
[M::mem_pestat] (25, 50, 75) percentile: (511, 530, 562)
[M::mem_pestat] low and high boundaries for computing mean and std.dev: (409, 664)
[M::mem_pestat] mean and std.dev: (540.32, 37.09)
[M::mem_pestat] low and high boundaries for proper pairs: (358, 715)
[M::mem_pestat] skip orientation RF as there are not enough pairs
[M::mem_pestat] analyzing insert size distribution for orientation RR...
[M::mem_pestat] (25, 50, 75) percentile: (1121, 1578, 2915)
[M::mem_pestat] low and high boundaries for computing mean and std.dev: (1, 6503)
[M::mem_pestat] mean and std.dev: (2005.98, 1281.37)
[M::mem_pestat] low and high boundaries for proper pairs: (1, 8297)
[M::mem_pestat] skip orientation FF
[M::mem_pestat] skip orientation RR
[M::mem_process_seqs] Processed 266668 reads in 321.775 CPU sec, 80.601 real sec
[M::process] read 266668 sequences (40000200 bp)...
[M::mem_pestat] # candidate unique pairs for (FF, FR, RF, RR): (98, 46875, 4, 94)
[M::mem_pestat] analyzing insert size distribution for orientation FF...
[M::mem_pestat] (25, 50, 75) percentile: (504, 1212, 2298)
[M::mem_pestat] low and high boundaries for computing mean and std.dev: (1, 5886)
[M::mem_pestat] mean and std.dev: (1518.27, 1306.94)
[M::mem_pestat] low and high boundaries for proper pairs: (1, 7680)
[M::mem_pestat] analyzing insert size distribution for orientation FR...
[M::mem_pestat] (25, 50, 75) percentile: (511, 529, 561)
[M::mem_pestat] low and high boundaries for computing mean and std.dev: (411, 661)
[M::mem_pestat] mean and std.dev: (539.73, 36.59)
[M::mem_pestat] low and high boundaries for proper pairs: (361, 711)
[M::mem_pestat] skip orientation RF as there are not enough pairs
[M::mem_pestat] analyzing insert size distribution for orientation RR...
[M::mem_pestat] (25, 50, 75) percentile: (828, 1367, 2454)
[M::mem_pestat] low and high boundaries for computing mean and std.dev: (1, 5706)
[M::mem_pestat] mean and std.dev: (1688.54, 1112.52)
[M::mem_pestat] low and high boundaries for proper pairs: (1, 7332)
[M::mem_pestat] skip orientation FF
[M::mem_pestat] skip orientation RR
[M::mem_process_seqs] Processed 266668 reads in 327.285 CPU sec, 81.984 real sec
[M::process] read 266668 sequences (40000200 bp)...
[M::mem_pestat] # candidate unique pairs for (FF, FR, RF, RR): (95, 46515, 8, 112)
[M::mem_pestat] analyzing insert size distribution for orientation FF...
[M::mem_pestat] (25, 50, 75) percentile: (339, 1192, 2352)
[M::mem_pestat] low and high boundaries for computing mean and std.dev: (1, 6378)
[M::mem_pestat] mean and std.dev: (1549.82, 1441.72)
[M::mem_pestat] low and high boundaries for proper pairs: (1, 8391)
[M::mem_pestat] analyzing insert size distribution for orientation FR...
[M::mem_pestat] (25, 50, 75) percentile: (511, 530, 561)
[M::mem_pestat] low and high boundaries for computing mean and std.dev: (411, 661)
[M::mem_pestat] mean and std.dev: (539.63, 36.57)
[M::mem_pestat] low and high boundaries for proper pairs: (361, 711)
[M::mem_pestat] skip orientation RF as there are not enough pairs
[M::mem_pestat] analyzing insert size distribution for orientation RR...
[M::mem_pestat] (25, 50, 75) percentile: (986, 1516, 2800)
[M::mem_pestat] low and high boundaries for computing mean and std.dev: (1, 6428)
[M::mem_pestat] mean and std.dev: (2002.77, 1429.57)
[M::mem_pestat] low and high boundaries for proper pairs: (1, 8242)
[M::mem_pestat] skip orientation FF
[M::mem_pestat] skip orientation RR
[M::mem_process_seqs] Processed 266668 reads in 323.130 CPU sec, 80.948 real sec
[M::process] read 266668 sequences (40000200 bp)...
[M::mem_pestat] # candidate unique pairs for (FF, FR, RF, RR): (76, 47252, 8, 87)
[M::mem_pestat] analyzing insert size distribution for orientation FF...
[M::mem_pestat] (25, 50, 75) percentile: (645, 1296, 2201)
[M::mem_pestat] low and high boundaries for computing mean and std.dev: (1, 5313)
[M::mem_pestat] mean and std.dev: (1488.78, 1193.00)
[M::mem_pestat] low and high boundaries for proper pairs: (1, 6869)
[M::mem_pestat] analyzing insert size distribution for orientation FR...
[M::mem_pestat] (25, 50, 75) percentile: (511, 530, 562)
[M::mem_pestat] low and high boundaries for computing mean and std.dev: (409, 664)
[M::mem_pestat] mean and std.dev: (540.37, 37.18)
[M::mem_pestat] low and high boundaries for proper pairs: (358, 715)
[M::mem_pestat] skip orientation RF as there are not enough pairs
[M::mem_pestat] analyzing insert size distribution for orientation RR...
[M::mem_pestat] (25, 50, 75) percentile: (1001, 1430, 2694)
[M::mem_pestat] low and high boundaries for computing mean and std.dev: (1, 6080)
[M::mem_pestat] mean and std.dev: (1780.80, 1377.99)
[M::mem_pestat] low and high boundaries for proper pairs: (1, 7773)
[M::mem_pestat] skip orientation FF
[M::mem_pestat] skip orientation RR
[M::mem_process_seqs] Processed 266668 reads in 323.703 CPU sec, 81.121 real sec
[M::process] read 266668 sequences (40000200 bp)...
[M::mem_pestat] # candidate unique pairs for (FF, FR, RF, RR): (113, 47322, 6, 95)
[M::mem_pestat] analyzing insert size distribution for orientation FF...
[M::mem_pestat] (25, 50, 75) percentile: (604, 1232, 2758)
[M::mem_pestat] low and high boundaries for computing mean and std.dev: (1, 7066)
[M::mem_pestat] mean and std.dev: (1687.64, 1465.57)
[M::mem_pestat] low and high boundaries for proper pairs: (1, 9220)
[M::mem_pestat] analyzing insert size distribution for orientation FR...
[M::mem_pestat] (25, 50, 75) percentile: (511, 530, 562)
[M::mem_pestat] low and high boundaries for computing mean and std.dev: (409, 664)
[M::mem_pestat] mean and std.dev: (540.18, 37.07)
[M::mem_pestat] low and high boundaries for proper pairs: (358, 715)
[M::mem_pestat] skip orientation RF as there are not enough pairs
[M::mem_pestat] analyzing insert size distribution for orientation RR...
[M::mem_pestat] (25, 50, 75) percentile: (873, 1554, 2216)
[M::mem_pestat] low and high boundaries for computing mean and std.dev: (1, 4902)
[M::mem_pestat] mean and std.dev: (1534.76, 1048.94)
[M::mem_pestat] low and high boundaries for proper pairs: (1, 6245)
[M::mem_pestat] skip orientation FF
[M::mem_pestat] skip orientation RR
[M::mem_process_seqs] Processed 266668 reads in 323.635 CPU sec, 81.088 real sec
[M::process] read 266668 sequences (40000200 bp)...
[M::mem_pestat] # candidate unique pairs for (FF, FR, RF, RR): (84, 47087, 8, 88)
[M::mem_pestat] analyzing insert size distribution for orientation FF...
[M::mem_pestat] (25, 50, 75) percentile: (562, 1386, 2296)
[M::mem_pestat] low and high boundaries for computing mean and std.dev: (1, 5764)
[M::mem_pestat] mean and std.dev: (1460.39, 1185.88)
[M::mem_pestat] low and high boundaries for proper pairs: (1, 7498)
[M::mem_pestat] analyzing insert size distribution for orientation FR...
[M::mem_pestat] (25, 50, 75) percentile: (511, 530, 561)
[M::mem_pestat] low and high boundaries for computing mean and std.dev: (411, 661)
[M::mem_pestat] mean and std.dev: (539.72, 36.56)
[M::mem_pestat] low and high boundaries for proper pairs: (361, 711)
[M::mem_pestat] skip orientation RF as there are not enough pairs
[M::mem_pestat] analyzing insert size distribution for orientation RR...
[M::mem_pestat] (25, 50, 75) percentile: (1002, 1412, 2196)
[M::mem_pestat] low and high boundaries for computing mean and std.dev: (1, 4584)
[M::mem_pestat] mean and std.dev: (1574.94, 978.48)
[M::mem_pestat] low and high boundaries for proper pairs: (1, 5778)
[M::mem_pestat] skip orientation FF
[M::mem_pestat] skip orientation RR
[M::mem_process_seqs] Processed 266668 reads in 325.497 CPU sec, 81.552 real sec
[M::process] read 229308 sequences (34396200 bp)...
[M::mem_pestat] # candidate unique pairs for (FF, FR, RF, RR): (88, 47511, 7, 83)
[M::mem_pestat] analyzing insert size distribution for orientation FF...
[M::mem_pestat] (25, 50, 75) percentile: (625, 1429, 2298)
[M::mem_pestat] low and high boundaries for computing mean and std.dev: (1, 5644)
[M::mem_pestat] mean and std.dev: (1583.69, 1282.52)
[M::mem_pestat] low and high boundaries for proper pairs: (1, 7317)
[M::mem_pestat] analyzing insert size distribution for orientation FR...
[M::mem_pestat] (25, 50, 75) percentile: (511, 530, 562)
[M::mem_pestat] low and high boundaries for computing mean and std.dev: (409, 664)
[M::mem_pestat] mean and std.dev: (540.10, 36.92)
[M::mem_pestat] low and high boundaries for proper pairs: (358, 715)
[M::mem_pestat] skip orientation RF as there are not enough pairs
[M::mem_pestat] analyzing insert size distribution for orientation RR...
[M::mem_pestat] (25, 50, 75) percentile: (1063, 1492, 2375)
[M::mem_pestat] low and high boundaries for computing mean and std.dev: (1, 4999)
[M::mem_pestat] mean and std.dev: (1625.16, 996.84)
[M::mem_pestat] low and high boundaries for proper pairs: (1, 6311)
[M::mem_pestat] skip orientation FF
[M::mem_pestat] skip orientation RR
[M::mem_process_seqs] Processed 266668 reads in 327.554 CPU sec, 82.084 real sec
[M::mem_pestat] # candidate unique pairs for (FF, FR, RF, RR): (96, 40832, 7, 80)
[M::mem_pestat] analyzing insert size distribution for orientation FF...
[M::mem_pestat] (25, 50, 75) percentile: (454, 1151, 2276)
[M::mem_pestat] low and high boundaries for computing mean and std.dev: (1, 5920)
[M::mem_pestat] mean and std.dev: (1455.83, 1308.92)
[M::mem_pestat] low and high boundaries for proper pairs: (1, 7742)
[M::mem_pestat] analyzing insert size distribution for orientation FR...
[M::mem_pestat] (25, 50, 75) percentile: (511, 530, 562)
[M::mem_pestat] low and high boundaries for computing mean and std.dev: (409, 664)
[M::mem_pestat] mean and std.dev: (540.31, 37.02)
[M::mem_pestat] low and high boundaries for proper pairs: (358, 715)
[M::mem_pestat] skip orientation RF as there are not enough pairs
[M::mem_pestat] analyzing insert size distribution for orientation RR...
[M::mem_pestat] (25, 50, 75) percentile: (907, 1510, 2490)
[M::mem_pestat] low and high boundaries for computing mean and std.dev: (1, 5656)
[M::mem_pestat] mean and std.dev: (1712.70, 1175.11)
[M::mem_pestat] low and high boundaries for proper pairs: (1, 7239)
[M::mem_pestat] skip orientation FF
[M::mem_pestat] skip orientation RR
[M::mem_process_seqs] Processed 229308 reads in 282.314 CPU sec, 70.734 real sec
[main] Version: 0.7.17-r1188
[main] CMD: bwa mem -t 4 -a /mnt/raid6/bacphagenetwork/data/bwa_index/chm13v2.0_noY.fa /mnt/raid6/bacphagenetwork/data/skin_metagenome/Beijing/02_rm_host/BJ016_1.fastq.gz /mnt/raid6/bacphagenetwork/data/skin_metagenome/Beijing/02_rm_host/BJ016_2.fastq.gz
[main] Real time: 4845.621 sec; CPU: 19316.171 sec
