no change     /mnt/raid3/bacphagenetwork/miniconda3/condabin/conda
no change     /mnt/raid3/bacphagenetwork/miniconda3/bin/conda
no change     /mnt/raid3/bacphagenetwork/miniconda3/bin/conda-env
no change     /mnt/raid3/bacphagenetwork/miniconda3/bin/activate
no change     /mnt/raid3/bacphagenetwork/miniconda3/bin/deactivate
no change     /mnt/raid3/bacphagenetwork/miniconda3/etc/profile.d/conda.sh
no change     /mnt/raid3/bacphagenetwork/miniconda3/etc/fish/conf.d/conda.fish
no change     /mnt/raid3/bacphagenetwork/miniconda3/shell/condabin/Conda.psm1
no change     /mnt/raid3/bacphagenetwork/miniconda3/shell/condabin/conda-hook.ps1
no change     /mnt/raid3/bacphagenetwork/miniconda3/lib/python3.12/site-packages/xontrib/conda.xsh
no change     /mnt/raid3/bacphagenetwork/miniconda3/etc/profile.d/conda.csh
no change     /home/bacphagenetwork/.bashrc
No action taken.
Great! The environment already exists.
Activating the environment...
Checking all the needed directories exist...
All the needed directories exist.
Initialization is complete.
The original *.bam files are located in /mnt/raid6/bacphagenetwork/data/samtools_analysis/Beijing.
The sorted *.bam files will be saved in /mnt/raid6/bacphagenetwork/data/samtools_results/Beijing.
The indexed *.bai files will be saved in /mnt/raid6/bacphagenetwork/data/samtools_index/Beijing.
Checking /mnt/raid6/bacphagenetwork/data/samtools_analysis/Beijing/BJ138.bam...
The file /mnt/raid6/bacphagenetwork/data/samtools_analysis/Beijing/BJ138.bam exists.
Processing BJ138...
Sorting the BAM file...
The path to the BAM file is /mnt/raid6/bacphagenetwork/data/samtools_analysis/Beijing/BJ138.bam.
The path to the sorted BAM file is /mnt/raid6/bacphagenetwork/data/samtools_results/Beijing/BJ138.sorted.bam.
The BJ138 BAM file has been successfully sorted.
Checking /mnt/raid6/bacphagenetwork/data/samtools_results/Beijing/BJ138.sorted.bam...
The file /mnt/raid6/bacphagenetwork/data/samtools_results/Beijing/BJ138.sorted.bam exists.
Indexing the BAM file...
The path to the sorted BAM file is /mnt/raid6/bacphagenetwork/data/samtools_results/Beijing/BJ138.bam.
The path to the BAM index file is /mnt/raid6/bacphagenetwork/data/samtools_index/Beijing/BJ138.bam.bai.
The BJ138 BAM file has been successfully indexed.
